Start Deterministic Training with seed 42
Namespace(device='cuda:0', data='/home/p_tf_zy/p_tf_01/TESTAM-main/data/METR-LA', adjdata='/home/p_tf_zy/p_tf_01/TESTAM-main/data/METR-LA/adj_mx.pkl', adjtype='doubletransition', out_dim=1, nhid=32, in_dim=2, num_nodes=207, batch_size=64, dropout=0.2, epochs=100, print_every=50, seed=42, save='/home/p_tf_zy/p_tf_01/TESTAM-main/experiment/METR-LA_TESTAM', expid=1, load_path=None, patience=15, lr_mul=1, n_warmup_steps=4000, quantile=0.7, is_quantile=False, warmup_epoch=0)
Train the model with 135130 parameters
start training...
Iter: 000, Train Loss: 24.8245, Train MAPE: 0.4391, Train RMSE: 24.6082
Iter: 050, Train Loss: 12.9663, Train MAPE: 0.4045, Train RMSE: 23.5252
Iter: 100, Train Loss: 8.4076, Train MAPE: 0.3914, Train RMSE: 23.1795
Iter: 150, Train Loss: 6.8906, Train MAPE: 0.2894, Train RMSE: 18.0609
Iter: 200, Train Loss: 6.2080, Train MAPE: 0.2828, Train RMSE: 17.4855
Iter: 250, Train Loss: 5.5773, Train MAPE: 0.2385, Train RMSE: 13.6524
Iter: 300, Train Loss: 5.2525, Train MAPE: 0.2003, Train RMSE: 11.1342
Iter: 350, Train Loss: 5.5421, Train MAPE: 0.2535, Train RMSE: 13.1410
Epoch: 001, Inference Time: 2.9697 secs
Epoch: 001, Train Loss: 8.3742, Train MAPE: 0.2977, Train RMSE: 17.5663, Valid Loss: 5.7728, Valid MAPE: 0.2164, Valid RMSE: 10.7421, Training Time: 82.1776/epoch
Iter: 000, Train Loss: 4.6822, Train MAPE: 0.1658, Train RMSE: 10.9041
Iter: 050, Train Loss: 4.6778, Train MAPE: 0.1687, Train RMSE: 10.0917
Iter: 100, Train Loss: 4.7364, Train MAPE: 0.1781, Train RMSE: 10.8793
Iter: 150, Train Loss: 5.0612, Train MAPE: 0.1625, Train RMSE: 10.1326
Iter: 200, Train Loss: 4.7715, Train MAPE: 0.1660, Train RMSE: 9.9248
Iter: 250, Train Loss: 4.5895, Train MAPE: 0.2460, Train RMSE: 16.0184
Iter: 300, Train Loss: 4.6541, Train MAPE: 0.1555, Train RMSE: 9.8835
Iter: 350, Train Loss: 4.8957, Train MAPE: 0.1703, Train RMSE: 9.4124
Epoch: 002, Inference Time: 2.9666 secs
Epoch: 002, Train Loss: 4.7573, Train MAPE: 0.1766, Train RMSE: 10.9051, Valid Loss: 4.1311, Valid MAPE: 0.1424, Valid RMSE: 7.8778, Training Time: 58.7261/epoch
Iter: 000, Train Loss: 4.6559, Train MAPE: 0.1378, Train RMSE: 8.4331
Iter: 050, Train Loss: 4.6805, Train MAPE: 0.1743, Train RMSE: 12.1853
Iter: 100, Train Loss: 3.9709, Train MAPE: 0.0982, Train RMSE: 7.6750
Iter: 150, Train Loss: 4.2261, Train MAPE: 0.1238, Train RMSE: 9.2230
Iter: 200, Train Loss: 4.2132, Train MAPE: 0.1345, Train RMSE: 11.1598
Iter: 250, Train Loss: 4.0400, Train MAPE: 0.1164, Train RMSE: 9.9301
Iter: 300, Train Loss: 4.5108, Train MAPE: 0.1233, Train RMSE: 8.1280
Iter: 350, Train Loss: 4.4847, Train MAPE: 0.1171, Train RMSE: 8.1840
Epoch: 003, Inference Time: 2.9704 secs
Epoch: 003, Train Loss: 4.4237, Train MAPE: 0.1397, Train RMSE: 10.0469, Valid Loss: 5.7639, Valid MAPE: 0.1374, Valid RMSE: 10.6525, Training Time: 58.8124/epoch
Iter: 000, Train Loss: 4.4646, Train MAPE: 0.1267, Train RMSE: 9.7169
Iter: 050, Train Loss: 4.2565, Train MAPE: 0.1131, Train RMSE: 8.7695
Iter: 100, Train Loss: 4.3495, Train MAPE: 0.2126, Train RMSE: 16.8900
Iter: 150, Train Loss: 4.1432, Train MAPE: 0.1002, Train RMSE: 7.2206
Iter: 200, Train Loss: 4.1425, Train MAPE: 0.1071, Train RMSE: 7.3431
Iter: 250, Train Loss: 4.1802, Train MAPE: 0.1192, Train RMSE: 9.4439
Iter: 300, Train Loss: 4.0480, Train MAPE: 0.0964, Train RMSE: 7.0145
Iter: 350, Train Loss: 3.9944, Train MAPE: 0.1204, Train RMSE: 10.0299
Epoch: 004, Inference Time: 2.9701 secs
Epoch: 004, Train Loss: 4.2699, Train MAPE: 0.1192, Train RMSE: 8.8672, Valid Loss: 4.6475, Valid MAPE: 0.1209, Valid RMSE: 9.0286, Training Time: 58.7289/epoch
Iter: 000, Train Loss: 4.1909, Train MAPE: 0.1151, Train RMSE: 8.4573
Iter: 050, Train Loss: 3.9106, Train MAPE: 0.0965, Train RMSE: 7.5768
Iter: 100, Train Loss: 4.2491, Train MAPE: 0.1240, Train RMSE: 9.1498
Iter: 150, Train Loss: 3.7263, Train MAPE: 0.0852, Train RMSE: 6.6578
Iter: 200, Train Loss: 3.9428, Train MAPE: 0.0993, Train RMSE: 7.0996
Iter: 250, Train Loss: 4.1826, Train MAPE: 0.1225, Train RMSE: 8.1905
Iter: 300, Train Loss: 4.2725, Train MAPE: 0.1189, Train RMSE: 8.0888
Iter: 350, Train Loss: 4.0746, Train MAPE: 0.1100, Train RMSE: 7.4886
Epoch: 005, Inference Time: 2.9576 secs
Epoch: 005, Train Loss: 4.0809, Train MAPE: 0.1190, Train RMSE: 8.8504, Valid Loss: 3.6145, Valid MAPE: 0.1140, Valid RMSE: 7.1429, Training Time: 58.6776/epoch
Iter: 000, Train Loss: 4.0672, Train MAPE: 0.1153, Train RMSE: 7.6877
Iter: 050, Train Loss: 4.2522, Train MAPE: 0.1761, Train RMSE: 13.8206
Iter: 100, Train Loss: 3.6144, Train MAPE: 0.0949, Train RMSE: 7.3816
Iter: 150, Train Loss: 4.0550, Train MAPE: 0.1116, Train RMSE: 7.9172
Iter: 200, Train Loss: 3.9623, Train MAPE: 0.1042, Train RMSE: 7.5938
Iter: 250, Train Loss: 4.1491, Train MAPE: 0.1190, Train RMSE: 8.6601
Iter: 300, Train Loss: 3.7041, Train MAPE: 0.0902, Train RMSE: 6.9310
Iter: 350, Train Loss: 3.4995, Train MAPE: 0.0937, Train RMSE: 7.5013
Epoch: 006, Inference Time: 2.9630 secs
Epoch: 006, Train Loss: 3.9617, Train MAPE: 0.1267, Train RMSE: 9.4384, Valid Loss: 7.8206, Valid MAPE: 0.1846, Valid RMSE: 13.7722, Training Time: 58.6534/epoch
Iter: 000, Train Loss: 3.5889, Train MAPE: 0.1399, Train RMSE: 11.6429
Iter: 050, Train Loss: 4.4266, Train MAPE: 0.1496, Train RMSE: 9.5162
Iter: 100, Train Loss: 3.8972, Train MAPE: 0.1443, Train RMSE: 11.3195
Iter: 150, Train Loss: 3.7827, Train MAPE: 0.1283, Train RMSE: 8.7482
Iter: 200, Train Loss: 3.9184, Train MAPE: 0.1042, Train RMSE: 7.5734
Iter: 250, Train Loss: 3.8698, Train MAPE: 0.1306, Train RMSE: 9.4892
Iter: 300, Train Loss: 4.0612, Train MAPE: 0.1151, Train RMSE: 7.9580
Iter: 350, Train Loss: 3.9409, Train MAPE: 0.1195, Train RMSE: 9.0812
Epoch: 007, Inference Time: 2.9626 secs
Epoch: 007, Train Loss: 3.9098, Train MAPE: 0.1279, Train RMSE: 9.3680, Valid Loss: 3.8466, Valid MAPE: 0.1253, Valid RMSE: 7.7517, Training Time: 58.6447/epoch
Iter: 000, Train Loss: 3.9016, Train MAPE: 0.1235, Train RMSE: 8.8439
Iter: 050, Train Loss: 3.9222, Train MAPE: 0.1110, Train RMSE: 8.0449
Iter: 100, Train Loss: 3.7729, Train MAPE: 0.0913, Train RMSE: 7.0629
Iter: 150, Train Loss: 3.8991, Train MAPE: 0.1445, Train RMSE: 9.2746
Iter: 200, Train Loss: 3.7935, Train MAPE: 0.1099, Train RMSE: 8.5484
Iter: 250, Train Loss: 3.9053, Train MAPE: 0.1268, Train RMSE: 8.5243
Iter: 300, Train Loss: 3.6732, Train MAPE: 0.1021, Train RMSE: 7.7857
Iter: 350, Train Loss: 3.9453, Train MAPE: 0.1119, Train RMSE: 8.6253
Epoch: 008, Inference Time: 2.9574 secs
Epoch: 008, Train Loss: 3.8685, Train MAPE: 0.1293, Train RMSE: 9.6255, Valid Loss: 3.8441, Valid MAPE: 0.1130, Valid RMSE: 7.9498, Training Time: 58.6695/epoch
Iter: 000, Train Loss: 3.7008, Train MAPE: 0.1080, Train RMSE: 8.2233
Iter: 050, Train Loss: 3.8943, Train MAPE: 0.1040, Train RMSE: 8.0176
Iter: 100, Train Loss: 3.8785, Train MAPE: 0.1203, Train RMSE: 8.9580
Iter: 150, Train Loss: 3.6698, Train MAPE: 0.1199, Train RMSE: 9.1545
Iter: 200, Train Loss: 3.7376, Train MAPE: 0.1065, Train RMSE: 7.6363
Iter: 250, Train Loss: 4.1348, Train MAPE: 0.1694, Train RMSE: 11.5923
Iter: 300, Train Loss: 3.7417, Train MAPE: 0.1418, Train RMSE: 12.0067
Iter: 350, Train Loss: 3.4050, Train MAPE: 0.0967, Train RMSE: 8.1284
Epoch: 009, Inference Time: 2.9626 secs
Epoch: 009, Train Loss: 3.8144, Train MAPE: 0.1357, Train RMSE: 10.4839, Valid Loss: 6.3184, Valid MAPE: 0.1455, Valid RMSE: 11.7954, Training Time: 58.6599/epoch
Iter: 000, Train Loss: 3.6135, Train MAPE: 0.1398, Train RMSE: 12.5613
Iter: 050, Train Loss: 3.7576, Train MAPE: 0.1402, Train RMSE: 11.0568
Iter: 100, Train Loss: 3.8402, Train MAPE: 0.1541, Train RMSE: 12.2020
Iter: 150, Train Loss: 3.7902, Train MAPE: 0.1135, Train RMSE: 8.7414
Iter: 200, Train Loss: 3.8317, Train MAPE: 0.1395, Train RMSE: 11.3166
Iter: 250, Train Loss: 4.1381, Train MAPE: 0.1533, Train RMSE: 11.0454
Iter: 300, Train Loss: 3.6527, Train MAPE: 0.1011, Train RMSE: 7.4610
Iter: 350, Train Loss: 3.7796, Train MAPE: 0.1529, Train RMSE: 9.9788
Epoch: 010, Inference Time: 2.9618 secs
Epoch: 010, Train Loss: 3.7836, Train MAPE: 0.1399, Train RMSE: 10.7413, Valid Loss: 5.7027, Valid MAPE: 0.1763, Valid RMSE: 11.0367, Training Time: 58.6436/epoch
Iter: 000, Train Loss: 3.8335, Train MAPE: 0.1713, Train RMSE: 11.5008
Iter: 050, Train Loss: 3.6040, Train MAPE: 0.1173, Train RMSE: 8.5680
Iter: 100, Train Loss: 3.7187, Train MAPE: 0.1100, Train RMSE: 9.0709
Iter: 150, Train Loss: 3.7002, Train MAPE: 0.1243, Train RMSE: 9.5522
Iter: 200, Train Loss: 3.4155, Train MAPE: 0.0948, Train RMSE: 7.9541
Iter: 250, Train Loss: 3.6618, Train MAPE: 0.1355, Train RMSE: 10.8993
Iter: 300, Train Loss: 3.7853, Train MAPE: 0.1851, Train RMSE: 11.2717
Iter: 350, Train Loss: 4.0899, Train MAPE: 0.1111, Train RMSE: 8.1225
Epoch: 011, Inference Time: 2.9568 secs
Epoch: 011, Train Loss: 3.7907, Train MAPE: 0.1394, Train RMSE: 10.5657, Valid Loss: 8.0708, Valid MAPE: 0.2201, Valid RMSE: 13.9029, Training Time: 58.6524/epoch
Iter: 000, Train Loss: 4.0821, Train MAPE: 0.2198, Train RMSE: 14.2863
Iter: 050, Train Loss: 3.8704, Train MAPE: 0.1391, Train RMSE: 8.7517
Iter: 100, Train Loss: 3.9839, Train MAPE: 0.2378, Train RMSE: 18.2370
Iter: 150, Train Loss: 3.5002, Train MAPE: 0.1047, Train RMSE: 8.8784
Iter: 200, Train Loss: 3.6340, Train MAPE: 0.0974, Train RMSE: 7.5080
Iter: 250, Train Loss: 3.8054, Train MAPE: 0.1836, Train RMSE: 10.9645
Iter: 300, Train Loss: 3.8942, Train MAPE: 0.1133, Train RMSE: 8.9788
Iter: 350, Train Loss: 3.3927, Train MAPE: 0.0953, Train RMSE: 8.2677
Epoch: 012, Inference Time: 2.9623 secs
Epoch: 012, Train Loss: 3.8075, Train MAPE: 0.1407, Train RMSE: 10.4285, Valid Loss: 3.7129, Valid MAPE: 0.1103, Valid RMSE: 7.5467, Training Time: 58.6474/epoch
Iter: 000, Train Loss: 3.7253, Train MAPE: 0.0969, Train RMSE: 7.5597
Iter: 050, Train Loss: 3.8612, Train MAPE: 0.1027, Train RMSE: 7.5364
Iter: 100, Train Loss: 3.8674, Train MAPE: 0.1478, Train RMSE: 9.3957
Iter: 150, Train Loss: 3.7990, Train MAPE: 0.1291, Train RMSE: 8.4223
Iter: 200, Train Loss: 3.6224, Train MAPE: 0.1427, Train RMSE: 12.7382
Iter: 250, Train Loss: 3.5959, Train MAPE: 0.1092, Train RMSE: 7.9583
Iter: 300, Train Loss: 3.5593, Train MAPE: 0.1034, Train RMSE: 7.5911
Iter: 350, Train Loss: 3.5039, Train MAPE: 0.0957, Train RMSE: 7.1008
Epoch: 013, Inference Time: 2.9624 secs
Epoch: 013, Train Loss: 3.7204, Train MAPE: 0.1187, Train RMSE: 8.8939, Valid Loss: 7.2202, Valid MAPE: 0.1817, Valid RMSE: 12.8323, Training Time: 58.6617/epoch
Iter: 000, Train Loss: 3.3629, Train MAPE: 0.1407, Train RMSE: 12.1383
Iter: 050, Train Loss: 3.6592, Train MAPE: 0.1069, Train RMSE: 7.8927
Iter: 100, Train Loss: 3.5314, Train MAPE: 0.1195, Train RMSE: 9.6015
Iter: 150, Train Loss: 3.4894, Train MAPE: 0.0838, Train RMSE: 7.4568
Iter: 200, Train Loss: 3.9929, Train MAPE: 0.1104, Train RMSE: 8.3089
Iter: 250, Train Loss: 3.8523, Train MAPE: 0.1207, Train RMSE: 8.1893
Iter: 300, Train Loss: 3.6963, Train MAPE: 0.1003, Train RMSE: 7.6066
Iter: 350, Train Loss: 3.4514, Train MAPE: 0.0849, Train RMSE: 6.8369
Epoch: 014, Inference Time: 2.9585 secs
Epoch: 014, Train Loss: 3.6846, Train MAPE: 0.1183, Train RMSE: 9.1271, Valid Loss: 5.4967, Valid MAPE: 0.1251, Valid RMSE: 10.2193, Training Time: 58.6600/epoch
Iter: 000, Train Loss: 3.4419, Train MAPE: 0.1099, Train RMSE: 9.9929
Iter: 050, Train Loss: 3.4552, Train MAPE: 0.1198, Train RMSE: 10.0147
Iter: 100, Train Loss: 3.7312, Train MAPE: 0.1359, Train RMSE: 11.0201
Iter: 150, Train Loss: 3.7935, Train MAPE: 0.1216, Train RMSE: 9.8592
Iter: 200, Train Loss: 3.5162, Train MAPE: 0.1145, Train RMSE: 9.4877
Iter: 250, Train Loss: 3.4652, Train MAPE: 0.0803, Train RMSE: 6.6812
Iter: 300, Train Loss: 3.4200, Train MAPE: 0.0886, Train RMSE: 7.1470
Iter: 350, Train Loss: 3.9486, Train MAPE: 0.1463, Train RMSE: 11.5154
Epoch: 015, Inference Time: 2.9624 secs
Epoch: 015, Train Loss: 3.6478, Train MAPE: 0.1165, Train RMSE: 9.2530, Valid Loss: 3.3101, Valid MAPE: 0.1015, Valid RMSE: 6.7493, Training Time: 58.6513/epoch
Iter: 000, Train Loss: 3.9132, Train MAPE: 0.1129, Train RMSE: 7.6329
Iter: 050, Train Loss: 3.5132, Train MAPE: 0.0960, Train RMSE: 8.4292
Iter: 100, Train Loss: 3.4843, Train MAPE: 0.1082, Train RMSE: 8.2971
Iter: 150, Train Loss: 3.9246, Train MAPE: 0.1633, Train RMSE: 13.2151
Iter: 200, Train Loss: 3.8817, Train MAPE: 0.1279, Train RMSE: 9.0509
Iter: 250, Train Loss: 3.6844, Train MAPE: 0.1041, Train RMSE: 8.0077
Iter: 300, Train Loss: 3.4333, Train MAPE: 0.1185, Train RMSE: 10.3258
Iter: 350, Train Loss: 3.4811, Train MAPE: 0.0887, Train RMSE: 7.4284
Epoch: 016, Inference Time: 2.9625 secs
Epoch: 016, Train Loss: 3.6158, Train MAPE: 0.1100, Train RMSE: 8.7598, Valid Loss: 7.1734, Valid MAPE: 0.1555, Valid RMSE: 12.4940, Training Time: 58.6548/epoch
Iter: 000, Train Loss: 3.3672, Train MAPE: 0.1275, Train RMSE: 11.4609
Iter: 050, Train Loss: 3.2629, Train MAPE: 0.0867, Train RMSE: 7.7292
Iter: 100, Train Loss: 3.6379, Train MAPE: 0.1378, Train RMSE: 10.5385
Iter: 150, Train Loss: 3.6021, Train MAPE: 0.1069, Train RMSE: 8.4077
Iter: 200, Train Loss: 3.4638, Train MAPE: 0.0849, Train RMSE: 7.0859
Iter: 250, Train Loss: 3.8849, Train MAPE: 0.1185, Train RMSE: 9.0973
Iter: 300, Train Loss: 3.4666, Train MAPE: 0.0811, Train RMSE: 6.4594
Iter: 350, Train Loss: 3.7438, Train MAPE: 0.1050, Train RMSE: 8.8213
Epoch: 017, Inference Time: 2.9595 secs
Epoch: 017, Train Loss: 3.5962, Train MAPE: 0.1092, Train RMSE: 8.8250, Valid Loss: 5.7258, Valid MAPE: 0.1328, Valid RMSE: 10.5980, Training Time: 58.6634/epoch
Iter: 000, Train Loss: 3.7642, Train MAPE: 0.1223, Train RMSE: 9.3617
Iter: 050, Train Loss: 3.6203, Train MAPE: 0.1131, Train RMSE: 8.8060
Iter: 100, Train Loss: 3.6121, Train MAPE: 0.0971, Train RMSE: 7.8629
Iter: 150, Train Loss: 4.2577, Train MAPE: 0.1292, Train RMSE: 8.9872
Iter: 200, Train Loss: 3.9158, Train MAPE: 0.1228, Train RMSE: 9.2870
Iter: 250, Train Loss: 3.3656, Train MAPE: 0.0935, Train RMSE: 7.8960
Iter: 300, Train Loss: 3.5459, Train MAPE: 0.0860, Train RMSE: 6.8798
Iter: 350, Train Loss: 3.5233, Train MAPE: 0.0984, Train RMSE: 7.8440
Epoch: 018, Inference Time: 2.9621 secs
Epoch: 018, Train Loss: 3.5746, Train MAPE: 0.1074, Train RMSE: 8.6355, Valid Loss: 5.0629, Valid MAPE: 0.1233, Valid RMSE: 9.5784, Training Time: 58.6506/epoch
Iter: 000, Train Loss: 3.7826, Train MAPE: 0.1073, Train RMSE: 8.2041
Iter: 050, Train Loss: 3.5125, Train MAPE: 0.1039, Train RMSE: 8.0501
Iter: 100, Train Loss: 3.4569, Train MAPE: 0.1197, Train RMSE: 9.6266
Iter: 150, Train Loss: 3.4004, Train MAPE: 0.0936, Train RMSE: 8.1691
Iter: 200, Train Loss: 3.7419, Train MAPE: 0.1223, Train RMSE: 8.9861
Iter: 250, Train Loss: 3.3433, Train MAPE: 0.0892, Train RMSE: 7.4419
Iter: 300, Train Loss: 3.6295, Train MAPE: 0.1016, Train RMSE: 8.4899
Iter: 350, Train Loss: 3.2455, Train MAPE: 0.1046, Train RMSE: 9.5220
Epoch: 019, Inference Time: 2.9623 secs
Epoch: 019, Train Loss: 3.5599, Train MAPE: 0.1100, Train RMSE: 8.9560, Valid Loss: 5.7275, Valid MAPE: 0.1310, Valid RMSE: 10.5458, Training Time: 58.6593/epoch
Iter: 000, Train Loss: 3.3150, Train MAPE: 0.1073, Train RMSE: 9.0324
Iter: 050, Train Loss: 3.5054, Train MAPE: 0.1047, Train RMSE: 8.1859
Iter: 100, Train Loss: 3.5102, Train MAPE: 0.1119, Train RMSE: 9.0096
Iter: 150, Train Loss: 3.7123, Train MAPE: 0.1141, Train RMSE: 9.0950
Iter: 200, Train Loss: 3.5749, Train MAPE: 0.1036, Train RMSE: 7.5958
Iter: 250, Train Loss: 3.5108, Train MAPE: 0.1184, Train RMSE: 9.9288
Iter: 300, Train Loss: 3.8279, Train MAPE: 0.1125, Train RMSE: 8.5147
Iter: 350, Train Loss: 3.5322, Train MAPE: 0.1105, Train RMSE: 9.1564
Epoch: 020, Inference Time: 2.9572 secs
Epoch: 020, Train Loss: 3.5467, Train MAPE: 0.1078, Train RMSE: 8.7801, Valid Loss: 5.6752, Valid MAPE: 0.1297, Valid RMSE: 10.5015, Training Time: 58.6509/epoch
Iter: 000, Train Loss: 3.6295, Train MAPE: 0.1065, Train RMSE: 8.7504
Iter: 050, Train Loss: 3.4887, Train MAPE: 0.0946, Train RMSE: 8.0827
Iter: 100, Train Loss: 3.3740, Train MAPE: 0.1013, Train RMSE: 9.2207
Iter: 150, Train Loss: 3.6890, Train MAPE: 0.1034, Train RMSE: 8.1364
Iter: 200, Train Loss: 3.7325, Train MAPE: 0.1100, Train RMSE: 8.8988
Iter: 250, Train Loss: 3.2747, Train MAPE: 0.1051, Train RMSE: 8.6999
Iter: 300, Train Loss: 3.6801, Train MAPE: 0.1152, Train RMSE: 9.0341
Iter: 350, Train Loss: 3.5790, Train MAPE: 0.1117, Train RMSE: 9.1936
Epoch: 021, Inference Time: 2.9610 secs
Epoch: 021, Train Loss: 3.5392, Train MAPE: 0.1068, Train RMSE: 8.7231, Valid Loss: 5.4708, Valid MAPE: 0.1273, Valid RMSE: 10.2249, Training Time: 58.6525/epoch
Iter: 000, Train Loss: 3.6417, Train MAPE: 0.1124, Train RMSE: 8.4638
Iter: 050, Train Loss: 3.3657, Train MAPE: 0.1142, Train RMSE: 9.3355
Iter: 100, Train Loss: 3.3356, Train MAPE: 0.1037, Train RMSE: 9.3052
Iter: 150, Train Loss: 3.6285, Train MAPE: 0.1366, Train RMSE: 11.4765
Iter: 200, Train Loss: 3.5287, Train MAPE: 0.1031, Train RMSE: 8.7659
Iter: 250, Train Loss: 3.6825, Train MAPE: 0.1082, Train RMSE: 7.7104
Iter: 300, Train Loss: 3.5719, Train MAPE: 0.0913, Train RMSE: 7.0767
Iter: 350, Train Loss: 3.6714, Train MAPE: 0.1470, Train RMSE: 12.5658
Epoch: 022, Inference Time: 2.9628 secs
Epoch: 022, Train Loss: 3.6118, Train MAPE: 0.1209, Train RMSE: 9.6515, Valid Loss: 4.2168, Valid MAPE: 0.1069, Valid RMSE: 8.3185, Training Time: 58.6523/epoch
Iter: 000, Train Loss: 3.4797, Train MAPE: 0.0853, Train RMSE: 6.7593
Iter: 050, Train Loss: 3.6516, Train MAPE: 0.1632, Train RMSE: 12.3900
Iter: 100, Train Loss: 3.4305, Train MAPE: 0.1094, Train RMSE: 8.5759
Iter: 150, Train Loss: 3.3500, Train MAPE: 0.1036, Train RMSE: 7.9675
Iter: 200, Train Loss: 3.6211, Train MAPE: 0.1262, Train RMSE: 9.9243
Iter: 250, Train Loss: 3.8965, Train MAPE: 0.1127, Train RMSE: 8.6981
Iter: 300, Train Loss: 3.5944, Train MAPE: 0.1074, Train RMSE: 9.9312
Iter: 350, Train Loss: 3.3950, Train MAPE: 0.1098, Train RMSE: 9.6371
Epoch: 023, Inference Time: 2.9569 secs
Epoch: 023, Train Loss: 3.6237, Train MAPE: 0.1153, Train RMSE: 9.0640, Valid Loss: 3.2335, Valid MAPE: 0.0938, Valid RMSE: 6.4675, Training Time: 58.6494/epoch
Iter: 000, Train Loss: 3.5183, Train MAPE: 0.0858, Train RMSE: 6.5551
Iter: 050, Train Loss: 3.5466, Train MAPE: 0.1287, Train RMSE: 9.7177
Iter: 100, Train Loss: 3.5467, Train MAPE: 0.0938, Train RMSE: 7.8548
Iter: 150, Train Loss: 3.4901, Train MAPE: 0.1158, Train RMSE: 8.2116
Iter: 200, Train Loss: 3.4522, Train MAPE: 0.1298, Train RMSE: 11.6285
Iter: 250, Train Loss: 3.6702, Train MAPE: 0.1261, Train RMSE: 10.5847
Iter: 300, Train Loss: 3.7574, Train MAPE: 0.1142, Train RMSE: 8.3741
Iter: 350, Train Loss: 3.6063, Train MAPE: 0.1117, Train RMSE: 8.0391
Epoch: 024, Inference Time: 2.9603 secs
Epoch: 024, Train Loss: 3.6069, Train MAPE: 0.1113, Train RMSE: 8.7573, Valid Loss: 5.6026, Valid MAPE: 0.1322, Valid RMSE: 10.3582, Training Time: 58.6663/epoch
Iter: 000, Train Loss: 3.7054, Train MAPE: 0.1330, Train RMSE: 10.5181
Iter: 050, Train Loss: 3.6767, Train MAPE: 0.1056, Train RMSE: 8.2440
Iter: 100, Train Loss: 3.6811, Train MAPE: 0.1068, Train RMSE: 8.2648
Iter: 150, Train Loss: 3.6907, Train MAPE: 0.0994, Train RMSE: 7.4791
Iter: 200, Train Loss: 3.4056, Train MAPE: 0.0891, Train RMSE: 7.5708
Iter: 250, Train Loss: 3.6883, Train MAPE: 0.1194, Train RMSE: 9.5045
Iter: 300, Train Loss: 3.4909, Train MAPE: 0.0944, Train RMSE: 7.5757
Iter: 350, Train Loss: 3.7152, Train MAPE: 0.1189, Train RMSE: 9.6212
Epoch: 025, Inference Time: 2.9619 secs
Epoch: 025, Train Loss: 3.5919, Train MAPE: 0.1129, Train RMSE: 8.8201, Valid Loss: 4.8769, Valid MAPE: 0.1199, Valid RMSE: 9.5065, Training Time: 58.6675/epoch
Iter: 000, Train Loss: 3.6985, Train MAPE: 0.1093, Train RMSE: 8.8285
Iter: 050, Train Loss: 3.6534, Train MAPE: 0.1569, Train RMSE: 12.1686
Iter: 100, Train Loss: 3.6195, Train MAPE: 0.0956, Train RMSE: 7.6989
Iter: 150, Train Loss: 3.5525, Train MAPE: 0.1030, Train RMSE: 7.9257
Iter: 200, Train Loss: 3.5940, Train MAPE: 0.1072, Train RMSE: 8.4099
Iter: 250, Train Loss: 3.5105, Train MAPE: 0.1243, Train RMSE: 10.7941
Iter: 300, Train Loss: 3.7286, Train MAPE: 0.0997, Train RMSE: 7.6172
Iter: 350, Train Loss: 3.6063, Train MAPE: 0.1022, Train RMSE: 7.6021
Epoch: 026, Inference Time: 2.9599 secs
Epoch: 026, Train Loss: 3.5747, Train MAPE: 0.1082, Train RMSE: 8.6491, Valid Loss: 4.8141, Valid MAPE: 0.1151, Valid RMSE: 9.2308, Training Time: 58.6602/epoch
Iter: 000, Train Loss: 3.4184, Train MAPE: 0.0888, Train RMSE: 7.4880
Iter: 050, Train Loss: 3.7140, Train MAPE: 0.1191, Train RMSE: 9.6039
Iter: 100, Train Loss: 3.6027, Train MAPE: 0.1056, Train RMSE: 8.1644
Iter: 150, Train Loss: 3.4931, Train MAPE: 0.1118, Train RMSE: 8.0248
Iter: 200, Train Loss: 3.5940, Train MAPE: 0.1279, Train RMSE: 10.3976
Iter: 250, Train Loss: 3.6500, Train MAPE: 0.1102, Train RMSE: 8.5899
Iter: 300, Train Loss: 3.4008, Train MAPE: 0.0980, Train RMSE: 7.7554
Iter: 350, Train Loss: 3.6403, Train MAPE: 0.1490, Train RMSE: 11.8179
Epoch: 027, Inference Time: 2.9603 secs
Epoch: 027, Train Loss: 3.5557, Train MAPE: 0.1066, Train RMSE: 8.5039, Valid Loss: 5.4632, Valid MAPE: 0.1293, Valid RMSE: 10.1018, Training Time: 58.6512/epoch
Iter: 000, Train Loss: 3.7726, Train MAPE: 0.1219, Train RMSE: 8.8280
Iter: 050, Train Loss: 3.6211, Train MAPE: 0.1140, Train RMSE: 9.1873
Iter: 100, Train Loss: 3.3279, Train MAPE: 0.0924, Train RMSE: 8.0321
Iter: 150, Train Loss: 3.6634, Train MAPE: 0.1162, Train RMSE: 8.8994
Iter: 200, Train Loss: 3.9247, Train MAPE: 0.1421, Train RMSE: 10.0401
Iter: 250, Train Loss: 3.4782, Train MAPE: 0.0974, Train RMSE: 7.7014
Iter: 300, Train Loss: 3.7560, Train MAPE: 0.1380, Train RMSE: 10.1899
Iter: 350, Train Loss: 3.2941, Train MAPE: 0.0968, Train RMSE: 8.5277
Epoch: 028, Inference Time: 2.9626 secs
Epoch: 028, Train Loss: 3.5428, Train MAPE: 0.1100, Train RMSE: 8.8668, Valid Loss: 6.1730, Valid MAPE: 0.1382, Valid RMSE: 11.0937, Training Time: 58.6587/epoch
Iter: 000, Train Loss: 3.7383, Train MAPE: 0.1063, Train RMSE: 8.4330
Iter: 050, Train Loss: 3.2268, Train MAPE: 0.0979, Train RMSE: 7.8083
Iter: 100, Train Loss: 3.2479, Train MAPE: 0.0921, Train RMSE: 7.4142
Iter: 150, Train Loss: 3.6440, Train MAPE: 0.1042, Train RMSE: 8.8216
Iter: 200, Train Loss: 3.4799, Train MAPE: 0.0922, Train RMSE: 7.6562
Iter: 250, Train Loss: 3.1193, Train MAPE: 0.0909, Train RMSE: 8.4845
Iter: 300, Train Loss: 3.4955, Train MAPE: 0.1122, Train RMSE: 8.8198
Iter: 350, Train Loss: 3.4726, Train MAPE: 0.1054, Train RMSE: 8.7894
Epoch: 029, Inference Time: 2.9588 secs
Epoch: 029, Train Loss: 3.5267, Train MAPE: 0.1075, Train RMSE: 8.6573, Valid Loss: 5.7021, Valid MAPE: 0.1308, Valid RMSE: 10.3904, Training Time: 58.6632/epoch
Iter: 000, Train Loss: 3.4348, Train MAPE: 0.1082, Train RMSE: 8.8199
Iter: 050, Train Loss: 3.6326, Train MAPE: 0.1364, Train RMSE: 9.9170
Iter: 100, Train Loss: 3.4723, Train MAPE: 0.0987, Train RMSE: 7.7397
Iter: 150, Train Loss: 3.5920, Train MAPE: 0.1353, Train RMSE: 10.4937
Iter: 200, Train Loss: 3.6681, Train MAPE: 0.1184, Train RMSE: 8.8986
Iter: 250, Train Loss: 3.3042, Train MAPE: 0.1015, Train RMSE: 8.9083
Iter: 300, Train Loss: 3.4553, Train MAPE: 0.0991, Train RMSE: 8.7454
Iter: 350, Train Loss: 3.7442, Train MAPE: 0.1080, Train RMSE: 8.4517
Epoch: 030, Inference Time: 2.9590 secs
Epoch: 030, Train Loss: 3.5151, Train MAPE: 0.1089, Train RMSE: 8.8148, Valid Loss: 4.6669, Valid MAPE: 0.1153, Valid RMSE: 9.1011, Training Time: 58.6540/epoch
Iter: 000, Train Loss: 3.7324, Train MAPE: 0.1134, Train RMSE: 8.2390
Iter: 050, Train Loss: 3.7627, Train MAPE: 0.1081, Train RMSE: 7.9808
Iter: 100, Train Loss: 3.5574, Train MAPE: 0.1101, Train RMSE: 8.8258
Iter: 150, Train Loss: 3.3326, Train MAPE: 0.0980, Train RMSE: 8.7234
Iter: 200, Train Loss: 3.2301, Train MAPE: 0.0965, Train RMSE: 8.7157
Iter: 250, Train Loss: 3.3093, Train MAPE: 0.0938, Train RMSE: 7.8812
Iter: 300, Train Loss: 3.4358, Train MAPE: 0.1088, Train RMSE: 8.7535
Iter: 350, Train Loss: 3.7015, Train MAPE: 0.1183, Train RMSE: 8.9255
Epoch: 031, Inference Time: 2.9639 secs
Epoch: 031, Train Loss: 3.5060, Train MAPE: 0.1071, Train RMSE: 8.6685, Valid Loss: 5.6699, Valid MAPE: 0.1305, Valid RMSE: 10.3808, Training Time: 58.6566/epoch
Iter: 000, Train Loss: 3.5641, Train MAPE: 0.0922, Train RMSE: 7.2550
Iter: 050, Train Loss: 3.2409, Train MAPE: 0.0873, Train RMSE: 7.5527
Iter: 100, Train Loss: 3.5125, Train MAPE: 0.1014, Train RMSE: 8.3192
Iter: 150, Train Loss: 3.4351, Train MAPE: 0.0996, Train RMSE: 8.3451
Iter: 200, Train Loss: 3.2946, Train MAPE: 0.0952, Train RMSE: 8.5170
Iter: 250, Train Loss: 3.5724, Train MAPE: 0.1080, Train RMSE: 8.4490
Iter: 300, Train Loss: 3.4902, Train MAPE: 0.1143, Train RMSE: 9.4496
Iter: 350, Train Loss: 3.6324, Train MAPE: 0.1186, Train RMSE: 8.9338
Epoch: 032, Inference Time: 2.9606 secs
Epoch: 032, Train Loss: 3.5011, Train MAPE: 0.1066, Train RMSE: 8.6757, Valid Loss: 7.0554, Valid MAPE: 0.1525, Valid RMSE: 12.2105, Training Time: 58.6476/epoch
Iter: 000, Train Loss: 3.8318, Train MAPE: 0.1383, Train RMSE: 10.6800
Iter: 050, Train Loss: 3.8108, Train MAPE: 0.1407, Train RMSE: 11.1792
Iter: 100, Train Loss: 3.9286, Train MAPE: 0.1155, Train RMSE: 9.1733
Iter: 150, Train Loss: 3.3294, Train MAPE: 0.0965, Train RMSE: 9.1624
Iter: 200, Train Loss: 3.5579, Train MAPE: 0.1050, Train RMSE: 8.1412
Iter: 250, Train Loss: 3.4718, Train MAPE: 0.1097, Train RMSE: 8.5716
Iter: 300, Train Loss: 3.4982, Train MAPE: 0.1089, Train RMSE: 7.6267
Iter: 350, Train Loss: 3.5028, Train MAPE: 0.0965, Train RMSE: 8.0187
Epoch: 033, Inference Time: 2.9592 secs
Epoch: 033, Train Loss: 3.5887, Train MAPE: 0.1124, Train RMSE: 8.8953, Valid Loss: 9.1302, Valid MAPE: 0.1837, Valid RMSE: 14.2849, Training Time: 58.6623/epoch
Iter: 000, Train Loss: 3.8847, Train MAPE: 0.1804, Train RMSE: 13.3030
Iter: 050, Train Loss: 3.4667, Train MAPE: 0.1359, Train RMSE: 11.2856
Iter: 100, Train Loss: 3.4852, Train MAPE: 0.1141, Train RMSE: 8.8248
Iter: 150, Train Loss: 3.8849, Train MAPE: 0.1263, Train RMSE: 9.7280
Iter: 200, Train Loss: 3.4161, Train MAPE: 0.1183, Train RMSE: 10.0616
Iter: 250, Train Loss: 3.4966, Train MAPE: 0.1147, Train RMSE: 10.1078
Iter: 300, Train Loss: 3.5397, Train MAPE: 0.1051, Train RMSE: 8.1421
Iter: 350, Train Loss: 3.9709, Train MAPE: 0.1362, Train RMSE: 10.5081
Epoch: 034, Inference Time: 2.9642 secs
Epoch: 034, Train Loss: 3.5762, Train MAPE: 0.1173, Train RMSE: 9.3164, Valid Loss: 4.4713, Valid MAPE: 0.1112, Valid RMSE: 8.5077, Training Time: 58.6705/epoch
Iter: 000, Train Loss: 3.7537, Train MAPE: 0.1165, Train RMSE: 8.0791
Iter: 050, Train Loss: 3.3965, Train MAPE: 0.1167, Train RMSE: 9.6948
Iter: 100, Train Loss: 3.7749, Train MAPE: 0.1337, Train RMSE: 9.1124
Iter: 150, Train Loss: 3.6134, Train MAPE: 0.1004, Train RMSE: 7.4614
Iter: 200, Train Loss: 3.6413, Train MAPE: 0.1402, Train RMSE: 11.1548
Iter: 250, Train Loss: 3.6391, Train MAPE: 0.1120, Train RMSE: 8.7946
Iter: 300, Train Loss: 3.4630, Train MAPE: 0.1000, Train RMSE: 7.5355
Iter: 350, Train Loss: 3.5074, Train MAPE: 0.1067, Train RMSE: 9.0337
Epoch: 035, Inference Time: 2.9624 secs
Epoch: 035, Train Loss: 3.5643, Train MAPE: 0.1120, Train RMSE: 8.9034, Valid Loss: 5.6646, Valid MAPE: 0.1337, Valid RMSE: 10.3158, Training Time: 58.6545/epoch
Iter: 000, Train Loss: 3.3605, Train MAPE: 0.0972, Train RMSE: 8.1647
Iter: 050, Train Loss: 3.7534, Train MAPE: 0.0998, Train RMSE: 6.8659
Iter: 100, Train Loss: 3.4798, Train MAPE: 0.0931, Train RMSE: 7.6497
Iter: 150, Train Loss: 3.2605, Train MAPE: 0.1266, Train RMSE: 10.8290
Iter: 200, Train Loss: 3.7508, Train MAPE: 0.1178, Train RMSE: 9.1204
Iter: 250, Train Loss: 3.6751, Train MAPE: 0.0950, Train RMSE: 7.3778
Iter: 300, Train Loss: 3.6854, Train MAPE: 0.1249, Train RMSE: 9.6774
Iter: 350, Train Loss: 3.6232, Train MAPE: 0.1275, Train RMSE: 10.7513
Epoch: 036, Inference Time: 2.9600 secs
Epoch: 036, Train Loss: 3.5521, Train MAPE: 0.1114, Train RMSE: 8.7253, Valid Loss: 5.5309, Valid MAPE: 0.1287, Valid RMSE: 9.9587, Training Time: 58.6541/epoch
Iter: 000, Train Loss: 3.5989, Train MAPE: 0.1131, Train RMSE: 8.9815
Iter: 050, Train Loss: 3.6357, Train MAPE: 0.1154, Train RMSE: 8.2371
Iter: 100, Train Loss: 3.5958, Train MAPE: 0.1013, Train RMSE: 7.7791
Iter: 150, Train Loss: 3.4824, Train MAPE: 0.1077, Train RMSE: 8.8975
Iter: 200, Train Loss: 3.4055, Train MAPE: 0.1173, Train RMSE: 9.9122
Iter: 250, Train Loss: 3.3710, Train MAPE: 0.1141, Train RMSE: 9.7353
Iter: 300, Train Loss: 3.3954, Train MAPE: 0.1044, Train RMSE: 8.2867
Iter: 350, Train Loss: 3.6474, Train MAPE: 0.1174, Train RMSE: 9.5785
Epoch: 037, Inference Time: 2.9654 secs
Epoch: 037, Train Loss: 3.5399, Train MAPE: 0.1113, Train RMSE: 8.8381, Valid Loss: 6.0083, Valid MAPE: 0.1351, Valid RMSE: 10.6489, Training Time: 58.6687/epoch
Iter: 000, Train Loss: 3.6543, Train MAPE: 0.1142, Train RMSE: 8.9547
Iter: 050, Train Loss: 3.4917, Train MAPE: 0.1303, Train RMSE: 10.6524
Iter: 100, Train Loss: 3.4808, Train MAPE: 0.1430, Train RMSE: 11.7380
Iter: 150, Train Loss: 3.4662, Train MAPE: 0.1094, Train RMSE: 8.9622
Iter: 200, Train Loss: 3.4363, Train MAPE: 0.0994, Train RMSE: 8.2257
Iter: 250, Train Loss: 3.5511, Train MAPE: 0.0990, Train RMSE: 7.6813
Iter: 300, Train Loss: 3.3141, Train MAPE: 0.1239, Train RMSE: 10.3301
Iter: 350, Train Loss: 3.6660, Train MAPE: 0.1044, Train RMSE: 8.0166
Epoch: 038, Inference Time: 2.9645 secs
Epoch: 038, Train Loss: 3.5265, Train MAPE: 0.1108, Train RMSE: 8.8001, Valid Loss: 6.5383, Valid MAPE: 0.1462, Valid RMSE: 11.3072, Training Time: 58.6572/epoch
Iter: 000, Train Loss: 3.7456, Train MAPE: 0.1324, Train RMSE: 9.9030
Iter: 050, Train Loss: 3.4691, Train MAPE: 0.0968, Train RMSE: 7.5050
Iter: 100, Train Loss: 3.5290, Train MAPE: 0.1098, Train RMSE: 8.5769
Iter: 150, Train Loss: 3.4175, Train MAPE: 0.0994, Train RMSE: 8.1204
Iter: 200, Train Loss: 3.4401, Train MAPE: 0.0940, Train RMSE: 8.0792
Iter: 250, Train Loss: 3.3176, Train MAPE: 0.1009, Train RMSE: 8.7512
Iter: 300, Train Loss: 3.6040, Train MAPE: 0.1116, Train RMSE: 8.5704
Iter: 350, Train Loss: 3.4860, Train MAPE: 0.1340, Train RMSE: 10.7006
Epoch: 039, Inference Time: 2.9598 secs
Epoch: 039, Train Loss: 3.5136, Train MAPE: 0.1113, Train RMSE: 8.9275, Valid Loss: 6.2946, Valid MAPE: 0.1451, Valid RMSE: 11.1095, Training Time: 58.6671/epoch
Early Termination!
Average Training Time: 59.2682 secs/epoch
Average Inference Time: 2.9618 secs
Training finished
The valid loss on best model is 3.2335
Evaluate best model on test data for horizon 1, Test MAE: 2.7348, Test MAPE: 0.0722, Test RMSE: 5.2172
Evaluate best model on test data for horizon 2, Test MAE: 2.9736, Test MAPE: 0.0796, Test RMSE: 5.9358
Evaluate best model on test data for horizon 3, Test MAE: 3.1234, Test MAPE: 0.0835, Test RMSE: 6.2711
Evaluate best model on test data for horizon 4, Test MAE: 3.2551, Test MAPE: 0.0889, Test RMSE: 6.6166
Evaluate best model on test data for horizon 5, Test MAE: 3.3747, Test MAPE: 0.0942, Test RMSE: 6.9247
Evaluate best model on test data for horizon 6, Test MAE: 3.4932, Test MAPE: 0.0989, Test RMSE: 7.2637
Evaluate best model on test data for horizon 7, Test MAE: 3.5840, Test MAPE: 0.1018, Test RMSE: 7.4520
Evaluate best model on test data for horizon 8, Test MAE: 3.6674, Test MAPE: 0.1057, Test RMSE: 7.6521
Evaluate best model on test data for horizon 9, Test MAE: 3.7464, Test MAPE: 0.1094, Test RMSE: 7.8335
Evaluate best model on test data for horizon 10, Test MAE: 3.8302, Test MAPE: 0.1127, Test RMSE: 8.0544
Evaluate best model on test data for horizon 11, Test MAE: 3.9034, Test MAPE: 0.1149, Test RMSE: 8.1880
Evaluate best model on test data for horizon 12, Test MAE: 3.9755, Test MAPE: 0.1180, Test RMSE: 8.3419
On average over 12 horizons, Test MAE: 3.4718, Test MAPE: 0.0983, Test RMSE: 7.1459
Total time spent: 2474.3799
