Start Deterministic Training with seed 42
Namespace(device='cuda:0', data='/home/p_tf_zy/p_tf_01/TESTAM-main/data/METR-LA', adjdata='/home/p_tf_zy/p_tf_01/TESTAM-main/data/METR-LA/adj_mx.pkl', adjtype='doubletransition', out_dim=1, nhid=32, in_dim=2, num_nodes=207, batch_size=64, dropout=0.2, epochs=100, print_every=50, seed=42, save='/home/p_tf_zy/p_tf_01/TESTAM-main/experiment/METR-LA_TESTAM', expid=1, load_path=None, patience=15, lr_mul=1, n_warmup_steps=4000, quantile=0.7, is_quantile=False, warmup_epoch=0)
Train the model with 278365 parameters
start training...
Iter: 000, Train Loss: 19.7281, Train MAPE: 0.3746, Train RMSE: 19.0353
Iter: 050, Train Loss: 10.7629, Train MAPE: 0.2835, Train RMSE: 14.6036
Iter: 100, Train Loss: 7.9341, Train MAPE: 0.1895, Train RMSE: 10.6870
Iter: 150, Train Loss: 6.6920, Train MAPE: 0.1722, Train RMSE: 10.5346
Iter: 200, Train Loss: 6.1201, Train MAPE: 0.1608, Train RMSE: 10.5027
Iter: 250, Train Loss: 5.6314, Train MAPE: 0.1599, Train RMSE: 9.2844
Iter: 300, Train Loss: 5.2861, Train MAPE: 0.1662, Train RMSE: 9.1857
Iter: 350, Train Loss: 5.4229, Train MAPE: 0.1815, Train RMSE: 10.3741
Epoch: 001, Inference Time: 6.0547 secs
Epoch: 001, Train Loss: 7.6798, Train MAPE: 0.1929, Train RMSE: 11.0048, Valid Loss: 4.4456, Valid MAPE: 0.1342, Valid RMSE: 8.3347, Training Time: 152.7164/epoch
Iter: 000, Train Loss: 4.6472, Train MAPE: 0.1228, Train RMSE: 8.3857
Iter: 050, Train Loss: 4.7076, Train MAPE: 0.1409, Train RMSE: 8.6398
Iter: 100, Train Loss: 4.7499, Train MAPE: 0.1373, Train RMSE: 8.6863
Iter: 150, Train Loss: 4.9900, Train MAPE: 0.1432, Train RMSE: 9.5746
Iter: 200, Train Loss: 4.7990, Train MAPE: 0.1408, Train RMSE: 8.8571
Iter: 250, Train Loss: 4.6681, Train MAPE: 0.1385, Train RMSE: 8.5083
Iter: 300, Train Loss: 4.6976, Train MAPE: 0.1356, Train RMSE: 8.7606
Iter: 350, Train Loss: 4.9889, Train MAPE: 0.1576, Train RMSE: 9.4032
Epoch: 002, Inference Time: 6.0322 secs
Epoch: 002, Train Loss: 4.7489, Train MAPE: 0.1410, Train RMSE: 8.8272, Valid Loss: 4.0082, Valid MAPE: 0.1277, Valid RMSE: 7.6430, Training Time: 145.3829/epoch
Iter: 000, Train Loss: 4.7472, Train MAPE: 0.1345, Train RMSE: 8.7671
Iter: 050, Train Loss: 4.6175, Train MAPE: 0.1392, Train RMSE: 8.6132
Iter: 100, Train Loss: 4.0392, Train MAPE: 0.1083, Train RMSE: 7.6926
Iter: 150, Train Loss: 4.3775, Train MAPE: 0.1270, Train RMSE: 8.3990
Iter: 200, Train Loss: 4.3321, Train MAPE: 0.1253, Train RMSE: 8.2959
Iter: 250, Train Loss: 4.2255, Train MAPE: 0.1178, Train RMSE: 8.0278
Iter: 300, Train Loss: 4.7343, Train MAPE: 0.1455, Train RMSE: 8.8228
Iter: 350, Train Loss: 4.5979, Train MAPE: 0.1418, Train RMSE: 8.9483
Epoch: 003, Inference Time: 6.0324 secs
Epoch: 003, Train Loss: 4.5591, Train MAPE: 0.1360, Train RMSE: 8.6764, Valid Loss: 4.0182, Valid MAPE: 0.1284, Valid RMSE: 7.6102, Training Time: 145.3808/epoch
Iter: 000, Train Loss: 4.7096, Train MAPE: 0.1431, Train RMSE: 9.0217
Iter: 050, Train Loss: 4.3415, Train MAPE: 0.1123, Train RMSE: 7.9422
Iter: 100, Train Loss: 4.4589, Train MAPE: 0.1318, Train RMSE: 8.5987
Iter: 150, Train Loss: 4.2447, Train MAPE: 0.1279, Train RMSE: 8.3772
Iter: 200, Train Loss: 4.2515, Train MAPE: 0.1279, Train RMSE: 8.5020
Iter: 250, Train Loss: 4.2508, Train MAPE: 0.1255, Train RMSE: 8.1211
Iter: 300, Train Loss: 4.0359, Train MAPE: 0.1102, Train RMSE: 7.7128
Iter: 350, Train Loss: 4.0252, Train MAPE: 0.1151, Train RMSE: 7.7069
Epoch: 004, Inference Time: 6.0347 secs
Epoch: 004, Train Loss: 4.3669, Train MAPE: 0.1322, Train RMSE: 8.5817, Valid Loss: 4.0530, Valid MAPE: 0.1236, Valid RMSE: 7.5214, Training Time: 145.3880/epoch
Iter: 000, Train Loss: 4.1894, Train MAPE: 0.1251, Train RMSE: 8.3025
Iter: 050, Train Loss: 3.9760, Train MAPE: 0.1115, Train RMSE: 7.7614
Iter: 100, Train Loss: 4.2342, Train MAPE: 0.1236, Train RMSE: 8.2212
Iter: 150, Train Loss: 3.7261, Train MAPE: 0.0982, Train RMSE: 7.4106
Iter: 200, Train Loss: 4.0928, Train MAPE: 0.1090, Train RMSE: 8.1158
Iter: 250, Train Loss: 4.3643, Train MAPE: 0.1302, Train RMSE: 8.5204
Iter: 300, Train Loss: 4.3839, Train MAPE: 0.1279, Train RMSE: 8.6159
Iter: 350, Train Loss: 4.3042, Train MAPE: 0.1314, Train RMSE: 8.4056
Epoch: 005, Inference Time: 6.0354 secs
Epoch: 005, Train Loss: 4.1684, Train MAPE: 0.1220, Train RMSE: 8.2014, Valid Loss: 3.7585, Valid MAPE: 0.1124, Valid RMSE: 7.1311, Training Time: 145.3850/epoch
Iter: 000, Train Loss: 4.1555, Train MAPE: 0.1234, Train RMSE: 7.8496
Iter: 050, Train Loss: 4.3058, Train MAPE: 0.1181, Train RMSE: 8.4926
Iter: 100, Train Loss: 3.7625, Train MAPE: 0.1000, Train RMSE: 7.5300
Iter: 150, Train Loss: 4.2007, Train MAPE: 0.1272, Train RMSE: 8.3584
Iter: 200, Train Loss: 4.0920, Train MAPE: 0.1134, Train RMSE: 7.9224
Iter: 250, Train Loss: 4.1126, Train MAPE: 0.1189, Train RMSE: 8.1203
Iter: 300, Train Loss: 3.8091, Train MAPE: 0.0947, Train RMSE: 7.1152
Iter: 350, Train Loss: 3.5658, Train MAPE: 0.0835, Train RMSE: 6.4159
Epoch: 006, Inference Time: 6.0331 secs
Epoch: 006, Train Loss: 4.0550, Train MAPE: 0.1144, Train RMSE: 7.8359, Valid Loss: 3.4593, Valid MAPE: 0.1034, Valid RMSE: 6.5300, Training Time: 145.4032/epoch
Iter: 000, Train Loss: 3.6551, Train MAPE: 0.0919, Train RMSE: 6.6666
Iter: 050, Train Loss: 4.5506, Train MAPE: 0.1266, Train RMSE: 8.2360
Iter: 100, Train Loss: 3.9346, Train MAPE: 0.0975, Train RMSE: 7.0423
Iter: 150, Train Loss: 3.7641, Train MAPE: 0.0970, Train RMSE: 6.6526
Iter: 200, Train Loss: 3.8815, Train MAPE: 0.1007, Train RMSE: 7.1034
Iter: 250, Train Loss: 3.8945, Train MAPE: 0.0927, Train RMSE: 6.5906
Iter: 300, Train Loss: 4.1701, Train MAPE: 0.1046, Train RMSE: 7.3750
Iter: 350, Train Loss: 3.9537, Train MAPE: 0.0943, Train RMSE: 6.8151
Epoch: 007, Inference Time: 6.0379 secs
Epoch: 007, Train Loss: 3.9548, Train MAPE: 0.0986, Train RMSE: 6.9592, Valid Loss: 3.1783, Valid MAPE: 0.0919, Valid RMSE: 6.0999, Training Time: 145.3777/epoch
Iter: 000, Train Loss: 3.9045, Train MAPE: 0.0900, Train RMSE: 6.6812
Iter: 050, Train Loss: 3.8738, Train MAPE: 0.0950, Train RMSE: 6.8479
Iter: 100, Train Loss: 3.7986, Train MAPE: 0.0868, Train RMSE: 6.4046
Iter: 150, Train Loss: 3.9597, Train MAPE: 0.1005, Train RMSE: 6.8431
Iter: 200, Train Loss: 3.7187, Train MAPE: 0.0921, Train RMSE: 6.5544
Iter: 250, Train Loss: 3.8872, Train MAPE: 0.0985, Train RMSE: 6.8721
Iter: 300, Train Loss: 3.6373, Train MAPE: 0.0833, Train RMSE: 6.5127
Iter: 350, Train Loss: 3.9753, Train MAPE: 0.1028, Train RMSE: 7.0988
Epoch: 008, Inference Time: 6.0326 secs
Epoch: 008, Train Loss: 3.8866, Train MAPE: 0.0948, Train RMSE: 6.7769, Valid Loss: 3.2633, Valid MAPE: 0.0898, Valid RMSE: 6.0995, Training Time: 145.3461/epoch
Iter: 000, Train Loss: 3.6768, Train MAPE: 0.0857, Train RMSE: 6.3229
Iter: 050, Train Loss: 3.9501, Train MAPE: 0.0899, Train RMSE: 6.8226
Iter: 100, Train Loss: 3.8878, Train MAPE: 0.0955, Train RMSE: 6.7864
Iter: 150, Train Loss: 3.6419, Train MAPE: 0.0874, Train RMSE: 6.2755
Iter: 200, Train Loss: 3.7039, Train MAPE: 0.0848, Train RMSE: 6.1261
Iter: 250, Train Loss: 4.2041, Train MAPE: 0.1055, Train RMSE: 7.2024
Iter: 300, Train Loss: 3.7184, Train MAPE: 0.0881, Train RMSE: 6.2355
Iter: 350, Train Loss: 3.4374, Train MAPE: 0.0762, Train RMSE: 5.8786
Epoch: 009, Inference Time: 6.0333 secs
Epoch: 009, Train Loss: 3.8312, Train MAPE: 0.0931, Train RMSE: 6.6885, Valid Loss: 3.5114, Valid MAPE: 0.0928, Valid RMSE: 6.2152, Training Time: 145.3504/epoch
Iter: 000, Train Loss: 3.6492, Train MAPE: 0.0846, Train RMSE: 6.3691
Iter: 050, Train Loss: 3.7540, Train MAPE: 0.0882, Train RMSE: 6.3935
Iter: 100, Train Loss: 3.8990, Train MAPE: 0.1019, Train RMSE: 6.8429
Iter: 150, Train Loss: 3.7762, Train MAPE: 0.0905, Train RMSE: 6.4484
Iter: 200, Train Loss: 3.8301, Train MAPE: 0.0901, Train RMSE: 6.7211
Iter: 250, Train Loss: 4.1281, Train MAPE: 0.1003, Train RMSE: 7.1555
Iter: 300, Train Loss: 3.6869, Train MAPE: 0.0907, Train RMSE: 6.7153
Iter: 350, Train Loss: 3.8460, Train MAPE: 0.0925, Train RMSE: 6.6340
Epoch: 010, Inference Time: 6.0319 secs
Epoch: 010, Train Loss: 3.7900, Train MAPE: 0.0917, Train RMSE: 6.6062, Valid Loss: 3.2145, Valid MAPE: 0.0883, Valid RMSE: 5.9911, Training Time: 145.3756/epoch
Iter: 000, Train Loss: 3.8345, Train MAPE: 0.0911, Train RMSE: 6.6846
Iter: 050, Train Loss: 3.6090, Train MAPE: 0.0892, Train RMSE: 6.4721
Iter: 100, Train Loss: 3.6563, Train MAPE: 0.0832, Train RMSE: 6.2671
Iter: 150, Train Loss: 3.6372, Train MAPE: 0.0838, Train RMSE: 6.3923
Iter: 200, Train Loss: 3.4051, Train MAPE: 0.0730, Train RMSE: 5.9483
Iter: 250, Train Loss: 3.7137, Train MAPE: 0.0893, Train RMSE: 6.2550
Iter: 300, Train Loss: 3.8450, Train MAPE: 0.0913, Train RMSE: 6.4653
Iter: 350, Train Loss: 4.1473, Train MAPE: 0.0937, Train RMSE: 6.8802
Epoch: 011, Inference Time: 6.0337 secs
Epoch: 011, Train Loss: 3.7809, Train MAPE: 0.0909, Train RMSE: 6.5454, Valid Loss: 3.3511, Valid MAPE: 0.0936, Valid RMSE: 6.0645, Training Time: 145.3536/epoch
Iter: 000, Train Loss: 4.0837, Train MAPE: 0.1017, Train RMSE: 7.0263
Iter: 050, Train Loss: 3.9474, Train MAPE: 0.1048, Train RMSE: 6.8711
Iter: 100, Train Loss: 4.0310, Train MAPE: 0.0980, Train RMSE: 6.6685
Iter: 150, Train Loss: 3.5149, Train MAPE: 0.0777, Train RMSE: 6.0873
Iter: 200, Train Loss: 3.6064, Train MAPE: 0.0859, Train RMSE: 6.3656
Iter: 250, Train Loss: 3.8458, Train MAPE: 0.0941, Train RMSE: 6.6678
Iter: 300, Train Loss: 3.8599, Train MAPE: 0.0918, Train RMSE: 6.6306
Iter: 350, Train Loss: 3.3256, Train MAPE: 0.0722, Train RMSE: 5.6092
Epoch: 012, Inference Time: 6.0318 secs
Epoch: 012, Train Loss: 3.7797, Train MAPE: 0.0908, Train RMSE: 6.5198, Valid Loss: 3.3536, Valid MAPE: 0.0942, Valid RMSE: 5.9912, Training Time: 145.3395/epoch
Iter: 000, Train Loss: 3.6884, Train MAPE: 0.0891, Train RMSE: 6.4898
Iter: 050, Train Loss: 3.9430, Train MAPE: 0.1096, Train RMSE: 7.3569
Iter: 100, Train Loss: 3.9753, Train MAPE: 0.1030, Train RMSE: 6.8577
Iter: 150, Train Loss: 3.7773, Train MAPE: 0.0908, Train RMSE: 6.4739
Iter: 200, Train Loss: 3.6708, Train MAPE: 0.0827, Train RMSE: 6.0127
Iter: 250, Train Loss: 3.6087, Train MAPE: 0.0793, Train RMSE: 6.0747
Iter: 300, Train Loss: 3.5436, Train MAPE: 0.0760, Train RMSE: 5.9210
Iter: 350, Train Loss: 3.5338, Train MAPE: 0.0792, Train RMSE: 6.0813
Epoch: 013, Inference Time: 6.0427 secs
Epoch: 013, Train Loss: 3.7224, Train MAPE: 0.0882, Train RMSE: 6.3815, Valid Loss: 3.2329, Valid MAPE: 0.0888, Valid RMSE: 5.8456, Training Time: 145.3380/epoch
Iter: 000, Train Loss: 3.4043, Train MAPE: 0.0746, Train RMSE: 5.7929
Iter: 050, Train Loss: 3.6831, Train MAPE: 0.0859, Train RMSE: 6.3254
Iter: 100, Train Loss: 3.5310, Train MAPE: 0.0832, Train RMSE: 6.1286
Iter: 150, Train Loss: 3.5199, Train MAPE: 0.0745, Train RMSE: 5.8378
Iter: 200, Train Loss: 3.9511, Train MAPE: 0.0939, Train RMSE: 6.8676
Iter: 250, Train Loss: 3.8193, Train MAPE: 0.0927, Train RMSE: 6.6251
Iter: 300, Train Loss: 3.7091, Train MAPE: 0.0884, Train RMSE: 6.4472
Iter: 350, Train Loss: 3.3890, Train MAPE: 0.0750, Train RMSE: 5.7494
Epoch: 014, Inference Time: 6.0341 secs
Epoch: 014, Train Loss: 3.6774, Train MAPE: 0.0866, Train RMSE: 6.3000, Valid Loss: 2.9825, Valid MAPE: 0.0834, Valid RMSE: 5.6788, Training Time: 145.3654/epoch
Iter: 000, Train Loss: 3.4553, Train MAPE: 0.0780, Train RMSE: 5.8396
Iter: 050, Train Loss: 3.4854, Train MAPE: 0.0816, Train RMSE: 5.9480
Iter: 100, Train Loss: 3.7522, Train MAPE: 0.0886, Train RMSE: 6.3421
Iter: 150, Train Loss: 3.7498, Train MAPE: 0.0886, Train RMSE: 6.6265
Iter: 200, Train Loss: 3.5125, Train MAPE: 0.0802, Train RMSE: 5.9507
Iter: 250, Train Loss: 3.5139, Train MAPE: 0.0758, Train RMSE: 5.9040
Iter: 300, Train Loss: 3.3718, Train MAPE: 0.0709, Train RMSE: 5.7135
Iter: 350, Train Loss: 3.9319, Train MAPE: 0.0966, Train RMSE: 6.9947
Epoch: 015, Inference Time: 6.0295 secs
Epoch: 015, Train Loss: 3.6344, Train MAPE: 0.0850, Train RMSE: 6.2152, Valid Loss: 3.0029, Valid MAPE: 0.0852, Valid RMSE: 5.6137, Training Time: 145.3381/epoch
Iter: 000, Train Loss: 3.9410, Train MAPE: 0.0995, Train RMSE: 6.6730
Iter: 050, Train Loss: 3.4647, Train MAPE: 0.0738, Train RMSE: 5.7952
Iter: 100, Train Loss: 3.5004, Train MAPE: 0.0833, Train RMSE: 6.1621
Iter: 150, Train Loss: 3.9049, Train MAPE: 0.0991, Train RMSE: 6.5779
Iter: 200, Train Loss: 3.8690, Train MAPE: 0.0967, Train RMSE: 6.7030
Iter: 250, Train Loss: 3.6307, Train MAPE: 0.0892, Train RMSE: 6.4358
Iter: 300, Train Loss: 3.3823, Train MAPE: 0.0735, Train RMSE: 5.8377
Iter: 350, Train Loss: 3.4597, Train MAPE: 0.0777, Train RMSE: 5.9781
Epoch: 016, Inference Time: 6.0308 secs
Epoch: 016, Train Loss: 3.5988, Train MAPE: 0.0837, Train RMSE: 6.1492, Valid Loss: 2.9813, Valid MAPE: 0.0827, Valid RMSE: 5.5784, Training Time: 145.3371/epoch
Iter: 000, Train Loss: 3.3664, Train MAPE: 0.0723, Train RMSE: 5.7791
Iter: 050, Train Loss: 3.2024, Train MAPE: 0.0683, Train RMSE: 5.4489
Iter: 100, Train Loss: 3.6416, Train MAPE: 0.0981, Train RMSE: 6.5420
Iter: 150, Train Loss: 3.6077, Train MAPE: 0.0883, Train RMSE: 6.0735
Iter: 200, Train Loss: 3.4582, Train MAPE: 0.0739, Train RMSE: 5.7733
Iter: 250, Train Loss: 3.8871, Train MAPE: 0.0949, Train RMSE: 6.6038
Iter: 300, Train Loss: 3.4385, Train MAPE: 0.0732, Train RMSE: 5.5372
Iter: 350, Train Loss: 3.6847, Train MAPE: 0.0857, Train RMSE: 6.2752
Epoch: 017, Inference Time: 6.0296 secs
Epoch: 017, Train Loss: 3.5660, Train MAPE: 0.0825, Train RMSE: 6.0825, Valid Loss: 3.0461, Valid MAPE: 0.0833, Valid RMSE: 5.6593, Training Time: 145.3228/epoch
Iter: 000, Train Loss: 3.7342, Train MAPE: 0.0927, Train RMSE: 6.5482
Iter: 050, Train Loss: 3.6214, Train MAPE: 0.0862, Train RMSE: 6.1648
Iter: 100, Train Loss: 3.5447, Train MAPE: 0.0802, Train RMSE: 6.1132
Iter: 150, Train Loss: 4.1811, Train MAPE: 0.1057, Train RMSE: 7.0186
Iter: 200, Train Loss: 3.9183, Train MAPE: 0.0949, Train RMSE: 6.4919
Iter: 250, Train Loss: 3.3655, Train MAPE: 0.0743, Train RMSE: 5.5948
Iter: 300, Train Loss: 3.4903, Train MAPE: 0.0726, Train RMSE: 5.7098
Iter: 350, Train Loss: 3.4503, Train MAPE: 0.0809, Train RMSE: 5.8430
Epoch: 018, Inference Time: 6.0351 secs
Epoch: 018, Train Loss: 3.5363, Train MAPE: 0.0814, Train RMSE: 6.0226, Valid Loss: 3.0094, Valid MAPE: 0.0812, Valid RMSE: 5.5846, Training Time: 145.3553/epoch
Iter: 000, Train Loss: 3.7206, Train MAPE: 0.0852, Train RMSE: 6.0467
Iter: 050, Train Loss: 3.5125, Train MAPE: 0.0790, Train RMSE: 5.7801
Iter: 100, Train Loss: 3.3894, Train MAPE: 0.0797, Train RMSE: 5.8546
Iter: 150, Train Loss: 3.3881, Train MAPE: 0.0741, Train RMSE: 5.8945
Iter: 200, Train Loss: 3.6490, Train MAPE: 0.0886, Train RMSE: 6.2080
Iter: 250, Train Loss: 3.2969, Train MAPE: 0.0717, Train RMSE: 5.4480
Iter: 300, Train Loss: 3.5841, Train MAPE: 0.0807, Train RMSE: 6.0585
Iter: 350, Train Loss: 3.1777, Train MAPE: 0.0650, Train RMSE: 5.4025
Epoch: 019, Inference Time: 6.0309 secs
Epoch: 019, Train Loss: 3.5132, Train MAPE: 0.0805, Train RMSE: 5.9727, Valid Loss: 2.9564, Valid MAPE: 0.0798, Valid RMSE: 5.5444, Training Time: 145.3653/epoch
Iter: 000, Train Loss: 3.2894, Train MAPE: 0.0734, Train RMSE: 5.6779
Iter: 050, Train Loss: 3.5094, Train MAPE: 0.0784, Train RMSE: 5.7303
Iter: 100, Train Loss: 3.3847, Train MAPE: 0.0759, Train RMSE: 5.7674
Iter: 150, Train Loss: 3.6600, Train MAPE: 0.0855, Train RMSE: 6.1374
Iter: 200, Train Loss: 3.5163, Train MAPE: 0.0819, Train RMSE: 5.7014
Iter: 250, Train Loss: 3.4472, Train MAPE: 0.0780, Train RMSE: 5.7649
Iter: 300, Train Loss: 3.7703, Train MAPE: 0.0907, Train RMSE: 6.3872
Iter: 350, Train Loss: 3.4899, Train MAPE: 0.0761, Train RMSE: 5.8094
Epoch: 020, Inference Time: 6.0470 secs
Epoch: 020, Train Loss: 3.4937, Train MAPE: 0.0798, Train RMSE: 5.9302, Valid Loss: 2.9527, Valid MAPE: 0.0795, Valid RMSE: 5.5134, Training Time: 145.3441/epoch
Iter: 000, Train Loss: 3.5884, Train MAPE: 0.0788, Train RMSE: 5.9468
Iter: 050, Train Loss: 3.4411, Train MAPE: 0.0734, Train RMSE: 5.7000
Iter: 100, Train Loss: 3.2962, Train MAPE: 0.0704, Train RMSE: 5.6039
Iter: 150, Train Loss: 3.6076, Train MAPE: 0.0796, Train RMSE: 5.7818
Iter: 200, Train Loss: 3.6527, Train MAPE: 0.0835, Train RMSE: 6.1175
Iter: 250, Train Loss: 3.2436, Train MAPE: 0.0741, Train RMSE: 5.5243
Iter: 300, Train Loss: 3.6135, Train MAPE: 0.0832, Train RMSE: 6.2085
Iter: 350, Train Loss: 3.5070, Train MAPE: 0.0793, Train RMSE: 5.9545
Epoch: 021, Inference Time: 6.0346 secs
Epoch: 021, Train Loss: 3.4813, Train MAPE: 0.0793, Train RMSE: 5.9008, Valid Loss: 2.9327, Valid MAPE: 0.0795, Valid RMSE: 5.5119, Training Time: 145.3627/epoch
Iter: 000, Train Loss: 3.5909, Train MAPE: 0.0842, Train RMSE: 6.0037
Iter: 050, Train Loss: 3.2982, Train MAPE: 0.0729, Train RMSE: 5.5775
Iter: 100, Train Loss: 3.2878, Train MAPE: 0.0696, Train RMSE: 5.5303
Iter: 150, Train Loss: 3.6239, Train MAPE: 0.0866, Train RMSE: 6.2178
Iter: 200, Train Loss: 3.5373, Train MAPE: 0.0782, Train RMSE: 6.0366
Iter: 250, Train Loss: 3.5844, Train MAPE: 0.0824, Train RMSE: 5.9940
Iter: 300, Train Loss: 3.5466, Train MAPE: 0.0758, Train RMSE: 6.0109
Iter: 350, Train Loss: 3.6026, Train MAPE: 0.0783, Train RMSE: 6.2772
Epoch: 022, Inference Time: 6.0340 secs
Epoch: 022, Train Loss: 3.5833, Train MAPE: 0.0829, Train RMSE: 6.0989, Valid Loss: 3.0242, Valid MAPE: 0.0827, Valid RMSE: 5.6577, Training Time: 145.3613/epoch
Iter: 000, Train Loss: 3.4704, Train MAPE: 0.0767, Train RMSE: 5.7599
Iter: 050, Train Loss: 3.6864, Train MAPE: 0.0923, Train RMSE: 6.1673
Iter: 100, Train Loss: 3.3959, Train MAPE: 0.0781, Train RMSE: 5.9240
Iter: 150, Train Loss: 3.2876, Train MAPE: 0.0715, Train RMSE: 5.8484
Iter: 200, Train Loss: 3.5515, Train MAPE: 0.0765, Train RMSE: 5.9551
Iter: 250, Train Loss: 3.8460, Train MAPE: 0.0907, Train RMSE: 6.4671
Iter: 300, Train Loss: 3.5660, Train MAPE: 0.0748, Train RMSE: 6.0071
Iter: 350, Train Loss: 3.3304, Train MAPE: 0.0765, Train RMSE: 5.7571
Epoch: 023, Inference Time: 6.0295 secs
Epoch: 023, Train Loss: 3.6005, Train MAPE: 0.0835, Train RMSE: 6.1376, Valid Loss: 3.0784, Valid MAPE: 0.0825, Valid RMSE: 5.7759, Training Time: 145.3458/epoch
Iter: 000, Train Loss: 3.5226, Train MAPE: 0.0810, Train RMSE: 6.2813
Iter: 050, Train Loss: 3.4707, Train MAPE: 0.0770, Train RMSE: 5.7497
Iter: 100, Train Loss: 3.4926, Train MAPE: 0.0821, Train RMSE: 6.0237
Iter: 150, Train Loss: 3.4777, Train MAPE: 0.0777, Train RMSE: 5.7872
Iter: 200, Train Loss: 3.4158, Train MAPE: 0.0713, Train RMSE: 5.7510
Iter: 250, Train Loss: 3.6057, Train MAPE: 0.0780, Train RMSE: 5.7948
Iter: 300, Train Loss: 3.8110, Train MAPE: 0.0934, Train RMSE: 6.5247
Iter: 350, Train Loss: 3.5692, Train MAPE: 0.0866, Train RMSE: 6.1660
Epoch: 024, Inference Time: 6.0282 secs
Epoch: 024, Train Loss: 3.5801, Train MAPE: 0.0827, Train RMSE: 6.0915, Valid Loss: 3.0246, Valid MAPE: 0.0813, Valid RMSE: 5.6119, Training Time: 145.3444/epoch
Iter: 000, Train Loss: 3.6349, Train MAPE: 0.0820, Train RMSE: 6.1634
Iter: 050, Train Loss: 3.6360, Train MAPE: 0.0814, Train RMSE: 6.0948
Iter: 100, Train Loss: 3.6329, Train MAPE: 0.0882, Train RMSE: 6.4459
Iter: 150, Train Loss: 3.6049, Train MAPE: 0.0791, Train RMSE: 5.9532
Iter: 200, Train Loss: 3.3573, Train MAPE: 0.0715, Train RMSE: 5.8518
Iter: 250, Train Loss: 3.6681, Train MAPE: 0.0855, Train RMSE: 6.4182
Iter: 300, Train Loss: 3.4478, Train MAPE: 0.0772, Train RMSE: 5.9340
Iter: 350, Train Loss: 3.6422, Train MAPE: 0.0849, Train RMSE: 6.2426
Epoch: 025, Inference Time: 6.0355 secs
Epoch: 025, Train Loss: 3.5536, Train MAPE: 0.0818, Train RMSE: 6.0468, Valid Loss: 2.9715, Valid MAPE: 0.0796, Valid RMSE: 5.5837, Training Time: 145.3561/epoch
Iter: 000, Train Loss: 3.6784, Train MAPE: 0.0825, Train RMSE: 6.2784
Iter: 050, Train Loss: 3.5793, Train MAPE: 0.0793, Train RMSE: 6.0860
Iter: 100, Train Loss: 3.6222, Train MAPE: 0.0786, Train RMSE: 6.2444
Iter: 150, Train Loss: 3.5365, Train MAPE: 0.0835, Train RMSE: 5.9270
Iter: 200, Train Loss: 3.5541, Train MAPE: 0.0831, Train RMSE: 5.9825
Iter: 250, Train Loss: 3.4939, Train MAPE: 0.0818, Train RMSE: 5.9410
Iter: 300, Train Loss: 3.6363, Train MAPE: 0.0822, Train RMSE: 5.9933
Iter: 350, Train Loss: 3.5582, Train MAPE: 0.0876, Train RMSE: 6.1754
Epoch: 026, Inference Time: 6.0336 secs
Epoch: 026, Train Loss: 3.5318, Train MAPE: 0.0810, Train RMSE: 5.9942, Valid Loss: 2.9469, Valid MAPE: 0.0801, Valid RMSE: 5.5508, Training Time: 148.4661/epoch
Iter: 000, Train Loss: 3.3934, Train MAPE: 0.0735, Train RMSE: 5.5488
Iter: 050, Train Loss: 3.6294, Train MAPE: 0.0909, Train RMSE: 6.2595
Iter: 100, Train Loss: 3.5767, Train MAPE: 0.0813, Train RMSE: 5.8294
Iter: 150, Train Loss: 3.4979, Train MAPE: 0.0843, Train RMSE: 6.2620
Iter: 200, Train Loss: 3.5517, Train MAPE: 0.0821, Train RMSE: 6.0684
Iter: 250, Train Loss: 3.5912, Train MAPE: 0.0774, Train RMSE: 5.8076
Iter: 300, Train Loss: 3.3754, Train MAPE: 0.0753, Train RMSE: 5.7390
Iter: 350, Train Loss: 3.5627, Train MAPE: 0.0839, Train RMSE: 6.1268
Epoch: 027, Inference Time: 6.0345 secs
Epoch: 027, Train Loss: 3.5069, Train MAPE: 0.0801, Train RMSE: 5.9467, Valid Loss: 2.9480, Valid MAPE: 0.0789, Valid RMSE: 5.5404, Training Time: 145.4448/epoch
Iter: 000, Train Loss: 3.7284, Train MAPE: 0.0857, Train RMSE: 6.3262
Iter: 050, Train Loss: 3.5553, Train MAPE: 0.0824, Train RMSE: 6.0266
Iter: 100, Train Loss: 3.3034, Train MAPE: 0.0725, Train RMSE: 5.6639
Iter: 150, Train Loss: 3.6097, Train MAPE: 0.0864, Train RMSE: 6.2534
Iter: 200, Train Loss: 3.8531, Train MAPE: 0.0967, Train RMSE: 6.6549
Iter: 250, Train Loss: 3.4011, Train MAPE: 0.0744, Train RMSE: 5.5991
Iter: 300, Train Loss: 3.6802, Train MAPE: 0.0866, Train RMSE: 6.1467
Iter: 350, Train Loss: 3.2036, Train MAPE: 0.0670, Train RMSE: 5.4168
Epoch: 028, Inference Time: 6.0308 secs
Epoch: 028, Train Loss: 3.4845, Train MAPE: 0.0792, Train RMSE: 5.8942, Valid Loss: 2.9414, Valid MAPE: 0.0799, Valid RMSE: 5.4944, Training Time: 145.3563/epoch
Iter: 000, Train Loss: 3.7202, Train MAPE: 0.0901, Train RMSE: 6.5400
Iter: 050, Train Loss: 3.1529, Train MAPE: 0.0718, Train RMSE: 5.4396
Iter: 100, Train Loss: 3.2193, Train MAPE: 0.0749, Train RMSE: 5.5101
Iter: 150, Train Loss: 3.5470, Train MAPE: 0.0759, Train RMSE: 5.7296
Iter: 200, Train Loss: 3.4347, Train MAPE: 0.0752, Train RMSE: 5.7117
Iter: 250, Train Loss: 3.0617, Train MAPE: 0.0645, Train RMSE: 5.2372
Iter: 300, Train Loss: 3.4331, Train MAPE: 0.0793, Train RMSE: 5.7974
Iter: 350, Train Loss: 3.4394, Train MAPE: 0.0738, Train RMSE: 5.6561
Epoch: 029, Inference Time: 6.0322 secs
Epoch: 029, Train Loss: 3.4614, Train MAPE: 0.0783, Train RMSE: 5.8406, Valid Loss: 2.9110, Valid MAPE: 0.0798, Valid RMSE: 5.4863, Training Time: 145.3648/epoch
Iter: 000, Train Loss: 3.3613, Train MAPE: 0.0753, Train RMSE: 5.6451
Iter: 050, Train Loss: 3.5934, Train MAPE: 0.0871, Train RMSE: 6.1079
Iter: 100, Train Loss: 3.3536, Train MAPE: 0.0747, Train RMSE: 5.5865
Iter: 150, Train Loss: 3.5211, Train MAPE: 0.0887, Train RMSE: 6.2485
Iter: 200, Train Loss: 3.5851, Train MAPE: 0.0855, Train RMSE: 6.1270
Iter: 250, Train Loss: 3.1954, Train MAPE: 0.0675, Train RMSE: 5.3364
Iter: 300, Train Loss: 3.3558, Train MAPE: 0.0677, Train RMSE: 5.5699
Iter: 350, Train Loss: 3.6535, Train MAPE: 0.0821, Train RMSE: 6.1115
Epoch: 030, Inference Time: 6.0364 secs
Epoch: 030, Train Loss: 3.4425, Train MAPE: 0.0776, Train RMSE: 5.7946, Valid Loss: 2.8798, Valid MAPE: 0.0781, Valid RMSE: 5.4496, Training Time: 145.3657/epoch
Iter: 000, Train Loss: 3.6570, Train MAPE: 0.0870, Train RMSE: 6.2888
Iter: 050, Train Loss: 3.7192, Train MAPE: 0.0893, Train RMSE: 6.3825
Iter: 100, Train Loss: 3.4634, Train MAPE: 0.0813, Train RMSE: 6.0214
Iter: 150, Train Loss: 3.3014, Train MAPE: 0.0691, Train RMSE: 5.4083
Iter: 200, Train Loss: 3.1512, Train MAPE: 0.0662, Train RMSE: 5.3222
Iter: 250, Train Loss: 3.2446, Train MAPE: 0.0746, Train RMSE: 5.6038
Iter: 300, Train Loss: 3.3398, Train MAPE: 0.0757, Train RMSE: 5.6039
Iter: 350, Train Loss: 3.5829, Train MAPE: 0.0880, Train RMSE: 6.2374
Epoch: 031, Inference Time: 6.0314 secs
Epoch: 031, Train Loss: 3.4285, Train MAPE: 0.0771, Train RMSE: 5.7613, Valid Loss: 2.9029, Valid MAPE: 0.0778, Valid RMSE: 5.4737, Training Time: 145.3759/epoch
Iter: 000, Train Loss: 3.4913, Train MAPE: 0.0741, Train RMSE: 5.6214
Iter: 050, Train Loss: 3.1950, Train MAPE: 0.0678, Train RMSE: 5.2624
Iter: 100, Train Loss: 3.4304, Train MAPE: 0.0773, Train RMSE: 5.8506
Iter: 150, Train Loss: 3.3481, Train MAPE: 0.0749, Train RMSE: 5.8098
Iter: 200, Train Loss: 3.1871, Train MAPE: 0.0674, Train RMSE: 5.4029
Iter: 250, Train Loss: 3.4339, Train MAPE: 0.0785, Train RMSE: 5.8491
Iter: 300, Train Loss: 3.3794, Train MAPE: 0.0760, Train RMSE: 5.7736
Iter: 350, Train Loss: 3.5436, Train MAPE: 0.0856, Train RMSE: 6.1770
Epoch: 032, Inference Time: 6.0337 secs
Epoch: 032, Train Loss: 3.4207, Train MAPE: 0.0768, Train RMSE: 5.7436, Valid Loss: 2.9344, Valid MAPE: 0.0799, Valid RMSE: 5.5895, Training Time: 145.3781/epoch
Iter: 000, Train Loss: 3.7585, Train MAPE: 0.0894, Train RMSE: 6.3573
Iter: 050, Train Loss: 3.8165, Train MAPE: 0.0920, Train RMSE: 6.5302
Iter: 100, Train Loss: 3.8982, Train MAPE: 0.0896, Train RMSE: 6.4823
Iter: 150, Train Loss: 3.2528, Train MAPE: 0.0660, Train RMSE: 5.3584
Iter: 200, Train Loss: 3.4830, Train MAPE: 0.0819, Train RMSE: 6.0653
Iter: 250, Train Loss: 3.4586, Train MAPE: 0.0852, Train RMSE: 6.2604
Iter: 300, Train Loss: 3.4491, Train MAPE: 0.0768, Train RMSE: 5.8968
Iter: 350, Train Loss: 3.5041, Train MAPE: 0.0795, Train RMSE: 5.9154
Epoch: 033, Inference Time: 6.0356 secs
Epoch: 033, Train Loss: 3.5584, Train MAPE: 0.0821, Train RMSE: 6.0548, Valid Loss: 3.0215, Valid MAPE: 0.0819, Valid RMSE: 5.6511, Training Time: 145.3793/epoch
Iter: 000, Train Loss: 3.8236, Train MAPE: 0.0948, Train RMSE: 6.3972
Iter: 050, Train Loss: 3.4196, Train MAPE: 0.0863, Train RMSE: 6.0753
Iter: 100, Train Loss: 3.3843, Train MAPE: 0.0817, Train RMSE: 5.9022
Iter: 150, Train Loss: 3.7625, Train MAPE: 0.0960, Train RMSE: 6.6105
Iter: 200, Train Loss: 3.3683, Train MAPE: 0.0744, Train RMSE: 5.7939
Iter: 250, Train Loss: 3.4431, Train MAPE: 0.0724, Train RMSE: 5.6757
Iter: 300, Train Loss: 3.5101, Train MAPE: 0.0764, Train RMSE: 5.8837
Iter: 350, Train Loss: 3.8776, Train MAPE: 0.0956, Train RMSE: 6.6424
Epoch: 034, Inference Time: 6.0332 secs
Epoch: 034, Train Loss: 3.5282, Train MAPE: 0.0808, Train RMSE: 5.9842, Valid Loss: 2.9336, Valid MAPE: 0.0815, Valid RMSE: 5.5291, Training Time: 145.3745/epoch
Iter: 000, Train Loss: 3.7177, Train MAPE: 0.0943, Train RMSE: 6.2682
Iter: 050, Train Loss: 3.3094, Train MAPE: 0.0699, Train RMSE: 5.5215
Iter: 100, Train Loss: 3.7295, Train MAPE: 0.0825, Train RMSE: 6.2832
Iter: 150, Train Loss: 3.5380, Train MAPE: 0.0861, Train RMSE: 6.0769
Iter: 200, Train Loss: 3.5967, Train MAPE: 0.0802, Train RMSE: 5.9656
Iter: 250, Train Loss: 3.6006, Train MAPE: 0.0853, Train RMSE: 5.9793
Iter: 300, Train Loss: 3.4220, Train MAPE: 0.0772, Train RMSE: 5.6599
Iter: 350, Train Loss: 3.4687, Train MAPE: 0.0772, Train RMSE: 5.9403
Epoch: 035, Inference Time: 6.0311 secs
Epoch: 035, Train Loss: 3.5135, Train MAPE: 0.0802, Train RMSE: 5.9505, Valid Loss: 2.9991, Valid MAPE: 0.0815, Valid RMSE: 5.5899, Training Time: 145.3824/epoch
Iter: 000, Train Loss: 3.3724, Train MAPE: 0.0742, Train RMSE: 5.8993
Iter: 050, Train Loss: 3.7252, Train MAPE: 0.0901, Train RMSE: 6.1796
Iter: 100, Train Loss: 3.4751, Train MAPE: 0.0802, Train RMSE: 5.9859
Iter: 150, Train Loss: 3.2008, Train MAPE: 0.0719, Train RMSE: 5.3651
Iter: 200, Train Loss: 3.7135, Train MAPE: 0.0924, Train RMSE: 6.5789
Iter: 250, Train Loss: 3.6242, Train MAPE: 0.0823, Train RMSE: 5.9492
Iter: 300, Train Loss: 3.5605, Train MAPE: 0.0814, Train RMSE: 6.1681
Iter: 350, Train Loss: 3.5705, Train MAPE: 0.0804, Train RMSE: 6.2271
Epoch: 036, Inference Time: 6.0307 secs
Epoch: 036, Train Loss: 3.5007, Train MAPE: 0.0797, Train RMSE: 5.9248, Valid Loss: 2.9339, Valid MAPE: 0.0805, Valid RMSE: 5.4866, Training Time: 145.3591/epoch
Iter: 000, Train Loss: 3.5116, Train MAPE: 0.0810, Train RMSE: 5.8402
Iter: 050, Train Loss: 3.5584, Train MAPE: 0.0854, Train RMSE: 6.2523
Iter: 100, Train Loss: 3.5316, Train MAPE: 0.0766, Train RMSE: 5.9440
Iter: 150, Train Loss: 3.4278, Train MAPE: 0.0746, Train RMSE: 5.6573
Iter: 200, Train Loss: 3.3028, Train MAPE: 0.0712, Train RMSE: 5.5031
Iter: 250, Train Loss: 3.3653, Train MAPE: 0.0707, Train RMSE: 5.6938
Iter: 300, Train Loss: 3.3188, Train MAPE: 0.0750, Train RMSE: 5.5265
Iter: 350, Train Loss: 3.5530, Train MAPE: 0.0883, Train RMSE: 6.1007
Epoch: 037, Inference Time: 6.0358 secs
Epoch: 037, Train Loss: 3.4791, Train MAPE: 0.0789, Train RMSE: 5.8714, Valid Loss: 2.8864, Valid MAPE: 0.0778, Valid RMSE: 5.4644, Training Time: 145.3609/epoch
Iter: 000, Train Loss: 3.6068, Train MAPE: 0.0859, Train RMSE: 6.2848
Iter: 050, Train Loss: 3.4411, Train MAPE: 0.0819, Train RMSE: 6.1559
Iter: 100, Train Loss: 3.4018, Train MAPE: 0.0747, Train RMSE: 5.8428
Iter: 150, Train Loss: 3.4200, Train MAPE: 0.0766, Train RMSE: 5.8900
Iter: 200, Train Loss: 3.4196, Train MAPE: 0.0736, Train RMSE: 5.7202
Iter: 250, Train Loss: 3.4960, Train MAPE: 0.0790, Train RMSE: 5.8856
Iter: 300, Train Loss: 3.2175, Train MAPE: 0.0755, Train RMSE: 5.7063
Iter: 350, Train Loss: 3.6066, Train MAPE: 0.0832, Train RMSE: 5.9956
Epoch: 038, Inference Time: 6.0304 secs
Epoch: 038, Train Loss: 3.4584, Train MAPE: 0.0782, Train RMSE: 5.8308, Valid Loss: 2.8976, Valid MAPE: 0.0779, Valid RMSE: 5.4824, Training Time: 145.3690/epoch
Iter: 000, Train Loss: 3.6069, Train MAPE: 0.0844, Train RMSE: 6.0143
Iter: 050, Train Loss: 3.3844, Train MAPE: 0.0794, Train RMSE: 5.7068
Iter: 100, Train Loss: 3.4782, Train MAPE: 0.0769, Train RMSE: 5.7177
Iter: 150, Train Loss: 3.3216, Train MAPE: 0.0756, Train RMSE: 5.7881
Iter: 200, Train Loss: 3.3275, Train MAPE: 0.0709, Train RMSE: 5.4298
Iter: 250, Train Loss: 3.2649, Train MAPE: 0.0685, Train RMSE: 5.5053
Iter: 300, Train Loss: 3.5635, Train MAPE: 0.0878, Train RMSE: 6.2593
Iter: 350, Train Loss: 3.4160, Train MAPE: 0.0736, Train RMSE: 5.7077
Epoch: 039, Inference Time: 6.0306 secs
Epoch: 039, Train Loss: 3.4361, Train MAPE: 0.0773, Train RMSE: 5.7776, Valid Loss: 2.8797, Valid MAPE: 0.0782, Valid RMSE: 5.5031, Training Time: 145.3704/epoch
Iter: 000, Train Loss: 3.6209, Train MAPE: 0.0862, Train RMSE: 6.3292
Iter: 050, Train Loss: 3.1559, Train MAPE: 0.0645, Train RMSE: 5.0874
Iter: 100, Train Loss: 3.4842, Train MAPE: 0.0772, Train RMSE: 5.7863
Iter: 150, Train Loss: 3.6608, Train MAPE: 0.0873, Train RMSE: 6.4127
Iter: 200, Train Loss: 3.3705, Train MAPE: 0.0710, Train RMSE: 5.4316
Iter: 250, Train Loss: 3.6520, Train MAPE: 0.0885, Train RMSE: 6.2810
Iter: 300, Train Loss: 3.2469, Train MAPE: 0.0707, Train RMSE: 5.5097
Iter: 350, Train Loss: 3.4516, Train MAPE: 0.0751, Train RMSE: 5.7690
Epoch: 040, Inference Time: 6.0329 secs
Epoch: 040, Train Loss: 3.4187, Train MAPE: 0.0766, Train RMSE: 5.7336, Valid Loss: 2.8521, Valid MAPE: 0.0773, Valid RMSE: 5.4271, Training Time: 145.3598/epoch
Iter: 000, Train Loss: 3.7888, Train MAPE: 0.0941, Train RMSE: 6.5273
Iter: 050, Train Loss: 3.2196, Train MAPE: 0.0739, Train RMSE: 5.4006
Iter: 100, Train Loss: 3.3736, Train MAPE: 0.0716, Train RMSE: 5.5577
Iter: 150, Train Loss: 3.1199, Train MAPE: 0.0648, Train RMSE: 5.1707
Iter: 200, Train Loss: 3.4403, Train MAPE: 0.0830, Train RMSE: 5.7822
Iter: 250, Train Loss: 3.7427, Train MAPE: 0.0872, Train RMSE: 6.2082
Iter: 300, Train Loss: 3.2907, Train MAPE: 0.0719, Train RMSE: 5.3860
Iter: 350, Train Loss: 3.3632, Train MAPE: 0.0714, Train RMSE: 5.6869
Epoch: 041, Inference Time: 6.0305 secs
Epoch: 041, Train Loss: 3.4017, Train MAPE: 0.0760, Train RMSE: 5.6940, Valid Loss: 2.8212, Valid MAPE: 0.0767, Valid RMSE: 5.4089, Training Time: 145.3693/epoch
Iter: 000, Train Loss: 3.2105, Train MAPE: 0.0691, Train RMSE: 5.3174
Iter: 050, Train Loss: 3.4035, Train MAPE: 0.0728, Train RMSE: 5.5793
Iter: 100, Train Loss: 3.5697, Train MAPE: 0.0801, Train RMSE: 6.0214
Iter: 150, Train Loss: 3.6896, Train MAPE: 0.0891, Train RMSE: 6.2757
Iter: 200, Train Loss: 3.3126, Train MAPE: 0.0797, Train RMSE: 5.6316
Iter: 250, Train Loss: 3.5857, Train MAPE: 0.0817, Train RMSE: 5.8504
Iter: 300, Train Loss: 3.4032, Train MAPE: 0.0725, Train RMSE: 5.5722
Iter: 350, Train Loss: 3.2176, Train MAPE: 0.0692, Train RMSE: 5.3624
Epoch: 042, Inference Time: 6.0310 secs
Epoch: 042, Train Loss: 3.3901, Train MAPE: 0.0755, Train RMSE: 5.6664, Valid Loss: 2.8417, Valid MAPE: 0.0765, Valid RMSE: 5.4204, Training Time: 145.3279/epoch
Iter: 000, Train Loss: 3.3320, Train MAPE: 0.0709, Train RMSE: 5.5920
Iter: 050, Train Loss: 3.3439, Train MAPE: 0.0728, Train RMSE: 5.5186
Iter: 100, Train Loss: 3.4230, Train MAPE: 0.0749, Train RMSE: 5.5670
Iter: 150, Train Loss: 3.4047, Train MAPE: 0.0794, Train RMSE: 5.7316
Iter: 200, Train Loss: 3.2941, Train MAPE: 0.0726, Train RMSE: 5.5002
Iter: 250, Train Loss: 3.3746, Train MAPE: 0.0729, Train RMSE: 5.5746
Iter: 300, Train Loss: 3.7131, Train MAPE: 0.0803, Train RMSE: 5.9943
Iter: 350, Train Loss: 3.3147, Train MAPE: 0.0742, Train RMSE: 5.6166
Epoch: 043, Inference Time: 6.0335 secs
Epoch: 043, Train Loss: 3.4312, Train MAPE: 0.0770, Train RMSE: 5.7520, Valid Loss: 2.9180, Valid MAPE: 0.0801, Valid RMSE: 5.5411, Training Time: 145.3585/epoch
Iter: 000, Train Loss: 3.5311, Train MAPE: 0.0756, Train RMSE: 5.9468
Iter: 050, Train Loss: 3.4184, Train MAPE: 0.0771, Train RMSE: 5.7097
Iter: 100, Train Loss: 3.6929, Train MAPE: 0.0869, Train RMSE: 6.2595
Iter: 150, Train Loss: 3.4441, Train MAPE: 0.0736, Train RMSE: 5.6378
Iter: 200, Train Loss: 3.3807, Train MAPE: 0.0782, Train RMSE: 5.7814
Iter: 250, Train Loss: 3.4796, Train MAPE: 0.0753, Train RMSE: 5.7446
Iter: 300, Train Loss: 3.3540, Train MAPE: 0.0781, Train RMSE: 5.8400
Iter: 350, Train Loss: 3.6733, Train MAPE: 0.0849, Train RMSE: 6.1493
Epoch: 044, Inference Time: 6.0361 secs
Epoch: 044, Train Loss: 3.5030, Train MAPE: 0.0798, Train RMSE: 5.9219, Valid Loss: 2.8695, Valid MAPE: 0.0791, Valid RMSE: 5.4619, Training Time: 145.3544/epoch
Iter: 000, Train Loss: 3.7480, Train MAPE: 0.0853, Train RMSE: 6.1168
Iter: 050, Train Loss: 3.5536, Train MAPE: 0.0891, Train RMSE: 5.9757
Iter: 100, Train Loss: 3.4346, Train MAPE: 0.0735, Train RMSE: 5.6215
Iter: 150, Train Loss: 3.5018, Train MAPE: 0.0800, Train RMSE: 5.9637
Iter: 200, Train Loss: 3.7341, Train MAPE: 0.0886, Train RMSE: 6.3439
Iter: 250, Train Loss: 3.4109, Train MAPE: 0.0733, Train RMSE: 5.6949
Iter: 300, Train Loss: 3.5581, Train MAPE: 0.0819, Train RMSE: 6.4092
Iter: 350, Train Loss: 3.5196, Train MAPE: 0.0714, Train RMSE: 5.5019
Epoch: 045, Inference Time: 6.0335 secs
Epoch: 045, Train Loss: 3.4939, Train MAPE: 0.0793, Train RMSE: 5.8985, Valid Loss: 2.9216, Valid MAPE: 0.0798, Valid RMSE: 5.5654, Training Time: 145.3452/epoch
Iter: 000, Train Loss: 3.5217, Train MAPE: 0.0869, Train RMSE: 6.1235
Iter: 050, Train Loss: 3.5981, Train MAPE: 0.0830, Train RMSE: 6.1700
Iter: 100, Train Loss: 3.6181, Train MAPE: 0.0859, Train RMSE: 6.1214
Iter: 150, Train Loss: 3.3376, Train MAPE: 0.0756, Train RMSE: 5.7052
Iter: 200, Train Loss: 3.8803, Train MAPE: 0.0895, Train RMSE: 6.2372
Iter: 250, Train Loss: 3.2826, Train MAPE: 0.0698, Train RMSE: 5.4144
Iter: 300, Train Loss: 3.7067, Train MAPE: 0.0891, Train RMSE: 6.2355
Iter: 350, Train Loss: 3.4964, Train MAPE: 0.0778, Train RMSE: 5.7375
Epoch: 046, Inference Time: 6.0321 secs
Epoch: 046, Train Loss: 3.4834, Train MAPE: 0.0789, Train RMSE: 5.8752, Valid Loss: 2.8710, Valid MAPE: 0.0774, Valid RMSE: 5.4646, Training Time: 145.3648/epoch
Iter: 000, Train Loss: 3.5866, Train MAPE: 0.0884, Train RMSE: 6.2199
Iter: 050, Train Loss: 3.3369, Train MAPE: 0.0729, Train RMSE: 5.3836
Iter: 100, Train Loss: 3.6155, Train MAPE: 0.0839, Train RMSE: 6.1698
Iter: 150, Train Loss: 3.6925, Train MAPE: 0.0892, Train RMSE: 6.1822
Iter: 200, Train Loss: 3.2103, Train MAPE: 0.0682, Train RMSE: 5.4641
Iter: 250, Train Loss: 3.4098, Train MAPE: 0.0772, Train RMSE: 5.6441
Iter: 300, Train Loss: 3.3297, Train MAPE: 0.0710, Train RMSE: 5.5141
Iter: 350, Train Loss: 3.4464, Train MAPE: 0.0817, Train RMSE: 5.8747
Epoch: 047, Inference Time: 6.0336 secs
Epoch: 047, Train Loss: 3.4634, Train MAPE: 0.0782, Train RMSE: 5.8306, Valid Loss: 2.9318, Valid MAPE: 0.0768, Valid RMSE: 5.5580, Training Time: 145.3709/epoch
Iter: 000, Train Loss: 3.3475, Train MAPE: 0.0719, Train RMSE: 5.5355
Iter: 050, Train Loss: 3.5067, Train MAPE: 0.0824, Train RMSE: 5.9704
Iter: 100, Train Loss: 3.7084, Train MAPE: 0.0875, Train RMSE: 6.2818
Iter: 150, Train Loss: 3.5413, Train MAPE: 0.0808, Train RMSE: 6.0229
Iter: 200, Train Loss: 3.2077, Train MAPE: 0.0680, Train RMSE: 5.4292
Iter: 250, Train Loss: 3.4992, Train MAPE: 0.0793, Train RMSE: 5.8410
Iter: 300, Train Loss: 3.2835, Train MAPE: 0.0728, Train RMSE: 5.4840
Iter: 350, Train Loss: 3.8413, Train MAPE: 0.0976, Train RMSE: 6.7484
Epoch: 048, Inference Time: 6.0333 secs
Epoch: 048, Train Loss: 3.4433, Train MAPE: 0.0775, Train RMSE: 5.7916, Valid Loss: 2.8141, Valid MAPE: 0.0776, Valid RMSE: 5.4001, Training Time: 145.3671/epoch
Iter: 000, Train Loss: 3.4444, Train MAPE: 0.0737, Train RMSE: 5.5194
Iter: 050, Train Loss: 3.5925, Train MAPE: 0.0830, Train RMSE: 6.2091
Iter: 100, Train Loss: 3.4276, Train MAPE: 0.0790, Train RMSE: 5.6700
Iter: 150, Train Loss: 3.1596, Train MAPE: 0.0664, Train RMSE: 5.2911
Iter: 200, Train Loss: 3.8454, Train MAPE: 0.0929, Train RMSE: 6.7722
Iter: 250, Train Loss: 3.1478, Train MAPE: 0.0666, Train RMSE: 5.3185
Iter: 300, Train Loss: 3.5650, Train MAPE: 0.0979, Train RMSE: 6.2761
Iter: 350, Train Loss: 3.3999, Train MAPE: 0.0790, Train RMSE: 5.9275
Epoch: 049, Inference Time: 6.0294 secs
Epoch: 049, Train Loss: 3.4234, Train MAPE: 0.0768, Train RMSE: 5.7433, Valid Loss: 2.8752, Valid MAPE: 0.0775, Valid RMSE: 5.4389, Training Time: 145.3725/epoch
Iter: 000, Train Loss: 3.6517, Train MAPE: 0.0848, Train RMSE: 6.1487
Iter: 050, Train Loss: 3.4094, Train MAPE: 0.0786, Train RMSE: 5.8094
Iter: 100, Train Loss: 3.2614, Train MAPE: 0.0686, Train RMSE: 5.2255
Iter: 150, Train Loss: 3.3786, Train MAPE: 0.0771, Train RMSE: 5.7151
Iter: 200, Train Loss: 3.5484, Train MAPE: 0.0806, Train RMSE: 5.9936
Iter: 250, Train Loss: 3.5474, Train MAPE: 0.0809, Train RMSE: 5.9909
Iter: 300, Train Loss: 3.4718, Train MAPE: 0.0771, Train RMSE: 5.7090
Iter: 350, Train Loss: 3.3783, Train MAPE: 0.0731, Train RMSE: 5.6431
Epoch: 050, Inference Time: 6.0312 secs
Epoch: 050, Train Loss: 3.4037, Train MAPE: 0.0760, Train RMSE: 5.6942, Valid Loss: 2.8128, Valid MAPE: 0.0763, Valid RMSE: 5.3977, Training Time: 145.3441/epoch
Iter: 000, Train Loss: 3.5831, Train MAPE: 0.0858, Train RMSE: 6.0964
Iter: 050, Train Loss: 3.2416, Train MAPE: 0.0669, Train RMSE: 5.2438
Iter: 100, Train Loss: 3.5536, Train MAPE: 0.0772, Train RMSE: 5.7277
Iter: 150, Train Loss: 3.4487, Train MAPE: 0.0759, Train RMSE: 5.7007
Iter: 200, Train Loss: 3.1060, Train MAPE: 0.0681, Train RMSE: 5.3081
Iter: 250, Train Loss: 3.2660, Train MAPE: 0.0692, Train RMSE: 5.5040
Iter: 300, Train Loss: 3.5250, Train MAPE: 0.0848, Train RMSE: 5.7854
Iter: 350, Train Loss: 3.1604, Train MAPE: 0.0637, Train RMSE: 5.1786
Epoch: 051, Inference Time: 6.0339 secs
Epoch: 051, Train Loss: 3.3860, Train MAPE: 0.0753, Train RMSE: 5.6530, Valid Loss: 2.8139, Valid MAPE: 0.0764, Valid RMSE: 5.3889, Training Time: 145.3501/epoch
Iter: 000, Train Loss: 3.4026, Train MAPE: 0.0767, Train RMSE: 5.6060
Iter: 050, Train Loss: 3.3838, Train MAPE: 0.0795, Train RMSE: 5.5970
Iter: 100, Train Loss: 3.4957, Train MAPE: 0.0754, Train RMSE: 5.7441
Iter: 150, Train Loss: 3.4991, Train MAPE: 0.0854, Train RMSE: 6.1979
Iter: 200, Train Loss: 3.5576, Train MAPE: 0.0748, Train RMSE: 5.5553
Iter: 250, Train Loss: 3.3537, Train MAPE: 0.0706, Train RMSE: 5.5582
Iter: 300, Train Loss: 3.0716, Train MAPE: 0.0605, Train RMSE: 4.9681
Iter: 350, Train Loss: 3.2861, Train MAPE: 0.0691, Train RMSE: 5.3123
Epoch: 052, Inference Time: 6.0302 secs
Epoch: 052, Train Loss: 3.3722, Train MAPE: 0.0748, Train RMSE: 5.6175, Valid Loss: 2.8423, Valid MAPE: 0.0764, Valid RMSE: 5.4430, Training Time: 146.6888/epoch
Iter: 000, Train Loss: 3.3750, Train MAPE: 0.0782, Train RMSE: 5.8700
Iter: 050, Train Loss: 3.4869, Train MAPE: 0.0756, Train RMSE: 5.6948
Iter: 100, Train Loss: 3.2600, Train MAPE: 0.0736, Train RMSE: 5.3338
Iter: 150, Train Loss: 3.3628, Train MAPE: 0.0752, Train RMSE: 5.5265
Iter: 200, Train Loss: 3.3884, Train MAPE: 0.0817, Train RMSE: 5.7116
Iter: 250, Train Loss: 3.3892, Train MAPE: 0.0770, Train RMSE: 5.6016
Iter: 300, Train Loss: 3.1859, Train MAPE: 0.0646, Train RMSE: 5.2369
Iter: 350, Train Loss: 3.2433, Train MAPE: 0.0694, Train RMSE: 5.5497
Epoch: 053, Inference Time: 6.0373 secs
Epoch: 053, Train Loss: 3.3635, Train MAPE: 0.0745, Train RMSE: 5.5964, Valid Loss: 2.8279, Valid MAPE: 0.0764, Valid RMSE: 5.4240, Training Time: 145.3760/epoch
Iter: 000, Train Loss: 3.5055, Train MAPE: 0.0873, Train RMSE: 6.2323
Iter: 050, Train Loss: 3.4893, Train MAPE: 0.0812, Train RMSE: 5.7703
Iter: 100, Train Loss: 3.4181, Train MAPE: 0.0789, Train RMSE: 5.8973
Iter: 150, Train Loss: 3.7499, Train MAPE: 0.0880, Train RMSE: 6.2428
Iter: 200, Train Loss: 3.6509, Train MAPE: 0.0821, Train RMSE: 5.9829
Iter: 250, Train Loss: 3.3776, Train MAPE: 0.0775, Train RMSE: 5.5383
Iter: 300, Train Loss: 3.2079, Train MAPE: 0.0672, Train RMSE: 5.3062
Iter: 350, Train Loss: 3.2528, Train MAPE: 0.0702, Train RMSE: 5.3372
Epoch: 054, Inference Time: 6.0317 secs
Epoch: 054, Train Loss: 3.4428, Train MAPE: 0.0773, Train RMSE: 5.7759, Valid Loss: 2.8549, Valid MAPE: 0.0784, Valid RMSE: 5.4529, Training Time: 145.3493/epoch
Iter: 000, Train Loss: 3.4461, Train MAPE: 0.0813, Train RMSE: 6.1251
Iter: 050, Train Loss: 3.2348, Train MAPE: 0.0716, Train RMSE: 5.2174
Iter: 100, Train Loss: 3.7768, Train MAPE: 0.0863, Train RMSE: 6.2476
Iter: 150, Train Loss: 3.6387, Train MAPE: 0.0812, Train RMSE: 6.0266
Iter: 200, Train Loss: 3.3197, Train MAPE: 0.0742, Train RMSE: 5.8331
Iter: 250, Train Loss: 3.2721, Train MAPE: 0.0677, Train RMSE: 5.3510
Iter: 300, Train Loss: 3.2881, Train MAPE: 0.0736, Train RMSE: 5.5449
Iter: 350, Train Loss: 3.4605, Train MAPE: 0.0868, Train RMSE: 6.3608
Epoch: 055, Inference Time: 6.0567 secs
Epoch: 055, Train Loss: 3.4760, Train MAPE: 0.0787, Train RMSE: 5.8594, Valid Loss: 2.9338, Valid MAPE: 0.0792, Valid RMSE: 5.5758, Training Time: 146.5631/epoch
Iter: 000, Train Loss: 3.4787, Train MAPE: 0.0789, Train RMSE: 5.9842
Iter: 050, Train Loss: 3.5823, Train MAPE: 0.0875, Train RMSE: 6.1603
Iter: 100, Train Loss: 3.2705, Train MAPE: 0.0648, Train RMSE: 5.2572
Iter: 150, Train Loss: 3.4474, Train MAPE: 0.0838, Train RMSE: 5.9392
Iter: 200, Train Loss: 3.3848, Train MAPE: 0.0723, Train RMSE: 5.4724
Iter: 250, Train Loss: 3.3402, Train MAPE: 0.0757, Train RMSE: 5.7332
Iter: 300, Train Loss: 3.4756, Train MAPE: 0.0772, Train RMSE: 5.8938
Iter: 350, Train Loss: 3.4196, Train MAPE: 0.0769, Train RMSE: 5.8648
Epoch: 056, Inference Time: 6.0313 secs
Epoch: 056, Train Loss: 3.4662, Train MAPE: 0.0782, Train RMSE: 5.8287, Valid Loss: 2.9210, Valid MAPE: 0.0791, Valid RMSE: 5.4715, Training Time: 145.3503/epoch
Iter: 000, Train Loss: 3.1664, Train MAPE: 0.0639, Train RMSE: 5.1491
Iter: 050, Train Loss: 3.6323, Train MAPE: 0.0847, Train RMSE: 6.1373
Iter: 100, Train Loss: 3.5365, Train MAPE: 0.0831, Train RMSE: 6.0614
Iter: 150, Train Loss: 3.4493, Train MAPE: 0.0811, Train RMSE: 5.8043
Iter: 200, Train Loss: 3.7236, Train MAPE: 0.0917, Train RMSE: 6.3115
Iter: 250, Train Loss: 3.6280, Train MAPE: 0.0846, Train RMSE: 6.0618
Iter: 300, Train Loss: 3.3203, Train MAPE: 0.0704, Train RMSE: 5.5426
Iter: 350, Train Loss: 3.1995, Train MAPE: 0.0693, Train RMSE: 5.5773
Epoch: 057, Inference Time: 6.0359 secs
Epoch: 057, Train Loss: 3.4521, Train MAPE: 0.0778, Train RMSE: 5.8031, Valid Loss: 2.9022, Valid MAPE: 0.0772, Valid RMSE: 5.6081, Training Time: 145.3796/epoch
Iter: 000, Train Loss: 3.7598, Train MAPE: 0.0846, Train RMSE: 6.2473
Iter: 050, Train Loss: 3.5551, Train MAPE: 0.0895, Train RMSE: 6.0288
Iter: 100, Train Loss: 3.4222, Train MAPE: 0.0732, Train RMSE: 5.4095
Iter: 150, Train Loss: 3.2006, Train MAPE: 0.0676, Train RMSE: 5.1569
Iter: 200, Train Loss: 3.3614, Train MAPE: 0.0716, Train RMSE: 5.6693
Iter: 250, Train Loss: 3.3982, Train MAPE: 0.0809, Train RMSE: 5.6544
Iter: 300, Train Loss: 3.5589, Train MAPE: 0.0819, Train RMSE: 6.0082
Iter: 350, Train Loss: 3.2860, Train MAPE: 0.0710, Train RMSE: 5.3253
Epoch: 058, Inference Time: 6.0360 secs
Epoch: 058, Train Loss: 3.4360, Train MAPE: 0.0773, Train RMSE: 5.7721, Valid Loss: 2.8718, Valid MAPE: 0.0772, Valid RMSE: 5.4764, Training Time: 145.3953/epoch
Iter: 000, Train Loss: 3.5762, Train MAPE: 0.0874, Train RMSE: 5.9803
Iter: 050, Train Loss: 3.2241, Train MAPE: 0.0658, Train RMSE: 5.1724
Iter: 100, Train Loss: 3.4004, Train MAPE: 0.0700, Train RMSE: 5.3887
Iter: 150, Train Loss: 3.4468, Train MAPE: 0.0809, Train RMSE: 6.0230
Iter: 200, Train Loss: 3.3360, Train MAPE: 0.0717, Train RMSE: 5.4185
Iter: 250, Train Loss: 3.3631, Train MAPE: 0.0773, Train RMSE: 5.6475
Iter: 300, Train Loss: 3.3140, Train MAPE: 0.0714, Train RMSE: 5.4662
Iter: 350, Train Loss: 3.4299, Train MAPE: 0.0764, Train RMSE: 5.7442
Epoch: 059, Inference Time: 6.0349 secs
Epoch: 059, Train Loss: 3.4162, Train MAPE: 0.0764, Train RMSE: 5.7217, Valid Loss: 2.8801, Valid MAPE: 0.0796, Valid RMSE: 5.4620, Training Time: 145.3829/epoch
Iter: 000, Train Loss: 3.2965, Train MAPE: 0.0704, Train RMSE: 5.4297
Iter: 050, Train Loss: 3.4594, Train MAPE: 0.0880, Train RMSE: 6.1645
Iter: 100, Train Loss: 3.0415, Train MAPE: 0.0633, Train RMSE: 4.9889
Iter: 150, Train Loss: 3.3836, Train MAPE: 0.0758, Train RMSE: 5.6218
Iter: 200, Train Loss: 3.2673, Train MAPE: 0.0787, Train RMSE: 5.8153
Iter: 250, Train Loss: 3.3157, Train MAPE: 0.0722, Train RMSE: 5.4407
Iter: 300, Train Loss: 3.8632, Train MAPE: 0.0947, Train RMSE: 6.4336
Iter: 350, Train Loss: 3.3100, Train MAPE: 0.0720, Train RMSE: 5.5403
Epoch: 060, Inference Time: 6.0385 secs
Epoch: 060, Train Loss: 3.3961, Train MAPE: 0.0757, Train RMSE: 5.6743, Valid Loss: 2.8078, Valid MAPE: 0.0761, Valid RMSE: 5.3641, Training Time: 145.3803/epoch
Iter: 000, Train Loss: 3.4456, Train MAPE: 0.0791, Train RMSE: 5.8018
Iter: 050, Train Loss: 3.2759, Train MAPE: 0.0707, Train RMSE: 5.5385
Iter: 100, Train Loss: 3.6878, Train MAPE: 0.0854, Train RMSE: 6.2425
Iter: 150, Train Loss: 3.3351, Train MAPE: 0.0779, Train RMSE: 5.8778
Iter: 200, Train Loss: 3.5377, Train MAPE: 0.0804, Train RMSE: 5.9195
Iter: 250, Train Loss: 3.4075, Train MAPE: 0.0773, Train RMSE: 5.8153
Iter: 300, Train Loss: 3.4649, Train MAPE: 0.0747, Train RMSE: 5.6210
Iter: 350, Train Loss: 3.2022, Train MAPE: 0.0662, Train RMSE: 5.2847
Epoch: 061, Inference Time: 6.0350 secs
Epoch: 061, Train Loss: 3.3782, Train MAPE: 0.0750, Train RMSE: 5.6318, Valid Loss: 2.8238, Valid MAPE: 0.0771, Valid RMSE: 5.4421, Training Time: 145.3776/epoch
Iter: 000, Train Loss: 3.5137, Train MAPE: 0.0814, Train RMSE: 5.8647
Iter: 050, Train Loss: 3.5673, Train MAPE: 0.0783, Train RMSE: 5.9941
Iter: 100, Train Loss: 3.5841, Train MAPE: 0.0834, Train RMSE: 5.8196
Iter: 150, Train Loss: 3.5850, Train MAPE: 0.0871, Train RMSE: 6.0703
Iter: 200, Train Loss: 3.2896, Train MAPE: 0.0693, Train RMSE: 5.5329
Iter: 250, Train Loss: 3.5378, Train MAPE: 0.0825, Train RMSE: 5.9277
Iter: 300, Train Loss: 3.5137, Train MAPE: 0.0779, Train RMSE: 5.6957
Iter: 350, Train Loss: 3.2695, Train MAPE: 0.0724, Train RMSE: 5.5411
Epoch: 062, Inference Time: 6.0351 secs
Epoch: 062, Train Loss: 3.3620, Train MAPE: 0.0744, Train RMSE: 5.5916, Valid Loss: 2.8253, Valid MAPE: 0.0772, Valid RMSE: 5.4283, Training Time: 145.3872/epoch
Iter: 000, Train Loss: 3.2583, Train MAPE: 0.0700, Train RMSE: 5.4937
Iter: 050, Train Loss: 3.4530, Train MAPE: 0.0775, Train RMSE: 5.9266
Iter: 100, Train Loss: 3.2505, Train MAPE: 0.0687, Train RMSE: 5.3166
Iter: 150, Train Loss: 3.3895, Train MAPE: 0.0702, Train RMSE: 5.4612
Iter: 200, Train Loss: 3.5393, Train MAPE: 0.0876, Train RMSE: 6.0887
Iter: 250, Train Loss: 3.2609, Train MAPE: 0.0725, Train RMSE: 5.5344
Iter: 300, Train Loss: 3.4662, Train MAPE: 0.0767, Train RMSE: 5.7168
Iter: 350, Train Loss: 3.5320, Train MAPE: 0.0801, Train RMSE: 5.8611
Epoch: 063, Inference Time: 6.0485 secs
Epoch: 063, Train Loss: 3.3501, Train MAPE: 0.0739, Train RMSE: 5.5554, Valid Loss: 2.8273, Valid MAPE: 0.0761, Valid RMSE: 5.4436, Training Time: 145.3752/epoch
Iter: 000, Train Loss: 3.2146, Train MAPE: 0.0694, Train RMSE: 5.4164
Iter: 050, Train Loss: 3.4642, Train MAPE: 0.0777, Train RMSE: 5.7224
Iter: 100, Train Loss: 2.7770, Train MAPE: 0.0539, Train RMSE: 4.5462
Iter: 150, Train Loss: 3.3551, Train MAPE: 0.0756, Train RMSE: 5.5022
Iter: 200, Train Loss: 3.1168, Train MAPE: 0.0685, Train RMSE: 5.3043
Iter: 250, Train Loss: 3.1554, Train MAPE: 0.0645, Train RMSE: 5.0138
Iter: 300, Train Loss: 3.1222, Train MAPE: 0.0661, Train RMSE: 5.0950
Iter: 350, Train Loss: 3.3702, Train MAPE: 0.0788, Train RMSE: 5.7295
Epoch: 064, Inference Time: 6.0347 secs
Epoch: 064, Train Loss: 3.3438, Train MAPE: 0.0736, Train RMSE: 5.5362, Valid Loss: 2.9237, Valid MAPE: 0.0836, Valid RMSE: 5.6593, Training Time: 145.3848/epoch
Iter: 000, Train Loss: 3.5572, Train MAPE: 0.0835, Train RMSE: 5.9997
Iter: 050, Train Loss: 3.6091, Train MAPE: 0.0794, Train RMSE: 5.9551
Iter: 100, Train Loss: 3.3501, Train MAPE: 0.0731, Train RMSE: 5.5831
Iter: 150, Train Loss: 3.6284, Train MAPE: 0.0844, Train RMSE: 6.1499
Iter: 200, Train Loss: 3.4240, Train MAPE: 0.0798, Train RMSE: 6.1064
Iter: 250, Train Loss: 3.4537, Train MAPE: 0.0807, Train RMSE: 5.8814
Iter: 300, Train Loss: 3.8093, Train MAPE: 0.0899, Train RMSE: 6.2266
Iter: 350, Train Loss: 3.4306, Train MAPE: 0.0819, Train RMSE: 6.0355
Epoch: 065, Inference Time: 6.0333 secs
Epoch: 065, Train Loss: 3.4606, Train MAPE: 0.0779, Train RMSE: 5.8104, Valid Loss: 2.8846, Valid MAPE: 0.0786, Valid RMSE: 5.5383, Training Time: 145.3754/epoch
Iter: 000, Train Loss: 3.6592, Train MAPE: 0.0834, Train RMSE: 6.2505
Iter: 050, Train Loss: 3.2237, Train MAPE: 0.0689, Train RMSE: 5.4508
Iter: 100, Train Loss: 3.3822, Train MAPE: 0.0758, Train RMSE: 5.7000
Iter: 150, Train Loss: 3.2790, Train MAPE: 0.0724, Train RMSE: 5.5935
Iter: 200, Train Loss: 3.3470, Train MAPE: 0.0749, Train RMSE: 5.4999
Iter: 250, Train Loss: 3.3463, Train MAPE: 0.0717, Train RMSE: 5.5125
Iter: 300, Train Loss: 3.3583, Train MAPE: 0.0685, Train RMSE: 5.4900
Iter: 350, Train Loss: 3.4045, Train MAPE: 0.0819, Train RMSE: 5.9516
Epoch: 066, Inference Time: 6.0341 secs
Epoch: 066, Train Loss: 3.4520, Train MAPE: 0.0777, Train RMSE: 5.7969, Valid Loss: 2.9388, Valid MAPE: 0.0803, Valid RMSE: 5.5782, Training Time: 145.3786/epoch
Iter: 000, Train Loss: 3.4686, Train MAPE: 0.0821, Train RMSE: 5.9289
Iter: 050, Train Loss: 3.3960, Train MAPE: 0.0706, Train RMSE: 5.4818
Iter: 100, Train Loss: 3.3231, Train MAPE: 0.0698, Train RMSE: 5.4108
Iter: 150, Train Loss: 3.3208, Train MAPE: 0.0749, Train RMSE: 5.6607
Iter: 200, Train Loss: 3.6280, Train MAPE: 0.0827, Train RMSE: 6.1051
Iter: 250, Train Loss: 3.3638, Train MAPE: 0.0731, Train RMSE: 5.4608
Iter: 300, Train Loss: 3.2275, Train MAPE: 0.0682, Train RMSE: 5.4538
Iter: 350, Train Loss: 3.1614, Train MAPE: 0.0672, Train RMSE: 5.0922
Epoch: 067, Inference Time: 6.0388 secs
Epoch: 067, Train Loss: 3.4442, Train MAPE: 0.0775, Train RMSE: 5.7852, Valid Loss: 2.8330, Valid MAPE: 0.0792, Valid RMSE: 5.4709, Training Time: 145.3791/epoch
Iter: 000, Train Loss: 3.4720, Train MAPE: 0.0764, Train RMSE: 5.6772
Iter: 050, Train Loss: 3.3942, Train MAPE: 0.0739, Train RMSE: 5.6310
Iter: 100, Train Loss: 3.5195, Train MAPE: 0.0794, Train RMSE: 5.8255
Iter: 150, Train Loss: 3.4120, Train MAPE: 0.0836, Train RMSE: 5.9473
Iter: 200, Train Loss: 3.1837, Train MAPE: 0.0690, Train RMSE: 5.4005
Iter: 250, Train Loss: 3.4341, Train MAPE: 0.0754, Train RMSE: 5.7229
Iter: 300, Train Loss: 3.4570, Train MAPE: 0.0793, Train RMSE: 5.6424
Iter: 350, Train Loss: 3.6045, Train MAPE: 0.0828, Train RMSE: 6.1126
Epoch: 068, Inference Time: 6.0340 secs
Epoch: 068, Train Loss: 3.4273, Train MAPE: 0.0767, Train RMSE: 5.7399, Valid Loss: 2.9158, Valid MAPE: 0.0780, Valid RMSE: 5.5336, Training Time: 145.3865/epoch
Iter: 000, Train Loss: 3.2207, Train MAPE: 0.0671, Train RMSE: 5.3766
Iter: 050, Train Loss: 3.4113, Train MAPE: 0.0803, Train RMSE: 5.9368
Iter: 100, Train Loss: 3.6391, Train MAPE: 0.0894, Train RMSE: 6.1063
Iter: 150, Train Loss: 3.5342, Train MAPE: 0.0815, Train RMSE: 5.6658
Iter: 200, Train Loss: 3.4031, Train MAPE: 0.0695, Train RMSE: 5.4351
Iter: 250, Train Loss: 3.1658, Train MAPE: 0.0671, Train RMSE: 5.1706
Iter: 300, Train Loss: 3.1977, Train MAPE: 0.0689, Train RMSE: 5.3834
Iter: 350, Train Loss: 3.4971, Train MAPE: 0.0749, Train RMSE: 5.7339
Epoch: 069, Inference Time: 6.0352 secs
Epoch: 069, Train Loss: 3.4109, Train MAPE: 0.0762, Train RMSE: 5.7050, Valid Loss: 2.8058, Valid MAPE: 0.0767, Valid RMSE: 5.3942, Training Time: 145.3761/epoch
Iter: 000, Train Loss: 3.2838, Train MAPE: 0.0729, Train RMSE: 5.4772
Iter: 050, Train Loss: 3.3280, Train MAPE: 0.0730, Train RMSE: 5.5707
Iter: 100, Train Loss: 3.5756, Train MAPE: 0.0849, Train RMSE: 6.1072
Iter: 150, Train Loss: 3.3961, Train MAPE: 0.0694, Train RMSE: 5.5007
Iter: 200, Train Loss: 3.4583, Train MAPE: 0.0714, Train RMSE: 5.5104
Iter: 250, Train Loss: 3.3167, Train MAPE: 0.0776, Train RMSE: 5.6953
Iter: 300, Train Loss: 3.3817, Train MAPE: 0.0780, Train RMSE: 5.6462
Iter: 350, Train Loss: 3.5290, Train MAPE: 0.0816, Train RMSE: 6.1910
Epoch: 070, Inference Time: 6.0356 secs
Epoch: 070, Train Loss: 3.3936, Train MAPE: 0.0754, Train RMSE: 5.6578, Valid Loss: 2.8111, Valid MAPE: 0.0773, Valid RMSE: 5.4158, Training Time: 145.3788/epoch
Iter: 000, Train Loss: 3.4678, Train MAPE: 0.0784, Train RMSE: 5.8817
Iter: 050, Train Loss: 3.2691, Train MAPE: 0.0664, Train RMSE: 5.2196
Iter: 100, Train Loss: 3.3234, Train MAPE: 0.0748, Train RMSE: 5.6360
Iter: 150, Train Loss: 3.1148, Train MAPE: 0.0628, Train RMSE: 5.0037
Iter: 200, Train Loss: 3.1908, Train MAPE: 0.0686, Train RMSE: 5.3481
Iter: 250, Train Loss: 3.4214, Train MAPE: 0.0777, Train RMSE: 5.7759
Iter: 300, Train Loss: 3.3417, Train MAPE: 0.0739, Train RMSE: 5.4997
Iter: 350, Train Loss: 3.2276, Train MAPE: 0.0717, Train RMSE: 5.5996
Epoch: 071, Inference Time: 6.0353 secs
Epoch: 071, Train Loss: 3.3757, Train MAPE: 0.0748, Train RMSE: 5.6145, Valid Loss: 2.8259, Valid MAPE: 0.0768, Valid RMSE: 5.4304, Training Time: 145.3919/epoch
Iter: 000, Train Loss: 3.7381, Train MAPE: 0.0832, Train RMSE: 5.9583
Iter: 050, Train Loss: 3.2988, Train MAPE: 0.0684, Train RMSE: 5.3427
Iter: 100, Train Loss: 3.3640, Train MAPE: 0.0730, Train RMSE: 5.6205
Iter: 150, Train Loss: 3.2888, Train MAPE: 0.0771, Train RMSE: 5.6426
Iter: 200, Train Loss: 3.2568, Train MAPE: 0.0703, Train RMSE: 5.4098
Iter: 250, Train Loss: 3.3424, Train MAPE: 0.0707, Train RMSE: 5.5237
Iter: 300, Train Loss: 3.3098, Train MAPE: 0.0737, Train RMSE: 5.4299
Iter: 350, Train Loss: 3.5751, Train MAPE: 0.0824, Train RMSE: 6.1344
Epoch: 072, Inference Time: 6.0337 secs
Epoch: 072, Train Loss: 3.3561, Train MAPE: 0.0741, Train RMSE: 5.5688, Valid Loss: 2.8256, Valid MAPE: 0.0759, Valid RMSE: 5.4202, Training Time: 145.3778/epoch
Iter: 000, Train Loss: 3.3750, Train MAPE: 0.0740, Train RMSE: 5.5110
Iter: 050, Train Loss: 3.5602, Train MAPE: 0.0772, Train RMSE: 5.7582
Iter: 100, Train Loss: 3.0501, Train MAPE: 0.0601, Train RMSE: 4.8741
Iter: 150, Train Loss: 3.4085, Train MAPE: 0.0799, Train RMSE: 5.7072
Iter: 200, Train Loss: 2.9674, Train MAPE: 0.0633, Train RMSE: 5.0079
Iter: 250, Train Loss: 3.3480, Train MAPE: 0.0706, Train RMSE: 5.3080
Iter: 300, Train Loss: 3.3423, Train MAPE: 0.0717, Train RMSE: 5.5021
Iter: 350, Train Loss: 3.2699, Train MAPE: 0.0704, Train RMSE: 5.2709
Epoch: 073, Inference Time: 6.0334 secs
Epoch: 073, Train Loss: 3.3432, Train MAPE: 0.0735, Train RMSE: 5.5366, Valid Loss: 2.8118, Valid MAPE: 0.0768, Valid RMSE: 5.4172, Training Time: 145.3815/epoch
Iter: 000, Train Loss: 3.0548, Train MAPE: 0.0678, Train RMSE: 5.3487
Iter: 050, Train Loss: 3.4529, Train MAPE: 0.0740, Train RMSE: 5.4053
Iter: 100, Train Loss: 2.9399, Train MAPE: 0.0533, Train RMSE: 4.5952
Iter: 150, Train Loss: 3.4749, Train MAPE: 0.0760, Train RMSE: 5.6266
Iter: 200, Train Loss: 3.2004, Train MAPE: 0.0631, Train RMSE: 5.1158
Iter: 250, Train Loss: 3.3704, Train MAPE: 0.0743, Train RMSE: 5.5347
Iter: 300, Train Loss: 3.5076, Train MAPE: 0.0774, Train RMSE: 5.6518
Iter: 350, Train Loss: 3.1246, Train MAPE: 0.0603, Train RMSE: 4.9880
Epoch: 074, Inference Time: 6.0378 secs
Epoch: 074, Train Loss: 3.3326, Train MAPE: 0.0731, Train RMSE: 5.5037, Valid Loss: 2.8258, Valid MAPE: 0.0765, Valid RMSE: 5.4462, Training Time: 145.3888/epoch
Iter: 000, Train Loss: 3.3368, Train MAPE: 0.0721, Train RMSE: 5.5327
Iter: 050, Train Loss: 3.4983, Train MAPE: 0.0783, Train RMSE: 5.8050
Iter: 100, Train Loss: 3.2112, Train MAPE: 0.0685, Train RMSE: 5.2747
Iter: 150, Train Loss: 3.6036, Train MAPE: 0.0817, Train RMSE: 5.8032
Iter: 200, Train Loss: 3.4977, Train MAPE: 0.0775, Train RMSE: 5.5309
Iter: 250, Train Loss: 3.3454, Train MAPE: 0.0675, Train RMSE: 5.4107
Iter: 300, Train Loss: 3.5279, Train MAPE: 0.0787, Train RMSE: 5.8571
Iter: 350, Train Loss: 3.3316, Train MAPE: 0.0758, Train RMSE: 5.8112
Epoch: 075, Inference Time: 6.0339 secs
Epoch: 075, Train Loss: 3.3708, Train MAPE: 0.0745, Train RMSE: 5.5949, Valid Loss: 2.8413, Valid MAPE: 0.0792, Valid RMSE: 5.4354, Training Time: 145.3941/epoch
Iter: 000, Train Loss: 3.4616, Train MAPE: 0.0800, Train RMSE: 5.8843
Iter: 050, Train Loss: 3.3618, Train MAPE: 0.0731, Train RMSE: 5.4670
Iter: 100, Train Loss: 3.4022, Train MAPE: 0.0839, Train RMSE: 6.0307
Iter: 150, Train Loss: 3.3645, Train MAPE: 0.0746, Train RMSE: 5.6894
Iter: 200, Train Loss: 3.7739, Train MAPE: 0.0840, Train RMSE: 6.3848
Iter: 250, Train Loss: 3.4746, Train MAPE: 0.0878, Train RMSE: 6.2019
Iter: 300, Train Loss: 3.4022, Train MAPE: 0.0749, Train RMSE: 5.7330
Iter: 350, Train Loss: 3.4532, Train MAPE: 0.0786, Train RMSE: 5.7904
Epoch: 076, Inference Time: 6.0349 secs
Epoch: 076, Train Loss: 3.4445, Train MAPE: 0.0774, Train RMSE: 5.7861, Valid Loss: 2.8274, Valid MAPE: 0.0782, Valid RMSE: 5.4099, Training Time: 145.3826/epoch
Iter: 000, Train Loss: 3.5924, Train MAPE: 0.0886, Train RMSE: 6.1599
Iter: 050, Train Loss: 3.4598, Train MAPE: 0.0720, Train RMSE: 5.5453
Iter: 100, Train Loss: 3.3204, Train MAPE: 0.0702, Train RMSE: 5.4784
Iter: 150, Train Loss: 3.4250, Train MAPE: 0.0714, Train RMSE: 5.7195
Iter: 200, Train Loss: 3.6645, Train MAPE: 0.0854, Train RMSE: 6.0616
Iter: 250, Train Loss: 3.2207, Train MAPE: 0.0694, Train RMSE: 5.4169
Iter: 300, Train Loss: 3.6326, Train MAPE: 0.0815, Train RMSE: 5.9616
Iter: 350, Train Loss: 3.5825, Train MAPE: 0.0850, Train RMSE: 6.1295
Epoch: 077, Inference Time: 6.0352 secs
Epoch: 077, Train Loss: 3.4354, Train MAPE: 0.0772, Train RMSE: 5.7645, Valid Loss: 2.8612, Valid MAPE: 0.0773, Valid RMSE: 5.4631, Training Time: 145.3806/epoch
Iter: 000, Train Loss: 3.3184, Train MAPE: 0.0733, Train RMSE: 5.4845
Iter: 050, Train Loss: 3.2861, Train MAPE: 0.0700, Train RMSE: 5.5030
Iter: 100, Train Loss: 3.5339, Train MAPE: 0.0784, Train RMSE: 5.8645
Iter: 150, Train Loss: 3.4133, Train MAPE: 0.0829, Train RMSE: 5.9787
Iter: 200, Train Loss: 3.3181, Train MAPE: 0.0700, Train RMSE: 5.6783
Iter: 250, Train Loss: 3.7148, Train MAPE: 0.0827, Train RMSE: 6.2421
Iter: 300, Train Loss: 3.1719, Train MAPE: 0.0743, Train RMSE: 5.6102
Iter: 350, Train Loss: 3.4066, Train MAPE: 0.0772, Train RMSE: 5.8615
Epoch: 078, Inference Time: 6.0327 secs
Epoch: 078, Train Loss: 3.4271, Train MAPE: 0.0767, Train RMSE: 5.7402, Valid Loss: 2.8290, Valid MAPE: 0.0784, Valid RMSE: 5.4215, Training Time: 146.6840/epoch
Iter: 000, Train Loss: 3.2537, Train MAPE: 0.0724, Train RMSE: 5.5098
Iter: 050, Train Loss: 3.5292, Train MAPE: 0.0771, Train RMSE: 5.8532
Iter: 100, Train Loss: 3.5058, Train MAPE: 0.0883, Train RMSE: 6.4216
Iter: 150, Train Loss: 3.5233, Train MAPE: 0.0799, Train RMSE: 5.6876
Iter: 200, Train Loss: 3.6317, Train MAPE: 0.0791, Train RMSE: 5.9768
Iter: 250, Train Loss: 3.3283, Train MAPE: 0.0721, Train RMSE: 5.4165
Iter: 300, Train Loss: 3.1065, Train MAPE: 0.0650, Train RMSE: 5.2184
Iter: 350, Train Loss: 3.4143, Train MAPE: 0.0845, Train RMSE: 5.8497
Epoch: 079, Inference Time: 6.0344 secs
Epoch: 079, Train Loss: 3.4095, Train MAPE: 0.0761, Train RMSE: 5.6982, Valid Loss: 2.8234, Valid MAPE: 0.0783, Valid RMSE: 5.3987, Training Time: 145.3934/epoch
Iter: 000, Train Loss: 3.4716, Train MAPE: 0.0858, Train RMSE: 5.8084
Iter: 050, Train Loss: 3.0344, Train MAPE: 0.0593, Train RMSE: 4.7878
Iter: 100, Train Loss: 3.4555, Train MAPE: 0.0757, Train RMSE: 5.6272
Iter: 150, Train Loss: 3.2243, Train MAPE: 0.0735, Train RMSE: 5.4963
Iter: 200, Train Loss: 3.0517, Train MAPE: 0.0651, Train RMSE: 4.9599
Iter: 250, Train Loss: 3.5809, Train MAPE: 0.0805, Train RMSE: 5.7931
Iter: 300, Train Loss: 3.2447, Train MAPE: 0.0768, Train RMSE: 5.5577
Iter: 350, Train Loss: 3.5466, Train MAPE: 0.0813, Train RMSE: 6.0152
Epoch: 080, Inference Time: 6.0445 secs
Epoch: 080, Train Loss: 3.3917, Train MAPE: 0.0753, Train RMSE: 5.6527, Valid Loss: 2.8521, Valid MAPE: 0.0769, Valid RMSE: 5.4249, Training Time: 145.3819/epoch
Iter: 000, Train Loss: 3.2683, Train MAPE: 0.0713, Train RMSE: 5.5470
Iter: 050, Train Loss: 3.5089, Train MAPE: 0.0771, Train RMSE: 5.7585
Iter: 100, Train Loss: 3.4154, Train MAPE: 0.0761, Train RMSE: 5.6782
Iter: 150, Train Loss: 3.3210, Train MAPE: 0.0734, Train RMSE: 5.5465
Iter: 200, Train Loss: 3.3711, Train MAPE: 0.0760, Train RMSE: 5.6704
Iter: 250, Train Loss: 3.3766, Train MAPE: 0.0747, Train RMSE: 5.5101
Iter: 300, Train Loss: 3.4577, Train MAPE: 0.0736, Train RMSE: 5.5909
Iter: 350, Train Loss: 3.3502, Train MAPE: 0.0739, Train RMSE: 5.6816
Epoch: 081, Inference Time: 6.0360 secs
Epoch: 081, Train Loss: 3.3741, Train MAPE: 0.0747, Train RMSE: 5.6088, Valid Loss: 2.8358, Valid MAPE: 0.0776, Valid RMSE: 5.4530, Training Time: 145.4934/epoch
Iter: 000, Train Loss: 3.1505, Train MAPE: 0.0707, Train RMSE: 5.2677
Iter: 050, Train Loss: 3.4197, Train MAPE: 0.0714, Train RMSE: 5.4444
Iter: 100, Train Loss: 3.3987, Train MAPE: 0.0772, Train RMSE: 5.7400
Iter: 150, Train Loss: 3.3272, Train MAPE: 0.0735, Train RMSE: 5.5833
Iter: 200, Train Loss: 3.3296, Train MAPE: 0.0682, Train RMSE: 5.3288
Iter: 250, Train Loss: 3.2726, Train MAPE: 0.0718, Train RMSE: 5.3453
Iter: 300, Train Loss: 3.1844, Train MAPE: 0.0661, Train RMSE: 5.2691
Iter: 350, Train Loss: 3.5275, Train MAPE: 0.0754, Train RMSE: 5.6072
Epoch: 082, Inference Time: 6.0337 secs
Epoch: 082, Train Loss: 3.3556, Train MAPE: 0.0740, Train RMSE: 5.5640, Valid Loss: 2.8141, Valid MAPE: 0.0763, Valid RMSE: 5.4009, Training Time: 145.3916/epoch
Iter: 000, Train Loss: 3.4918, Train MAPE: 0.0807, Train RMSE: 5.7906
Iter: 050, Train Loss: 3.4125, Train MAPE: 0.0729, Train RMSE: 5.5527
Iter: 100, Train Loss: 3.1775, Train MAPE: 0.0672, Train RMSE: 5.3522
Iter: 150, Train Loss: 3.3929, Train MAPE: 0.0795, Train RMSE: 5.6481
Iter: 200, Train Loss: 3.4162, Train MAPE: 0.0806, Train RMSE: 5.7988
Iter: 250, Train Loss: 3.0761, Train MAPE: 0.0700, Train RMSE: 5.3807
Iter: 300, Train Loss: 3.6904, Train MAPE: 0.0878, Train RMSE: 6.0889
Iter: 350, Train Loss: 3.4191, Train MAPE: 0.0800, Train RMSE: 5.7118
Epoch: 083, Inference Time: 6.0328 secs
Epoch: 083, Train Loss: 3.3402, Train MAPE: 0.0734, Train RMSE: 5.5213, Valid Loss: 2.8268, Valid MAPE: 0.0768, Valid RMSE: 5.4574, Training Time: 145.5315/epoch
Iter: 000, Train Loss: 3.1813, Train MAPE: 0.0710, Train RMSE: 5.3073
Iter: 050, Train Loss: 3.4003, Train MAPE: 0.0764, Train RMSE: 5.8002
Iter: 100, Train Loss: 3.0508, Train MAPE: 0.0671, Train RMSE: 5.0850
Iter: 150, Train Loss: 3.6316, Train MAPE: 0.0793, Train RMSE: 5.9109
Iter: 200, Train Loss: 3.2058, Train MAPE: 0.0707, Train RMSE: 5.3825
Iter: 250, Train Loss: 3.2508, Train MAPE: 0.0670, Train RMSE: 5.0162
Iter: 300, Train Loss: 3.2900, Train MAPE: 0.0718, Train RMSE: 5.3409
Iter: 350, Train Loss: 3.2627, Train MAPE: 0.0697, Train RMSE: 5.4800
Epoch: 084, Inference Time: 6.0319 secs
Epoch: 084, Train Loss: 3.3268, Train MAPE: 0.0728, Train RMSE: 5.4862, Valid Loss: 2.8402, Valid MAPE: 0.0769, Valid RMSE: 5.4838, Training Time: 145.4171/epoch
Iter: 000, Train Loss: 3.4012, Train MAPE: 0.0738, Train RMSE: 5.4630
Iter: 050, Train Loss: 3.4108, Train MAPE: 0.0780, Train RMSE: 6.0255
Iter: 100, Train Loss: 3.7722, Train MAPE: 0.0855, Train RMSE: 6.0291
Iter: 150, Train Loss: 3.2635, Train MAPE: 0.0671, Train RMSE: 5.1509
Iter: 200, Train Loss: 3.2106, Train MAPE: 0.0691, Train RMSE: 5.2902
Iter: 250, Train Loss: 3.4783, Train MAPE: 0.0780, Train RMSE: 5.8009
Iter: 300, Train Loss: 3.5899, Train MAPE: 0.0775, Train RMSE: 5.6084
Iter: 350, Train Loss: 3.3290, Train MAPE: 0.0734, Train RMSE: 5.5871
Epoch: 085, Inference Time: 6.0340 secs
Epoch: 085, Train Loss: 3.3194, Train MAPE: 0.0725, Train RMSE: 5.4643, Valid Loss: 2.8314, Valid MAPE: 0.0765, Valid RMSE: 5.4709, Training Time: 145.3837/epoch
Early Termination!
Average Training Time: 145.5412 secs/epoch
Average Inference Time: 6.0346 secs
Training finished
The valid loss on best model is 2.8058
Evaluate best model on test data for horizon 1, Test MAE: 2.3724, Test MAPE: 0.0576, Test RMSE: 4.1473
Evaluate best model on test data for horizon 2, Test MAE: 2.6013, Test MAPE: 0.0650, Test RMSE: 4.8246
Evaluate best model on test data for horizon 3, Test MAE: 2.7723, Test MAPE: 0.0710, Test RMSE: 5.3104
Evaluate best model on test data for horizon 4, Test MAE: 2.9167, Test MAPE: 0.0764, Test RMSE: 5.7135
Evaluate best model on test data for horizon 5, Test MAE: 3.0356, Test MAPE: 0.0810, Test RMSE: 6.0368
Evaluate best model on test data for horizon 6, Test MAE: 3.1379, Test MAPE: 0.0850, Test RMSE: 6.3069
Evaluate best model on test data for horizon 7, Test MAE: 3.2274, Test MAPE: 0.0884, Test RMSE: 6.5360
Evaluate best model on test data for horizon 8, Test MAE: 3.3054, Test MAPE: 0.0913, Test RMSE: 6.7318
Evaluate best model on test data for horizon 9, Test MAE: 3.3735, Test MAPE: 0.0937, Test RMSE: 6.9017
Evaluate best model on test data for horizon 10, Test MAE: 3.4324, Test MAPE: 0.0957, Test RMSE: 7.0465
Evaluate best model on test data for horizon 11, Test MAE: 3.4825, Test MAPE: 0.0972, Test RMSE: 7.1639
Evaluate best model on test data for horizon 12, Test MAE: 3.5275, Test MAPE: 0.0983, Test RMSE: 7.2579
On average over 12 horizons, Test MAE: 3.0987, Test MAPE: 0.0834, Test RMSE: 6.1648
Total time spent: 12931.8653
