Start Deterministic Training with seed 42
Namespace(device='cuda:0', data='/home/p_tf_zy/p_tf_01/TESTAM-main/data/METR-LA', adjdata='/home/p_tf_zy/p_tf_01/TESTAM-main/data/METR-LA/adj_mx.pkl', adjtype='doubletransition', out_dim=1, nhid=32, in_dim=2, num_nodes=207, batch_size=64, dropout=0.2, epochs=100, print_every=50, seed=42, save='/home/p_tf_zy/p_tf_01/TESTAM-main/experiment/METR-LA_TESTAM', expid=1, load_path=None, patience=15, lr_mul=1, n_warmup_steps=4000, quantile=0.7, is_quantile=False, warmup_epoch=0)
Train the model with 68953 parameters
start training...
Iter: 000, Train Loss: 17.0784, Train MAPE: 0.3468, Train RMSE: 19.7999
Iter: 050, Train Loss: 10.4024, Train MAPE: 0.2567, Train RMSE: 14.0494
Iter: 100, Train Loss: 7.2281, Train MAPE: 0.1833, Train RMSE: 10.5336
Iter: 150, Train Loss: 6.3709, Train MAPE: 0.1678, Train RMSE: 10.4440
Iter: 200, Train Loss: 5.9025, Train MAPE: 0.1580, Train RMSE: 10.3545
Iter: 250, Train Loss: 5.0684, Train MAPE: 0.1578, Train RMSE: 9.2368
Iter: 300, Train Loss: 4.8506, Train MAPE: 0.1613, Train RMSE: 9.1338
Iter: 350, Train Loss: 5.2291, Train MAPE: 0.1772, Train RMSE: 10.3871
Epoch: 001, Inference Time: 1.4586 secs
Epoch: 001, Train Loss: 6.9626, Train MAPE: 0.1818, Train RMSE: 10.8110, Valid Loss: 4.2952, Valid MAPE: 0.1330, Valid RMSE: 8.1376, Training Time: 49.3212/epoch
Iter: 000, Train Loss: 4.2164, Train MAPE: 0.1193, Train RMSE: 8.3143
Iter: 050, Train Loss: 4.2879, Train MAPE: 0.1308, Train RMSE: 8.3629
Iter: 100, Train Loss: 4.2713, Train MAPE: 0.1276, Train RMSE: 8.3546
Iter: 150, Train Loss: 4.8120, Train MAPE: 0.1398, Train RMSE: 9.5043
Iter: 200, Train Loss: 4.2892, Train MAPE: 0.1325, Train RMSE: 8.4255
Iter: 250, Train Loss: 4.0692, Train MAPE: 0.1291, Train RMSE: 8.0134
Iter: 300, Train Loss: 4.0657, Train MAPE: 0.1236, Train RMSE: 7.9334
Iter: 350, Train Loss: 4.2452, Train MAPE: 0.1423, Train RMSE: 8.3861
Epoch: 002, Inference Time: 1.4604 secs
Epoch: 002, Train Loss: 4.2925, Train MAPE: 0.1327, Train RMSE: 8.4201, Valid Loss: 3.7302, Valid MAPE: 0.1154, Valid RMSE: 6.9692, Training Time: 23.2739/epoch
Iter: 000, Train Loss: 4.0114, Train MAPE: 0.1162, Train RMSE: 7.5494
Iter: 050, Train Loss: 4.0983, Train MAPE: 0.1212, Train RMSE: 7.7982
Iter: 100, Train Loss: 3.4228, Train MAPE: 0.0896, Train RMSE: 6.8215
Iter: 150, Train Loss: 3.8491, Train MAPE: 0.1068, Train RMSE: 7.1356
Iter: 200, Train Loss: 3.6083, Train MAPE: 0.1023, Train RMSE: 7.2064
Iter: 250, Train Loss: 3.4767, Train MAPE: 0.0998, Train RMSE: 7.0545
Iter: 300, Train Loss: 3.9395, Train MAPE: 0.1196, Train RMSE: 7.5636
Iter: 350, Train Loss: 3.7545, Train MAPE: 0.1117, Train RMSE: 7.4569
Epoch: 003, Inference Time: 1.4508 secs
Epoch: 003, Train Loss: 3.8299, Train MAPE: 0.1129, Train RMSE: 7.5416, Valid Loss: 3.7262, Valid MAPE: 0.1073, Valid RMSE: 6.7405, Training Time: 23.2742/epoch
Iter: 000, Train Loss: 3.9346, Train MAPE: 0.1118, Train RMSE: 7.1902
Iter: 050, Train Loss: 3.7244, Train MAPE: 0.1027, Train RMSE: 7.1184
Iter: 100, Train Loss: 3.8696, Train MAPE: 0.1154, Train RMSE: 7.2738
Iter: 150, Train Loss: 3.5193, Train MAPE: 0.0993, Train RMSE: 6.9873
Iter: 200, Train Loss: 3.5228, Train MAPE: 0.1075, Train RMSE: 7.3168
Iter: 250, Train Loss: 3.6990, Train MAPE: 0.1087, Train RMSE: 7.2021
Iter: 300, Train Loss: 3.4382, Train MAPE: 0.0966, Train RMSE: 6.9410
Iter: 350, Train Loss: 3.4593, Train MAPE: 0.1004, Train RMSE: 7.0622
Epoch: 004, Inference Time: 1.4599 secs
Epoch: 004, Train Loss: 3.6971, Train MAPE: 0.1074, Train RMSE: 7.3463, Valid Loss: 3.4612, Valid MAPE: 0.1024, Valid RMSE: 6.6873, Training Time: 23.1484/epoch
Iter: 000, Train Loss: 3.6983, Train MAPE: 0.1049, Train RMSE: 7.2844
Iter: 050, Train Loss: 3.6767, Train MAPE: 0.0956, Train RMSE: 6.7655
Iter: 100, Train Loss: 3.7810, Train MAPE: 0.1145, Train RMSE: 7.4871
Iter: 150, Train Loss: 3.3099, Train MAPE: 0.0836, Train RMSE: 6.7584
Iter: 200, Train Loss: 3.5034, Train MAPE: 0.0974, Train RMSE: 7.0884
Iter: 250, Train Loss: 3.8264, Train MAPE: 0.1183, Train RMSE: 7.5161
Iter: 300, Train Loss: 3.7660, Train MAPE: 0.1084, Train RMSE: 7.4556
Iter: 350, Train Loss: 3.6888, Train MAPE: 0.1053, Train RMSE: 7.2668
Epoch: 005, Inference Time: 1.4592 secs
Epoch: 005, Train Loss: 3.6276, Train MAPE: 0.1050, Train RMSE: 7.2547, Valid Loss: 3.5097, Valid MAPE: 0.1033, Valid RMSE: 6.8193, Training Time: 23.2582/epoch
Iter: 000, Train Loss: 3.5439, Train MAPE: 0.1012, Train RMSE: 6.9716
Iter: 050, Train Loss: 3.9620, Train MAPE: 0.1169, Train RMSE: 7.9346
Iter: 100, Train Loss: 3.2576, Train MAPE: 0.0885, Train RMSE: 6.6950
Iter: 150, Train Loss: 3.5572, Train MAPE: 0.1018, Train RMSE: 7.0326
Iter: 200, Train Loss: 3.5444, Train MAPE: 0.1009, Train RMSE: 7.2154
Iter: 250, Train Loss: 3.5746, Train MAPE: 0.1008, Train RMSE: 7.1412
Iter: 300, Train Loss: 3.2578, Train MAPE: 0.0830, Train RMSE: 6.4483
Iter: 350, Train Loss: 3.2666, Train MAPE: 0.0829, Train RMSE: 6.4387
Epoch: 006, Inference Time: 1.4593 secs
Epoch: 006, Train Loss: 3.5600, Train MAPE: 0.1022, Train RMSE: 7.1572, Valid Loss: 3.6739, Valid MAPE: 0.1069, Valid RMSE: 6.8443, Training Time: 23.2084/epoch
Iter: 000, Train Loss: 3.1897, Train MAPE: 0.0910, Train RMSE: 6.7334
Iter: 050, Train Loss: 3.9207, Train MAPE: 0.1254, Train RMSE: 7.7568
Iter: 100, Train Loss: 3.4540, Train MAPE: 0.0923, Train RMSE: 6.7876
Iter: 150, Train Loss: 3.2765, Train MAPE: 0.0983, Train RMSE: 6.8142
Iter: 200, Train Loss: 3.3890, Train MAPE: 0.0969, Train RMSE: 7.0474
Iter: 250, Train Loss: 3.4425, Train MAPE: 0.0944, Train RMSE: 6.7285
Iter: 300, Train Loss: 3.5072, Train MAPE: 0.1000, Train RMSE: 7.0436
Iter: 350, Train Loss: 3.5240, Train MAPE: 0.0968, Train RMSE: 7.1102
Epoch: 007, Inference Time: 1.4594 secs
Epoch: 007, Train Loss: 3.4953, Train MAPE: 0.0999, Train RMSE: 7.0651, Valid Loss: 3.5812, Valid MAPE: 0.1036, Valid RMSE: 6.8721, Training Time: 23.2307/epoch
Iter: 000, Train Loss: 3.4644, Train MAPE: 0.0925, Train RMSE: 7.0514
Iter: 050, Train Loss: 3.4835, Train MAPE: 0.1021, Train RMSE: 7.2486
Iter: 100, Train Loss: 3.3540, Train MAPE: 0.0885, Train RMSE: 6.7480
Iter: 150, Train Loss: 3.6780, Train MAPE: 0.1098, Train RMSE: 7.1977
Iter: 200, Train Loss: 3.3182, Train MAPE: 0.0931, Train RMSE: 6.9304
Iter: 250, Train Loss: 3.3993, Train MAPE: 0.1039, Train RMSE: 7.1742
Iter: 300, Train Loss: 3.2611, Train MAPE: 0.0870, Train RMSE: 6.7944
Iter: 350, Train Loss: 3.5819, Train MAPE: 0.1066, Train RMSE: 7.3621
Epoch: 008, Inference Time: 1.4592 secs
Epoch: 008, Train Loss: 3.4248, Train MAPE: 0.0977, Train RMSE: 6.9574, Valid Loss: 3.3066, Valid MAPE: 0.0962, Valid RMSE: 6.4375, Training Time: 23.2352/epoch
Iter: 000, Train Loss: 3.5044, Train MAPE: 0.0935, Train RMSE: 6.6141
Iter: 050, Train Loss: 3.3911, Train MAPE: 0.0937, Train RMSE: 6.8346
Iter: 100, Train Loss: 3.4476, Train MAPE: 0.0989, Train RMSE: 6.9523
Iter: 150, Train Loss: 3.2726, Train MAPE: 0.0923, Train RMSE: 6.5380
Iter: 200, Train Loss: 3.2974, Train MAPE: 0.0899, Train RMSE: 6.5208
Iter: 250, Train Loss: 3.6449, Train MAPE: 0.1105, Train RMSE: 7.3978
Iter: 300, Train Loss: 3.2600, Train MAPE: 0.0907, Train RMSE: 6.7171
Iter: 350, Train Loss: 2.9602, Train MAPE: 0.0782, Train RMSE: 6.0095
Epoch: 009, Inference Time: 1.4595 secs
Epoch: 009, Train Loss: 3.3518, Train MAPE: 0.0949, Train RMSE: 6.8122, Valid Loss: 3.2936, Valid MAPE: 0.0952, Valid RMSE: 6.3426, Training Time: 23.2170/epoch
Iter: 000, Train Loss: 3.4732, Train MAPE: 0.0928, Train RMSE: 6.5510
Iter: 050, Train Loss: 3.2866, Train MAPE: 0.0921, Train RMSE: 6.6597
Iter: 100, Train Loss: 3.3627, Train MAPE: 0.0941, Train RMSE: 6.8012
Iter: 150, Train Loss: 3.3259, Train MAPE: 0.0920, Train RMSE: 6.7699
Iter: 200, Train Loss: 3.4889, Train MAPE: 0.0988, Train RMSE: 7.1293
Iter: 250, Train Loss: 3.6444, Train MAPE: 0.1093, Train RMSE: 7.1531
Iter: 300, Train Loss: 3.2224, Train MAPE: 0.0902, Train RMSE: 6.6322
Iter: 350, Train Loss: 3.2484, Train MAPE: 0.0854, Train RMSE: 6.4093
Epoch: 010, Inference Time: 1.4593 secs
Epoch: 010, Train Loss: 3.3113, Train MAPE: 0.0931, Train RMSE: 6.7206, Valid Loss: 3.3006, Valid MAPE: 0.0950, Valid RMSE: 6.3949, Training Time: 23.2272/epoch
Iter: 000, Train Loss: 3.3680, Train MAPE: 0.0959, Train RMSE: 6.7538
Iter: 050, Train Loss: 3.1297, Train MAPE: 0.0928, Train RMSE: 6.5952
Iter: 100, Train Loss: 3.2399, Train MAPE: 0.0862, Train RMSE: 6.5008
Iter: 150, Train Loss: 3.1896, Train MAPE: 0.0866, Train RMSE: 6.5049
Iter: 200, Train Loss: 2.9240, Train MAPE: 0.0749, Train RMSE: 6.0777
Iter: 250, Train Loss: 3.0756, Train MAPE: 0.0859, Train RMSE: 6.2632
Iter: 300, Train Loss: 3.2895, Train MAPE: 0.0986, Train RMSE: 6.7738
Iter: 350, Train Loss: 3.5028, Train MAPE: 0.0948, Train RMSE: 6.9693
Epoch: 011, Inference Time: 1.4597 secs
Epoch: 011, Train Loss: 3.2973, Train MAPE: 0.0924, Train RMSE: 6.6901, Valid Loss: 3.6046, Valid MAPE: 0.0996, Valid RMSE: 6.5463, Training Time: 23.2065/epoch
Iter: 000, Train Loss: 3.4492, Train MAPE: 0.0985, Train RMSE: 6.9314
Iter: 050, Train Loss: 3.3720, Train MAPE: 0.1019, Train RMSE: 6.6692
Iter: 100, Train Loss: 3.5564, Train MAPE: 0.1025, Train RMSE: 6.8460
Iter: 150, Train Loss: 3.9735, Train MAPE: 0.0989, Train RMSE: 6.8838
Iter: 200, Train Loss: 3.1970, Train MAPE: 0.0840, Train RMSE: 6.5203
Iter: 250, Train Loss: 3.2505, Train MAPE: 0.0917, Train RMSE: 6.5495
Iter: 300, Train Loss: 3.4682, Train MAPE: 0.0953, Train RMSE: 6.7241
Iter: 350, Train Loss: 2.9699, Train MAPE: 0.0799, Train RMSE: 5.9015
Epoch: 012, Inference Time: 1.4597 secs
Epoch: 012, Train Loss: 3.4039, Train MAPE: 0.0949, Train RMSE: 6.7780, Valid Loss: 3.3627, Valid MAPE: 0.0926, Valid RMSE: 6.4122, Training Time: 23.2191/epoch
Iter: 000, Train Loss: 3.2395, Train MAPE: 0.0851, Train RMSE: 6.6587
Iter: 050, Train Loss: 3.3319, Train MAPE: 0.0975, Train RMSE: 6.9245
Iter: 100, Train Loss: 3.4820, Train MAPE: 0.1004, Train RMSE: 6.9312
Iter: 150, Train Loss: 3.4976, Train MAPE: 0.0994, Train RMSE: 6.9721
Iter: 200, Train Loss: 3.1270, Train MAPE: 0.0810, Train RMSE: 6.2266
Iter: 250, Train Loss: 3.2601, Train MAPE: 0.0839, Train RMSE: 6.4892
Iter: 300, Train Loss: 3.0833, Train MAPE: 0.0779, Train RMSE: 6.1174
Iter: 350, Train Loss: 3.1388, Train MAPE: 0.0811, Train RMSE: 6.2502
Epoch: 013, Inference Time: 1.4592 secs
Epoch: 013, Train Loss: 3.2848, Train MAPE: 0.0916, Train RMSE: 6.6624, Valid Loss: 3.1765, Valid MAPE: 0.0918, Valid RMSE: 6.3036, Training Time: 23.2076/epoch
Iter: 000, Train Loss: 2.9481, Train MAPE: 0.0771, Train RMSE: 6.0023
Iter: 050, Train Loss: 3.3463, Train MAPE: 0.0910, Train RMSE: 6.7413
Iter: 100, Train Loss: 3.2020, Train MAPE: 0.0860, Train RMSE: 6.4865
Iter: 150, Train Loss: 2.9423, Train MAPE: 0.0714, Train RMSE: 5.8693
Iter: 200, Train Loss: 3.4536, Train MAPE: 0.0978, Train RMSE: 7.2978
Iter: 250, Train Loss: 3.3025, Train MAPE: 0.1001, Train RMSE: 6.9173
Iter: 300, Train Loss: 3.2160, Train MAPE: 0.0875, Train RMSE: 6.5512
Iter: 350, Train Loss: 3.0120, Train MAPE: 0.0791, Train RMSE: 6.3204
Epoch: 014, Inference Time: 1.4592 secs
Epoch: 014, Train Loss: 3.2103, Train MAPE: 0.0894, Train RMSE: 6.5729, Valid Loss: 3.1897, Valid MAPE: 0.0899, Valid RMSE: 6.2838, Training Time: 23.2273/epoch
Iter: 000, Train Loss: 2.9485, Train MAPE: 0.0783, Train RMSE: 5.8870
Iter: 050, Train Loss: 2.9831, Train MAPE: 0.0819, Train RMSE: 6.0755
Iter: 100, Train Loss: 3.2554, Train MAPE: 0.0952, Train RMSE: 6.7987
Iter: 150, Train Loss: 3.2958, Train MAPE: 0.0953, Train RMSE: 6.8932
Iter: 200, Train Loss: 3.1522, Train MAPE: 0.0838, Train RMSE: 6.0906
Iter: 250, Train Loss: 2.9589, Train MAPE: 0.0736, Train RMSE: 6.0950
Iter: 300, Train Loss: 2.9156, Train MAPE: 0.0751, Train RMSE: 5.9681
Iter: 350, Train Loss: 3.4283, Train MAPE: 0.1043, Train RMSE: 7.3581
Epoch: 015, Inference Time: 1.4595 secs
Epoch: 015, Train Loss: 3.1670, Train MAPE: 0.0881, Train RMSE: 6.5044, Valid Loss: 3.2259, Valid MAPE: 0.0915, Valid RMSE: 6.2034, Training Time: 23.2340/epoch
Iter: 000, Train Loss: 3.4201, Train MAPE: 0.1003, Train RMSE: 6.9981
Iter: 050, Train Loss: 2.9825, Train MAPE: 0.0779, Train RMSE: 6.1254
Iter: 100, Train Loss: 2.9767, Train MAPE: 0.0809, Train RMSE: 6.2120
Iter: 150, Train Loss: 3.4481, Train MAPE: 0.1007, Train RMSE: 7.0619
Iter: 200, Train Loss: 3.4320, Train MAPE: 0.1044, Train RMSE: 7.0582
Iter: 250, Train Loss: 3.2293, Train MAPE: 0.0922, Train RMSE: 6.7375
Iter: 300, Train Loss: 2.9937, Train MAPE: 0.0772, Train RMSE: 6.1337
Iter: 350, Train Loss: 2.9616, Train MAPE: 0.0782, Train RMSE: 6.1347
Epoch: 016, Inference Time: 1.4597 secs
Epoch: 016, Train Loss: 3.1252, Train MAPE: 0.0867, Train RMSE: 6.4424, Valid Loss: 3.1131, Valid MAPE: 0.0899, Valid RMSE: 6.1033, Training Time: 23.2526/epoch
Iter: 000, Train Loss: 2.9615, Train MAPE: 0.0783, Train RMSE: 6.0997
Iter: 050, Train Loss: 2.8352, Train MAPE: 0.0738, Train RMSE: 6.0465
Iter: 100, Train Loss: 3.2163, Train MAPE: 0.1039, Train RMSE: 6.8399
Iter: 150, Train Loss: 3.1229, Train MAPE: 0.0923, Train RMSE: 6.3883
Iter: 200, Train Loss: 3.0142, Train MAPE: 0.0763, Train RMSE: 6.1169
Iter: 250, Train Loss: 3.3786, Train MAPE: 0.0978, Train RMSE: 7.0144
Iter: 300, Train Loss: 2.9513, Train MAPE: 0.0755, Train RMSE: 5.9190
Iter: 350, Train Loss: 3.1581, Train MAPE: 0.0835, Train RMSE: 6.4302
Epoch: 017, Inference Time: 1.4595 secs
Epoch: 017, Train Loss: 3.0996, Train MAPE: 0.0858, Train RMSE: 6.3985, Valid Loss: 3.1047, Valid MAPE: 0.0876, Valid RMSE: 6.1132, Training Time: 23.2555/epoch
Iter: 000, Train Loss: 3.2477, Train MAPE: 0.0963, Train RMSE: 6.8138
Iter: 050, Train Loss: 3.1032, Train MAPE: 0.0870, Train RMSE: 6.3477
Iter: 100, Train Loss: 3.1474, Train MAPE: 0.0842, Train RMSE: 6.4921
Iter: 150, Train Loss: 3.6701, Train MAPE: 0.1064, Train RMSE: 7.3482
Iter: 200, Train Loss: 3.3750, Train MAPE: 0.0970, Train RMSE: 6.8613
Iter: 250, Train Loss: 2.8646, Train MAPE: 0.0768, Train RMSE: 5.8600
Iter: 300, Train Loss: 3.0766, Train MAPE: 0.0764, Train RMSE: 6.0868
Iter: 350, Train Loss: 3.0561, Train MAPE: 0.0813, Train RMSE: 6.1492
Epoch: 018, Inference Time: 1.4598 secs
Epoch: 018, Train Loss: 3.0762, Train MAPE: 0.0850, Train RMSE: 6.3598, Valid Loss: 3.2102, Valid MAPE: 0.0903, Valid RMSE: 6.2075, Training Time: 23.2508/epoch
Iter: 000, Train Loss: 3.2808, Train MAPE: 0.0910, Train RMSE: 6.5782
Iter: 050, Train Loss: 3.0084, Train MAPE: 0.0846, Train RMSE: 6.2559
Iter: 100, Train Loss: 2.9830, Train MAPE: 0.0836, Train RMSE: 6.2507
Iter: 150, Train Loss: 2.8156, Train MAPE: 0.0724, Train RMSE: 5.8205
Iter: 200, Train Loss: 3.1788, Train MAPE: 0.0955, Train RMSE: 6.7099
Iter: 250, Train Loss: 2.8716, Train MAPE: 0.0737, Train RMSE: 5.7369
Iter: 300, Train Loss: 3.0880, Train MAPE: 0.0829, Train RMSE: 6.4305
Iter: 350, Train Loss: 2.8256, Train MAPE: 0.0697, Train RMSE: 5.7437
Epoch: 019, Inference Time: 1.4599 secs
Epoch: 019, Train Loss: 3.0611, Train MAPE: 0.0845, Train RMSE: 6.3314, Valid Loss: 3.1962, Valid MAPE: 0.0888, Valid RMSE: 6.1755, Training Time: 23.2408/epoch
Iter: 000, Train Loss: 2.8496, Train MAPE: 0.0776, Train RMSE: 6.0230
Iter: 050, Train Loss: 3.0287, Train MAPE: 0.0820, Train RMSE: 6.1007
Iter: 100, Train Loss: 3.0298, Train MAPE: 0.0816, Train RMSE: 6.3672
Iter: 150, Train Loss: 3.1610, Train MAPE: 0.0930, Train RMSE: 6.7816
Iter: 200, Train Loss: 3.0574, Train MAPE: 0.0876, Train RMSE: 6.1834
Iter: 250, Train Loss: 2.9920, Train MAPE: 0.0838, Train RMSE: 6.2694
Iter: 300, Train Loss: 3.2770, Train MAPE: 0.0957, Train RMSE: 6.8400
Iter: 350, Train Loss: 3.0125, Train MAPE: 0.0810, Train RMSE: 6.1360
Epoch: 020, Inference Time: 1.4596 secs
Epoch: 020, Train Loss: 3.0465, Train MAPE: 0.0839, Train RMSE: 6.3074, Valid Loss: 3.1944, Valid MAPE: 0.0889, Valid RMSE: 6.1689, Training Time: 23.2326/epoch
Iter: 000, Train Loss: 3.0377, Train MAPE: 0.0837, Train RMSE: 6.2359
Iter: 050, Train Loss: 2.9317, Train MAPE: 0.0753, Train RMSE: 6.0222
Iter: 100, Train Loss: 2.9533, Train MAPE: 0.0734, Train RMSE: 5.9671
Iter: 150, Train Loss: 3.0935, Train MAPE: 0.0855, Train RMSE: 6.2777
Iter: 200, Train Loss: 3.2109, Train MAPE: 0.0884, Train RMSE: 6.5988
Iter: 250, Train Loss: 2.8485, Train MAPE: 0.0772, Train RMSE: 5.8370
Iter: 300, Train Loss: 3.1910, Train MAPE: 0.0871, Train RMSE: 6.4907
Iter: 350, Train Loss: 3.0800, Train MAPE: 0.0855, Train RMSE: 6.4495
Epoch: 021, Inference Time: 1.4595 secs
Epoch: 021, Train Loss: 3.0377, Train MAPE: 0.0836, Train RMSE: 6.2889, Valid Loss: 3.1768, Valid MAPE: 0.0888, Valid RMSE: 6.1699, Training Time: 23.2263/epoch
Iter: 000, Train Loss: 3.1604, Train MAPE: 0.0893, Train RMSE: 6.5110
Iter: 050, Train Loss: 2.8980, Train MAPE: 0.0830, Train RMSE: 6.2176
Iter: 100, Train Loss: 2.8650, Train MAPE: 0.0739, Train RMSE: 5.8595
Iter: 150, Train Loss: 3.1165, Train MAPE: 0.0933, Train RMSE: 6.4359
Iter: 200, Train Loss: 3.1123, Train MAPE: 0.0845, Train RMSE: 6.4406
Iter: 250, Train Loss: 3.2231, Train MAPE: 0.0896, Train RMSE: 6.4244
Iter: 300, Train Loss: 3.0845, Train MAPE: 0.0825, Train RMSE: 6.2356
Iter: 350, Train Loss: 3.2215, Train MAPE: 0.0863, Train RMSE: 6.6245
Epoch: 022, Inference Time: 1.4603 secs
Epoch: 022, Train Loss: 3.1256, Train MAPE: 0.0865, Train RMSE: 6.4225, Valid Loss: 3.2001, Valid MAPE: 0.0888, Valid RMSE: 6.1836, Training Time: 23.2337/epoch
Iter: 000, Train Loss: 2.9281, Train MAPE: 0.0782, Train RMSE: 6.0067
Iter: 050, Train Loss: 3.1679, Train MAPE: 0.1003, Train RMSE: 6.6451
Iter: 100, Train Loss: 2.9734, Train MAPE: 0.0859, Train RMSE: 6.2187
Iter: 150, Train Loss: 2.8706, Train MAPE: 0.0769, Train RMSE: 6.1380
Iter: 200, Train Loss: 3.2266, Train MAPE: 0.0832, Train RMSE: 6.3775
Iter: 250, Train Loss: 3.3481, Train MAPE: 0.0933, Train RMSE: 6.8885
Iter: 300, Train Loss: 3.0450, Train MAPE: 0.0771, Train RMSE: 6.2613
Iter: 350, Train Loss: 2.9778, Train MAPE: 0.0796, Train RMSE: 6.2543
Epoch: 023, Inference Time: 1.4600 secs
Epoch: 023, Train Loss: 3.1360, Train MAPE: 0.0870, Train RMSE: 6.4548, Valid Loss: 3.2350, Valid MAPE: 0.0892, Valid RMSE: 6.2697, Training Time: 23.2225/epoch
Iter: 000, Train Loss: 3.0199, Train MAPE: 0.0817, Train RMSE: 6.2847
Iter: 050, Train Loss: 3.0037, Train MAPE: 0.0787, Train RMSE: 6.2045
Iter: 100, Train Loss: 3.0796, Train MAPE: 0.0826, Train RMSE: 6.4575
Iter: 150, Train Loss: 3.0019, Train MAPE: 0.0799, Train RMSE: 6.1719
Iter: 200, Train Loss: 3.0057, Train MAPE: 0.0724, Train RMSE: 6.1008
Iter: 250, Train Loss: 3.1464, Train MAPE: 0.0859, Train RMSE: 6.3561
Iter: 300, Train Loss: 3.2781, Train MAPE: 0.0982, Train RMSE: 6.7979
Iter: 350, Train Loss: 3.1132, Train MAPE: 0.0889, Train RMSE: 6.5326
Epoch: 024, Inference Time: 1.4589 secs
Epoch: 024, Train Loss: 3.1134, Train MAPE: 0.0861, Train RMSE: 6.4137, Valid Loss: 3.1859, Valid MAPE: 0.0894, Valid RMSE: 6.1955, Training Time: 23.2240/epoch
Iter: 000, Train Loss: 3.2374, Train MAPE: 0.0900, Train RMSE: 6.5669
Iter: 050, Train Loss: 3.1143, Train MAPE: 0.0859, Train RMSE: 6.3963
Iter: 100, Train Loss: 3.2265, Train MAPE: 0.0898, Train RMSE: 6.7850
Iter: 150, Train Loss: 3.1209, Train MAPE: 0.0819, Train RMSE: 6.2799
Iter: 200, Train Loss: 2.9272, Train MAPE: 0.0791, Train RMSE: 6.2314
Iter: 250, Train Loss: 3.1467, Train MAPE: 0.0894, Train RMSE: 6.7427
Iter: 300, Train Loss: 3.0146, Train MAPE: 0.0807, Train RMSE: 6.2231
Iter: 350, Train Loss: 3.2381, Train MAPE: 0.0899, Train RMSE: 6.6129
Epoch: 025, Inference Time: 1.4593 secs
Epoch: 025, Train Loss: 3.0984, Train MAPE: 0.0857, Train RMSE: 6.3945, Valid Loss: 3.1480, Valid MAPE: 0.0907, Valid RMSE: 6.1746, Training Time: 23.2268/epoch
Iter: 000, Train Loss: 3.1729, Train MAPE: 0.0880, Train RMSE: 6.5865
Iter: 050, Train Loss: 3.1306, Train MAPE: 0.0830, Train RMSE: 6.3731
Iter: 100, Train Loss: 3.1743, Train MAPE: 0.0841, Train RMSE: 6.5845
Iter: 150, Train Loss: 3.0481, Train MAPE: 0.0840, Train RMSE: 6.2565
Iter: 200, Train Loss: 3.0729, Train MAPE: 0.0860, Train RMSE: 6.3357
Iter: 250, Train Loss: 3.0111, Train MAPE: 0.0844, Train RMSE: 6.3226
Iter: 300, Train Loss: 3.2503, Train MAPE: 0.0889, Train RMSE: 6.6005
Iter: 350, Train Loss: 3.0867, Train MAPE: 0.0887, Train RMSE: 6.4987
Epoch: 026, Inference Time: 1.4586 secs
Epoch: 026, Train Loss: 3.0771, Train MAPE: 0.0848, Train RMSE: 6.3544, Valid Loss: 3.1970, Valid MAPE: 0.0898, Valid RMSE: 6.2171, Training Time: 23.2203/epoch
Iter: 000, Train Loss: 2.9534, Train MAPE: 0.0799, Train RMSE: 6.0878
Iter: 050, Train Loss: 3.1739, Train MAPE: 0.0933, Train RMSE: 6.5817
Iter: 100, Train Loss: 3.0626, Train MAPE: 0.0835, Train RMSE: 6.2133
Iter: 150, Train Loss: 2.9749, Train MAPE: 0.0863, Train RMSE: 6.3023
Iter: 200, Train Loss: 3.1137, Train MAPE: 0.0855, Train RMSE: 6.4664
Iter: 250, Train Loss: 3.0940, Train MAPE: 0.0833, Train RMSE: 6.2826
Iter: 300, Train Loss: 2.9352, Train MAPE: 0.0795, Train RMSE: 6.1791
Iter: 350, Train Loss: 3.1647, Train MAPE: 0.0901, Train RMSE: 6.5926
Epoch: 027, Inference Time: 1.4591 secs
Epoch: 027, Train Loss: 3.0586, Train MAPE: 0.0843, Train RMSE: 6.3247, Valid Loss: 3.1890, Valid MAPE: 0.0893, Valid RMSE: 6.1881, Training Time: 23.2204/epoch
Iter: 000, Train Loss: 3.2629, Train MAPE: 0.0930, Train RMSE: 6.8082
Iter: 050, Train Loss: 3.0018, Train MAPE: 0.0829, Train RMSE: 6.1944
Iter: 100, Train Loss: 2.8646, Train MAPE: 0.0761, Train RMSE: 6.1659
Iter: 150, Train Loss: 3.1621, Train MAPE: 0.0905, Train RMSE: 6.4802
Iter: 200, Train Loss: 3.4417, Train MAPE: 0.1063, Train RMSE: 7.2532
Iter: 250, Train Loss: 2.9541, Train MAPE: 0.0793, Train RMSE: 6.0132
Iter: 300, Train Loss: 3.2648, Train MAPE: 0.0953, Train RMSE: 6.7591
Iter: 350, Train Loss: 2.8105, Train MAPE: 0.0726, Train RMSE: 5.8109
Epoch: 028, Inference Time: 1.4584 secs
Epoch: 028, Train Loss: 3.0433, Train MAPE: 0.0837, Train RMSE: 6.2931, Valid Loss: 3.2140, Valid MAPE: 0.0886, Valid RMSE: 6.1615, Training Time: 23.2245/epoch
Iter: 000, Train Loss: 3.1743, Train MAPE: 0.0868, Train RMSE: 6.4808
Iter: 050, Train Loss: 2.8022, Train MAPE: 0.0801, Train RMSE: 5.9611
Iter: 100, Train Loss: 2.7438, Train MAPE: 0.0779, Train RMSE: 5.7682
Iter: 150, Train Loss: 3.1164, Train MAPE: 0.0820, Train RMSE: 6.3341
Iter: 200, Train Loss: 2.9425, Train MAPE: 0.0779, Train RMSE: 6.1003
Iter: 250, Train Loss: 2.6298, Train MAPE: 0.0663, Train RMSE: 5.4869
Iter: 300, Train Loss: 3.0385, Train MAPE: 0.0843, Train RMSE: 6.2044
Iter: 350, Train Loss: 2.9820, Train MAPE: 0.0787, Train RMSE: 6.0759
Epoch: 029, Inference Time: 1.4592 secs
Epoch: 029, Train Loss: 3.0269, Train MAPE: 0.0831, Train RMSE: 6.2651, Valid Loss: 3.1410, Valid MAPE: 0.0881, Valid RMSE: 6.1665, Training Time: 23.2286/epoch
Iter: 000, Train Loss: 2.9635, Train MAPE: 0.0787, Train RMSE: 5.9713
Iter: 050, Train Loss: 3.1019, Train MAPE: 0.0904, Train RMSE: 6.4667
Iter: 100, Train Loss: 2.9766, Train MAPE: 0.0821, Train RMSE: 6.1267
Iter: 150, Train Loss: 3.1665, Train MAPE: 0.0924, Train RMSE: 6.6350
Iter: 200, Train Loss: 3.1881, Train MAPE: 0.0921, Train RMSE: 6.6011
Iter: 250, Train Loss: 2.8707, Train MAPE: 0.0741, Train RMSE: 6.0027
Iter: 300, Train Loss: 2.9663, Train MAPE: 0.0735, Train RMSE: 6.0690
Iter: 350, Train Loss: 3.1921, Train MAPE: 0.0862, Train RMSE: 6.4912
Epoch: 030, Inference Time: 1.4585 secs
Epoch: 030, Train Loss: 3.0134, Train MAPE: 0.0826, Train RMSE: 6.2392, Valid Loss: 3.1362, Valid MAPE: 0.0877, Valid RMSE: 6.1380, Training Time: 23.2279/epoch
Iter: 000, Train Loss: 3.2548, Train MAPE: 0.0955, Train RMSE: 6.8885
Iter: 050, Train Loss: 3.1510, Train MAPE: 0.0887, Train RMSE: 6.4621
Iter: 100, Train Loss: 3.0395, Train MAPE: 0.0855, Train RMSE: 6.3799
Iter: 150, Train Loss: 2.8160, Train MAPE: 0.0718, Train RMSE: 5.7895
Iter: 200, Train Loss: 2.7337, Train MAPE: 0.0690, Train RMSE: 5.6792
Iter: 250, Train Loss: 2.8154, Train MAPE: 0.0773, Train RMSE: 5.9481
Iter: 300, Train Loss: 2.9953, Train MAPE: 0.0838, Train RMSE: 6.2658
Iter: 350, Train Loss: 3.1578, Train MAPE: 0.0935, Train RMSE: 6.6124
Epoch: 031, Inference Time: 1.4584 secs
Epoch: 031, Train Loss: 3.0036, Train MAPE: 0.0823, Train RMSE: 6.2211, Valid Loss: 3.1408, Valid MAPE: 0.0878, Valid RMSE: 6.1390, Training Time: 23.2096/epoch
Iter: 000, Train Loss: 3.0154, Train MAPE: 0.0802, Train RMSE: 6.0707
Iter: 050, Train Loss: 2.7807, Train MAPE: 0.0701, Train RMSE: 5.6342
Iter: 100, Train Loss: 2.9858, Train MAPE: 0.0804, Train RMSE: 6.2424
Iter: 150, Train Loss: 2.9666, Train MAPE: 0.0792, Train RMSE: 6.2370
Iter: 200, Train Loss: 2.8055, Train MAPE: 0.0698, Train RMSE: 5.7164
Iter: 250, Train Loss: 2.9760, Train MAPE: 0.0861, Train RMSE: 6.3544
Iter: 300, Train Loss: 2.9610, Train MAPE: 0.0815, Train RMSE: 6.2853
Iter: 350, Train Loss: 3.1173, Train MAPE: 0.0919, Train RMSE: 6.6646
Epoch: 032, Inference Time: 1.4584 secs
Epoch: 032, Train Loss: 2.9980, Train MAPE: 0.0821, Train RMSE: 6.2104, Valid Loss: 3.2543, Valid MAPE: 0.0907, Valid RMSE: 6.3035, Training Time: 23.2309/epoch
Iter: 000, Train Loss: 3.2356, Train MAPE: 0.0967, Train RMSE: 6.8644
Iter: 050, Train Loss: 3.3336, Train MAPE: 0.0935, Train RMSE: 6.9085
Iter: 100, Train Loss: 3.3683, Train MAPE: 0.0938, Train RMSE: 6.7476
Iter: 150, Train Loss: 2.7879, Train MAPE: 0.0667, Train RMSE: 5.5664
Iter: 200, Train Loss: 3.1161, Train MAPE: 0.0876, Train RMSE: 6.4938
Iter: 250, Train Loss: 2.9565, Train MAPE: 0.0850, Train RMSE: 6.3620
Iter: 300, Train Loss: 3.0304, Train MAPE: 0.0840, Train RMSE: 6.2632
Iter: 350, Train Loss: 3.0214, Train MAPE: 0.0808, Train RMSE: 6.2257
Epoch: 033, Inference Time: 1.4586 secs
Epoch: 033, Train Loss: 3.1019, Train MAPE: 0.0855, Train RMSE: 6.3798, Valid Loss: 3.1441, Valid MAPE: 0.0878, Valid RMSE: 6.1283, Training Time: 23.2233/epoch
Early Termination!
Average Training Time: 24.0194 secs/epoch
Average Inference Time: 1.4590 secs
Training finished
The valid loss on best model is 3.1047
Evaluate best model on test data for horizon 1, Test MAE: 2.5578, Test MAPE: 0.0640, Test RMSE: 4.5752
Evaluate best model on test data for horizon 2, Test MAE: 2.8060, Test MAPE: 0.0721, Test RMSE: 5.3271
Evaluate best model on test data for horizon 3, Test MAE: 2.9918, Test MAPE: 0.0786, Test RMSE: 5.8712
Evaluate best model on test data for horizon 4, Test MAE: 3.1478, Test MAPE: 0.0845, Test RMSE: 6.3078
Evaluate best model on test data for horizon 5, Test MAE: 3.2820, Test MAPE: 0.0897, Test RMSE: 6.6709
Evaluate best model on test data for horizon 6, Test MAE: 3.4023, Test MAPE: 0.0944, Test RMSE: 6.9831
Evaluate best model on test data for horizon 7, Test MAE: 3.5089, Test MAPE: 0.0987, Test RMSE: 7.2521
Evaluate best model on test data for horizon 8, Test MAE: 3.6031, Test MAPE: 0.1025, Test RMSE: 7.4874
Evaluate best model on test data for horizon 9, Test MAE: 3.6867, Test MAPE: 0.1058, Test RMSE: 7.6866
Evaluate best model on test data for horizon 10, Test MAE: 3.7649, Test MAPE: 0.1089, Test RMSE: 7.8683
Evaluate best model on test data for horizon 11, Test MAE: 3.8382, Test MAPE: 0.1119, Test RMSE: 8.0343
Evaluate best model on test data for horizon 12, Test MAE: 3.9079, Test MAPE: 0.1147, Test RMSE: 8.1835
On average over 12 horizons, Test MAE: 3.3748, Test MAPE: 0.0938, Test RMSE: 6.8540
Total time spent: 898.1571
