Start Deterministic Training with seed 42
Namespace(device='cuda:0', data='/home/p_tf_zy/p_tf_01/TESTAM-main/data/METR-LA', adjdata='/home/p_tf_zy/p_tf_01/TESTAM-main/data/METR-LA/adj_mx.pkl', adjtype='doubletransition', out_dim=1, nhid=32, in_dim=2, num_nodes=207, batch_size=64, dropout=0.2, epochs=100, print_every=50, seed=42, save='/home/p_tf_zy/p_tf_01/TESTAM-main/experiment/METR-LA_TESTAM', expid=1, load_path=None, patience=15, lr_mul=1, n_warmup_steps=4000, quantile=0.7, is_quantile=False, warmup_epoch=0)
Train the model with 139258 parameters
start training...
Iter: 000, Train Loss: 13.4615, Train MAPE: 0.3041, Train RMSE: 15.1424
Iter: 050, Train Loss: 9.4024, Train MAPE: 0.2721, Train RMSE: 13.8393
Iter: 100, Train Loss: 7.3344, Train MAPE: 0.2297, Train RMSE: 11.6293
Iter: 150, Train Loss: 6.3967, Train MAPE: 0.1645, Train RMSE: 10.5845
Iter: 200, Train Loss: 6.0311, Train MAPE: 0.1550, Train RMSE: 10.4619
Iter: 250, Train Loss: 5.4383, Train MAPE: 0.1573, Train RMSE: 9.1293
Iter: 300, Train Loss: 5.2095, Train MAPE: 0.1630, Train RMSE: 9.0847
Iter: 350, Train Loss: 5.4282, Train MAPE: 0.1751, Train RMSE: 9.6536
Epoch: 001, Inference Time: 2.8265 secs
Epoch: 001, Train Loss: 6.7744, Train MAPE: 0.1870, Train RMSE: 10.5369, Valid Loss: 4.1806, Valid MAPE: 0.1283, Valid RMSE: 7.9089, Training Time: 76.0038/epoch
Iter: 000, Train Loss: 4.5732, Train MAPE: 0.1195, Train RMSE: 8.3798
Iter: 050, Train Loss: 4.6360, Train MAPE: 0.1359, Train RMSE: 8.5347
Iter: 100, Train Loss: 4.6557, Train MAPE: 0.1257, Train RMSE: 8.5750
Iter: 150, Train Loss: 4.9686, Train MAPE: 0.1349, Train RMSE: 8.6024
Iter: 200, Train Loss: 4.7064, Train MAPE: 0.1320, Train RMSE: 8.6328
Iter: 250, Train Loss: 4.4427, Train MAPE: 0.1321, Train RMSE: 8.1445
Iter: 300, Train Loss: 4.4719, Train MAPE: 0.1238, Train RMSE: 8.1824
Iter: 350, Train Loss: 4.6492, Train MAPE: 0.1473, Train RMSE: 8.7784
Epoch: 002, Inference Time: 2.8372 secs
Epoch: 002, Train Loss: 4.6491, Train MAPE: 0.1327, Train RMSE: 8.4653, Valid Loss: 3.6889, Valid MAPE: 0.1131, Valid RMSE: 7.1119, Training Time: 67.1799/epoch
Iter: 000, Train Loss: 4.4033, Train MAPE: 0.1154, Train RMSE: 7.7490
Iter: 050, Train Loss: 4.5476, Train MAPE: 0.1235, Train RMSE: 8.0771
Iter: 100, Train Loss: 3.8061, Train MAPE: 0.0909, Train RMSE: 7.0047
Iter: 150, Train Loss: 4.0614, Train MAPE: 0.1182, Train RMSE: 7.6283
Iter: 200, Train Loss: 3.9810, Train MAPE: 0.1073, Train RMSE: 7.4646
Iter: 250, Train Loss: 3.7590, Train MAPE: 0.0941, Train RMSE: 6.9078
Iter: 300, Train Loss: 4.2367, Train MAPE: 0.1149, Train RMSE: 7.6096
Iter: 350, Train Loss: 4.1469, Train MAPE: 0.1196, Train RMSE: 7.7792
Epoch: 003, Inference Time: 2.8461 secs
Epoch: 003, Train Loss: 4.1751, Train MAPE: 0.1143, Train RMSE: 7.6773, Valid Loss: 3.5447, Valid MAPE: 0.1057, Valid RMSE: 6.8471, Training Time: 67.1634/epoch
Iter: 000, Train Loss: 4.1437, Train MAPE: 0.1115, Train RMSE: 7.4592
Iter: 050, Train Loss: 4.0656, Train MAPE: 0.0968, Train RMSE: 7.3295
Iter: 100, Train Loss: 4.0677, Train MAPE: 0.1122, Train RMSE: 7.6186
Iter: 150, Train Loss: 3.9262, Train MAPE: 0.1035, Train RMSE: 7.1559
Iter: 200, Train Loss: 3.8518, Train MAPE: 0.1108, Train RMSE: 7.4609
Iter: 250, Train Loss: 3.9329, Train MAPE: 0.1053, Train RMSE: 7.1540
Iter: 300, Train Loss: 3.7553, Train MAPE: 0.0948, Train RMSE: 7.0104
Iter: 350, Train Loss: 3.8408, Train MAPE: 0.0992, Train RMSE: 7.1498
Epoch: 004, Inference Time: 2.8256 secs
Epoch: 004, Train Loss: 4.0145, Train MAPE: 0.1089, Train RMSE: 7.4966, Valid Loss: 3.5609, Valid MAPE: 0.1061, Valid RMSE: 6.9278, Training Time: 67.1951/epoch
Iter: 000, Train Loss: 4.0890, Train MAPE: 0.1129, Train RMSE: 7.9527
Iter: 050, Train Loss: 3.7352, Train MAPE: 0.0942, Train RMSE: 6.8580
Iter: 100, Train Loss: 4.1038, Train MAPE: 0.1161, Train RMSE: 7.7582
Iter: 150, Train Loss: 3.5684, Train MAPE: 0.0876, Train RMSE: 6.5040
Iter: 200, Train Loss: 3.8298, Train MAPE: 0.0981, Train RMSE: 7.1593
Iter: 250, Train Loss: 4.1195, Train MAPE: 0.1179, Train RMSE: 7.6150
Iter: 300, Train Loss: 4.1285, Train MAPE: 0.1115, Train RMSE: 7.6614
Iter: 350, Train Loss: 3.9891, Train MAPE: 0.1039, Train RMSE: 7.7109
Epoch: 005, Inference Time: 2.8654 secs
Epoch: 005, Train Loss: 3.9345, Train MAPE: 0.1047, Train RMSE: 7.3394, Valid Loss: 3.4354, Valid MAPE: 0.0996, Valid RMSE: 6.7438, Training Time: 67.1741/epoch
Iter: 000, Train Loss: 3.9407, Train MAPE: 0.0991, Train RMSE: 7.0852
Iter: 050, Train Loss: 4.1970, Train MAPE: 0.1140, Train RMSE: 7.9318
Iter: 100, Train Loss: 3.6031, Train MAPE: 0.0890, Train RMSE: 6.6799
Iter: 150, Train Loss: 3.9857, Train MAPE: 0.1106, Train RMSE: 7.4276
Iter: 200, Train Loss: 3.9057, Train MAPE: 0.1024, Train RMSE: 7.3647
Iter: 250, Train Loss: 3.9185, Train MAPE: 0.0994, Train RMSE: 7.2286
Iter: 300, Train Loss: 3.6129, Train MAPE: 0.0845, Train RMSE: 6.5633
Iter: 350, Train Loss: 3.4613, Train MAPE: 0.0791, Train RMSE: 6.2387
Epoch: 006, Inference Time: 2.8254 secs
Epoch: 006, Train Loss: 3.8656, Train MAPE: 0.1007, Train RMSE: 7.1626, Valid Loss: 3.2221, Valid MAPE: 0.0955, Valid RMSE: 6.2894, Training Time: 67.1882/epoch
Iter: 000, Train Loss: 3.4592, Train MAPE: 0.0859, Train RMSE: 6.3979
Iter: 050, Train Loss: 4.2842, Train MAPE: 0.1185, Train RMSE: 7.9384
Iter: 100, Train Loss: 3.7795, Train MAPE: 0.0910, Train RMSE: 6.7847
Iter: 150, Train Loss: 3.6335, Train MAPE: 0.0987, Train RMSE: 6.8922
Iter: 200, Train Loss: 3.7114, Train MAPE: 0.0980, Train RMSE: 7.1700
Iter: 250, Train Loss: 3.7086, Train MAPE: 0.0908, Train RMSE: 6.6225
Iter: 300, Train Loss: 3.8586, Train MAPE: 0.0971, Train RMSE: 6.9708
Iter: 350, Train Loss: 3.8417, Train MAPE: 0.0995, Train RMSE: 6.9487
Epoch: 007, Inference Time: 2.8249 secs
Epoch: 007, Train Loss: 3.8004, Train MAPE: 0.0977, Train RMSE: 7.0215, Valid Loss: 3.1552, Valid MAPE: 0.0917, Valid RMSE: 6.2526, Training Time: 67.0986/epoch
Iter: 000, Train Loss: 3.7458, Train MAPE: 0.0894, Train RMSE: 6.7771
Iter: 050, Train Loss: 3.7705, Train MAPE: 0.0942, Train RMSE: 6.9713
Iter: 100, Train Loss: 3.6150, Train MAPE: 0.0856, Train RMSE: 6.4798
Iter: 150, Train Loss: 3.7550, Train MAPE: 0.0976, Train RMSE: 6.8780
Iter: 200, Train Loss: 3.5711, Train MAPE: 0.0877, Train RMSE: 6.5725
Iter: 250, Train Loss: 3.7233, Train MAPE: 0.0989, Train RMSE: 6.8653
Iter: 300, Train Loss: 3.4979, Train MAPE: 0.0812, Train RMSE: 6.3794
Iter: 350, Train Loss: 3.8334, Train MAPE: 0.0991, Train RMSE: 7.0186
Epoch: 008, Inference Time: 2.8247 secs
Epoch: 008, Train Loss: 3.6981, Train MAPE: 0.0927, Train RMSE: 6.7285, Valid Loss: 3.0441, Valid MAPE: 0.0862, Valid RMSE: 6.0074, Training Time: 67.0993/epoch
Iter: 000, Train Loss: 3.5037, Train MAPE: 0.0832, Train RMSE: 6.1969
Iter: 050, Train Loss: 3.6655, Train MAPE: 0.0844, Train RMSE: 6.4905
Iter: 100, Train Loss: 3.6797, Train MAPE: 0.0933, Train RMSE: 6.6862
Iter: 150, Train Loss: 3.5001, Train MAPE: 0.0828, Train RMSE: 6.2255
Iter: 200, Train Loss: 3.5357, Train MAPE: 0.0845, Train RMSE: 6.1909
Iter: 250, Train Loss: 3.8925, Train MAPE: 0.1010, Train RMSE: 7.0034
Iter: 300, Train Loss: 3.5568, Train MAPE: 0.0876, Train RMSE: 6.3787
Iter: 350, Train Loss: 3.3117, Train MAPE: 0.0774, Train RMSE: 5.8611
Epoch: 009, Inference Time: 2.8213 secs
Epoch: 009, Train Loss: 3.6215, Train MAPE: 0.0896, Train RMSE: 6.5346, Valid Loss: 3.0436, Valid MAPE: 0.0852, Valid RMSE: 6.0301, Training Time: 67.0913/epoch
Iter: 000, Train Loss: 3.4741, Train MAPE: 0.0809, Train RMSE: 6.2775
Iter: 050, Train Loss: 3.5996, Train MAPE: 0.0840, Train RMSE: 6.3690
Iter: 100, Train Loss: 3.5857, Train MAPE: 0.0935, Train RMSE: 6.6133
Iter: 150, Train Loss: 3.5665, Train MAPE: 0.0846, Train RMSE: 6.2604
Iter: 200, Train Loss: 3.5621, Train MAPE: 0.0873, Train RMSE: 6.5433
Iter: 250, Train Loss: 3.8565, Train MAPE: 0.0991, Train RMSE: 6.9277
Iter: 300, Train Loss: 3.4331, Train MAPE: 0.0855, Train RMSE: 6.4460
Iter: 350, Train Loss: 3.5691, Train MAPE: 0.0801, Train RMSE: 6.2304
Epoch: 010, Inference Time: 2.8253 secs
Epoch: 010, Train Loss: 3.5653, Train MAPE: 0.0876, Train RMSE: 6.4261, Valid Loss: 3.0830, Valid MAPE: 0.0865, Valid RMSE: 5.9166, Training Time: 67.1026/epoch
Iter: 000, Train Loss: 3.6739, Train MAPE: 0.0917, Train RMSE: 6.5500
Iter: 050, Train Loss: 3.4275, Train MAPE: 0.0880, Train RMSE: 6.4656
Iter: 100, Train Loss: 3.5493, Train MAPE: 0.0798, Train RMSE: 6.1858
Iter: 150, Train Loss: 3.4035, Train MAPE: 0.0790, Train RMSE: 6.1066
Iter: 200, Train Loss: 3.1954, Train MAPE: 0.0701, Train RMSE: 5.7358
Iter: 250, Train Loss: 3.3894, Train MAPE: 0.0821, Train RMSE: 6.1015
Iter: 300, Train Loss: 3.5878, Train MAPE: 0.0868, Train RMSE: 6.4204
Iter: 350, Train Loss: 3.8587, Train MAPE: 0.0954, Train RMSE: 6.7757
Epoch: 011, Inference Time: 2.8251 secs
Epoch: 011, Train Loss: 3.5613, Train MAPE: 0.0875, Train RMSE: 6.4078, Valid Loss: 3.0653, Valid MAPE: 0.0882, Valid RMSE: 5.9696, Training Time: 67.1016/epoch
Iter: 000, Train Loss: 3.7519, Train MAPE: 0.0984, Train RMSE: 6.8471
Iter: 050, Train Loss: 3.7644, Train MAPE: 0.1080, Train RMSE: 6.9148
Iter: 100, Train Loss: 3.7692, Train MAPE: 0.0971, Train RMSE: 6.5257
Iter: 150, Train Loss: 3.3859, Train MAPE: 0.0746, Train RMSE: 6.1281
Iter: 200, Train Loss: 3.4668, Train MAPE: 0.0791, Train RMSE: 6.3284
Iter: 250, Train Loss: 3.5562, Train MAPE: 0.0887, Train RMSE: 6.4822
Iter: 300, Train Loss: 3.6648, Train MAPE: 0.0935, Train RMSE: 6.8354
Iter: 350, Train Loss: 3.1418, Train MAPE: 0.0734, Train RMSE: 5.6230
Epoch: 012, Inference Time: 2.8248 secs
Epoch: 012, Train Loss: 3.5463, Train MAPE: 0.0872, Train RMSE: 6.3914, Valid Loss: 2.9711, Valid MAPE: 0.0849, Valid RMSE: 5.9096, Training Time: 67.1436/epoch
Iter: 000, Train Loss: 3.4781, Train MAPE: 0.0826, Train RMSE: 6.3721
Iter: 050, Train Loss: 3.6283, Train MAPE: 0.0988, Train RMSE: 6.8968
Iter: 100, Train Loss: 3.6417, Train MAPE: 0.0958, Train RMSE: 6.6793
Iter: 150, Train Loss: 3.5487, Train MAPE: 0.0911, Train RMSE: 6.3630
Iter: 200, Train Loss: 3.4103, Train MAPE: 0.0780, Train RMSE: 6.0010
Iter: 250, Train Loss: 3.4017, Train MAPE: 0.0765, Train RMSE: 6.0621
Iter: 300, Train Loss: 3.3327, Train MAPE: 0.0715, Train RMSE: 5.8148
Iter: 350, Train Loss: 3.3431, Train MAPE: 0.0779, Train RMSE: 5.8512
Epoch: 013, Inference Time: 2.8257 secs
Epoch: 013, Train Loss: 3.4805, Train MAPE: 0.0848, Train RMSE: 6.2718, Valid Loss: 2.9066, Valid MAPE: 0.0841, Valid RMSE: 5.7427, Training Time: 67.1122/epoch
Iter: 000, Train Loss: 3.1530, Train MAPE: 0.0721, Train RMSE: 5.5333
Iter: 050, Train Loss: 3.4647, Train MAPE: 0.0828, Train RMSE: 6.2235
Iter: 100, Train Loss: 3.3493, Train MAPE: 0.0818, Train RMSE: 6.1551
Iter: 150, Train Loss: 3.2847, Train MAPE: 0.0713, Train RMSE: 5.7903
Iter: 200, Train Loss: 3.6600, Train MAPE: 0.0901, Train RMSE: 6.7075
Iter: 250, Train Loss: 3.5331, Train MAPE: 0.0876, Train RMSE: 6.4106
Iter: 300, Train Loss: 3.4442, Train MAPE: 0.0827, Train RMSE: 6.1741
Iter: 350, Train Loss: 3.2079, Train MAPE: 0.0715, Train RMSE: 5.6166
Epoch: 014, Inference Time: 2.8252 secs
Epoch: 014, Train Loss: 3.4394, Train MAPE: 0.0832, Train RMSE: 6.1730, Valid Loss: 2.8685, Valid MAPE: 0.0823, Valid RMSE: 5.6512, Training Time: 67.1351/epoch
Iter: 000, Train Loss: 3.1904, Train MAPE: 0.0764, Train RMSE: 5.6431
Iter: 050, Train Loss: 3.2569, Train MAPE: 0.0781, Train RMSE: 5.7465
Iter: 100, Train Loss: 3.5572, Train MAPE: 0.0885, Train RMSE: 6.4585
Iter: 150, Train Loss: 3.4917, Train MAPE: 0.0855, Train RMSE: 6.3638
Iter: 200, Train Loss: 3.2977, Train MAPE: 0.0783, Train RMSE: 5.8209
Iter: 250, Train Loss: 3.2203, Train MAPE: 0.0718, Train RMSE: 5.7168
Iter: 300, Train Loss: 3.1543, Train MAPE: 0.0691, Train RMSE: 5.6294
Iter: 350, Train Loss: 3.6127, Train MAPE: 0.0946, Train RMSE: 6.7709
Epoch: 015, Inference Time: 2.8256 secs
Epoch: 015, Train Loss: 3.3972, Train MAPE: 0.0817, Train RMSE: 6.1018, Valid Loss: 2.8459, Valid MAPE: 0.0798, Valid RMSE: 5.5867, Training Time: 67.1006/epoch
Iter: 000, Train Loss: 3.6406, Train MAPE: 0.0948, Train RMSE: 6.5542
Iter: 050, Train Loss: 3.2333, Train MAPE: 0.0719, Train RMSE: 5.6898
Iter: 100, Train Loss: 3.2547, Train MAPE: 0.0772, Train RMSE: 5.8474
Iter: 150, Train Loss: 3.6476, Train MAPE: 0.0946, Train RMSE: 6.5556
Iter: 200, Train Loss: 3.6344, Train MAPE: 0.0928, Train RMSE: 6.5411
Iter: 250, Train Loss: 3.4487, Train MAPE: 0.0856, Train RMSE: 6.2684
Iter: 300, Train Loss: 3.2175, Train MAPE: 0.0720, Train RMSE: 5.7301
Iter: 350, Train Loss: 3.2424, Train MAPE: 0.0750, Train RMSE: 5.8617
Epoch: 016, Inference Time: 2.8256 secs
Epoch: 016, Train Loss: 3.3602, Train MAPE: 0.0803, Train RMSE: 6.0114, Valid Loss: 2.8343, Valid MAPE: 0.0786, Valid RMSE: 5.6236, Training Time: 67.0951/epoch
Iter: 000, Train Loss: 3.1514, Train MAPE: 0.0681, Train RMSE: 5.5799
Iter: 050, Train Loss: 3.0356, Train MAPE: 0.0682, Train RMSE: 5.5791
Iter: 100, Train Loss: 3.4494, Train MAPE: 0.0950, Train RMSE: 6.4550
Iter: 150, Train Loss: 3.3626, Train MAPE: 0.0880, Train RMSE: 6.0212
Iter: 200, Train Loss: 3.2463, Train MAPE: 0.0707, Train RMSE: 5.6212
Iter: 250, Train Loss: 3.6069, Train MAPE: 0.0899, Train RMSE: 6.4571
Iter: 300, Train Loss: 3.2106, Train MAPE: 0.0727, Train RMSE: 5.5258
Iter: 350, Train Loss: 3.4098, Train MAPE: 0.0760, Train RMSE: 5.9171
Epoch: 017, Inference Time: 2.8246 secs
Epoch: 017, Train Loss: 3.3322, Train MAPE: 0.0791, Train RMSE: 5.9467, Valid Loss: 2.8232, Valid MAPE: 0.0768, Valid RMSE: 5.5813, Training Time: 67.1050/epoch
Iter: 000, Train Loss: 3.4411, Train MAPE: 0.0859, Train RMSE: 6.3255
Iter: 050, Train Loss: 3.3371, Train MAPE: 0.0803, Train RMSE: 5.8567
Iter: 100, Train Loss: 3.3865, Train MAPE: 0.0764, Train RMSE: 6.0019
Iter: 150, Train Loss: 3.8861, Train MAPE: 0.0993, Train RMSE: 6.8404
Iter: 200, Train Loss: 3.6387, Train MAPE: 0.0928, Train RMSE: 6.4793
Iter: 250, Train Loss: 3.1262, Train MAPE: 0.0740, Train RMSE: 5.5525
Iter: 300, Train Loss: 3.3007, Train MAPE: 0.0710, Train RMSE: 5.5850
Iter: 350, Train Loss: 3.3055, Train MAPE: 0.0788, Train RMSE: 5.8046
Epoch: 018, Inference Time: 2.8250 secs
Epoch: 018, Train Loss: 3.3074, Train MAPE: 0.0782, Train RMSE: 5.8887, Valid Loss: 2.8142, Valid MAPE: 0.0774, Valid RMSE: 5.5802, Training Time: 67.1035/epoch
Iter: 000, Train Loss: 3.4998, Train MAPE: 0.0819, Train RMSE: 5.9824
Iter: 050, Train Loss: 3.2225, Train MAPE: 0.0759, Train RMSE: 5.7288
Iter: 100, Train Loss: 3.2054, Train MAPE: 0.0770, Train RMSE: 5.7090
Iter: 150, Train Loss: 3.1018, Train MAPE: 0.0697, Train RMSE: 5.6027
Iter: 200, Train Loss: 3.3969, Train MAPE: 0.0857, Train RMSE: 6.1463
Iter: 250, Train Loss: 3.1564, Train MAPE: 0.0708, Train RMSE: 5.4791
Iter: 300, Train Loss: 3.3016, Train MAPE: 0.0756, Train RMSE: 5.8542
Iter: 350, Train Loss: 3.0354, Train MAPE: 0.0622, Train RMSE: 5.2571
Epoch: 019, Inference Time: 2.8247 secs
Epoch: 019, Train Loss: 3.2885, Train MAPE: 0.0774, Train RMSE: 5.8423, Valid Loss: 2.8004, Valid MAPE: 0.0761, Valid RMSE: 5.5474, Training Time: 67.0847/epoch
Iter: 000, Train Loss: 3.0799, Train MAPE: 0.0719, Train RMSE: 5.5981
Iter: 050, Train Loss: 3.2395, Train MAPE: 0.0763, Train RMSE: 5.6088
Iter: 100, Train Loss: 3.2240, Train MAPE: 0.0730, Train RMSE: 5.6495
Iter: 150, Train Loss: 3.3827, Train MAPE: 0.0833, Train RMSE: 6.0994
Iter: 200, Train Loss: 3.2893, Train MAPE: 0.0783, Train RMSE: 5.5582
Iter: 250, Train Loss: 3.2209, Train MAPE: 0.0747, Train RMSE: 5.6969
Iter: 300, Train Loss: 3.4952, Train MAPE: 0.0869, Train RMSE: 6.3036
Iter: 350, Train Loss: 3.2372, Train MAPE: 0.0728, Train RMSE: 5.5716
Epoch: 020, Inference Time: 2.8244 secs
Epoch: 020, Train Loss: 3.2716, Train MAPE: 0.0767, Train RMSE: 5.7940, Valid Loss: 2.7854, Valid MAPE: 0.0762, Valid RMSE: 5.5239, Training Time: 67.0989/epoch
Iter: 000, Train Loss: 3.2788, Train MAPE: 0.0755, Train RMSE: 5.7276
Iter: 050, Train Loss: 3.1562, Train MAPE: 0.0711, Train RMSE: 5.5416
Iter: 100, Train Loss: 3.1710, Train MAPE: 0.0691, Train RMSE: 5.5482
Iter: 150, Train Loss: 3.3184, Train MAPE: 0.0765, Train RMSE: 5.6826
Iter: 200, Train Loss: 3.4310, Train MAPE: 0.0814, Train RMSE: 6.0553
Iter: 250, Train Loss: 3.0653, Train MAPE: 0.0718, Train RMSE: 5.4043
Iter: 300, Train Loss: 3.4134, Train MAPE: 0.0801, Train RMSE: 6.0769
Iter: 350, Train Loss: 3.3019, Train MAPE: 0.0772, Train RMSE: 5.9064
Epoch: 021, Inference Time: 2.8251 secs
Epoch: 021, Train Loss: 3.2612, Train MAPE: 0.0763, Train RMSE: 5.7683, Valid Loss: 2.7737, Valid MAPE: 0.0762, Valid RMSE: 5.5160, Training Time: 67.0850/epoch
Iter: 000, Train Loss: 3.3806, Train MAPE: 0.0822, Train RMSE: 5.9605
Iter: 050, Train Loss: 3.0952, Train MAPE: 0.0703, Train RMSE: 5.4577
Iter: 100, Train Loss: 3.1155, Train MAPE: 0.0687, Train RMSE: 5.5000
Iter: 150, Train Loss: 3.3887, Train MAPE: 0.0847, Train RMSE: 6.1645
Iter: 200, Train Loss: 3.3374, Train MAPE: 0.0798, Train RMSE: 6.2057
Iter: 250, Train Loss: 3.4151, Train MAPE: 0.0798, Train RMSE: 6.0321
Iter: 300, Train Loss: 3.3554, Train MAPE: 0.0734, Train RMSE: 5.8823
Iter: 350, Train Loss: 3.4476, Train MAPE: 0.0769, Train RMSE: 6.1810
Epoch: 022, Inference Time: 2.8245 secs
Epoch: 022, Train Loss: 3.3552, Train MAPE: 0.0797, Train RMSE: 5.9907, Valid Loss: 2.8479, Valid MAPE: 0.0799, Valid RMSE: 5.6295, Training Time: 67.1138/epoch
Iter: 000, Train Loss: 3.2183, Train MAPE: 0.0762, Train RMSE: 5.7364
Iter: 050, Train Loss: 3.4324, Train MAPE: 0.0887, Train RMSE: 6.1891
Iter: 100, Train Loss: 3.1936, Train MAPE: 0.0759, Train RMSE: 5.7852
Iter: 150, Train Loss: 3.1453, Train MAPE: 0.0738, Train RMSE: 5.7902
Iter: 200, Train Loss: 3.3772, Train MAPE: 0.0757, Train RMSE: 6.0227
Iter: 250, Train Loss: 3.5644, Train MAPE: 0.0858, Train RMSE: 6.3595
Iter: 300, Train Loss: 3.3432, Train MAPE: 0.0734, Train RMSE: 6.0470
Iter: 350, Train Loss: 3.1732, Train MAPE: 0.0736, Train RMSE: 5.6856
Epoch: 023, Inference Time: 2.8269 secs
Epoch: 023, Train Loss: 3.3668, Train MAPE: 0.0802, Train RMSE: 6.0204, Valid Loss: 2.8732, Valid MAPE: 0.0765, Valid RMSE: 5.6705, Training Time: 67.1135/epoch
Iter: 000, Train Loss: 3.2871, Train MAPE: 0.0761, Train RMSE: 6.0171
Iter: 050, Train Loss: 3.2459, Train MAPE: 0.0756, Train RMSE: 5.7006
Iter: 100, Train Loss: 3.3417, Train MAPE: 0.0769, Train RMSE: 5.9574
Iter: 150, Train Loss: 3.2398, Train MAPE: 0.0733, Train RMSE: 5.6945
Iter: 200, Train Loss: 3.2216, Train MAPE: 0.0678, Train RMSE: 5.6542
Iter: 250, Train Loss: 3.3617, Train MAPE: 0.0753, Train RMSE: 5.6693
Iter: 300, Train Loss: 3.5137, Train MAPE: 0.0925, Train RMSE: 6.3506
Iter: 350, Train Loss: 3.3351, Train MAPE: 0.0834, Train RMSE: 6.0190
Epoch: 024, Inference Time: 2.8266 secs
Epoch: 024, Train Loss: 3.3452, Train MAPE: 0.0794, Train RMSE: 5.9645, Valid Loss: 2.8481, Valid MAPE: 0.0822, Valid RMSE: 5.5865, Training Time: 67.1082/epoch
Iter: 000, Train Loss: 3.5005, Train MAPE: 0.0868, Train RMSE: 6.1821
Iter: 050, Train Loss: 3.3326, Train MAPE: 0.0749, Train RMSE: 5.7800
Iter: 100, Train Loss: 3.4506, Train MAPE: 0.0845, Train RMSE: 6.2582
Iter: 150, Train Loss: 3.3666, Train MAPE: 0.0767, Train RMSE: 5.8400
Iter: 200, Train Loss: 3.1617, Train MAPE: 0.0706, Train RMSE: 5.8206
Iter: 250, Train Loss: 3.3737, Train MAPE: 0.0829, Train RMSE: 6.3266
Iter: 300, Train Loss: 3.2505, Train MAPE: 0.0772, Train RMSE: 5.8340
Iter: 350, Train Loss: 3.4422, Train MAPE: 0.0806, Train RMSE: 6.1010
Epoch: 025, Inference Time: 2.8261 secs
Epoch: 025, Train Loss: 3.3246, Train MAPE: 0.0786, Train RMSE: 5.9178, Valid Loss: 2.8079, Valid MAPE: 0.0770, Valid RMSE: 5.5871, Training Time: 67.1250/epoch
Iter: 000, Train Loss: 3.4358, Train MAPE: 0.0806, Train RMSE: 6.1752
Iter: 050, Train Loss: 3.3351, Train MAPE: 0.0767, Train RMSE: 5.9083
Iter: 100, Train Loss: 3.3947, Train MAPE: 0.0789, Train RMSE: 6.0254
Iter: 150, Train Loss: 3.3108, Train MAPE: 0.0787, Train RMSE: 5.8136
Iter: 200, Train Loss: 3.2853, Train MAPE: 0.0784, Train RMSE: 5.7018
Iter: 250, Train Loss: 3.2531, Train MAPE: 0.0780, Train RMSE: 5.8581
Iter: 300, Train Loss: 3.4191, Train MAPE: 0.0787, Train RMSE: 5.8992
Iter: 350, Train Loss: 3.3232, Train MAPE: 0.0815, Train RMSE: 6.0400
Epoch: 026, Inference Time: 2.8267 secs
Epoch: 026, Train Loss: 3.3040, Train MAPE: 0.0777, Train RMSE: 5.8627, Valid Loss: 2.8110, Valid MAPE: 0.0767, Valid RMSE: 5.5512, Training Time: 67.1152/epoch
Iter: 000, Train Loss: 3.1789, Train MAPE: 0.0713, Train RMSE: 5.4968
Iter: 050, Train Loss: 3.3838, Train MAPE: 0.0862, Train RMSE: 6.0382
Iter: 100, Train Loss: 3.3069, Train MAPE: 0.0782, Train RMSE: 5.8096
Iter: 150, Train Loss: 3.2475, Train MAPE: 0.0821, Train RMSE: 6.0763
Iter: 200, Train Loss: 3.3010, Train MAPE: 0.0774, Train RMSE: 5.8887
Iter: 250, Train Loss: 3.3084, Train MAPE: 0.0744, Train RMSE: 5.6270
Iter: 300, Train Loss: 3.1761, Train MAPE: 0.0708, Train RMSE: 5.6351
Iter: 350, Train Loss: 3.3749, Train MAPE: 0.0803, Train RMSE: 6.0040
Epoch: 027, Inference Time: 2.8263 secs
Epoch: 027, Train Loss: 3.2838, Train MAPE: 0.0768, Train RMSE: 5.8126, Valid Loss: 2.8078, Valid MAPE: 0.0765, Valid RMSE: 5.5594, Training Time: 67.1121/epoch
Iter: 000, Train Loss: 3.4703, Train MAPE: 0.0829, Train RMSE: 6.2147
Iter: 050, Train Loss: 3.2253, Train MAPE: 0.0753, Train RMSE: 5.6727
Iter: 100, Train Loss: 3.0922, Train MAPE: 0.0693, Train RMSE: 5.5510
Iter: 150, Train Loss: 3.4205, Train MAPE: 0.0840, Train RMSE: 6.1462
Iter: 200, Train Loss: 3.5923, Train MAPE: 0.0934, Train RMSE: 6.3845
Iter: 250, Train Loss: 3.1905, Train MAPE: 0.0733, Train RMSE: 5.5380
Iter: 300, Train Loss: 3.4337, Train MAPE: 0.0825, Train RMSE: 5.9743
Iter: 350, Train Loss: 3.0375, Train MAPE: 0.0645, Train RMSE: 5.2955
Epoch: 028, Inference Time: 2.8270 secs
Epoch: 028, Train Loss: 3.2634, Train MAPE: 0.0760, Train RMSE: 5.7524, Valid Loss: 2.7831, Valid MAPE: 0.0767, Valid RMSE: 5.5336, Training Time: 67.1125/epoch
Iter: 000, Train Loss: 3.4389, Train MAPE: 0.0817, Train RMSE: 6.0599
Iter: 050, Train Loss: 3.0021, Train MAPE: 0.0688, Train RMSE: 5.3026
Iter: 100, Train Loss: 2.9749, Train MAPE: 0.0705, Train RMSE: 5.2966
Iter: 150, Train Loss: 3.3198, Train MAPE: 0.0738, Train RMSE: 5.6970
Iter: 200, Train Loss: 3.1825, Train MAPE: 0.0733, Train RMSE: 5.7156
Iter: 250, Train Loss: 2.8822, Train MAPE: 0.0627, Train RMSE: 5.1432
Iter: 300, Train Loss: 3.2747, Train MAPE: 0.0768, Train RMSE: 5.6692
Iter: 350, Train Loss: 3.1956, Train MAPE: 0.0716, Train RMSE: 5.4900
Epoch: 029, Inference Time: 2.8263 secs
Epoch: 029, Train Loss: 3.2453, Train MAPE: 0.0753, Train RMSE: 5.7091, Valid Loss: 2.7466, Valid MAPE: 0.0763, Valid RMSE: 5.4704, Training Time: 67.1169/epoch
Iter: 000, Train Loss: 3.2063, Train MAPE: 0.0726, Train RMSE: 5.5062
Iter: 050, Train Loss: 3.3184, Train MAPE: 0.0820, Train RMSE: 5.9319
Iter: 100, Train Loss: 3.2075, Train MAPE: 0.0746, Train RMSE: 5.5652
Iter: 150, Train Loss: 3.3760, Train MAPE: 0.0841, Train RMSE: 6.1405
Iter: 200, Train Loss: 3.3906, Train MAPE: 0.0806, Train RMSE: 5.9060
Iter: 250, Train Loss: 3.0551, Train MAPE: 0.0657, Train RMSE: 5.2616
Iter: 300, Train Loss: 3.1642, Train MAPE: 0.0661, Train RMSE: 5.4843
Iter: 350, Train Loss: 3.4124, Train MAPE: 0.0778, Train RMSE: 5.9060
Epoch: 030, Inference Time: 2.8239 secs
Epoch: 030, Train Loss: 3.2294, Train MAPE: 0.0746, Train RMSE: 5.6643, Valid Loss: 2.7371, Valid MAPE: 0.0757, Valid RMSE: 5.4560, Training Time: 67.1054/epoch
Iter: 000, Train Loss: 3.4072, Train MAPE: 0.0834, Train RMSE: 6.1169
Iter: 050, Train Loss: 3.3666, Train MAPE: 0.0792, Train RMSE: 5.9210
Iter: 100, Train Loss: 3.2643, Train MAPE: 0.0774, Train RMSE: 5.8918
Iter: 150, Train Loss: 3.0444, Train MAPE: 0.0662, Train RMSE: 5.2917
Iter: 200, Train Loss: 2.9799, Train MAPE: 0.0638, Train RMSE: 5.2285
Iter: 250, Train Loss: 3.0585, Train MAPE: 0.0712, Train RMSE: 5.4753
Iter: 300, Train Loss: 3.1749, Train MAPE: 0.0730, Train RMSE: 5.4908
Iter: 350, Train Loss: 3.3778, Train MAPE: 0.0851, Train RMSE: 6.0861
Epoch: 031, Inference Time: 2.8246 secs
Epoch: 031, Train Loss: 3.2178, Train MAPE: 0.0742, Train RMSE: 5.6355, Valid Loss: 2.7384, Valid MAPE: 0.0747, Valid RMSE: 5.4456, Training Time: 67.0939/epoch
Iter: 000, Train Loss: 3.2377, Train MAPE: 0.0711, Train RMSE: 5.4230
Iter: 050, Train Loss: 3.0176, Train MAPE: 0.0642, Train RMSE: 5.1266
Iter: 100, Train Loss: 3.1795, Train MAPE: 0.0748, Train RMSE: 5.7238
Iter: 150, Train Loss: 3.1707, Train MAPE: 0.0710, Train RMSE: 5.5974
Iter: 200, Train Loss: 3.0574, Train MAPE: 0.0657, Train RMSE: 5.3759
Iter: 250, Train Loss: 3.2011, Train MAPE: 0.0753, Train RMSE: 5.7538
Iter: 300, Train Loss: 3.1717, Train MAPE: 0.0743, Train RMSE: 5.6925
Iter: 350, Train Loss: 3.3465, Train MAPE: 0.0842, Train RMSE: 6.1521
Epoch: 032, Inference Time: 2.8253 secs
Epoch: 032, Train Loss: 3.2112, Train MAPE: 0.0739, Train RMSE: 5.6132, Valid Loss: 3.0259, Valid MAPE: 0.0811, Valid RMSE: 5.7689, Training Time: 67.1022/epoch
Iter: 000, Train Loss: 3.5976, Train MAPE: 0.0905, Train RMSE: 6.5232
Iter: 050, Train Loss: 3.5612, Train MAPE: 0.0864, Train RMSE: 6.4445
Iter: 100, Train Loss: 3.6250, Train MAPE: 0.0909, Train RMSE: 6.4246
Iter: 150, Train Loss: 3.0714, Train MAPE: 0.0644, Train RMSE: 5.3916
Iter: 200, Train Loss: 3.3122, Train MAPE: 0.0792, Train RMSE: 5.9786
Iter: 250, Train Loss: 3.1938, Train MAPE: 0.0779, Train RMSE: 5.8670
Iter: 300, Train Loss: 3.2171, Train MAPE: 0.0735, Train RMSE: 5.6807
Iter: 350, Train Loss: 3.2494, Train MAPE: 0.0775, Train RMSE: 5.8092
Epoch: 033, Inference Time: 2.8248 secs
Epoch: 033, Train Loss: 3.3251, Train MAPE: 0.0781, Train RMSE: 5.9063, Valid Loss: 2.8018, Valid MAPE: 0.0767, Valid RMSE: 5.5233, Training Time: 67.0969/epoch
Iter: 000, Train Loss: 3.5668, Train MAPE: 0.0882, Train RMSE: 6.1000
Iter: 050, Train Loss: 3.2666, Train MAPE: 0.0787, Train RMSE: 5.9639
Iter: 100, Train Loss: 3.1908, Train MAPE: 0.0766, Train RMSE: 5.8060
Iter: 150, Train Loss: 3.6049, Train MAPE: 0.0941, Train RMSE: 6.6239
Iter: 200, Train Loss: 3.1865, Train MAPE: 0.0724, Train RMSE: 5.5050
Iter: 250, Train Loss: 3.2571, Train MAPE: 0.0712, Train RMSE: 5.4709
Iter: 300, Train Loss: 3.2156, Train MAPE: 0.0709, Train RMSE: 5.5601
Iter: 350, Train Loss: 3.6099, Train MAPE: 0.0920, Train RMSE: 6.4979
Epoch: 034, Inference Time: 2.8243 secs
Epoch: 034, Train Loss: 3.3088, Train MAPE: 0.0775, Train RMSE: 5.8590, Valid Loss: 2.7824, Valid MAPE: 0.0771, Valid RMSE: 5.5020, Training Time: 67.1037/epoch
Iter: 000, Train Loss: 3.4610, Train MAPE: 0.0885, Train RMSE: 6.0989
Iter: 050, Train Loss: 3.1447, Train MAPE: 0.0691, Train RMSE: 5.5032
Iter: 100, Train Loss: 3.4961, Train MAPE: 0.0790, Train RMSE: 6.1066
Iter: 150, Train Loss: 3.3817, Train MAPE: 0.0829, Train RMSE: 6.0097
Iter: 200, Train Loss: 3.3966, Train MAPE: 0.0776, Train RMSE: 5.9534
Iter: 250, Train Loss: 3.3979, Train MAPE: 0.0810, Train RMSE: 5.8737
Iter: 300, Train Loss: 3.1712, Train MAPE: 0.0743, Train RMSE: 5.5781
Iter: 350, Train Loss: 3.2782, Train MAPE: 0.0748, Train RMSE: 5.8556
Epoch: 035, Inference Time: 2.8248 secs
Epoch: 035, Train Loss: 3.2935, Train MAPE: 0.0770, Train RMSE: 5.8223, Valid Loss: 2.8081, Valid MAPE: 0.0769, Valid RMSE: 5.5788, Training Time: 67.0980/epoch
Iter: 000, Train Loss: 3.0469, Train MAPE: 0.0642, Train RMSE: 5.3294
Iter: 050, Train Loss: 3.4490, Train MAPE: 0.0841, Train RMSE: 6.0105
Iter: 100, Train Loss: 3.1934, Train MAPE: 0.0714, Train RMSE: 5.5825
Iter: 150, Train Loss: 3.0733, Train MAPE: 0.0659, Train RMSE: 5.0955
Iter: 200, Train Loss: 3.3751, Train MAPE: 0.0778, Train RMSE: 5.9391
Iter: 250, Train Loss: 3.3444, Train MAPE: 0.0793, Train RMSE: 5.8724
Iter: 300, Train Loss: 3.3880, Train MAPE: 0.0789, Train RMSE: 5.9939
Iter: 350, Train Loss: 3.3660, Train MAPE: 0.0787, Train RMSE: 6.0702
Epoch: 036, Inference Time: 2.8246 secs
Epoch: 036, Train Loss: 3.2815, Train MAPE: 0.0765, Train RMSE: 5.7951, Valid Loss: 2.7904, Valid MAPE: 0.0767, Valid RMSE: 5.5110, Training Time: 67.1035/epoch
Iter: 000, Train Loss: 3.3508, Train MAPE: 0.0785, Train RMSE: 5.8919
Iter: 050, Train Loss: 3.3488, Train MAPE: 0.0851, Train RMSE: 6.0345
Iter: 100, Train Loss: 3.3404, Train MAPE: 0.0744, Train RMSE: 5.8187
Iter: 150, Train Loss: 3.2367, Train MAPE: 0.0714, Train RMSE: 5.4319
Iter: 200, Train Loss: 3.1356, Train MAPE: 0.0690, Train RMSE: 5.3974
Iter: 250, Train Loss: 3.1559, Train MAPE: 0.0688, Train RMSE: 5.4943
Iter: 300, Train Loss: 3.1287, Train MAPE: 0.0731, Train RMSE: 5.5519
Iter: 350, Train Loss: 3.3868, Train MAPE: 0.0832, Train RMSE: 6.0193
Epoch: 037, Inference Time: 2.8240 secs
Epoch: 037, Train Loss: 3.2619, Train MAPE: 0.0757, Train RMSE: 5.7385, Valid Loss: 2.7633, Valid MAPE: 0.0763, Valid RMSE: 5.5164, Training Time: 67.1038/epoch
Iter: 000, Train Loss: 3.3666, Train MAPE: 0.0831, Train RMSE: 6.1225
Iter: 050, Train Loss: 3.1961, Train MAPE: 0.0765, Train RMSE: 5.8155
Iter: 100, Train Loss: 3.1947, Train MAPE: 0.0742, Train RMSE: 5.6444
Iter: 150, Train Loss: 3.2203, Train MAPE: 0.0744, Train RMSE: 5.7108
Iter: 200, Train Loss: 3.1571, Train MAPE: 0.0709, Train RMSE: 5.5410
Iter: 250, Train Loss: 3.2810, Train MAPE: 0.0759, Train RMSE: 5.7494
Iter: 300, Train Loss: 3.0708, Train MAPE: 0.0723, Train RMSE: 5.6619
Iter: 350, Train Loss: 3.3602, Train MAPE: 0.0780, Train RMSE: 5.7521
Epoch: 038, Inference Time: 2.8246 secs
Epoch: 038, Train Loss: 3.2445, Train MAPE: 0.0750, Train RMSE: 5.6973, Valid Loss: 2.7408, Valid MAPE: 0.0745, Valid RMSE: 5.4512, Training Time: 67.1003/epoch
Iter: 000, Train Loss: 3.4098, Train MAPE: 0.0800, Train RMSE: 5.7821
Iter: 050, Train Loss: 3.2073, Train MAPE: 0.0774, Train RMSE: 5.6910
Iter: 100, Train Loss: 3.2508, Train MAPE: 0.0753, Train RMSE: 5.6352
Iter: 150, Train Loss: 3.2019, Train MAPE: 0.0732, Train RMSE: 5.7276
Iter: 200, Train Loss: 3.2059, Train MAPE: 0.0705, Train RMSE: 5.4209
Iter: 250, Train Loss: 3.0553, Train MAPE: 0.0659, Train RMSE: 5.3425
Iter: 300, Train Loss: 3.3231, Train MAPE: 0.0862, Train RMSE: 6.1462
Iter: 350, Train Loss: 3.1946, Train MAPE: 0.0719, Train RMSE: 5.6631
Epoch: 039, Inference Time: 2.8242 secs
Epoch: 039, Train Loss: 3.2280, Train MAPE: 0.0743, Train RMSE: 5.6509, Valid Loss: 2.7349, Valid MAPE: 0.0753, Valid RMSE: 5.4421, Training Time: 67.1072/epoch
Iter: 000, Train Loss: 3.4215, Train MAPE: 0.0817, Train RMSE: 6.0852
Iter: 050, Train Loss: 2.9627, Train MAPE: 0.0616, Train RMSE: 4.8706
Iter: 100, Train Loss: 3.3034, Train MAPE: 0.0756, Train RMSE: 5.7129
Iter: 150, Train Loss: 3.4267, Train MAPE: 0.0833, Train RMSE: 6.2293
Iter: 200, Train Loss: 3.1856, Train MAPE: 0.0697, Train RMSE: 5.4086
Iter: 250, Train Loss: 3.4387, Train MAPE: 0.0856, Train RMSE: 6.0611
Iter: 300, Train Loss: 3.1214, Train MAPE: 0.0701, Train RMSE: 5.4304
Iter: 350, Train Loss: 3.2183, Train MAPE: 0.0725, Train RMSE: 5.6143
Epoch: 040, Inference Time: 2.8249 secs
Epoch: 040, Train Loss: 3.2117, Train MAPE: 0.0737, Train RMSE: 5.6060, Valid Loss: 2.7356, Valid MAPE: 0.0756, Valid RMSE: 5.4619, Training Time: 67.1041/epoch
Iter: 000, Train Loss: 3.4364, Train MAPE: 0.0829, Train RMSE: 5.9910
Iter: 050, Train Loss: 3.0447, Train MAPE: 0.0711, Train RMSE: 5.2887
Iter: 100, Train Loss: 3.1802, Train MAPE: 0.0683, Train RMSE: 5.3745
Iter: 150, Train Loss: 2.9075, Train MAPE: 0.0621, Train RMSE: 4.9862
Iter: 200, Train Loss: 3.2541, Train MAPE: 0.0790, Train RMSE: 5.6721
Iter: 250, Train Loss: 3.5541, Train MAPE: 0.0865, Train RMSE: 6.2023
Iter: 300, Train Loss: 3.1291, Train MAPE: 0.0691, Train RMSE: 5.2787
Iter: 350, Train Loss: 3.1898, Train MAPE: 0.0692, Train RMSE: 5.5183
Epoch: 041, Inference Time: 2.8258 secs
Epoch: 041, Train Loss: 3.1968, Train MAPE: 0.0731, Train RMSE: 5.5625, Valid Loss: 2.7273, Valid MAPE: 0.0753, Valid RMSE: 5.4490, Training Time: 67.1090/epoch
Iter: 000, Train Loss: 3.0382, Train MAPE: 0.0676, Train RMSE: 5.2681
Iter: 050, Train Loss: 3.2103, Train MAPE: 0.0694, Train RMSE: 5.4706
Iter: 100, Train Loss: 3.4051, Train MAPE: 0.0780, Train RMSE: 5.9767
Iter: 150, Train Loss: 3.4546, Train MAPE: 0.0856, Train RMSE: 6.1305
Iter: 200, Train Loss: 3.1525, Train MAPE: 0.0754, Train RMSE: 5.4965
Iter: 250, Train Loss: 3.3073, Train MAPE: 0.0764, Train RMSE: 5.5549
Iter: 300, Train Loss: 3.1808, Train MAPE: 0.0711, Train RMSE: 5.4869
Iter: 350, Train Loss: 3.0382, Train MAPE: 0.0670, Train RMSE: 5.2350
Epoch: 042, Inference Time: 2.8248 secs
Epoch: 042, Train Loss: 3.1875, Train MAPE: 0.0727, Train RMSE: 5.5381, Valid Loss: 2.7321, Valid MAPE: 0.0753, Valid RMSE: 5.4577, Training Time: 67.1124/epoch
Iter: 000, Train Loss: 3.1081, Train MAPE: 0.0683, Train RMSE: 5.3924
Iter: 050, Train Loss: 3.1676, Train MAPE: 0.0709, Train RMSE: 5.4319
Iter: 100, Train Loss: 3.1931, Train MAPE: 0.0732, Train RMSE: 5.5345
Iter: 150, Train Loss: 3.1948, Train MAPE: 0.0778, Train RMSE: 5.6661
Iter: 200, Train Loss: 3.0947, Train MAPE: 0.0688, Train RMSE: 5.3696
Iter: 250, Train Loss: 3.2118, Train MAPE: 0.0771, Train RMSE: 5.5641
Iter: 300, Train Loss: 3.4490, Train MAPE: 0.0803, Train RMSE: 5.9360
Iter: 350, Train Loss: 3.0997, Train MAPE: 0.0707, Train RMSE: 5.4806
Epoch: 043, Inference Time: 2.8259 secs
Epoch: 043, Train Loss: 3.2173, Train MAPE: 0.0738, Train RMSE: 5.6145, Valid Loss: 2.7644, Valid MAPE: 0.0784, Valid RMSE: 5.5004, Training Time: 67.1091/epoch
Iter: 000, Train Loss: 3.2632, Train MAPE: 0.0750, Train RMSE: 5.6979
Iter: 050, Train Loss: 3.2101, Train MAPE: 0.0724, Train RMSE: 5.6033
Iter: 100, Train Loss: 3.4925, Train MAPE: 0.0854, Train RMSE: 6.2355
Iter: 150, Train Loss: 3.2699, Train MAPE: 0.0711, Train RMSE: 5.5774
Iter: 200, Train Loss: 3.1786, Train MAPE: 0.0748, Train RMSE: 5.6198
Iter: 250, Train Loss: 3.2817, Train MAPE: 0.0738, Train RMSE: 5.6200
Iter: 300, Train Loss: 3.2098, Train MAPE: 0.0765, Train RMSE: 5.8091
Iter: 350, Train Loss: 3.4465, Train MAPE: 0.0815, Train RMSE: 6.0706
Epoch: 044, Inference Time: 2.8257 secs
Epoch: 044, Train Loss: 3.2857, Train MAPE: 0.0765, Train RMSE: 5.7904, Valid Loss: 2.7966, Valid MAPE: 0.0785, Valid RMSE: 5.5884, Training Time: 67.1104/epoch
Iter: 000, Train Loss: 3.5147, Train MAPE: 0.0856, Train RMSE: 6.1997
Iter: 050, Train Loss: 3.3275, Train MAPE: 0.0808, Train RMSE: 5.7882
Iter: 100, Train Loss: 3.2195, Train MAPE: 0.0714, Train RMSE: 5.7563
Iter: 150, Train Loss: 3.2546, Train MAPE: 0.0756, Train RMSE: 5.7664
Iter: 200, Train Loss: 3.5274, Train MAPE: 0.0855, Train RMSE: 6.1806
Iter: 250, Train Loss: 3.2644, Train MAPE: 0.0725, Train RMSE: 5.6162
Iter: 300, Train Loss: 3.3267, Train MAPE: 0.0798, Train RMSE: 6.1510
Iter: 350, Train Loss: 3.3015, Train MAPE: 0.0701, Train RMSE: 5.4741
Epoch: 045, Inference Time: 2.8261 secs
Epoch: 045, Train Loss: 3.2792, Train MAPE: 0.0762, Train RMSE: 5.7803, Valid Loss: 2.8056, Valid MAPE: 0.0776, Valid RMSE: 5.6415, Training Time: 67.1182/epoch
Iter: 000, Train Loss: 3.2640, Train MAPE: 0.0837, Train RMSE: 5.9358
Iter: 050, Train Loss: 3.3215, Train MAPE: 0.0806, Train RMSE: 6.0289
Iter: 100, Train Loss: 3.4012, Train MAPE: 0.0845, Train RMSE: 6.0630
Iter: 150, Train Loss: 3.1805, Train MAPE: 0.0703, Train RMSE: 5.5092
Iter: 200, Train Loss: 3.5952, Train MAPE: 0.0880, Train RMSE: 6.2953
Iter: 250, Train Loss: 3.0703, Train MAPE: 0.0658, Train RMSE: 5.3728
Iter: 300, Train Loss: 3.3693, Train MAPE: 0.0853, Train RMSE: 5.9551
Iter: 350, Train Loss: 3.2348, Train MAPE: 0.0734, Train RMSE: 5.5562
Epoch: 046, Inference Time: 2.8259 secs
Epoch: 046, Train Loss: 3.2653, Train MAPE: 0.0756, Train RMSE: 5.7367, Valid Loss: 2.7648, Valid MAPE: 0.0771, Valid RMSE: 5.5180, Training Time: 67.1122/epoch
Iter: 000, Train Loss: 3.3896, Train MAPE: 0.0870, Train RMSE: 6.0866
Iter: 050, Train Loss: 3.1531, Train MAPE: 0.0714, Train RMSE: 5.4630
Iter: 100, Train Loss: 3.4123, Train MAPE: 0.0800, Train RMSE: 5.9439
Iter: 150, Train Loss: 3.4920, Train MAPE: 0.0876, Train RMSE: 6.1240
Iter: 200, Train Loss: 3.0524, Train MAPE: 0.0649, Train RMSE: 5.2946
Iter: 250, Train Loss: 3.1664, Train MAPE: 0.0748, Train RMSE: 5.6461
Iter: 300, Train Loss: 3.0888, Train MAPE: 0.0681, Train RMSE: 5.3155
Iter: 350, Train Loss: 3.2151, Train MAPE: 0.0781, Train RMSE: 5.7391
Epoch: 047, Inference Time: 2.8259 secs
Epoch: 047, Train Loss: 3.2521, Train MAPE: 0.0752, Train RMSE: 5.7032, Valid Loss: 2.7688, Valid MAPE: 0.0744, Valid RMSE: 5.4894, Training Time: 67.1130/epoch
Iter: 000, Train Loss: 3.0983, Train MAPE: 0.0672, Train RMSE: 5.2962
Iter: 050, Train Loss: 3.2831, Train MAPE: 0.0746, Train RMSE: 5.7533
Iter: 100, Train Loss: 3.4574, Train MAPE: 0.0817, Train RMSE: 5.9298
Iter: 150, Train Loss: 3.3405, Train MAPE: 0.0768, Train RMSE: 5.8728
Iter: 200, Train Loss: 3.0761, Train MAPE: 0.0673, Train RMSE: 5.5065
Iter: 250, Train Loss: 3.3172, Train MAPE: 0.0741, Train RMSE: 5.6594
Iter: 300, Train Loss: 3.1169, Train MAPE: 0.0716, Train RMSE: 5.4332
Iter: 350, Train Loss: 3.6464, Train MAPE: 0.0956, Train RMSE: 6.5901
Epoch: 048, Inference Time: 2.8255 secs
Epoch: 048, Train Loss: 3.2347, Train MAPE: 0.0745, Train RMSE: 5.6584, Valid Loss: 2.7277, Valid MAPE: 0.0742, Valid RMSE: 5.4197, Training Time: 67.1205/epoch
Iter: 000, Train Loss: 3.2586, Train MAPE: 0.0703, Train RMSE: 5.4111
Iter: 050, Train Loss: 3.4269, Train MAPE: 0.0795, Train RMSE: 6.0785
Iter: 100, Train Loss: 3.1720, Train MAPE: 0.0765, Train RMSE: 5.5439
Iter: 150, Train Loss: 2.9700, Train MAPE: 0.0641, Train RMSE: 5.2631
Iter: 200, Train Loss: 3.4695, Train MAPE: 0.0794, Train RMSE: 6.0136
Iter: 250, Train Loss: 3.0217, Train MAPE: 0.0643, Train RMSE: 5.1906
Iter: 300, Train Loss: 3.3193, Train MAPE: 0.0915, Train RMSE: 6.0721
Iter: 350, Train Loss: 3.1905, Train MAPE: 0.0759, Train RMSE: 5.7799
Epoch: 049, Inference Time: 2.8261 secs
Epoch: 049, Train Loss: 3.2175, Train MAPE: 0.0737, Train RMSE: 5.6096, Valid Loss: 2.7458, Valid MAPE: 0.0761, Valid RMSE: 5.4755, Training Time: 67.1173/epoch
Iter: 000, Train Loss: 3.4247, Train MAPE: 0.0828, Train RMSE: 6.1118
Iter: 050, Train Loss: 3.2029, Train MAPE: 0.0754, Train RMSE: 5.7758
Iter: 100, Train Loss: 3.0421, Train MAPE: 0.0662, Train RMSE: 5.1216
Iter: 150, Train Loss: 3.2127, Train MAPE: 0.0734, Train RMSE: 5.5614
Iter: 200, Train Loss: 3.3156, Train MAPE: 0.0755, Train RMSE: 5.7662
Iter: 250, Train Loss: 3.3775, Train MAPE: 0.0786, Train RMSE: 5.9080
Iter: 300, Train Loss: 3.2310, Train MAPE: 0.0744, Train RMSE: 5.5947
Iter: 350, Train Loss: 3.1423, Train MAPE: 0.0688, Train RMSE: 5.3252
Epoch: 050, Inference Time: 2.8255 secs
Epoch: 050, Train Loss: 3.2001, Train MAPE: 0.0731, Train RMSE: 5.5638, Valid Loss: 2.7296, Valid MAPE: 0.0750, Valid RMSE: 5.4509, Training Time: 67.1244/epoch
Iter: 000, Train Loss: 3.3696, Train MAPE: 0.0835, Train RMSE: 6.0014
Iter: 050, Train Loss: 3.0312, Train MAPE: 0.0649, Train RMSE: 5.0465
Iter: 100, Train Loss: 3.2528, Train MAPE: 0.0744, Train RMSE: 5.5643
Iter: 150, Train Loss: 3.2218, Train MAPE: 0.0730, Train RMSE: 5.5674
Iter: 200, Train Loss: 2.9261, Train MAPE: 0.0672, Train RMSE: 5.2116
Iter: 250, Train Loss: 3.0753, Train MAPE: 0.0677, Train RMSE: 5.3734
Iter: 300, Train Loss: 3.2877, Train MAPE: 0.0790, Train RMSE: 5.6147
Iter: 350, Train Loss: 2.9661, Train MAPE: 0.0606, Train RMSE: 5.0190
Epoch: 051, Inference Time: 2.8251 secs
Epoch: 051, Train Loss: 3.1855, Train MAPE: 0.0725, Train RMSE: 5.5206, Valid Loss: 2.7369, Valid MAPE: 0.0753, Valid RMSE: 5.4455, Training Time: 67.1189/epoch
Iter: 000, Train Loss: 3.1873, Train MAPE: 0.0735, Train RMSE: 5.4365
Iter: 050, Train Loss: 3.1464, Train MAPE: 0.0766, Train RMSE: 5.4345
Iter: 100, Train Loss: 3.3231, Train MAPE: 0.0727, Train RMSE: 5.6287
Iter: 150, Train Loss: 3.1841, Train MAPE: 0.0721, Train RMSE: 5.4651
Iter: 200, Train Loss: 3.3270, Train MAPE: 0.0734, Train RMSE: 5.5228
Iter: 250, Train Loss: 3.1887, Train MAPE: 0.0679, Train RMSE: 5.4423
Iter: 300, Train Loss: 2.8976, Train MAPE: 0.0588, Train RMSE: 4.8214
Iter: 350, Train Loss: 3.0509, Train MAPE: 0.0660, Train RMSE: 5.1561
Epoch: 052, Inference Time: 2.8250 secs
Epoch: 052, Train Loss: 3.1735, Train MAPE: 0.0720, Train RMSE: 5.4859, Valid Loss: 2.7290, Valid MAPE: 0.0746, Valid RMSE: 5.4533, Training Time: 67.1139/epoch
Iter: 000, Train Loss: 3.1557, Train MAPE: 0.0754, Train RMSE: 5.7287
Iter: 050, Train Loss: 3.3034, Train MAPE: 0.0737, Train RMSE: 5.6283
Iter: 100, Train Loss: 3.0989, Train MAPE: 0.0704, Train RMSE: 5.2818
Iter: 150, Train Loss: 3.2327, Train MAPE: 0.0739, Train RMSE: 5.5199
Iter: 200, Train Loss: 3.1918, Train MAPE: 0.0784, Train RMSE: 5.5417
Iter: 250, Train Loss: 3.1897, Train MAPE: 0.0751, Train RMSE: 5.5436
Iter: 300, Train Loss: 3.0326, Train MAPE: 0.0627, Train RMSE: 5.1546
Iter: 350, Train Loss: 3.0586, Train MAPE: 0.0668, Train RMSE: 5.4005
Epoch: 053, Inference Time: 2.8246 secs
Epoch: 053, Train Loss: 3.1660, Train MAPE: 0.0717, Train RMSE: 5.4655, Valid Loss: 2.7297, Valid MAPE: 0.0750, Valid RMSE: 5.4560, Training Time: 67.1348/epoch
Iter: 000, Train Loss: 3.2273, Train MAPE: 0.0775, Train RMSE: 5.7205
Iter: 050, Train Loss: 3.3029, Train MAPE: 0.0786, Train RMSE: 5.7484
Iter: 100, Train Loss: 3.2277, Train MAPE: 0.0763, Train RMSE: 5.7408
Iter: 150, Train Loss: 3.5460, Train MAPE: 0.0917, Train RMSE: 6.3359
Iter: 200, Train Loss: 3.4470, Train MAPE: 0.0794, Train RMSE: 6.0517
Iter: 250, Train Loss: 3.1937, Train MAPE: 0.0744, Train RMSE: 5.5615
Iter: 300, Train Loss: 3.0741, Train MAPE: 0.0672, Train RMSE: 5.3064
Iter: 350, Train Loss: 2.9970, Train MAPE: 0.0644, Train RMSE: 5.1540
Epoch: 054, Inference Time: 2.8250 secs
Epoch: 054, Train Loss: 3.2353, Train MAPE: 0.0744, Train RMSE: 5.6496, Valid Loss: 2.8012, Valid MAPE: 0.0781, Valid RMSE: 5.6339, Training Time: 67.1175/epoch
Iter: 000, Train Loss: 3.2648, Train MAPE: 0.0797, Train RMSE: 6.1179
Iter: 050, Train Loss: 3.0777, Train MAPE: 0.0667, Train RMSE: 5.0495
Iter: 100, Train Loss: 3.4219, Train MAPE: 0.0788, Train RMSE: 5.9123
Iter: 150, Train Loss: 3.4273, Train MAPE: 0.0752, Train RMSE: 5.7458
Iter: 200, Train Loss: 3.1604, Train MAPE: 0.0699, Train RMSE: 5.5848
Iter: 250, Train Loss: 3.0809, Train MAPE: 0.0632, Train RMSE: 5.2787
Iter: 300, Train Loss: 3.1198, Train MAPE: 0.0677, Train RMSE: 5.2862
Iter: 350, Train Loss: 3.1188, Train MAPE: 0.0728, Train RMSE: 5.7378
Epoch: 055, Inference Time: 2.8252 secs
Epoch: 055, Train Loss: 3.2642, Train MAPE: 0.0755, Train RMSE: 5.7298, Valid Loss: 2.7852, Valid MAPE: 0.0763, Valid RMSE: 5.4561, Training Time: 67.1146/epoch
Iter: 000, Train Loss: 3.2400, Train MAPE: 0.0757, Train RMSE: 5.6927
Iter: 050, Train Loss: 3.4055, Train MAPE: 0.0837, Train RMSE: 6.0562
Iter: 100, Train Loss: 3.1166, Train MAPE: 0.0651, Train RMSE: 5.3175
Iter: 150, Train Loss: 3.2006, Train MAPE: 0.0795, Train RMSE: 5.7798
Iter: 200, Train Loss: 3.2078, Train MAPE: 0.0704, Train RMSE: 5.4635
Iter: 250, Train Loss: 3.1641, Train MAPE: 0.0753, Train RMSE: 5.4415
Iter: 300, Train Loss: 3.3374, Train MAPE: 0.0767, Train RMSE: 5.9189
Iter: 350, Train Loss: 3.2388, Train MAPE: 0.0754, Train RMSE: 5.7759
Epoch: 056, Inference Time: 2.8254 secs
Epoch: 056, Train Loss: 3.2552, Train MAPE: 0.0751, Train RMSE: 5.6996, Valid Loss: 2.7492, Valid MAPE: 0.0755, Valid RMSE: 5.4538, Training Time: 69.5985/epoch
Iter: 000, Train Loss: 2.9748, Train MAPE: 0.0603, Train RMSE: 4.9443
Iter: 050, Train Loss: 3.4707, Train MAPE: 0.0789, Train RMSE: 6.0025
Iter: 100, Train Loss: 3.3164, Train MAPE: 0.0798, Train RMSE: 5.9890
Iter: 150, Train Loss: 3.2486, Train MAPE: 0.0781, Train RMSE: 5.7072
Iter: 200, Train Loss: 3.5516, Train MAPE: 0.0840, Train RMSE: 6.1087
Iter: 250, Train Loss: 3.3922, Train MAPE: 0.0834, Train RMSE: 5.9792
Iter: 300, Train Loss: 3.1397, Train MAPE: 0.0691, Train RMSE: 5.5103
Iter: 350, Train Loss: 3.0844, Train MAPE: 0.0661, Train RMSE: 5.4587
Epoch: 057, Inference Time: 2.8232 secs
Epoch: 057, Train Loss: 3.2427, Train MAPE: 0.0747, Train RMSE: 5.6679, Valid Loss: 2.7630, Valid MAPE: 0.0762, Valid RMSE: 5.5249, Training Time: 69.7007/epoch
Early Termination!
Average Training Time: 67.3604 secs/epoch
Average Inference Time: 2.8265 secs
Training finished
The valid loss on best model is 2.7273
Evaluate best model on test data for horizon 1, Test MAE: 2.2917, Test MAPE: 0.0555, Test RMSE: 4.1159
Evaluate best model on test data for horizon 2, Test MAE: 2.5233, Test MAPE: 0.0632, Test RMSE: 4.8154
Evaluate best model on test data for horizon 3, Test MAE: 2.6860, Test MAPE: 0.0691, Test RMSE: 5.2901
Evaluate best model on test data for horizon 4, Test MAE: 2.8192, Test MAPE: 0.0742, Test RMSE: 5.6782
Evaluate best model on test data for horizon 5, Test MAE: 2.9285, Test MAPE: 0.0785, Test RMSE: 5.9928
Evaluate best model on test data for horizon 6, Test MAE: 3.0198, Test MAPE: 0.0822, Test RMSE: 6.2531
Evaluate best model on test data for horizon 7, Test MAE: 3.1028, Test MAPE: 0.0854, Test RMSE: 6.4846
Evaluate best model on test data for horizon 8, Test MAE: 3.1789, Test MAPE: 0.0884, Test RMSE: 6.6889
Evaluate best model on test data for horizon 9, Test MAE: 3.2451, Test MAPE: 0.0910, Test RMSE: 6.8645
Evaluate best model on test data for horizon 10, Test MAE: 3.3028, Test MAPE: 0.0932, Test RMSE: 7.0118
Evaluate best model on test data for horizon 11, Test MAE: 3.3545, Test MAPE: 0.0952, Test RMSE: 7.1395
Evaluate best model on test data for horizon 12, Test MAE: 3.4066, Test MAPE: 0.0972, Test RMSE: 7.2620
On average over 12 horizons, Test MAE: 2.9883, Test MAPE: 0.0811, Test RMSE: 6.1331
Total time spent: 4044.6914
