Start Deterministic Training with seed 42
Namespace(device='cuda:0', data='/home/p_tf_zy/p_tf_01/TESTAM-main/data/METR-LA', adjdata='/home/p_tf_zy/p_tf_01/TESTAM-main/data/METR-LA/adj_mx.pkl', adjtype='doubletransition', out_dim=1, nhid=32, in_dim=2, num_nodes=207, batch_size=64, dropout=0.3, epochs=100, print_every=50, seed=42, save='/home/p_tf_zy/p_tf_01/TESTAM-main/experiment/METR-LA_TESTAM', expid=1, load_path=None, patience=15, lr_mul=1, n_warmup_steps=4000, quantile=0.7, is_quantile=False, warmup_epoch=0)
Train the model with 44123912 parameters
start training...
Iter: 000, Train Loss: 14.7373, Train MAPE: 0.3077, Train RMSE: 15.8725
Iter: 050, Train Loss: 10.4368, Train MAPE: 0.2757, Train RMSE: 14.0665
Iter: 100, Train Loss: 8.5190, Train MAPE: 0.2638, Train RMSE: 13.3057
Iter: 150, Train Loss: 7.3900, Train MAPE: 0.2285, Train RMSE: 12.6348
Iter: 200, Train Loss: 6.6342, Train MAPE: 0.1635, Train RMSE: 10.6882
Iter: 250, Train Loss: 5.8405, Train MAPE: 0.1611, Train RMSE: 9.3209
Iter: 300, Train Loss: 5.4741, Train MAPE: 0.1584, Train RMSE: 8.9834
Iter: 350, Train Loss: 5.6574, Train MAPE: 0.1824, Train RMSE: 10.5080
Epoch: 001, Inference Time: 4.5695 secs
Epoch: 001, Train Loss: 7.5383, Train MAPE: 0.2052, Train RMSE: 11.3333, Valid Loss: 4.7499, Valid MAPE: 0.1373, Valid RMSE: 8.5122, Training Time: 121.3527/epoch
Iter: 000, Train Loss: 4.7518, Train MAPE: 0.1221, Train RMSE: 8.3585
Iter: 050, Train Loss: 4.7689, Train MAPE: 0.1381, Train RMSE: 8.5550
Iter: 100, Train Loss: 4.6986, Train MAPE: 0.1305, Train RMSE: 8.4951
Iter: 150, Train Loss: 4.9623, Train MAPE: 0.1399, Train RMSE: 8.9582
Iter: 200, Train Loss: 4.7230, Train MAPE: 0.1334, Train RMSE: 8.4591
Iter: 250, Train Loss: 4.4286, Train MAPE: 0.1314, Train RMSE: 7.9477
Iter: 300, Train Loss: 4.4460, Train MAPE: 0.1235, Train RMSE: 8.1153
Iter: 350, Train Loss: 4.6196, Train MAPE: 0.1427, Train RMSE: 8.4715
Epoch: 002, Inference Time: 4.6274 secs
Epoch: 002, Train Loss: 4.6843, Train MAPE: 0.1349, Train RMSE: 8.5307, Valid Loss: 3.9353, Valid MAPE: 0.1190, Valid RMSE: 7.1266, Training Time: 113.3272/epoch
Iter: 000, Train Loss: 4.4181, Train MAPE: 0.1190, Train RMSE: 7.9523
Iter: 050, Train Loss: 4.5259, Train MAPE: 0.1224, Train RMSE: 7.9760
Iter: 100, Train Loss: 3.8305, Train MAPE: 0.0899, Train RMSE: 6.8794
Iter: 150, Train Loss: 4.0500, Train MAPE: 0.1175, Train RMSE: 7.4565
Iter: 200, Train Loss: 4.0157, Train MAPE: 0.1105, Train RMSE: 7.3323
Iter: 250, Train Loss: 3.7901, Train MAPE: 0.0965, Train RMSE: 6.9554
Iter: 300, Train Loss: 4.3648, Train MAPE: 0.1228, Train RMSE: 7.7802
Iter: 350, Train Loss: 4.2155, Train MAPE: 0.1201, Train RMSE: 7.8909
Epoch: 003, Inference Time: 4.5690 secs
Epoch: 003, Train Loss: 4.2130, Train MAPE: 0.1174, Train RMSE: 7.6373, Valid Loss: 4.0993, Valid MAPE: 0.1147, Valid RMSE: 7.1850, Training Time: 113.2639/epoch
Iter: 000, Train Loss: 4.1884, Train MAPE: 0.1144, Train RMSE: 7.5603
Iter: 050, Train Loss: 4.0762, Train MAPE: 0.1028, Train RMSE: 7.2737
Iter: 100, Train Loss: 4.1006, Train MAPE: 0.1188, Train RMSE: 7.6337
Iter: 150, Train Loss: 3.9254, Train MAPE: 0.1026, Train RMSE: 7.0246
Iter: 200, Train Loss: 3.8732, Train MAPE: 0.1120, Train RMSE: 7.3058
Iter: 250, Train Loss: 3.9676, Train MAPE: 0.1073, Train RMSE: 7.1924
Iter: 300, Train Loss: 3.7872, Train MAPE: 0.1000, Train RMSE: 7.0440
Iter: 350, Train Loss: 3.8190, Train MAPE: 0.0988, Train RMSE: 6.9978
Epoch: 004, Inference Time: 4.5684 secs
Epoch: 004, Train Loss: 4.0264, Train MAPE: 0.1093, Train RMSE: 7.4320, Valid Loss: 3.7851, Valid MAPE: 0.1063, Valid RMSE: 6.8745, Training Time: 113.1998/epoch
Iter: 000, Train Loss: 4.0095, Train MAPE: 0.1134, Train RMSE: 7.8732
Iter: 050, Train Loss: 3.7579, Train MAPE: 0.0965, Train RMSE: 7.0731
Iter: 100, Train Loss: 4.0387, Train MAPE: 0.1149, Train RMSE: 7.5581
Iter: 150, Train Loss: 3.5719, Train MAPE: 0.0849, Train RMSE: 6.5112
Iter: 200, Train Loss: 3.8487, Train MAPE: 0.0984, Train RMSE: 7.1912
Iter: 250, Train Loss: 4.1104, Train MAPE: 0.1071, Train RMSE: 7.4795
Iter: 300, Train Loss: 4.0849, Train MAPE: 0.1109, Train RMSE: 7.5235
Iter: 350, Train Loss: 3.9489, Train MAPE: 0.1035, Train RMSE: 7.2860
Epoch: 005, Inference Time: 4.5703 secs
Epoch: 005, Train Loss: 3.9338, Train MAPE: 0.1043, Train RMSE: 7.2789, Valid Loss: 3.7239, Valid MAPE: 0.1024, Valid RMSE: 6.7916, Training Time: 113.1998/epoch
Iter: 000, Train Loss: 3.9080, Train MAPE: 0.0997, Train RMSE: 6.9655
Iter: 050, Train Loss: 4.1741, Train MAPE: 0.1117, Train RMSE: 7.7637
Iter: 100, Train Loss: 3.5433, Train MAPE: 0.0831, Train RMSE: 6.4403
Iter: 150, Train Loss: 3.9468, Train MAPE: 0.1071, Train RMSE: 7.3285
Iter: 200, Train Loss: 3.8694, Train MAPE: 0.0999, Train RMSE: 7.1138
Iter: 250, Train Loss: 3.8748, Train MAPE: 0.1006, Train RMSE: 7.1152
Iter: 300, Train Loss: 3.6782, Train MAPE: 0.0832, Train RMSE: 6.6048
Iter: 350, Train Loss: 3.4464, Train MAPE: 0.0778, Train RMSE: 6.4016
Epoch: 006, Inference Time: 4.5685 secs
Epoch: 006, Train Loss: 3.8479, Train MAPE: 0.1010, Train RMSE: 7.1435, Valid Loss: 3.6506, Valid MAPE: 0.1017, Valid RMSE: 6.6371, Training Time: 113.1603/epoch
Iter: 000, Train Loss: 3.4397, Train MAPE: 0.0857, Train RMSE: 6.4289
Iter: 050, Train Loss: 4.3224, Train MAPE: 0.1296, Train RMSE: 8.1355
Iter: 100, Train Loss: 3.7761, Train MAPE: 0.0930, Train RMSE: 6.8032
Iter: 150, Train Loss: 3.6515, Train MAPE: 0.0961, Train RMSE: 6.7932
Iter: 200, Train Loss: 3.7167, Train MAPE: 0.0959, Train RMSE: 6.9463
Iter: 250, Train Loss: 3.7513, Train MAPE: 0.0945, Train RMSE: 6.6240
Iter: 300, Train Loss: 3.8858, Train MAPE: 0.1015, Train RMSE: 7.0118
Iter: 350, Train Loss: 3.8487, Train MAPE: 0.0950, Train RMSE: 6.9885
Epoch: 007, Inference Time: 4.5685 secs
Epoch: 007, Train Loss: 3.7890, Train MAPE: 0.0985, Train RMSE: 7.0004, Valid Loss: 4.0671, Valid MAPE: 0.1046, Valid RMSE: 6.8862, Training Time: 113.1570/epoch
Iter: 000, Train Loss: 3.8447, Train MAPE: 0.0938, Train RMSE: 7.2065
Iter: 050, Train Loss: 3.7793, Train MAPE: 0.0968, Train RMSE: 6.9346
Iter: 100, Train Loss: 3.6700, Train MAPE: 0.0917, Train RMSE: 6.5906
Iter: 150, Train Loss: 3.7717, Train MAPE: 0.1015, Train RMSE: 6.9750
Iter: 200, Train Loss: 3.5889, Train MAPE: 0.0931, Train RMSE: 6.6969
Iter: 250, Train Loss: 3.7685, Train MAPE: 0.1023, Train RMSE: 7.1875
Iter: 300, Train Loss: 3.6267, Train MAPE: 0.0843, Train RMSE: 6.5025
Iter: 350, Train Loss: 3.8551, Train MAPE: 0.1070, Train RMSE: 7.1809
Epoch: 008, Inference Time: 4.5684 secs
Epoch: 008, Train Loss: 3.7374, Train MAPE: 0.0964, Train RMSE: 6.8875, Valid Loss: 3.4558, Valid MAPE: 0.0904, Valid RMSE: 6.2979, Training Time: 113.2121/epoch
Iter: 000, Train Loss: 3.5168, Train MAPE: 0.0847, Train RMSE: 6.2482
Iter: 050, Train Loss: 3.8043, Train MAPE: 0.0880, Train RMSE: 6.9044
Iter: 100, Train Loss: 3.7337, Train MAPE: 0.0984, Train RMSE: 6.8766
Iter: 150, Train Loss: 3.5764, Train MAPE: 0.0936, Train RMSE: 6.5759
Iter: 200, Train Loss: 3.6038, Train MAPE: 0.0858, Train RMSE: 6.2629
Iter: 250, Train Loss: 4.0311, Train MAPE: 0.1112, Train RMSE: 7.4403
Iter: 300, Train Loss: 3.5277, Train MAPE: 0.0871, Train RMSE: 6.3913
Iter: 350, Train Loss: 3.3230, Train MAPE: 0.0782, Train RMSE: 5.9433
Epoch: 009, Inference Time: 4.5681 secs
Epoch: 009, Train Loss: 3.6898, Train MAPE: 0.0939, Train RMSE: 6.7526, Valid Loss: 3.8263, Valid MAPE: 0.0977, Valid RMSE: 6.5894, Training Time: 113.1780/epoch
Iter: 000, Train Loss: 3.5251, Train MAPE: 0.0848, Train RMSE: 6.5673
Iter: 050, Train Loss: 3.6540, Train MAPE: 0.0866, Train RMSE: 6.5193
Iter: 100, Train Loss: 3.6995, Train MAPE: 0.0958, Train RMSE: 6.6558
Iter: 150, Train Loss: 3.6147, Train MAPE: 0.0898, Train RMSE: 6.6534
Iter: 200, Train Loss: 3.6202, Train MAPE: 0.0898, Train RMSE: 6.6994
Iter: 250, Train Loss: 3.9842, Train MAPE: 0.1009, Train RMSE: 7.1006
Iter: 300, Train Loss: 3.5590, Train MAPE: 0.0892, Train RMSE: 6.6318
Iter: 350, Train Loss: 3.6016, Train MAPE: 0.0846, Train RMSE: 6.3502
Epoch: 010, Inference Time: 4.5671 secs
Epoch: 010, Train Loss: 3.6353, Train MAPE: 0.0913, Train RMSE: 6.6017, Valid Loss: 3.5437, Valid MAPE: 0.0917, Valid RMSE: 6.2528, Training Time: 113.1375/epoch
Iter: 000, Train Loss: 3.7234, Train MAPE: 0.0928, Train RMSE: 6.7393
Iter: 050, Train Loss: 3.4879, Train MAPE: 0.0900, Train RMSE: 6.5364
Iter: 100, Train Loss: 3.5246, Train MAPE: 0.0833, Train RMSE: 6.3047
Iter: 150, Train Loss: 3.4790, Train MAPE: 0.0823, Train RMSE: 6.2559
Iter: 200, Train Loss: 3.3175, Train MAPE: 0.0721, Train RMSE: 6.0239
Iter: 250, Train Loss: 3.4438, Train MAPE: 0.0867, Train RMSE: 6.2669
Iter: 300, Train Loss: 3.6431, Train MAPE: 0.0928, Train RMSE: 6.5961
Iter: 350, Train Loss: 4.0363, Train MAPE: 0.0976, Train RMSE: 7.0533
Epoch: 011, Inference Time: 4.5721 secs
Epoch: 011, Train Loss: 3.6293, Train MAPE: 0.0907, Train RMSE: 6.5518, Valid Loss: 3.4194, Valid MAPE: 0.0962, Valid RMSE: 6.1721, Training Time: 113.1443/epoch
Iter: 000, Train Loss: 3.8687, Train MAPE: 0.1043, Train RMSE: 6.9954
Iter: 050, Train Loss: 3.7174, Train MAPE: 0.1002, Train RMSE: 6.6366
Iter: 100, Train Loss: 3.8133, Train MAPE: 0.1024, Train RMSE: 6.8371
Iter: 150, Train Loss: 3.3920, Train MAPE: 0.0753, Train RMSE: 6.1188
Iter: 200, Train Loss: 3.4921, Train MAPE: 0.0801, Train RMSE: 6.2752
Iter: 250, Train Loss: 3.5434, Train MAPE: 0.0897, Train RMSE: 6.2997
Iter: 300, Train Loss: 3.7003, Train MAPE: 0.0965, Train RMSE: 6.7269
Iter: 350, Train Loss: 3.1605, Train MAPE: 0.0716, Train RMSE: 5.5114
Epoch: 012, Inference Time: 4.5691 secs
Epoch: 012, Train Loss: 3.5910, Train MAPE: 0.0899, Train RMSE: 6.5183, Valid Loss: 3.4287, Valid MAPE: 0.0905, Valid RMSE: 6.1190, Training Time: 113.1425/epoch
Iter: 000, Train Loss: 3.4978, Train MAPE: 0.0830, Train RMSE: 6.4539
Iter: 050, Train Loss: 3.6592, Train MAPE: 0.0984, Train RMSE: 6.8589
Iter: 100, Train Loss: 3.7056, Train MAPE: 0.0941, Train RMSE: 6.6950
Iter: 150, Train Loss: 3.5970, Train MAPE: 0.0930, Train RMSE: 6.6215
Iter: 200, Train Loss: 3.4565, Train MAPE: 0.0803, Train RMSE: 6.1562
Iter: 250, Train Loss: 3.4171, Train MAPE: 0.0835, Train RMSE: 6.2395
Iter: 300, Train Loss: 3.3244, Train MAPE: 0.0754, Train RMSE: 5.9610
Iter: 350, Train Loss: 3.3499, Train MAPE: 0.0807, Train RMSE: 5.9447
Epoch: 013, Inference Time: 4.5650 secs
Epoch: 013, Train Loss: 3.5087, Train MAPE: 0.0879, Train RMSE: 6.4275, Valid Loss: 3.3873, Valid MAPE: 0.0911, Valid RMSE: 6.0647, Training Time: 113.1614/epoch
Iter: 000, Train Loss: 3.1547, Train MAPE: 0.0754, Train RMSE: 5.8086
Iter: 050, Train Loss: 3.4819, Train MAPE: 0.0868, Train RMSE: 6.3724
Iter: 100, Train Loss: 3.3571, Train MAPE: 0.0845, Train RMSE: 6.2755
Iter: 150, Train Loss: 3.2677, Train MAPE: 0.0717, Train RMSE: 5.7514
Iter: 200, Train Loss: 3.6877, Train MAPE: 0.0929, Train RMSE: 6.9296
Iter: 250, Train Loss: 3.4944, Train MAPE: 0.0918, Train RMSE: 6.5376
Iter: 300, Train Loss: 3.4634, Train MAPE: 0.0848, Train RMSE: 6.3187
Iter: 350, Train Loss: 3.2218, Train MAPE: 0.0776, Train RMSE: 6.0255
Epoch: 014, Inference Time: 4.5678 secs
Epoch: 014, Train Loss: 3.4486, Train MAPE: 0.0865, Train RMSE: 6.3502, Valid Loss: 3.3414, Valid MAPE: 0.0882, Valid RMSE: 6.0768, Training Time: 113.1631/epoch
Iter: 000, Train Loss: 3.2336, Train MAPE: 0.0786, Train RMSE: 5.9366
Iter: 050, Train Loss: 3.2632, Train MAPE: 0.0818, Train RMSE: 6.0827
Iter: 100, Train Loss: 3.4804, Train MAPE: 0.0910, Train RMSE: 6.5433
Iter: 150, Train Loss: 3.5125, Train MAPE: 0.0920, Train RMSE: 6.6909
Iter: 200, Train Loss: 3.3183, Train MAPE: 0.0820, Train RMSE: 5.9280
Iter: 250, Train Loss: 3.2344, Train MAPE: 0.0749, Train RMSE: 5.8761
Iter: 300, Train Loss: 3.1647, Train MAPE: 0.0712, Train RMSE: 5.8194
Iter: 350, Train Loss: 3.6324, Train MAPE: 0.0986, Train RMSE: 7.1150
Epoch: 015, Inference Time: 4.5662 secs
Epoch: 015, Train Loss: 3.4038, Train MAPE: 0.0852, Train RMSE: 6.2914, Valid Loss: 3.0831, Valid MAPE: 0.0842, Valid RMSE: 5.8270, Training Time: 113.1723/epoch
Iter: 000, Train Loss: 3.6472, Train MAPE: 0.0994, Train RMSE: 6.8544
Iter: 050, Train Loss: 3.2483, Train MAPE: 0.0746, Train RMSE: 5.9097
Iter: 100, Train Loss: 3.2758, Train MAPE: 0.0799, Train RMSE: 5.9763
Iter: 150, Train Loss: 3.6235, Train MAPE: 0.0972, Train RMSE: 6.8605
Iter: 200, Train Loss: 3.6476, Train MAPE: 0.0983, Train RMSE: 6.8566
Iter: 250, Train Loss: 3.4531, Train MAPE: 0.0907, Train RMSE: 6.4773
Iter: 300, Train Loss: 3.2141, Train MAPE: 0.0761, Train RMSE: 5.9872
Iter: 350, Train Loss: 3.2698, Train MAPE: 0.0775, Train RMSE: 6.0763
Epoch: 016, Inference Time: 4.5660 secs
Epoch: 016, Train Loss: 3.3639, Train MAPE: 0.0840, Train RMSE: 6.2263, Valid Loss: 3.2176, Valid MAPE: 0.0864, Valid RMSE: 5.9755, Training Time: 113.1288/epoch
Iter: 000, Train Loss: 3.1664, Train MAPE: 0.0733, Train RMSE: 5.9510
Iter: 050, Train Loss: 3.0198, Train MAPE: 0.0694, Train RMSE: 5.5673
Iter: 100, Train Loss: 3.4425, Train MAPE: 0.0965, Train RMSE: 6.6156
Iter: 150, Train Loss: 3.3490, Train MAPE: 0.0912, Train RMSE: 6.2786
Iter: 200, Train Loss: 3.2511, Train MAPE: 0.0737, Train RMSE: 5.7703
Iter: 250, Train Loss: 3.5959, Train MAPE: 0.0970, Train RMSE: 6.6776
Iter: 300, Train Loss: 3.2178, Train MAPE: 0.0728, Train RMSE: 5.5656
Iter: 350, Train Loss: 3.4129, Train MAPE: 0.0826, Train RMSE: 6.2785
Epoch: 017, Inference Time: 4.5658 secs
Epoch: 017, Train Loss: 3.3320, Train MAPE: 0.0830, Train RMSE: 6.1715, Valid Loss: 3.0942, Valid MAPE: 0.0846, Valid RMSE: 5.8629, Training Time: 113.1317/epoch
Iter: 000, Train Loss: 3.4584, Train MAPE: 0.0938, Train RMSE: 6.6647
Iter: 050, Train Loss: 3.3392, Train MAPE: 0.0830, Train RMSE: 6.0588
Iter: 100, Train Loss: 3.3945, Train MAPE: 0.0800, Train RMSE: 6.2608
Iter: 150, Train Loss: 3.8648, Train MAPE: 0.1021, Train RMSE: 7.0194
Iter: 200, Train Loss: 3.6499, Train MAPE: 0.0988, Train RMSE: 6.8218
Iter: 250, Train Loss: 3.1479, Train MAPE: 0.0773, Train RMSE: 5.8335
Iter: 300, Train Loss: 3.2803, Train MAPE: 0.0725, Train RMSE: 5.6896
Iter: 350, Train Loss: 3.2885, Train MAPE: 0.0822, Train RMSE: 5.9496
Epoch: 018, Inference Time: 4.5671 secs
Epoch: 018, Train Loss: 3.3058, Train MAPE: 0.0821, Train RMSE: 6.1236, Valid Loss: 3.1818, Valid MAPE: 0.0854, Valid RMSE: 5.9238, Training Time: 113.1664/epoch
Iter: 000, Train Loss: 3.5004, Train MAPE: 0.0873, Train RMSE: 6.3211
Iter: 050, Train Loss: 3.2174, Train MAPE: 0.0791, Train RMSE: 5.9217
Iter: 100, Train Loss: 3.1983, Train MAPE: 0.0796, Train RMSE: 6.0027
Iter: 150, Train Loss: 3.1091, Train MAPE: 0.0724, Train RMSE: 5.8014
Iter: 200, Train Loss: 3.4063, Train MAPE: 0.0903, Train RMSE: 6.4332
Iter: 250, Train Loss: 3.1276, Train MAPE: 0.0718, Train RMSE: 5.5321
Iter: 300, Train Loss: 3.2967, Train MAPE: 0.0803, Train RMSE: 6.0993
Iter: 350, Train Loss: 3.0379, Train MAPE: 0.0664, Train RMSE: 5.5153
Epoch: 019, Inference Time: 4.5668 secs
Epoch: 019, Train Loss: 3.2844, Train MAPE: 0.0814, Train RMSE: 6.0821, Valid Loss: 3.1053, Valid MAPE: 0.0829, Valid RMSE: 5.8292, Training Time: 113.1542/epoch
Iter: 000, Train Loss: 3.0690, Train MAPE: 0.0746, Train RMSE: 5.7580
Iter: 050, Train Loss: 3.2416, Train MAPE: 0.0782, Train RMSE: 5.8187
Iter: 100, Train Loss: 3.2095, Train MAPE: 0.0770, Train RMSE: 5.8707
Iter: 150, Train Loss: 3.3826, Train MAPE: 0.0893, Train RMSE: 6.4016
Iter: 200, Train Loss: 3.2726, Train MAPE: 0.0813, Train RMSE: 5.8287
Iter: 250, Train Loss: 3.2402, Train MAPE: 0.0807, Train RMSE: 6.0152
Iter: 300, Train Loss: 3.4808, Train MAPE: 0.0921, Train RMSE: 6.5343
Iter: 350, Train Loss: 3.2285, Train MAPE: 0.0773, Train RMSE: 5.8563
Epoch: 020, Inference Time: 4.5657 secs
Epoch: 020, Train Loss: 3.2671, Train MAPE: 0.0808, Train RMSE: 6.0437, Valid Loss: 3.1062, Valid MAPE: 0.0837, Valid RMSE: 5.8570, Training Time: 113.1199/epoch
Iter: 000, Train Loss: 3.2762, Train MAPE: 0.0799, Train RMSE: 6.0390
Iter: 050, Train Loss: 3.1701, Train MAPE: 0.0739, Train RMSE: 5.8080
Iter: 100, Train Loss: 3.1555, Train MAPE: 0.0709, Train RMSE: 5.6957
Iter: 150, Train Loss: 3.3005, Train MAPE: 0.0801, Train RMSE: 5.8301
Iter: 200, Train Loss: 3.4156, Train MAPE: 0.0866, Train RMSE: 6.3623
Iter: 250, Train Loss: 3.0594, Train MAPE: 0.0751, Train RMSE: 5.6032
Iter: 300, Train Loss: 3.4193, Train MAPE: 0.0861, Train RMSE: 6.3863
Iter: 350, Train Loss: 3.3050, Train MAPE: 0.0814, Train RMSE: 6.1810
Epoch: 021, Inference Time: 4.5686 secs
Epoch: 021, Train Loss: 3.2565, Train MAPE: 0.0804, Train RMSE: 6.0204, Valid Loss: 3.0854, Valid MAPE: 0.0833, Valid RMSE: 5.8275, Training Time: 113.1263/epoch
Iter: 000, Train Loss: 3.3846, Train MAPE: 0.0871, Train RMSE: 6.2281
Iter: 050, Train Loss: 3.1046, Train MAPE: 0.0775, Train RMSE: 5.8339
Iter: 100, Train Loss: 3.1111, Train MAPE: 0.0703, Train RMSE: 5.6204
Iter: 150, Train Loss: 3.5013, Train MAPE: 0.0977, Train RMSE: 6.7392
Iter: 200, Train Loss: 3.2663, Train MAPE: 0.0811, Train RMSE: 6.1173
Iter: 250, Train Loss: 3.4163, Train MAPE: 0.0837, Train RMSE: 6.3413
Iter: 300, Train Loss: 3.3293, Train MAPE: 0.0770, Train RMSE: 6.0440
Iter: 350, Train Loss: 3.3784, Train MAPE: 0.0813, Train RMSE: 6.2991
Epoch: 022, Inference Time: 4.5675 secs
Epoch: 022, Train Loss: 3.3587, Train MAPE: 0.0838, Train RMSE: 6.2032, Valid Loss: 3.1231, Valid MAPE: 0.0870, Valid RMSE: 5.9148, Training Time: 113.1397/epoch
Iter: 000, Train Loss: 3.2056, Train MAPE: 0.0782, Train RMSE: 5.9196
Iter: 050, Train Loss: 3.4050, Train MAPE: 0.0950, Train RMSE: 6.3025
Iter: 100, Train Loss: 3.1780, Train MAPE: 0.0777, Train RMSE: 5.9238
Iter: 150, Train Loss: 3.1379, Train MAPE: 0.0749, Train RMSE: 5.9311
Iter: 200, Train Loss: 3.3167, Train MAPE: 0.0791, Train RMSE: 6.0559
Iter: 250, Train Loss: 3.5932, Train MAPE: 0.0965, Train RMSE: 6.9421
Iter: 300, Train Loss: 3.3419, Train MAPE: 0.0754, Train RMSE: 6.1429
Iter: 350, Train Loss: 3.1761, Train MAPE: 0.0772, Train RMSE: 5.8128
Epoch: 023, Inference Time: 4.5671 secs
Epoch: 023, Train Loss: 3.3567, Train MAPE: 0.0838, Train RMSE: 6.2054, Valid Loss: 3.0889, Valid MAPE: 0.0856, Valid RMSE: 5.9106, Training Time: 113.1963/epoch
Iter: 000, Train Loss: 3.2572, Train MAPE: 0.0802, Train RMSE: 6.0843
Iter: 050, Train Loss: 3.2388, Train MAPE: 0.0777, Train RMSE: 5.7886
Iter: 100, Train Loss: 3.3156, Train MAPE: 0.0809, Train RMSE: 6.2603
Iter: 150, Train Loss: 3.2352, Train MAPE: 0.0783, Train RMSE: 5.8617
Iter: 200, Train Loss: 3.1954, Train MAPE: 0.0700, Train RMSE: 5.7320
Iter: 250, Train Loss: 3.3635, Train MAPE: 0.0785, Train RMSE: 5.9830
Iter: 300, Train Loss: 3.5085, Train MAPE: 0.0948, Train RMSE: 6.4022
Iter: 350, Train Loss: 3.3204, Train MAPE: 0.0807, Train RMSE: 5.7354
Epoch: 024, Inference Time: 4.5673 secs
Epoch: 024, Train Loss: 3.3316, Train MAPE: 0.0817, Train RMSE: 6.0542, Valid Loss: 3.0598, Valid MAPE: 0.0871, Valid RMSE: 5.9536, Training Time: 113.1286/epoch
Iter: 000, Train Loss: 3.4754, Train MAPE: 0.0807, Train RMSE: 5.9394
Iter: 050, Train Loss: 3.3335, Train MAPE: 0.0758, Train RMSE: 5.5896
Iter: 100, Train Loss: 3.4211, Train MAPE: 0.0866, Train RMSE: 6.0586
Iter: 150, Train Loss: 3.3437, Train MAPE: 0.0739, Train RMSE: 5.5893
Iter: 200, Train Loss: 3.1737, Train MAPE: 0.0715, Train RMSE: 5.5531
Iter: 250, Train Loss: 3.3415, Train MAPE: 0.0830, Train RMSE: 5.9311
Iter: 300, Train Loss: 3.2454, Train MAPE: 0.0723, Train RMSE: 5.4509
Iter: 350, Train Loss: 3.4067, Train MAPE: 0.0782, Train RMSE: 5.6168
Epoch: 025, Inference Time: 4.5682 secs
Epoch: 025, Train Loss: 3.3074, Train MAPE: 0.0759, Train RMSE: 5.5995, Valid Loss: 3.1213, Valid MAPE: 0.0871, Valid RMSE: 6.0131, Training Time: 113.1285/epoch
Iter: 000, Train Loss: 3.4001, Train MAPE: 0.0779, Train RMSE: 5.8014
Iter: 050, Train Loss: 3.3379, Train MAPE: 0.0750, Train RMSE: 5.5281
Iter: 100, Train Loss: 3.3878, Train MAPE: 0.0741, Train RMSE: 5.6935
Iter: 150, Train Loss: 3.2868, Train MAPE: 0.0751, Train RMSE: 5.3134
Iter: 200, Train Loss: 3.2624, Train MAPE: 0.0730, Train RMSE: 5.3236
Iter: 250, Train Loss: 3.2312, Train MAPE: 0.0754, Train RMSE: 5.5456
Iter: 300, Train Loss: 3.4173, Train MAPE: 0.0752, Train RMSE: 5.5513
Iter: 350, Train Loss: 3.2975, Train MAPE: 0.0790, Train RMSE: 5.6486
Epoch: 026, Inference Time: 4.5684 secs
Epoch: 026, Train Loss: 3.2824, Train MAPE: 0.0745, Train RMSE: 5.5077, Valid Loss: 3.1447, Valid MAPE: 0.0854, Valid RMSE: 5.9963, Training Time: 113.1286/epoch
Iter: 000, Train Loss: 3.1342, Train MAPE: 0.0680, Train RMSE: 5.1018
Iter: 050, Train Loss: 3.3373, Train MAPE: 0.0788, Train RMSE: 5.5184
Iter: 100, Train Loss: 3.2838, Train MAPE: 0.0749, Train RMSE: 5.3385
Iter: 150, Train Loss: 3.2344, Train MAPE: 0.0777, Train RMSE: 5.7328
Iter: 200, Train Loss: 3.2794, Train MAPE: 0.0739, Train RMSE: 5.4441
Iter: 250, Train Loss: 3.2944, Train MAPE: 0.0705, Train RMSE: 5.2661
Iter: 300, Train Loss: 3.1583, Train MAPE: 0.0709, Train RMSE: 5.3692
Iter: 350, Train Loss: 3.3800, Train MAPE: 0.0772, Train RMSE: 5.5783
Epoch: 027, Inference Time: 4.5677 secs
Epoch: 027, Train Loss: 3.2567, Train MAPE: 0.0731, Train RMSE: 5.4195, Valid Loss: 3.1816, Valid MAPE: 0.0855, Valid RMSE: 6.0089, Training Time: 113.1310/epoch
Iter: 000, Train Loss: 3.4259, Train MAPE: 0.0771, Train RMSE: 5.6557
Iter: 050, Train Loss: 3.2125, Train MAPE: 0.0714, Train RMSE: 5.3209
Iter: 100, Train Loss: 3.0653, Train MAPE: 0.0657, Train RMSE: 5.1708
Iter: 150, Train Loss: 3.3853, Train MAPE: 0.0814, Train RMSE: 5.8090
Iter: 200, Train Loss: 3.5834, Train MAPE: 0.0914, Train RMSE: 6.0630
Iter: 250, Train Loss: 3.1821, Train MAPE: 0.0688, Train RMSE: 5.2506
Iter: 300, Train Loss: 3.4129, Train MAPE: 0.0764, Train RMSE: 5.5838
Iter: 350, Train Loss: 3.0291, Train MAPE: 0.0646, Train RMSE: 5.0993
Epoch: 028, Inference Time: 4.5698 secs
Epoch: 028, Train Loss: 3.2339, Train MAPE: 0.0720, Train RMSE: 5.3442, Valid Loss: 3.1297, Valid MAPE: 0.0848, Valid RMSE: 6.0579, Training Time: 113.1283/epoch
Iter: 000, Train Loss: 3.3748, Train MAPE: 0.0738, Train RMSE: 5.5381
Iter: 050, Train Loss: 2.9814, Train MAPE: 0.0687, Train RMSE: 5.0700
Iter: 100, Train Loss: 2.9728, Train MAPE: 0.0703, Train RMSE: 5.0739
Iter: 150, Train Loss: 3.2772, Train MAPE: 0.0688, Train RMSE: 5.2366
Iter: 200, Train Loss: 3.1558, Train MAPE: 0.0665, Train RMSE: 5.2469
Iter: 250, Train Loss: 2.8584, Train MAPE: 0.0596, Train RMSE: 4.7580
Iter: 300, Train Loss: 3.2240, Train MAPE: 0.0740, Train RMSE: 5.2436
Iter: 350, Train Loss: 3.1705, Train MAPE: 0.0675, Train RMSE: 5.0568
Epoch: 029, Inference Time: 4.5688 secs
Epoch: 029, Train Loss: 3.2138, Train MAPE: 0.0711, Train RMSE: 5.2823, Valid Loss: 3.1676, Valid MAPE: 0.0870, Valid RMSE: 6.0608, Training Time: 113.1226/epoch
Iter: 000, Train Loss: 3.1838, Train MAPE: 0.0686, Train RMSE: 5.0595
Iter: 050, Train Loss: 3.2987, Train MAPE: 0.0771, Train RMSE: 5.4486
Iter: 100, Train Loss: 3.1800, Train MAPE: 0.0712, Train RMSE: 5.1948
Iter: 150, Train Loss: 3.3173, Train MAPE: 0.0775, Train RMSE: 5.6070
Iter: 200, Train Loss: 3.3475, Train MAPE: 0.0775, Train RMSE: 5.4165
Iter: 250, Train Loss: 3.0263, Train MAPE: 0.0640, Train RMSE: 4.9351
Iter: 300, Train Loss: 3.1191, Train MAPE: 0.0602, Train RMSE: 4.8017
Iter: 350, Train Loss: 3.4048, Train MAPE: 0.0737, Train RMSE: 5.4960
Epoch: 030, Inference Time: 4.5701 secs
Epoch: 030, Train Loss: 3.1965, Train MAPE: 0.0704, Train RMSE: 5.2352, Valid Loss: 3.1172, Valid MAPE: 0.0851, Valid RMSE: 6.0386, Training Time: 113.1238/epoch
Iter: 000, Train Loss: 3.3693, Train MAPE: 0.0790, Train RMSE: 5.6783
Iter: 050, Train Loss: 3.3058, Train MAPE: 0.0733, Train RMSE: 5.3144
Iter: 100, Train Loss: 3.2396, Train MAPE: 0.0734, Train RMSE: 5.4882
Iter: 150, Train Loss: 3.0126, Train MAPE: 0.0632, Train RMSE: 4.8907
Iter: 200, Train Loss: 2.9578, Train MAPE: 0.0604, Train RMSE: 4.8452
Iter: 250, Train Loss: 3.0443, Train MAPE: 0.0694, Train RMSE: 5.2255
Iter: 300, Train Loss: 3.1619, Train MAPE: 0.0703, Train RMSE: 5.1651
Iter: 350, Train Loss: 3.3358, Train MAPE: 0.0798, Train RMSE: 5.6338
Epoch: 031, Inference Time: 4.5693 secs
Epoch: 031, Train Loss: 3.1842, Train MAPE: 0.0698, Train RMSE: 5.2003, Valid Loss: 3.1662, Valid MAPE: 0.0856, Valid RMSE: 6.0853, Training Time: 113.1240/epoch
Iter: 000, Train Loss: 3.2170, Train MAPE: 0.0678, Train RMSE: 5.0469
Iter: 050, Train Loss: 2.9876, Train MAPE: 0.0609, Train RMSE: 4.7435
Iter: 100, Train Loss: 3.1223, Train MAPE: 0.0693, Train RMSE: 5.1387
Iter: 150, Train Loss: 3.1586, Train MAPE: 0.0683, Train RMSE: 5.3614
Iter: 200, Train Loss: 3.0094, Train MAPE: 0.0619, Train RMSE: 4.9138
Iter: 250, Train Loss: 3.1448, Train MAPE: 0.0688, Train RMSE: 5.0829
Iter: 300, Train Loss: 3.1246, Train MAPE: 0.0687, Train RMSE: 5.2128
Iter: 350, Train Loss: 3.3080, Train MAPE: 0.0795, Train RMSE: 5.7006
Epoch: 032, Inference Time: 4.5702 secs
Epoch: 032, Train Loss: 3.1776, Train MAPE: 0.0696, Train RMSE: 5.1860, Valid Loss: 3.3371, Valid MAPE: 0.0899, Valid RMSE: 6.2991, Training Time: 113.1272/epoch
Iter: 000, Train Loss: 3.4985, Train MAPE: 0.0814, Train RMSE: 5.7708
Iter: 050, Train Loss: 3.5291, Train MAPE: 0.0806, Train RMSE: 6.0406
Iter: 100, Train Loss: 3.5505, Train MAPE: 0.0823, Train RMSE: 5.7341
Iter: 150, Train Loss: 3.0261, Train MAPE: 0.0589, Train RMSE: 4.7837
Iter: 200, Train Loss: 3.2627, Train MAPE: 0.0727, Train RMSE: 5.4686
Iter: 250, Train Loss: 3.2246, Train MAPE: 0.0714, Train RMSE: 5.5928
Iter: 300, Train Loss: 3.3148, Train MAPE: 0.0835, Train RMSE: 6.0859
Iter: 350, Train Loss: 3.2255, Train MAPE: 0.0736, Train RMSE: 5.4280
Epoch: 033, Inference Time: 4.5684 secs
Epoch: 033, Train Loss: 3.3047, Train MAPE: 0.0755, Train RMSE: 5.5672, Valid Loss: 3.2104, Valid MAPE: 0.0866, Valid RMSE: 6.0481, Training Time: 113.6473/epoch
Iter: 000, Train Loss: 3.5318, Train MAPE: 0.0835, Train RMSE: 5.7291
Iter: 050, Train Loss: 3.2294, Train MAPE: 0.0757, Train RMSE: 5.4817
Iter: 100, Train Loss: 3.1679, Train MAPE: 0.0731, Train RMSE: 5.3774
Iter: 150, Train Loss: 3.5647, Train MAPE: 0.0859, Train RMSE: 5.8937
Iter: 200, Train Loss: 3.1384, Train MAPE: 0.0675, Train RMSE: 5.1227
Iter: 250, Train Loss: 3.2534, Train MAPE: 0.0685, Train RMSE: 5.1659
Iter: 300, Train Loss: 3.2016, Train MAPE: 0.0716, Train RMSE: 5.4290
Iter: 350, Train Loss: 3.5577, Train MAPE: 0.0863, Train RMSE: 6.0084
Epoch: 034, Inference Time: 4.5694 secs
Epoch: 034, Train Loss: 3.2747, Train MAPE: 0.0733, Train RMSE: 5.4169, Valid Loss: 3.2451, Valid MAPE: 0.0873, Valid RMSE: 6.0367, Training Time: 113.1171/epoch
Iter: 000, Train Loss: 3.4437, Train MAPE: 0.0846, Train RMSE: 5.6706
Iter: 050, Train Loss: 3.1099, Train MAPE: 0.0637, Train RMSE: 5.0932
Iter: 100, Train Loss: 3.4203, Train MAPE: 0.0775, Train RMSE: 5.5838
Iter: 150, Train Loss: 3.3294, Train MAPE: 0.0787, Train RMSE: 5.6138
Iter: 200, Train Loss: 3.3426, Train MAPE: 0.0734, Train RMSE: 5.5680
Iter: 250, Train Loss: 3.3757, Train MAPE: 0.0766, Train RMSE: 5.5744
Iter: 300, Train Loss: 3.1554, Train MAPE: 0.0701, Train RMSE: 5.2604
Iter: 350, Train Loss: 3.2291, Train MAPE: 0.0719, Train RMSE: 5.4226
Epoch: 035, Inference Time: 4.5699 secs
Epoch: 035, Train Loss: 3.2528, Train MAPE: 0.0721, Train RMSE: 5.3297, Valid Loss: 3.1891, Valid MAPE: 0.0855, Valid RMSE: 6.1223, Training Time: 113.1280/epoch
Iter: 000, Train Loss: 3.0191, Train MAPE: 0.0602, Train RMSE: 4.8054
Iter: 050, Train Loss: 3.3936, Train MAPE: 0.0800, Train RMSE: 5.4958
Iter: 100, Train Loss: 3.1554, Train MAPE: 0.0679, Train RMSE: 5.1147
Iter: 150, Train Loss: 3.0318, Train MAPE: 0.0640, Train RMSE: 4.8802
Iter: 200, Train Loss: 3.3268, Train MAPE: 0.0733, Train RMSE: 5.4961
Iter: 250, Train Loss: 3.2996, Train MAPE: 0.0733, Train RMSE: 5.2881
Iter: 300, Train Loss: 3.3204, Train MAPE: 0.0747, Train RMSE: 5.5749
Iter: 350, Train Loss: 3.3281, Train MAPE: 0.0737, Train RMSE: 5.6396
Epoch: 036, Inference Time: 4.5704 secs
Epoch: 036, Train Loss: 3.2383, Train MAPE: 0.0714, Train RMSE: 5.2808, Valid Loss: 3.3190, Valid MAPE: 0.0879, Valid RMSE: 6.2500, Training Time: 113.9585/epoch
Iter: 000, Train Loss: 3.2848, Train MAPE: 0.0723, Train RMSE: 5.3682
Iter: 050, Train Loss: 3.2578, Train MAPE: 0.0786, Train RMSE: 5.3184
Iter: 100, Train Loss: 3.2708, Train MAPE: 0.0671, Train RMSE: 5.1314
Iter: 150, Train Loss: 3.2009, Train MAPE: 0.0688, Train RMSE: 4.9806
Iter: 200, Train Loss: 3.1113, Train MAPE: 0.0635, Train RMSE: 4.9637
Iter: 250, Train Loss: 3.1093, Train MAPE: 0.0649, Train RMSE: 4.9393
Iter: 300, Train Loss: 3.0920, Train MAPE: 0.0677, Train RMSE: 5.1404
Iter: 350, Train Loss: 3.3084, Train MAPE: 0.0741, Train RMSE: 5.3454
Epoch: 037, Inference Time: 4.5727 secs
Epoch: 037, Train Loss: 3.2157, Train MAPE: 0.0702, Train RMSE: 5.2028, Valid Loss: 3.2705, Valid MAPE: 0.0880, Valid RMSE: 6.2134, Training Time: 113.1569/epoch
Iter: 000, Train Loss: 3.3054, Train MAPE: 0.0735, Train RMSE: 5.3625
Iter: 050, Train Loss: 3.1473, Train MAPE: 0.0691, Train RMSE: 5.1371
Iter: 100, Train Loss: 3.1546, Train MAPE: 0.0646, Train RMSE: 5.0728
Iter: 150, Train Loss: 3.1611, Train MAPE: 0.0652, Train RMSE: 5.1056
Iter: 200, Train Loss: 3.1303, Train MAPE: 0.0643, Train RMSE: 5.0573
Iter: 250, Train Loss: 3.2097, Train MAPE: 0.0670, Train RMSE: 4.9975
Iter: 300, Train Loss: 3.0080, Train MAPE: 0.0688, Train RMSE: 5.0405
Iter: 350, Train Loss: 3.3237, Train MAPE: 0.0740, Train RMSE: 5.2458
Epoch: 038, Inference Time: 4.5709 secs
Epoch: 038, Train Loss: 3.1967, Train MAPE: 0.0693, Train RMSE: 5.1414, Valid Loss: 3.2012, Valid MAPE: 0.0860, Valid RMSE: 6.1423, Training Time: 113.1339/epoch
Iter: 000, Train Loss: 3.3591, Train MAPE: 0.0753, Train RMSE: 5.2756
Iter: 050, Train Loss: 3.1550, Train MAPE: 0.0698, Train RMSE: 5.0721
Iter: 100, Train Loss: 3.1929, Train MAPE: 0.0705, Train RMSE: 5.1212
Iter: 150, Train Loss: 3.1442, Train MAPE: 0.0652, Train RMSE: 4.9594
Iter: 200, Train Loss: 3.1394, Train MAPE: 0.0641, Train RMSE: 4.9232
Iter: 250, Train Loss: 3.0119, Train MAPE: 0.0634, Train RMSE: 4.8697
Iter: 300, Train Loss: 3.2803, Train MAPE: 0.0786, Train RMSE: 5.5696
Iter: 350, Train Loss: 3.1374, Train MAPE: 0.0659, Train RMSE: 5.0336
Epoch: 039, Inference Time: 4.5708 secs
Epoch: 039, Train Loss: 3.1788, Train MAPE: 0.0685, Train RMSE: 5.0848, Valid Loss: 3.2153, Valid MAPE: 0.0872, Valid RMSE: 6.1478, Training Time: 113.1306/epoch
Iter: 000, Train Loss: 3.3613, Train MAPE: 0.0731, Train RMSE: 5.4032
Iter: 050, Train Loss: 2.9313, Train MAPE: 0.0587, Train RMSE: 4.4914
Iter: 100, Train Loss: 3.2526, Train MAPE: 0.0705, Train RMSE: 5.1740
Iter: 150, Train Loss: 3.3345, Train MAPE: 0.0745, Train RMSE: 5.3400
Iter: 200, Train Loss: 3.1449, Train MAPE: 0.0644, Train RMSE: 4.8792
Iter: 250, Train Loss: 3.4006, Train MAPE: 0.0814, Train RMSE: 5.4666
Iter: 300, Train Loss: 3.0739, Train MAPE: 0.0629, Train RMSE: 4.8440
Iter: 350, Train Loss: 3.1701, Train MAPE: 0.0677, Train RMSE: 5.0820
Epoch: 040, Inference Time: 4.5702 secs
Epoch: 040, Train Loss: 3.1602, Train MAPE: 0.0677, Train RMSE: 5.0338, Valid Loss: 3.2761, Valid MAPE: 0.0875, Valid RMSE: 6.2375, Training Time: 113.6014/epoch
Early Termination!
Average Training Time: 113.4038 secs/epoch
Average Inference Time: 4.5701 secs
Training finished
The valid loss on best model is 3.0598
Evaluate best model on test data for horizon 1, Test MAE: 2.6373, Test MAPE: 0.0656, Test RMSE: 4.6961
Evaluate best model on test data for horizon 2, Test MAE: 2.8686, Test MAPE: 0.0733, Test RMSE: 5.3911
Evaluate best model on test data for horizon 3, Test MAE: 3.0458, Test MAPE: 0.0799, Test RMSE: 5.9097
Evaluate best model on test data for horizon 4, Test MAE: 3.2004, Test MAPE: 0.0861, Test RMSE: 6.3671
Evaluate best model on test data for horizon 5, Test MAE: 3.3362, Test MAPE: 0.0917, Test RMSE: 6.7701
Evaluate best model on test data for horizon 6, Test MAE: 3.4490, Test MAPE: 0.0961, Test RMSE: 7.0890
Evaluate best model on test data for horizon 7, Test MAE: 3.5375, Test MAPE: 0.0995, Test RMSE: 7.3238
Evaluate best model on test data for horizon 8, Test MAE: 3.6083, Test MAPE: 0.1022, Test RMSE: 7.5006
Evaluate best model on test data for horizon 9, Test MAE: 3.6668, Test MAPE: 0.1047, Test RMSE: 7.6456
Evaluate best model on test data for horizon 10, Test MAE: 3.7152, Test MAPE: 0.1067, Test RMSE: 7.7634
Evaluate best model on test data for horizon 11, Test MAE: 3.7542, Test MAPE: 0.1085, Test RMSE: 7.8513
Evaluate best model on test data for horizon 12, Test MAE: 3.7901, Test MAPE: 0.1098, Test RMSE: 7.9233
On average over 12 horizons, Test MAE: 3.3841, Test MAPE: 0.0937, Test RMSE: 6.8526
Total time spent: 4766.1108
