Start Deterministic Training with seed 99
Namespace(device='cuda:0', data='/home/p_tf_zy/p_tf_01/TESTAM-main/data/METR-LA', adjdata='/home/p_tf_zy/p_tf_01/TESTAM-main/data/METR-LA/adj_mx.pkl', adjtype='doubletransition', out_dim=1, nhid=32, in_dim=2, num_nodes=207, batch_size=64, dropout=0.3, epochs=100, print_every=50, seed=99, save='/home/p_tf_zy/p_tf_01/TESTAM-main/experiment/METR-LA_TESTAM', expid=1, load_path=None, patience=15, lr_mul=1, n_warmup_steps=4000, quantile=0.7, is_quantile=False, warmup_epoch=0)
正在加载邻接矩阵文件: /home/p_tf_zy/p_tf_01/TESTAM-main/data/METR-LA/adj_mx.pkl
文件加载成功，数据内容: [['773869', '767541', '767542', '717447', '717446', '717445', '773062', '767620', '737529', '717816', '765604', '767471', '716339', '773906', '765273', '716331', '771667', '716337', '769953', '769402', '769403', '769819', '769405', '716941', '717578', '716960', '717804', '767572', '767573', '773012', '773013', '764424', '769388', '716328', '717819', '769941', '760987', '718204', '718045', '769418', '768066', '772140', '773927', '760024', '774012', '774011', '767609', '769359', '760650', '716956', '769831', '761604', '717495', '716554', '773953', '767470', '716955', '764949', '773954', '767366', '769444', '773939', '774067', '769443', '767750', '767751', '767610', '773880', '764766', '717497', '717490', '717491', '717492', '717493', '765176', '717498', '717499', '765171', '718064', '718066', '765164', '769431', '769430', '717610', '767053', '767621', '772596', '772597', '767350', '767351', '716571', '773023', '767585', '773024', '717483', '718379', '717481', '717480', '717486', '764120', '772151', '718371', '717489', '717488', '717818', '718076', '718072', '767455', '767454', '761599', '717099', '773916', '716968', '769467', '717576', '717573', '717572', '717571', '717570', '764760', '718089', '769847', '717608', '767523', '716942', '718090', '769867', '717472', '717473', '759591', '764781', '765099', '762329', '716953', '716951', '767509', '765182', '769358', '772513', '716958', '718496', '769346', '773904', '718499', '764853', '761003', '717502', '759602', '717504', '763995', '717508', '765265', '773996', '773995', '717469', '717468', '764106', '717465', '764794', '717466', '717461', '717460', '717463', '717462', '769345', '716943', '772669', '717582', '717583', '717580', '716949', '717587', '772178', '717585', '716939', '768469', '764101', '767554', '773975', '773974', '717510', '717513', '717825', '767495', '767494', '717821', '717823', '717458', '717459', '769926', '764858', '717450', '717452', '717453', '759772', '717456', '771673', '772167', '769372', '774204', '769806', '717590', '717592', '717595', '772168', '718141', '769373'], {'717099': 110, '773869': 0, '767541': 1, '767542': 2, '717447': 3, '717446': 4, '717445': 5, '773062': 6, '767053': 84, '737529': 8, '717816': 9, '765604': 10, '767471': 11, '716339': 12, '772596': 86, '765273': 14, '716331': 15, '771667': 16, '716337': 17, '769953': 18, '769402': 19, '769403': 20, '769819': 21, '769405': 22, '769345': 164, '716960': 25, '717804': 26, '767572': 27, '767573': 28, '773012': 29, '773013': 30, '764424': 31, '764101': 176, '769388': 32, '716328': 33, '717819': 34, '769941': 35, '760987': 36, '718204': 37, '718045': 38, '769418': 39, '768066': 40, '772140': 41, '773927': 42, '769867': 126, '772513': 138, '774012': 44, '774011': 45, '767609': 46, '760650': 48, '765099': 131, '769831': 50, '772669': 166, '767585': 92, '716554': 53, '773953': 54, '767470': 55, '762329': 132, '764949': 57, '773954': 58, '767366': 59, '769444': 60, '773939': 61, '774067': 62, '769443': 63, '767750': 64, '767751': 65, '767610': 66, '773880': 67, '764766': 68, '717497': 69, '717490': 70, '717491': 71, '717492': 72, '717493': 73, '765176': 74, '717498': 75, '717499': 76, '765171': 77, '718064': 78, '718066': 79, '718371': 101, '769431': 81, '769430': 82, '717489': 102, '767620': 7, '767621': 85, '773906': 13, '772597': 87, '767350': 88, '767351': 89, '716571': 90, '773023': 91, '761604': 51, '773024': 93, '717483': 94, '718379': 95, '717481': 96, '717480': 97, '717486': 98, '764120': 99, '772151': 100, '765164': 80, '717610': 83, '717488': 103, '769806': 200, '717818': 104, '718076': 105, '718072': 106, '767455': 107, '767454': 108, '769847': 121, '761599': 109, '717495': 52, '773916': 111, '716968': 112, '769467': 113, '717576': 114, '717573': 115, '717572': 116, '717571': 117, '717570': 118, '764760': 119, '718089': 120, '717578': 24, '717608': 122, '759602': 147, '760024': 43, '717472': 127, '717473': 128, '759591': 129, '764781': 130, '716956': 49, '716955': 56, '716953': 133, '716951': 134, '767509': 135, '769358': 137, '769359': 47, '716958': 139, '718496': 140, '769346': 141, '773904': 142, '718499': 143, '764853': 144, '761003': 145, '717502': 146, '718090': 125, '717504': 148, '763995': 149, '717508': 150, '771673': 196, '773996': 152, '773995': 153, '717469': 154, '717468': 155, '764106': 156, '717465': 157, '764794': 158, '717466': 159, '717461': 160, '717460': 161, '717463': 162, '717462': 163, '716941': 23, '716943': 165, '716942': 124, '717582': 167, '717583': 168, '717580': 169, '716949': 170, '717587': 171, '772178': 172, '717585': 173, '716939': 174, '768469': 175, '765182': 136, '767554': 177, '773975': 178, '773974': 179, '717510': 180, '717513': 181, '717825': 182, '767495': 183, '767494': 184, '717821': 185, '717823': 186, '717458': 187, '717459': 188, '769926': 189, '764858': 190, '717450': 191, '717452': 192, '717453': 193, '759772': 194, '717456': 195, '765265': 151, '772167': 197, '718141': 205, '774204': 199, '767523': 123, '717590': 201, '717592': 202, '717595': 203, '772168': 204, '769372': 198, '769373': 206}, array([[1.       , 0.       , 0.       , ..., 0.       , 0.       ,
        0.       ],
       [0.       , 1.       , 0.3909554, ..., 0.       , 0.       ,
        0.       ],
       [0.       , 0.7174379, 1.       , ..., 0.       , 0.       ,
        0.       ],
       ...,
       [0.       , 0.       , 0.       , ..., 1.       , 0.       ,
        0.       ],
       [0.       , 0.       , 0.       , ..., 0.       , 1.       ,
        0.       ],
       [0.       , 0.       , 0.       , ..., 0.       , 0.       ,
        1.       ]], dtype=float32)]
邻接矩阵加载成功。
初始化的邻接矩阵(前5行5列):
 tensor([[1.0000, 0.0000, 0.0000, 0.0000, 0.0000],
        [0.0000, 1.0000, 0.3910, 0.0000, 0.0000],
        [0.0000, 0.7174, 1.0000, 0.0000, 0.0000],
        [0.0000, 0.0000, 0.0000, 1.0000, 0.6337],
        [0.0000, 0.0000, 0.0000, 0.6265, 1.0000]], device='cuda:0')
Train the model with 278365 parameters
start training...
Iter: 000, Train Loss: 15.8303, Train MAPE: 0.3529, Train RMSE: 18.9383
Iter: 050, Train Loss: 12.1285, Train MAPE: 0.3208, Train RMSE: 15.8097
Iter: 100, Train Loss: 8.9479, Train MAPE: 0.2480, Train RMSE: 12.2603
Iter: 150, Train Loss: 6.9786, Train MAPE: 0.1807, Train RMSE: 9.6866
Iter: 200, Train Loss: 5.4303, Train MAPE: 0.1309, Train RMSE: 8.3912
Iter: 250, Train Loss: 5.8974, Train MAPE: 0.1748, Train RMSE: 9.7652
Iter: 300, Train Loss: 5.3085, Train MAPE: 0.1550, Train RMSE: 9.1512
Iter: 350, Train Loss: 4.4698, Train MAPE: 0.1237, Train RMSE: 8.1438
Epoch: 001, Inference Time: 5.9410 secs
Epoch: 001, Train Loss: 7.6451, Train MAPE: 0.1969, Train RMSE: 11.0270, Valid Loss: 4.1773, Valid MAPE: 0.1306, Valid RMSE: 7.9641, Training Time: 150.3484/epoch
Iter: 000, Train Loss: 4.9843, Train MAPE: 0.1440, Train RMSE: 8.9210
Iter: 050, Train Loss: 5.1579, Train MAPE: 0.1462, Train RMSE: 9.1705
Iter: 100, Train Loss: 4.8980, Train MAPE: 0.1385, Train RMSE: 8.7486
Iter: 150, Train Loss: 4.6516, Train MAPE: 0.1184, Train RMSE: 8.2472
Iter: 200, Train Loss: 4.6793, Train MAPE: 0.1366, Train RMSE: 8.4313
Iter: 250, Train Loss: 4.7110, Train MAPE: 0.1359, Train RMSE: 8.8307
Iter: 300, Train Loss: 4.8886, Train MAPE: 0.1458, Train RMSE: 9.0235
Iter: 350, Train Loss: 4.8477, Train MAPE: 0.1431, Train RMSE: 9.0329
Epoch: 002, Inference Time: 5.9423 secs
Epoch: 002, Train Loss: 4.7884, Train MAPE: 0.1370, Train RMSE: 8.7843, Valid Loss: 4.0456, Valid MAPE: 0.1275, Valid RMSE: 7.7369, Training Time: 145.2557/epoch
Iter: 000, Train Loss: 4.8655, Train MAPE: 0.1405, Train RMSE: 9.0416
Iter: 050, Train Loss: 4.8328, Train MAPE: 0.1388, Train RMSE: 8.8889
Iter: 100, Train Loss: 4.1253, Train MAPE: 0.1095, Train RMSE: 7.5653
Iter: 150, Train Loss: 4.6321, Train MAPE: 0.1225, Train RMSE: 8.8722
Iter: 200, Train Loss: 4.8107, Train MAPE: 0.1482, Train RMSE: 8.9494
Iter: 250, Train Loss: 4.4496, Train MAPE: 0.1218, Train RMSE: 8.4834
Iter: 300, Train Loss: 4.7732, Train MAPE: 0.1494, Train RMSE: 9.2936
Iter: 350, Train Loss: 4.4532, Train MAPE: 0.1389, Train RMSE: 8.4100
Epoch: 003, Inference Time: 5.9387 secs
Epoch: 003, Train Loss: 4.6078, Train MAPE: 0.1321, Train RMSE: 8.5666, Valid Loss: 3.9446, Valid MAPE: 0.1216, Valid RMSE: 7.5378, Training Time: 145.2722/epoch
Iter: 000, Train Loss: 4.5383, Train MAPE: 0.1301, Train RMSE: 8.5812
Iter: 050, Train Loss: 4.8246, Train MAPE: 0.1382, Train RMSE: 8.9840
Iter: 100, Train Loss: 4.5035, Train MAPE: 0.1273, Train RMSE: 8.4368
Iter: 150, Train Loss: 4.4473, Train MAPE: 0.1270, Train RMSE: 8.2375
Iter: 200, Train Loss: 4.1740, Train MAPE: 0.1063, Train RMSE: 7.7203
Iter: 250, Train Loss: 4.0607, Train MAPE: 0.1090, Train RMSE: 7.5808
Iter: 300, Train Loss: 4.3614, Train MAPE: 0.1185, Train RMSE: 8.2059
Iter: 350, Train Loss: 4.2391, Train MAPE: 0.1050, Train RMSE: 7.6415
Epoch: 004, Inference Time: 5.9405 secs
Epoch: 004, Train Loss: 4.5148, Train MAPE: 0.1266, Train RMSE: 8.3581, Valid Loss: 3.7999, Valid MAPE: 0.1186, Valid RMSE: 7.2968, Training Time: 145.1951/epoch
Iter: 000, Train Loss: 4.6613, Train MAPE: 0.1289, Train RMSE: 8.4099
Iter: 050, Train Loss: 4.8330, Train MAPE: 0.1310, Train RMSE: 8.3100
Iter: 100, Train Loss: 4.9674, Train MAPE: 0.1461, Train RMSE: 9.2467
Iter: 150, Train Loss: 4.4097, Train MAPE: 0.1315, Train RMSE: 8.4708
Iter: 200, Train Loss: 4.4126, Train MAPE: 0.1118, Train RMSE: 7.8952
Iter: 250, Train Loss: 4.0558, Train MAPE: 0.0942, Train RMSE: 7.1183
Iter: 300, Train Loss: 4.0456, Train MAPE: 0.1000, Train RMSE: 7.0571
Iter: 350, Train Loss: 4.0737, Train MAPE: 0.0989, Train RMSE: 7.2389
Epoch: 005, Inference Time: 5.9320 secs
Epoch: 005, Train Loss: 4.4097, Train MAPE: 0.1199, Train RMSE: 8.0529, Valid Loss: 3.4128, Valid MAPE: 0.0976, Valid RMSE: 6.6446, Training Time: 145.1567/epoch
Iter: 000, Train Loss: 4.2808, Train MAPE: 0.1059, Train RMSE: 7.5265
Iter: 050, Train Loss: 4.1317, Train MAPE: 0.0967, Train RMSE: 7.1247
Iter: 100, Train Loss: 4.0187, Train MAPE: 0.0992, Train RMSE: 6.9288
Iter: 150, Train Loss: 4.4736, Train MAPE: 0.1195, Train RMSE: 7.2689
Iter: 200, Train Loss: 4.4979, Train MAPE: 0.1204, Train RMSE: 7.8969
Iter: 250, Train Loss: 3.8889, Train MAPE: 0.0956, Train RMSE: 6.9445
Iter: 300, Train Loss: 4.1991, Train MAPE: 0.0992, Train RMSE: 7.0397
Iter: 350, Train Loss: 3.7406, Train MAPE: 0.0932, Train RMSE: 6.5111
Epoch: 006, Inference Time: 5.9484 secs
Epoch: 006, Train Loss: 4.1454, Train MAPE: 0.1026, Train RMSE: 7.2123, Valid Loss: 3.3500, Valid MAPE: 0.0936, Valid RMSE: 6.3581, Training Time: 145.1958/epoch
Iter: 000, Train Loss: 4.0978, Train MAPE: 0.0943, Train RMSE: 7.0275
Iter: 050, Train Loss: 3.7805, Train MAPE: 0.0886, Train RMSE: 6.6179
Iter: 100, Train Loss: 3.8226, Train MAPE: 0.0865, Train RMSE: 6.6256
Iter: 150, Train Loss: 4.1997, Train MAPE: 0.1010, Train RMSE: 7.2878
Iter: 200, Train Loss: 3.7381, Train MAPE: 0.0888, Train RMSE: 6.4189
Iter: 250, Train Loss: 4.1024, Train MAPE: 0.1043, Train RMSE: 7.1619
Iter: 300, Train Loss: 4.1695, Train MAPE: 0.1052, Train RMSE: 7.0823
Iter: 350, Train Loss: 3.9029, Train MAPE: 0.0940, Train RMSE: 7.0144
Epoch: 007, Inference Time: 5.9362 secs
Epoch: 007, Train Loss: 4.0501, Train MAPE: 0.0994, Train RMSE: 7.0307, Valid Loss: 3.3062, Valid MAPE: 0.0933, Valid RMSE: 6.2620, Training Time: 145.1511/epoch
Iter: 000, Train Loss: 4.2066, Train MAPE: 0.1089, Train RMSE: 7.4633
Iter: 050, Train Loss: 3.7138, Train MAPE: 0.0826, Train RMSE: 6.2761
Iter: 100, Train Loss: 4.0760, Train MAPE: 0.0976, Train RMSE: 7.2609
Iter: 150, Train Loss: 3.8180, Train MAPE: 0.0913, Train RMSE: 6.6611
Iter: 200, Train Loss: 4.2338, Train MAPE: 0.1142, Train RMSE: 7.7085
Iter: 250, Train Loss: 3.8844, Train MAPE: 0.0878, Train RMSE: 6.8043
Iter: 300, Train Loss: 3.6633, Train MAPE: 0.0935, Train RMSE: 6.3712
Iter: 350, Train Loss: 3.8364, Train MAPE: 0.0949, Train RMSE: 6.7293
Epoch: 008, Inference Time: 5.9410 secs
Epoch: 008, Train Loss: 3.9659, Train MAPE: 0.0971, Train RMSE: 6.9075, Valid Loss: 3.2082, Valid MAPE: 0.0896, Valid RMSE: 6.0604, Training Time: 145.1981/epoch
Iter: 000, Train Loss: 3.9679, Train MAPE: 0.0974, Train RMSE: 7.0886
Iter: 050, Train Loss: 3.8775, Train MAPE: 0.0892, Train RMSE: 6.7094
Iter: 100, Train Loss: 3.9054, Train MAPE: 0.0924, Train RMSE: 6.5290
Iter: 150, Train Loss: 3.9640, Train MAPE: 0.0961, Train RMSE: 6.7406
Iter: 200, Train Loss: 3.6195, Train MAPE: 0.0892, Train RMSE: 6.4170
Iter: 250, Train Loss: 4.0503, Train MAPE: 0.0996, Train RMSE: 6.8669
Iter: 300, Train Loss: 3.7412, Train MAPE: 0.0891, Train RMSE: 6.5082
Iter: 350, Train Loss: 3.8882, Train MAPE: 0.1021, Train RMSE: 6.9478
Epoch: 009, Inference Time: 5.9388 secs
Epoch: 009, Train Loss: 3.8763, Train MAPE: 0.0943, Train RMSE: 6.7389, Valid Loss: 3.1438, Valid MAPE: 0.0906, Valid RMSE: 5.9744, Training Time: 145.1893/epoch
Iter: 000, Train Loss: 3.5671, Train MAPE: 0.0832, Train RMSE: 6.5426
Iter: 050, Train Loss: 3.9247, Train MAPE: 0.0895, Train RMSE: 6.5425
Iter: 100, Train Loss: 3.7849, Train MAPE: 0.0954, Train RMSE: 6.7458
Iter: 150, Train Loss: 3.7577, Train MAPE: 0.0980, Train RMSE: 6.7047
Iter: 200, Train Loss: 3.8508, Train MAPE: 0.0928, Train RMSE: 6.8376
Iter: 250, Train Loss: 3.5502, Train MAPE: 0.0868, Train RMSE: 6.1477
Iter: 300, Train Loss: 4.0242, Train MAPE: 0.1024, Train RMSE: 7.1377
Iter: 350, Train Loss: 3.7227, Train MAPE: 0.0885, Train RMSE: 6.7662
Epoch: 010, Inference Time: 5.9410 secs
Epoch: 010, Train Loss: 3.8237, Train MAPE: 0.0926, Train RMSE: 6.6409, Valid Loss: 3.1177, Valid MAPE: 0.0907, Valid RMSE: 5.9375, Training Time: 145.2184/epoch
Iter: 000, Train Loss: 3.6738, Train MAPE: 0.0923, Train RMSE: 6.5955
Iter: 050, Train Loss: 3.7107, Train MAPE: 0.0879, Train RMSE: 6.4626
Iter: 100, Train Loss: 3.9606, Train MAPE: 0.0960, Train RMSE: 6.7938
Iter: 150, Train Loss: 3.6800, Train MAPE: 0.0822, Train RMSE: 6.3317
Iter: 200, Train Loss: 4.1907, Train MAPE: 0.1071, Train RMSE: 7.2213
Iter: 250, Train Loss: 4.0013, Train MAPE: 0.1025, Train RMSE: 6.8964
Iter: 300, Train Loss: 3.5422, Train MAPE: 0.0864, Train RMSE: 6.4800
Iter: 350, Train Loss: 3.7552, Train MAPE: 0.0875, Train RMSE: 6.5409
Epoch: 011, Inference Time: 5.9612 secs
Epoch: 011, Train Loss: 3.8191, Train MAPE: 0.0920, Train RMSE: 6.6011, Valid Loss: 3.1269, Valid MAPE: 0.0886, Valid RMSE: 5.8901, Training Time: 145.1946/epoch
Iter: 000, Train Loss: 3.9269, Train MAPE: 0.0946, Train RMSE: 6.5501
Iter: 050, Train Loss: 3.9482, Train MAPE: 0.0981, Train RMSE: 6.7446
Iter: 100, Train Loss: 3.8610, Train MAPE: 0.0898, Train RMSE: 6.6027
Iter: 150, Train Loss: 3.5848, Train MAPE: 0.0849, Train RMSE: 6.2054
Iter: 200, Train Loss: 3.7187, Train MAPE: 0.0887, Train RMSE: 6.2750
Iter: 250, Train Loss: 4.1618, Train MAPE: 0.1087, Train RMSE: 7.6432
Iter: 300, Train Loss: 3.5883, Train MAPE: 0.0956, Train RMSE: 6.1371
Iter: 350, Train Loss: 3.7960, Train MAPE: 0.0894, Train RMSE: 6.3072
Epoch: 012, Inference Time: 5.9332 secs
Epoch: 012, Train Loss: 3.8207, Train MAPE: 0.0922, Train RMSE: 6.6026, Valid Loss: 3.0681, Valid MAPE: 0.0856, Valid RMSE: 5.7904, Training Time: 145.2110/epoch
Iter: 000, Train Loss: 3.7144, Train MAPE: 0.0944, Train RMSE: 6.5029
Iter: 050, Train Loss: 3.7652, Train MAPE: 0.1024, Train RMSE: 6.5977
Iter: 100, Train Loss: 3.5600, Train MAPE: 0.0798, Train RMSE: 6.1328
Iter: 150, Train Loss: 3.7150, Train MAPE: 0.0909, Train RMSE: 6.5522
Iter: 200, Train Loss: 3.5911, Train MAPE: 0.0846, Train RMSE: 5.9311
Iter: 250, Train Loss: 3.3447, Train MAPE: 0.0739, Train RMSE: 5.7570
Iter: 300, Train Loss: 3.7610, Train MAPE: 0.0877, Train RMSE: 6.4044
Iter: 350, Train Loss: 3.7180, Train MAPE: 0.0889, Train RMSE: 6.3522
Epoch: 013, Inference Time: 5.9378 secs
Epoch: 013, Train Loss: 3.7481, Train MAPE: 0.0893, Train RMSE: 6.4489, Valid Loss: 2.9972, Valid MAPE: 0.0848, Valid RMSE: 5.6476, Training Time: 145.1897/epoch
Iter: 000, Train Loss: 3.5083, Train MAPE: 0.0730, Train RMSE: 5.6018
Iter: 050, Train Loss: 3.3641, Train MAPE: 0.0754, Train RMSE: 5.9557
Iter: 100, Train Loss: 3.5353, Train MAPE: 0.0728, Train RMSE: 5.9874
Iter: 150, Train Loss: 3.8828, Train MAPE: 0.0949, Train RMSE: 6.6950
Iter: 200, Train Loss: 3.5360, Train MAPE: 0.0744, Train RMSE: 5.9085
Iter: 250, Train Loss: 3.8535, Train MAPE: 0.0936, Train RMSE: 6.8729
Iter: 300, Train Loss: 3.7901, Train MAPE: 0.0901, Train RMSE: 6.4301
Iter: 350, Train Loss: 3.5417, Train MAPE: 0.0777, Train RMSE: 5.9835
Epoch: 014, Inference Time: 5.9396 secs
Epoch: 014, Train Loss: 3.7069, Train MAPE: 0.0881, Train RMSE: 6.3889, Valid Loss: 3.0084, Valid MAPE: 0.0839, Valid RMSE: 5.7189, Training Time: 145.2324/epoch
Iter: 000, Train Loss: 3.3759, Train MAPE: 0.0731, Train RMSE: 5.7296
Iter: 050, Train Loss: 3.8774, Train MAPE: 0.0916, Train RMSE: 6.5344
Iter: 100, Train Loss: 4.1335, Train MAPE: 0.1040, Train RMSE: 6.9928
Iter: 150, Train Loss: 3.5520, Train MAPE: 0.0852, Train RMSE: 6.0721
Iter: 200, Train Loss: 3.7656, Train MAPE: 0.0902, Train RMSE: 6.5733
Iter: 250, Train Loss: 3.6277, Train MAPE: 0.0816, Train RMSE: 6.3341
Iter: 300, Train Loss: 3.6748, Train MAPE: 0.0886, Train RMSE: 6.2510
Iter: 350, Train Loss: 3.5658, Train MAPE: 0.0826, Train RMSE: 5.7788
Epoch: 015, Inference Time: 5.9422 secs
Epoch: 015, Train Loss: 3.6639, Train MAPE: 0.0864, Train RMSE: 6.2938, Valid Loss: 2.9568, Valid MAPE: 0.0829, Valid RMSE: 5.6362, Training Time: 145.2109/epoch
Iter: 000, Train Loss: 3.9396, Train MAPE: 0.0921, Train RMSE: 6.5753
Iter: 050, Train Loss: 3.6859, Train MAPE: 0.0861, Train RMSE: 6.2151
Iter: 100, Train Loss: 3.5283, Train MAPE: 0.0785, Train RMSE: 6.1104
Iter: 150, Train Loss: 3.7333, Train MAPE: 0.0844, Train RMSE: 6.3562
Iter: 200, Train Loss: 3.9539, Train MAPE: 0.0943, Train RMSE: 6.7491
Iter: 250, Train Loss: 3.8091, Train MAPE: 0.0947, Train RMSE: 6.4827
Iter: 300, Train Loss: 3.8467, Train MAPE: 0.0899, Train RMSE: 6.4464
Iter: 350, Train Loss: 3.5355, Train MAPE: 0.0769, Train RMSE: 6.0775
Epoch: 016, Inference Time: 5.9608 secs
Epoch: 016, Train Loss: 3.6289, Train MAPE: 0.0853, Train RMSE: 6.2338, Valid Loss: 2.9800, Valid MAPE: 0.0830, Valid RMSE: 5.6156, Training Time: 145.2396/epoch
Iter: 000, Train Loss: 3.7774, Train MAPE: 0.0892, Train RMSE: 6.2916
Iter: 050, Train Loss: 3.6357, Train MAPE: 0.0873, Train RMSE: 6.1450
Iter: 100, Train Loss: 3.5900, Train MAPE: 0.0870, Train RMSE: 6.5105
Iter: 150, Train Loss: 3.6627, Train MAPE: 0.0799, Train RMSE: 5.9961
Iter: 200, Train Loss: 3.6485, Train MAPE: 0.0842, Train RMSE: 6.2272
Iter: 250, Train Loss: 3.9919, Train MAPE: 0.0978, Train RMSE: 6.6391
Iter: 300, Train Loss: 3.6140, Train MAPE: 0.0799, Train RMSE: 6.1484
Iter: 350, Train Loss: 3.7214, Train MAPE: 0.0874, Train RMSE: 6.3976
Epoch: 017, Inference Time: 5.9317 secs
Epoch: 017, Train Loss: 3.5997, Train MAPE: 0.0842, Train RMSE: 6.1745, Valid Loss: 2.9110, Valid MAPE: 0.0816, Valid RMSE: 5.5421, Training Time: 145.1469/epoch
Iter: 000, Train Loss: 3.8165, Train MAPE: 0.0908, Train RMSE: 6.4137
Iter: 050, Train Loss: 3.6537, Train MAPE: 0.0873, Train RMSE: 6.2005
Iter: 100, Train Loss: 3.3172, Train MAPE: 0.0710, Train RMSE: 5.7524
Iter: 150, Train Loss: 3.4016, Train MAPE: 0.0745, Train RMSE: 5.8034
Iter: 200, Train Loss: 3.6723, Train MAPE: 0.0884, Train RMSE: 6.5146
Iter: 250, Train Loss: 3.2110, Train MAPE: 0.0682, Train RMSE: 5.6526
Iter: 300, Train Loss: 3.4363, Train MAPE: 0.0790, Train RMSE: 5.9691
Iter: 350, Train Loss: 3.7420, Train MAPE: 0.0861, Train RMSE: 6.3407
Epoch: 018, Inference Time: 5.9357 secs
Epoch: 018, Train Loss: 3.5748, Train MAPE: 0.0832, Train RMSE: 6.1221, Valid Loss: 2.9212, Valid MAPE: 0.0811, Valid RMSE: 5.5462, Training Time: 145.1176/epoch
Iter: 000, Train Loss: 3.4766, Train MAPE: 0.0777, Train RMSE: 5.8269
Iter: 050, Train Loss: 3.9556, Train MAPE: 0.0963, Train RMSE: 6.6610
Iter: 100, Train Loss: 3.5837, Train MAPE: 0.0852, Train RMSE: 6.0006
Iter: 150, Train Loss: 3.6022, Train MAPE: 0.0856, Train RMSE: 6.2900
Iter: 200, Train Loss: 3.4316, Train MAPE: 0.0743, Train RMSE: 5.7651
Iter: 250, Train Loss: 3.7286, Train MAPE: 0.0848, Train RMSE: 6.2184
Iter: 300, Train Loss: 3.4731, Train MAPE: 0.0808, Train RMSE: 6.1252
Iter: 350, Train Loss: 3.5704, Train MAPE: 0.0858, Train RMSE: 6.2961
Epoch: 019, Inference Time: 5.9537 secs
Epoch: 019, Train Loss: 3.5493, Train MAPE: 0.0823, Train RMSE: 6.0696, Valid Loss: 2.8751, Valid MAPE: 0.0807, Valid RMSE: 5.5215, Training Time: 145.1518/epoch
Iter: 000, Train Loss: 3.6001, Train MAPE: 0.0801, Train RMSE: 5.9074
Iter: 050, Train Loss: 3.8029, Train MAPE: 0.0928, Train RMSE: 6.7641
Iter: 100, Train Loss: 3.3927, Train MAPE: 0.0707, Train RMSE: 5.5945
Iter: 150, Train Loss: 3.3967, Train MAPE: 0.0762, Train RMSE: 5.7794
Iter: 200, Train Loss: 3.7819, Train MAPE: 0.0900, Train RMSE: 6.3928
Iter: 250, Train Loss: 3.4735, Train MAPE: 0.0845, Train RMSE: 6.1277
Iter: 300, Train Loss: 3.6545, Train MAPE: 0.0858, Train RMSE: 6.3955
Iter: 350, Train Loss: 3.4086, Train MAPE: 0.0783, Train RMSE: 5.9758
Epoch: 020, Inference Time: 5.9350 secs
Epoch: 020, Train Loss: 3.5314, Train MAPE: 0.0817, Train RMSE: 6.0350, Valid Loss: 2.8813, Valid MAPE: 0.0806, Valid RMSE: 5.5136, Training Time: 145.1512/epoch
Iter: 000, Train Loss: 3.5642, Train MAPE: 0.0776, Train RMSE: 5.9243
Iter: 050, Train Loss: 3.7846, Train MAPE: 0.0971, Train RMSE: 6.5796
Iter: 100, Train Loss: 3.1561, Train MAPE: 0.0697, Train RMSE: 5.4260
Iter: 150, Train Loss: 3.7744, Train MAPE: 0.0902, Train RMSE: 6.4128
Iter: 200, Train Loss: 3.8418, Train MAPE: 0.0918, Train RMSE: 6.4024
Iter: 250, Train Loss: 3.5415, Train MAPE: 0.0841, Train RMSE: 5.9583
Iter: 300, Train Loss: 3.5125, Train MAPE: 0.0763, Train RMSE: 5.9251
Iter: 350, Train Loss: 3.5224, Train MAPE: 0.0805, Train RMSE: 5.9393
Epoch: 021, Inference Time: 5.9639 secs
Epoch: 021, Train Loss: 3.5209, Train MAPE: 0.0813, Train RMSE: 6.0129, Valid Loss: 2.8758, Valid MAPE: 0.0805, Valid RMSE: 5.4992, Training Time: 145.1299/epoch
Iter: 000, Train Loss: 3.1642, Train MAPE: 0.0680, Train RMSE: 5.3013
Iter: 050, Train Loss: 3.7165, Train MAPE: 0.0887, Train RMSE: 6.3748
Iter: 100, Train Loss: 3.4903, Train MAPE: 0.0808, Train RMSE: 5.9102
Iter: 150, Train Loss: 3.5476, Train MAPE: 0.0810, Train RMSE: 5.8631
Iter: 200, Train Loss: 3.3443, Train MAPE: 0.0728, Train RMSE: 5.7743
Iter: 250, Train Loss: 3.5642, Train MAPE: 0.0839, Train RMSE: 5.9489
Iter: 300, Train Loss: 3.4293, Train MAPE: 0.0785, Train RMSE: 5.9403
Iter: 350, Train Loss: 3.7424, Train MAPE: 0.0892, Train RMSE: 6.1894
Epoch: 022, Inference Time: 5.9406 secs
Epoch: 022, Train Loss: 3.6160, Train MAPE: 0.0843, Train RMSE: 6.1723, Valid Loss: 2.9800, Valid MAPE: 0.0847, Valid RMSE: 5.6203, Training Time: 145.1844/epoch
Iter: 000, Train Loss: 3.4729, Train MAPE: 0.0761, Train RMSE: 5.7954
Iter: 050, Train Loss: 3.6170, Train MAPE: 0.0854, Train RMSE: 6.2959
Iter: 100, Train Loss: 3.8338, Train MAPE: 0.0963, Train RMSE: 6.7916
Iter: 150, Train Loss: 3.7815, Train MAPE: 0.0913, Train RMSE: 6.2741
Iter: 200, Train Loss: 3.7142, Train MAPE: 0.0861, Train RMSE: 6.3983
Iter: 250, Train Loss: 3.6293, Train MAPE: 0.0843, Train RMSE: 6.0906
Iter: 300, Train Loss: 3.5686, Train MAPE: 0.0846, Train RMSE: 6.3351
Iter: 350, Train Loss: 3.6587, Train MAPE: 0.0929, Train RMSE: 6.4279
Epoch: 023, Inference Time: 5.9493 secs
Epoch: 023, Train Loss: 3.6300, Train MAPE: 0.0849, Train RMSE: 6.2139, Valid Loss: 2.9349, Valid MAPE: 0.0834, Valid RMSE: 5.5874, Training Time: 145.1550/epoch
Iter: 000, Train Loss: 3.3997, Train MAPE: 0.0748, Train RMSE: 5.7225
Iter: 050, Train Loss: 3.6125, Train MAPE: 0.0776, Train RMSE: 5.9210
Iter: 100, Train Loss: 3.9569, Train MAPE: 0.1036, Train RMSE: 7.1437
Iter: 150, Train Loss: 3.6400, Train MAPE: 0.0872, Train RMSE: 6.2708
Iter: 200, Train Loss: 3.8800, Train MAPE: 0.1053, Train RMSE: 6.7840
Iter: 250, Train Loss: 3.6547, Train MAPE: 0.0894, Train RMSE: 6.3344
Iter: 300, Train Loss: 3.3303, Train MAPE: 0.0714, Train RMSE: 5.4460
Iter: 350, Train Loss: 3.4489, Train MAPE: 0.0781, Train RMSE: 5.9292
Epoch: 024, Inference Time: 5.9459 secs
Epoch: 024, Train Loss: 3.6134, Train MAPE: 0.0845, Train RMSE: 6.1808, Valid Loss: 2.9286, Valid MAPE: 0.0832, Valid RMSE: 5.5497, Training Time: 145.1470/epoch
Iter: 000, Train Loss: 3.7856, Train MAPE: 0.0929, Train RMSE: 6.3885
Iter: 050, Train Loss: 3.2453, Train MAPE: 0.0707, Train RMSE: 5.6992
Iter: 100, Train Loss: 3.8750, Train MAPE: 0.0942, Train RMSE: 6.4812
Iter: 150, Train Loss: 3.7306, Train MAPE: 0.0873, Train RMSE: 6.3525
Iter: 200, Train Loss: 3.4321, Train MAPE: 0.0791, Train RMSE: 5.8978
Iter: 250, Train Loss: 3.6348, Train MAPE: 0.0846, Train RMSE: 6.1956
Iter: 300, Train Loss: 3.1050, Train MAPE: 0.0623, Train RMSE: 5.1075
Iter: 350, Train Loss: 3.4071, Train MAPE: 0.0789, Train RMSE: 5.7790
Epoch: 025, Inference Time: 5.9579 secs
Epoch: 025, Train Loss: 3.5882, Train MAPE: 0.0835, Train RMSE: 6.1298, Valid Loss: 2.9418, Valid MAPE: 0.0808, Valid RMSE: 5.6010, Training Time: 145.2185/epoch
Iter: 000, Train Loss: 3.8302, Train MAPE: 0.0958, Train RMSE: 6.5649
Iter: 050, Train Loss: 3.6294, Train MAPE: 0.0874, Train RMSE: 6.4707
Iter: 100, Train Loss: 3.4591, Train MAPE: 0.0806, Train RMSE: 5.8920
Iter: 150, Train Loss: 3.5793, Train MAPE: 0.0824, Train RMSE: 6.1132
Iter: 200, Train Loss: 3.4571, Train MAPE: 0.0808, Train RMSE: 5.9618
Iter: 250, Train Loss: 3.6942, Train MAPE: 0.0881, Train RMSE: 6.2956
Iter: 300, Train Loss: 3.5978, Train MAPE: 0.0860, Train RMSE: 6.2756
Iter: 350, Train Loss: 3.4015, Train MAPE: 0.0726, Train RMSE: 5.8072
Epoch: 026, Inference Time: 5.9353 secs
Epoch: 026, Train Loss: 3.5633, Train MAPE: 0.0826, Train RMSE: 6.0795, Valid Loss: 2.8955, Valid MAPE: 0.0814, Valid RMSE: 5.5251, Training Time: 147.5515/epoch
Iter: 000, Train Loss: 3.3471, Train MAPE: 0.0711, Train RMSE: 5.5312
Iter: 050, Train Loss: 3.1941, Train MAPE: 0.0635, Train RMSE: 5.1770
Iter: 100, Train Loss: 3.8164, Train MAPE: 0.0908, Train RMSE: 6.5421
Iter: 150, Train Loss: 3.6229, Train MAPE: 0.0826, Train RMSE: 6.0823
Iter: 200, Train Loss: 3.4705, Train MAPE: 0.0772, Train RMSE: 5.8329
Iter: 250, Train Loss: 3.5013, Train MAPE: 0.0828, Train RMSE: 5.8843
Iter: 300, Train Loss: 3.2981, Train MAPE: 0.0754, Train RMSE: 5.9019
Iter: 350, Train Loss: 3.5046, Train MAPE: 0.0780, Train RMSE: 5.9025
Epoch: 027, Inference Time: 5.9274 secs
Epoch: 027, Train Loss: 3.5409, Train MAPE: 0.0818, Train RMSE: 6.0361, Valid Loss: 2.9176, Valid MAPE: 0.0803, Valid RMSE: 5.5447, Training Time: 145.8360/epoch
Iter: 000, Train Loss: 3.6885, Train MAPE: 0.0881, Train RMSE: 6.3304
Iter: 050, Train Loss: 3.4529, Train MAPE: 0.0796, Train RMSE: 5.8059
Iter: 100, Train Loss: 3.1444, Train MAPE: 0.0646, Train RMSE: 5.1422
Iter: 150, Train Loss: 3.5344, Train MAPE: 0.0783, Train RMSE: 5.8716
Iter: 200, Train Loss: 3.5476, Train MAPE: 0.0845, Train RMSE: 6.0645
Iter: 250, Train Loss: 3.7780, Train MAPE: 0.0968, Train RMSE: 6.4560
Iter: 300, Train Loss: 3.5181, Train MAPE: 0.0777, Train RMSE: 5.7303
Iter: 350, Train Loss: 3.4194, Train MAPE: 0.0711, Train RMSE: 5.5409
Epoch: 028, Inference Time: 5.9398 secs
Epoch: 028, Train Loss: 3.5187, Train MAPE: 0.0810, Train RMSE: 5.9888, Valid Loss: 2.8763, Valid MAPE: 0.0808, Valid RMSE: 5.4998, Training Time: 145.1861/epoch
Iter: 000, Train Loss: 3.6233, Train MAPE: 0.0815, Train RMSE: 5.9828
Iter: 050, Train Loss: 3.9219, Train MAPE: 0.0977, Train RMSE: 6.7488
Iter: 100, Train Loss: 3.4209, Train MAPE: 0.0816, Train RMSE: 5.8230
Iter: 150, Train Loss: 3.4455, Train MAPE: 0.0805, Train RMSE: 6.2298
Iter: 200, Train Loss: 3.4162, Train MAPE: 0.0774, Train RMSE: 5.6730
Iter: 250, Train Loss: 3.3601, Train MAPE: 0.0710, Train RMSE: 5.5873
Iter: 300, Train Loss: 3.3900, Train MAPE: 0.0747, Train RMSE: 5.7426
Iter: 350, Train Loss: 3.4192, Train MAPE: 0.0702, Train RMSE: 5.7626
Epoch: 029, Inference Time: 5.9377 secs
Epoch: 029, Train Loss: 3.4979, Train MAPE: 0.0803, Train RMSE: 5.9440, Valid Loss: 2.8709, Valid MAPE: 0.0796, Valid RMSE: 5.4904, Training Time: 145.1799/epoch
Iter: 000, Train Loss: 3.2575, Train MAPE: 0.0722, Train RMSE: 5.8086
Iter: 050, Train Loss: 3.5296, Train MAPE: 0.0795, Train RMSE: 5.9778
Iter: 100, Train Loss: 3.4693, Train MAPE: 0.0767, Train RMSE: 5.8767
Iter: 150, Train Loss: 3.5290, Train MAPE: 0.0866, Train RMSE: 6.0831
Iter: 200, Train Loss: 3.3744, Train MAPE: 0.0745, Train RMSE: 5.8496
Iter: 250, Train Loss: 3.4965, Train MAPE: 0.0788, Train RMSE: 5.8521
Iter: 300, Train Loss: 3.4281, Train MAPE: 0.0794, Train RMSE: 5.8471
Iter: 350, Train Loss: 3.5175, Train MAPE: 0.0822, Train RMSE: 5.9667
Epoch: 030, Inference Time: 5.9532 secs
Epoch: 030, Train Loss: 3.4795, Train MAPE: 0.0796, Train RMSE: 5.9068, Valid Loss: 2.8698, Valid MAPE: 0.0788, Valid RMSE: 5.4696, Training Time: 145.1803/epoch
Iter: 000, Train Loss: 3.2061, Train MAPE: 0.0656, Train RMSE: 5.2083
Iter: 050, Train Loss: 3.5094, Train MAPE: 0.0826, Train RMSE: 6.0234
Iter: 100, Train Loss: 3.4490, Train MAPE: 0.0788, Train RMSE: 5.8363
Iter: 150, Train Loss: 3.7655, Train MAPE: 0.0834, Train RMSE: 6.0318
Iter: 200, Train Loss: 3.3185, Train MAPE: 0.0731, Train RMSE: 5.4296
Iter: 250, Train Loss: 3.6059, Train MAPE: 0.0826, Train RMSE: 6.0539
Iter: 300, Train Loss: 3.4714, Train MAPE: 0.0773, Train RMSE: 5.8068
Iter: 350, Train Loss: 3.2914, Train MAPE: 0.0736, Train RMSE: 5.6794
Epoch: 031, Inference Time: 5.9460 secs
Epoch: 031, Train Loss: 3.4659, Train MAPE: 0.0791, Train RMSE: 5.8733, Valid Loss: 2.8672, Valid MAPE: 0.0793, Valid RMSE: 5.4774, Training Time: 145.2014/epoch
Iter: 000, Train Loss: 3.7434, Train MAPE: 0.0843, Train RMSE: 6.1716
Iter: 050, Train Loss: 3.6656, Train MAPE: 0.0798, Train RMSE: 5.9408
Iter: 100, Train Loss: 3.7057, Train MAPE: 0.0877, Train RMSE: 6.0910
Iter: 150, Train Loss: 3.2883, Train MAPE: 0.0720, Train RMSE: 5.6507
Iter: 200, Train Loss: 3.3457, Train MAPE: 0.0741, Train RMSE: 5.7256
Iter: 250, Train Loss: 3.6479, Train MAPE: 0.0860, Train RMSE: 6.0175
Iter: 300, Train Loss: 3.2496, Train MAPE: 0.0687, Train RMSE: 5.3995
Iter: 350, Train Loss: 3.9002, Train MAPE: 0.1049, Train RMSE: 6.8155
Epoch: 032, Inference Time: 5.9375 secs
Epoch: 032, Train Loss: 3.4591, Train MAPE: 0.0788, Train RMSE: 5.8593, Valid Loss: 2.9595, Valid MAPE: 0.0812, Valid RMSE: 5.5550, Training Time: 145.2068/epoch
Iter: 000, Train Loss: 3.6850, Train MAPE: 0.0819, Train RMSE: 6.1409
Iter: 050, Train Loss: 3.3648, Train MAPE: 0.0703, Train RMSE: 5.5529
Iter: 100, Train Loss: 3.7354, Train MAPE: 0.0891, Train RMSE: 6.3705
Iter: 150, Train Loss: 3.5209, Train MAPE: 0.0958, Train RMSE: 6.4602
Iter: 200, Train Loss: 3.5462, Train MAPE: 0.0757, Train RMSE: 5.8115
Iter: 250, Train Loss: 3.7095, Train MAPE: 0.0871, Train RMSE: 6.1696
Iter: 300, Train Loss: 3.8063, Train MAPE: 0.0922, Train RMSE: 6.6432
Iter: 350, Train Loss: 3.5825, Train MAPE: 0.0839, Train RMSE: 6.1014
Epoch: 033, Inference Time: 5.9419 secs
Epoch: 033, Train Loss: 3.5806, Train MAPE: 0.0830, Train RMSE: 6.1010, Valid Loss: 2.9205, Valid MAPE: 0.0828, Valid RMSE: 5.5656, Training Time: 145.1803/epoch
Iter: 000, Train Loss: 3.6811, Train MAPE: 0.0887, Train RMSE: 6.3840
Iter: 050, Train Loss: 3.5442, Train MAPE: 0.0781, Train RMSE: 5.8792
Iter: 100, Train Loss: 3.5613, Train MAPE: 0.0801, Train RMSE: 6.0184
Iter: 150, Train Loss: 3.2531, Train MAPE: 0.0683, Train RMSE: 5.6185
Iter: 200, Train Loss: 3.8419, Train MAPE: 0.0900, Train RMSE: 6.4666
Iter: 250, Train Loss: 3.3252, Train MAPE: 0.0716, Train RMSE: 5.6698
Iter: 300, Train Loss: 3.5426, Train MAPE: 0.0773, Train RMSE: 6.0180
Iter: 350, Train Loss: 3.5369, Train MAPE: 0.0830, Train RMSE: 6.0038
Epoch: 034, Inference Time: 5.9367 secs
Epoch: 034, Train Loss: 3.5646, Train MAPE: 0.0825, Train RMSE: 6.0689, Valid Loss: 2.9390, Valid MAPE: 0.0807, Valid RMSE: 5.5824, Training Time: 145.2010/epoch
Iter: 000, Train Loss: 3.5425, Train MAPE: 0.0779, Train RMSE: 5.7722
Iter: 050, Train Loss: 3.5848, Train MAPE: 0.0855, Train RMSE: 6.1545
Iter: 100, Train Loss: 3.4508, Train MAPE: 0.0793, Train RMSE: 5.8588
Iter: 150, Train Loss: 3.4907, Train MAPE: 0.0765, Train RMSE: 5.7000
Iter: 200, Train Loss: 3.6989, Train MAPE: 0.0932, Train RMSE: 6.3727
Iter: 250, Train Loss: 3.7243, Train MAPE: 0.0853, Train RMSE: 6.1995
Iter: 300, Train Loss: 3.4910, Train MAPE: 0.0767, Train RMSE: 5.8448
Iter: 350, Train Loss: 3.4160, Train MAPE: 0.0774, Train RMSE: 5.8779
Epoch: 035, Inference Time: 5.9379 secs
Epoch: 035, Train Loss: 3.5481, Train MAPE: 0.0820, Train RMSE: 6.0384, Valid Loss: 2.9573, Valid MAPE: 0.0805, Valid RMSE: 5.5952, Training Time: 145.2370/epoch
Iter: 000, Train Loss: 3.5448, Train MAPE: 0.0758, Train RMSE: 5.9866
Iter: 050, Train Loss: 3.4477, Train MAPE: 0.0777, Train RMSE: 5.9740
Iter: 100, Train Loss: 3.6399, Train MAPE: 0.0901, Train RMSE: 6.2406
Iter: 150, Train Loss: 3.8395, Train MAPE: 0.0895, Train RMSE: 6.3979
Iter: 200, Train Loss: 3.6657, Train MAPE: 0.0814, Train RMSE: 6.1591
Iter: 250, Train Loss: 3.2618, Train MAPE: 0.0730, Train RMSE: 5.7105
Iter: 300, Train Loss: 3.5446, Train MAPE: 0.0798, Train RMSE: 6.1292
Iter: 350, Train Loss: 3.5749, Train MAPE: 0.0801, Train RMSE: 6.1330
Epoch: 036, Inference Time: 5.9363 secs
Epoch: 036, Train Loss: 3.5306, Train MAPE: 0.0813, Train RMSE: 6.0027, Valid Loss: 2.9093, Valid MAPE: 0.0805, Valid RMSE: 5.4978, Training Time: 145.1901/epoch
Iter: 000, Train Loss: 3.4875, Train MAPE: 0.0766, Train RMSE: 5.9527
Iter: 050, Train Loss: 3.6612, Train MAPE: 0.0830, Train RMSE: 6.3127
Iter: 100, Train Loss: 3.5016, Train MAPE: 0.0804, Train RMSE: 5.8468
Iter: 150, Train Loss: 3.6084, Train MAPE: 0.0796, Train RMSE: 5.8967
Iter: 200, Train Loss: 3.7989, Train MAPE: 0.0853, Train RMSE: 6.1825
Iter: 250, Train Loss: 3.4921, Train MAPE: 0.0785, Train RMSE: 5.7838
Iter: 300, Train Loss: 3.4684, Train MAPE: 0.0759, Train RMSE: 5.7535
Iter: 350, Train Loss: 3.4598, Train MAPE: 0.0741, Train RMSE: 5.9675
Epoch: 037, Inference Time: 5.9364 secs
Epoch: 037, Train Loss: 3.5116, Train MAPE: 0.0805, Train RMSE: 5.9565, Valid Loss: 2.9034, Valid MAPE: 0.0792, Valid RMSE: 5.4716, Training Time: 145.1585/epoch
Iter: 000, Train Loss: 3.7757, Train MAPE: 0.0880, Train RMSE: 6.4855
Iter: 050, Train Loss: 3.3608, Train MAPE: 0.0750, Train RMSE: 5.4944
Iter: 100, Train Loss: 3.3672, Train MAPE: 0.0714, Train RMSE: 5.4162
Iter: 150, Train Loss: 3.5388, Train MAPE: 0.0791, Train RMSE: 5.7987
Iter: 200, Train Loss: 3.6136, Train MAPE: 0.0831, Train RMSE: 5.9803
Iter: 250, Train Loss: 3.4826, Train MAPE: 0.0813, Train RMSE: 6.0719
Iter: 300, Train Loss: 3.3277, Train MAPE: 0.0776, Train RMSE: 5.7990
Iter: 350, Train Loss: 3.6187, Train MAPE: 0.0790, Train RMSE: 5.9168
Epoch: 038, Inference Time: 5.9594 secs
Epoch: 038, Train Loss: 3.4916, Train MAPE: 0.0798, Train RMSE: 5.9180, Valid Loss: 2.8985, Valid MAPE: 0.0798, Valid RMSE: 5.4938, Training Time: 145.2148/epoch
Iter: 000, Train Loss: 3.6720, Train MAPE: 0.0856, Train RMSE: 6.1767
Iter: 050, Train Loss: 3.3537, Train MAPE: 0.0760, Train RMSE: 5.7207
Iter: 100, Train Loss: 3.6611, Train MAPE: 0.0870, Train RMSE: 6.1813
Iter: 150, Train Loss: 3.6070, Train MAPE: 0.0860, Train RMSE: 6.1153
Iter: 200, Train Loss: 3.4841, Train MAPE: 0.0742, Train RMSE: 5.8084
Iter: 250, Train Loss: 3.5762, Train MAPE: 0.0820, Train RMSE: 6.0128
Iter: 300, Train Loss: 3.6362, Train MAPE: 0.0871, Train RMSE: 6.1801
Iter: 350, Train Loss: 3.7595, Train MAPE: 0.0903, Train RMSE: 6.2052
Epoch: 039, Inference Time: 5.9464 secs
Epoch: 039, Train Loss: 3.4721, Train MAPE: 0.0792, Train RMSE: 5.8761, Valid Loss: 2.9109, Valid MAPE: 0.0787, Valid RMSE: 5.4946, Training Time: 145.1780/epoch
Iter: 000, Train Loss: 3.3380, Train MAPE: 0.0759, Train RMSE: 5.7375
Iter: 050, Train Loss: 3.5954, Train MAPE: 0.0843, Train RMSE: 6.1547
Iter: 100, Train Loss: 3.6549, Train MAPE: 0.0819, Train RMSE: 5.9946
Iter: 150, Train Loss: 3.4734, Train MAPE: 0.0795, Train RMSE: 5.7740
Iter: 200, Train Loss: 3.7931, Train MAPE: 0.0867, Train RMSE: 6.1042
Iter: 250, Train Loss: 3.3348, Train MAPE: 0.0747, Train RMSE: 5.6538
Iter: 300, Train Loss: 3.6628, Train MAPE: 0.0887, Train RMSE: 6.4977
Iter: 350, Train Loss: 3.2151, Train MAPE: 0.0688, Train RMSE: 5.3683
Epoch: 040, Inference Time: 5.9374 secs
Epoch: 040, Train Loss: 3.4533, Train MAPE: 0.0784, Train RMSE: 5.8328, Valid Loss: 2.9282, Valid MAPE: 0.0804, Valid RMSE: 5.5529, Training Time: 145.1963/epoch
Iter: 000, Train Loss: 3.5016, Train MAPE: 0.0862, Train RMSE: 6.1606
Iter: 050, Train Loss: 3.4872, Train MAPE: 0.0783, Train RMSE: 5.9442
Iter: 100, Train Loss: 3.6678, Train MAPE: 0.0885, Train RMSE: 6.2279
Iter: 150, Train Loss: 3.4785, Train MAPE: 0.0803, Train RMSE: 5.9769
Iter: 200, Train Loss: 3.3336, Train MAPE: 0.0753, Train RMSE: 5.6190
Iter: 250, Train Loss: 3.3484, Train MAPE: 0.0699, Train RMSE: 5.5718
Iter: 300, Train Loss: 3.3357, Train MAPE: 0.0741, Train RMSE: 5.7133
Iter: 350, Train Loss: 3.2503, Train MAPE: 0.0673, Train RMSE: 5.3600
Epoch: 041, Inference Time: 5.9562 secs
Epoch: 041, Train Loss: 3.4382, Train MAPE: 0.0778, Train RMSE: 5.7966, Valid Loss: 2.8994, Valid MAPE: 0.0789, Valid RMSE: 5.5114, Training Time: 145.1744/epoch
Iter: 000, Train Loss: 3.4577, Train MAPE: 0.0774, Train RMSE: 5.8318
Iter: 050, Train Loss: 3.5644, Train MAPE: 0.0837, Train RMSE: 5.9894
Iter: 100, Train Loss: 3.3588, Train MAPE: 0.0751, Train RMSE: 5.7302
Iter: 150, Train Loss: 3.5482, Train MAPE: 0.0822, Train RMSE: 5.8793
Iter: 200, Train Loss: 3.4378, Train MAPE: 0.0754, Train RMSE: 5.7439
Iter: 250, Train Loss: 3.3928, Train MAPE: 0.0784, Train RMSE: 5.8036
Iter: 300, Train Loss: 3.5040, Train MAPE: 0.0811, Train RMSE: 5.9535
Iter: 350, Train Loss: 3.4568, Train MAPE: 0.0795, Train RMSE: 5.8944
Epoch: 042, Inference Time: 5.9494 secs
Epoch: 042, Train Loss: 3.4267, Train MAPE: 0.0774, Train RMSE: 5.7715, Valid Loss: 2.8802, Valid MAPE: 0.0794, Valid RMSE: 5.4956, Training Time: 145.2040/epoch
Iter: 000, Train Loss: 3.2793, Train MAPE: 0.0741, Train RMSE: 5.6235
Iter: 050, Train Loss: 3.4088, Train MAPE: 0.0791, Train RMSE: 5.8683
Iter: 100, Train Loss: 3.6731, Train MAPE: 0.0870, Train RMSE: 6.2543
Iter: 150, Train Loss: 3.2214, Train MAPE: 0.0659, Train RMSE: 5.1152
Iter: 200, Train Loss: 3.4534, Train MAPE: 0.0756, Train RMSE: 5.5926
Iter: 250, Train Loss: 3.6033, Train MAPE: 0.0813, Train RMSE: 5.9261
Iter: 300, Train Loss: 3.5510, Train MAPE: 0.0812, Train RMSE: 6.1044
Iter: 350, Train Loss: 3.6027, Train MAPE: 0.0809, Train RMSE: 5.8436
Epoch: 043, Inference Time: 5.9386 secs
Epoch: 043, Train Loss: 3.4668, Train MAPE: 0.0787, Train RMSE: 5.8485, Valid Loss: 2.8977, Valid MAPE: 0.0809, Valid RMSE: 5.5062, Training Time: 145.1961/epoch
Iter: 000, Train Loss: 3.3468, Train MAPE: 0.0776, Train RMSE: 5.8369
Iter: 050, Train Loss: 3.7054, Train MAPE: 0.0810, Train RMSE: 6.1107
Iter: 100, Train Loss: 3.4451, Train MAPE: 0.0744, Train RMSE: 5.6549
Iter: 150, Train Loss: 3.5355, Train MAPE: 0.0774, Train RMSE: 5.8041
Iter: 200, Train Loss: 3.3763, Train MAPE: 0.0689, Train RMSE: 5.5889
Iter: 250, Train Loss: 3.5691, Train MAPE: 0.0815, Train RMSE: 6.2266
Iter: 300, Train Loss: 3.4084, Train MAPE: 0.0715, Train RMSE: 5.7186
Iter: 350, Train Loss: 3.5728, Train MAPE: 0.0833, Train RMSE: 6.1093
Epoch: 044, Inference Time: 5.9523 secs
Epoch: 044, Train Loss: 3.5362, Train MAPE: 0.0814, Train RMSE: 6.0045, Valid Loss: 2.9033, Valid MAPE: 0.0822, Valid RMSE: 5.5130, Training Time: 145.2205/epoch
Iter: 000, Train Loss: 3.5533, Train MAPE: 0.0845, Train RMSE: 6.1108
Iter: 050, Train Loss: 3.7137, Train MAPE: 0.0826, Train RMSE: 6.1251
Iter: 100, Train Loss: 3.2938, Train MAPE: 0.0677, Train RMSE: 5.2802
Iter: 150, Train Loss: 3.7821, Train MAPE: 0.0932, Train RMSE: 6.5086
Iter: 200, Train Loss: 3.8405, Train MAPE: 0.0936, Train RMSE: 6.4093
Iter: 250, Train Loss: 3.4815, Train MAPE: 0.0787, Train RMSE: 5.9695
Iter: 300, Train Loss: 3.6837, Train MAPE: 0.0893, Train RMSE: 6.4901
Iter: 350, Train Loss: 3.4609, Train MAPE: 0.0754, Train RMSE: 5.5199
Epoch: 045, Inference Time: 5.9363 secs
Epoch: 045, Train Loss: 3.5254, Train MAPE: 0.0810, Train RMSE: 5.9772, Valid Loss: 2.9203, Valid MAPE: 0.0824, Valid RMSE: 5.5220, Training Time: 145.2199/epoch
Iter: 000, Train Loss: 3.4704, Train MAPE: 0.0762, Train RMSE: 5.6470
Iter: 050, Train Loss: 3.2865, Train MAPE: 0.0720, Train RMSE: 5.5729
Iter: 100, Train Loss: 3.6540, Train MAPE: 0.0853, Train RMSE: 6.3099
Iter: 150, Train Loss: 3.5505, Train MAPE: 0.0850, Train RMSE: 5.9424
Iter: 200, Train Loss: 3.5047, Train MAPE: 0.0894, Train RMSE: 6.0318
Iter: 250, Train Loss: 3.6094, Train MAPE: 0.0824, Train RMSE: 5.9184
Iter: 300, Train Loss: 3.4584, Train MAPE: 0.0779, Train RMSE: 5.7276
Iter: 350, Train Loss: 3.6730, Train MAPE: 0.0907, Train RMSE: 6.3204
Epoch: 046, Inference Time: 5.9360 secs
Epoch: 046, Train Loss: 3.5135, Train MAPE: 0.0806, Train RMSE: 5.9566, Valid Loss: 2.9646, Valid MAPE: 0.0834, Valid RMSE: 5.5729, Training Time: 145.1991/epoch
Iter: 000, Train Loss: 3.6809, Train MAPE: 0.0891, Train RMSE: 6.0654
Iter: 050, Train Loss: 3.4097, Train MAPE: 0.0780, Train RMSE: 5.9893
Iter: 100, Train Loss: 3.6184, Train MAPE: 0.0828, Train RMSE: 6.0074
Iter: 150, Train Loss: 3.5125, Train MAPE: 0.0753, Train RMSE: 5.6697
Iter: 200, Train Loss: 3.5312, Train MAPE: 0.0832, Train RMSE: 6.1356
Iter: 250, Train Loss: 3.2611, Train MAPE: 0.0713, Train RMSE: 5.5579
Iter: 300, Train Loss: 3.5400, Train MAPE: 0.0809, Train RMSE: 6.0351
Iter: 350, Train Loss: 3.7257, Train MAPE: 0.0900, Train RMSE: 6.4139
Epoch: 047, Inference Time: 5.9358 secs
Epoch: 047, Train Loss: 3.4952, Train MAPE: 0.0799, Train RMSE: 5.9152, Valid Loss: 2.9168, Valid MAPE: 0.0822, Valid RMSE: 5.5474, Training Time: 145.1970/epoch
Early Termination!
Average Training Time: 145.3653 secs/epoch
Average Inference Time: 5.9426 secs
Training finished
The valid loss on best model is 2.8672
Evaluate best model on test data for horizon 1, Test MAE: 2.4262, Test MAPE: 0.0600, Test RMSE: 4.2503
Evaluate best model on test data for horizon 2, Test MAE: 2.6646, Test MAPE: 0.0678, Test RMSE: 4.9451
Evaluate best model on test data for horizon 3, Test MAE: 2.8329, Test MAPE: 0.0738, Test RMSE: 5.4017
Evaluate best model on test data for horizon 4, Test MAE: 2.9703, Test MAPE: 0.0790, Test RMSE: 5.7588
Evaluate best model on test data for horizon 5, Test MAE: 3.0839, Test MAPE: 0.0833, Test RMSE: 6.0524
Evaluate best model on test data for horizon 6, Test MAE: 3.1823, Test MAPE: 0.0867, Test RMSE: 6.3003
Evaluate best model on test data for horizon 7, Test MAE: 3.2691, Test MAPE: 0.0898, Test RMSE: 6.5134
Evaluate best model on test data for horizon 8, Test MAE: 3.3444, Test MAPE: 0.0925, Test RMSE: 6.6954
Evaluate best model on test data for horizon 9, Test MAE: 3.4112, Test MAPE: 0.0949, Test RMSE: 6.8554
Evaluate best model on test data for horizon 10, Test MAE: 3.4710, Test MAPE: 0.0971, Test RMSE: 6.9962
Evaluate best model on test data for horizon 11, Test MAE: 3.5275, Test MAPE: 0.0990, Test RMSE: 7.1214
Evaluate best model on test data for horizon 12, Test MAE: 3.5808, Test MAPE: 0.1008, Test RMSE: 7.2334
On average over 12 horizons, Test MAE: 3.1470, Test MAPE: 0.0854, Test RMSE: 6.1770
Total time spent: 7160.3307
