Start Deterministic Training with seed 42
Namespace(device='cuda:0', data='/home/p_tf_zy/p_tf_01/TESTAM-main/data/METR-LA', adjdata='/home/p_tf_zy/p_tf_01/TESTAM-main/data/METR-LA/adj_mx.pkl', adjtype='doubletransition', out_dim=1, nhid=32, in_dim=2, num_nodes=207, batch_size=64, dropout=0.3, epochs=100, print_every=50, seed=42, save='/home/p_tf_zy/p_tf_01/TESTAM-main/experiment/METR-LA_TESTAM', expid=1, load_path=None, patience=15, lr_mul=1, n_warmup_steps=4000, quantile=0.7, is_quantile=False, warmup_epoch=0)
Train the model with 205435 parameters
start training...
Iter: 000, Train Loss: 17.3001, Train MAPE: 0.4276, Train RMSE: 24.5811
Iter: 050, Train Loss: 11.8898, Train MAPE: 0.3037, Train RMSE: 16.1675
Iter: 100, Train Loss: 9.0489, Train MAPE: 0.2229, Train RMSE: 11.8217
Iter: 150, Train Loss: 7.3803, Train MAPE: 0.1819, Train RMSE: 11.1015
Iter: 200, Train Loss: 6.5302, Train MAPE: 0.1667, Train RMSE: 10.9390
Iter: 250, Train Loss: 5.9478, Train MAPE: 0.1642, Train RMSE: 9.4058
Iter: 300, Train Loss: 5.5406, Train MAPE: 0.1653, Train RMSE: 9.1926
Iter: 350, Train Loss: 5.6633, Train MAPE: 0.1823, Train RMSE: 10.2523
Epoch: 001, Inference Time: 5.5737 secs
Epoch: 001, Train Loss: 7.9748, Train MAPE: 0.2080, Train RMSE: 11.9453, Valid Loss: 4.3695, Valid MAPE: 0.1313, Valid RMSE: 8.2084, Training Time: 118.7437/epoch
Iter: 000, Train Loss: 4.8305, Train MAPE: 0.1245, Train RMSE: 8.4475
Iter: 050, Train Loss: 4.8310, Train MAPE: 0.1391, Train RMSE: 8.6158
Iter: 100, Train Loss: 4.8729, Train MAPE: 0.1349, Train RMSE: 8.6591
Iter: 150, Train Loss: 5.1471, Train MAPE: 0.1427, Train RMSE: 8.8855
Iter: 200, Train Loss: 4.9162, Train MAPE: 0.1420, Train RMSE: 8.9399
Iter: 250, Train Loss: 4.7690, Train MAPE: 0.1441, Train RMSE: 8.5673
Iter: 300, Train Loss: 4.8210, Train MAPE: 0.1361, Train RMSE: 8.9345
Iter: 350, Train Loss: 5.1118, Train MAPE: 0.1584, Train RMSE: 9.4904
Epoch: 002, Inference Time: 4.6406 secs
Epoch: 002, Train Loss: 4.8948, Train MAPE: 0.1417, Train RMSE: 8.8686, Valid Loss: 4.2508, Valid MAPE: 0.1313, Valid RMSE: 7.9043, Training Time: 117.7032/epoch
Iter: 000, Train Loss: 4.8968, Train MAPE: 0.1350, Train RMSE: 9.0003
Iter: 050, Train Loss: 4.7875, Train MAPE: 0.1405, Train RMSE: 8.8725
Iter: 100, Train Loss: 4.1496, Train MAPE: 0.1111, Train RMSE: 7.9906
Iter: 150, Train Loss: 4.4995, Train MAPE: 0.1310, Train RMSE: 8.5824
Iter: 200, Train Loss: 4.4705, Train MAPE: 0.1271, Train RMSE: 8.3246
Iter: 250, Train Loss: 4.3474, Train MAPE: 0.1196, Train RMSE: 8.1351
Iter: 300, Train Loss: 4.8218, Train MAPE: 0.1459, Train RMSE: 8.8467
Iter: 350, Train Loss: 4.7594, Train MAPE: 0.1441, Train RMSE: 8.9689
Epoch: 003, Inference Time: 5.0069 secs
Epoch: 003, Train Loss: 4.6891, Train MAPE: 0.1368, Train RMSE: 8.7594, Valid Loss: 4.2749, Valid MAPE: 0.1341, Valid RMSE: 7.9211, Training Time: 113.6684/epoch
Iter: 000, Train Loss: 4.9012, Train MAPE: 0.1475, Train RMSE: 9.2269
Iter: 050, Train Loss: 4.4449, Train MAPE: 0.1130, Train RMSE: 7.9303
Iter: 100, Train Loss: 4.6654, Train MAPE: 0.1347, Train RMSE: 8.7434
Iter: 150, Train Loss: 4.4954, Train MAPE: 0.1277, Train RMSE: 8.4236
Iter: 200, Train Loss: 4.4751, Train MAPE: 0.1293, Train RMSE: 8.6216
Iter: 250, Train Loss: 4.4821, Train MAPE: 0.1272, Train RMSE: 8.3396
Iter: 300, Train Loss: 4.2710, Train MAPE: 0.1135, Train RMSE: 7.9791
Iter: 350, Train Loss: 4.2358, Train MAPE: 0.1170, Train RMSE: 7.7810
Epoch: 004, Inference Time: 5.5630 secs
Epoch: 004, Train Loss: 4.6006, Train MAPE: 0.1339, Train RMSE: 8.6935, Valid Loss: 4.1893, Valid MAPE: 0.1265, Valid RMSE: 7.6046, Training Time: 118.8626/epoch
Iter: 000, Train Loss: 4.4197, Train MAPE: 0.1264, Train RMSE: 8.2948
Iter: 050, Train Loss: 4.2282, Train MAPE: 0.1133, Train RMSE: 7.9861
Iter: 100, Train Loss: 4.5617, Train MAPE: 0.1269, Train RMSE: 8.4818
Iter: 150, Train Loss: 4.0238, Train MAPE: 0.1019, Train RMSE: 7.5520
Iter: 200, Train Loss: 4.3395, Train MAPE: 0.1109, Train RMSE: 8.0743
Iter: 250, Train Loss: 4.6733, Train MAPE: 0.1354, Train RMSE: 8.4662
Iter: 300, Train Loss: 4.7304, Train MAPE: 0.1260, Train RMSE: 8.2518
Iter: 350, Train Loss: 4.5669, Train MAPE: 0.1228, Train RMSE: 8.1283
Epoch: 005, Inference Time: 5.0459 secs
Epoch: 005, Train Loss: 4.4531, Train MAPE: 0.1229, Train RMSE: 8.2330, Valid Loss: 3.5899, Valid MAPE: 0.1029, Valid RMSE: 6.7409, Training Time: 117.7678/epoch
Iter: 000, Train Loss: 4.4648, Train MAPE: 0.1182, Train RMSE: 7.5839
Iter: 050, Train Loss: 4.5727, Train MAPE: 0.1145, Train RMSE: 7.7701
Iter: 100, Train Loss: 4.0036, Train MAPE: 0.0907, Train RMSE: 6.7711
Iter: 150, Train Loss: 4.5212, Train MAPE: 0.1108, Train RMSE: 7.3535
Iter: 200, Train Loss: 4.3216, Train MAPE: 0.1129, Train RMSE: 7.4357
Iter: 250, Train Loss: 4.3718, Train MAPE: 0.1104, Train RMSE: 7.5424
Iter: 300, Train Loss: 4.0269, Train MAPE: 0.0900, Train RMSE: 6.5527
Iter: 350, Train Loss: 3.7357, Train MAPE: 0.0833, Train RMSE: 6.3776
Epoch: 006, Inference Time: 4.8528 secs
Epoch: 006, Train Loss: 4.3015, Train MAPE: 0.1067, Train RMSE: 7.3088, Valid Loss: 3.9871, Valid MAPE: 0.1037, Valid RMSE: 6.8340, Training Time: 116.3236/epoch
Iter: 000, Train Loss: 3.9010, Train MAPE: 0.0941, Train RMSE: 7.0052
Iter: 050, Train Loss: 4.8495, Train MAPE: 0.1337, Train RMSE: 8.4116
Iter: 100, Train Loss: 4.1172, Train MAPE: 0.0928, Train RMSE: 6.8755
Iter: 150, Train Loss: 4.0371, Train MAPE: 0.1013, Train RMSE: 6.8008
Iter: 200, Train Loss: 4.2785, Train MAPE: 0.1069, Train RMSE: 7.6003
Iter: 250, Train Loss: 4.0992, Train MAPE: 0.0933, Train RMSE: 6.7120
Iter: 300, Train Loss: 4.3903, Train MAPE: 0.1164, Train RMSE: 7.3884
Iter: 350, Train Loss: 4.2728, Train MAPE: 0.0987, Train RMSE: 7.2678
Epoch: 007, Inference Time: 5.6123 secs
Epoch: 007, Train Loss: 4.2070, Train MAPE: 0.1033, Train RMSE: 7.1736, Valid Loss: 3.7751, Valid MAPE: 0.1022, Valid RMSE: 6.6721, Training Time: 117.1412/epoch
Iter: 000, Train Loss: 4.1514, Train MAPE: 0.0958, Train RMSE: 7.0161
Iter: 050, Train Loss: 4.4110, Train MAPE: 0.1028, Train RMSE: 7.1110
Iter: 100, Train Loss: 4.0495, Train MAPE: 0.0933, Train RMSE: 6.8488
Iter: 150, Train Loss: 4.1781, Train MAPE: 0.1028, Train RMSE: 7.0715
Iter: 200, Train Loss: 3.8973, Train MAPE: 0.0938, Train RMSE: 6.7697
Iter: 250, Train Loss: 4.1185, Train MAPE: 0.1035, Train RMSE: 7.1324
Iter: 300, Train Loss: 3.8550, Train MAPE: 0.0866, Train RMSE: 6.6875
Iter: 350, Train Loss: 4.2194, Train MAPE: 0.1075, Train RMSE: 7.3594
Epoch: 008, Inference Time: 4.8741 secs
Epoch: 008, Train Loss: 4.1715, Train MAPE: 0.1013, Train RMSE: 7.0829, Valid Loss: 3.4467, Valid MAPE: 0.0965, Valid RMSE: 6.4304, Training Time: 117.1559/epoch
Iter: 000, Train Loss: 3.9594, Train MAPE: 0.0924, Train RMSE: 6.5379
Iter: 050, Train Loss: 4.2099, Train MAPE: 0.0979, Train RMSE: 7.2222
Iter: 100, Train Loss: 4.2163, Train MAPE: 0.1010, Train RMSE: 7.0791
Iter: 150, Train Loss: 3.8646, Train MAPE: 0.0956, Train RMSE: 6.5968
Iter: 200, Train Loss: 4.0062, Train MAPE: 0.0945, Train RMSE: 6.5517
Iter: 250, Train Loss: 4.4682, Train MAPE: 0.1135, Train RMSE: 7.7667
Iter: 300, Train Loss: 4.0589, Train MAPE: 0.0925, Train RMSE: 6.7663
Iter: 350, Train Loss: 3.6807, Train MAPE: 0.0828, Train RMSE: 6.2469
Epoch: 009, Inference Time: 5.1849 secs
Epoch: 009, Train Loss: 4.1175, Train MAPE: 0.0992, Train RMSE: 6.9731, Valid Loss: 3.5256, Valid MAPE: 0.0958, Valid RMSE: 6.4937, Training Time: 118.2852/epoch
Iter: 000, Train Loss: 3.9144, Train MAPE: 0.0929, Train RMSE: 6.8631
Iter: 050, Train Loss: 4.0578, Train MAPE: 0.0939, Train RMSE: 6.7815
Iter: 100, Train Loss: 4.1839, Train MAPE: 0.1100, Train RMSE: 7.1187
Iter: 150, Train Loss: 4.1550, Train MAPE: 0.0980, Train RMSE: 6.8901
Iter: 200, Train Loss: 4.1793, Train MAPE: 0.0955, Train RMSE: 6.9880
Iter: 250, Train Loss: 4.4732, Train MAPE: 0.1096, Train RMSE: 7.3962
Iter: 300, Train Loss: 4.0290, Train MAPE: 0.0956, Train RMSE: 6.9124
Iter: 350, Train Loss: 4.1651, Train MAPE: 0.0956, Train RMSE: 6.8442
Epoch: 010, Inference Time: 5.2644 secs
Epoch: 010, Train Loss: 4.1011, Train MAPE: 0.0976, Train RMSE: 6.8734, Valid Loss: 3.4804, Valid MAPE: 0.0943, Valid RMSE: 6.3135, Training Time: 117.9273/epoch
Iter: 000, Train Loss: 4.1586, Train MAPE: 0.0999, Train RMSE: 6.9783
Iter: 050, Train Loss: 3.9086, Train MAPE: 0.0930, Train RMSE: 6.6060
Iter: 100, Train Loss: 3.9575, Train MAPE: 0.0893, Train RMSE: 6.5065
Iter: 150, Train Loss: 4.0088, Train MAPE: 0.0901, Train RMSE: 6.5981
Iter: 200, Train Loss: 3.6973, Train MAPE: 0.0784, Train RMSE: 6.2311
Iter: 250, Train Loss: 4.0879, Train MAPE: 0.0953, Train RMSE: 6.6887
Iter: 300, Train Loss: 4.0972, Train MAPE: 0.1050, Train RMSE: 7.0225
Iter: 350, Train Loss: 4.3841, Train MAPE: 0.1043, Train RMSE: 7.4210
Epoch: 011, Inference Time: 4.9211 secs
Epoch: 011, Train Loss: 4.1036, Train MAPE: 0.0967, Train RMSE: 6.8183, Valid Loss: 3.7297, Valid MAPE: 0.0989, Valid RMSE: 6.4761, Training Time: 117.6954/epoch
Iter: 000, Train Loss: 4.4114, Train MAPE: 0.1050, Train RMSE: 7.3259
Iter: 050, Train Loss: 4.2030, Train MAPE: 0.1066, Train RMSE: 7.0505
Iter: 100, Train Loss: 4.3406, Train MAPE: 0.1068, Train RMSE: 7.0544
Iter: 150, Train Loss: 3.7541, Train MAPE: 0.0819, Train RMSE: 6.3460
Iter: 200, Train Loss: 3.7991, Train MAPE: 0.0884, Train RMSE: 6.4571
Iter: 250, Train Loss: 4.1469, Train MAPE: 0.0943, Train RMSE: 6.7166
Iter: 300, Train Loss: 4.3214, Train MAPE: 0.1044, Train RMSE: 7.2474
Iter: 350, Train Loss: 3.6633, Train MAPE: 0.0828, Train RMSE: 5.9568
Epoch: 012, Inference Time: 5.1341 secs
Epoch: 012, Train Loss: 4.1067, Train MAPE: 0.0961, Train RMSE: 6.7792, Valid Loss: 3.1666, Valid MAPE: 0.0902, Valid RMSE: 6.1198, Training Time: 115.8057/epoch
Iter: 000, Train Loss: 3.9997, Train MAPE: 0.0903, Train RMSE: 6.6351
Iter: 050, Train Loss: 4.2322, Train MAPE: 0.1069, Train RMSE: 7.1188
Iter: 100, Train Loss: 4.2483, Train MAPE: 0.1084, Train RMSE: 7.2363
Iter: 150, Train Loss: 4.1570, Train MAPE: 0.0968, Train RMSE: 6.8719
Iter: 200, Train Loss: 4.0254, Train MAPE: 0.0925, Train RMSE: 6.4943
Iter: 250, Train Loss: 3.9251, Train MAPE: 0.0868, Train RMSE: 6.3997
Iter: 300, Train Loss: 3.8428, Train MAPE: 0.0819, Train RMSE: 6.3112
Iter: 350, Train Loss: 3.7636, Train MAPE: 0.0824, Train RMSE: 6.3356
Epoch: 013, Inference Time: 4.6269 secs
Epoch: 013, Train Loss: 4.0533, Train MAPE: 0.0940, Train RMSE: 6.6799, Valid Loss: 3.1972, Valid MAPE: 0.0889, Valid RMSE: 5.9686, Training Time: 113.5144/epoch
Iter: 000, Train Loss: 3.7692, Train MAPE: 0.0809, Train RMSE: 6.0431
Iter: 050, Train Loss: 3.9775, Train MAPE: 0.0876, Train RMSE: 6.5213
Iter: 100, Train Loss: 3.8293, Train MAPE: 0.0888, Train RMSE: 6.2879
Iter: 150, Train Loss: 3.8835, Train MAPE: 0.0833, Train RMSE: 6.2737
Iter: 200, Train Loss: 4.3632, Train MAPE: 0.0985, Train RMSE: 7.2822
Iter: 250, Train Loss: 4.2453, Train MAPE: 0.1026, Train RMSE: 7.0089
Iter: 300, Train Loss: 4.0113, Train MAPE: 0.0910, Train RMSE: 6.5568
Iter: 350, Train Loss: 3.7178, Train MAPE: 0.0828, Train RMSE: 6.0882
Epoch: 014, Inference Time: 4.6265 secs
Epoch: 014, Train Loss: 4.0073, Train MAPE: 0.0920, Train RMSE: 6.5770, Valid Loss: 3.1469, Valid MAPE: 0.0843, Valid RMSE: 6.0309, Training Time: 113.3117/epoch
Iter: 000, Train Loss: 3.7803, Train MAPE: 0.0817, Train RMSE: 6.2413
Iter: 050, Train Loss: 3.7543, Train MAPE: 0.0859, Train RMSE: 6.2393
Iter: 100, Train Loss: 4.0730, Train MAPE: 0.0964, Train RMSE: 6.7897
Iter: 150, Train Loss: 4.1251, Train MAPE: 0.0954, Train RMSE: 6.9178
Iter: 200, Train Loss: 3.8983, Train MAPE: 0.0885, Train RMSE: 6.2827
Iter: 250, Train Loss: 3.8384, Train MAPE: 0.0806, Train RMSE: 6.1288
Iter: 300, Train Loss: 3.6821, Train MAPE: 0.0739, Train RMSE: 5.8681
Iter: 350, Train Loss: 4.3504, Train MAPE: 0.1042, Train RMSE: 7.2348
Epoch: 015, Inference Time: 4.6279 secs
Epoch: 015, Train Loss: 3.9806, Train MAPE: 0.0905, Train RMSE: 6.4952, Valid Loss: 3.1016, Valid MAPE: 0.0844, Valid RMSE: 5.8379, Training Time: 113.1894/epoch
Iter: 000, Train Loss: 4.3183, Train MAPE: 0.1005, Train RMSE: 6.9585
Iter: 050, Train Loss: 3.8678, Train MAPE: 0.0816, Train RMSE: 6.0800
Iter: 100, Train Loss: 3.8271, Train MAPE: 0.0843, Train RMSE: 6.2584
Iter: 150, Train Loss: 4.2754, Train MAPE: 0.0997, Train RMSE: 6.8673
Iter: 200, Train Loss: 4.2092, Train MAPE: 0.1021, Train RMSE: 7.0144
Iter: 250, Train Loss: 3.9850, Train MAPE: 0.0943, Train RMSE: 6.6561
Iter: 300, Train Loss: 3.6606, Train MAPE: 0.0765, Train RMSE: 6.0421
Iter: 350, Train Loss: 3.7484, Train MAPE: 0.0817, Train RMSE: 6.2873
Epoch: 016, Inference Time: 4.8390 secs
Epoch: 016, Train Loss: 3.9508, Train MAPE: 0.0888, Train RMSE: 6.4179, Valid Loss: 3.0042, Valid MAPE: 0.0832, Valid RMSE: 5.7091, Training Time: 113.2297/epoch
Iter: 000, Train Loss: 3.6904, Train MAPE: 0.0760, Train RMSE: 5.9810
Iter: 050, Train Loss: 3.5160, Train MAPE: 0.0747, Train RMSE: 5.7625
Iter: 100, Train Loss: 3.9597, Train MAPE: 0.0998, Train RMSE: 6.6536
Iter: 150, Train Loss: 3.9497, Train MAPE: 0.0947, Train RMSE: 6.3810
Iter: 200, Train Loss: 3.7960, Train MAPE: 0.0795, Train RMSE: 5.9781
Iter: 250, Train Loss: 4.3087, Train MAPE: 0.1032, Train RMSE: 7.0260
Iter: 300, Train Loss: 3.8196, Train MAPE: 0.0789, Train RMSE: 5.7712
Iter: 350, Train Loss: 4.0873, Train MAPE: 0.0897, Train RMSE: 6.6738
Epoch: 017, Inference Time: 4.6322 secs
Epoch: 017, Train Loss: 3.9304, Train MAPE: 0.0879, Train RMSE: 6.3658, Valid Loss: 3.0472, Valid MAPE: 0.0839, Valid RMSE: 5.7671, Training Time: 113.4146/epoch
Iter: 000, Train Loss: 4.1727, Train MAPE: 0.0990, Train RMSE: 6.8321
Iter: 050, Train Loss: 4.0365, Train MAPE: 0.0907, Train RMSE: 6.4595
Iter: 100, Train Loss: 3.8617, Train MAPE: 0.0837, Train RMSE: 6.3973
Iter: 150, Train Loss: 4.6560, Train MAPE: 0.1136, Train RMSE: 7.3525
Iter: 200, Train Loss: 4.2955, Train MAPE: 0.1009, Train RMSE: 6.8368
Iter: 250, Train Loss: 3.7155, Train MAPE: 0.0797, Train RMSE: 5.8642
Iter: 300, Train Loss: 3.8159, Train MAPE: 0.0772, Train RMSE: 5.9516
Iter: 350, Train Loss: 3.7844, Train MAPE: 0.0858, Train RMSE: 6.1465
Epoch: 018, Inference Time: 4.6343 secs
Epoch: 018, Train Loss: 3.9088, Train MAPE: 0.0868, Train RMSE: 6.3099, Valid Loss: 3.0398, Valid MAPE: 0.0824, Valid RMSE: 5.7288, Training Time: 113.6149/epoch
Iter: 000, Train Loss: 4.1249, Train MAPE: 0.0922, Train RMSE: 6.4619
Iter: 050, Train Loss: 3.9394, Train MAPE: 0.0834, Train RMSE: 6.0922
Iter: 100, Train Loss: 3.7466, Train MAPE: 0.0838, Train RMSE: 6.1678
Iter: 150, Train Loss: 3.7559, Train MAPE: 0.0771, Train RMSE: 6.0448
Iter: 200, Train Loss: 4.1531, Train MAPE: 0.0950, Train RMSE: 6.5980
Iter: 250, Train Loss: 3.5964, Train MAPE: 0.0758, Train RMSE: 5.7082
Iter: 300, Train Loss: 4.0274, Train MAPE: 0.0859, Train RMSE: 6.3953
Iter: 350, Train Loss: 3.4618, Train MAPE: 0.0686, Train RMSE: 5.6153
Epoch: 019, Inference Time: 4.6298 secs
Epoch: 019, Train Loss: 3.8937, Train MAPE: 0.0860, Train RMSE: 6.2710, Valid Loss: 2.9781, Valid MAPE: 0.0813, Valid RMSE: 5.6795, Training Time: 113.6009/epoch
Iter: 000, Train Loss: 3.6468, Train MAPE: 0.0787, Train RMSE: 5.9163
Iter: 050, Train Loss: 3.8778, Train MAPE: 0.0869, Train RMSE: 6.1184
Iter: 100, Train Loss: 3.7741, Train MAPE: 0.0819, Train RMSE: 6.1250
Iter: 150, Train Loss: 4.1583, Train MAPE: 0.0932, Train RMSE: 6.5116
Iter: 200, Train Loss: 3.8962, Train MAPE: 0.0873, Train RMSE: 6.0463
Iter: 250, Train Loss: 3.8703, Train MAPE: 0.0848, Train RMSE: 6.2077
Iter: 300, Train Loss: 4.2612, Train MAPE: 0.0985, Train RMSE: 6.7732
Iter: 350, Train Loss: 3.8925, Train MAPE: 0.0828, Train RMSE: 6.0889
Epoch: 020, Inference Time: 4.6283 secs
Epoch: 020, Train Loss: 3.8806, Train MAPE: 0.0853, Train RMSE: 6.2337, Valid Loss: 2.9800, Valid MAPE: 0.0811, Valid RMSE: 5.6683, Training Time: 113.1863/epoch
Iter: 000, Train Loss: 4.0964, Train MAPE: 0.0853, Train RMSE: 6.2874
Iter: 050, Train Loss: 3.8986, Train MAPE: 0.0785, Train RMSE: 5.9435
Iter: 100, Train Loss: 3.5938, Train MAPE: 0.0742, Train RMSE: 5.8145
Iter: 150, Train Loss: 4.1459, Train MAPE: 0.0866, Train RMSE: 6.1537
Iter: 200, Train Loss: 4.1077, Train MAPE: 0.0894, Train RMSE: 6.3988
Iter: 250, Train Loss: 3.5186, Train MAPE: 0.0783, Train RMSE: 5.7286
Iter: 300, Train Loss: 3.9921, Train MAPE: 0.0884, Train RMSE: 6.5088
Iter: 350, Train Loss: 3.8915, Train MAPE: 0.0860, Train RMSE: 6.2790
Epoch: 021, Inference Time: 4.6273 secs
Epoch: 021, Train Loss: 3.8723, Train MAPE: 0.0849, Train RMSE: 6.2098, Valid Loss: 2.9685, Valid MAPE: 0.0809, Valid RMSE: 5.6609, Training Time: 113.1868/epoch
Iter: 000, Train Loss: 3.9760, Train MAPE: 0.0900, Train RMSE: 6.4060
Iter: 050, Train Loss: 3.6801, Train MAPE: 0.0796, Train RMSE: 5.9622
Iter: 100, Train Loss: 3.6099, Train MAPE: 0.0741, Train RMSE: 5.7636
Iter: 150, Train Loss: 3.9544, Train MAPE: 0.0931, Train RMSE: 6.4561
Iter: 200, Train Loss: 3.9082, Train MAPE: 0.0846, Train RMSE: 6.3149
Iter: 250, Train Loss: 3.9288, Train MAPE: 0.0895, Train RMSE: 6.3481
Iter: 300, Train Loss: 3.8664, Train MAPE: 0.0835, Train RMSE: 6.2777
Iter: 350, Train Loss: 3.9374, Train MAPE: 0.0842, Train RMSE: 6.5035
Epoch: 022, Inference Time: 4.6258 secs
Epoch: 022, Train Loss: 3.9538, Train MAPE: 0.0886, Train RMSE: 6.4017, Valid Loss: 3.1336, Valid MAPE: 0.0844, Valid RMSE: 5.8728, Training Time: 113.2410/epoch
Iter: 000, Train Loss: 3.8482, Train MAPE: 0.0822, Train RMSE: 5.9960
Iter: 050, Train Loss: 4.0413, Train MAPE: 0.0974, Train RMSE: 6.4080
Iter: 100, Train Loss: 3.7387, Train MAPE: 0.0864, Train RMSE: 6.1719
Iter: 150, Train Loss: 3.6031, Train MAPE: 0.0761, Train RMSE: 6.0732
Iter: 200, Train Loss: 3.9093, Train MAPE: 0.0823, Train RMSE: 6.3290
Iter: 250, Train Loss: 4.3760, Train MAPE: 0.0964, Train RMSE: 7.0509
Iter: 300, Train Loss: 3.9244, Train MAPE: 0.0820, Train RMSE: 6.3150
Iter: 350, Train Loss: 3.6353, Train MAPE: 0.0786, Train RMSE: 5.9984
Epoch: 023, Inference Time: 4.6274 secs
Epoch: 023, Train Loss: 3.9551, Train MAPE: 0.0886, Train RMSE: 6.3993, Valid Loss: 3.0054, Valid MAPE: 0.0831, Valid RMSE: 5.7585, Training Time: 113.1967/epoch
Iter: 000, Train Loss: 3.7889, Train MAPE: 0.0857, Train RMSE: 6.3502
Iter: 050, Train Loss: 3.8186, Train MAPE: 0.0818, Train RMSE: 6.0318
Iter: 100, Train Loss: 3.7743, Train MAPE: 0.0827, Train RMSE: 6.3483
Iter: 150, Train Loss: 3.8141, Train MAPE: 0.0813, Train RMSE: 6.2435
Iter: 200, Train Loss: 3.7220, Train MAPE: 0.0744, Train RMSE: 5.9056
Iter: 250, Train Loss: 4.0399, Train MAPE: 0.0843, Train RMSE: 6.2277
Iter: 300, Train Loss: 4.2023, Train MAPE: 0.1037, Train RMSE: 6.8811
Iter: 350, Train Loss: 3.9316, Train MAPE: 0.0923, Train RMSE: 6.4307
Epoch: 024, Inference Time: 4.6465 secs
Epoch: 024, Train Loss: 3.9394, Train MAPE: 0.0879, Train RMSE: 6.3646, Valid Loss: 3.0875, Valid MAPE: 0.0847, Valid RMSE: 5.8020, Training Time: 114.2254/epoch
Iter: 000, Train Loss: 4.0289, Train MAPE: 0.0903, Train RMSE: 6.5802
Iter: 050, Train Loss: 4.0431, Train MAPE: 0.0865, Train RMSE: 6.3816
Iter: 100, Train Loss: 3.9870, Train MAPE: 0.0927, Train RMSE: 6.7294
Iter: 150, Train Loss: 4.0273, Train MAPE: 0.0856, Train RMSE: 6.2792
Iter: 200, Train Loss: 3.7579, Train MAPE: 0.0786, Train RMSE: 6.1050
Iter: 250, Train Loss: 4.0765, Train MAPE: 0.0889, Train RMSE: 6.7074
Iter: 300, Train Loss: 3.7495, Train MAPE: 0.0841, Train RMSE: 6.2047
Iter: 350, Train Loss: 4.0453, Train MAPE: 0.0898, Train RMSE: 6.4781
Epoch: 025, Inference Time: 4.6274 secs
Epoch: 025, Train Loss: 3.9262, Train MAPE: 0.0874, Train RMSE: 6.3441, Valid Loss: 3.0544, Valid MAPE: 0.0838, Valid RMSE: 5.8076, Training Time: 113.2021/epoch
Iter: 000, Train Loss: 4.0437, Train MAPE: 0.0895, Train RMSE: 6.6422
Iter: 050, Train Loss: 3.9829, Train MAPE: 0.0827, Train RMSE: 6.4076
Iter: 100, Train Loss: 3.9189, Train MAPE: 0.0832, Train RMSE: 6.5850
Iter: 150, Train Loss: 3.8797, Train MAPE: 0.0903, Train RMSE: 6.4409
Iter: 200, Train Loss: 4.0081, Train MAPE: 0.0908, Train RMSE: 6.2772
Iter: 250, Train Loss: 3.8799, Train MAPE: 0.0868, Train RMSE: 6.3322
Iter: 300, Train Loss: 4.0589, Train MAPE: 0.0883, Train RMSE: 6.4673
Iter: 350, Train Loss: 3.9829, Train MAPE: 0.0925, Train RMSE: 6.5879
Epoch: 026, Inference Time: 4.6307 secs
Epoch: 026, Train Loss: 3.9103, Train MAPE: 0.0866, Train RMSE: 6.3061, Valid Loss: 2.9996, Valid MAPE: 0.0818, Valid RMSE: 5.7672, Training Time: 114.3736/epoch
Iter: 000, Train Loss: 3.7702, Train MAPE: 0.0791, Train RMSE: 5.8608
Iter: 050, Train Loss: 4.0687, Train MAPE: 0.0948, Train RMSE: 6.5398
Iter: 100, Train Loss: 4.0198, Train MAPE: 0.0895, Train RMSE: 6.1623
Iter: 150, Train Loss: 3.8860, Train MAPE: 0.0902, Train RMSE: 6.5518
Iter: 200, Train Loss: 3.9635, Train MAPE: 0.0887, Train RMSE: 6.3713
Iter: 250, Train Loss: 4.0383, Train MAPE: 0.0838, Train RMSE: 6.3097
Iter: 300, Train Loss: 3.7157, Train MAPE: 0.0793, Train RMSE: 6.0424
Iter: 350, Train Loss: 3.9009, Train MAPE: 0.0897, Train RMSE: 6.4239
Epoch: 027, Inference Time: 4.6331 secs
Epoch: 027, Train Loss: 3.8908, Train MAPE: 0.0855, Train RMSE: 6.2499, Valid Loss: 3.0194, Valid MAPE: 0.0823, Valid RMSE: 5.8897, Training Time: 113.5986/epoch
Iter: 000, Train Loss: 4.1425, Train MAPE: 0.0925, Train RMSE: 6.6371
Iter: 050, Train Loss: 4.0342, Train MAPE: 0.0893, Train RMSE: 6.3529
Iter: 100, Train Loss: 3.6346, Train MAPE: 0.0775, Train RMSE: 5.8255
Iter: 150, Train Loss: 3.9514, Train MAPE: 0.0936, Train RMSE: 6.5608
Iter: 200, Train Loss: 4.2475, Train MAPE: 0.1028, Train RMSE: 6.9392
Iter: 250, Train Loss: 3.7942, Train MAPE: 0.0812, Train RMSE: 6.0002
Iter: 300, Train Loss: 4.1529, Train MAPE: 0.0959, Train RMSE: 6.5785
Iter: 350, Train Loss: 3.5212, Train MAPE: 0.0717, Train RMSE: 5.6729
Epoch: 028, Inference Time: 4.6305 secs
Epoch: 028, Train Loss: 3.8756, Train MAPE: 0.0847, Train RMSE: 6.2086, Valid Loss: 2.9556, Valid MAPE: 0.0809, Valid RMSE: 5.7224, Training Time: 113.6043/epoch
Iter: 000, Train Loss: 4.1357, Train MAPE: 0.0967, Train RMSE: 6.8740
Iter: 050, Train Loss: 3.4874, Train MAPE: 0.0764, Train RMSE: 5.7009
Iter: 100, Train Loss: 3.5871, Train MAPE: 0.0805, Train RMSE: 5.7679
Iter: 150, Train Loss: 3.9956, Train MAPE: 0.0796, Train RMSE: 6.0412
Iter: 200, Train Loss: 3.8543, Train MAPE: 0.0813, Train RMSE: 6.0303
Iter: 250, Train Loss: 3.3659, Train MAPE: 0.0705, Train RMSE: 5.5565
Iter: 300, Train Loss: 3.7758, Train MAPE: 0.0860, Train RMSE: 6.1770
Iter: 350, Train Loss: 3.8235, Train MAPE: 0.0796, Train RMSE: 5.9866
Epoch: 029, Inference Time: 4.6326 secs
Epoch: 029, Train Loss: 3.8609, Train MAPE: 0.0839, Train RMSE: 6.1666, Valid Loss: 2.9552, Valid MAPE: 0.0805, Valid RMSE: 5.7010, Training Time: 113.6960/epoch
Iter: 000, Train Loss: 3.7106, Train MAPE: 0.0794, Train RMSE: 5.8577
Iter: 050, Train Loss: 4.0001, Train MAPE: 0.0942, Train RMSE: 6.4385
Iter: 100, Train Loss: 3.7392, Train MAPE: 0.0815, Train RMSE: 5.8766
Iter: 150, Train Loss: 3.8221, Train MAPE: 0.0920, Train RMSE: 6.4900
Iter: 200, Train Loss: 3.9854, Train MAPE: 0.0918, Train RMSE: 6.4521
Iter: 250, Train Loss: 3.5300, Train MAPE: 0.0722, Train RMSE: 5.7260
Iter: 300, Train Loss: 3.7499, Train MAPE: 0.0734, Train RMSE: 5.8783
Iter: 350, Train Loss: 4.1212, Train MAPE: 0.0892, Train RMSE: 6.5832
Epoch: 030, Inference Time: 4.6313 secs
Epoch: 030, Train Loss: 3.8493, Train MAPE: 0.0833, Train RMSE: 6.1322, Valid Loss: 2.9307, Valid MAPE: 0.0800, Valid RMSE: 5.6545, Training Time: 113.6002/epoch
Iter: 000, Train Loss: 4.0852, Train MAPE: 0.0932, Train RMSE: 6.6038
Iter: 050, Train Loss: 4.2146, Train MAPE: 0.0950, Train RMSE: 6.6661
Iter: 100, Train Loss: 3.8715, Train MAPE: 0.0873, Train RMSE: 6.3344
Iter: 150, Train Loss: 3.7444, Train MAPE: 0.0730, Train RMSE: 5.6505
Iter: 200, Train Loss: 3.5158, Train MAPE: 0.0702, Train RMSE: 5.6177
Iter: 250, Train Loss: 3.5990, Train MAPE: 0.0785, Train RMSE: 5.9080
Iter: 300, Train Loss: 3.7113, Train MAPE: 0.0809, Train RMSE: 5.9509
Iter: 350, Train Loss: 4.0382, Train MAPE: 0.0935, Train RMSE: 6.5687
Epoch: 031, Inference Time: 4.6364 secs
Epoch: 031, Train Loss: 3.8404, Train MAPE: 0.0828, Train RMSE: 6.1037, Valid Loss: 2.9367, Valid MAPE: 0.0788, Valid RMSE: 5.6502, Training Time: 113.6111/epoch
Iter: 000, Train Loss: 3.9342, Train MAPE: 0.0789, Train RMSE: 5.8953
Iter: 050, Train Loss: 3.5000, Train MAPE: 0.0721, Train RMSE: 5.5098
Iter: 100, Train Loss: 3.9107, Train MAPE: 0.0845, Train RMSE: 6.2754
Iter: 150, Train Loss: 3.7052, Train MAPE: 0.0793, Train RMSE: 6.0739
Iter: 200, Train Loss: 3.5229, Train MAPE: 0.0713, Train RMSE: 5.6739
Iter: 250, Train Loss: 3.9292, Train MAPE: 0.0865, Train RMSE: 6.2584
Iter: 300, Train Loss: 3.8568, Train MAPE: 0.0818, Train RMSE: 6.1732
Iter: 350, Train Loss: 3.9608, Train MAPE: 0.0923, Train RMSE: 6.5788
Epoch: 032, Inference Time: 4.6293 secs
Epoch: 032, Train Loss: 3.8361, Train MAPE: 0.0826, Train RMSE: 6.0912, Valid Loss: 3.0597, Valid MAPE: 0.0834, Valid RMSE: 5.8156, Training Time: 113.4375/epoch
Iter: 000, Train Loss: 4.1766, Train MAPE: 0.0994, Train RMSE: 6.8064
Iter: 050, Train Loss: 4.2305, Train MAPE: 0.0982, Train RMSE: 6.7384
Iter: 100, Train Loss: 4.2910, Train MAPE: 0.0996, Train RMSE: 6.8655
Iter: 150, Train Loss: 3.6335, Train MAPE: 0.0698, Train RMSE: 5.7007
Iter: 200, Train Loss: 3.8089, Train MAPE: 0.0860, Train RMSE: 6.4457
Iter: 250, Train Loss: 3.7822, Train MAPE: 0.0860, Train RMSE: 6.3514
Iter: 300, Train Loss: 3.8315, Train MAPE: 0.0825, Train RMSE: 6.0775
Iter: 350, Train Loss: 3.7715, Train MAPE: 0.0811, Train RMSE: 5.9483
Epoch: 033, Inference Time: 4.6308 secs
Epoch: 033, Train Loss: 3.9323, Train MAPE: 0.0870, Train RMSE: 6.3198, Valid Loss: 3.0357, Valid MAPE: 0.0831, Valid RMSE: 5.7517, Training Time: 114.2281/epoch
Iter: 000, Train Loss: 4.3377, Train MAPE: 0.1041, Train RMSE: 6.7396
Iter: 050, Train Loss: 3.6671, Train MAPE: 0.0854, Train RMSE: 6.2558
Iter: 100, Train Loss: 3.7506, Train MAPE: 0.0849, Train RMSE: 6.0674
Iter: 150, Train Loss: 4.1366, Train MAPE: 0.1044, Train RMSE: 6.8574
Iter: 200, Train Loss: 3.6712, Train MAPE: 0.0792, Train RMSE: 5.8930
Iter: 250, Train Loss: 3.7944, Train MAPE: 0.0788, Train RMSE: 5.8483
Iter: 300, Train Loss: 3.9354, Train MAPE: 0.0784, Train RMSE: 6.0983
Iter: 350, Train Loss: 4.3624, Train MAPE: 0.1034, Train RMSE: 6.9893
Epoch: 034, Inference Time: 4.6275 secs
Epoch: 034, Train Loss: 3.9063, Train MAPE: 0.0862, Train RMSE: 6.2884, Valid Loss: 3.0346, Valid MAPE: 0.0814, Valid RMSE: 5.7567, Training Time: 115.3583/epoch
Iter: 000, Train Loss: 4.0847, Train MAPE: 0.0976, Train RMSE: 6.6378
Iter: 050, Train Loss: 3.6790, Train MAPE: 0.0765, Train RMSE: 5.8341
Iter: 100, Train Loss: 4.1109, Train MAPE: 0.0879, Train RMSE: 6.6547
Iter: 150, Train Loss: 3.8691, Train MAPE: 0.0891, Train RMSE: 6.3399
Iter: 200, Train Loss: 4.0084, Train MAPE: 0.0843, Train RMSE: 6.3298
Iter: 250, Train Loss: 3.9745, Train MAPE: 0.0933, Train RMSE: 6.3932
Iter: 300, Train Loss: 3.7942, Train MAPE: 0.0821, Train RMSE: 5.9741
Iter: 350, Train Loss: 3.8290, Train MAPE: 0.0832, Train RMSE: 6.3390
Epoch: 035, Inference Time: 4.6266 secs
Epoch: 035, Train Loss: 3.9034, Train MAPE: 0.0857, Train RMSE: 6.2622, Valid Loss: 3.0288, Valid MAPE: 0.0834, Valid RMSE: 5.7852, Training Time: 113.2680/epoch
Iter: 000, Train Loss: 3.7141, Train MAPE: 0.0784, Train RMSE: 6.1321
Iter: 050, Train Loss: 4.1545, Train MAPE: 0.0951, Train RMSE: 6.5642
Iter: 100, Train Loss: 3.8328, Train MAPE: 0.0831, Train RMSE: 6.2890
Iter: 150, Train Loss: 3.4252, Train MAPE: 0.0733, Train RMSE: 5.5331
Iter: 200, Train Loss: 4.1350, Train MAPE: 0.0985, Train RMSE: 6.8951
Iter: 250, Train Loss: 4.0970, Train MAPE: 0.0903, Train RMSE: 6.2416
Iter: 300, Train Loss: 3.9503, Train MAPE: 0.0911, Train RMSE: 6.5311
Iter: 350, Train Loss: 3.9438, Train MAPE: 0.0846, Train RMSE: 6.3945
Epoch: 036, Inference Time: 4.6362 secs
Epoch: 036, Train Loss: 3.8856, Train MAPE: 0.0851, Train RMSE: 6.2287, Valid Loss: 3.0195, Valid MAPE: 0.0849, Valid RMSE: 5.9440, Training Time: 113.2736/epoch
Iter: 000, Train Loss: 3.9097, Train MAPE: 0.0900, Train RMSE: 6.3595
Iter: 050, Train Loss: 3.9513, Train MAPE: 0.0924, Train RMSE: 6.3565
Iter: 100, Train Loss: 3.8686, Train MAPE: 0.0803, Train RMSE: 6.1584
Iter: 150, Train Loss: 3.7943, Train MAPE: 0.0780, Train RMSE: 5.7589
Iter: 200, Train Loss: 3.6596, Train MAPE: 0.0762, Train RMSE: 5.8509
Iter: 250, Train Loss: 3.7085, Train MAPE: 0.0750, Train RMSE: 5.9311
Iter: 300, Train Loss: 3.7288, Train MAPE: 0.0802, Train RMSE: 5.8726
Iter: 350, Train Loss: 3.9405, Train MAPE: 0.0918, Train RMSE: 6.4299
Epoch: 037, Inference Time: 4.7340 secs
Epoch: 037, Train Loss: 3.8765, Train MAPE: 0.0845, Train RMSE: 6.1945, Valid Loss: 2.9402, Valid MAPE: 0.0794, Valid RMSE: 5.5961, Training Time: 113.3052/epoch
Iter: 000, Train Loss: 4.0061, Train MAPE: 0.0908, Train RMSE: 6.4993
Iter: 050, Train Loss: 3.8419, Train MAPE: 0.0838, Train RMSE: 6.1610
Iter: 100, Train Loss: 3.8139, Train MAPE: 0.0781, Train RMSE: 6.0184
Iter: 150, Train Loss: 3.7897, Train MAPE: 0.0839, Train RMSE: 6.2539
Iter: 200, Train Loss: 3.8123, Train MAPE: 0.0795, Train RMSE: 6.1389
Iter: 250, Train Loss: 3.9230, Train MAPE: 0.0837, Train RMSE: 6.3281
Iter: 300, Train Loss: 3.5910, Train MAPE: 0.0800, Train RMSE: 6.0642
Iter: 350, Train Loss: 3.9915, Train MAPE: 0.0898, Train RMSE: 6.3675
Epoch: 038, Inference Time: 4.6250 secs
Epoch: 038, Train Loss: 3.8609, Train MAPE: 0.0837, Train RMSE: 6.1571, Valid Loss: 2.9361, Valid MAPE: 0.0789, Valid RMSE: 5.6265, Training Time: 113.1855/epoch
Iter: 000, Train Loss: 4.0679, Train MAPE: 0.0888, Train RMSE: 6.2763
Iter: 050, Train Loss: 3.7880, Train MAPE: 0.0847, Train RMSE: 6.0216
Iter: 100, Train Loss: 3.8852, Train MAPE: 0.0840, Train RMSE: 6.0855
Iter: 150, Train Loss: 3.6357, Train MAPE: 0.0810, Train RMSE: 6.0704
Iter: 200, Train Loss: 3.6816, Train MAPE: 0.0764, Train RMSE: 5.8187
Iter: 250, Train Loss: 3.6345, Train MAPE: 0.0742, Train RMSE: 5.8060
Iter: 300, Train Loss: 3.9689, Train MAPE: 0.0952, Train RMSE: 6.6862
Iter: 350, Train Loss: 3.8602, Train MAPE: 0.0804, Train RMSE: 6.2958
Epoch: 039, Inference Time: 4.6262 secs
Epoch: 039, Train Loss: 3.8472, Train MAPE: 0.0829, Train RMSE: 6.1116, Valid Loss: 2.9095, Valid MAPE: 0.0794, Valid RMSE: 5.6149, Training Time: 113.3967/epoch
Iter: 000, Train Loss: 4.0197, Train MAPE: 0.0908, Train RMSE: 6.6034
Iter: 050, Train Loss: 3.5512, Train MAPE: 0.0690, Train RMSE: 5.3656
Iter: 100, Train Loss: 3.9012, Train MAPE: 0.0862, Train RMSE: 6.1141
Iter: 150, Train Loss: 4.1441, Train MAPE: 0.0951, Train RMSE: 6.7027
Iter: 200, Train Loss: 3.7737, Train MAPE: 0.0761, Train RMSE: 5.6859
Iter: 250, Train Loss: 4.0384, Train MAPE: 0.0943, Train RMSE: 6.5983
Iter: 300, Train Loss: 3.5535, Train MAPE: 0.0736, Train RMSE: 5.6310
Iter: 350, Train Loss: 3.8902, Train MAPE: 0.0796, Train RMSE: 6.0875
Epoch: 040, Inference Time: 4.6252 secs
Epoch: 040, Train Loss: 3.8352, Train MAPE: 0.0823, Train RMSE: 6.0778, Valid Loss: 2.8942, Valid MAPE: 0.0788, Valid RMSE: 5.6061, Training Time: 113.4255/epoch
Iter: 000, Train Loss: 4.2594, Train MAPE: 0.1022, Train RMSE: 6.8641
Iter: 050, Train Loss: 3.5661, Train MAPE: 0.0796, Train RMSE: 5.7868
Iter: 100, Train Loss: 3.7298, Train MAPE: 0.0756, Train RMSE: 5.7475
Iter: 150, Train Loss: 3.4470, Train MAPE: 0.0689, Train RMSE: 5.4162
Iter: 200, Train Loss: 3.8982, Train MAPE: 0.0883, Train RMSE: 6.1314
Iter: 250, Train Loss: 4.1400, Train MAPE: 0.0950, Train RMSE: 6.6492
Iter: 300, Train Loss: 3.6833, Train MAPE: 0.0786, Train RMSE: 5.7434
Iter: 350, Train Loss: 3.7415, Train MAPE: 0.0778, Train RMSE: 6.0539
Epoch: 041, Inference Time: 4.6280 secs
Epoch: 041, Train Loss: 3.8260, Train MAPE: 0.0819, Train RMSE: 6.0544, Valid Loss: 2.8707, Valid MAPE: 0.0779, Valid RMSE: 5.5494, Training Time: 113.2012/epoch
Iter: 000, Train Loss: 3.5521, Train MAPE: 0.0730, Train RMSE: 5.5956
Iter: 050, Train Loss: 3.8493, Train MAPE: 0.0770, Train RMSE: 5.8863
Iter: 100, Train Loss: 3.9767, Train MAPE: 0.0867, Train RMSE: 6.4308
Iter: 150, Train Loss: 4.1888, Train MAPE: 0.0980, Train RMSE: 6.7449
Iter: 200, Train Loss: 3.7310, Train MAPE: 0.0874, Train RMSE: 6.0189
Iter: 250, Train Loss: 4.1014, Train MAPE: 0.0925, Train RMSE: 6.4222
Iter: 300, Train Loss: 3.8255, Train MAPE: 0.0797, Train RMSE: 5.9769
Iter: 350, Train Loss: 3.6488, Train MAPE: 0.0756, Train RMSE: 5.7558
Epoch: 042, Inference Time: 4.6273 secs
Epoch: 042, Train Loss: 3.8191, Train MAPE: 0.0815, Train RMSE: 6.0321, Valid Loss: 2.8960, Valid MAPE: 0.0782, Valid RMSE: 5.6034, Training Time: 113.5628/epoch
Iter: 000, Train Loss: 3.6957, Train MAPE: 0.0754, Train RMSE: 5.8341
Iter: 050, Train Loss: 3.7237, Train MAPE: 0.0782, Train RMSE: 5.8717
Iter: 100, Train Loss: 3.8900, Train MAPE: 0.0804, Train RMSE: 5.8684
Iter: 150, Train Loss: 3.8880, Train MAPE: 0.0848, Train RMSE: 6.0458
Iter: 200, Train Loss: 3.7121, Train MAPE: 0.0767, Train RMSE: 5.8291
Iter: 250, Train Loss: 3.7611, Train MAPE: 0.0787, Train RMSE: 5.9419
Iter: 300, Train Loss: 4.1731, Train MAPE: 0.0861, Train RMSE: 6.5295
Iter: 350, Train Loss: 3.6378, Train MAPE: 0.0768, Train RMSE: 5.8023
Epoch: 043, Inference Time: 4.6261 secs
Epoch: 043, Train Loss: 3.8460, Train MAPE: 0.0828, Train RMSE: 6.1011, Valid Loss: 3.0053, Valid MAPE: 0.0809, Valid RMSE: 5.8408, Training Time: 113.1944/epoch
Iter: 000, Train Loss: 3.9465, Train MAPE: 0.0811, Train RMSE: 6.2139
Iter: 050, Train Loss: 3.8002, Train MAPE: 0.0818, Train RMSE: 6.0045
Iter: 100, Train Loss: 4.0895, Train MAPE: 0.0959, Train RMSE: 6.6450
Iter: 150, Train Loss: 3.7623, Train MAPE: 0.0826, Train RMSE: 6.0611
Iter: 200, Train Loss: 3.7253, Train MAPE: 0.0819, Train RMSE: 5.9628
Iter: 250, Train Loss: 3.8180, Train MAPE: 0.0793, Train RMSE: 5.9836
Iter: 300, Train Loss: 3.7210, Train MAPE: 0.0818, Train RMSE: 6.0968
Iter: 350, Train Loss: 4.1890, Train MAPE: 0.0934, Train RMSE: 6.5645
Epoch: 044, Inference Time: 4.6276 secs
Epoch: 044, Train Loss: 3.8916, Train MAPE: 0.0853, Train RMSE: 6.2320, Valid Loss: 2.9169, Valid MAPE: 0.0804, Valid RMSE: 5.6329, Training Time: 113.2647/epoch
Iter: 000, Train Loss: 4.1841, Train MAPE: 0.0939, Train RMSE: 6.6167
Iter: 050, Train Loss: 3.9184, Train MAPE: 0.0846, Train RMSE: 6.0461
Iter: 100, Train Loss: 3.8137, Train MAPE: 0.0797, Train RMSE: 5.9534
Iter: 150, Train Loss: 3.9072, Train MAPE: 0.0829, Train RMSE: 6.2476
Iter: 200, Train Loss: 4.1411, Train MAPE: 0.0923, Train RMSE: 6.5673
Iter: 250, Train Loss: 3.7600, Train MAPE: 0.0773, Train RMSE: 5.9767
Iter: 300, Train Loss: 3.9391, Train MAPE: 0.0914, Train RMSE: 6.8494
Iter: 350, Train Loss: 3.9505, Train MAPE: 0.0760, Train RMSE: 5.8642
Epoch: 045, Inference Time: 4.6262 secs
Epoch: 045, Train Loss: 3.8822, Train MAPE: 0.0847, Train RMSE: 6.2097, Valid Loss: 2.9514, Valid MAPE: 0.0827, Valid RMSE: 5.7036, Training Time: 113.2119/epoch
Iter: 000, Train Loss: 3.9875, Train MAPE: 0.0981, Train RMSE: 6.5995
Iter: 050, Train Loss: 4.0148, Train MAPE: 0.0918, Train RMSE: 6.5001
Iter: 100, Train Loss: 4.0137, Train MAPE: 0.0921, Train RMSE: 6.4169
Iter: 150, Train Loss: 3.6428, Train MAPE: 0.0803, Train RMSE: 5.9901
Iter: 200, Train Loss: 4.3893, Train MAPE: 0.0981, Train RMSE: 6.6769
Iter: 250, Train Loss: 3.7395, Train MAPE: 0.0767, Train RMSE: 5.7879
Iter: 300, Train Loss: 4.1815, Train MAPE: 0.0971, Train RMSE: 6.5050
Iter: 350, Train Loss: 3.9168, Train MAPE: 0.0808, Train RMSE: 5.9588
Epoch: 046, Inference Time: 4.6272 secs
Epoch: 046, Train Loss: 3.8748, Train MAPE: 0.0843, Train RMSE: 6.1855, Valid Loss: 2.9953, Valid MAPE: 0.0813, Valid RMSE: 5.8520, Training Time: 116.9367/epoch
Iter: 000, Train Loss: 4.0826, Train MAPE: 0.0970, Train RMSE: 6.5435
Iter: 050, Train Loss: 3.7184, Train MAPE: 0.0786, Train RMSE: 5.6699
Iter: 100, Train Loss: 4.0519, Train MAPE: 0.0924, Train RMSE: 6.5517
Iter: 150, Train Loss: 4.1325, Train MAPE: 0.0974, Train RMSE: 6.5892
Iter: 200, Train Loss: 3.5252, Train MAPE: 0.0711, Train RMSE: 5.7039
Iter: 250, Train Loss: 3.8731, Train MAPE: 0.0850, Train RMSE: 6.0556
Iter: 300, Train Loss: 3.7688, Train MAPE: 0.0774, Train RMSE: 5.8538
Iter: 350, Train Loss: 3.8489, Train MAPE: 0.0876, Train RMSE: 6.1716
Epoch: 047, Inference Time: 4.6275 secs
Epoch: 047, Train Loss: 3.8676, Train MAPE: 0.0837, Train RMSE: 6.1559, Valid Loss: 3.0297, Valid MAPE: 0.0792, Valid RMSE: 5.7601, Training Time: 113.2379/epoch
Iter: 000, Train Loss: 3.7138, Train MAPE: 0.0752, Train RMSE: 5.8736
Iter: 050, Train Loss: 3.9538, Train MAPE: 0.0836, Train RMSE: 6.1860
Iter: 100, Train Loss: 4.1939, Train MAPE: 0.0994, Train RMSE: 6.7673
Iter: 150, Train Loss: 3.9637, Train MAPE: 0.0859, Train RMSE: 6.3090
Iter: 200, Train Loss: 3.4967, Train MAPE: 0.0704, Train RMSE: 5.6406
Iter: 250, Train Loss: 3.9480, Train MAPE: 0.0851, Train RMSE: 6.1979
Iter: 300, Train Loss: 3.6117, Train MAPE: 0.0776, Train RMSE: 5.7501
Iter: 350, Train Loss: 4.2435, Train MAPE: 0.1035, Train RMSE: 7.0742
Epoch: 048, Inference Time: 4.6284 secs
Epoch: 048, Train Loss: 3.8534, Train MAPE: 0.0833, Train RMSE: 6.1269, Valid Loss: 2.8871, Valid MAPE: 0.0784, Valid RMSE: 5.6092, Training Time: 113.2281/epoch
Iter: 000, Train Loss: 3.8853, Train MAPE: 0.0800, Train RMSE: 5.8787
Iter: 050, Train Loss: 4.0304, Train MAPE: 0.0890, Train RMSE: 6.5040
Iter: 100, Train Loss: 3.8359, Train MAPE: 0.0856, Train RMSE: 6.0991
Iter: 150, Train Loss: 3.4655, Train MAPE: 0.0692, Train RMSE: 5.5381
Iter: 200, Train Loss: 4.2838, Train MAPE: 0.1000, Train RMSE: 7.2133
Iter: 250, Train Loss: 3.4534, Train MAPE: 0.0707, Train RMSE: 5.5647
Iter: 300, Train Loss: 4.0300, Train MAPE: 0.1007, Train RMSE: 6.4378
Iter: 350, Train Loss: 3.8153, Train MAPE: 0.0825, Train RMSE: 6.2232
Epoch: 049, Inference Time: 4.6284 secs
Epoch: 049, Train Loss: 3.8402, Train MAPE: 0.0825, Train RMSE: 6.0867, Valid Loss: 2.8685, Valid MAPE: 0.0786, Valid RMSE: 5.5655, Training Time: 113.2157/epoch
Iter: 000, Train Loss: 4.1443, Train MAPE: 0.0949, Train RMSE: 6.6251
Iter: 050, Train Loss: 3.8672, Train MAPE: 0.0858, Train RMSE: 6.1383
Iter: 100, Train Loss: 3.6498, Train MAPE: 0.0738, Train RMSE: 5.4871
Iter: 150, Train Loss: 3.7972, Train MAPE: 0.0832, Train RMSE: 6.0763
Iter: 200, Train Loss: 4.0867, Train MAPE: 0.0851, Train RMSE: 6.3146
Iter: 250, Train Loss: 4.0151, Train MAPE: 0.0902, Train RMSE: 6.5736
Iter: 300, Train Loss: 3.9224, Train MAPE: 0.0844, Train RMSE: 6.1891
Iter: 350, Train Loss: 3.8785, Train MAPE: 0.0798, Train RMSE: 6.0888
Epoch: 050, Inference Time: 4.6269 secs
Epoch: 050, Train Loss: 3.8284, Train MAPE: 0.0818, Train RMSE: 6.0531, Valid Loss: 2.8820, Valid MAPE: 0.0777, Valid RMSE: 5.5795, Training Time: 113.1938/epoch
Iter: 000, Train Loss: 4.0861, Train MAPE: 0.0929, Train RMSE: 6.4482
Iter: 050, Train Loss: 3.5969, Train MAPE: 0.0704, Train RMSE: 5.4725
Iter: 100, Train Loss: 4.1161, Train MAPE: 0.0840, Train RMSE: 6.1892
Iter: 150, Train Loss: 3.8589, Train MAPE: 0.0818, Train RMSE: 6.0392
Iter: 200, Train Loss: 3.4673, Train MAPE: 0.0733, Train RMSE: 5.6015
Iter: 250, Train Loss: 3.6861, Train MAPE: 0.0749, Train RMSE: 5.9023
Iter: 300, Train Loss: 3.9983, Train MAPE: 0.0935, Train RMSE: 6.1658
Iter: 350, Train Loss: 3.5526, Train MAPE: 0.0676, Train RMSE: 5.4817
Epoch: 051, Inference Time: 4.6264 secs
Epoch: 051, Train Loss: 3.8173, Train MAPE: 0.0813, Train RMSE: 6.0165, Valid Loss: 2.9035, Valid MAPE: 0.0780, Valid RMSE: 5.6414, Training Time: 113.1989/epoch
Iter: 000, Train Loss: 3.8472, Train MAPE: 0.0828, Train RMSE: 6.0022
Iter: 050, Train Loss: 3.8373, Train MAPE: 0.0869, Train RMSE: 5.9574
Iter: 100, Train Loss: 3.9500, Train MAPE: 0.0835, Train RMSE: 6.1488
Iter: 150, Train Loss: 4.0060, Train MAPE: 0.0934, Train RMSE: 6.7158
Iter: 200, Train Loss: 4.0988, Train MAPE: 0.0826, Train RMSE: 6.0755
Iter: 250, Train Loss: 3.8152, Train MAPE: 0.0764, Train RMSE: 6.0077
Iter: 300, Train Loss: 3.4600, Train MAPE: 0.0663, Train RMSE: 5.3287
Iter: 350, Train Loss: 3.7004, Train MAPE: 0.0753, Train RMSE: 5.7004
Epoch: 052, Inference Time: 4.6270 secs
Epoch: 052, Train Loss: 3.8095, Train MAPE: 0.0808, Train RMSE: 5.9929, Valid Loss: 2.9284, Valid MAPE: 0.0779, Valid RMSE: 5.6981, Training Time: 113.2850/epoch
Iter: 000, Train Loss: 3.8151, Train MAPE: 0.0844, Train RMSE: 6.2453
Iter: 050, Train Loss: 3.9436, Train MAPE: 0.0807, Train RMSE: 6.0942
Iter: 100, Train Loss: 3.6653, Train MAPE: 0.0796, Train RMSE: 5.6567
Iter: 150, Train Loss: 3.7398, Train MAPE: 0.0801, Train RMSE: 5.8807
Iter: 200, Train Loss: 3.8414, Train MAPE: 0.0868, Train RMSE: 6.0156
Iter: 250, Train Loss: 3.8386, Train MAPE: 0.0814, Train RMSE: 5.9615
Iter: 300, Train Loss: 3.5453, Train MAPE: 0.0694, Train RMSE: 5.5201
Iter: 350, Train Loss: 3.6301, Train MAPE: 0.0749, Train RMSE: 5.8627
Epoch: 053, Inference Time: 4.6286 secs
Epoch: 053, Train Loss: 3.8038, Train MAPE: 0.0805, Train RMSE: 5.9722, Valid Loss: 2.9086, Valid MAPE: 0.0777, Valid RMSE: 5.6602, Training Time: 113.1774/epoch
Iter: 000, Train Loss: 3.9329, Train MAPE: 0.0946, Train RMSE: 6.7274
Iter: 050, Train Loss: 3.9888, Train MAPE: 0.0867, Train RMSE: 6.1551
Iter: 100, Train Loss: 3.8262, Train MAPE: 0.0851, Train RMSE: 6.2907
Iter: 150, Train Loss: 4.2865, Train MAPE: 0.0935, Train RMSE: 6.5451
Iter: 200, Train Loss: 4.0825, Train MAPE: 0.0904, Train RMSE: 6.3411
Iter: 250, Train Loss: 3.7595, Train MAPE: 0.0829, Train RMSE: 5.9574
Iter: 300, Train Loss: 3.5739, Train MAPE: 0.0702, Train RMSE: 5.6282
Iter: 350, Train Loss: 3.6157, Train MAPE: 0.0749, Train RMSE: 5.5200
Epoch: 054, Inference Time: 4.6320 secs
Epoch: 054, Train Loss: 3.8594, Train MAPE: 0.0833, Train RMSE: 6.1205, Valid Loss: 2.8881, Valid MAPE: 0.0788, Valid RMSE: 5.5500, Training Time: 113.3154/epoch
Iter: 000, Train Loss: 3.8356, Train MAPE: 0.0879, Train RMSE: 6.3426
Iter: 050, Train Loss: 3.6289, Train MAPE: 0.0760, Train RMSE: 5.5041
Iter: 100, Train Loss: 4.2351, Train MAPE: 0.0918, Train RMSE: 6.6446
Iter: 150, Train Loss: 4.0689, Train MAPE: 0.0847, Train RMSE: 6.2659
Iter: 200, Train Loss: 3.6868, Train MAPE: 0.0812, Train RMSE: 6.0969
Iter: 250, Train Loss: 3.6619, Train MAPE: 0.0716, Train RMSE: 5.7502
Iter: 300, Train Loss: 3.6256, Train MAPE: 0.0760, Train RMSE: 5.8400
Iter: 350, Train Loss: 3.7888, Train MAPE: 0.0906, Train RMSE: 6.6800
Epoch: 055, Inference Time: 4.6263 secs
Epoch: 055, Train Loss: 3.8803, Train MAPE: 0.0842, Train RMSE: 6.1784, Valid Loss: 2.9505, Valid MAPE: 0.0793, Valid RMSE: 5.6731, Training Time: 113.8420/epoch
Iter: 000, Train Loss: 3.8364, Train MAPE: 0.0830, Train RMSE: 6.1438
Iter: 050, Train Loss: 3.9652, Train MAPE: 0.0916, Train RMSE: 6.4486
Iter: 100, Train Loss: 3.5901, Train MAPE: 0.0703, Train RMSE: 5.4915
Iter: 150, Train Loss: 3.8695, Train MAPE: 0.0932, Train RMSE: 6.4215
Iter: 200, Train Loss: 3.7678, Train MAPE: 0.0781, Train RMSE: 5.8006
Iter: 250, Train Loss: 3.7020, Train MAPE: 0.0782, Train RMSE: 5.8905
Iter: 300, Train Loss: 3.8843, Train MAPE: 0.0830, Train RMSE: 6.4660
Iter: 350, Train Loss: 3.7891, Train MAPE: 0.0825, Train RMSE: 6.1375
Epoch: 056, Inference Time: 4.6252 secs
Epoch: 056, Train Loss: 3.8700, Train MAPE: 0.0840, Train RMSE: 6.1631, Valid Loss: 2.9311, Valid MAPE: 0.0778, Valid RMSE: 5.6421, Training Time: 113.1766/epoch
Iter: 000, Train Loss: 3.5438, Train MAPE: 0.0673, Train RMSE: 5.5243
Iter: 050, Train Loss: 4.0015, Train MAPE: 0.0908, Train RMSE: 6.3783
Iter: 100, Train Loss: 4.0090, Train MAPE: 0.0897, Train RMSE: 6.4767
Iter: 150, Train Loss: 3.8519, Train MAPE: 0.0860, Train RMSE: 6.1631
Iter: 200, Train Loss: 4.1060, Train MAPE: 0.0929, Train RMSE: 6.7141
Iter: 250, Train Loss: 4.0927, Train MAPE: 0.0923, Train RMSE: 6.5229
Iter: 300, Train Loss: 3.6607, Train MAPE: 0.0732, Train RMSE: 5.7562
Iter: 350, Train Loss: 3.4607, Train MAPE: 0.0716, Train RMSE: 5.8647
Epoch: 057, Inference Time: 4.6268 secs
Epoch: 057, Train Loss: 3.8604, Train MAPE: 0.0836, Train RMSE: 6.1442, Valid Loss: 3.0412, Valid MAPE: 0.0816, Valid RMSE: 5.7965, Training Time: 113.2028/epoch
Iter: 000, Train Loss: 4.3123, Train MAPE: 0.0941, Train RMSE: 6.7081
Iter: 050, Train Loss: 4.0290, Train MAPE: 0.0937, Train RMSE: 6.3252
Iter: 100, Train Loss: 3.8407, Train MAPE: 0.0771, Train RMSE: 5.8906
Iter: 150, Train Loss: 3.5816, Train MAPE: 0.0733, Train RMSE: 5.5228
Iter: 200, Train Loss: 3.8005, Train MAPE: 0.0779, Train RMSE: 5.9654
Iter: 250, Train Loss: 3.7855, Train MAPE: 0.0860, Train RMSE: 5.9805
Iter: 300, Train Loss: 4.0002, Train MAPE: 0.0856, Train RMSE: 6.3627
Iter: 350, Train Loss: 3.6978, Train MAPE: 0.0795, Train RMSE: 5.7695
Epoch: 058, Inference Time: 4.6269 secs
Epoch: 058, Train Loss: 3.8498, Train MAPE: 0.0829, Train RMSE: 6.1062, Valid Loss: 3.1209, Valid MAPE: 0.0821, Valid RMSE: 6.1904, Training Time: 113.2083/epoch
Iter: 000, Train Loss: 4.0222, Train MAPE: 0.0947, Train RMSE: 6.4521
Iter: 050, Train Loss: 3.5693, Train MAPE: 0.0678, Train RMSE: 5.4102
Iter: 100, Train Loss: 3.8339, Train MAPE: 0.0757, Train RMSE: 5.6463
Iter: 150, Train Loss: 3.8485, Train MAPE: 0.0855, Train RMSE: 6.2862
Iter: 200, Train Loss: 3.7815, Train MAPE: 0.0797, Train RMSE: 5.9707
Iter: 250, Train Loss: 3.7867, Train MAPE: 0.0843, Train RMSE: 5.9785
Iter: 300, Train Loss: 3.7025, Train MAPE: 0.0800, Train RMSE: 5.9522
Iter: 350, Train Loss: 3.8380, Train MAPE: 0.0817, Train RMSE: 6.1442
Epoch: 059, Inference Time: 4.6290 secs
Epoch: 059, Train Loss: 3.8349, Train MAPE: 0.0821, Train RMSE: 6.0569, Valid Loss: 2.9910, Valid MAPE: 0.0795, Valid RMSE: 5.9159, Training Time: 113.2125/epoch
Iter: 000, Train Loss: 3.7685, Train MAPE: 0.0747, Train RMSE: 5.7943
Iter: 050, Train Loss: 3.8744, Train MAPE: 0.0912, Train RMSE: 6.3048
Iter: 100, Train Loss: 3.3957, Train MAPE: 0.0697, Train RMSE: 5.2905
Iter: 150, Train Loss: 3.8459, Train MAPE: 0.0839, Train RMSE: 6.1770
Iter: 200, Train Loss: 3.7008, Train MAPE: 0.0840, Train RMSE: 6.1585
Iter: 250, Train Loss: 3.6952, Train MAPE: 0.0776, Train RMSE: 5.7989
Iter: 300, Train Loss: 4.4584, Train MAPE: 0.0994, Train RMSE: 6.8620
Iter: 350, Train Loss: 3.6919, Train MAPE: 0.0780, Train RMSE: 5.8374
Epoch: 060, Inference Time: 4.6361 secs
Epoch: 060, Train Loss: 3.8256, Train MAPE: 0.0817, Train RMSE: 6.0358, Valid Loss: 2.9442, Valid MAPE: 0.0783, Valid RMSE: 5.7302, Training Time: 113.2851/epoch
Iter: 000, Train Loss: 3.8651, Train MAPE: 0.0856, Train RMSE: 6.1351
Iter: 050, Train Loss: 3.6181, Train MAPE: 0.0758, Train RMSE: 5.8434
Iter: 100, Train Loss: 4.1877, Train MAPE: 0.0926, Train RMSE: 6.6509
Iter: 150, Train Loss: 3.7122, Train MAPE: 0.0831, Train RMSE: 6.1772
Iter: 200, Train Loss: 4.0019, Train MAPE: 0.0889, Train RMSE: 6.2885
Iter: 250, Train Loss: 3.8690, Train MAPE: 0.0825, Train RMSE: 6.0747
Iter: 300, Train Loss: 3.9191, Train MAPE: 0.0824, Train RMSE: 6.0432
Iter: 350, Train Loss: 3.5873, Train MAPE: 0.0720, Train RMSE: 5.7082
Epoch: 061, Inference Time: 4.6274 secs
Epoch: 061, Train Loss: 3.8134, Train MAPE: 0.0809, Train RMSE: 5.9937, Valid Loss: 2.8934, Valid MAPE: 0.0773, Valid RMSE: 5.6304, Training Time: 113.2381/epoch
Iter: 000, Train Loss: 3.9991, Train MAPE: 0.0893, Train RMSE: 6.3644
Iter: 050, Train Loss: 4.0921, Train MAPE: 0.0884, Train RMSE: 6.5082
Iter: 100, Train Loss: 4.0899, Train MAPE: 0.0929, Train RMSE: 6.4031
Iter: 150, Train Loss: 4.0922, Train MAPE: 0.0922, Train RMSE: 6.3908
Iter: 200, Train Loss: 3.7610, Train MAPE: 0.0735, Train RMSE: 5.8391
Iter: 250, Train Loss: 4.0803, Train MAPE: 0.0893, Train RMSE: 6.3357
Iter: 300, Train Loss: 4.0031, Train MAPE: 0.0856, Train RMSE: 6.1658
Iter: 350, Train Loss: 3.6029, Train MAPE: 0.0780, Train RMSE: 5.8896
Epoch: 062, Inference Time: 4.6274 secs
Epoch: 062, Train Loss: 3.8035, Train MAPE: 0.0803, Train RMSE: 5.9608, Valid Loss: 2.9678, Valid MAPE: 0.0786, Valid RMSE: 5.9123, Training Time: 113.2217/epoch
Iter: 000, Train Loss: 3.7417, Train MAPE: 0.0767, Train RMSE: 5.8810
Iter: 050, Train Loss: 3.8663, Train MAPE: 0.0852, Train RMSE: 6.3686
Iter: 100, Train Loss: 3.6959, Train MAPE: 0.0739, Train RMSE: 5.6659
Iter: 150, Train Loss: 3.9136, Train MAPE: 0.0751, Train RMSE: 5.8018
Iter: 200, Train Loss: 4.0083, Train MAPE: 0.0938, Train RMSE: 6.4071
Iter: 250, Train Loss: 3.6577, Train MAPE: 0.0767, Train RMSE: 5.8197
Iter: 300, Train Loss: 3.9138, Train MAPE: 0.0841, Train RMSE: 6.2120
Iter: 350, Train Loss: 4.0587, Train MAPE: 0.0869, Train RMSE: 6.2008
Epoch: 063, Inference Time: 4.6257 secs
Epoch: 063, Train Loss: 3.7958, Train MAPE: 0.0800, Train RMSE: 5.9371, Valid Loss: 2.9923, Valid MAPE: 0.0780, Valid RMSE: 5.9965, Training Time: 113.6227/epoch
Iter: 000, Train Loss: 3.5986, Train MAPE: 0.0746, Train RMSE: 5.8016
Iter: 050, Train Loss: 3.9841, Train MAPE: 0.0842, Train RMSE: 6.1242
Iter: 100, Train Loss: 3.0863, Train MAPE: 0.0565, Train RMSE: 4.7328
Iter: 150, Train Loss: 3.8059, Train MAPE: 0.0809, Train RMSE: 5.8337
Iter: 200, Train Loss: 3.5731, Train MAPE: 0.0754, Train RMSE: 5.8593
Iter: 250, Train Loss: 3.5680, Train MAPE: 0.0699, Train RMSE: 5.3814
Iter: 300, Train Loss: 3.5325, Train MAPE: 0.0733, Train RMSE: 5.6007
Iter: 350, Train Loss: 3.7770, Train MAPE: 0.0844, Train RMSE: 6.0747
Epoch: 064, Inference Time: 4.6262 secs
Epoch: 064, Train Loss: 3.7923, Train MAPE: 0.0798, Train RMSE: 5.9247, Valid Loss: 3.0939, Valid MAPE: 0.0818, Valid RMSE: 6.0823, Training Time: 113.4717/epoch
Iter: 000, Train Loss: 4.0852, Train MAPE: 0.0856, Train RMSE: 6.2979
Iter: 050, Train Loss: 4.0738, Train MAPE: 0.0864, Train RMSE: 6.3942
Iter: 100, Train Loss: 3.6974, Train MAPE: 0.0781, Train RMSE: 5.9686
Iter: 150, Train Loss: 4.1428, Train MAPE: 0.0974, Train RMSE: 6.8189
Iter: 200, Train Loss: 3.7889, Train MAPE: 0.0857, Train RMSE: 6.3516
Iter: 250, Train Loss: 3.8747, Train MAPE: 0.0858, Train RMSE: 6.1779
Iter: 300, Train Loss: 4.2865, Train MAPE: 0.0951, Train RMSE: 6.4033
Iter: 350, Train Loss: 3.9272, Train MAPE: 0.0874, Train RMSE: 6.2829
Epoch: 065, Inference Time: 4.6388 secs
Epoch: 065, Train Loss: 3.8746, Train MAPE: 0.0838, Train RMSE: 6.1519, Valid Loss: 2.9166, Valid MAPE: 0.0774, Valid RMSE: 5.6083, Training Time: 113.2571/epoch
Early Termination!
Average Training Time: 114.1926 secs/epoch
Average Inference Time: 4.7282 secs
Training finished
The valid loss on best model is 2.8685
Evaluate best model on test data for horizon 1, Test MAE: 2.4406, Test MAPE: 0.0586, Test RMSE: 4.3105
Evaluate best model on test data for horizon 2, Test MAE: 2.6814, Test MAPE: 0.0664, Test RMSE: 5.0258
Evaluate best model on test data for horizon 3, Test MAE: 2.8505, Test MAPE: 0.0727, Test RMSE: 5.4942
Evaluate best model on test data for horizon 4, Test MAE: 2.9932, Test MAPE: 0.0782, Test RMSE: 5.8742
Evaluate best model on test data for horizon 5, Test MAE: 3.1187, Test MAPE: 0.0830, Test RMSE: 6.2033
Evaluate best model on test data for horizon 6, Test MAE: 3.2284, Test MAPE: 0.0869, Test RMSE: 6.4826
Evaluate best model on test data for horizon 7, Test MAE: 3.3239, Test MAPE: 0.0903, Test RMSE: 6.7234
Evaluate best model on test data for horizon 8, Test MAE: 3.4036, Test MAPE: 0.0933, Test RMSE: 6.9289
Evaluate best model on test data for horizon 9, Test MAE: 3.4717, Test MAPE: 0.0959, Test RMSE: 7.1034
Evaluate best model on test data for horizon 10, Test MAE: 3.5320, Test MAPE: 0.0983, Test RMSE: 7.2550
Evaluate best model on test data for horizon 11, Test MAE: 3.5880, Test MAPE: 0.1003, Test RMSE: 7.3932
Evaluate best model on test data for horizon 12, Test MAE: 3.6350, Test MAPE: 0.1021, Test RMSE: 7.5057
On average over 12 horizons, Test MAE: 3.1889, Test MAPE: 0.0855, Test RMSE: 6.3584
Total time spent: 7768.0492
