Start Deterministic Training with seed 42
Namespace(device='cuda:0', data='/home/p_tf_zy/p_tf_01/TESTAM-main/data/METR-LA', adjdata='/home/p_tf_zy/p_tf_01/TESTAM-main/data/METR-LA/adj_mx.pkl', adjtype='doubletransition', out_dim=1, nhid=32, in_dim=2, num_nodes=207, batch_size=64, dropout=0.3, epochs=100, print_every=50, seed=42, save='/home/p_tf_zy/p_tf_01/TESTAM-main/experiment/METR-LA_TESTAM', expid=1, load_path=None, patience=15, lr_mul=1, n_warmup_steps=4000, quantile=0.7, is_quantile=False, warmup_epoch=0)
Train the model with 91130 parameters
start training...
Iter: 000, Train Loss: 16.0900, Train MAPE: 0.3618, Train RMSE: 18.9427
Iter: 050, Train Loss: 11.0040, Train MAPE: 0.3034, Train RMSE: 15.4425
Iter: 100, Train Loss: 8.6207, Train MAPE: 0.2534, Train RMSE: 12.7141
Iter: 150, Train Loss: 6.9160, Train MAPE: 0.1941, Train RMSE: 10.7001
Iter: 200, Train Loss: 6.1634, Train MAPE: 0.1639, Train RMSE: 10.0801
Iter: 250, Train Loss: 5.4405, Train MAPE: 0.1675, Train RMSE: 9.4075
Iter: 300, Train Loss: 5.0763, Train MAPE: 0.1641, Train RMSE: 9.0873
Iter: 350, Train Loss: 5.3218, Train MAPE: 0.1818, Train RMSE: 10.0592
Epoch: 001, Inference Time: 1.0494 secs
Epoch: 001, Train Loss: 7.4048, Train MAPE: 0.2079, Train RMSE: 11.3276, Valid Loss: 4.5121, Valid MAPE: 0.1356, Valid RMSE: 8.1472, Training Time: 28.7322/epoch
Iter: 000, Train Loss: 4.4068, Train MAPE: 0.1219, Train RMSE: 8.4346
Iter: 050, Train Loss: 4.4518, Train MAPE: 0.1387, Train RMSE: 8.5256
Iter: 100, Train Loss: 4.4615, Train MAPE: 0.1292, Train RMSE: 8.5677
Iter: 150, Train Loss: 4.7272, Train MAPE: 0.1427, Train RMSE: 9.0942
Iter: 200, Train Loss: 4.5327, Train MAPE: 0.1390, Train RMSE: 8.8919
Iter: 250, Train Loss: 4.4103, Train MAPE: 0.1422, Train RMSE: 8.5938
Iter: 300, Train Loss: 4.4136, Train MAPE: 0.1322, Train RMSE: 8.7719
Iter: 350, Train Loss: 4.7281, Train MAPE: 0.1553, Train RMSE: 9.3027
Epoch: 002, Inference Time: 1.0493 secs
Epoch: 002, Train Loss: 4.4934, Train MAPE: 0.1387, Train RMSE: 8.8100, Valid Loss: 4.6994, Valid MAPE: 0.1371, Valid RMSE: 8.1071, Training Time: 22.3163/epoch
Iter: 000, Train Loss: 4.5166, Train MAPE: 0.1316, Train RMSE: 8.8627
Iter: 050, Train Loss: 4.3662, Train MAPE: 0.1392, Train RMSE: 8.7989
Iter: 100, Train Loss: 3.8028, Train MAPE: 0.1082, Train RMSE: 7.7878
Iter: 150, Train Loss: 4.0617, Train MAPE: 0.1245, Train RMSE: 8.1632
Iter: 200, Train Loss: 4.0818, Train MAPE: 0.1240, Train RMSE: 8.1848
Iter: 250, Train Loss: 4.0044, Train MAPE: 0.1171, Train RMSE: 7.9474
Iter: 300, Train Loss: 4.4712, Train MAPE: 0.1451, Train RMSE: 8.8161
Iter: 350, Train Loss: 4.4049, Train MAPE: 0.1387, Train RMSE: 8.8585
Epoch: 003, Inference Time: 1.0500 secs
Epoch: 003, Train Loss: 4.3001, Train MAPE: 0.1327, Train RMSE: 8.5662, Valid Loss: 4.2565, Valid MAPE: 0.1297, Valid RMSE: 7.6959, Training Time: 22.2997/epoch
Iter: 000, Train Loss: 4.4682, Train MAPE: 0.1372, Train RMSE: 8.6916
Iter: 050, Train Loss: 4.0610, Train MAPE: 0.1108, Train RMSE: 7.8461
Iter: 100, Train Loss: 4.3001, Train MAPE: 0.1248, Train RMSE: 8.3404
Iter: 150, Train Loss: 4.0313, Train MAPE: 0.1206, Train RMSE: 7.8907
Iter: 200, Train Loss: 4.0322, Train MAPE: 0.1223, Train RMSE: 8.1126
Iter: 250, Train Loss: 4.0630, Train MAPE: 0.1207, Train RMSE: 7.9258
Iter: 300, Train Loss: 3.8601, Train MAPE: 0.1058, Train RMSE: 7.7677
Iter: 350, Train Loss: 3.8884, Train MAPE: 0.1062, Train RMSE: 7.6766
Epoch: 004, Inference Time: 1.0493 secs
Epoch: 004, Train Loss: 4.1570, Train MAPE: 0.1259, Train RMSE: 8.2499, Valid Loss: 4.1821, Valid MAPE: 0.1235, Valid RMSE: 7.3945, Training Time: 22.2579/epoch
Iter: 000, Train Loss: 3.9738, Train MAPE: 0.1223, Train RMSE: 8.0161
Iter: 050, Train Loss: 3.7858, Train MAPE: 0.1079, Train RMSE: 7.4203
Iter: 100, Train Loss: 3.9651, Train MAPE: 0.1123, Train RMSE: 7.7801
Iter: 150, Train Loss: 3.5281, Train MAPE: 0.0966, Train RMSE: 6.9357
Iter: 200, Train Loss: 3.7776, Train MAPE: 0.1033, Train RMSE: 7.3600
Iter: 250, Train Loss: 4.1831, Train MAPE: 0.1277, Train RMSE: 8.2057
Iter: 300, Train Loss: 4.1376, Train MAPE: 0.1269, Train RMSE: 8.2180
Iter: 350, Train Loss: 4.1687, Train MAPE: 0.1340, Train RMSE: 8.3423
Epoch: 005, Inference Time: 1.0499 secs
Epoch: 005, Train Loss: 3.9453, Train MAPE: 0.1165, Train RMSE: 7.8255, Valid Loss: 3.9009, Valid MAPE: 0.1124, Valid RMSE: 7.1287, Training Time: 22.3093/epoch
Iter: 000, Train Loss: 3.8774, Train MAPE: 0.1142, Train RMSE: 7.4479
Iter: 050, Train Loss: 4.0553, Train MAPE: 0.1228, Train RMSE: 8.0778
Iter: 100, Train Loss: 3.4928, Train MAPE: 0.0897, Train RMSE: 7.1062
Iter: 150, Train Loss: 3.9485, Train MAPE: 0.1230, Train RMSE: 7.8371
Iter: 200, Train Loss: 3.8381, Train MAPE: 0.1144, Train RMSE: 7.5390
Iter: 250, Train Loss: 3.9003, Train MAPE: 0.1107, Train RMSE: 7.6142
Iter: 300, Train Loss: 3.5518, Train MAPE: 0.0945, Train RMSE: 6.7218
Iter: 350, Train Loss: 3.3317, Train MAPE: 0.0891, Train RMSE: 6.6284
Epoch: 006, Inference Time: 1.0436 secs
Epoch: 006, Train Loss: 3.7920, Train MAPE: 0.1114, Train RMSE: 7.5442, Valid Loss: 3.8071, Valid MAPE: 0.1140, Valid RMSE: 7.0049, Training Time: 22.2747/epoch
Iter: 000, Train Loss: 3.3831, Train MAPE: 0.1012, Train RMSE: 7.1273
Iter: 050, Train Loss: 4.2552, Train MAPE: 0.1293, Train RMSE: 8.3591
Iter: 100, Train Loss: 3.6457, Train MAPE: 0.1027, Train RMSE: 7.0215
Iter: 150, Train Loss: 3.5479, Train MAPE: 0.1068, Train RMSE: 7.0507
Iter: 200, Train Loss: 3.6381, Train MAPE: 0.1089, Train RMSE: 7.4229
Iter: 250, Train Loss: 3.5897, Train MAPE: 0.1007, Train RMSE: 6.8736
Iter: 300, Train Loss: 3.7805, Train MAPE: 0.1095, Train RMSE: 7.3775
Iter: 350, Train Loss: 3.7606, Train MAPE: 0.1074, Train RMSE: 7.1295
Epoch: 007, Inference Time: 1.0492 secs
Epoch: 007, Train Loss: 3.6871, Train MAPE: 0.1077, Train RMSE: 7.3128, Valid Loss: 3.6356, Valid MAPE: 0.1061, Valid RMSE: 6.7317, Training Time: 22.2849/epoch
Iter: 000, Train Loss: 3.6753, Train MAPE: 0.0969, Train RMSE: 7.1724
Iter: 050, Train Loss: 3.5958, Train MAPE: 0.1020, Train RMSE: 7.1085
Iter: 100, Train Loss: 3.4496, Train MAPE: 0.0921, Train RMSE: 6.6750
Iter: 150, Train Loss: 3.7586, Train MAPE: 0.1052, Train RMSE: 7.3122
Iter: 200, Train Loss: 3.4755, Train MAPE: 0.1009, Train RMSE: 7.0060
Iter: 250, Train Loss: 3.6209, Train MAPE: 0.1099, Train RMSE: 7.1754
Iter: 300, Train Loss: 3.4136, Train MAPE: 0.0898, Train RMSE: 6.7214
Iter: 350, Train Loss: 3.7700, Train MAPE: 0.1114, Train RMSE: 7.3938
Epoch: 008, Inference Time: 1.0484 secs
Epoch: 008, Train Loss: 3.6148, Train MAPE: 0.1049, Train RMSE: 7.1645, Valid Loss: 3.7312, Valid MAPE: 0.1053, Valid RMSE: 6.6487, Training Time: 22.3230/epoch
Iter: 000, Train Loss: 3.4316, Train MAPE: 0.0939, Train RMSE: 6.5685
Iter: 050, Train Loss: 3.6690, Train MAPE: 0.0974, Train RMSE: 7.1619
Iter: 100, Train Loss: 3.6741, Train MAPE: 0.1035, Train RMSE: 7.0431
Iter: 150, Train Loss: 3.5409, Train MAPE: 0.1078, Train RMSE: 6.8500
Iter: 200, Train Loss: 3.4811, Train MAPE: 0.0947, Train RMSE: 6.5543
Iter: 250, Train Loss: 3.9064, Train MAPE: 0.1158, Train RMSE: 7.7649
Iter: 300, Train Loss: 3.5064, Train MAPE: 0.0965, Train RMSE: 6.7803
Iter: 350, Train Loss: 3.1299, Train MAPE: 0.0880, Train RMSE: 6.3189
Epoch: 009, Inference Time: 1.0485 secs
Epoch: 009, Train Loss: 3.5527, Train MAPE: 0.1029, Train RMSE: 7.0530, Valid Loss: 3.4701, Valid MAPE: 0.0973, Valid RMSE: 6.4580, Training Time: 22.3470/epoch
Iter: 000, Train Loss: 3.3311, Train MAPE: 0.0940, Train RMSE: 6.8970
Iter: 050, Train Loss: 3.4317, Train MAPE: 0.0986, Train RMSE: 6.8466
Iter: 100, Train Loss: 3.5314, Train MAPE: 0.1111, Train RMSE: 7.2029
Iter: 150, Train Loss: 3.3777, Train MAPE: 0.0937, Train RMSE: 6.6026
Iter: 200, Train Loss: 3.4533, Train MAPE: 0.0996, Train RMSE: 7.0584
Iter: 250, Train Loss: 3.6915, Train MAPE: 0.1063, Train RMSE: 7.2371
Iter: 300, Train Loss: 3.3702, Train MAPE: 0.0975, Train RMSE: 6.9755
Iter: 350, Train Loss: 3.4240, Train MAPE: 0.0930, Train RMSE: 6.6057
Epoch: 010, Inference Time: 1.0487 secs
Epoch: 010, Train Loss: 3.4189, Train MAPE: 0.0976, Train RMSE: 6.7539, Valid Loss: 3.2730, Valid MAPE: 0.0952, Valid RMSE: 6.0693, Training Time: 22.3204/epoch
Iter: 000, Train Loss: 3.4001, Train MAPE: 0.0993, Train RMSE: 6.7644
Iter: 050, Train Loss: 3.1768, Train MAPE: 0.0926, Train RMSE: 6.5209
Iter: 100, Train Loss: 3.2682, Train MAPE: 0.0886, Train RMSE: 6.3833
Iter: 150, Train Loss: 3.2667, Train MAPE: 0.0918, Train RMSE: 6.2753
Iter: 200, Train Loss: 3.0509, Train MAPE: 0.0757, Train RMSE: 6.0618
Iter: 250, Train Loss: 3.2590, Train MAPE: 0.0959, Train RMSE: 6.4746
Iter: 300, Train Loss: 3.7649, Train MAPE: 0.1054, Train RMSE: 7.0526
Iter: 350, Train Loss: 3.6547, Train MAPE: 0.1009, Train RMSE: 7.0212
Epoch: 011, Inference Time: 1.0485 secs
Epoch: 011, Train Loss: 3.4260, Train MAPE: 0.0971, Train RMSE: 6.6890, Valid Loss: 3.5234, Valid MAPE: 0.1048, Valid RMSE: 6.3757, Training Time: 22.3457/epoch
Iter: 000, Train Loss: 3.8867, Train MAPE: 0.1168, Train RMSE: 7.4914
Iter: 050, Train Loss: 3.8546, Train MAPE: 0.1226, Train RMSE: 7.4444
Iter: 100, Train Loss: 3.4946, Train MAPE: 0.1033, Train RMSE: 6.7868
Iter: 150, Train Loss: 3.0976, Train MAPE: 0.0805, Train RMSE: 6.1517
Iter: 200, Train Loss: 3.3249, Train MAPE: 0.0909, Train RMSE: 6.5404
Iter: 250, Train Loss: 3.4266, Train MAPE: 0.0975, Train RMSE: 6.7253
Iter: 300, Train Loss: 3.6252, Train MAPE: 0.1014, Train RMSE: 7.0108
Iter: 350, Train Loss: 2.8874, Train MAPE: 0.0761, Train RMSE: 5.5868
Epoch: 012, Inference Time: 1.0490 secs
Epoch: 012, Train Loss: 3.4222, Train MAPE: 0.0969, Train RMSE: 6.6682, Valid Loss: 3.4158, Valid MAPE: 0.0982, Valid RMSE: 6.0902, Training Time: 22.3385/epoch
Iter: 000, Train Loss: 3.3734, Train MAPE: 0.0925, Train RMSE: 6.4743
Iter: 050, Train Loss: 3.5252, Train MAPE: 0.1061, Train RMSE: 7.2486
Iter: 100, Train Loss: 3.5635, Train MAPE: 0.0998, Train RMSE: 6.8452
Iter: 150, Train Loss: 3.3568, Train MAPE: 0.1000, Train RMSE: 6.6220
Iter: 200, Train Loss: 3.1971, Train MAPE: 0.0853, Train RMSE: 6.0387
Iter: 250, Train Loss: 3.1457, Train MAPE: 0.0807, Train RMSE: 6.0481
Iter: 300, Train Loss: 3.0991, Train MAPE: 0.0790, Train RMSE: 5.9353
Iter: 350, Train Loss: 3.0594, Train MAPE: 0.0823, Train RMSE: 5.9389
Epoch: 013, Inference Time: 1.0485 secs
Epoch: 013, Train Loss: 3.3143, Train MAPE: 0.0933, Train RMSE: 6.5015, Valid Loss: 3.1570, Valid MAPE: 0.0909, Valid RMSE: 5.9217, Training Time: 22.3440/epoch
Iter: 000, Train Loss: 2.9489, Train MAPE: 0.0821, Train RMSE: 5.9754
Iter: 050, Train Loss: 3.2883, Train MAPE: 0.0940, Train RMSE: 6.2696
Iter: 100, Train Loss: 3.1659, Train MAPE: 0.0873, Train RMSE: 6.1777
Iter: 150, Train Loss: 3.0573, Train MAPE: 0.0755, Train RMSE: 5.8551
Iter: 200, Train Loss: 3.6234, Train MAPE: 0.1107, Train RMSE: 7.0530
Iter: 250, Train Loss: 3.4254, Train MAPE: 0.1049, Train RMSE: 6.9693
Iter: 300, Train Loss: 3.2493, Train MAPE: 0.0884, Train RMSE: 6.4037
Iter: 350, Train Loss: 2.9252, Train MAPE: 0.0770, Train RMSE: 5.8211
Epoch: 014, Inference Time: 1.0485 secs
Epoch: 014, Train Loss: 3.2434, Train MAPE: 0.0908, Train RMSE: 6.3918, Valid Loss: 2.9794, Valid MAPE: 0.0850, Valid RMSE: 5.6922, Training Time: 22.2986/epoch
Iter: 000, Train Loss: 2.9976, Train MAPE: 0.0821, Train RMSE: 5.8738
Iter: 050, Train Loss: 3.0389, Train MAPE: 0.0837, Train RMSE: 6.0887
Iter: 100, Train Loss: 3.2322, Train MAPE: 0.0923, Train RMSE: 6.4491
Iter: 150, Train Loss: 3.2753, Train MAPE: 0.0947, Train RMSE: 6.5809
Iter: 200, Train Loss: 3.1142, Train MAPE: 0.0865, Train RMSE: 5.9667
Iter: 250, Train Loss: 2.9952, Train MAPE: 0.0783, Train RMSE: 5.8660
Iter: 300, Train Loss: 2.8857, Train MAPE: 0.0720, Train RMSE: 5.6338
Iter: 350, Train Loss: 3.4254, Train MAPE: 0.1043, Train RMSE: 7.0234
Epoch: 015, Inference Time: 1.0486 secs
Epoch: 015, Train Loss: 3.1676, Train MAPE: 0.0883, Train RMSE: 6.2781, Valid Loss: 3.0869, Valid MAPE: 0.0862, Valid RMSE: 5.7984, Training Time: 22.3346/epoch
Iter: 000, Train Loss: 3.4031, Train MAPE: 0.1004, Train RMSE: 6.8310
Iter: 050, Train Loss: 2.9878, Train MAPE: 0.0778, Train RMSE: 5.8124
Iter: 100, Train Loss: 3.0124, Train MAPE: 0.0808, Train RMSE: 5.9396
Iter: 150, Train Loss: 3.3328, Train MAPE: 0.1009, Train RMSE: 6.6828
Iter: 200, Train Loss: 3.4024, Train MAPE: 0.1021, Train RMSE: 6.8619
Iter: 250, Train Loss: 3.2782, Train MAPE: 0.0938, Train RMSE: 6.5572
Iter: 300, Train Loss: 2.9314, Train MAPE: 0.0748, Train RMSE: 5.8814
Iter: 350, Train Loss: 2.9771, Train MAPE: 0.0780, Train RMSE: 5.9415
Epoch: 016, Inference Time: 1.0487 secs
Epoch: 016, Train Loss: 3.1234, Train MAPE: 0.0868, Train RMSE: 6.2163, Valid Loss: 2.9601, Valid MAPE: 0.0822, Valid RMSE: 5.6411, Training Time: 22.3274/epoch
Iter: 000, Train Loss: 2.8843, Train MAPE: 0.0731, Train RMSE: 5.8009
Iter: 050, Train Loss: 2.7439, Train MAPE: 0.0703, Train RMSE: 5.6108
Iter: 100, Train Loss: 3.2126, Train MAPE: 0.1044, Train RMSE: 6.6100
Iter: 150, Train Loss: 3.1268, Train MAPE: 0.0951, Train RMSE: 6.0792
Iter: 200, Train Loss: 2.9852, Train MAPE: 0.0771, Train RMSE: 5.8749
Iter: 250, Train Loss: 3.3386, Train MAPE: 0.0975, Train RMSE: 6.7013
Iter: 300, Train Loss: 2.9433, Train MAPE: 0.0766, Train RMSE: 5.5838
Iter: 350, Train Loss: 3.1845, Train MAPE: 0.0854, Train RMSE: 6.3355
Epoch: 017, Inference Time: 1.0484 secs
Epoch: 017, Train Loss: 3.0831, Train MAPE: 0.0853, Train RMSE: 6.1491, Valid Loss: 2.9349, Valid MAPE: 0.0817, Valid RMSE: 5.6155, Training Time: 22.3162/epoch
Iter: 000, Train Loss: 3.1968, Train MAPE: 0.0948, Train RMSE: 6.5186
Iter: 050, Train Loss: 3.0850, Train MAPE: 0.0876, Train RMSE: 6.1020
Iter: 100, Train Loss: 3.0865, Train MAPE: 0.0818, Train RMSE: 6.1812
Iter: 150, Train Loss: 3.6436, Train MAPE: 0.1076, Train RMSE: 7.1204
Iter: 200, Train Loss: 3.3837, Train MAPE: 0.0983, Train RMSE: 6.6092
Iter: 250, Train Loss: 2.8724, Train MAPE: 0.0775, Train RMSE: 5.7153
Iter: 300, Train Loss: 3.0294, Train MAPE: 0.0753, Train RMSE: 5.7354
Iter: 350, Train Loss: 3.0172, Train MAPE: 0.0819, Train RMSE: 5.8782
Epoch: 018, Inference Time: 1.0496 secs
Epoch: 018, Train Loss: 3.0496, Train MAPE: 0.0841, Train RMSE: 6.0948, Valid Loss: 3.0053, Valid MAPE: 0.0839, Valid RMSE: 5.6844, Training Time: 22.3532/epoch
Iter: 000, Train Loss: 3.2362, Train MAPE: 0.0904, Train RMSE: 6.2276
Iter: 050, Train Loss: 2.9404, Train MAPE: 0.0798, Train RMSE: 5.8276
Iter: 100, Train Loss: 2.9427, Train MAPE: 0.0798, Train RMSE: 5.8999
Iter: 150, Train Loss: 2.8809, Train MAPE: 0.0755, Train RMSE: 5.8164
Iter: 200, Train Loss: 3.1287, Train MAPE: 0.0916, Train RMSE: 6.2957
Iter: 250, Train Loss: 2.8477, Train MAPE: 0.0729, Train RMSE: 5.5010
Iter: 300, Train Loss: 3.0895, Train MAPE: 0.0834, Train RMSE: 6.1684
Iter: 350, Train Loss: 2.7632, Train MAPE: 0.0666, Train RMSE: 5.4329
Epoch: 019, Inference Time: 1.0477 secs
Epoch: 019, Train Loss: 3.0289, Train MAPE: 0.0834, Train RMSE: 6.0560, Valid Loss: 2.9495, Valid MAPE: 0.0811, Valid RMSE: 5.6085, Training Time: 22.3513/epoch
Iter: 000, Train Loss: 2.8160, Train MAPE: 0.0757, Train RMSE: 5.7576
Iter: 050, Train Loss: 2.9895, Train MAPE: 0.0812, Train RMSE: 5.7868
Iter: 100, Train Loss: 2.9171, Train MAPE: 0.0781, Train RMSE: 5.8643
Iter: 150, Train Loss: 3.1014, Train MAPE: 0.0902, Train RMSE: 6.3176
Iter: 200, Train Loss: 2.9934, Train MAPE: 0.0839, Train RMSE: 5.7967
Iter: 250, Train Loss: 2.9272, Train MAPE: 0.0814, Train RMSE: 5.8979
Iter: 300, Train Loss: 3.2264, Train MAPE: 0.0951, Train RMSE: 6.5434
Iter: 350, Train Loss: 2.9580, Train MAPE: 0.0786, Train RMSE: 5.7719
Epoch: 020, Inference Time: 1.0482 secs
Epoch: 020, Train Loss: 3.0058, Train MAPE: 0.0826, Train RMSE: 6.0170, Valid Loss: 2.9290, Valid MAPE: 0.0810, Valid RMSE: 5.5782, Training Time: 22.3248/epoch
Iter: 000, Train Loss: 3.0297, Train MAPE: 0.0814, Train RMSE: 5.9736
Iter: 050, Train Loss: 2.9368, Train MAPE: 0.0774, Train RMSE: 5.8274
Iter: 100, Train Loss: 2.8751, Train MAPE: 0.0725, Train RMSE: 5.6991
Iter: 150, Train Loss: 3.0161, Train MAPE: 0.0832, Train RMSE: 5.8013
Iter: 200, Train Loss: 3.1138, Train MAPE: 0.0853, Train RMSE: 6.1121
Iter: 250, Train Loss: 2.7980, Train MAPE: 0.0760, Train RMSE: 5.5858
Iter: 300, Train Loss: 3.1674, Train MAPE: 0.0865, Train RMSE: 6.3358
Iter: 350, Train Loss: 2.9864, Train MAPE: 0.0820, Train RMSE: 6.0183
Epoch: 021, Inference Time: 1.0486 secs
Epoch: 021, Train Loss: 2.9940, Train MAPE: 0.0822, Train RMSE: 5.9959, Valid Loss: 2.9105, Valid MAPE: 0.0810, Valid RMSE: 5.5755, Training Time: 22.3350/epoch
Iter: 000, Train Loss: 3.1081, Train MAPE: 0.0867, Train RMSE: 6.2053
Iter: 050, Train Loss: 2.8354, Train MAPE: 0.0771, Train RMSE: 5.7989
Iter: 100, Train Loss: 2.8466, Train MAPE: 0.0722, Train RMSE: 5.6512
Iter: 150, Train Loss: 3.1554, Train MAPE: 0.0874, Train RMSE: 6.2927
Iter: 200, Train Loss: 3.0103, Train MAPE: 0.0820, Train RMSE: 6.0646
Iter: 250, Train Loss: 3.1221, Train MAPE: 0.0863, Train RMSE: 6.0797
Iter: 300, Train Loss: 3.0653, Train MAPE: 0.0804, Train RMSE: 5.9564
Iter: 350, Train Loss: 3.1422, Train MAPE: 0.0851, Train RMSE: 6.2293
Epoch: 022, Inference Time: 1.0501 secs
Epoch: 022, Train Loss: 3.1077, Train MAPE: 0.0859, Train RMSE: 6.1711, Valid Loss: 3.0392, Valid MAPE: 0.0838, Valid RMSE: 5.7522, Training Time: 22.3547/epoch
Iter: 000, Train Loss: 2.9665, Train MAPE: 0.0797, Train RMSE: 5.7965
Iter: 050, Train Loss: 3.2220, Train MAPE: 0.1020, Train RMSE: 6.4542
Iter: 100, Train Loss: 2.9553, Train MAPE: 0.0814, Train RMSE: 6.1107
Iter: 150, Train Loss: 2.9093, Train MAPE: 0.0765, Train RMSE: 5.9677
Iter: 200, Train Loss: 3.0593, Train MAPE: 0.0780, Train RMSE: 5.9893
Iter: 250, Train Loss: 3.3974, Train MAPE: 0.0897, Train RMSE: 6.7120
Iter: 300, Train Loss: 3.1997, Train MAPE: 0.0795, Train RMSE: 6.1592
Iter: 350, Train Loss: 2.9882, Train MAPE: 0.0830, Train RMSE: 6.0182
Epoch: 023, Inference Time: 1.0482 secs
Epoch: 023, Train Loss: 3.1416, Train MAPE: 0.0871, Train RMSE: 6.2256, Valid Loss: 2.9981, Valid MAPE: 0.0835, Valid RMSE: 5.6791, Training Time: 22.3330/epoch
Iter: 000, Train Loss: 3.0412, Train MAPE: 0.0826, Train RMSE: 6.1393
Iter: 050, Train Loss: 3.0273, Train MAPE: 0.0784, Train RMSE: 5.9563
Iter: 100, Train Loss: 3.0347, Train MAPE: 0.0850, Train RMSE: 6.2091
Iter: 150, Train Loss: 2.9969, Train MAPE: 0.0792, Train RMSE: 5.9555
Iter: 200, Train Loss: 2.9497, Train MAPE: 0.0725, Train RMSE: 5.6997
Iter: 250, Train Loss: 3.2048, Train MAPE: 0.0886, Train RMSE: 6.2517
Iter: 300, Train Loss: 3.3090, Train MAPE: 0.1028, Train RMSE: 6.6852
Iter: 350, Train Loss: 3.0829, Train MAPE: 0.0885, Train RMSE: 6.2223
Epoch: 024, Inference Time: 1.0496 secs
Epoch: 024, Train Loss: 3.1033, Train MAPE: 0.0858, Train RMSE: 6.1732, Valid Loss: 3.0264, Valid MAPE: 0.0836, Valid RMSE: 5.6932, Training Time: 22.3470/epoch
Iter: 000, Train Loss: 3.1698, Train MAPE: 0.0871, Train RMSE: 6.2695
Iter: 050, Train Loss: 3.1016, Train MAPE: 0.0849, Train RMSE: 6.0821
Iter: 100, Train Loss: 3.2419, Train MAPE: 0.0969, Train RMSE: 6.4825
Iter: 150, Train Loss: 3.1040, Train MAPE: 0.0815, Train RMSE: 6.0394
Iter: 200, Train Loss: 2.8506, Train MAPE: 0.0765, Train RMSE: 5.8213
Iter: 250, Train Loss: 3.1581, Train MAPE: 0.0904, Train RMSE: 6.5758
Iter: 300, Train Loss: 3.0382, Train MAPE: 0.0807, Train RMSE: 5.9922
Iter: 350, Train Loss: 3.1526, Train MAPE: 0.0874, Train RMSE: 6.2836
Epoch: 025, Inference Time: 1.0502 secs
Epoch: 025, Train Loss: 3.0828, Train MAPE: 0.0850, Train RMSE: 6.1277, Valid Loss: 2.9312, Valid MAPE: 0.0821, Valid RMSE: 5.6486, Training Time: 22.3665/epoch
Iter: 000, Train Loss: 3.1379, Train MAPE: 0.0866, Train RMSE: 6.3297
Iter: 050, Train Loss: 3.0942, Train MAPE: 0.0802, Train RMSE: 6.1100
Iter: 100, Train Loss: 3.1404, Train MAPE: 0.0801, Train RMSE: 6.2868
Iter: 150, Train Loss: 3.1046, Train MAPE: 0.0899, Train RMSE: 6.1043
Iter: 200, Train Loss: 3.0560, Train MAPE: 0.0829, Train RMSE: 6.0155
Iter: 250, Train Loss: 3.0027, Train MAPE: 0.0843, Train RMSE: 6.1053
Iter: 300, Train Loss: 3.1812, Train MAPE: 0.0859, Train RMSE: 6.2122
Iter: 350, Train Loss: 3.1273, Train MAPE: 0.0921, Train RMSE: 6.3630
Epoch: 026, Inference Time: 1.0478 secs
Epoch: 026, Train Loss: 3.0518, Train MAPE: 0.0839, Train RMSE: 6.0830, Valid Loss: 2.9128, Valid MAPE: 0.0819, Valid RMSE: 5.6013, Training Time: 22.3496/epoch
Iter: 000, Train Loss: 2.8805, Train MAPE: 0.0766, Train RMSE: 5.6359
Iter: 050, Train Loss: 3.0973, Train MAPE: 0.0920, Train RMSE: 6.2003
Iter: 100, Train Loss: 3.0218, Train MAPE: 0.0823, Train RMSE: 5.8999
Iter: 150, Train Loss: 3.0894, Train MAPE: 0.0911, Train RMSE: 6.4595
Iter: 200, Train Loss: 3.0631, Train MAPE: 0.0846, Train RMSE: 6.1331
Iter: 250, Train Loss: 3.1121, Train MAPE: 0.0805, Train RMSE: 6.0795
Iter: 300, Train Loss: 2.8754, Train MAPE: 0.0766, Train RMSE: 5.7857
Iter: 350, Train Loss: 3.1074, Train MAPE: 0.0880, Train RMSE: 6.2513
Epoch: 027, Inference Time: 1.0496 secs
Epoch: 027, Train Loss: 3.0205, Train MAPE: 0.0829, Train RMSE: 6.0306, Valid Loss: 2.9207, Valid MAPE: 0.0810, Valid RMSE: 5.6315, Training Time: 22.3544/epoch
Iter: 000, Train Loss: 3.1993, Train MAPE: 0.0912, Train RMSE: 6.4572
Iter: 050, Train Loss: 3.0625, Train MAPE: 0.0842, Train RMSE: 6.2101
Iter: 100, Train Loss: 2.7818, Train MAPE: 0.0724, Train RMSE: 5.7235
Iter: 150, Train Loss: 3.1440, Train MAPE: 0.0894, Train RMSE: 6.3075
Iter: 200, Train Loss: 3.3024, Train MAPE: 0.1027, Train RMSE: 6.7643
Iter: 250, Train Loss: 2.9452, Train MAPE: 0.0782, Train RMSE: 5.8146
Iter: 300, Train Loss: 3.1794, Train MAPE: 0.0912, Train RMSE: 6.2476
Iter: 350, Train Loss: 2.8019, Train MAPE: 0.0705, Train RMSE: 5.6517
Epoch: 028, Inference Time: 1.0496 secs
Epoch: 028, Train Loss: 2.9948, Train MAPE: 0.0819, Train RMSE: 5.9838, Valid Loss: 2.9462, Valid MAPE: 0.0822, Valid RMSE: 5.6266, Training Time: 22.3629/epoch
Iter: 000, Train Loss: 3.2488, Train MAPE: 0.0922, Train RMSE: 6.5509
Iter: 050, Train Loss: 2.7273, Train MAPE: 0.0765, Train RMSE: 5.6157
Iter: 100, Train Loss: 2.7449, Train MAPE: 0.0791, Train RMSE: 5.5824
Iter: 150, Train Loss: 3.0285, Train MAPE: 0.0786, Train RMSE: 5.8938
Iter: 200, Train Loss: 2.8924, Train MAPE: 0.0774, Train RMSE: 5.8269
Iter: 250, Train Loss: 2.6470, Train MAPE: 0.0667, Train RMSE: 5.2902
Iter: 300, Train Loss: 2.9808, Train MAPE: 0.0830, Train RMSE: 5.9243
Iter: 350, Train Loss: 2.9342, Train MAPE: 0.0776, Train RMSE: 5.7411
Epoch: 029, Inference Time: 1.0495 secs
Epoch: 029, Train Loss: 2.9714, Train MAPE: 0.0811, Train RMSE: 5.9407, Valid Loss: 2.9180, Valid MAPE: 0.0814, Valid RMSE: 5.6140, Training Time: 22.3417/epoch
Iter: 000, Train Loss: 2.9426, Train MAPE: 0.0773, Train RMSE: 5.7171
Iter: 050, Train Loss: 3.0479, Train MAPE: 0.0880, Train RMSE: 6.0994
Iter: 100, Train Loss: 2.8988, Train MAPE: 0.0790, Train RMSE: 5.7511
Iter: 150, Train Loss: 3.0665, Train MAPE: 0.0904, Train RMSE: 6.3685
Iter: 200, Train Loss: 3.0777, Train MAPE: 0.0892, Train RMSE: 6.1958
Iter: 250, Train Loss: 2.7506, Train MAPE: 0.0704, Train RMSE: 5.5148
Iter: 300, Train Loss: 2.8432, Train MAPE: 0.0688, Train RMSE: 5.4966
Iter: 350, Train Loss: 3.1457, Train MAPE: 0.0849, Train RMSE: 6.1830
Epoch: 030, Inference Time: 1.0498 secs
Epoch: 030, Train Loss: 2.9530, Train MAPE: 0.0805, Train RMSE: 5.9049, Valid Loss: 2.8912, Valid MAPE: 0.0800, Valid RMSE: 5.5506, Training Time: 22.3631/epoch
Iter: 000, Train Loss: 3.1428, Train MAPE: 0.0902, Train RMSE: 6.4447
Iter: 050, Train Loss: 3.1458, Train MAPE: 0.0920, Train RMSE: 6.4111
Iter: 100, Train Loss: 2.9963, Train MAPE: 0.0828, Train RMSE: 6.0794
Iter: 150, Train Loss: 2.7279, Train MAPE: 0.0700, Train RMSE: 5.3482
Iter: 200, Train Loss: 2.6955, Train MAPE: 0.0682, Train RMSE: 5.4262
Iter: 250, Train Loss: 2.7835, Train MAPE: 0.0759, Train RMSE: 5.7106
Iter: 300, Train Loss: 2.8622, Train MAPE: 0.0785, Train RMSE: 5.7234
Iter: 350, Train Loss: 3.0879, Train MAPE: 0.0895, Train RMSE: 6.2642
Epoch: 031, Inference Time: 1.0500 secs
Epoch: 031, Train Loss: 2.9379, Train MAPE: 0.0800, Train RMSE: 5.8757, Valid Loss: 2.8979, Valid MAPE: 0.0801, Valid RMSE: 5.5693, Training Time: 22.3112/epoch
Iter: 000, Train Loss: 2.9489, Train MAPE: 0.0774, Train RMSE: 5.6142
Iter: 050, Train Loss: 2.7282, Train MAPE: 0.0688, Train RMSE: 5.2988
Iter: 100, Train Loss: 2.9323, Train MAPE: 0.0798, Train RMSE: 5.9042
Iter: 150, Train Loss: 2.9183, Train MAPE: 0.0773, Train RMSE: 5.9367
Iter: 200, Train Loss: 2.7532, Train MAPE: 0.0685, Train RMSE: 5.4674
Iter: 250, Train Loss: 2.9198, Train MAPE: 0.0822, Train RMSE: 5.9827
Iter: 300, Train Loss: 2.8871, Train MAPE: 0.0787, Train RMSE: 5.9025
Iter: 350, Train Loss: 3.0640, Train MAPE: 0.0896, Train RMSE: 6.3850
Epoch: 032, Inference Time: 1.0502 secs
Epoch: 032, Train Loss: 2.9307, Train MAPE: 0.0797, Train RMSE: 5.8633, Valid Loss: 2.9921, Valid MAPE: 0.0813, Valid RMSE: 5.6701, Training Time: 22.3527/epoch
Iter: 000, Train Loss: 3.2299, Train MAPE: 0.0920, Train RMSE: 6.4290
Iter: 050, Train Loss: 3.2943, Train MAPE: 0.0943, Train RMSE: 6.5214
Iter: 100, Train Loss: 3.3981, Train MAPE: 0.0954, Train RMSE: 6.6649
Iter: 150, Train Loss: 2.7993, Train MAPE: 0.0692, Train RMSE: 5.4339
Iter: 200, Train Loss: 3.3320, Train MAPE: 0.0842, Train RMSE: 6.1954
Iter: 250, Train Loss: 3.0116, Train MAPE: 0.0877, Train RMSE: 6.2217
Iter: 300, Train Loss: 2.9515, Train MAPE: 0.0782, Train RMSE: 5.8336
Iter: 350, Train Loss: 3.0068, Train MAPE: 0.0792, Train RMSE: 5.8967
Epoch: 033, Inference Time: 1.0504 secs
Epoch: 033, Train Loss: 3.0812, Train MAPE: 0.0847, Train RMSE: 6.1135, Valid Loss: 2.9859, Valid MAPE: 0.0801, Valid RMSE: 5.6882, Training Time: 22.3396/epoch
Iter: 000, Train Loss: 3.2561, Train MAPE: 0.0931, Train RMSE: 6.3320
Iter: 050, Train Loss: 3.0137, Train MAPE: 0.0854, Train RMSE: 6.0467
Iter: 100, Train Loss: 2.9488, Train MAPE: 0.0822, Train RMSE: 5.9376
Iter: 150, Train Loss: 3.3092, Train MAPE: 0.0998, Train RMSE: 6.6775
Iter: 200, Train Loss: 2.9467, Train MAPE: 0.0751, Train RMSE: 5.6754
Iter: 250, Train Loss: 3.0197, Train MAPE: 0.0765, Train RMSE: 5.7522
Iter: 300, Train Loss: 2.9587, Train MAPE: 0.0798, Train RMSE: 5.8204
Iter: 350, Train Loss: 3.3280, Train MAPE: 0.0982, Train RMSE: 6.6929
Epoch: 034, Inference Time: 1.0500 secs
Epoch: 034, Train Loss: 3.0552, Train MAPE: 0.0840, Train RMSE: 6.0774, Valid Loss: 3.0042, Valid MAPE: 0.0825, Valid RMSE: 5.6543, Training Time: 22.3448/epoch
Iter: 000, Train Loss: 3.2069, Train MAPE: 0.0984, Train RMSE: 6.4347
Iter: 050, Train Loss: 2.8524, Train MAPE: 0.0720, Train RMSE: 5.6708
Iter: 100, Train Loss: 3.2664, Train MAPE: 0.0896, Train RMSE: 6.5377
Iter: 150, Train Loss: 3.0531, Train MAPE: 0.0885, Train RMSE: 6.0471
Iter: 200, Train Loss: 3.1018, Train MAPE: 0.0858, Train RMSE: 6.2422
Iter: 250, Train Loss: 3.1258, Train MAPE: 0.0871, Train RMSE: 6.1335
Iter: 300, Train Loss: 2.9228, Train MAPE: 0.0790, Train RMSE: 5.7935
Iter: 350, Train Loss: 2.9528, Train MAPE: 0.0778, Train RMSE: 5.9725
Epoch: 035, Inference Time: 1.0503 secs
Epoch: 035, Train Loss: 3.0319, Train MAPE: 0.0832, Train RMSE: 6.0436, Valid Loss: 2.9653, Valid MAPE: 0.0828, Valid RMSE: 5.6849, Training Time: 22.3610/epoch
Iter: 000, Train Loss: 2.9149, Train MAPE: 0.0764, Train RMSE: 5.9732
Iter: 050, Train Loss: 3.2358, Train MAPE: 0.0865, Train RMSE: 6.2588
Iter: 100, Train Loss: 3.0046, Train MAPE: 0.0811, Train RMSE: 6.0848
Iter: 150, Train Loss: 2.7994, Train MAPE: 0.0717, Train RMSE: 5.3127
Iter: 200, Train Loss: 3.2594, Train MAPE: 0.0966, Train RMSE: 6.7216
Iter: 250, Train Loss: 3.0556, Train MAPE: 0.0827, Train RMSE: 5.9308
Iter: 300, Train Loss: 3.0842, Train MAPE: 0.0871, Train RMSE: 6.2764
Iter: 350, Train Loss: 3.0712, Train MAPE: 0.0812, Train RMSE: 6.2135
Epoch: 036, Inference Time: 1.0500 secs
Epoch: 036, Train Loss: 3.0120, Train MAPE: 0.0825, Train RMSE: 6.0048, Valid Loss: 2.9869, Valid MAPE: 0.0824, Valid RMSE: 5.7297, Training Time: 22.3384/epoch
Iter: 000, Train Loss: 3.0306, Train MAPE: 0.0845, Train RMSE: 6.1225
Iter: 050, Train Loss: 3.0072, Train MAPE: 0.0884, Train RMSE: 6.0914
Iter: 100, Train Loss: 3.0084, Train MAPE: 0.0786, Train RMSE: 5.9592
Iter: 150, Train Loss: 2.9584, Train MAPE: 0.0769, Train RMSE: 5.6770
Iter: 200, Train Loss: 2.8679, Train MAPE: 0.0740, Train RMSE: 5.6528
Iter: 250, Train Loss: 2.8632, Train MAPE: 0.0730, Train RMSE: 5.6634
Iter: 300, Train Loss: 2.8442, Train MAPE: 0.0773, Train RMSE: 5.7268
Iter: 350, Train Loss: 3.0608, Train MAPE: 0.0889, Train RMSE: 6.2102
Epoch: 037, Inference Time: 1.0502 secs
Epoch: 037, Train Loss: 2.9902, Train MAPE: 0.0818, Train RMSE: 5.9665, Valid Loss: 2.8897, Valid MAPE: 0.0794, Valid RMSE: 5.5704, Training Time: 22.3453/epoch
Iter: 000, Train Loss: 3.1346, Train MAPE: 0.0872, Train RMSE: 6.2667
Iter: 050, Train Loss: 2.9189, Train MAPE: 0.0819, Train RMSE: 6.0481
Iter: 100, Train Loss: 2.8987, Train MAPE: 0.0760, Train RMSE: 5.7726
Iter: 150, Train Loss: 2.9392, Train MAPE: 0.0796, Train RMSE: 5.9649
Iter: 200, Train Loss: 2.9475, Train MAPE: 0.0769, Train RMSE: 5.9064
Iter: 250, Train Loss: 3.0274, Train MAPE: 0.0808, Train RMSE: 6.0383
Iter: 300, Train Loss: 2.7559, Train MAPE: 0.0773, Train RMSE: 5.7645
Iter: 350, Train Loss: 3.1302, Train MAPE: 0.0884, Train RMSE: 6.1346
Epoch: 038, Inference Time: 1.0493 secs
Epoch: 038, Train Loss: 2.9647, Train MAPE: 0.0808, Train RMSE: 5.9212, Valid Loss: 2.9257, Valid MAPE: 0.0792, Valid RMSE: 5.6144, Training Time: 22.3418/epoch
Iter: 000, Train Loss: 3.1405, Train MAPE: 0.0859, Train RMSE: 6.1121
Iter: 050, Train Loss: 2.8996, Train MAPE: 0.0797, Train RMSE: 5.6792
Iter: 100, Train Loss: 2.9683, Train MAPE: 0.0810, Train RMSE: 5.8656
Iter: 150, Train Loss: 2.8536, Train MAPE: 0.0773, Train RMSE: 5.8375
Iter: 200, Train Loss: 2.8512, Train MAPE: 0.0727, Train RMSE: 5.4849
Iter: 250, Train Loss: 2.7436, Train MAPE: 0.0708, Train RMSE: 5.4930
Iter: 300, Train Loss: 3.0851, Train MAPE: 0.0935, Train RMSE: 6.4363
Iter: 350, Train Loss: 2.8955, Train MAPE: 0.0777, Train RMSE: 5.9173
Epoch: 039, Inference Time: 1.0500 secs
Epoch: 039, Train Loss: 2.9438, Train MAPE: 0.0801, Train RMSE: 5.8796, Valid Loss: 2.8789, Valid MAPE: 0.0802, Valid RMSE: 5.5578, Training Time: 22.3613/epoch
Iter: 000, Train Loss: 3.1050, Train MAPE: 0.0879, Train RMSE: 6.3083
Iter: 050, Train Loss: 2.6514, Train MAPE: 0.0685, Train RMSE: 5.1734
Iter: 100, Train Loss: 2.9982, Train MAPE: 0.0810, Train RMSE: 5.8262
Iter: 150, Train Loss: 3.1609, Train MAPE: 0.0922, Train RMSE: 6.4660
Iter: 200, Train Loss: 2.8838, Train MAPE: 0.0737, Train RMSE: 5.4934
Iter: 250, Train Loss: 3.1832, Train MAPE: 0.0933, Train RMSE: 6.4563
Iter: 300, Train Loss: 2.8097, Train MAPE: 0.0721, Train RMSE: 5.5647
Iter: 350, Train Loss: 2.9305, Train MAPE: 0.0774, Train RMSE: 5.8506
Epoch: 040, Inference Time: 1.0500 secs
Epoch: 040, Train Loss: 2.9239, Train MAPE: 0.0794, Train RMSE: 5.8397, Valid Loss: 2.8994, Valid MAPE: 0.0801, Valid RMSE: 5.5822, Training Time: 22.3511/epoch
Iter: 000, Train Loss: 3.2804, Train MAPE: 0.0991, Train RMSE: 6.6966
Iter: 050, Train Loss: 2.7928, Train MAPE: 0.0778, Train RMSE: 5.5648
Iter: 100, Train Loss: 2.8740, Train MAPE: 0.0740, Train RMSE: 5.6057
Iter: 150, Train Loss: 2.6243, Train MAPE: 0.0667, Train RMSE: 5.2290
Iter: 200, Train Loss: 2.9500, Train MAPE: 0.0876, Train RMSE: 5.9614
Iter: 250, Train Loss: 3.2913, Train MAPE: 0.0926, Train RMSE: 6.4987
Iter: 300, Train Loss: 2.8311, Train MAPE: 0.0739, Train RMSE: 5.4332
Iter: 350, Train Loss: 2.9326, Train MAPE: 0.0744, Train RMSE: 5.8551
Epoch: 041, Inference Time: 1.0569 secs
Epoch: 041, Train Loss: 2.9067, Train MAPE: 0.0788, Train RMSE: 5.8085, Valid Loss: 2.8860, Valid MAPE: 0.0802, Valid RMSE: 5.5713, Training Time: 22.3486/epoch
Iter: 000, Train Loss: 2.7693, Train MAPE: 0.0716, Train RMSE: 5.4649
Iter: 050, Train Loss: 2.8415, Train MAPE: 0.0734, Train RMSE: 5.5751
Iter: 100, Train Loss: 3.1184, Train MAPE: 0.0845, Train RMSE: 6.1713
Iter: 150, Train Loss: 3.1466, Train MAPE: 0.0927, Train RMSE: 6.3521
Iter: 200, Train Loss: 2.8623, Train MAPE: 0.0828, Train RMSE: 5.7780
Iter: 250, Train Loss: 3.1046, Train MAPE: 0.0889, Train RMSE: 6.1376
Iter: 300, Train Loss: 2.8970, Train MAPE: 0.0749, Train RMSE: 5.7495
Iter: 350, Train Loss: 2.7685, Train MAPE: 0.0722, Train RMSE: 5.5541
Epoch: 042, Inference Time: 1.0502 secs
Epoch: 042, Train Loss: 2.8960, Train MAPE: 0.0785, Train RMSE: 5.7859, Valid Loss: 2.8917, Valid MAPE: 0.0794, Valid RMSE: 5.5714, Training Time: 22.3709/epoch
Iter: 000, Train Loss: 2.8168, Train MAPE: 0.0734, Train RMSE: 5.6186
Iter: 050, Train Loss: 2.8426, Train MAPE: 0.0749, Train RMSE: 5.6172
Iter: 100, Train Loss: 2.8930, Train MAPE: 0.0791, Train RMSE: 5.7274
Iter: 150, Train Loss: 2.8724, Train MAPE: 0.0810, Train RMSE: 5.7587
Iter: 200, Train Loss: 2.8213, Train MAPE: 0.0751, Train RMSE: 5.6548
Iter: 250, Train Loss: 2.8897, Train MAPE: 0.0745, Train RMSE: 5.6088
Iter: 300, Train Loss: 3.2137, Train MAPE: 0.0862, Train RMSE: 6.1979
Iter: 350, Train Loss: 2.8932, Train MAPE: 0.0817, Train RMSE: 5.7127
Epoch: 043, Inference Time: 1.0503 secs
Epoch: 043, Train Loss: 2.9466, Train MAPE: 0.0801, Train RMSE: 5.8720, Valid Loss: 2.9559, Valid MAPE: 0.0849, Valid RMSE: 5.7032, Training Time: 22.3523/epoch
Iter: 000, Train Loss: 3.0470, Train MAPE: 0.0835, Train RMSE: 6.1247
Iter: 050, Train Loss: 2.9516, Train MAPE: 0.0791, Train RMSE: 5.8454
Iter: 100, Train Loss: 3.2190, Train MAPE: 0.0951, Train RMSE: 6.4475
Iter: 150, Train Loss: 2.9578, Train MAPE: 0.0761, Train RMSE: 5.6299
Iter: 200, Train Loss: 2.8918, Train MAPE: 0.0802, Train RMSE: 5.7837
Iter: 250, Train Loss: 3.0092, Train MAPE: 0.0765, Train RMSE: 5.7502
Iter: 300, Train Loss: 2.8680, Train MAPE: 0.0796, Train RMSE: 5.9191
Iter: 350, Train Loss: 3.1097, Train MAPE: 0.0864, Train RMSE: 6.2541
Epoch: 044, Inference Time: 1.0502 secs
Epoch: 044, Train Loss: 3.0144, Train MAPE: 0.0824, Train RMSE: 5.9979, Valid Loss: 2.9479, Valid MAPE: 0.0810, Valid RMSE: 5.6238, Training Time: 22.3517/epoch
Iter: 000, Train Loss: 3.1543, Train MAPE: 0.0881, Train RMSE: 6.2793
Iter: 050, Train Loss: 3.0230, Train MAPE: 0.0862, Train RMSE: 5.8135
Iter: 100, Train Loss: 2.9474, Train MAPE: 0.0760, Train RMSE: 5.8373
Iter: 150, Train Loss: 2.9519, Train MAPE: 0.0822, Train RMSE: 5.9689
Iter: 200, Train Loss: 3.2243, Train MAPE: 0.0904, Train RMSE: 6.3631
Iter: 250, Train Loss: 2.9251, Train MAPE: 0.0749, Train RMSE: 5.7524
Iter: 300, Train Loss: 3.1148, Train MAPE: 0.0884, Train RMSE: 6.5588
Iter: 350, Train Loss: 2.9781, Train MAPE: 0.0737, Train RMSE: 5.6155
Epoch: 045, Inference Time: 1.0499 secs
Epoch: 045, Train Loss: 3.0001, Train MAPE: 0.0819, Train RMSE: 5.9778, Valid Loss: 2.9449, Valid MAPE: 0.0817, Valid RMSE: 5.5973, Training Time: 22.3558/epoch
Iter: 000, Train Loss: 3.0363, Train MAPE: 0.0892, Train RMSE: 6.1452
Iter: 050, Train Loss: 3.0779, Train MAPE: 0.0887, Train RMSE: 6.3731
Iter: 100, Train Loss: 3.1082, Train MAPE: 0.0915, Train RMSE: 6.1983
Iter: 150, Train Loss: 2.9334, Train MAPE: 0.0802, Train RMSE: 5.7975
Iter: 200, Train Loss: 3.3685, Train MAPE: 0.0935, Train RMSE: 6.5363
Iter: 250, Train Loss: 2.7914, Train MAPE: 0.0754, Train RMSE: 5.6307
Iter: 300, Train Loss: 3.1417, Train MAPE: 0.0958, Train RMSE: 6.3947
Iter: 350, Train Loss: 2.9754, Train MAPE: 0.0784, Train RMSE: 5.8347
Epoch: 046, Inference Time: 1.0498 secs
Epoch: 046, Train Loss: 2.9871, Train MAPE: 0.0815, Train RMSE: 5.9520, Valid Loss: 3.0324, Valid MAPE: 0.0831, Valid RMSE: 5.6873, Training Time: 22.3434/epoch
Iter: 000, Train Loss: 3.1349, Train MAPE: 0.0941, Train RMSE: 6.3822
Iter: 050, Train Loss: 2.8647, Train MAPE: 0.0757, Train RMSE: 5.4902
Iter: 100, Train Loss: 3.0951, Train MAPE: 0.0878, Train RMSE: 6.1530
Iter: 150, Train Loss: 3.2476, Train MAPE: 0.0956, Train RMSE: 6.3366
Iter: 200, Train Loss: 2.7828, Train MAPE: 0.0685, Train RMSE: 5.5811
Iter: 250, Train Loss: 2.8746, Train MAPE: 0.0786, Train RMSE: 5.7400
Iter: 300, Train Loss: 2.8115, Train MAPE: 0.0733, Train RMSE: 5.5937
Iter: 350, Train Loss: 2.9100, Train MAPE: 0.0827, Train RMSE: 5.9082
Epoch: 047, Inference Time: 1.0499 secs
Epoch: 047, Train Loss: 2.9707, Train MAPE: 0.0809, Train RMSE: 5.9203, Valid Loss: 2.9429, Valid MAPE: 0.0783, Valid RMSE: 5.6332, Training Time: 22.3594/epoch
Iter: 000, Train Loss: 2.8437, Train MAPE: 0.0721, Train RMSE: 5.5690
Iter: 050, Train Loss: 2.9781, Train MAPE: 0.0794, Train RMSE: 5.9087
Iter: 100, Train Loss: 3.1478, Train MAPE: 0.0890, Train RMSE: 6.1235
Iter: 150, Train Loss: 3.0665, Train MAPE: 0.0835, Train RMSE: 6.1801
Iter: 200, Train Loss: 2.7640, Train MAPE: 0.0681, Train RMSE: 5.4982
Iter: 250, Train Loss: 3.0097, Train MAPE: 0.0835, Train RMSE: 6.0444
Iter: 300, Train Loss: 2.8065, Train MAPE: 0.0736, Train RMSE: 5.4667
Iter: 350, Train Loss: 3.3455, Train MAPE: 0.1001, Train RMSE: 6.7794
Epoch: 048, Inference Time: 1.0502 secs
Epoch: 048, Train Loss: 2.9482, Train MAPE: 0.0802, Train RMSE: 5.8812, Valid Loss: 2.9174, Valid MAPE: 0.0800, Valid RMSE: 5.5872, Training Time: 22.3639/epoch
Iter: 000, Train Loss: 2.9087, Train MAPE: 0.0757, Train RMSE: 5.5802
Iter: 050, Train Loss: 3.1012, Train MAPE: 0.0873, Train RMSE: 6.2736
Iter: 100, Train Loss: 2.9814, Train MAPE: 0.0859, Train RMSE: 5.9115
Iter: 150, Train Loss: 2.7044, Train MAPE: 0.0675, Train RMSE: 5.3993
Iter: 200, Train Loss: 3.3375, Train MAPE: 0.0971, Train RMSE: 6.8614
Iter: 250, Train Loss: 2.7100, Train MAPE: 0.0680, Train RMSE: 5.4062
Iter: 300, Train Loss: 3.0203, Train MAPE: 0.0979, Train RMSE: 6.2328
Iter: 350, Train Loss: 2.9062, Train MAPE: 0.0794, Train RMSE: 6.0107
Epoch: 049, Inference Time: 1.0499 secs
Epoch: 049, Train Loss: 2.9246, Train MAPE: 0.0793, Train RMSE: 5.8346, Valid Loss: 2.9280, Valid MAPE: 0.0814, Valid RMSE: 5.6277, Training Time: 22.3495/epoch
Iter: 000, Train Loss: 3.1154, Train MAPE: 0.0896, Train RMSE: 6.2700
Iter: 050, Train Loss: 2.9049, Train MAPE: 0.0811, Train RMSE: 5.8724
Iter: 100, Train Loss: 2.7305, Train MAPE: 0.0719, Train RMSE: 5.3451
Iter: 150, Train Loss: 2.9216, Train MAPE: 0.0789, Train RMSE: 5.7931
Iter: 200, Train Loss: 3.0206, Train MAPE: 0.0825, Train RMSE: 6.0879
Iter: 250, Train Loss: 3.0709, Train MAPE: 0.0850, Train RMSE: 6.1882
Iter: 300, Train Loss: 2.9478, Train MAPE: 0.0790, Train RMSE: 5.8181
Iter: 350, Train Loss: 2.8477, Train MAPE: 0.0752, Train RMSE: 5.7344
Epoch: 050, Inference Time: 1.0499 secs
Epoch: 050, Train Loss: 2.9055, Train MAPE: 0.0787, Train RMSE: 5.7984, Valid Loss: 2.8836, Valid MAPE: 0.0797, Valid RMSE: 5.5318, Training Time: 22.3612/epoch
Iter: 000, Train Loss: 3.0528, Train MAPE: 0.0902, Train RMSE: 6.2069
Iter: 050, Train Loss: 2.7518, Train MAPE: 0.0686, Train RMSE: 5.2882
Iter: 100, Train Loss: 2.9736, Train MAPE: 0.0807, Train RMSE: 5.8499
Iter: 150, Train Loss: 2.9195, Train MAPE: 0.0779, Train RMSE: 5.7387
Iter: 200, Train Loss: 2.6214, Train MAPE: 0.0703, Train RMSE: 5.4526
Iter: 250, Train Loss: 2.7828, Train MAPE: 0.0703, Train RMSE: 5.5940
Iter: 300, Train Loss: 3.0028, Train MAPE: 0.0894, Train RMSE: 5.9750
Iter: 350, Train Loss: 2.6657, Train MAPE: 0.0643, Train RMSE: 5.2421
Epoch: 051, Inference Time: 1.0500 secs
Epoch: 051, Train Loss: 2.8886, Train MAPE: 0.0781, Train RMSE: 5.7619, Valid Loss: 2.9170, Valid MAPE: 0.0802, Valid RMSE: 5.6145, Training Time: 22.3632/epoch
Iter: 000, Train Loss: 2.9002, Train MAPE: 0.0801, Train RMSE: 5.7743
Iter: 050, Train Loss: 2.8537, Train MAPE: 0.0846, Train RMSE: 5.7916
Iter: 100, Train Loss: 2.9945, Train MAPE: 0.0794, Train RMSE: 5.8990
Iter: 150, Train Loss: 3.0214, Train MAPE: 0.0889, Train RMSE: 6.4098
Iter: 200, Train Loss: 3.0240, Train MAPE: 0.0799, Train RMSE: 5.8169
Iter: 250, Train Loss: 2.9278, Train MAPE: 0.0756, Train RMSE: 5.7970
Iter: 300, Train Loss: 2.6215, Train MAPE: 0.0635, Train RMSE: 5.1246
Iter: 350, Train Loss: 2.7601, Train MAPE: 0.0708, Train RMSE: 5.3868
Epoch: 052, Inference Time: 1.0503 secs
Epoch: 052, Train Loss: 2.8737, Train MAPE: 0.0776, Train RMSE: 5.7324, Valid Loss: 2.9074, Valid MAPE: 0.0795, Valid RMSE: 5.6025, Training Time: 22.3421/epoch
Iter: 000, Train Loss: 2.8737, Train MAPE: 0.0811, Train RMSE: 6.0082
Iter: 050, Train Loss: 2.9689, Train MAPE: 0.0774, Train RMSE: 5.8286
Iter: 100, Train Loss: 2.7438, Train MAPE: 0.0764, Train RMSE: 5.4543
Iter: 150, Train Loss: 2.8834, Train MAPE: 0.0783, Train RMSE: 5.6917
Iter: 200, Train Loss: 2.9022, Train MAPE: 0.0870, Train RMSE: 5.9056
Iter: 250, Train Loss: 2.8966, Train MAPE: 0.0789, Train RMSE: 5.7354
Iter: 300, Train Loss: 2.6879, Train MAPE: 0.0666, Train RMSE: 5.2863
Iter: 350, Train Loss: 2.7527, Train MAPE: 0.0713, Train RMSE: 5.6134
Epoch: 053, Inference Time: 1.0503 secs
Epoch: 053, Train Loss: 2.8656, Train MAPE: 0.0773, Train RMSE: 5.7158, Valid Loss: 2.8976, Valid MAPE: 0.0795, Valid RMSE: 5.5846, Training Time: 22.3703/epoch
Iter: 000, Train Loss: 3.0821, Train MAPE: 0.0922, Train RMSE: 6.5206
Iter: 050, Train Loss: 2.9294, Train MAPE: 0.0835, Train RMSE: 5.8763
Iter: 100, Train Loss: 2.9343, Train MAPE: 0.0811, Train RMSE: 5.9676
Iter: 150, Train Loss: 3.2294, Train MAPE: 0.0941, Train RMSE: 6.4029
Iter: 200, Train Loss: 3.1359, Train MAPE: 0.0859, Train RMSE: 6.1163
Iter: 250, Train Loss: 2.9755, Train MAPE: 0.0809, Train RMSE: 5.8305
Iter: 300, Train Loss: 2.7369, Train MAPE: 0.0687, Train RMSE: 5.4215
Iter: 350, Train Loss: 2.7635, Train MAPE: 0.0701, Train RMSE: 5.4540
Epoch: 054, Inference Time: 1.0501 secs
Epoch: 054, Train Loss: 2.9554, Train MAPE: 0.0803, Train RMSE: 5.8737, Valid Loss: 2.9491, Valid MAPE: 0.0795, Valid RMSE: 5.6792, Training Time: 22.3553/epoch
Iter: 000, Train Loss: 2.9503, Train MAPE: 0.0810, Train RMSE: 6.1355
Iter: 050, Train Loss: 2.7711, Train MAPE: 0.0738, Train RMSE: 5.2228
Iter: 100, Train Loss: 3.2240, Train MAPE: 0.0877, Train RMSE: 6.3904
Iter: 150, Train Loss: 3.1605, Train MAPE: 0.0826, Train RMSE: 6.0286
Iter: 200, Train Loss: 2.9062, Train MAPE: 0.0790, Train RMSE: 6.0014
Iter: 250, Train Loss: 2.7728, Train MAPE: 0.0695, Train RMSE: 5.4421
Iter: 300, Train Loss: 2.8181, Train MAPE: 0.0762, Train RMSE: 5.5756
Iter: 350, Train Loss: 2.9856, Train MAPE: 0.0876, Train RMSE: 6.4425
Epoch: 055, Inference Time: 1.0500 secs
Epoch: 055, Train Loss: 2.9805, Train MAPE: 0.0812, Train RMSE: 5.9326, Valid Loss: 3.0070, Valid MAPE: 0.0809, Valid RMSE: 5.6615, Training Time: 22.3593/epoch
Early Termination!
Average Training Time: 22.4564 secs/epoch
Average Inference Time: 1.0495 secs
Training finished
The valid loss on best model is 2.8789
Evaluate best model on test data for horizon 1, Test MAE: 2.3833, Test MAPE: 0.0579, Test RMSE: 4.1935
Evaluate best model on test data for horizon 2, Test MAE: 2.6534, Test MAPE: 0.0667, Test RMSE: 4.9885
Evaluate best model on test data for horizon 3, Test MAE: 2.8425, Test MAPE: 0.0735, Test RMSE: 5.5058
Evaluate best model on test data for horizon 4, Test MAE: 2.9981, Test MAPE: 0.0794, Test RMSE: 5.9124
Evaluate best model on test data for horizon 5, Test MAE: 3.1340, Test MAPE: 0.0843, Test RMSE: 6.2657
Evaluate best model on test data for horizon 6, Test MAE: 3.2529, Test MAPE: 0.0884, Test RMSE: 6.5713
Evaluate best model on test data for horizon 7, Test MAE: 3.3520, Test MAPE: 0.0919, Test RMSE: 6.8197
Evaluate best model on test data for horizon 8, Test MAE: 3.4358, Test MAPE: 0.0948, Test RMSE: 7.0186
Evaluate best model on test data for horizon 9, Test MAE: 3.5059, Test MAPE: 0.0972, Test RMSE: 7.1870
Evaluate best model on test data for horizon 10, Test MAE: 3.5678, Test MAPE: 0.0994, Test RMSE: 7.3268
Evaluate best model on test data for horizon 11, Test MAE: 3.6228, Test MAPE: 0.1013, Test RMSE: 7.4458
Evaluate best model on test data for horizon 12, Test MAE: 3.6728, Test MAPE: 0.1029, Test RMSE: 7.5465
On average over 12 horizons, Test MAE: 3.2018, Test MAPE: 0.0865, Test RMSE: 6.3985
Total time spent: 1326.7553
