Start Deterministic Training with seed 42
Namespace(device='cuda:0', data='/home/p_tf_zy/p_tf_01/TESTAM-main/data/METR-LA', adjdata='/home/p_tf_zy/p_tf_01/TESTAM-main/data/METR-LA/adj_mx.pkl', adjtype='doubletransition', out_dim=1, nhid=32, in_dim=2, num_nodes=207, batch_size=64, dropout=0.3, epochs=100, print_every=50, seed=42, save='/home/p_tf_zy/p_tf_01/TESTAM-main/experiment/METR-LA_TESTAM', expid=1, load_path=None, patience=15, lr_mul=1, n_warmup_steps=4000, quantile=0.7, is_quantile=False, warmup_epoch=0)
Train the model with 205435 parameters
start training...
Iter: 000, Train Loss: 17.2835, Train MAPE: 0.4254, Train RMSE: 24.5412
Iter: 050, Train Loss: 11.8897, Train MAPE: 0.3043, Train RMSE: 16.1816
Iter: 100, Train Loss: 9.0505, Train MAPE: 0.2230, Train RMSE: 11.8407
Iter: 150, Train Loss: 7.3780, Train MAPE: 0.1819, Train RMSE: 11.1188
Iter: 200, Train Loss: 6.5197, Train MAPE: 0.1673, Train RMSE: 10.9439
Iter: 250, Train Loss: 5.9476, Train MAPE: 0.1640, Train RMSE: 9.3949
Iter: 300, Train Loss: 5.5450, Train MAPE: 0.1658, Train RMSE: 9.2138
Iter: 350, Train Loss: 5.6643, Train MAPE: 0.1830, Train RMSE: 10.2652
Epoch: 001, Inference Time: 4.6369 secs
Epoch: 001, Train Loss: 7.9771, Train MAPE: 0.2081, Train RMSE: 11.9453, Valid Loss: 4.3600, Valid MAPE: 0.1310, Valid RMSE: 8.1889, Training Time: 113.8379/epoch
Iter: 000, Train Loss: 4.8276, Train MAPE: 0.1244, Train RMSE: 8.4242
Iter: 050, Train Loss: 4.8335, Train MAPE: 0.1400, Train RMSE: 8.6236
Iter: 100, Train Loss: 4.8667, Train MAPE: 0.1352, Train RMSE: 8.6832
Iter: 150, Train Loss: 5.1509, Train MAPE: 0.1429, Train RMSE: 8.8880
Iter: 200, Train Loss: 4.9211, Train MAPE: 0.1425, Train RMSE: 8.9632
Iter: 250, Train Loss: 4.7801, Train MAPE: 0.1453, Train RMSE: 8.6267
Iter: 300, Train Loss: 4.8182, Train MAPE: 0.1362, Train RMSE: 8.9060
Iter: 350, Train Loss: 5.0991, Train MAPE: 0.1571, Train RMSE: 9.4334
Epoch: 002, Inference Time: 4.6378 secs
Epoch: 002, Train Loss: 4.8930, Train MAPE: 0.1418, Train RMSE: 8.8708, Valid Loss: 4.1324, Valid MAPE: 0.1294, Valid RMSE: 7.8266, Training Time: 113.5604/epoch
Iter: 000, Train Loss: 4.8854, Train MAPE: 0.1348, Train RMSE: 8.9572
Iter: 050, Train Loss: 4.7421, Train MAPE: 0.1407, Train RMSE: 8.8444
Iter: 100, Train Loss: 4.1302, Train MAPE: 0.1094, Train RMSE: 7.8068
Iter: 150, Train Loss: 4.4754, Train MAPE: 0.1278, Train RMSE: 8.4314
Iter: 200, Train Loss: 4.4876, Train MAPE: 0.1289, Train RMSE: 8.4524
Iter: 250, Train Loss: 4.3440, Train MAPE: 0.1202, Train RMSE: 8.0945
Iter: 300, Train Loss: 4.8136, Train MAPE: 0.1452, Train RMSE: 8.8570
Iter: 350, Train Loss: 4.7508, Train MAPE: 0.1427, Train RMSE: 9.0265
Epoch: 003, Inference Time: 4.6400 secs
Epoch: 003, Train Loss: 4.6821, Train MAPE: 0.1367, Train RMSE: 8.7546, Valid Loss: 3.9851, Valid MAPE: 0.1272, Valid RMSE: 7.6028, Training Time: 113.5448/epoch
Iter: 000, Train Loss: 4.8681, Train MAPE: 0.1435, Train RMSE: 8.9906
Iter: 050, Train Loss: 4.4402, Train MAPE: 0.1133, Train RMSE: 7.9787
Iter: 100, Train Loss: 4.6611, Train MAPE: 0.1340, Train RMSE: 8.7854
Iter: 150, Train Loss: 4.4778, Train MAPE: 0.1290, Train RMSE: 8.3945
Iter: 200, Train Loss: 4.5007, Train MAPE: 0.1302, Train RMSE: 8.6792
Iter: 250, Train Loss: 4.4581, Train MAPE: 0.1246, Train RMSE: 8.2130
Iter: 300, Train Loss: 4.2489, Train MAPE: 0.1119, Train RMSE: 7.9176
Iter: 350, Train Loss: 4.2375, Train MAPE: 0.1151, Train RMSE: 7.7908
Epoch: 004, Inference Time: 4.6421 secs
Epoch: 004, Train Loss: 4.5855, Train MAPE: 0.1334, Train RMSE: 8.6790, Valid Loss: 3.9532, Valid MAPE: 0.1224, Valid RMSE: 7.5081, Training Time: 113.5553/epoch
Iter: 000, Train Loss: 4.3886, Train MAPE: 0.1264, Train RMSE: 8.3306
Iter: 050, Train Loss: 4.2434, Train MAPE: 0.1132, Train RMSE: 7.9311
Iter: 100, Train Loss: 4.5464, Train MAPE: 0.1248, Train RMSE: 8.2531
Iter: 150, Train Loss: 4.0031, Train MAPE: 0.1025, Train RMSE: 7.5901
Iter: 200, Train Loss: 4.3400, Train MAPE: 0.1133, Train RMSE: 8.1906
Iter: 250, Train Loss: 4.6147, Train MAPE: 0.1293, Train RMSE: 8.5643
Iter: 300, Train Loss: 4.7250, Train MAPE: 0.1231, Train RMSE: 8.0926
Iter: 350, Train Loss: 4.5978, Train MAPE: 0.1243, Train RMSE: 8.0050
Epoch: 005, Inference Time: 4.6484 secs
Epoch: 005, Train Loss: 4.4395, Train MAPE: 0.1218, Train RMSE: 8.1670, Valid Loss: 3.6669, Valid MAPE: 0.1030, Valid RMSE: 6.8843, Training Time: 113.6913/epoch
Iter: 000, Train Loss: 4.4071, Train MAPE: 0.1159, Train RMSE: 7.5266
Iter: 050, Train Loss: 4.5468, Train MAPE: 0.1141, Train RMSE: 7.7452
Iter: 100, Train Loss: 3.9434, Train MAPE: 0.0884, Train RMSE: 6.6572
Iter: 150, Train Loss: 4.6390, Train MAPE: 0.1163, Train RMSE: 7.3227
Iter: 200, Train Loss: 4.2810, Train MAPE: 0.1087, Train RMSE: 7.2416
Iter: 250, Train Loss: 4.3698, Train MAPE: 0.1105, Train RMSE: 7.4901
Iter: 300, Train Loss: 3.9831, Train MAPE: 0.0866, Train RMSE: 6.4556
Iter: 350, Train Loss: 3.8688, Train MAPE: 0.0823, Train RMSE: 6.4297
Epoch: 006, Inference Time: 4.6480 secs
Epoch: 006, Train Loss: 4.2900, Train MAPE: 0.1061, Train RMSE: 7.2904, Valid Loss: 3.8827, Valid MAPE: 0.1030, Valid RMSE: 6.8307, Training Time: 113.6242/epoch
Iter: 000, Train Loss: 3.8944, Train MAPE: 0.0936, Train RMSE: 7.0228
Iter: 050, Train Loss: 4.9765, Train MAPE: 0.1340, Train RMSE: 8.3898
Iter: 100, Train Loss: 4.1797, Train MAPE: 0.0955, Train RMSE: 6.6845
Iter: 150, Train Loss: 4.0300, Train MAPE: 0.0972, Train RMSE: 6.7455
Iter: 200, Train Loss: 4.2494, Train MAPE: 0.1097, Train RMSE: 7.4685
Iter: 250, Train Loss: 4.0794, Train MAPE: 0.0922, Train RMSE: 6.6484
Iter: 300, Train Loss: 4.3914, Train MAPE: 0.1124, Train RMSE: 7.5969
Iter: 350, Train Loss: 4.3228, Train MAPE: 0.1049, Train RMSE: 7.1274
Epoch: 007, Inference Time: 4.6493 secs
Epoch: 007, Train Loss: 4.2081, Train MAPE: 0.1030, Train RMSE: 7.1592, Valid Loss: 3.5298, Valid MAPE: 0.0991, Valid RMSE: 6.5343, Training Time: 113.5930/epoch
Iter: 000, Train Loss: 4.1286, Train MAPE: 0.0939, Train RMSE: 6.9257
Iter: 050, Train Loss: 4.1744, Train MAPE: 0.1002, Train RMSE: 6.9676
Iter: 100, Train Loss: 3.9790, Train MAPE: 0.0891, Train RMSE: 6.5481
Iter: 150, Train Loss: 4.1983, Train MAPE: 0.1035, Train RMSE: 6.8199
Iter: 200, Train Loss: 3.8993, Train MAPE: 0.0941, Train RMSE: 6.6950
Iter: 250, Train Loss: 4.0896, Train MAPE: 0.1023, Train RMSE: 7.0544
Iter: 300, Train Loss: 3.8498, Train MAPE: 0.0853, Train RMSE: 6.6311
Iter: 350, Train Loss: 4.2276, Train MAPE: 0.1041, Train RMSE: 7.3421
Epoch: 008, Inference Time: 4.6487 secs
Epoch: 008, Train Loss: 4.1470, Train MAPE: 0.1006, Train RMSE: 7.0478, Valid Loss: 3.4543, Valid MAPE: 0.0990, Valid RMSE: 6.4200, Training Time: 113.6141/epoch
Iter: 000, Train Loss: 3.9551, Train MAPE: 0.0962, Train RMSE: 6.5417
Iter: 050, Train Loss: 4.2099, Train MAPE: 0.0975, Train RMSE: 7.3086
Iter: 100, Train Loss: 4.2500, Train MAPE: 0.1017, Train RMSE: 7.0481
Iter: 150, Train Loss: 3.9470, Train MAPE: 0.0956, Train RMSE: 6.5658
Iter: 200, Train Loss: 3.9813, Train MAPE: 0.0922, Train RMSE: 6.5103
Iter: 250, Train Loss: 4.5068, Train MAPE: 0.1104, Train RMSE: 7.6590
Iter: 300, Train Loss: 4.0240, Train MAPE: 0.0910, Train RMSE: 6.7340
Iter: 350, Train Loss: 3.7149, Train MAPE: 0.0806, Train RMSE: 6.2531
Epoch: 009, Inference Time: 4.6493 secs
Epoch: 009, Train Loss: 4.1118, Train MAPE: 0.0983, Train RMSE: 6.9217, Valid Loss: 3.3180, Valid MAPE: 0.0909, Valid RMSE: 6.2575, Training Time: 113.6162/epoch
Iter: 000, Train Loss: 3.9516, Train MAPE: 0.0915, Train RMSE: 6.6340
Iter: 050, Train Loss: 4.1066, Train MAPE: 0.0940, Train RMSE: 6.6312
Iter: 100, Train Loss: 4.1903, Train MAPE: 0.1029, Train RMSE: 7.0311
Iter: 150, Train Loss: 4.1619, Train MAPE: 0.0960, Train RMSE: 6.8173
Iter: 200, Train Loss: 4.1517, Train MAPE: 0.0941, Train RMSE: 6.9206
Iter: 250, Train Loss: 4.4325, Train MAPE: 0.1042, Train RMSE: 7.2737
Iter: 300, Train Loss: 3.9774, Train MAPE: 0.0925, Train RMSE: 6.7537
Iter: 350, Train Loss: 4.1717, Train MAPE: 0.0922, Train RMSE: 6.7220
Epoch: 010, Inference Time: 4.6482 secs
Epoch: 010, Train Loss: 4.0830, Train MAPE: 0.0960, Train RMSE: 6.7883, Valid Loss: 3.3598, Valid MAPE: 0.0907, Valid RMSE: 6.1638, Training Time: 113.6170/epoch
Iter: 000, Train Loss: 4.1324, Train MAPE: 0.0957, Train RMSE: 6.7762
Iter: 050, Train Loss: 3.9279, Train MAPE: 0.0931, Train RMSE: 6.6380
Iter: 100, Train Loss: 3.9008, Train MAPE: 0.0889, Train RMSE: 6.4084
Iter: 150, Train Loss: 4.0544, Train MAPE: 0.0898, Train RMSE: 6.6122
Iter: 200, Train Loss: 3.6377, Train MAPE: 0.0772, Train RMSE: 6.0723
Iter: 250, Train Loss: 4.0859, Train MAPE: 0.0926, Train RMSE: 6.5954
Iter: 300, Train Loss: 4.1169, Train MAPE: 0.1030, Train RMSE: 6.8437
Iter: 350, Train Loss: 4.5626, Train MAPE: 0.1039, Train RMSE: 7.4558
Epoch: 011, Inference Time: 4.6542 secs
Epoch: 011, Train Loss: 4.0936, Train MAPE: 0.0949, Train RMSE: 6.7136, Valid Loss: 3.3261, Valid MAPE: 0.0974, Valid RMSE: 6.2725, Training Time: 113.6371/epoch
Iter: 000, Train Loss: 4.4145, Train MAPE: 0.1068, Train RMSE: 7.2843
Iter: 050, Train Loss: 4.4733, Train MAPE: 0.1012, Train RMSE: 7.0201
Iter: 100, Train Loss: 4.3045, Train MAPE: 0.1060, Train RMSE: 7.0394
Iter: 150, Train Loss: 3.7510, Train MAPE: 0.0828, Train RMSE: 6.2331
Iter: 200, Train Loss: 3.8436, Train MAPE: 0.0884, Train RMSE: 6.5193
Iter: 250, Train Loss: 4.1766, Train MAPE: 0.0990, Train RMSE: 6.7701
Iter: 300, Train Loss: 4.2464, Train MAPE: 0.1076, Train RMSE: 7.1399
Iter: 350, Train Loss: 3.5661, Train MAPE: 0.0739, Train RMSE: 5.7630
Epoch: 012, Inference Time: 4.6493 secs
Epoch: 012, Train Loss: 4.0932, Train MAPE: 0.0951, Train RMSE: 6.7125, Valid Loss: 3.2082, Valid MAPE: 0.0890, Valid RMSE: 5.9189, Training Time: 113.6106/epoch
Iter: 000, Train Loss: 3.9133, Train MAPE: 0.0869, Train RMSE: 6.4571
Iter: 050, Train Loss: 4.1792, Train MAPE: 0.1005, Train RMSE: 6.9751
Iter: 100, Train Loss: 4.2176, Train MAPE: 0.1006, Train RMSE: 6.8977
Iter: 150, Train Loss: 4.1081, Train MAPE: 0.0981, Train RMSE: 6.6229
Iter: 200, Train Loss: 3.9660, Train MAPE: 0.0889, Train RMSE: 6.4057
Iter: 250, Train Loss: 3.9385, Train MAPE: 0.0831, Train RMSE: 6.3841
Iter: 300, Train Loss: 3.8442, Train MAPE: 0.0788, Train RMSE: 6.0616
Iter: 350, Train Loss: 3.7399, Train MAPE: 0.0818, Train RMSE: 6.0459
Epoch: 013, Inference Time: 4.6499 secs
Epoch: 013, Train Loss: 4.0315, Train MAPE: 0.0919, Train RMSE: 6.5684, Valid Loss: 3.2903, Valid MAPE: 0.0881, Valid RMSE: 6.0046, Training Time: 113.6124/epoch
Iter: 000, Train Loss: 3.7702, Train MAPE: 0.0788, Train RMSE: 6.0108
Iter: 050, Train Loss: 3.9828, Train MAPE: 0.0854, Train RMSE: 6.4039
Iter: 100, Train Loss: 3.7931, Train MAPE: 0.0849, Train RMSE: 6.2474
Iter: 150, Train Loss: 3.8071, Train MAPE: 0.0774, Train RMSE: 6.0853
Iter: 200, Train Loss: 4.3225, Train MAPE: 0.0972, Train RMSE: 7.0858
Iter: 250, Train Loss: 4.2139, Train MAPE: 0.1004, Train RMSE: 6.8221
Iter: 300, Train Loss: 4.0142, Train MAPE: 0.0890, Train RMSE: 6.4708
Iter: 350, Train Loss: 3.6890, Train MAPE: 0.0788, Train RMSE: 5.9822
Epoch: 014, Inference Time: 4.6475 secs
Epoch: 014, Train Loss: 3.9904, Train MAPE: 0.0900, Train RMSE: 6.4626, Valid Loss: 2.9913, Valid MAPE: 0.0843, Valid RMSE: 5.7607, Training Time: 113.6184/epoch
Iter: 000, Train Loss: 3.7538, Train MAPE: 0.0835, Train RMSE: 5.9582
Iter: 050, Train Loss: 3.7588, Train MAPE: 0.0845, Train RMSE: 6.0924
Iter: 100, Train Loss: 4.0285, Train MAPE: 0.0922, Train RMSE: 6.4377
Iter: 150, Train Loss: 4.1064, Train MAPE: 0.0929, Train RMSE: 6.7952
Iter: 200, Train Loss: 3.8490, Train MAPE: 0.0843, Train RMSE: 6.0498
Iter: 250, Train Loss: 3.7891, Train MAPE: 0.0752, Train RMSE: 5.8898
Iter: 300, Train Loss: 3.6609, Train MAPE: 0.0725, Train RMSE: 5.6904
Iter: 350, Train Loss: 4.3293, Train MAPE: 0.1025, Train RMSE: 7.1484
Epoch: 015, Inference Time: 4.6496 secs
Epoch: 015, Train Loss: 3.9542, Train MAPE: 0.0881, Train RMSE: 6.3572, Valid Loss: 3.0236, Valid MAPE: 0.0824, Valid RMSE: 5.6960, Training Time: 113.6161/epoch
Iter: 000, Train Loss: 4.2974, Train MAPE: 0.0999, Train RMSE: 6.8136
Iter: 050, Train Loss: 3.8379, Train MAPE: 0.0785, Train RMSE: 5.9864
Iter: 100, Train Loss: 3.8197, Train MAPE: 0.0820, Train RMSE: 6.1731
Iter: 150, Train Loss: 4.2529, Train MAPE: 0.1012, Train RMSE: 6.8251
Iter: 200, Train Loss: 4.1825, Train MAPE: 0.1032, Train RMSE: 6.9952
Iter: 250, Train Loss: 3.9652, Train MAPE: 0.0934, Train RMSE: 6.5598
Iter: 300, Train Loss: 3.6442, Train MAPE: 0.0750, Train RMSE: 5.9715
Iter: 350, Train Loss: 3.7173, Train MAPE: 0.0794, Train RMSE: 6.1332
Epoch: 016, Inference Time: 4.6486 secs
Epoch: 016, Train Loss: 3.9279, Train MAPE: 0.0868, Train RMSE: 6.2918, Valid Loss: 3.0374, Valid MAPE: 0.0825, Valid RMSE: 5.6985, Training Time: 113.6237/epoch
Iter: 000, Train Loss: 3.6597, Train MAPE: 0.0735, Train RMSE: 5.8836
Iter: 050, Train Loss: 3.4871, Train MAPE: 0.0718, Train RMSE: 5.6603
Iter: 100, Train Loss: 3.9415, Train MAPE: 0.1025, Train RMSE: 6.5921
Iter: 150, Train Loss: 3.9330, Train MAPE: 0.0907, Train RMSE: 6.2852
Iter: 200, Train Loss: 3.7629, Train MAPE: 0.0771, Train RMSE: 5.9439
Iter: 250, Train Loss: 4.2968, Train MAPE: 0.1009, Train RMSE: 6.9075
Iter: 300, Train Loss: 3.7881, Train MAPE: 0.0753, Train RMSE: 5.6482
Iter: 350, Train Loss: 4.0578, Train MAPE: 0.0869, Train RMSE: 6.4105
Epoch: 017, Inference Time: 4.6497 secs
Epoch: 017, Train Loss: 3.9061, Train MAPE: 0.0856, Train RMSE: 6.2263, Valid Loss: 3.0112, Valid MAPE: 0.0822, Valid RMSE: 5.6832, Training Time: 113.6259/epoch
Iter: 000, Train Loss: 4.1574, Train MAPE: 0.0963, Train RMSE: 6.7263
Iter: 050, Train Loss: 4.0079, Train MAPE: 0.0891, Train RMSE: 6.2901
Iter: 100, Train Loss: 3.8414, Train MAPE: 0.0810, Train RMSE: 6.2868
Iter: 150, Train Loss: 4.6236, Train MAPE: 0.1085, Train RMSE: 7.1548
Iter: 200, Train Loss: 4.2765, Train MAPE: 0.1000, Train RMSE: 6.6670
Iter: 250, Train Loss: 3.6952, Train MAPE: 0.0778, Train RMSE: 5.8005
Iter: 300, Train Loss: 3.7931, Train MAPE: 0.0754, Train RMSE: 5.8215
Iter: 350, Train Loss: 3.7596, Train MAPE: 0.0846, Train RMSE: 6.0344
Epoch: 018, Inference Time: 4.6496 secs
Epoch: 018, Train Loss: 3.8833, Train MAPE: 0.0844, Train RMSE: 6.1659, Valid Loss: 3.0663, Valid MAPE: 0.0823, Valid RMSE: 5.6944, Training Time: 113.6194/epoch
Iter: 000, Train Loss: 4.0933, Train MAPE: 0.0891, Train RMSE: 6.2641
Iter: 050, Train Loss: 3.9173, Train MAPE: 0.0818, Train RMSE: 5.9961
Iter: 100, Train Loss: 3.7100, Train MAPE: 0.0826, Train RMSE: 6.0420
Iter: 150, Train Loss: 3.7464, Train MAPE: 0.0760, Train RMSE: 5.9529
Iter: 200, Train Loss: 4.1145, Train MAPE: 0.0913, Train RMSE: 6.3402
Iter: 250, Train Loss: 3.5817, Train MAPE: 0.0733, Train RMSE: 5.6057
Iter: 300, Train Loss: 3.9977, Train MAPE: 0.0835, Train RMSE: 6.2373
Iter: 350, Train Loss: 3.4349, Train MAPE: 0.0668, Train RMSE: 5.4296
Epoch: 019, Inference Time: 4.6497 secs
Epoch: 019, Train Loss: 3.8668, Train MAPE: 0.0835, Train RMSE: 6.1169, Valid Loss: 2.9485, Valid MAPE: 0.0792, Valid RMSE: 5.5781, Training Time: 113.6260/epoch
Iter: 000, Train Loss: 3.6302, Train MAPE: 0.0760, Train RMSE: 5.8123
Iter: 050, Train Loss: 3.8412, Train MAPE: 0.0810, Train RMSE: 5.8507
Iter: 100, Train Loss: 3.7399, Train MAPE: 0.0774, Train RMSE: 5.9009
Iter: 150, Train Loss: 4.1171, Train MAPE: 0.0901, Train RMSE: 6.3283
Iter: 200, Train Loss: 3.8668, Train MAPE: 0.0831, Train RMSE: 5.8723
Iter: 250, Train Loss: 3.8388, Train MAPE: 0.0817, Train RMSE: 6.0056
Iter: 300, Train Loss: 4.2245, Train MAPE: 0.0954, Train RMSE: 6.6054
Iter: 350, Train Loss: 3.8644, Train MAPE: 0.0791, Train RMSE: 5.9053
Epoch: 020, Inference Time: 4.6483 secs
Epoch: 020, Train Loss: 3.8533, Train MAPE: 0.0827, Train RMSE: 6.0779, Valid Loss: 2.9619, Valid MAPE: 0.0797, Valid RMSE: 5.5829, Training Time: 113.6130/epoch
Iter: 000, Train Loss: 4.0604, Train MAPE: 0.0815, Train RMSE: 6.0237
Iter: 050, Train Loss: 3.8681, Train MAPE: 0.0767, Train RMSE: 5.7973
Iter: 100, Train Loss: 3.5821, Train MAPE: 0.0726, Train RMSE: 5.7751
Iter: 150, Train Loss: 4.1064, Train MAPE: 0.0835, Train RMSE: 5.9287
Iter: 200, Train Loss: 4.0822, Train MAPE: 0.0870, Train RMSE: 6.2509
Iter: 250, Train Loss: 3.4976, Train MAPE: 0.0761, Train RMSE: 5.5930
Iter: 300, Train Loss: 3.9653, Train MAPE: 0.0869, Train RMSE: 6.4130
Iter: 350, Train Loss: 3.8629, Train MAPE: 0.0833, Train RMSE: 6.1072
Epoch: 021, Inference Time: 4.6511 secs
Epoch: 021, Train Loss: 3.8452, Train MAPE: 0.0823, Train RMSE: 6.0545, Valid Loss: 2.9339, Valid MAPE: 0.0796, Valid RMSE: 5.5711, Training Time: 113.6148/epoch
Iter: 000, Train Loss: 3.9478, Train MAPE: 0.0879, Train RMSE: 6.2467
Iter: 050, Train Loss: 3.6538, Train MAPE: 0.0774, Train RMSE: 5.7799
Iter: 100, Train Loss: 3.5898, Train MAPE: 0.0717, Train RMSE: 5.6338
Iter: 150, Train Loss: 3.9300, Train MAPE: 0.0948, Train RMSE: 6.4814
Iter: 200, Train Loss: 3.8769, Train MAPE: 0.0809, Train RMSE: 6.2756
Iter: 250, Train Loss: 3.9095, Train MAPE: 0.0867, Train RMSE: 6.1664
Iter: 300, Train Loss: 3.8526, Train MAPE: 0.0793, Train RMSE: 6.0836
Iter: 350, Train Loss: 3.9095, Train MAPE: 0.0840, Train RMSE: 6.3584
Epoch: 022, Inference Time: 4.6492 secs
Epoch: 022, Train Loss: 3.9242, Train MAPE: 0.0858, Train RMSE: 6.2412, Valid Loss: 3.0052, Valid MAPE: 0.0837, Valid RMSE: 5.6830, Training Time: 113.6082/epoch
Iter: 000, Train Loss: 3.8312, Train MAPE: 0.0843, Train RMSE: 5.9868
Iter: 050, Train Loss: 4.0459, Train MAPE: 0.0943, Train RMSE: 6.2800
Iter: 100, Train Loss: 3.7134, Train MAPE: 0.0824, Train RMSE: 6.0755
Iter: 150, Train Loss: 3.5698, Train MAPE: 0.0746, Train RMSE: 5.8267
Iter: 200, Train Loss: 3.8804, Train MAPE: 0.0810, Train RMSE: 6.1492
Iter: 250, Train Loss: 4.3320, Train MAPE: 0.0926, Train RMSE: 6.8155
Iter: 300, Train Loss: 3.9175, Train MAPE: 0.0808, Train RMSE: 6.1269
Iter: 350, Train Loss: 3.5996, Train MAPE: 0.0784, Train RMSE: 5.7586
Epoch: 023, Inference Time: 4.6495 secs
Epoch: 023, Train Loss: 3.9348, Train MAPE: 0.0865, Train RMSE: 6.2694, Valid Loss: 3.0864, Valid MAPE: 0.0810, Valid RMSE: 5.8505, Training Time: 113.6143/epoch
Iter: 000, Train Loss: 3.7855, Train MAPE: 0.0815, Train RMSE: 6.3240
Iter: 050, Train Loss: 3.8257, Train MAPE: 0.0801, Train RMSE: 5.9274
Iter: 100, Train Loss: 3.7544, Train MAPE: 0.0848, Train RMSE: 6.1820
Iter: 150, Train Loss: 3.8788, Train MAPE: 0.0838, Train RMSE: 6.0810
Iter: 200, Train Loss: 3.7194, Train MAPE: 0.0712, Train RMSE: 5.7954
Iter: 250, Train Loss: 4.0057, Train MAPE: 0.0810, Train RMSE: 5.9970
Iter: 300, Train Loss: 4.1688, Train MAPE: 0.1007, Train RMSE: 6.7725
Iter: 350, Train Loss: 3.9103, Train MAPE: 0.0903, Train RMSE: 6.3003
Epoch: 024, Inference Time: 4.6514 secs
Epoch: 024, Train Loss: 3.9130, Train MAPE: 0.0854, Train RMSE: 6.2153, Valid Loss: 2.9104, Valid MAPE: 0.0798, Valid RMSE: 5.5954, Training Time: 113.6124/epoch
Iter: 000, Train Loss: 3.9632, Train MAPE: 0.0854, Train RMSE: 6.2989
Iter: 050, Train Loss: 4.0146, Train MAPE: 0.0873, Train RMSE: 6.1686
Iter: 100, Train Loss: 3.9663, Train MAPE: 0.0927, Train RMSE: 6.4956
Iter: 150, Train Loss: 4.0030, Train MAPE: 0.0841, Train RMSE: 6.1410
Iter: 200, Train Loss: 3.7230, Train MAPE: 0.0752, Train RMSE: 5.9198
Iter: 250, Train Loss: 4.0616, Train MAPE: 0.0870, Train RMSE: 6.5223
Iter: 300, Train Loss: 3.7277, Train MAPE: 0.0797, Train RMSE: 6.1391
Iter: 350, Train Loss: 4.0096, Train MAPE: 0.0877, Train RMSE: 6.3362
Epoch: 025, Inference Time: 4.6497 secs
Epoch: 025, Train Loss: 3.8980, Train MAPE: 0.0846, Train RMSE: 6.1737, Valid Loss: 2.9499, Valid MAPE: 0.0795, Valid RMSE: 5.6402, Training Time: 113.6173/epoch
Iter: 000, Train Loss: 4.0199, Train MAPE: 0.0852, Train RMSE: 6.4199
Iter: 050, Train Loss: 3.9446, Train MAPE: 0.0801, Train RMSE: 6.0903
Iter: 100, Train Loss: 3.8628, Train MAPE: 0.0810, Train RMSE: 6.2920
Iter: 150, Train Loss: 3.8555, Train MAPE: 0.0874, Train RMSE: 6.2453
Iter: 200, Train Loss: 3.9838, Train MAPE: 0.0900, Train RMSE: 6.1818
Iter: 250, Train Loss: 3.8467, Train MAPE: 0.0823, Train RMSE: 6.0915
Iter: 300, Train Loss: 4.0267, Train MAPE: 0.0864, Train RMSE: 6.2590
Iter: 350, Train Loss: 3.9325, Train MAPE: 0.0903, Train RMSE: 6.2811
Epoch: 026, Inference Time: 4.6481 secs
Epoch: 026, Train Loss: 3.8807, Train MAPE: 0.0838, Train RMSE: 6.1334, Valid Loss: 2.9407, Valid MAPE: 0.0795, Valid RMSE: 5.6130, Training Time: 113.6178/epoch
Iter: 000, Train Loss: 3.7435, Train MAPE: 0.0757, Train RMSE: 5.6514
Iter: 050, Train Loss: 4.0439, Train MAPE: 0.0932, Train RMSE: 6.3739
Iter: 100, Train Loss: 4.0007, Train MAPE: 0.0858, Train RMSE: 6.0733
Iter: 150, Train Loss: 3.8740, Train MAPE: 0.0882, Train RMSE: 6.4194
Iter: 200, Train Loss: 3.9250, Train MAPE: 0.0854, Train RMSE: 6.1842
Iter: 250, Train Loss: 4.0274, Train MAPE: 0.0793, Train RMSE: 6.2239
Iter: 300, Train Loss: 3.6945, Train MAPE: 0.0782, Train RMSE: 5.8972
Iter: 350, Train Loss: 3.8781, Train MAPE: 0.0876, Train RMSE: 6.2582
Epoch: 027, Inference Time: 4.6497 secs
Epoch: 027, Train Loss: 3.8644, Train MAPE: 0.0827, Train RMSE: 6.0775, Valid Loss: 2.9116, Valid MAPE: 0.0793, Valid RMSE: 5.5885, Training Time: 113.6113/epoch
Iter: 000, Train Loss: 4.1200, Train MAPE: 0.0898, Train RMSE: 6.5082
Iter: 050, Train Loss: 4.0043, Train MAPE: 0.0845, Train RMSE: 6.1376
Iter: 100, Train Loss: 3.6019, Train MAPE: 0.0740, Train RMSE: 5.7667
Iter: 150, Train Loss: 3.9138, Train MAPE: 0.0894, Train RMSE: 6.3190
Iter: 200, Train Loss: 4.2111, Train MAPE: 0.1021, Train RMSE: 6.7758
Iter: 250, Train Loss: 3.7662, Train MAPE: 0.0770, Train RMSE: 5.7876
Iter: 300, Train Loss: 4.1273, Train MAPE: 0.0893, Train RMSE: 6.3093
Iter: 350, Train Loss: 3.5083, Train MAPE: 0.0693, Train RMSE: 5.6020
Epoch: 028, Inference Time: 4.6493 secs
Epoch: 028, Train Loss: 3.8485, Train MAPE: 0.0819, Train RMSE: 6.0330, Valid Loss: 2.9158, Valid MAPE: 0.0797, Valid RMSE: 5.5692, Training Time: 113.6117/epoch
Iter: 000, Train Loss: 4.0925, Train MAPE: 0.0919, Train RMSE: 6.6565
Iter: 050, Train Loss: 3.4778, Train MAPE: 0.0743, Train RMSE: 5.6512
Iter: 100, Train Loss: 3.5602, Train MAPE: 0.0769, Train RMSE: 5.5297
Iter: 150, Train Loss: 3.9771, Train MAPE: 0.0778, Train RMSE: 5.9259
Iter: 200, Train Loss: 3.8294, Train MAPE: 0.0782, Train RMSE: 5.9278
Iter: 250, Train Loss: 3.3437, Train MAPE: 0.0680, Train RMSE: 5.3684
Iter: 300, Train Loss: 3.7575, Train MAPE: 0.0843, Train RMSE: 6.0119
Iter: 350, Train Loss: 3.7957, Train MAPE: 0.0766, Train RMSE: 5.8188
Epoch: 029, Inference Time: 4.6498 secs
Epoch: 029, Train Loss: 3.8333, Train MAPE: 0.0812, Train RMSE: 5.9890, Valid Loss: 2.8975, Valid MAPE: 0.0792, Valid RMSE: 5.5489, Training Time: 113.6147/epoch
Iter: 000, Train Loss: 3.6886, Train MAPE: 0.0764, Train RMSE: 5.7208
Iter: 050, Train Loss: 3.9628, Train MAPE: 0.0893, Train RMSE: 6.2310
Iter: 100, Train Loss: 3.7140, Train MAPE: 0.0793, Train RMSE: 5.7379
Iter: 150, Train Loss: 3.8036, Train MAPE: 0.0907, Train RMSE: 6.3398
Iter: 200, Train Loss: 3.9586, Train MAPE: 0.0882, Train RMSE: 6.2531
Iter: 250, Train Loss: 3.5043, Train MAPE: 0.0698, Train RMSE: 5.5226
Iter: 300, Train Loss: 3.7188, Train MAPE: 0.0700, Train RMSE: 5.6579
Iter: 350, Train Loss: 4.0723, Train MAPE: 0.0840, Train RMSE: 6.2679
Epoch: 030, Inference Time: 4.6369 secs
Epoch: 030, Train Loss: 3.8206, Train MAPE: 0.0805, Train RMSE: 5.9505, Valid Loss: 2.8754, Valid MAPE: 0.0783, Valid RMSE: 5.5012, Training Time: 113.6316/epoch
Iter: 000, Train Loss: 4.0469, Train MAPE: 0.0891, Train RMSE: 6.3662
Iter: 050, Train Loss: 4.1752, Train MAPE: 0.0924, Train RMSE: 6.4848
Iter: 100, Train Loss: 3.8373, Train MAPE: 0.0845, Train RMSE: 6.1126
Iter: 150, Train Loss: 3.7076, Train MAPE: 0.0702, Train RMSE: 5.4399
Iter: 200, Train Loss: 3.4934, Train MAPE: 0.0688, Train RMSE: 5.5240
Iter: 250, Train Loss: 3.5647, Train MAPE: 0.0771, Train RMSE: 5.6995
Iter: 300, Train Loss: 3.6806, Train MAPE: 0.0781, Train RMSE: 5.7600
Iter: 350, Train Loss: 4.0042, Train MAPE: 0.0903, Train RMSE: 6.3410
Epoch: 031, Inference Time: 4.6353 secs
Epoch: 031, Train Loss: 3.8117, Train MAPE: 0.0800, Train RMSE: 5.9222, Valid Loss: 2.8812, Valid MAPE: 0.0777, Valid RMSE: 5.5128, Training Time: 113.4677/epoch
Iter: 000, Train Loss: 3.9083, Train MAPE: 0.0771, Train RMSE: 5.7594
Iter: 050, Train Loss: 3.4718, Train MAPE: 0.0687, Train RMSE: 5.3119
Iter: 100, Train Loss: 3.8729, Train MAPE: 0.0804, Train RMSE: 6.0209
Iter: 150, Train Loss: 3.6760, Train MAPE: 0.0774, Train RMSE: 5.9318
Iter: 200, Train Loss: 3.5066, Train MAPE: 0.0694, Train RMSE: 5.5301
Iter: 250, Train Loss: 3.8968, Train MAPE: 0.0817, Train RMSE: 6.0262
Iter: 300, Train Loss: 3.8336, Train MAPE: 0.0795, Train RMSE: 6.0385
Iter: 350, Train Loss: 3.9433, Train MAPE: 0.0905, Train RMSE: 6.4394
Epoch: 032, Inference Time: 4.6364 secs
Epoch: 032, Train Loss: 3.8068, Train MAPE: 0.0797, Train RMSE: 5.9059, Valid Loss: 3.0788, Valid MAPE: 0.0865, Valid RMSE: 5.8699, Training Time: 113.4868/epoch
Iter: 000, Train Loss: 4.1594, Train MAPE: 0.1000, Train RMSE: 6.6871
Iter: 050, Train Loss: 4.1714, Train MAPE: 0.0911, Train RMSE: 6.4979
Iter: 100, Train Loss: 4.2609, Train MAPE: 0.0945, Train RMSE: 6.5818
Iter: 150, Train Loss: 3.6243, Train MAPE: 0.0689, Train RMSE: 5.5946
Iter: 200, Train Loss: 3.7740, Train MAPE: 0.0836, Train RMSE: 6.2078
Iter: 250, Train Loss: 3.8023, Train MAPE: 0.0861, Train RMSE: 6.3079
Iter: 300, Train Loss: 3.8226, Train MAPE: 0.0817, Train RMSE: 5.9520
Iter: 350, Train Loss: 3.7562, Train MAPE: 0.0779, Train RMSE: 5.9583
Epoch: 033, Inference Time: 4.7228 secs
Epoch: 033, Train Loss: 3.9036, Train MAPE: 0.0845, Train RMSE: 6.1625, Valid Loss: 2.9140, Valid MAPE: 0.0787, Valid RMSE: 5.5390, Training Time: 113.5002/epoch
Iter: 000, Train Loss: 4.2762, Train MAPE: 0.0951, Train RMSE: 6.2948
Iter: 050, Train Loss: 3.6524, Train MAPE: 0.0834, Train RMSE: 6.1979
Iter: 100, Train Loss: 3.7268, Train MAPE: 0.0856, Train RMSE: 6.0746
Iter: 150, Train Loss: 4.0839, Train MAPE: 0.1009, Train RMSE: 6.7381
Iter: 200, Train Loss: 3.6725, Train MAPE: 0.0782, Train RMSE: 5.8466
Iter: 250, Train Loss: 3.7713, Train MAPE: 0.0768, Train RMSE: 5.8608
Iter: 300, Train Loss: 3.9052, Train MAPE: 0.0774, Train RMSE: 5.9456
Iter: 350, Train Loss: 4.5220, Train MAPE: 0.1011, Train RMSE: 6.9098
Epoch: 034, Inference Time: 4.6373 secs
Epoch: 034, Train Loss: 3.8825, Train MAPE: 0.0834, Train RMSE: 6.1095, Valid Loss: 2.9758, Valid MAPE: 0.0813, Valid RMSE: 5.6482, Training Time: 113.4723/epoch
Iter: 000, Train Loss: 4.0579, Train MAPE: 0.0982, Train RMSE: 6.5217
Iter: 050, Train Loss: 3.6489, Train MAPE: 0.0728, Train RMSE: 5.7104
Iter: 100, Train Loss: 4.0772, Train MAPE: 0.0866, Train RMSE: 6.4668
Iter: 150, Train Loss: 3.8480, Train MAPE: 0.0880, Train RMSE: 6.1262
Iter: 200, Train Loss: 4.0066, Train MAPE: 0.0815, Train RMSE: 6.2575
Iter: 250, Train Loss: 3.9272, Train MAPE: 0.0877, Train RMSE: 6.0914
Iter: 300, Train Loss: 3.7634, Train MAPE: 0.0790, Train RMSE: 5.8202
Iter: 350, Train Loss: 3.7699, Train MAPE: 0.0794, Train RMSE: 6.1261
Epoch: 035, Inference Time: 4.6374 secs
Epoch: 035, Train Loss: 3.8700, Train MAPE: 0.0829, Train RMSE: 6.0865, Valid Loss: 2.9591, Valid MAPE: 0.0815, Valid RMSE: 5.6752, Training Time: 114.0080/epoch
Iter: 000, Train Loss: 3.6942, Train MAPE: 0.0778, Train RMSE: 6.0755
Iter: 050, Train Loss: 4.1306, Train MAPE: 0.0955, Train RMSE: 6.4482
Iter: 100, Train Loss: 3.8059, Train MAPE: 0.0807, Train RMSE: 6.1259
Iter: 150, Train Loss: 3.4088, Train MAPE: 0.0709, Train RMSE: 5.4116
Iter: 200, Train Loss: 4.0914, Train MAPE: 0.0942, Train RMSE: 6.6741
Iter: 250, Train Loss: 4.0592, Train MAPE: 0.0852, Train RMSE: 6.0196
Iter: 300, Train Loss: 3.9140, Train MAPE: 0.0870, Train RMSE: 6.1941
Iter: 350, Train Loss: 3.9129, Train MAPE: 0.0811, Train RMSE: 6.1791
Epoch: 036, Inference Time: 4.6359 secs
Epoch: 036, Train Loss: 3.8581, Train MAPE: 0.0824, Train RMSE: 6.0520, Valid Loss: 2.9356, Valid MAPE: 0.0781, Valid RMSE: 5.5563, Training Time: 113.4873/epoch
Iter: 000, Train Loss: 3.8721, Train MAPE: 0.0823, Train RMSE: 6.0770
Iter: 050, Train Loss: 3.9037, Train MAPE: 0.0902, Train RMSE: 6.1258
Iter: 100, Train Loss: 3.8594, Train MAPE: 0.0791, Train RMSE: 6.0116
Iter: 150, Train Loss: 3.7760, Train MAPE: 0.0785, Train RMSE: 5.6784
Iter: 200, Train Loss: 3.6236, Train MAPE: 0.0744, Train RMSE: 5.6698
Iter: 250, Train Loss: 3.6744, Train MAPE: 0.0742, Train RMSE: 5.7869
Iter: 300, Train Loss: 3.7100, Train MAPE: 0.0780, Train RMSE: 5.7479
Iter: 350, Train Loss: 3.9044, Train MAPE: 0.0879, Train RMSE: 6.1680
Epoch: 037, Inference Time: 4.6311 secs
Epoch: 037, Train Loss: 3.8444, Train MAPE: 0.0816, Train RMSE: 6.0100, Valid Loss: 2.8963, Valid MAPE: 0.0785, Valid RMSE: 5.5541, Training Time: 113.4664/epoch
Iter: 000, Train Loss: 3.9723, Train MAPE: 0.0879, Train RMSE: 6.3204
Iter: 050, Train Loss: 3.8230, Train MAPE: 0.0828, Train RMSE: 6.1470
Iter: 100, Train Loss: 3.7903, Train MAPE: 0.0763, Train RMSE: 5.8902
Iter: 150, Train Loss: 3.7400, Train MAPE: 0.0808, Train RMSE: 6.0002
Iter: 200, Train Loss: 3.7638, Train MAPE: 0.0752, Train RMSE: 5.8392
Iter: 250, Train Loss: 3.8850, Train MAPE: 0.0810, Train RMSE: 6.1010
Iter: 300, Train Loss: 3.5569, Train MAPE: 0.0771, Train RMSE: 5.8811
Iter: 350, Train Loss: 3.9624, Train MAPE: 0.0874, Train RMSE: 6.1270
Epoch: 038, Inference Time: 4.8312 secs
Epoch: 038, Train Loss: 3.8324, Train MAPE: 0.0809, Train RMSE: 5.9747, Valid Loss: 2.8978, Valid MAPE: 0.0772, Valid RMSE: 5.5446, Training Time: 114.4096/epoch
Iter: 000, Train Loss: 4.0401, Train MAPE: 0.0872, Train RMSE: 6.2134
Iter: 050, Train Loss: 3.7603, Train MAPE: 0.0824, Train RMSE: 5.8021
Iter: 100, Train Loss: 3.8719, Train MAPE: 0.0814, Train RMSE: 5.9761
Iter: 150, Train Loss: 3.6189, Train MAPE: 0.0786, Train RMSE: 5.9777
Iter: 200, Train Loss: 3.6525, Train MAPE: 0.0744, Train RMSE: 5.6199
Iter: 250, Train Loss: 3.6056, Train MAPE: 0.0712, Train RMSE: 5.6866
Iter: 300, Train Loss: 3.9306, Train MAPE: 0.0930, Train RMSE: 6.3871
Iter: 350, Train Loss: 3.8108, Train MAPE: 0.0768, Train RMSE: 5.8726
Epoch: 039, Inference Time: 4.6385 secs
Epoch: 039, Train Loss: 3.8181, Train MAPE: 0.0801, Train RMSE: 5.9288, Valid Loss: 2.8666, Valid MAPE: 0.0785, Valid RMSE: 5.4768, Training Time: 113.4981/epoch
Iter: 000, Train Loss: 3.9971, Train MAPE: 0.0901, Train RMSE: 6.4379
Iter: 050, Train Loss: 3.5308, Train MAPE: 0.0669, Train RMSE: 5.1877
Iter: 100, Train Loss: 3.8720, Train MAPE: 0.0822, Train RMSE: 5.8874
Iter: 150, Train Loss: 4.1200, Train MAPE: 0.0903, Train RMSE: 6.4967
Iter: 200, Train Loss: 3.7552, Train MAPE: 0.0743, Train RMSE: 5.5876
Iter: 250, Train Loss: 4.0000, Train MAPE: 0.0921, Train RMSE: 6.4152
Iter: 300, Train Loss: 3.5484, Train MAPE: 0.0726, Train RMSE: 5.6241
Iter: 350, Train Loss: 3.8617, Train MAPE: 0.0781, Train RMSE: 5.9724
Epoch: 040, Inference Time: 4.6355 secs
Epoch: 040, Train Loss: 3.8064, Train MAPE: 0.0795, Train RMSE: 5.8936, Valid Loss: 2.8767, Valid MAPE: 0.0781, Valid RMSE: 5.5195, Training Time: 114.0877/epoch
Iter: 000, Train Loss: 4.2292, Train MAPE: 0.1003, Train RMSE: 6.7265
Iter: 050, Train Loss: 3.5317, Train MAPE: 0.0764, Train RMSE: 5.6179
Iter: 100, Train Loss: 3.7066, Train MAPE: 0.0732, Train RMSE: 5.5841
Iter: 150, Train Loss: 3.4217, Train MAPE: 0.0660, Train RMSE: 5.2280
Iter: 200, Train Loss: 3.8639, Train MAPE: 0.0847, Train RMSE: 5.9514
Iter: 250, Train Loss: 4.1079, Train MAPE: 0.0910, Train RMSE: 6.4221
Iter: 300, Train Loss: 3.6602, Train MAPE: 0.0744, Train RMSE: 5.5730
Iter: 350, Train Loss: 3.7098, Train MAPE: 0.0745, Train RMSE: 5.8560
Epoch: 041, Inference Time: 4.6357 secs
Epoch: 041, Train Loss: 3.7954, Train MAPE: 0.0789, Train RMSE: 5.8553, Valid Loss: 2.8621, Valid MAPE: 0.0774, Valid RMSE: 5.4903, Training Time: 113.4758/epoch
Iter: 000, Train Loss: 3.5312, Train MAPE: 0.0709, Train RMSE: 5.4353
Iter: 050, Train Loss: 3.8212, Train MAPE: 0.0740, Train RMSE: 5.6961
Iter: 100, Train Loss: 3.9464, Train MAPE: 0.0840, Train RMSE: 6.2045
Iter: 150, Train Loss: 4.1462, Train MAPE: 0.0934, Train RMSE: 6.4210
Iter: 200, Train Loss: 3.6974, Train MAPE: 0.0812, Train RMSE: 5.7341
Iter: 250, Train Loss: 4.0645, Train MAPE: 0.0879, Train RMSE: 6.1814
Iter: 300, Train Loss: 3.7963, Train MAPE: 0.0762, Train RMSE: 5.8501
Iter: 350, Train Loss: 3.6214, Train MAPE: 0.0729, Train RMSE: 5.6154
Epoch: 042, Inference Time: 4.6325 secs
Epoch: 042, Train Loss: 3.7889, Train MAPE: 0.0785, Train RMSE: 5.8377, Valid Loss: 2.8711, Valid MAPE: 0.0776, Valid RMSE: 5.5184, Training Time: 113.4917/epoch
Iter: 000, Train Loss: 3.6713, Train MAPE: 0.0731, Train RMSE: 5.6769
Iter: 050, Train Loss: 3.6983, Train MAPE: 0.0752, Train RMSE: 5.6943
Iter: 100, Train Loss: 3.8605, Train MAPE: 0.0774, Train RMSE: 5.6930
Iter: 150, Train Loss: 3.8639, Train MAPE: 0.0829, Train RMSE: 5.8872
Iter: 200, Train Loss: 3.6785, Train MAPE: 0.0746, Train RMSE: 5.6071
Iter: 250, Train Loss: 3.7354, Train MAPE: 0.0757, Train RMSE: 5.6718
Iter: 300, Train Loss: 4.1286, Train MAPE: 0.0848, Train RMSE: 6.1984
Iter: 350, Train Loss: 3.6359, Train MAPE: 0.0823, Train RMSE: 5.9279
Epoch: 043, Inference Time: 4.6335 secs
Epoch: 043, Train Loss: 3.8191, Train MAPE: 0.0800, Train RMSE: 5.9155, Valid Loss: 2.9640, Valid MAPE: 0.0804, Valid RMSE: 5.6799, Training Time: 113.4735/epoch
Iter: 000, Train Loss: 3.9119, Train MAPE: 0.0780, Train RMSE: 5.9746
Iter: 050, Train Loss: 3.7793, Train MAPE: 0.0806, Train RMSE: 5.9213
Iter: 100, Train Loss: 4.0784, Train MAPE: 0.0907, Train RMSE: 6.4816
Iter: 150, Train Loss: 3.7314, Train MAPE: 0.0775, Train RMSE: 5.8061
Iter: 200, Train Loss: 3.6985, Train MAPE: 0.0751, Train RMSE: 5.7349
Iter: 250, Train Loss: 3.7991, Train MAPE: 0.0789, Train RMSE: 5.8593
Iter: 300, Train Loss: 3.7164, Train MAPE: 0.0802, Train RMSE: 5.9008
Iter: 350, Train Loss: 4.1489, Train MAPE: 0.0882, Train RMSE: 6.3914
Epoch: 044, Inference Time: 4.6335 secs
Epoch: 044, Train Loss: 3.8654, Train MAPE: 0.0824, Train RMSE: 6.0481, Valid Loss: 2.9238, Valid MAPE: 0.0796, Valid RMSE: 5.5673, Training Time: 113.4743/epoch
Iter: 000, Train Loss: 4.1248, Train MAPE: 0.0891, Train RMSE: 6.3049
Iter: 050, Train Loss: 3.9104, Train MAPE: 0.0860, Train RMSE: 5.9792
Iter: 100, Train Loss: 3.7976, Train MAPE: 0.0759, Train RMSE: 5.8217
Iter: 150, Train Loss: 3.8691, Train MAPE: 0.0800, Train RMSE: 5.9920
Iter: 200, Train Loss: 4.1750, Train MAPE: 0.0941, Train RMSE: 6.4759
Iter: 250, Train Loss: 3.7374, Train MAPE: 0.0769, Train RMSE: 5.8269
Iter: 300, Train Loss: 3.9025, Train MAPE: 0.0867, Train RMSE: 6.5935
Iter: 350, Train Loss: 3.9305, Train MAPE: 0.0754, Train RMSE: 5.7752
Epoch: 045, Inference Time: 4.6358 secs
Epoch: 045, Train Loss: 3.8577, Train MAPE: 0.0821, Train RMSE: 6.0346, Valid Loss: 2.9788, Valid MAPE: 0.0830, Valid RMSE: 5.6634, Training Time: 113.4846/epoch
Iter: 000, Train Loss: 3.9205, Train MAPE: 0.0904, Train RMSE: 6.1747
Iter: 050, Train Loss: 3.9627, Train MAPE: 0.0856, Train RMSE: 6.2850
Iter: 100, Train Loss: 4.0129, Train MAPE: 0.0951, Train RMSE: 6.3038
Iter: 150, Train Loss: 3.6343, Train MAPE: 0.0799, Train RMSE: 5.9265
Iter: 200, Train Loss: 4.3616, Train MAPE: 0.0936, Train RMSE: 6.4389
Iter: 250, Train Loss: 3.7069, Train MAPE: 0.0742, Train RMSE: 5.5755
Iter: 300, Train Loss: 4.1430, Train MAPE: 0.0941, Train RMSE: 6.3813
Iter: 350, Train Loss: 3.8743, Train MAPE: 0.0773, Train RMSE: 5.7349
Epoch: 046, Inference Time: 4.6360 secs
Epoch: 046, Train Loss: 3.8494, Train MAPE: 0.0817, Train RMSE: 6.0114, Valid Loss: 2.9361, Valid MAPE: 0.0807, Valid RMSE: 5.6482, Training Time: 113.4945/epoch
Iter: 000, Train Loss: 4.0388, Train MAPE: 0.0954, Train RMSE: 6.4913
Iter: 050, Train Loss: 3.7083, Train MAPE: 0.0759, Train RMSE: 5.6487
Iter: 100, Train Loss: 3.9913, Train MAPE: 0.0909, Train RMSE: 6.3489
Iter: 150, Train Loss: 4.0879, Train MAPE: 0.0916, Train RMSE: 6.3537
Iter: 200, Train Loss: 3.5064, Train MAPE: 0.0702, Train RMSE: 5.5852
Iter: 250, Train Loss: 3.8422, Train MAPE: 0.0774, Train RMSE: 5.7438
Iter: 300, Train Loss: 3.7296, Train MAPE: 0.0722, Train RMSE: 5.5650
Iter: 350, Train Loss: 3.8166, Train MAPE: 0.0826, Train RMSE: 5.9644
Epoch: 047, Inference Time: 4.6358 secs
Epoch: 047, Train Loss: 3.8348, Train MAPE: 0.0809, Train RMSE: 5.9636, Valid Loss: 2.9927, Valid MAPE: 0.0769, Valid RMSE: 5.6737, Training Time: 113.4908/epoch
Iter: 000, Train Loss: 3.6981, Train MAPE: 0.0722, Train RMSE: 5.6921
Iter: 050, Train Loss: 3.9238, Train MAPE: 0.0854, Train RMSE: 5.9889
Iter: 100, Train Loss: 4.1522, Train MAPE: 0.0938, Train RMSE: 6.4938
Iter: 150, Train Loss: 3.9399, Train MAPE: 0.0837, Train RMSE: 6.1930
Iter: 200, Train Loss: 3.4852, Train MAPE: 0.0692, Train RMSE: 5.5397
Iter: 250, Train Loss: 3.9207, Train MAPE: 0.0821, Train RMSE: 6.0359
Iter: 300, Train Loss: 3.5795, Train MAPE: 0.0751, Train RMSE: 5.5479
Iter: 350, Train Loss: 4.2238, Train MAPE: 0.1027, Train RMSE: 6.9766
Epoch: 048, Inference Time: 4.6355 secs
Epoch: 048, Train Loss: 3.8257, Train MAPE: 0.0804, Train RMSE: 5.9385, Valid Loss: 2.8551, Valid MAPE: 0.0774, Valid RMSE: 5.4677, Training Time: 113.5013/epoch
Iter: 000, Train Loss: 3.8663, Train MAPE: 0.0790, Train RMSE: 5.6948
Iter: 050, Train Loss: 3.9921, Train MAPE: 0.0866, Train RMSE: 6.2472
Iter: 100, Train Loss: 3.8138, Train MAPE: 0.0853, Train RMSE: 5.9990
Iter: 150, Train Loss: 3.4444, Train MAPE: 0.0679, Train RMSE: 5.3888
Iter: 200, Train Loss: 4.2521, Train MAPE: 0.0958, Train RMSE: 6.9371
Iter: 250, Train Loss: 3.4395, Train MAPE: 0.0686, Train RMSE: 5.4604
Iter: 300, Train Loss: 4.0119, Train MAPE: 0.0993, Train RMSE: 6.3884
Iter: 350, Train Loss: 3.7905, Train MAPE: 0.0810, Train RMSE: 6.0701
Epoch: 049, Inference Time: 4.6338 secs
Epoch: 049, Train Loss: 3.8109, Train MAPE: 0.0796, Train RMSE: 5.8960, Valid Loss: 2.8999, Valid MAPE: 0.0790, Valid RMSE: 5.5972, Training Time: 113.5000/epoch
Iter: 000, Train Loss: 4.1130, Train MAPE: 0.0892, Train RMSE: 6.4313
Iter: 050, Train Loss: 3.8336, Train MAPE: 0.0809, Train RMSE: 5.9372
Iter: 100, Train Loss: 3.6285, Train MAPE: 0.0703, Train RMSE: 5.3218
Iter: 150, Train Loss: 3.7645, Train MAPE: 0.0790, Train RMSE: 5.8996
Iter: 200, Train Loss: 4.0560, Train MAPE: 0.0825, Train RMSE: 6.1481
Iter: 250, Train Loss: 3.9705, Train MAPE: 0.0859, Train RMSE: 6.2599
Iter: 300, Train Loss: 3.8843, Train MAPE: 0.0800, Train RMSE: 5.9813
Iter: 350, Train Loss: 3.8418, Train MAPE: 0.0754, Train RMSE: 5.9058
Epoch: 050, Inference Time: 4.6340 secs
Epoch: 050, Train Loss: 3.7987, Train MAPE: 0.0789, Train RMSE: 5.8567, Valid Loss: 2.8388, Valid MAPE: 0.0767, Valid RMSE: 5.4562, Training Time: 113.4741/epoch
Iter: 000, Train Loss: 4.0528, Train MAPE: 0.0894, Train RMSE: 6.2742
Iter: 050, Train Loss: 3.5764, Train MAPE: 0.0689, Train RMSE: 5.3150
Iter: 100, Train Loss: 4.0927, Train MAPE: 0.0808, Train RMSE: 6.0063
Iter: 150, Train Loss: 3.8276, Train MAPE: 0.0789, Train RMSE: 5.8358
Iter: 200, Train Loss: 3.4489, Train MAPE: 0.0709, Train RMSE: 5.4474
Iter: 250, Train Loss: 3.6676, Train MAPE: 0.0723, Train RMSE: 5.7719
Iter: 300, Train Loss: 3.9743, Train MAPE: 0.0900, Train RMSE: 6.0375
Iter: 350, Train Loss: 3.5267, Train MAPE: 0.0656, Train RMSE: 5.3110
Epoch: 051, Inference Time: 4.6365 secs
Epoch: 051, Train Loss: 3.7877, Train MAPE: 0.0783, Train RMSE: 5.8209, Valid Loss: 2.8849, Valid MAPE: 0.0778, Valid RMSE: 5.5364, Training Time: 113.4833/epoch
Iter: 000, Train Loss: 3.8201, Train MAPE: 0.0795, Train RMSE: 5.8237
Iter: 050, Train Loss: 3.8201, Train MAPE: 0.0853, Train RMSE: 5.8375
Iter: 100, Train Loss: 3.9304, Train MAPE: 0.0815, Train RMSE: 6.0098
Iter: 150, Train Loss: 3.9568, Train MAPE: 0.0881, Train RMSE: 6.3758
Iter: 200, Train Loss: 4.0581, Train MAPE: 0.0784, Train RMSE: 5.7911
Iter: 250, Train Loss: 3.7840, Train MAPE: 0.0741, Train RMSE: 5.7859
Iter: 300, Train Loss: 3.4287, Train MAPE: 0.0626, Train RMSE: 5.0597
Iter: 350, Train Loss: 3.6776, Train MAPE: 0.0719, Train RMSE: 5.5236
Epoch: 052, Inference Time: 4.6355 secs
Epoch: 052, Train Loss: 3.7791, Train MAPE: 0.0778, Train RMSE: 5.7903, Valid Loss: 2.8733, Valid MAPE: 0.0774, Valid RMSE: 5.5265, Training Time: 113.4879/epoch
Iter: 000, Train Loss: 3.7972, Train MAPE: 0.0820, Train RMSE: 6.1104
Iter: 050, Train Loss: 3.9083, Train MAPE: 0.0778, Train RMSE: 5.8643
Iter: 100, Train Loss: 3.6423, Train MAPE: 0.0773, Train RMSE: 5.5095
Iter: 150, Train Loss: 3.7118, Train MAPE: 0.0782, Train RMSE: 5.7170
Iter: 200, Train Loss: 3.8194, Train MAPE: 0.0861, Train RMSE: 5.8927
Iter: 250, Train Loss: 3.8057, Train MAPE: 0.0803, Train RMSE: 5.8318
Iter: 300, Train Loss: 3.5332, Train MAPE: 0.0676, Train RMSE: 5.3848
Iter: 350, Train Loss: 3.6000, Train MAPE: 0.0719, Train RMSE: 5.6627
Epoch: 053, Inference Time: 4.6311 secs
Epoch: 053, Train Loss: 3.7735, Train MAPE: 0.0775, Train RMSE: 5.7718, Valid Loss: 2.8675, Valid MAPE: 0.0774, Valid RMSE: 5.5181, Training Time: 113.4631/epoch
Iter: 000, Train Loss: 3.9092, Train MAPE: 0.0925, Train RMSE: 6.5740
Iter: 050, Train Loss: 3.9632, Train MAPE: 0.0851, Train RMSE: 6.0295
Iter: 100, Train Loss: 3.7982, Train MAPE: 0.0822, Train RMSE: 6.0512
Iter: 150, Train Loss: 4.2098, Train MAPE: 0.0975, Train RMSE: 6.6285
Iter: 200, Train Loss: 4.0522, Train MAPE: 0.0875, Train RMSE: 6.1595
Iter: 250, Train Loss: 3.7225, Train MAPE: 0.0796, Train RMSE: 5.6704
Iter: 300, Train Loss: 3.5494, Train MAPE: 0.0690, Train RMSE: 5.4576
Iter: 350, Train Loss: 3.5849, Train MAPE: 0.0684, Train RMSE: 5.4602
Epoch: 054, Inference Time: 4.6294 secs
Epoch: 054, Train Loss: 3.8291, Train MAPE: 0.0803, Train RMSE: 5.9281, Valid Loss: 2.9278, Valid MAPE: 0.0792, Valid RMSE: 5.6310, Training Time: 113.4381/epoch
Iter: 000, Train Loss: 3.8249, Train MAPE: 0.0839, Train RMSE: 6.3005
Iter: 050, Train Loss: 3.5683, Train MAPE: 0.0776, Train RMSE: 5.4459
Iter: 100, Train Loss: 4.2105, Train MAPE: 0.0885, Train RMSE: 6.4988
Iter: 150, Train Loss: 4.0642, Train MAPE: 0.0816, Train RMSE: 6.0291
Iter: 200, Train Loss: 3.6593, Train MAPE: 0.0776, Train RMSE: 5.8467
Iter: 250, Train Loss: 3.6328, Train MAPE: 0.0685, Train RMSE: 5.5382
Iter: 300, Train Loss: 3.6123, Train MAPE: 0.0765, Train RMSE: 5.7219
Iter: 350, Train Loss: 3.7685, Train MAPE: 0.0892, Train RMSE: 6.5039
Epoch: 055, Inference Time: 4.6277 secs
Epoch: 055, Train Loss: 3.8475, Train MAPE: 0.0816, Train RMSE: 6.0058, Valid Loss: 3.0218, Valid MAPE: 0.0782, Valid RMSE: 5.6718, Training Time: 113.4362/epoch
Iter: 000, Train Loss: 3.8263, Train MAPE: 0.0788, Train RMSE: 6.0435
Iter: 050, Train Loss: 3.9442, Train MAPE: 0.0889, Train RMSE: 6.3411
Iter: 100, Train Loss: 3.5722, Train MAPE: 0.0713, Train RMSE: 5.5246
Iter: 150, Train Loss: 3.8457, Train MAPE: 0.0900, Train RMSE: 6.1462
Iter: 200, Train Loss: 3.7486, Train MAPE: 0.0743, Train RMSE: 5.7507
Iter: 250, Train Loss: 3.6982, Train MAPE: 0.0781, Train RMSE: 5.7828
Iter: 300, Train Loss: 3.8255, Train MAPE: 0.0805, Train RMSE: 6.1119
Iter: 350, Train Loss: 3.7632, Train MAPE: 0.0817, Train RMSE: 6.0296
Epoch: 056, Inference Time: 4.6279 secs
Epoch: 056, Train Loss: 3.8442, Train MAPE: 0.0812, Train RMSE: 5.9797, Valid Loss: 2.9083, Valid MAPE: 0.0774, Valid RMSE: 5.5473, Training Time: 113.4351/epoch
Iter: 000, Train Loss: 3.5218, Train MAPE: 0.0652, Train RMSE: 5.3003
Iter: 050, Train Loss: 3.9825, Train MAPE: 0.0858, Train RMSE: 6.1953
Iter: 100, Train Loss: 3.9964, Train MAPE: 0.0863, Train RMSE: 6.2295
Iter: 150, Train Loss: 3.8111, Train MAPE: 0.0824, Train RMSE: 5.8741
Iter: 200, Train Loss: 4.0557, Train MAPE: 0.0901, Train RMSE: 6.3817
Iter: 250, Train Loss: 4.0655, Train MAPE: 0.0912, Train RMSE: 6.3554
Iter: 300, Train Loss: 3.6461, Train MAPE: 0.0725, Train RMSE: 5.6700
Iter: 350, Train Loss: 3.4347, Train MAPE: 0.0686, Train RMSE: 5.5901
Epoch: 057, Inference Time: 4.6278 secs
Epoch: 057, Train Loss: 3.8309, Train MAPE: 0.0806, Train RMSE: 5.9471, Valid Loss: 2.9457, Valid MAPE: 0.0792, Valid RMSE: 5.6510, Training Time: 113.4288/epoch
Iter: 000, Train Loss: 4.2595, Train MAPE: 0.0885, Train RMSE: 6.3692
Iter: 050, Train Loss: 4.0011, Train MAPE: 0.0896, Train RMSE: 6.1173
Iter: 100, Train Loss: 3.8065, Train MAPE: 0.0756, Train RMSE: 5.6690
Iter: 150, Train Loss: 3.5488, Train MAPE: 0.0688, Train RMSE: 5.3831
Iter: 200, Train Loss: 3.7684, Train MAPE: 0.0745, Train RMSE: 5.7789
Iter: 250, Train Loss: 3.7747, Train MAPE: 0.0869, Train RMSE: 5.9088
Iter: 300, Train Loss: 3.9830, Train MAPE: 0.0845, Train RMSE: 6.2038
Iter: 350, Train Loss: 3.6656, Train MAPE: 0.0744, Train RMSE: 5.4529
Epoch: 058, Inference Time: 4.6267 secs
Epoch: 058, Train Loss: 3.8214, Train MAPE: 0.0801, Train RMSE: 5.9198, Valid Loss: 2.9291, Valid MAPE: 0.0796, Valid RMSE: 5.5993, Training Time: 113.4236/epoch
Iter: 000, Train Loss: 4.0059, Train MAPE: 0.0949, Train RMSE: 6.2513
Iter: 050, Train Loss: 3.5522, Train MAPE: 0.0667, Train RMSE: 5.3013
Iter: 100, Train Loss: 3.8141, Train MAPE: 0.0710, Train RMSE: 5.4263
Iter: 150, Train Loss: 3.8251, Train MAPE: 0.0844, Train RMSE: 6.1691
Iter: 200, Train Loss: 3.7417, Train MAPE: 0.0743, Train RMSE: 5.5940
Iter: 250, Train Loss: 3.7535, Train MAPE: 0.0801, Train RMSE: 5.7130
Iter: 300, Train Loss: 3.6983, Train MAPE: 0.0778, Train RMSE: 5.7934
Iter: 350, Train Loss: 3.8180, Train MAPE: 0.0800, Train RMSE: 5.9216
Epoch: 059, Inference Time: 4.6275 secs
Epoch: 059, Train Loss: 3.8083, Train MAPE: 0.0793, Train RMSE: 5.8748, Valid Loss: 2.8836, Valid MAPE: 0.0771, Valid RMSE: 5.5212, Training Time: 113.4137/epoch
Iter: 000, Train Loss: 3.7279, Train MAPE: 0.0717, Train RMSE: 5.5865
Iter: 050, Train Loss: 3.8467, Train MAPE: 0.0864, Train RMSE: 6.0946
Iter: 100, Train Loss: 3.3685, Train MAPE: 0.0668, Train RMSE: 5.1577
Iter: 150, Train Loss: 3.7897, Train MAPE: 0.0791, Train RMSE: 5.6938
Iter: 200, Train Loss: 3.6719, Train MAPE: 0.0814, Train RMSE: 5.9555
Iter: 250, Train Loss: 3.6628, Train MAPE: 0.0760, Train RMSE: 5.6046
Iter: 300, Train Loss: 4.4181, Train MAPE: 0.0982, Train RMSE: 6.6512
Iter: 350, Train Loss: 3.6701, Train MAPE: 0.0767, Train RMSE: 5.7256
Epoch: 060, Inference Time: 4.6275 secs
Epoch: 060, Train Loss: 3.7952, Train MAPE: 0.0786, Train RMSE: 5.8321, Valid Loss: 2.9064, Valid MAPE: 0.0778, Valid RMSE: 5.5538, Training Time: 113.4227/epoch
Iter: 000, Train Loss: 3.8373, Train MAPE: 0.0830, Train RMSE: 6.0028
Iter: 050, Train Loss: 3.5967, Train MAPE: 0.0744, Train RMSE: 5.6856
Iter: 100, Train Loss: 4.1466, Train MAPE: 0.0892, Train RMSE: 6.3853
Iter: 150, Train Loss: 3.6780, Train MAPE: 0.0803, Train RMSE: 5.9544
Iter: 200, Train Loss: 3.9694, Train MAPE: 0.0854, Train RMSE: 6.1174
Iter: 250, Train Loss: 3.8283, Train MAPE: 0.0778, Train RMSE: 5.8155
Iter: 300, Train Loss: 3.8892, Train MAPE: 0.0794, Train RMSE: 5.8083
Iter: 350, Train Loss: 3.5561, Train MAPE: 0.0686, Train RMSE: 5.5019
Epoch: 061, Inference Time: 4.6260 secs
Epoch: 061, Train Loss: 3.7847, Train MAPE: 0.0780, Train RMSE: 5.7989, Valid Loss: 2.8708, Valid MAPE: 0.0769, Valid RMSE: 5.5582, Training Time: 113.4185/epoch
Iter: 000, Train Loss: 3.9680, Train MAPE: 0.0861, Train RMSE: 6.0904
Iter: 050, Train Loss: 4.0433, Train MAPE: 0.0820, Train RMSE: 6.1931
Iter: 100, Train Loss: 4.0543, Train MAPE: 0.0900, Train RMSE: 6.1846
Iter: 150, Train Loss: 4.0590, Train MAPE: 0.0906, Train RMSE: 6.1858
Iter: 200, Train Loss: 3.7348, Train MAPE: 0.0721, Train RMSE: 5.6838
Iter: 250, Train Loss: 4.0398, Train MAPE: 0.0877, Train RMSE: 6.1357
Iter: 300, Train Loss: 3.9768, Train MAPE: 0.0839, Train RMSE: 5.9718
Iter: 350, Train Loss: 3.5839, Train MAPE: 0.0756, Train RMSE: 5.7717
Epoch: 062, Inference Time: 4.6256 secs
Epoch: 062, Train Loss: 3.7739, Train MAPE: 0.0774, Train RMSE: 5.7602, Valid Loss: 2.8747, Valid MAPE: 0.0775, Valid RMSE: 5.5375, Training Time: 113.4145/epoch
Iter: 000, Train Loss: 3.7000, Train MAPE: 0.0731, Train RMSE: 5.6083
Iter: 050, Train Loss: 3.8266, Train MAPE: 0.0808, Train RMSE: 6.0460
Iter: 100, Train Loss: 3.6739, Train MAPE: 0.0718, Train RMSE: 5.5578
Iter: 150, Train Loss: 3.8792, Train MAPE: 0.0723, Train RMSE: 5.5493
Iter: 200, Train Loss: 3.9749, Train MAPE: 0.0916, Train RMSE: 6.2330
Iter: 250, Train Loss: 3.6330, Train MAPE: 0.0746, Train RMSE: 5.7005
Iter: 300, Train Loss: 3.8778, Train MAPE: 0.0802, Train RMSE: 5.9976
Iter: 350, Train Loss: 4.0234, Train MAPE: 0.0826, Train RMSE: 6.0041
Epoch: 063, Inference Time: 4.6259 secs
Epoch: 063, Train Loss: 3.7661, Train MAPE: 0.0770, Train RMSE: 5.7347, Valid Loss: 2.8819, Valid MAPE: 0.0769, Valid RMSE: 5.5481, Training Time: 113.4190/epoch
Iter: 000, Train Loss: 3.5684, Train MAPE: 0.0721, Train RMSE: 5.5677
Iter: 050, Train Loss: 3.9406, Train MAPE: 0.0815, Train RMSE: 5.8680
Iter: 100, Train Loss: 3.0689, Train MAPE: 0.0548, Train RMSE: 4.5740
Iter: 150, Train Loss: 3.7824, Train MAPE: 0.0782, Train RMSE: 5.6662
Iter: 200, Train Loss: 3.5439, Train MAPE: 0.0729, Train RMSE: 5.5998
Iter: 250, Train Loss: 3.5368, Train MAPE: 0.0673, Train RMSE: 5.1767
Iter: 300, Train Loss: 3.5002, Train MAPE: 0.0695, Train RMSE: 5.2804
Iter: 350, Train Loss: 3.7380, Train MAPE: 0.0816, Train RMSE: 5.8561
Epoch: 064, Inference Time: 4.6269 secs
Epoch: 064, Train Loss: 3.7618, Train MAPE: 0.0767, Train RMSE: 5.7171, Valid Loss: 3.0166, Valid MAPE: 0.0787, Valid RMSE: 5.6949, Training Time: 113.4242/epoch
Iter: 000, Train Loss: 4.0468, Train MAPE: 0.0811, Train RMSE: 6.0168
Iter: 050, Train Loss: 4.0654, Train MAPE: 0.0828, Train RMSE: 6.4220
Iter: 100, Train Loss: 3.6704, Train MAPE: 0.0758, Train RMSE: 5.8642
Iter: 150, Train Loss: 4.0857, Train MAPE: 0.0889, Train RMSE: 6.4328
Iter: 200, Train Loss: 3.7661, Train MAPE: 0.0818, Train RMSE: 6.1650
Iter: 250, Train Loss: 3.8577, Train MAPE: 0.0854, Train RMSE: 6.1094
Iter: 300, Train Loss: 4.2560, Train MAPE: 0.0920, Train RMSE: 6.2978
Iter: 350, Train Loss: 3.7306, Train MAPE: 0.0834, Train RMSE: 6.0816
Epoch: 065, Inference Time: 4.6270 secs
Epoch: 065, Train Loss: 3.8455, Train MAPE: 0.0812, Train RMSE: 5.9793, Valid Loss: 3.0107, Valid MAPE: 0.0791, Valid RMSE: 5.7572, Training Time: 113.4209/epoch
Iter: 000, Train Loss: 4.0864, Train MAPE: 0.0868, Train RMSE: 6.5255
Iter: 050, Train Loss: 3.5962, Train MAPE: 0.0721, Train RMSE: 5.5414
Iter: 100, Train Loss: 3.7533, Train MAPE: 0.0741, Train RMSE: 5.7113
Iter: 150, Train Loss: 3.6269, Train MAPE: 0.0763, Train RMSE: 5.6554
Iter: 200, Train Loss: 3.7044, Train MAPE: 0.0801, Train RMSE: 5.6264
Iter: 250, Train Loss: 3.7051, Train MAPE: 0.0746, Train RMSE: 5.6639
Iter: 300, Train Loss: 3.7159, Train MAPE: 0.0698, Train RMSE: 5.4846
Iter: 350, Train Loss: 3.7462, Train MAPE: 0.0832, Train RMSE: 6.0418
Epoch: 066, Inference Time: 4.6265 secs
Epoch: 066, Train Loss: 3.8330, Train MAPE: 0.0807, Train RMSE: 5.9521, Valid Loss: 2.9331, Valid MAPE: 0.0802, Valid RMSE: 5.6019, Training Time: 113.4202/epoch
Early Termination!
Average Training Time: 113.5652 secs/epoch
Average Inference Time: 4.6435 secs
Training finished
The valid loss on best model is 2.8388
Evaluate best model on test data for horizon 1, Test MAE: 2.4103, Test MAPE: 0.0574, Test RMSE: 4.2319
Evaluate best model on test data for horizon 2, Test MAE: 2.6495, Test MAPE: 0.0651, Test RMSE: 4.9320
Evaluate best model on test data for horizon 3, Test MAE: 2.8219, Test MAPE: 0.0713, Test RMSE: 5.4053
Evaluate best model on test data for horizon 4, Test MAE: 2.9651, Test MAPE: 0.0765, Test RMSE: 5.7868
Evaluate best model on test data for horizon 5, Test MAE: 3.0849, Test MAPE: 0.0810, Test RMSE: 6.1041
Evaluate best model on test data for horizon 6, Test MAE: 3.1875, Test MAPE: 0.0847, Test RMSE: 6.3682
Evaluate best model on test data for horizon 7, Test MAE: 3.2772, Test MAPE: 0.0880, Test RMSE: 6.5913
Evaluate best model on test data for horizon 8, Test MAE: 3.3588, Test MAPE: 0.0909, Test RMSE: 6.7898
Evaluate best model on test data for horizon 9, Test MAE: 3.4298, Test MAPE: 0.0933, Test RMSE: 6.9637
Evaluate best model on test data for horizon 10, Test MAE: 3.4921, Test MAPE: 0.0954, Test RMSE: 7.1149
Evaluate best model on test data for horizon 11, Test MAE: 3.5471, Test MAPE: 0.0972, Test RMSE: 7.2433
Evaluate best model on test data for horizon 12, Test MAE: 3.5992, Test MAPE: 0.0988, Test RMSE: 7.3596
On average over 12 horizons, Test MAE: 3.1519, Test MAPE: 0.0833, Test RMSE: 6.2409
Total time spent: 7836.8783
