Start Deterministic Training with seed 42
Namespace(device='cuda:0', data='/home/p_tf_zy/p_tf_01/TESTAM-main/data/METR-LA', adjdata='/home/p_tf_zy/p_tf_01/TESTAM-main/data/METR-LA/adj_mx.pkl', adjtype='doubletransition', out_dim=1, nhid=32, in_dim=2, num_nodes=207, batch_size=64, dropout=0.3, epochs=100, print_every=50, seed=42, save='/home/p_tf_zy/p_tf_01/TESTAM-main/experiment/METR-LA_TESTAM', expid=1, load_path=None, patience=15, lr_mul=1, n_warmup_steps=4000, quantile=0.7, is_quantile=False, warmup_epoch=0)
Train the model with 208507 parameters
start training...
Iter: 000, Train Loss: 22.0552, Train MAPE: 0.4191, Train RMSE: 25.4756
Iter: 050, Train Loss: 12.3783, Train MAPE: 0.3058, Train RMSE: 16.4646
Iter: 100, Train Loss: 9.0303, Train MAPE: 0.2563, Train RMSE: 12.9690
Iter: 150, Train Loss: 7.3084, Train MAPE: 0.1837, Train RMSE: 10.1466
Iter: 200, Train Loss: 6.5021, Train MAPE: 0.1633, Train RMSE: 9.5812
Iter: 250, Train Loss: 5.9328, Train MAPE: 0.1706, Train RMSE: 9.4654
Iter: 300, Train Loss: 5.5192, Train MAPE: 0.1632, Train RMSE: 9.1393
Iter: 350, Train Loss: 5.6176, Train MAPE: 0.1764, Train RMSE: 9.6694
Epoch: 001, Inference Time: 5.1616 secs
Epoch: 001, Train Loss: 8.4385, Train MAPE: 0.2126, Train RMSE: 12.0333, Valid Loss: 4.4428, Valid MAPE: 0.1276, Valid RMSE: 8.0534, Training Time: 123.3320/epoch
Iter: 000, Train Loss: 4.8024, Train MAPE: 0.1214, Train RMSE: 8.4385
Iter: 050, Train Loss: 4.8467, Train MAPE: 0.1379, Train RMSE: 8.4674
Iter: 100, Train Loss: 4.8630, Train MAPE: 0.1297, Train RMSE: 8.6992
Iter: 150, Train Loss: 5.0872, Train MAPE: 0.1397, Train RMSE: 8.8040
Iter: 200, Train Loss: 4.9077, Train MAPE: 0.1397, Train RMSE: 8.9173
Iter: 250, Train Loss: 4.7774, Train MAPE: 0.1447, Train RMSE: 8.6438
Iter: 300, Train Loss: 4.8131, Train MAPE: 0.1345, Train RMSE: 8.8089
Iter: 350, Train Loss: 5.0849, Train MAPE: 0.1563, Train RMSE: 9.3383
Epoch: 002, Inference Time: 4.7695 secs
Epoch: 002, Train Loss: 4.8746, Train MAPE: 0.1389, Train RMSE: 8.7945, Valid Loss: 4.4959, Valid MAPE: 0.1326, Valid RMSE: 7.9952, Training Time: 114.4447/epoch
Iter: 000, Train Loss: 4.9154, Train MAPE: 0.1323, Train RMSE: 8.8969
Iter: 050, Train Loss: 4.6755, Train MAPE: 0.1364, Train RMSE: 8.6713
Iter: 100, Train Loss: 4.1068, Train MAPE: 0.1062, Train RMSE: 7.7491
Iter: 150, Train Loss: 4.4568, Train MAPE: 0.1229, Train RMSE: 8.1219
Iter: 200, Train Loss: 4.4298, Train MAPE: 0.1221, Train RMSE: 8.1496
Iter: 250, Train Loss: 4.2892, Train MAPE: 0.1171, Train RMSE: 7.9408
Iter: 300, Train Loss: 4.8522, Train MAPE: 0.1494, Train RMSE: 9.0713
Iter: 350, Train Loss: 4.7227, Train MAPE: 0.1381, Train RMSE: 8.7597
Epoch: 003, Inference Time: 4.7664 secs
Epoch: 003, Train Loss: 4.6499, Train MAPE: 0.1316, Train RMSE: 8.5212, Valid Loss: 4.2172, Valid MAPE: 0.1278, Valid RMSE: 7.6008, Training Time: 114.9192/epoch
Iter: 000, Train Loss: 4.8192, Train MAPE: 0.1365, Train RMSE: 8.6242
Iter: 050, Train Loss: 4.3964, Train MAPE: 0.1071, Train RMSE: 7.6717
Iter: 100, Train Loss: 4.5739, Train MAPE: 0.1198, Train RMSE: 8.0160
Iter: 150, Train Loss: 4.3436, Train MAPE: 0.1109, Train RMSE: 7.4647
Iter: 200, Train Loss: 4.3823, Train MAPE: 0.1190, Train RMSE: 7.9125
Iter: 250, Train Loss: 4.3751, Train MAPE: 0.1161, Train RMSE: 7.7196
Iter: 300, Train Loss: 4.1621, Train MAPE: 0.1031, Train RMSE: 7.4993
Iter: 350, Train Loss: 4.1929, Train MAPE: 0.1057, Train RMSE: 7.5359
Epoch: 004, Inference Time: 4.8065 secs
Epoch: 004, Train Loss: 4.5072, Train MAPE: 0.1210, Train RMSE: 8.0491, Valid Loss: 4.0527, Valid MAPE: 0.1145, Valid RMSE: 7.4669, Training Time: 114.9710/epoch
Iter: 000, Train Loss: 4.2948, Train MAPE: 0.1168, Train RMSE: 8.0018
Iter: 050, Train Loss: 4.1759, Train MAPE: 0.1094, Train RMSE: 7.4055
Iter: 100, Train Loss: 4.4585, Train MAPE: 0.1205, Train RMSE: 7.9326
Iter: 150, Train Loss: 3.9091, Train MAPE: 0.0930, Train RMSE: 6.8970
Iter: 200, Train Loss: 4.2560, Train MAPE: 0.1030, Train RMSE: 7.4522
Iter: 250, Train Loss: 4.5894, Train MAPE: 0.1253, Train RMSE: 7.9937
Iter: 300, Train Loss: 4.5787, Train MAPE: 0.1191, Train RMSE: 8.2153
Iter: 350, Train Loss: 4.4848, Train MAPE: 0.1192, Train RMSE: 8.1062
Epoch: 005, Inference Time: 4.7666 secs
Epoch: 005, Train Loss: 4.3619, Train MAPE: 0.1148, Train RMSE: 7.7564, Valid Loss: 3.7005, Valid MAPE: 0.1065, Valid RMSE: 6.9737, Training Time: 114.4150/epoch
Iter: 000, Train Loss: 4.3848, Train MAPE: 0.1157, Train RMSE: 7.4501
Iter: 050, Train Loss: 4.4927, Train MAPE: 0.1111, Train RMSE: 8.0425
Iter: 100, Train Loss: 3.9204, Train MAPE: 0.0897, Train RMSE: 6.9187
Iter: 150, Train Loss: 4.3701, Train MAPE: 0.1146, Train RMSE: 7.4748
Iter: 200, Train Loss: 4.2392, Train MAPE: 0.1069, Train RMSE: 7.3472
Iter: 250, Train Loss: 4.2919, Train MAPE: 0.1128, Train RMSE: 7.5654
Iter: 300, Train Loss: 3.9718, Train MAPE: 0.0965, Train RMSE: 6.7605
Iter: 350, Train Loss: 3.6929, Train MAPE: 0.0839, Train RMSE: 6.3668
Epoch: 006, Inference Time: 4.7672 secs
Epoch: 006, Train Loss: 4.2371, Train MAPE: 0.1085, Train RMSE: 7.4680, Valid Loss: 3.5264, Valid MAPE: 0.1010, Valid RMSE: 6.6373, Training Time: 114.0628/epoch
Iter: 000, Train Loss: 3.8119, Train MAPE: 0.0955, Train RMSE: 6.9018
Iter: 050, Train Loss: 4.7839, Train MAPE: 0.1301, Train RMSE: 8.3673
Iter: 100, Train Loss: 4.0016, Train MAPE: 0.0912, Train RMSE: 6.8355
Iter: 150, Train Loss: 3.9387, Train MAPE: 0.1009, Train RMSE: 6.9075
Iter: 200, Train Loss: 4.0850, Train MAPE: 0.1048, Train RMSE: 7.4509
Iter: 250, Train Loss: 4.0297, Train MAPE: 0.0960, Train RMSE: 6.9072
Iter: 300, Train Loss: 4.2737, Train MAPE: 0.1074, Train RMSE: 7.3023
Iter: 350, Train Loss: 4.1576, Train MAPE: 0.1034, Train RMSE: 7.0035
Epoch: 007, Inference Time: 4.7685 secs
Epoch: 007, Train Loss: 4.1275, Train MAPE: 0.1019, Train RMSE: 7.1350, Valid Loss: 3.3988, Valid MAPE: 0.0953, Valid RMSE: 6.3233, Training Time: 114.5127/epoch
Iter: 000, Train Loss: 4.0673, Train MAPE: 0.0942, Train RMSE: 6.8770
Iter: 050, Train Loss: 4.0220, Train MAPE: 0.0971, Train RMSE: 6.8955
Iter: 100, Train Loss: 3.9181, Train MAPE: 0.0886, Train RMSE: 6.5256
Iter: 150, Train Loss: 4.0879, Train MAPE: 0.1028, Train RMSE: 6.8674
Iter: 200, Train Loss: 3.8004, Train MAPE: 0.0916, Train RMSE: 6.5060
Iter: 250, Train Loss: 3.9974, Train MAPE: 0.1024, Train RMSE: 6.8492
Iter: 300, Train Loss: 3.7471, Train MAPE: 0.0836, Train RMSE: 6.5679
Iter: 350, Train Loss: 4.0841, Train MAPE: 0.1049, Train RMSE: 7.2577
Epoch: 008, Inference Time: 4.7636 secs
Epoch: 008, Train Loss: 4.0329, Train MAPE: 0.0974, Train RMSE: 6.9021, Valid Loss: 3.5031, Valid MAPE: 0.0938, Valid RMSE: 6.3027, Training Time: 114.4979/epoch
Iter: 000, Train Loss: 3.8276, Train MAPE: 0.0880, Train RMSE: 6.3248
Iter: 050, Train Loss: 4.0966, Train MAPE: 0.0922, Train RMSE: 6.9609
Iter: 100, Train Loss: 4.0357, Train MAPE: 0.0972, Train RMSE: 6.8029
Iter: 150, Train Loss: 3.7504, Train MAPE: 0.0886, Train RMSE: 6.3535
Iter: 200, Train Loss: 3.8796, Train MAPE: 0.0870, Train RMSE: 6.2818
Iter: 250, Train Loss: 4.3085, Train MAPE: 0.1091, Train RMSE: 7.3999
Iter: 300, Train Loss: 3.8782, Train MAPE: 0.0926, Train RMSE: 6.5324
Iter: 350, Train Loss: 3.5619, Train MAPE: 0.0764, Train RMSE: 5.9416
Epoch: 009, Inference Time: 4.7661 secs
Epoch: 009, Train Loss: 3.9795, Train MAPE: 0.0952, Train RMSE: 6.7794, Valid Loss: 3.7111, Valid MAPE: 0.0950, Valid RMSE: 6.4788, Training Time: 114.0509/epoch
Iter: 000, Train Loss: 3.7866, Train MAPE: 0.0858, Train RMSE: 6.5716
Iter: 050, Train Loss: 3.9215, Train MAPE: 0.0905, Train RMSE: 6.5630
Iter: 100, Train Loss: 3.9861, Train MAPE: 0.0996, Train RMSE: 6.7587
Iter: 150, Train Loss: 3.9495, Train MAPE: 0.0933, Train RMSE: 6.6950
Iter: 200, Train Loss: 3.9841, Train MAPE: 0.0905, Train RMSE: 6.6933
Iter: 250, Train Loss: 4.3215, Train MAPE: 0.1047, Train RMSE: 7.0926
Iter: 300, Train Loss: 3.8065, Train MAPE: 0.0909, Train RMSE: 6.7541
Iter: 350, Train Loss: 3.9708, Train MAPE: 0.0904, Train RMSE: 6.5643
Epoch: 010, Inference Time: 4.7648 secs
Epoch: 010, Train Loss: 3.9392, Train MAPE: 0.0935, Train RMSE: 6.6860, Valid Loss: 3.4700, Valid MAPE: 0.0902, Valid RMSE: 6.2380, Training Time: 114.0539/epoch
Iter: 000, Train Loss: 4.0142, Train MAPE: 0.0904, Train RMSE: 6.7559
Iter: 050, Train Loss: 3.7780, Train MAPE: 0.0904, Train RMSE: 6.5092
Iter: 100, Train Loss: 3.7972, Train MAPE: 0.0858, Train RMSE: 6.3308
Iter: 150, Train Loss: 3.8232, Train MAPE: 0.0881, Train RMSE: 6.5604
Iter: 200, Train Loss: 3.5528, Train MAPE: 0.0759, Train RMSE: 6.1076
Iter: 250, Train Loss: 3.9104, Train MAPE: 0.0952, Train RMSE: 6.3877
Iter: 300, Train Loss: 3.9896, Train MAPE: 0.0981, Train RMSE: 6.7044
Iter: 350, Train Loss: 4.2383, Train MAPE: 0.0997, Train RMSE: 6.9869
Epoch: 011, Inference Time: 4.7644 secs
Epoch: 011, Train Loss: 3.9350, Train MAPE: 0.0927, Train RMSE: 6.6327, Valid Loss: 3.5046, Valid MAPE: 0.0999, Valid RMSE: 6.2197, Training Time: 114.0503/epoch
Iter: 000, Train Loss: 4.2611, Train MAPE: 0.1079, Train RMSE: 7.1628
Iter: 050, Train Loss: 4.0909, Train MAPE: 0.1030, Train RMSE: 6.7128
Iter: 100, Train Loss: 4.2026, Train MAPE: 0.0968, Train RMSE: 6.6790
Iter: 150, Train Loss: 3.7011, Train MAPE: 0.0802, Train RMSE: 6.3218
Iter: 200, Train Loss: 3.7079, Train MAPE: 0.0841, Train RMSE: 6.3534
Iter: 250, Train Loss: 4.0169, Train MAPE: 0.0977, Train RMSE: 6.4398
Iter: 300, Train Loss: 4.0622, Train MAPE: 0.0978, Train RMSE: 7.0449
Iter: 350, Train Loss: 3.4530, Train MAPE: 0.0740, Train RMSE: 5.6915
Epoch: 012, Inference Time: 4.7662 secs
Epoch: 012, Train Loss: 3.9392, Train MAPE: 0.0928, Train RMSE: 6.6179, Valid Loss: 3.3776, Valid MAPE: 0.0910, Valid RMSE: 6.0545, Training Time: 114.0579/epoch
Iter: 000, Train Loss: 3.8275, Train MAPE: 0.0858, Train RMSE: 6.5588
Iter: 050, Train Loss: 4.0837, Train MAPE: 0.1061, Train RMSE: 7.1699
Iter: 100, Train Loss: 4.1351, Train MAPE: 0.1131, Train RMSE: 7.2568
Iter: 150, Train Loss: 3.9272, Train MAPE: 0.0924, Train RMSE: 6.5193
Iter: 200, Train Loss: 3.8143, Train MAPE: 0.0844, Train RMSE: 6.1491
Iter: 250, Train Loss: 3.7744, Train MAPE: 0.0824, Train RMSE: 6.1488
Iter: 300, Train Loss: 3.6935, Train MAPE: 0.0784, Train RMSE: 6.0674
Iter: 350, Train Loss: 3.6629, Train MAPE: 0.0803, Train RMSE: 6.1025
Epoch: 013, Inference Time: 4.7658 secs
Epoch: 013, Train Loss: 3.8770, Train MAPE: 0.0907, Train RMSE: 6.4949, Valid Loss: 3.2869, Valid MAPE: 0.0901, Valid RMSE: 5.9149, Training Time: 114.0568/epoch
Iter: 000, Train Loss: 3.5840, Train MAPE: 0.0769, Train RMSE: 5.8599
Iter: 050, Train Loss: 3.8523, Train MAPE: 0.0884, Train RMSE: 6.3969
Iter: 100, Train Loss: 3.6536, Train MAPE: 0.0877, Train RMSE: 6.2774
Iter: 150, Train Loss: 3.6994, Train MAPE: 0.0793, Train RMSE: 6.1414
Iter: 200, Train Loss: 4.1074, Train MAPE: 0.0928, Train RMSE: 6.8702
Iter: 250, Train Loss: 3.9962, Train MAPE: 0.0970, Train RMSE: 6.7208
Iter: 300, Train Loss: 3.8630, Train MAPE: 0.0877, Train RMSE: 6.4544
Iter: 350, Train Loss: 3.5521, Train MAPE: 0.0773, Train RMSE: 5.8653
Epoch: 014, Inference Time: 4.7660 secs
Epoch: 014, Train Loss: 3.8293, Train MAPE: 0.0885, Train RMSE: 6.3885, Valid Loss: 3.0928, Valid MAPE: 0.0843, Valid RMSE: 5.7506, Training Time: 114.0517/epoch
Iter: 000, Train Loss: 3.5957, Train MAPE: 0.0811, Train RMSE: 5.9757
Iter: 050, Train Loss: 3.6217, Train MAPE: 0.0831, Train RMSE: 6.0497
Iter: 100, Train Loss: 3.9043, Train MAPE: 0.0941, Train RMSE: 6.6297
Iter: 150, Train Loss: 3.8804, Train MAPE: 0.0927, Train RMSE: 6.5987
Iter: 200, Train Loss: 3.6787, Train MAPE: 0.0848, Train RMSE: 5.9533
Iter: 250, Train Loss: 3.6410, Train MAPE: 0.0775, Train RMSE: 5.9201
Iter: 300, Train Loss: 3.5061, Train MAPE: 0.0711, Train RMSE: 5.7595
Iter: 350, Train Loss: 4.0933, Train MAPE: 0.0982, Train RMSE: 7.0904
Epoch: 015, Inference Time: 4.7660 secs
Epoch: 015, Train Loss: 3.7884, Train MAPE: 0.0869, Train RMSE: 6.3103, Valid Loss: 3.1479, Valid MAPE: 0.0856, Valid RMSE: 5.7017, Training Time: 114.0583/epoch
Iter: 000, Train Loss: 4.0905, Train MAPE: 0.0984, Train RMSE: 6.6798
Iter: 050, Train Loss: 3.6073, Train MAPE: 0.0751, Train RMSE: 5.8673
Iter: 100, Train Loss: 3.6400, Train MAPE: 0.0814, Train RMSE: 6.1115
Iter: 150, Train Loss: 4.1120, Train MAPE: 0.1081, Train RMSE: 6.9141
Iter: 200, Train Loss: 4.0087, Train MAPE: 0.0979, Train RMSE: 6.8494
Iter: 250, Train Loss: 3.7875, Train MAPE: 0.0884, Train RMSE: 6.4012
Iter: 300, Train Loss: 3.5118, Train MAPE: 0.0746, Train RMSE: 5.9163
Iter: 350, Train Loss: 3.5884, Train MAPE: 0.0771, Train RMSE: 5.9683
Epoch: 016, Inference Time: 4.7654 secs
Epoch: 016, Train Loss: 3.7540, Train MAPE: 0.0855, Train RMSE: 6.2387, Valid Loss: 3.1200, Valid MAPE: 0.0839, Valid RMSE: 5.6700, Training Time: 114.0516/epoch
Iter: 000, Train Loss: 3.5007, Train MAPE: 0.0727, Train RMSE: 5.8542
Iter: 050, Train Loss: 3.3261, Train MAPE: 0.0713, Train RMSE: 5.6303
Iter: 100, Train Loss: 3.7870, Train MAPE: 0.0973, Train RMSE: 6.5306
Iter: 150, Train Loss: 3.7762, Train MAPE: 0.0931, Train RMSE: 6.2637
Iter: 200, Train Loss: 3.5919, Train MAPE: 0.0748, Train RMSE: 5.8524
Iter: 250, Train Loss: 4.0998, Train MAPE: 0.1008, Train RMSE: 6.8429
Iter: 300, Train Loss: 3.5893, Train MAPE: 0.0743, Train RMSE: 5.5487
Iter: 350, Train Loss: 3.8315, Train MAPE: 0.0848, Train RMSE: 6.3534
Epoch: 017, Inference Time: 4.7660 secs
Epoch: 017, Train Loss: 3.7215, Train MAPE: 0.0843, Train RMSE: 6.1676, Valid Loss: 3.1220, Valid MAPE: 0.0832, Valid RMSE: 5.6648, Training Time: 114.0598/epoch
Iter: 000, Train Loss: 3.9023, Train MAPE: 0.0924, Train RMSE: 6.5318
Iter: 050, Train Loss: 3.7777, Train MAPE: 0.0854, Train RMSE: 6.0867
Iter: 100, Train Loss: 3.7028, Train MAPE: 0.0821, Train RMSE: 6.2303
Iter: 150, Train Loss: 4.3648, Train MAPE: 0.1082, Train RMSE: 7.1972
Iter: 200, Train Loss: 4.0961, Train MAPE: 0.0983, Train RMSE: 6.5626
Iter: 250, Train Loss: 3.5114, Train MAPE: 0.0763, Train RMSE: 5.6385
Iter: 300, Train Loss: 3.6407, Train MAPE: 0.0746, Train RMSE: 5.7709
Iter: 350, Train Loss: 3.5858, Train MAPE: 0.0837, Train RMSE: 5.9553
Epoch: 018, Inference Time: 4.7645 secs
Epoch: 018, Train Loss: 3.6939, Train MAPE: 0.0830, Train RMSE: 6.1042, Valid Loss: 3.1157, Valid MAPE: 0.0840, Valid RMSE: 5.6831, Training Time: 114.0518/epoch
Iter: 000, Train Loss: 3.9032, Train MAPE: 0.0887, Train RMSE: 6.2537
Iter: 050, Train Loss: 3.7084, Train MAPE: 0.0788, Train RMSE: 5.8825
Iter: 100, Train Loss: 3.5447, Train MAPE: 0.0783, Train RMSE: 5.9345
Iter: 150, Train Loss: 3.5425, Train MAPE: 0.0740, Train RMSE: 5.8158
Iter: 200, Train Loss: 3.8388, Train MAPE: 0.0903, Train RMSE: 6.2973
Iter: 250, Train Loss: 3.4419, Train MAPE: 0.0740, Train RMSE: 5.6700
Iter: 300, Train Loss: 3.7454, Train MAPE: 0.0815, Train RMSE: 6.0523
Iter: 350, Train Loss: 3.2907, Train MAPE: 0.0659, Train RMSE: 5.4301
Epoch: 019, Inference Time: 4.7656 secs
Epoch: 019, Train Loss: 3.6718, Train MAPE: 0.0821, Train RMSE: 6.0562, Valid Loss: 3.0762, Valid MAPE: 0.0821, Valid RMSE: 5.6115, Training Time: 114.3099/epoch
Iter: 000, Train Loss: 3.4484, Train MAPE: 0.0743, Train RMSE: 5.7165
Iter: 050, Train Loss: 3.6609, Train MAPE: 0.0794, Train RMSE: 5.7909
Iter: 100, Train Loss: 3.5395, Train MAPE: 0.0772, Train RMSE: 5.8093
Iter: 150, Train Loss: 3.8605, Train MAPE: 0.0887, Train RMSE: 6.2913
Iter: 200, Train Loss: 3.6625, Train MAPE: 0.0822, Train RMSE: 5.7774
Iter: 250, Train Loss: 3.6249, Train MAPE: 0.0813, Train RMSE: 5.9752
Iter: 300, Train Loss: 3.9641, Train MAPE: 0.0939, Train RMSE: 6.5264
Iter: 350, Train Loss: 3.6561, Train MAPE: 0.0781, Train RMSE: 5.8119
Epoch: 020, Inference Time: 4.9180 secs
Epoch: 020, Train Loss: 3.6538, Train MAPE: 0.0814, Train RMSE: 6.0177, Valid Loss: 3.0723, Valid MAPE: 0.0823, Valid RMSE: 5.5804, Training Time: 114.0645/epoch
Iter: 000, Train Loss: 3.7828, Train MAPE: 0.0817, Train RMSE: 6.0481
Iter: 050, Train Loss: 3.6122, Train MAPE: 0.0754, Train RMSE: 5.7952
Iter: 100, Train Loss: 3.4310, Train MAPE: 0.0727, Train RMSE: 5.7665
Iter: 150, Train Loss: 3.8144, Train MAPE: 0.0809, Train RMSE: 5.8461
Iter: 200, Train Loss: 3.8353, Train MAPE: 0.0858, Train RMSE: 6.1891
Iter: 250, Train Loss: 3.3736, Train MAPE: 0.0749, Train RMSE: 5.5919
Iter: 300, Train Loss: 3.7657, Train MAPE: 0.0858, Train RMSE: 6.3390
Iter: 350, Train Loss: 3.6675, Train MAPE: 0.0813, Train RMSE: 6.0449
Epoch: 021, Inference Time: 4.7696 secs
Epoch: 021, Train Loss: 3.6427, Train MAPE: 0.0810, Train RMSE: 5.9922, Valid Loss: 3.0352, Valid MAPE: 0.0816, Valid RMSE: 5.5625, Training Time: 114.1481/epoch
Iter: 000, Train Loss: 3.7578, Train MAPE: 0.0878, Train RMSE: 6.1756
Iter: 050, Train Loss: 3.4699, Train MAPE: 0.0764, Train RMSE: 5.7829
Iter: 100, Train Loss: 3.4156, Train MAPE: 0.0707, Train RMSE: 5.5971
Iter: 150, Train Loss: 3.7840, Train MAPE: 0.0898, Train RMSE: 6.1198
Iter: 200, Train Loss: 3.6883, Train MAPE: 0.0824, Train RMSE: 6.1277
Iter: 250, Train Loss: 3.7794, Train MAPE: 0.0864, Train RMSE: 6.1753
Iter: 300, Train Loss: 3.6725, Train MAPE: 0.0759, Train RMSE: 5.9274
Iter: 350, Train Loss: 3.7286, Train MAPE: 0.0806, Train RMSE: 6.2535
Epoch: 022, Inference Time: 4.7620 secs
Epoch: 022, Train Loss: 3.7357, Train MAPE: 0.0842, Train RMSE: 6.1660, Valid Loss: 3.1560, Valid MAPE: 0.0848, Valid RMSE: 5.7388, Training Time: 114.2932/epoch
Iter: 000, Train Loss: 3.6088, Train MAPE: 0.0785, Train RMSE: 5.7627
Iter: 050, Train Loss: 3.8300, Train MAPE: 0.0913, Train RMSE: 6.1083
Iter: 100, Train Loss: 3.6016, Train MAPE: 0.0793, Train RMSE: 5.9610
Iter: 150, Train Loss: 3.4348, Train MAPE: 0.0726, Train RMSE: 5.8609
Iter: 200, Train Loss: 3.7073, Train MAPE: 0.0815, Train RMSE: 5.9765
Iter: 250, Train Loss: 4.0514, Train MAPE: 0.0920, Train RMSE: 6.6353
Iter: 300, Train Loss: 3.7245, Train MAPE: 0.0762, Train RMSE: 6.0600
Iter: 350, Train Loss: 3.4961, Train MAPE: 0.0780, Train RMSE: 5.8396
Epoch: 023, Inference Time: 4.7621 secs
Epoch: 023, Train Loss: 3.7572, Train MAPE: 0.0852, Train RMSE: 6.2212, Valid Loss: 3.3878, Valid MAPE: 0.0864, Valid RMSE: 6.1155, Training Time: 114.4172/epoch
Iter: 000, Train Loss: 3.6884, Train MAPE: 0.0818, Train RMSE: 6.4306
Iter: 050, Train Loss: 3.6109, Train MAPE: 0.0777, Train RMSE: 5.8522
Iter: 100, Train Loss: 3.6148, Train MAPE: 0.0828, Train RMSE: 6.1957
Iter: 150, Train Loss: 3.6325, Train MAPE: 0.0783, Train RMSE: 5.9982
Iter: 200, Train Loss: 3.5297, Train MAPE: 0.0712, Train RMSE: 5.7461
Iter: 250, Train Loss: 3.7608, Train MAPE: 0.0789, Train RMSE: 5.9379
Iter: 300, Train Loss: 3.9864, Train MAPE: 0.0994, Train RMSE: 6.7208
Iter: 350, Train Loss: 3.7299, Train MAPE: 0.0889, Train RMSE: 6.2245
Epoch: 024, Inference Time: 4.7655 secs
Epoch: 024, Train Loss: 3.7338, Train MAPE: 0.0843, Train RMSE: 6.1719, Valid Loss: 3.0902, Valid MAPE: 0.0833, Valid RMSE: 5.6458, Training Time: 114.4353/epoch
Iter: 000, Train Loss: 3.8050, Train MAPE: 0.0846, Train RMSE: 6.2979
Iter: 050, Train Loss: 3.8030, Train MAPE: 0.0809, Train RMSE: 6.1361
Iter: 100, Train Loss: 3.7776, Train MAPE: 0.0895, Train RMSE: 6.5422
Iter: 150, Train Loss: 3.7231, Train MAPE: 0.0799, Train RMSE: 5.9881
Iter: 200, Train Loss: 3.4879, Train MAPE: 0.0742, Train RMSE: 5.7789
Iter: 250, Train Loss: 3.8357, Train MAPE: 0.0866, Train RMSE: 6.4354
Iter: 300, Train Loss: 3.5828, Train MAPE: 0.0799, Train RMSE: 5.9553
Iter: 350, Train Loss: 3.8110, Train MAPE: 0.0859, Train RMSE: 6.2399
Epoch: 025, Inference Time: 4.7616 secs
Epoch: 025, Train Loss: 3.7093, Train MAPE: 0.0835, Train RMSE: 6.1308, Valid Loss: 3.0041, Valid MAPE: 0.0822, Valid RMSE: 5.6052, Training Time: 114.2422/epoch
Iter: 000, Train Loss: 3.8167, Train MAPE: 0.0845, Train RMSE: 6.3260
Iter: 050, Train Loss: 3.7357, Train MAPE: 0.0792, Train RMSE: 6.0655
Iter: 100, Train Loss: 3.7533, Train MAPE: 0.0800, Train RMSE: 6.3016
Iter: 150, Train Loss: 3.6982, Train MAPE: 0.0872, Train RMSE: 6.0590
Iter: 200, Train Loss: 3.7377, Train MAPE: 0.0824, Train RMSE: 5.9902
Iter: 250, Train Loss: 3.6467, Train MAPE: 0.0820, Train RMSE: 6.0350
Iter: 300, Train Loss: 3.8207, Train MAPE: 0.0845, Train RMSE: 6.2262
Iter: 350, Train Loss: 3.7200, Train MAPE: 0.0869, Train RMSE: 6.2587
Epoch: 026, Inference Time: 4.9655 secs
Epoch: 026, Train Loss: 3.6882, Train MAPE: 0.0826, Train RMSE: 6.0784, Valid Loss: 2.9954, Valid MAPE: 0.0824, Valid RMSE: 5.5856, Training Time: 114.7293/epoch
Iter: 000, Train Loss: 3.5429, Train MAPE: 0.0759, Train RMSE: 5.6484
Iter: 050, Train Loss: 3.7786, Train MAPE: 0.0896, Train RMSE: 6.2633
Iter: 100, Train Loss: 3.7574, Train MAPE: 0.0857, Train RMSE: 6.0493
Iter: 150, Train Loss: 3.6427, Train MAPE: 0.0851, Train RMSE: 6.2558
Iter: 200, Train Loss: 3.6842, Train MAPE: 0.0812, Train RMSE: 6.0647
Iter: 250, Train Loss: 3.7482, Train MAPE: 0.0781, Train RMSE: 5.9740
Iter: 300, Train Loss: 3.5271, Train MAPE: 0.0751, Train RMSE: 5.7346
Iter: 350, Train Loss: 3.7240, Train MAPE: 0.0836, Train RMSE: 6.1422
Epoch: 027, Inference Time: 4.8015 secs
Epoch: 027, Train Loss: 3.6641, Train MAPE: 0.0815, Train RMSE: 6.0216, Valid Loss: 3.0409, Valid MAPE: 0.0831, Valid RMSE: 5.6005, Training Time: 114.7189/epoch
Iter: 000, Train Loss: 3.9092, Train MAPE: 0.0912, Train RMSE: 6.4922
Iter: 050, Train Loss: 3.7042, Train MAPE: 0.0824, Train RMSE: 6.0642
Iter: 100, Train Loss: 3.4620, Train MAPE: 0.0733, Train RMSE: 5.8256
Iter: 150, Train Loss: 3.7525, Train MAPE: 0.0878, Train RMSE: 6.3156
Iter: 200, Train Loss: 4.0395, Train MAPE: 0.1003, Train RMSE: 6.8161
Iter: 250, Train Loss: 3.5506, Train MAPE: 0.0762, Train RMSE: 5.6780
Iter: 300, Train Loss: 3.8736, Train MAPE: 0.0886, Train RMSE: 6.2345
Iter: 350, Train Loss: 3.3349, Train MAPE: 0.0696, Train RMSE: 5.5994
Epoch: 028, Inference Time: 4.7666 secs
Epoch: 028, Train Loss: 3.6417, Train MAPE: 0.0808, Train RMSE: 5.9790, Valid Loss: 3.0428, Valid MAPE: 0.0824, Valid RMSE: 5.5686, Training Time: 114.5820/epoch
Iter: 000, Train Loss: 3.8868, Train MAPE: 0.0928, Train RMSE: 6.6356
Iter: 050, Train Loss: 3.2747, Train MAPE: 0.0725, Train RMSE: 5.4873
Iter: 100, Train Loss: 3.3575, Train MAPE: 0.0745, Train RMSE: 5.4721
Iter: 150, Train Loss: 3.7259, Train MAPE: 0.0761, Train RMSE: 5.8690
Iter: 200, Train Loss: 3.6156, Train MAPE: 0.0773, Train RMSE: 5.8778
Iter: 250, Train Loss: 3.1813, Train MAPE: 0.0657, Train RMSE: 5.3210
Iter: 300, Train Loss: 3.5742, Train MAPE: 0.0818, Train RMSE: 5.8791
Iter: 350, Train Loss: 3.5826, Train MAPE: 0.0754, Train RMSE: 5.7198
Epoch: 029, Inference Time: 4.7654 secs
Epoch: 029, Train Loss: 3.6219, Train MAPE: 0.0800, Train RMSE: 5.9352, Valid Loss: 2.9938, Valid MAPE: 0.0814, Valid RMSE: 5.5178, Training Time: 114.7046/epoch
Iter: 000, Train Loss: 3.4934, Train MAPE: 0.0758, Train RMSE: 5.6564
Iter: 050, Train Loss: 3.7680, Train MAPE: 0.0881, Train RMSE: 6.1995
Iter: 100, Train Loss: 3.4962, Train MAPE: 0.0762, Train RMSE: 5.6552
Iter: 150, Train Loss: 3.6740, Train MAPE: 0.0888, Train RMSE: 6.3944
Iter: 200, Train Loss: 3.7392, Train MAPE: 0.0866, Train RMSE: 6.1832
Iter: 250, Train Loss: 3.3324, Train MAPE: 0.0686, Train RMSE: 5.4609
Iter: 300, Train Loss: 3.5186, Train MAPE: 0.0683, Train RMSE: 5.5419
Iter: 350, Train Loss: 3.8270, Train MAPE: 0.0838, Train RMSE: 6.2777
Epoch: 030, Inference Time: 4.7675 secs
Epoch: 030, Train Loss: 3.6045, Train MAPE: 0.0793, Train RMSE: 5.8940, Valid Loss: 2.9568, Valid MAPE: 0.0811, Valid RMSE: 5.4856, Training Time: 114.7736/epoch
Iter: 000, Train Loss: 3.8511, Train MAPE: 0.0896, Train RMSE: 6.4071
Iter: 050, Train Loss: 3.9137, Train MAPE: 0.0901, Train RMSE: 6.3926
Iter: 100, Train Loss: 3.6337, Train MAPE: 0.0836, Train RMSE: 6.1622
Iter: 150, Train Loss: 3.4747, Train MAPE: 0.0702, Train RMSE: 5.4955
Iter: 200, Train Loss: 3.3020, Train MAPE: 0.0682, Train RMSE: 5.4564
Iter: 250, Train Loss: 3.3804, Train MAPE: 0.0747, Train RMSE: 5.6068
Iter: 300, Train Loss: 3.4828, Train MAPE: 0.0763, Train RMSE: 5.6518
Iter: 350, Train Loss: 3.7459, Train MAPE: 0.0889, Train RMSE: 6.2811
Epoch: 031, Inference Time: 4.7613 secs
Epoch: 031, Train Loss: 3.5913, Train MAPE: 0.0788, Train RMSE: 5.8627, Valid Loss: 2.9699, Valid MAPE: 0.0798, Valid RMSE: 5.5063, Training Time: 114.6012/epoch
Iter: 000, Train Loss: 3.6587, Train MAPE: 0.0758, Train RMSE: 5.7140
Iter: 050, Train Loss: 3.3422, Train MAPE: 0.0686, Train RMSE: 5.3154
Iter: 100, Train Loss: 3.6141, Train MAPE: 0.0787, Train RMSE: 5.9197
Iter: 150, Train Loss: 3.4904, Train MAPE: 0.0748, Train RMSE: 5.8129
Iter: 200, Train Loss: 3.3269, Train MAPE: 0.0682, Train RMSE: 5.4347
Iter: 250, Train Loss: 3.5943, Train MAPE: 0.0798, Train RMSE: 5.9488
Iter: 300, Train Loss: 3.5575, Train MAPE: 0.0781, Train RMSE: 5.9467
Iter: 350, Train Loss: 3.7121, Train MAPE: 0.0883, Train RMSE: 6.3346
Epoch: 032, Inference Time: 4.7695 secs
Epoch: 032, Train Loss: 3.5847, Train MAPE: 0.0785, Train RMSE: 5.8488, Valid Loss: 3.3474, Valid MAPE: 0.0973, Valid RMSE: 6.1174, Training Time: 114.6276/epoch
Iter: 000, Train Loss: 3.9584, Train MAPE: 0.1125, Train RMSE: 7.1362
Iter: 050, Train Loss: 3.9832, Train MAPE: 0.0920, Train RMSE: 6.4629
Iter: 100, Train Loss: 4.0430, Train MAPE: 0.0921, Train RMSE: 6.5456
Iter: 150, Train Loss: 3.4122, Train MAPE: 0.0688, Train RMSE: 5.5587
Iter: 200, Train Loss: 3.6098, Train MAPE: 0.0826, Train RMSE: 6.1603
Iter: 250, Train Loss: 3.5907, Train MAPE: 0.0829, Train RMSE: 6.1189
Iter: 300, Train Loss: 3.6280, Train MAPE: 0.0801, Train RMSE: 5.8977
Iter: 350, Train Loss: 3.6216, Train MAPE: 0.0787, Train RMSE: 5.8690
Epoch: 033, Inference Time: 4.9293 secs
Epoch: 033, Train Loss: 3.7098, Train MAPE: 0.0835, Train RMSE: 6.1188, Valid Loss: 3.0467, Valid MAPE: 0.0842, Valid RMSE: 5.6477, Training Time: 118.7794/epoch
Iter: 000, Train Loss: 4.0253, Train MAPE: 0.0977, Train RMSE: 6.4750
Iter: 050, Train Loss: 3.5116, Train MAPE: 0.0851, Train RMSE: 6.1028
Iter: 100, Train Loss: 3.5116, Train MAPE: 0.0804, Train RMSE: 5.8766
Iter: 150, Train Loss: 3.9123, Train MAPE: 0.1029, Train RMSE: 6.6829
Iter: 200, Train Loss: 3.5051, Train MAPE: 0.0744, Train RMSE: 5.7194
Iter: 250, Train Loss: 3.5975, Train MAPE: 0.0749, Train RMSE: 5.8013
Iter: 300, Train Loss: 3.6750, Train MAPE: 0.0749, Train RMSE: 5.9380
Iter: 350, Train Loss: 4.0586, Train MAPE: 0.0980, Train RMSE: 6.8188
Epoch: 034, Inference Time: 4.7437 secs
Epoch: 034, Train Loss: 3.6837, Train MAPE: 0.0822, Train RMSE: 6.0612, Valid Loss: 2.9898, Valid MAPE: 0.0837, Valid RMSE: 5.5906, Training Time: 114.6301/epoch
Iter: 000, Train Loss: 3.8755, Train MAPE: 0.0988, Train RMSE: 6.4342
Iter: 050, Train Loss: 3.4807, Train MAPE: 0.0700, Train RMSE: 5.5283
Iter: 100, Train Loss: 3.8884, Train MAPE: 0.0845, Train RMSE: 6.3780
Iter: 150, Train Loss: 3.6965, Train MAPE: 0.0894, Train RMSE: 6.1950
Iter: 200, Train Loss: 3.7745, Train MAPE: 0.0829, Train RMSE: 6.0591
Iter: 250, Train Loss: 3.7357, Train MAPE: 0.0853, Train RMSE: 6.0607
Iter: 300, Train Loss: 3.5455, Train MAPE: 0.0788, Train RMSE: 5.7843
Iter: 350, Train Loss: 3.6287, Train MAPE: 0.0780, Train RMSE: 6.0331
Epoch: 035, Inference Time: 4.7852 secs
Epoch: 035, Train Loss: 3.6752, Train MAPE: 0.0822, Train RMSE: 6.0567, Valid Loss: 3.0834, Valid MAPE: 0.0841, Valid RMSE: 5.6375, Training Time: 114.6978/epoch
Iter: 000, Train Loss: 3.5251, Train MAPE: 0.0768, Train RMSE: 6.0462
Iter: 050, Train Loss: 3.8814, Train MAPE: 0.0924, Train RMSE: 6.2855
Iter: 100, Train Loss: 3.6015, Train MAPE: 0.0795, Train RMSE: 6.0464
Iter: 150, Train Loss: 3.2968, Train MAPE: 0.0724, Train RMSE: 5.3732
Iter: 200, Train Loss: 3.8982, Train MAPE: 0.0963, Train RMSE: 6.7219
Iter: 250, Train Loss: 3.8121, Train MAPE: 0.0839, Train RMSE: 6.1094
Iter: 300, Train Loss: 3.6979, Train MAPE: 0.0852, Train RMSE: 6.1690
Iter: 350, Train Loss: 3.7133, Train MAPE: 0.0802, Train RMSE: 6.2145
Epoch: 036, Inference Time: 4.7592 secs
Epoch: 036, Train Loss: 3.6570, Train MAPE: 0.0813, Train RMSE: 6.0102, Valid Loss: 3.0344, Valid MAPE: 0.0852, Valid RMSE: 5.6452, Training Time: 114.2678/epoch
Iter: 000, Train Loss: 3.6836, Train MAPE: 0.0859, Train RMSE: 6.0665
Iter: 050, Train Loss: 3.6835, Train MAPE: 0.0863, Train RMSE: 6.2252
Iter: 100, Train Loss: 3.6625, Train MAPE: 0.0779, Train RMSE: 5.9536
Iter: 150, Train Loss: 3.5755, Train MAPE: 0.0745, Train RMSE: 5.5588
Iter: 200, Train Loss: 3.4439, Train MAPE: 0.0737, Train RMSE: 5.6479
Iter: 250, Train Loss: 3.5255, Train MAPE: 0.0745, Train RMSE: 5.7114
Iter: 300, Train Loss: 3.4801, Train MAPE: 0.0755, Train RMSE: 5.6006
Iter: 350, Train Loss: 3.7146, Train MAPE: 0.0863, Train RMSE: 6.1362
Epoch: 037, Inference Time: 4.7617 secs
Epoch: 037, Train Loss: 3.6371, Train MAPE: 0.0806, Train RMSE: 5.9646, Valid Loss: 2.9152, Valid MAPE: 0.0794, Valid RMSE: 5.5162, Training Time: 114.0161/epoch
Iter: 000, Train Loss: 3.7555, Train MAPE: 0.0881, Train RMSE: 6.3401
Iter: 050, Train Loss: 3.6003, Train MAPE: 0.0817, Train RMSE: 6.0927
Iter: 100, Train Loss: 3.5698, Train MAPE: 0.0785, Train RMSE: 5.8488
Iter: 150, Train Loss: 3.5719, Train MAPE: 0.0792, Train RMSE: 6.0070
Iter: 200, Train Loss: 3.5693, Train MAPE: 0.0754, Train RMSE: 5.8750
Iter: 250, Train Loss: 3.6571, Train MAPE: 0.0810, Train RMSE: 5.9876
Iter: 300, Train Loss: 3.3708, Train MAPE: 0.0767, Train RMSE: 5.7896
Iter: 350, Train Loss: 3.7666, Train MAPE: 0.0861, Train RMSE: 6.1058
Epoch: 038, Inference Time: 4.8166 secs
Epoch: 038, Train Loss: 3.6204, Train MAPE: 0.0798, Train RMSE: 5.9254, Valid Loss: 2.9847, Valid MAPE: 0.0800, Valid RMSE: 5.5542, Training Time: 114.2876/epoch
Iter: 000, Train Loss: 3.7884, Train MAPE: 0.0874, Train RMSE: 6.1843
Iter: 050, Train Loss: 3.5379, Train MAPE: 0.0814, Train RMSE: 5.7722
Iter: 100, Train Loss: 3.6591, Train MAPE: 0.0797, Train RMSE: 5.8408
Iter: 150, Train Loss: 3.4480, Train MAPE: 0.0777, Train RMSE: 5.8656
Iter: 200, Train Loss: 3.4754, Train MAPE: 0.0724, Train RMSE: 5.4858
Iter: 250, Train Loss: 3.4305, Train MAPE: 0.0696, Train RMSE: 5.5870
Iter: 300, Train Loss: 3.7156, Train MAPE: 0.0886, Train RMSE: 6.2439
Iter: 350, Train Loss: 3.5924, Train MAPE: 0.0759, Train RMSE: 5.9280
Epoch: 039, Inference Time: 4.8718 secs
Epoch: 039, Train Loss: 3.5988, Train MAPE: 0.0790, Train RMSE: 5.8792, Valid Loss: 2.9476, Valid MAPE: 0.0792, Valid RMSE: 5.4972, Training Time: 115.6981/epoch
Iter: 000, Train Loss: 3.7657, Train MAPE: 0.0856, Train RMSE: 6.2781
Iter: 050, Train Loss: 3.3170, Train MAPE: 0.0667, Train RMSE: 5.1353
Iter: 100, Train Loss: 3.6449, Train MAPE: 0.0803, Train RMSE: 5.8516
Iter: 150, Train Loss: 3.8233, Train MAPE: 0.0884, Train RMSE: 6.4692
Iter: 200, Train Loss: 3.5164, Train MAPE: 0.0723, Train RMSE: 5.5050
Iter: 250, Train Loss: 3.8275, Train MAPE: 0.0898, Train RMSE: 6.3748
Iter: 300, Train Loss: 3.3789, Train MAPE: 0.0726, Train RMSE: 5.5671
Iter: 350, Train Loss: 3.6041, Train MAPE: 0.0750, Train RMSE: 5.8006
Epoch: 040, Inference Time: 4.7660 secs
Epoch: 040, Train Loss: 3.5811, Train MAPE: 0.0783, Train RMSE: 5.8353, Valid Loss: 2.9378, Valid MAPE: 0.0795, Valid RMSE: 5.4854, Training Time: 114.4638/epoch
Iter: 000, Train Loss: 3.9526, Train MAPE: 0.0971, Train RMSE: 6.6289
Iter: 050, Train Loss: 3.3597, Train MAPE: 0.0758, Train RMSE: 5.4876
Iter: 100, Train Loss: 3.5237, Train MAPE: 0.0729, Train RMSE: 5.5971
Iter: 150, Train Loss: 3.2645, Train MAPE: 0.0662, Train RMSE: 5.2168
Iter: 200, Train Loss: 3.6118, Train MAPE: 0.0845, Train RMSE: 5.9242
Iter: 250, Train Loss: 3.8999, Train MAPE: 0.0914, Train RMSE: 6.4210
Iter: 300, Train Loss: 3.4444, Train MAPE: 0.0733, Train RMSE: 5.4857
Iter: 350, Train Loss: 3.5233, Train MAPE: 0.0723, Train RMSE: 5.7525
Epoch: 041, Inference Time: 4.7663 secs
Epoch: 041, Train Loss: 3.5659, Train MAPE: 0.0778, Train RMSE: 5.8025, Valid Loss: 2.9136, Valid MAPE: 0.0791, Valid RMSE: 5.4525, Training Time: 114.9477/epoch
Iter: 000, Train Loss: 3.3280, Train MAPE: 0.0703, Train RMSE: 5.3733
Iter: 050, Train Loss: 3.5762, Train MAPE: 0.0740, Train RMSE: 5.7109
Iter: 100, Train Loss: 3.7259, Train MAPE: 0.0819, Train RMSE: 6.1181
Iter: 150, Train Loss: 3.8668, Train MAPE: 0.0910, Train RMSE: 6.3553
Iter: 200, Train Loss: 3.4640, Train MAPE: 0.0811, Train RMSE: 5.7662
Iter: 250, Train Loss: 3.7844, Train MAPE: 0.0867, Train RMSE: 6.1393
Iter: 300, Train Loss: 3.5766, Train MAPE: 0.0756, Train RMSE: 5.7705
Iter: 350, Train Loss: 3.3773, Train MAPE: 0.0719, Train RMSE: 5.5409
Epoch: 042, Inference Time: 4.7635 secs
Epoch: 042, Train Loss: 3.5558, Train MAPE: 0.0774, Train RMSE: 5.7801, Valid Loss: 2.9361, Valid MAPE: 0.0790, Valid RMSE: 5.4800, Training Time: 114.6259/epoch
Iter: 000, Train Loss: 3.4910, Train MAPE: 0.0717, Train RMSE: 5.6287
Iter: 050, Train Loss: 3.4866, Train MAPE: 0.0738, Train RMSE: 5.5835
Iter: 100, Train Loss: 3.6078, Train MAPE: 0.0763, Train RMSE: 5.7071
Iter: 150, Train Loss: 3.5756, Train MAPE: 0.0811, Train RMSE: 5.8322
Iter: 200, Train Loss: 3.4552, Train MAPE: 0.0737, Train RMSE: 5.6075
Iter: 250, Train Loss: 3.5599, Train MAPE: 0.0749, Train RMSE: 5.5827
Iter: 300, Train Loss: 3.9589, Train MAPE: 0.0912, Train RMSE: 6.6489
Iter: 350, Train Loss: 3.4531, Train MAPE: 0.0768, Train RMSE: 5.7911
Epoch: 043, Inference Time: 4.7640 secs
Epoch: 043, Train Loss: 3.5955, Train MAPE: 0.0788, Train RMSE: 5.8607, Valid Loss: 3.0854, Valid MAPE: 0.0828, Valid RMSE: 5.6687, Training Time: 114.5494/epoch
Iter: 000, Train Loss: 3.6714, Train MAPE: 0.0784, Train RMSE: 5.9665
Iter: 050, Train Loss: 3.5609, Train MAPE: 0.0775, Train RMSE: 5.7601
Iter: 100, Train Loss: 3.8484, Train MAPE: 0.0901, Train RMSE: 6.4304
Iter: 150, Train Loss: 3.5632, Train MAPE: 0.0767, Train RMSE: 5.7362
Iter: 200, Train Loss: 3.5174, Train MAPE: 0.0790, Train RMSE: 5.7901
Iter: 250, Train Loss: 3.6043, Train MAPE: 0.0762, Train RMSE: 5.7975
Iter: 300, Train Loss: 3.5119, Train MAPE: 0.0804, Train RMSE: 5.9585
Iter: 350, Train Loss: 3.8670, Train MAPE: 0.0870, Train RMSE: 6.3548
Epoch: 044, Inference Time: 4.9667 secs
Epoch: 044, Train Loss: 3.6600, Train MAPE: 0.0813, Train RMSE: 6.0122, Valid Loss: 2.9935, Valid MAPE: 0.0817, Valid RMSE: 5.6597, Training Time: 115.5725/epoch
Iter: 000, Train Loss: 3.9617, Train MAPE: 0.0884, Train RMSE: 6.3260
Iter: 050, Train Loss: 3.7234, Train MAPE: 0.0833, Train RMSE: 6.0370
Iter: 100, Train Loss: 3.5896, Train MAPE: 0.0768, Train RMSE: 5.7329
Iter: 150, Train Loss: 3.6482, Train MAPE: 0.0797, Train RMSE: 5.9098
Iter: 200, Train Loss: 3.8940, Train MAPE: 0.0896, Train RMSE: 6.4468
Iter: 250, Train Loss: 3.5935, Train MAPE: 0.0820, Train RMSE: 5.9293
Iter: 300, Train Loss: 3.7083, Train MAPE: 0.0875, Train RMSE: 6.6180
Iter: 350, Train Loss: 3.6840, Train MAPE: 0.0719, Train RMSE: 5.5182
Epoch: 045, Inference Time: 4.7874 secs
Epoch: 045, Train Loss: 3.6507, Train MAPE: 0.0809, Train RMSE: 5.9852, Valid Loss: 3.0369, Valid MAPE: 0.0831, Valid RMSE: 5.6186, Training Time: 114.4615/epoch
Iter: 000, Train Loss: 3.6725, Train MAPE: 0.0889, Train RMSE: 6.2293
Iter: 050, Train Loss: 3.7759, Train MAPE: 0.0852, Train RMSE: 6.3524
Iter: 100, Train Loss: 3.7798, Train MAPE: 0.0892, Train RMSE: 6.2392
Iter: 150, Train Loss: 3.4709, Train MAPE: 0.0755, Train RMSE: 5.6810
Iter: 200, Train Loss: 4.0497, Train MAPE: 0.0921, Train RMSE: 6.3882
Iter: 250, Train Loss: 3.4675, Train MAPE: 0.0732, Train RMSE: 5.6972
Iter: 300, Train Loss: 3.9099, Train MAPE: 0.0938, Train RMSE: 6.4093
Iter: 350, Train Loss: 3.6561, Train MAPE: 0.0756, Train RMSE: 5.6789
Epoch: 046, Inference Time: 4.8951 secs
Epoch: 046, Train Loss: 3.6385, Train MAPE: 0.0805, Train RMSE: 5.9663, Valid Loss: 2.9857, Valid MAPE: 0.0792, Valid RMSE: 5.5577, Training Time: 115.0262/epoch
Iter: 000, Train Loss: 3.7675, Train MAPE: 0.0901, Train RMSE: 6.3251
Iter: 050, Train Loss: 3.5029, Train MAPE: 0.0742, Train RMSE: 5.5534
Iter: 100, Train Loss: 3.7836, Train MAPE: 0.0845, Train RMSE: 6.1532
Iter: 150, Train Loss: 3.8777, Train MAPE: 0.0924, Train RMSE: 6.2919
Iter: 200, Train Loss: 3.3500, Train MAPE: 0.0689, Train RMSE: 5.5823
Iter: 250, Train Loss: 3.5720, Train MAPE: 0.0799, Train RMSE: 5.8507
Iter: 300, Train Loss: 3.5051, Train MAPE: 0.0725, Train RMSE: 5.6060
Iter: 350, Train Loss: 3.5875, Train MAPE: 0.0838, Train RMSE: 5.9711
Epoch: 047, Inference Time: 4.9259 secs
Epoch: 047, Train Loss: 3.6218, Train MAPE: 0.0798, Train RMSE: 5.9248, Valid Loss: 3.0426, Valid MAPE: 0.0799, Valid RMSE: 5.6110, Training Time: 114.3891/epoch
Iter: 000, Train Loss: 3.4943, Train MAPE: 0.0722, Train RMSE: 5.5842
Iter: 050, Train Loss: 3.6807, Train MAPE: 0.0829, Train RMSE: 5.9898
Iter: 100, Train Loss: 3.8985, Train MAPE: 0.0907, Train RMSE: 6.3361
Iter: 150, Train Loss: 3.7092, Train MAPE: 0.0821, Train RMSE: 6.1634
Iter: 200, Train Loss: 3.3469, Train MAPE: 0.0710, Train RMSE: 5.5658
Iter: 250, Train Loss: 3.6663, Train MAPE: 0.0806, Train RMSE: 5.8332
Iter: 300, Train Loss: 3.4327, Train MAPE: 0.0738, Train RMSE: 5.5530
Iter: 350, Train Loss: 4.0146, Train MAPE: 0.1005, Train RMSE: 6.8922
Epoch: 048, Inference Time: 4.9042 secs
Epoch: 048, Train Loss: 3.6053, Train MAPE: 0.0793, Train RMSE: 5.8917, Valid Loss: 2.8629, Valid MAPE: 0.0799, Valid RMSE: 5.4140, Training Time: 115.0612/epoch
Iter: 000, Train Loss: 3.6104, Train MAPE: 0.0770, Train RMSE: 5.5967
Iter: 050, Train Loss: 3.7508, Train MAPE: 0.0842, Train RMSE: 6.2741
Iter: 100, Train Loss: 3.5982, Train MAPE: 0.0815, Train RMSE: 5.8360
Iter: 150, Train Loss: 3.3122, Train MAPE: 0.0691, Train RMSE: 5.4693
Iter: 200, Train Loss: 4.0401, Train MAPE: 0.0984, Train RMSE: 6.9687
Iter: 250, Train Loss: 3.2822, Train MAPE: 0.0690, Train RMSE: 5.3853
Iter: 300, Train Loss: 3.7519, Train MAPE: 0.0986, Train RMSE: 6.3468
Iter: 350, Train Loss: 3.5516, Train MAPE: 0.0809, Train RMSE: 6.0481
Epoch: 049, Inference Time: 5.0399 secs
Epoch: 049, Train Loss: 3.5851, Train MAPE: 0.0784, Train RMSE: 5.8438, Valid Loss: 2.9596, Valid MAPE: 0.0798, Valid RMSE: 5.5010, Training Time: 115.3821/epoch
Iter: 000, Train Loss: 3.8401, Train MAPE: 0.0865, Train RMSE: 6.3206
Iter: 050, Train Loss: 3.5938, Train MAPE: 0.0801, Train RMSE: 5.9604
Iter: 100, Train Loss: 3.4142, Train MAPE: 0.0701, Train RMSE: 5.2954
Iter: 150, Train Loss: 3.5519, Train MAPE: 0.0784, Train RMSE: 5.8650
Iter: 200, Train Loss: 3.7494, Train MAPE: 0.0846, Train RMSE: 6.1252
Iter: 250, Train Loss: 3.7167, Train MAPE: 0.0823, Train RMSE: 6.0796
Iter: 300, Train Loss: 3.6558, Train MAPE: 0.0781, Train RMSE: 5.8295
Iter: 350, Train Loss: 3.5561, Train MAPE: 0.0744, Train RMSE: 5.6700
Epoch: 050, Inference Time: 4.8090 secs
Epoch: 050, Train Loss: 3.5681, Train MAPE: 0.0777, Train RMSE: 5.8022, Valid Loss: 2.8996, Valid MAPE: 0.0799, Valid RMSE: 5.4420, Training Time: 114.4534/epoch
Iter: 000, Train Loss: 3.7622, Train MAPE: 0.0893, Train RMSE: 6.2216
Iter: 050, Train Loss: 3.3915, Train MAPE: 0.0674, Train RMSE: 5.3014
Iter: 100, Train Loss: 3.7619, Train MAPE: 0.0786, Train RMSE: 5.8577
Iter: 150, Train Loss: 3.6087, Train MAPE: 0.0753, Train RMSE: 5.7084
Iter: 200, Train Loss: 3.2429, Train MAPE: 0.0704, Train RMSE: 5.4272
Iter: 250, Train Loss: 3.4229, Train MAPE: 0.0716, Train RMSE: 5.6934
Iter: 300, Train Loss: 3.7097, Train MAPE: 0.0876, Train RMSE: 5.9724
Iter: 350, Train Loss: 3.3232, Train MAPE: 0.0653, Train RMSE: 5.3048
Epoch: 051, Inference Time: 4.7638 secs
Epoch: 051, Train Loss: 3.5513, Train MAPE: 0.0771, Train RMSE: 5.7620, Valid Loss: 2.9324, Valid MAPE: 0.0793, Valid RMSE: 5.4675, Training Time: 114.0206/epoch
Iter: 000, Train Loss: 3.5619, Train MAPE: 0.0788, Train RMSE: 5.7747
Iter: 050, Train Loss: 3.5638, Train MAPE: 0.0813, Train RMSE: 5.7115
Iter: 100, Train Loss: 3.6714, Train MAPE: 0.0791, Train RMSE: 5.9301
Iter: 150, Train Loss: 3.6943, Train MAPE: 0.0881, Train RMSE: 6.3382
Iter: 200, Train Loss: 3.7576, Train MAPE: 0.0783, Train RMSE: 5.7872
Iter: 250, Train Loss: 3.5139, Train MAPE: 0.0730, Train RMSE: 5.7709
Iter: 300, Train Loss: 3.2259, Train MAPE: 0.0623, Train RMSE: 5.1067
Iter: 350, Train Loss: 3.4456, Train MAPE: 0.0715, Train RMSE: 5.4800
Epoch: 052, Inference Time: 4.7608 secs
Epoch: 052, Train Loss: 3.5382, Train MAPE: 0.0766, Train RMSE: 5.7313, Valid Loss: 2.9238, Valid MAPE: 0.0781, Valid RMSE: 5.4795, Training Time: 114.0029/epoch
Iter: 000, Train Loss: 3.5473, Train MAPE: 0.0817, Train RMSE: 6.0823
Iter: 050, Train Loss: 3.6678, Train MAPE: 0.0765, Train RMSE: 5.7736
Iter: 100, Train Loss: 3.4211, Train MAPE: 0.0764, Train RMSE: 5.4942
Iter: 150, Train Loss: 3.5252, Train MAPE: 0.0776, Train RMSE: 5.6951
Iter: 200, Train Loss: 3.5605, Train MAPE: 0.0830, Train RMSE: 5.8291
Iter: 250, Train Loss: 3.5523, Train MAPE: 0.0789, Train RMSE: 5.7596
Iter: 300, Train Loss: 3.3452, Train MAPE: 0.0661, Train RMSE: 5.3128
Iter: 350, Train Loss: 3.4032, Train MAPE: 0.0708, Train RMSE: 5.5944
Epoch: 053, Inference Time: 4.7845 secs
Epoch: 053, Train Loss: 3.5304, Train MAPE: 0.0763, Train RMSE: 5.7111, Valid Loss: 2.9251, Valid MAPE: 0.0784, Valid RMSE: 5.4703, Training Time: 113.9725/epoch
Iter: 000, Train Loss: 3.6692, Train MAPE: 0.0903, Train RMSE: 6.4068
Iter: 050, Train Loss: 3.6766, Train MAPE: 0.0834, Train RMSE: 5.9376
Iter: 100, Train Loss: 3.5668, Train MAPE: 0.0793, Train RMSE: 5.8886
Iter: 150, Train Loss: 3.9713, Train MAPE: 0.0980, Train RMSE: 6.3628
Iter: 200, Train Loss: 3.8634, Train MAPE: 0.0841, Train RMSE: 6.1713
Iter: 250, Train Loss: 3.5365, Train MAPE: 0.0757, Train RMSE: 5.6795
Iter: 300, Train Loss: 3.3647, Train MAPE: 0.0677, Train RMSE: 5.4148
Iter: 350, Train Loss: 3.3992, Train MAPE: 0.0697, Train RMSE: 5.4086
Epoch: 054, Inference Time: 4.7949 secs
Epoch: 054, Train Loss: 3.6026, Train MAPE: 0.0790, Train RMSE: 5.8698, Valid Loss: 2.9391, Valid MAPE: 0.0800, Valid RMSE: 5.4883, Training Time: 114.5579/epoch
Iter: 000, Train Loss: 3.5845, Train MAPE: 0.0836, Train RMSE: 6.1959
Iter: 050, Train Loss: 3.3700, Train MAPE: 0.0727, Train RMSE: 5.3119
Iter: 100, Train Loss: 3.9408, Train MAPE: 0.0860, Train RMSE: 6.3295
Iter: 150, Train Loss: 3.7930, Train MAPE: 0.0817, Train RMSE: 6.0253
Iter: 200, Train Loss: 3.4831, Train MAPE: 0.0778, Train RMSE: 5.7772
Iter: 250, Train Loss: 3.4030, Train MAPE: 0.0666, Train RMSE: 5.3470
Iter: 300, Train Loss: 3.4185, Train MAPE: 0.0729, Train RMSE: 5.5690
Iter: 350, Train Loss: 3.5968, Train MAPE: 0.0877, Train RMSE: 6.4477
Epoch: 055, Inference Time: 4.7654 secs
Epoch: 055, Train Loss: 3.6340, Train MAPE: 0.0803, Train RMSE: 5.9471, Valid Loss: 3.0749, Valid MAPE: 0.0811, Valid RMSE: 5.6765, Training Time: 114.6194/epoch
Iter: 000, Train Loss: 3.6236, Train MAPE: 0.0788, Train RMSE: 5.9351
Iter: 050, Train Loss: 3.7425, Train MAPE: 0.0897, Train RMSE: 6.2560
Iter: 100, Train Loss: 3.4060, Train MAPE: 0.0720, Train RMSE: 5.5027
Iter: 150, Train Loss: 3.5696, Train MAPE: 0.0854, Train RMSE: 6.1038
Iter: 200, Train Loss: 3.5341, Train MAPE: 0.0716, Train RMSE: 5.6352
Iter: 250, Train Loss: 3.4699, Train MAPE: 0.0754, Train RMSE: 5.6997
Iter: 300, Train Loss: 3.6328, Train MAPE: 0.0797, Train RMSE: 6.0466
Iter: 350, Train Loss: 3.5670, Train MAPE: 0.0792, Train RMSE: 6.0212
Epoch: 056, Inference Time: 4.7684 secs
Epoch: 056, Train Loss: 3.6240, Train MAPE: 0.0800, Train RMSE: 5.9352, Valid Loss: 3.0450, Valid MAPE: 0.0814, Valid RMSE: 5.6015, Training Time: 114.7939/epoch
Iter: 000, Train Loss: 3.3099, Train MAPE: 0.0649, Train RMSE: 5.2195
Iter: 050, Train Loss: 3.8020, Train MAPE: 0.0838, Train RMSE: 6.2880
Iter: 100, Train Loss: 3.7061, Train MAPE: 0.0845, Train RMSE: 6.1773
Iter: 150, Train Loss: 3.6317, Train MAPE: 0.0828, Train RMSE: 5.9484
Iter: 200, Train Loss: 3.8846, Train MAPE: 0.0904, Train RMSE: 6.2975
Iter: 250, Train Loss: 3.8069, Train MAPE: 0.0886, Train RMSE: 6.2862
Iter: 300, Train Loss: 3.4623, Train MAPE: 0.0725, Train RMSE: 5.6426
Iter: 350, Train Loss: 3.3179, Train MAPE: 0.0704, Train RMSE: 5.6364
Epoch: 057, Inference Time: 4.7648 secs
Epoch: 057, Train Loss: 3.6114, Train MAPE: 0.0795, Train RMSE: 5.9050, Valid Loss: 2.9585, Valid MAPE: 0.0795, Valid RMSE: 5.5721, Training Time: 114.4282/epoch
Iter: 000, Train Loss: 3.9407, Train MAPE: 0.0868, Train RMSE: 6.2867
Iter: 050, Train Loss: 3.6866, Train MAPE: 0.0882, Train RMSE: 6.0726
Iter: 100, Train Loss: 3.6017, Train MAPE: 0.0727, Train RMSE: 5.6493
Iter: 150, Train Loss: 3.3522, Train MAPE: 0.0685, Train RMSE: 5.3554
Iter: 200, Train Loss: 3.5269, Train MAPE: 0.0743, Train RMSE: 5.7104
Iter: 250, Train Loss: 3.5265, Train MAPE: 0.0812, Train RMSE: 5.7319
Iter: 300, Train Loss: 3.7253, Train MAPE: 0.0830, Train RMSE: 6.1264
Iter: 350, Train Loss: 3.4505, Train MAPE: 0.0739, Train RMSE: 5.5090
Epoch: 058, Inference Time: 4.8063 secs
Epoch: 058, Train Loss: 3.5954, Train MAPE: 0.0787, Train RMSE: 5.8593, Valid Loss: 2.9460, Valid MAPE: 0.0793, Valid RMSE: 5.5216, Training Time: 114.7669/epoch
Iter: 000, Train Loss: 3.7272, Train MAPE: 0.0906, Train RMSE: 6.0824
Iter: 050, Train Loss: 3.3473, Train MAPE: 0.0669, Train RMSE: 5.2403
Iter: 100, Train Loss: 3.5598, Train MAPE: 0.0708, Train RMSE: 5.4605
Iter: 150, Train Loss: 3.5882, Train MAPE: 0.0847, Train RMSE: 6.0502
Iter: 200, Train Loss: 3.5080, Train MAPE: 0.0735, Train RMSE: 5.5954
Iter: 250, Train Loss: 3.5385, Train MAPE: 0.0793, Train RMSE: 5.7489
Iter: 300, Train Loss: 3.4815, Train MAPE: 0.0748, Train RMSE: 5.6548
Iter: 350, Train Loss: 3.6019, Train MAPE: 0.0796, Train RMSE: 5.9216
Epoch: 059, Inference Time: 4.8020 secs
Epoch: 059, Train Loss: 3.5788, Train MAPE: 0.0781, Train RMSE: 5.8181, Valid Loss: 3.0362, Valid MAPE: 0.0801, Valid RMSE: 5.5831, Training Time: 114.7388/epoch
Iter: 000, Train Loss: 3.4819, Train MAPE: 0.0698, Train RMSE: 5.5542
Iter: 050, Train Loss: 3.6230, Train MAPE: 0.0890, Train RMSE: 6.1509
Iter: 100, Train Loss: 3.1845, Train MAPE: 0.0669, Train RMSE: 5.1926
Iter: 150, Train Loss: 3.5704, Train MAPE: 0.0779, Train RMSE: 5.6977
Iter: 200, Train Loss: 3.4221, Train MAPE: 0.0798, Train RMSE: 5.8504
Iter: 250, Train Loss: 3.4651, Train MAPE: 0.0738, Train RMSE: 5.5019
Iter: 300, Train Loss: 4.0685, Train MAPE: 0.0959, Train RMSE: 6.6356
Iter: 350, Train Loss: 3.4618, Train MAPE: 0.0741, Train RMSE: 5.6225
Epoch: 060, Inference Time: 4.7607 secs
Epoch: 060, Train Loss: 3.5606, Train MAPE: 0.0775, Train RMSE: 5.7810, Valid Loss: 2.9230, Valid MAPE: 0.0787, Valid RMSE: 5.5066, Training Time: 116.4499/epoch
Iter: 000, Train Loss: 3.5878, Train MAPE: 0.0819, Train RMSE: 5.9041
Iter: 050, Train Loss: 3.4163, Train MAPE: 0.0730, Train RMSE: 5.6448
Iter: 100, Train Loss: 3.8692, Train MAPE: 0.0861, Train RMSE: 6.3204
Iter: 150, Train Loss: 3.4811, Train MAPE: 0.0783, Train RMSE: 5.9355
Iter: 200, Train Loss: 3.7192, Train MAPE: 0.0843, Train RMSE: 6.1023
Iter: 250, Train Loss: 3.5729, Train MAPE: 0.0771, Train RMSE: 5.8188
Iter: 300, Train Loss: 3.6376, Train MAPE: 0.0773, Train RMSE: 5.7674
Iter: 350, Train Loss: 3.3564, Train MAPE: 0.0684, Train RMSE: 5.4490
Epoch: 061, Inference Time: 4.7622 secs
Epoch: 061, Train Loss: 3.5427, Train MAPE: 0.0767, Train RMSE: 5.7343, Valid Loss: 2.8981, Valid MAPE: 0.0780, Valid RMSE: 5.4683, Training Time: 115.6784/epoch
Iter: 000, Train Loss: 3.7011, Train MAPE: 0.0821, Train RMSE: 5.9884
Iter: 050, Train Loss: 3.7691, Train MAPE: 0.0801, Train RMSE: 6.0991
Iter: 100, Train Loss: 3.7922, Train MAPE: 0.0857, Train RMSE: 6.0499
Iter: 150, Train Loss: 3.7658, Train MAPE: 0.0873, Train RMSE: 6.1301
Iter: 200, Train Loss: 3.4783, Train MAPE: 0.0707, Train RMSE: 5.6290
Iter: 250, Train Loss: 3.7221, Train MAPE: 0.0840, Train RMSE: 6.0280
Iter: 300, Train Loss: 3.6951, Train MAPE: 0.0813, Train RMSE: 5.8235
Iter: 350, Train Loss: 3.4120, Train MAPE: 0.0752, Train RMSE: 5.6868
Epoch: 062, Inference Time: 4.9008 secs
Epoch: 062, Train Loss: 3.5284, Train MAPE: 0.0762, Train RMSE: 5.7020, Valid Loss: 2.9147, Valid MAPE: 0.0791, Valid RMSE: 5.4823, Training Time: 114.9279/epoch
Iter: 000, Train Loss: 3.3926, Train MAPE: 0.0702, Train RMSE: 5.4818
Iter: 050, Train Loss: 3.6005, Train MAPE: 0.0788, Train RMSE: 5.9521
Iter: 100, Train Loss: 3.4027, Train MAPE: 0.0698, Train RMSE: 5.4452
Iter: 150, Train Loss: 3.5802, Train MAPE: 0.0717, Train RMSE: 5.4717
Iter: 200, Train Loss: 3.7174, Train MAPE: 0.0897, Train RMSE: 6.1762
Iter: 250, Train Loss: 3.4034, Train MAPE: 0.0732, Train RMSE: 5.5728
Iter: 300, Train Loss: 3.6356, Train MAPE: 0.0784, Train RMSE: 5.8535
Iter: 350, Train Loss: 3.7160, Train MAPE: 0.0813, Train RMSE: 5.9445
Epoch: 063, Inference Time: 4.7739 secs
Epoch: 063, Train Loss: 3.5175, Train MAPE: 0.0758, Train RMSE: 5.6740, Valid Loss: 2.9326, Valid MAPE: 0.0784, Valid RMSE: 5.5168, Training Time: 114.6246/epoch
Iter: 000, Train Loss: 3.3680, Train MAPE: 0.0711, Train RMSE: 5.5497
Iter: 050, Train Loss: 3.6572, Train MAPE: 0.0803, Train RMSE: 5.8905
Iter: 100, Train Loss: 2.8898, Train MAPE: 0.0546, Train RMSE: 4.5675
Iter: 150, Train Loss: 3.5300, Train MAPE: 0.0770, Train RMSE: 5.5884
Iter: 200, Train Loss: 3.2789, Train MAPE: 0.0709, Train RMSE: 5.4851
Iter: 250, Train Loss: 3.3101, Train MAPE: 0.0655, Train RMSE: 5.0595
Iter: 300, Train Loss: 3.2868, Train MAPE: 0.0683, Train RMSE: 5.2453
Iter: 350, Train Loss: 3.5233, Train MAPE: 0.0806, Train RMSE: 5.8384
Epoch: 064, Inference Time: 4.7609 secs
Epoch: 064, Train Loss: 3.5116, Train MAPE: 0.0755, Train RMSE: 5.6556, Valid Loss: 3.0704, Valid MAPE: 0.0867, Valid RMSE: 5.7423, Training Time: 114.5955/epoch
Early Termination!
Average Training Time: 114.7474 secs/epoch
Average Inference Time: 4.8024 secs
Training finished
The valid loss on best model is 2.8629
Evaluate best model on test data for horizon 1, Test MAE: 2.4301, Test MAPE: 0.0593, Test RMSE: 4.2317
Evaluate best model on test data for horizon 2, Test MAE: 2.6663, Test MAPE: 0.0671, Test RMSE: 4.9125
Evaluate best model on test data for horizon 3, Test MAE: 2.8307, Test MAPE: 0.0732, Test RMSE: 5.3482
Evaluate best model on test data for horizon 4, Test MAE: 2.9633, Test MAPE: 0.0784, Test RMSE: 5.6826
Evaluate best model on test data for horizon 5, Test MAE: 3.0766, Test MAPE: 0.0828, Test RMSE: 5.9610
Evaluate best model on test data for horizon 6, Test MAE: 3.1784, Test MAPE: 0.0866, Test RMSE: 6.2130
Evaluate best model on test data for horizon 7, Test MAE: 3.2709, Test MAPE: 0.0900, Test RMSE: 6.4401
Evaluate best model on test data for horizon 8, Test MAE: 3.3536, Test MAPE: 0.0929, Test RMSE: 6.6402
Evaluate best model on test data for horizon 9, Test MAE: 3.4250, Test MAPE: 0.0955, Test RMSE: 6.8100
Evaluate best model on test data for horizon 10, Test MAE: 3.4851, Test MAPE: 0.0977, Test RMSE: 6.9516
Evaluate best model on test data for horizon 11, Test MAE: 3.5383, Test MAPE: 0.0997, Test RMSE: 7.0740
Evaluate best model on test data for horizon 12, Test MAE: 3.5912, Test MAPE: 0.1016, Test RMSE: 7.1865
On average over 12 horizons, Test MAE: 3.1508, Test MAPE: 0.0854, Test RMSE: 6.1209
Total time spent: 7696.9573
