Start Deterministic Training with seed 42
Namespace(device='cuda:0', data='/home/p_tf_zy/p_tf_01/TESTAM-main/data/METR-LA', adjdata='/home/p_tf_zy/p_tf_01/TESTAM-main/data/METR-LA/adj_mx.pkl', adjtype='doubletransition', out_dim=1, nhid=32, in_dim=2, num_nodes=207, batch_size=64, dropout=0.2, epochs=100, print_every=50, seed=42, save='/home/p_tf_zy/p_tf_01/TESTAM-main/experiment/METR-LA_TESTAM', expid=1, load_path=None, patience=15, lr_mul=1, n_warmup_steps=4000, quantile=0.7, is_quantile=False, warmup_epoch=0)
Train the model with 158363 parameters
start training...
Iter: 000, Train Loss: 16.2876, Train MAPE: 0.3651, Train RMSE: 19.5024
Iter: 050, Train Loss: 11.9698, Train MAPE: 0.3019, Train RMSE: 15.8670
Iter: 100, Train Loss: 8.2040, Train MAPE: 0.2165, Train RMSE: 10.9421
Iter: 150, Train Loss: 6.7999, Train MAPE: 0.1704, Train RMSE: 9.8899
Iter: 200, Train Loss: 6.1953, Train MAPE: 0.1532, Train RMSE: 9.7368
Iter: 250, Train Loss: 5.6396, Train MAPE: 0.1574, Train RMSE: 9.1839
Iter: 300, Train Loss: 5.3613, Train MAPE: 0.1584, Train RMSE: 9.0892
Iter: 350, Train Loss: 5.5373, Train MAPE: 0.1763, Train RMSE: 9.6747
Epoch: 001, Inference Time: 2.0989 secs
Epoch: 001, Train Loss: 7.7260, Train MAPE: 0.1967, Train RMSE: 11.0595, Valid Loss: 4.2833, Valid MAPE: 0.1265, Valid RMSE: 7.8964, Training Time: 47.7080/epoch
Iter: 000, Train Loss: 4.7720, Train MAPE: 0.1202, Train RMSE: 8.3560
Iter: 050, Train Loss: 4.7595, Train MAPE: 0.1329, Train RMSE: 8.5505
Iter: 100, Train Loss: 4.8730, Train MAPE: 0.1299, Train RMSE: 8.5499
Iter: 150, Train Loss: 7.2266, Train MAPE: 0.1668, Train RMSE: 10.5276
Iter: 200, Train Loss: 6.0233, Train MAPE: 0.1623, Train RMSE: 10.2704
Iter: 250, Train Loss: 4.7898, Train MAPE: 0.1430, Train RMSE: 8.6291
Iter: 300, Train Loss: 4.7725, Train MAPE: 0.1334, Train RMSE: 8.8276
Iter: 350, Train Loss: 5.0501, Train MAPE: 0.1535, Train RMSE: 9.3577
Epoch: 002, Inference Time: 2.0762 secs
Epoch: 002, Train Loss: 4.9569, Train MAPE: 0.1397, Train RMSE: 8.9016, Valid Loss: 4.0596, Valid MAPE: 0.1244, Valid RMSE: 7.6163, Training Time: 44.8634/epoch
Iter: 000, Train Loss: 4.9109, Train MAPE: 0.1298, Train RMSE: 8.8229
Iter: 050, Train Loss: 4.6655, Train MAPE: 0.1363, Train RMSE: 8.6596
Iter: 100, Train Loss: 4.0811, Train MAPE: 0.1058, Train RMSE: 7.7232
Iter: 150, Train Loss: 4.4123, Train MAPE: 0.1212, Train RMSE: 8.1356
Iter: 200, Train Loss: 4.4238, Train MAPE: 0.1217, Train RMSE: 8.1612
Iter: 250, Train Loss: 4.2855, Train MAPE: 0.1152, Train RMSE: 8.0123
Iter: 300, Train Loss: 4.7333, Train MAPE: 0.1402, Train RMSE: 8.7033
Iter: 350, Train Loss: 4.6596, Train MAPE: 0.1356, Train RMSE: 8.7129
Epoch: 003, Inference Time: 2.1406 secs
Epoch: 003, Train Loss: 4.6084, Train MAPE: 0.1305, Train RMSE: 8.5087, Valid Loss: 3.8860, Valid MAPE: 0.1236, Valid RMSE: 7.4086, Training Time: 45.4013/epoch
Iter: 000, Train Loss: 4.7538, Train MAPE: 0.1360, Train RMSE: 8.6195
Iter: 050, Train Loss: 4.3831, Train MAPE: 0.1123, Train RMSE: 7.8364
Iter: 100, Train Loss: 4.5508, Train MAPE: 0.1262, Train RMSE: 8.3493
Iter: 150, Train Loss: 4.3710, Train MAPE: 0.1208, Train RMSE: 7.9976
Iter: 200, Train Loss: 4.3488, Train MAPE: 0.1216, Train RMSE: 8.1161
Iter: 250, Train Loss: 4.3379, Train MAPE: 0.1171, Train RMSE: 7.8177
Iter: 300, Train Loss: 4.1721, Train MAPE: 0.1078, Train RMSE: 7.6732
Iter: 350, Train Loss: 4.1137, Train MAPE: 0.1036, Train RMSE: 7.5289
Epoch: 004, Inference Time: 2.0854 secs
Epoch: 004, Train Loss: 4.4627, Train MAPE: 0.1229, Train RMSE: 8.1959, Valid Loss: 3.8406, Valid MAPE: 0.1125, Valid RMSE: 7.2767, Training Time: 45.2166/epoch
Iter: 000, Train Loss: 4.2474, Train MAPE: 0.1172, Train RMSE: 8.0615
Iter: 050, Train Loss: 4.0736, Train MAPE: 0.1043, Train RMSE: 7.3036
Iter: 100, Train Loss: 4.3781, Train MAPE: 0.1143, Train RMSE: 7.7789
Iter: 150, Train Loss: 3.7962, Train MAPE: 0.0899, Train RMSE: 6.9172
Iter: 200, Train Loss: 4.1870, Train MAPE: 0.1026, Train RMSE: 7.4493
Iter: 250, Train Loss: 4.4300, Train MAPE: 0.1197, Train RMSE: 8.1584
Iter: 300, Train Loss: 4.4433, Train MAPE: 0.1226, Train RMSE: 8.1939
Iter: 350, Train Loss: 4.3968, Train MAPE: 0.1165, Train RMSE: 8.2607
Epoch: 005, Inference Time: 2.0889 secs
Epoch: 005, Train Loss: 4.2574, Train MAPE: 0.1128, Train RMSE: 7.7650, Valid Loss: 3.6109, Valid MAPE: 0.1082, Valid RMSE: 6.9051, Training Time: 44.5583/epoch
Iter: 000, Train Loss: 4.2295, Train MAPE: 0.1159, Train RMSE: 7.6430
Iter: 050, Train Loss: 4.3483, Train MAPE: 0.1139, Train RMSE: 7.8797
Iter: 100, Train Loss: 3.7868, Train MAPE: 0.0902, Train RMSE: 7.0170
Iter: 150, Train Loss: 4.1946, Train MAPE: 0.1160, Train RMSE: 7.6181
Iter: 200, Train Loss: 4.0472, Train MAPE: 0.1044, Train RMSE: 7.3723
Iter: 250, Train Loss: 4.1402, Train MAPE: 0.1132, Train RMSE: 7.7305
Iter: 300, Train Loss: 3.8422, Train MAPE: 0.0925, Train RMSE: 6.8782
Iter: 350, Train Loss: 3.5786, Train MAPE: 0.0842, Train RMSE: 6.5660
Epoch: 006, Inference Time: 2.1349 secs
Epoch: 006, Train Loss: 4.0794, Train MAPE: 0.1079, Train RMSE: 7.5315, Valid Loss: 3.5569, Valid MAPE: 0.1090, Valid RMSE: 6.8384, Training Time: 44.5658/epoch
Iter: 000, Train Loss: 3.6978, Train MAPE: 0.0960, Train RMSE: 6.9424
Iter: 050, Train Loss: 4.5393, Train MAPE: 0.1305, Train RMSE: 8.3379
Iter: 100, Train Loss: 3.9904, Train MAPE: 0.0941, Train RMSE: 7.1434
Iter: 150, Train Loss: 3.8088, Train MAPE: 0.1043, Train RMSE: 7.1644
Iter: 200, Train Loss: 3.9016, Train MAPE: 0.1047, Train RMSE: 7.4503
Iter: 250, Train Loss: 3.9215, Train MAPE: 0.0916, Train RMSE: 6.8402
Iter: 300, Train Loss: 4.1285, Train MAPE: 0.1091, Train RMSE: 7.5197
Iter: 350, Train Loss: 3.9989, Train MAPE: 0.1020, Train RMSE: 7.2170
Epoch: 007, Inference Time: 2.1160 secs
Epoch: 007, Train Loss: 3.9785, Train MAPE: 0.1042, Train RMSE: 7.3179, Valid Loss: 3.4032, Valid MAPE: 0.1015, Valid RMSE: 6.6221, Training Time: 44.8848/epoch
Iter: 000, Train Loss: 3.9522, Train MAPE: 0.0961, Train RMSE: 7.1730
Iter: 050, Train Loss: 3.9023, Train MAPE: 0.0994, Train RMSE: 7.1489
Iter: 100, Train Loss: 3.7700, Train MAPE: 0.0887, Train RMSE: 6.6693
Iter: 150, Train Loss: 3.8994, Train MAPE: 0.1042, Train RMSE: 7.0499
Iter: 200, Train Loss: 3.6804, Train MAPE: 0.0957, Train RMSE: 6.7476
Iter: 250, Train Loss: 3.9405, Train MAPE: 0.1009, Train RMSE: 7.1427
Iter: 300, Train Loss: 3.6649, Train MAPE: 0.0848, Train RMSE: 6.8205
Iter: 350, Train Loss: 3.9248, Train MAPE: 0.1032, Train RMSE: 7.4007
Epoch: 008, Inference Time: 2.1100 secs
Epoch: 008, Train Loss: 3.8862, Train MAPE: 0.1002, Train RMSE: 7.0874, Valid Loss: 3.2860, Valid MAPE: 0.0975, Valid RMSE: 6.3540, Training Time: 44.8272/epoch
Iter: 000, Train Loss: 3.6124, Train MAPE: 0.0899, Train RMSE: 6.4489
Iter: 050, Train Loss: 3.9840, Train MAPE: 0.0933, Train RMSE: 7.2258
Iter: 100, Train Loss: 3.9727, Train MAPE: 0.1046, Train RMSE: 7.2128
Iter: 150, Train Loss: 3.6343, Train MAPE: 0.0911, Train RMSE: 6.5141
Iter: 200, Train Loss: 3.7116, Train MAPE: 0.0884, Train RMSE: 6.4114
Iter: 250, Train Loss: 4.0873, Train MAPE: 0.1092, Train RMSE: 7.5380
Iter: 300, Train Loss: 3.6632, Train MAPE: 0.0905, Train RMSE: 6.6056
Iter: 350, Train Loss: 3.3933, Train MAPE: 0.0815, Train RMSE: 6.1527
Epoch: 009, Inference Time: 2.0948 secs
Epoch: 009, Train Loss: 3.7880, Train MAPE: 0.0966, Train RMSE: 6.8755, Valid Loss: 3.3406, Valid MAPE: 0.0916, Valid RMSE: 6.2448, Training Time: 44.8847/epoch
Iter: 000, Train Loss: 3.5902, Train MAPE: 0.0869, Train RMSE: 6.5766
Iter: 050, Train Loss: 3.6954, Train MAPE: 0.0899, Train RMSE: 6.6194
Iter: 100, Train Loss: 3.8083, Train MAPE: 0.1024, Train RMSE: 6.9375
Iter: 150, Train Loss: 3.7136, Train MAPE: 0.0926, Train RMSE: 6.6103
Iter: 200, Train Loss: 3.7206, Train MAPE: 0.0952, Train RMSE: 6.8855
Iter: 250, Train Loss: 4.0920, Train MAPE: 0.1121, Train RMSE: 7.4377
Iter: 300, Train Loss: 3.6046, Train MAPE: 0.0895, Train RMSE: 6.6634
Iter: 350, Train Loss: 3.7128, Train MAPE: 0.0914, Train RMSE: 6.6483
Epoch: 010, Inference Time: 2.0927 secs
Epoch: 010, Train Loss: 3.7090, Train MAPE: 0.0938, Train RMSE: 6.7098, Valid Loss: 3.1904, Valid MAPE: 0.0918, Valid RMSE: 6.0892, Training Time: 44.8641/epoch
Iter: 000, Train Loss: 3.7592, Train MAPE: 0.0968, Train RMSE: 6.8325
Iter: 050, Train Loss: 3.5471, Train MAPE: 0.0914, Train RMSE: 6.5388
Iter: 100, Train Loss: 3.5855, Train MAPE: 0.0870, Train RMSE: 6.4717
Iter: 150, Train Loss: 3.5639, Train MAPE: 0.0838, Train RMSE: 6.3976
Iter: 200, Train Loss: 3.2830, Train MAPE: 0.0739, Train RMSE: 6.0244
Iter: 250, Train Loss: 3.5263, Train MAPE: 0.0888, Train RMSE: 6.4365
Iter: 300, Train Loss: 3.8485, Train MAPE: 0.1042, Train RMSE: 6.8440
Iter: 350, Train Loss: 3.9994, Train MAPE: 0.0983, Train RMSE: 7.1985
Epoch: 011, Inference Time: 2.1127 secs
Epoch: 011, Train Loss: 3.7010, Train MAPE: 0.0931, Train RMSE: 6.6650, Valid Loss: 3.1650, Valid MAPE: 0.0933, Valid RMSE: 6.1032, Training Time: 44.8281/epoch
Iter: 000, Train Loss: 3.9663, Train MAPE: 0.1036, Train RMSE: 7.2829
Iter: 050, Train Loss: 3.9274, Train MAPE: 0.1057, Train RMSE: 6.9610
Iter: 100, Train Loss: 3.9991, Train MAPE: 0.1084, Train RMSE: 7.1491
Iter: 150, Train Loss: 3.4926, Train MAPE: 0.0794, Train RMSE: 6.2317
Iter: 200, Train Loss: 3.5862, Train MAPE: 0.0855, Train RMSE: 6.4373
Iter: 250, Train Loss: 3.6418, Train MAPE: 0.0944, Train RMSE: 6.5123
Iter: 300, Train Loss: 3.8456, Train MAPE: 0.1043, Train RMSE: 7.0719
Iter: 350, Train Loss: 3.2175, Train MAPE: 0.0731, Train RMSE: 5.5526
Epoch: 012, Inference Time: 2.0854 secs
Epoch: 012, Train Loss: 3.6807, Train MAPE: 0.0924, Train RMSE: 6.6244, Valid Loss: 3.1226, Valid MAPE: 0.0864, Valid RMSE: 5.9869, Training Time: 44.5697/epoch
Iter: 000, Train Loss: 3.5946, Train MAPE: 0.0851, Train RMSE: 6.6576
Iter: 050, Train Loss: 3.7528, Train MAPE: 0.1025, Train RMSE: 7.0687
Iter: 100, Train Loss: 3.7314, Train MAPE: 0.1002, Train RMSE: 6.8410
Iter: 150, Train Loss: 3.6326, Train MAPE: 0.0925, Train RMSE: 6.4471
Iter: 200, Train Loss: 3.5322, Train MAPE: 0.0823, Train RMSE: 6.1387
Iter: 250, Train Loss: 3.6626, Train MAPE: 0.0916, Train RMSE: 6.4078
Iter: 300, Train Loss: 3.4724, Train MAPE: 0.0766, Train RMSE: 6.2246
Iter: 350, Train Loss: 3.4167, Train MAPE: 0.0811, Train RMSE: 6.0771
Epoch: 013, Inference Time: 2.0878 secs
Epoch: 013, Train Loss: 3.5932, Train MAPE: 0.0893, Train RMSE: 6.4899, Valid Loss: 3.2398, Valid MAPE: 0.0915, Valid RMSE: 5.9643, Training Time: 44.5521/epoch
Iter: 000, Train Loss: 3.2282, Train MAPE: 0.0778, Train RMSE: 5.7916
Iter: 050, Train Loss: 3.5888, Train MAPE: 0.0848, Train RMSE: 6.4522
Iter: 100, Train Loss: 3.4582, Train MAPE: 0.0842, Train RMSE: 6.2214
Iter: 150, Train Loss: 3.3568, Train MAPE: 0.0730, Train RMSE: 5.8345
Iter: 200, Train Loss: 3.7154, Train MAPE: 0.0936, Train RMSE: 6.9474
Iter: 250, Train Loss: 3.6349, Train MAPE: 0.0952, Train RMSE: 6.7282
Iter: 300, Train Loss: 3.5669, Train MAPE: 0.0874, Train RMSE: 6.4744
Iter: 350, Train Loss: 3.2873, Train MAPE: 0.0765, Train RMSE: 5.9083
Epoch: 014, Inference Time: 2.0850 secs
Epoch: 014, Train Loss: 3.5258, Train MAPE: 0.0871, Train RMSE: 6.3959, Valid Loss: 3.0595, Valid MAPE: 0.0831, Valid RMSE: 5.8466, Training Time: 44.7617/epoch
Iter: 000, Train Loss: 3.3220, Train MAPE: 0.0775, Train RMSE: 5.9672
Iter: 050, Train Loss: 3.3307, Train MAPE: 0.0814, Train RMSE: 6.0579
Iter: 100, Train Loss: 3.5743, Train MAPE: 0.0896, Train RMSE: 6.5462
Iter: 150, Train Loss: 3.5867, Train MAPE: 0.0903, Train RMSE: 6.6008
Iter: 200, Train Loss: 3.3580, Train MAPE: 0.0805, Train RMSE: 5.9449
Iter: 250, Train Loss: 3.3260, Train MAPE: 0.0742, Train RMSE: 5.9241
Iter: 300, Train Loss: 3.2104, Train MAPE: 0.0709, Train RMSE: 5.7266
Iter: 350, Train Loss: 3.6893, Train MAPE: 0.0978, Train RMSE: 7.0789
Epoch: 015, Inference Time: 2.1147 secs
Epoch: 015, Train Loss: 3.4693, Train MAPE: 0.0853, Train RMSE: 6.3104, Valid Loss: 2.9572, Valid MAPE: 0.0810, Valid RMSE: 5.7028, Training Time: 44.7181/epoch
Iter: 000, Train Loss: 3.6646, Train MAPE: 0.0951, Train RMSE: 6.7611
Iter: 050, Train Loss: 3.3029, Train MAPE: 0.0740, Train RMSE: 5.9233
Iter: 100, Train Loss: 3.3345, Train MAPE: 0.0807, Train RMSE: 6.1242
Iter: 150, Train Loss: 3.7088, Train MAPE: 0.0998, Train RMSE: 6.7630
Iter: 200, Train Loss: 3.6946, Train MAPE: 0.0990, Train RMSE: 6.8848
Iter: 250, Train Loss: 3.5093, Train MAPE: 0.0896, Train RMSE: 6.4455
Iter: 300, Train Loss: 3.2567, Train MAPE: 0.0736, Train RMSE: 5.9389
Iter: 350, Train Loss: 3.2907, Train MAPE: 0.0760, Train RMSE: 6.0815
Epoch: 016, Inference Time: 2.1122 secs
Epoch: 016, Train Loss: 3.4272, Train MAPE: 0.0840, Train RMSE: 6.2425, Valid Loss: 2.9021, Valid MAPE: 0.0792, Valid RMSE: 5.6803, Training Time: 44.7220/epoch
Iter: 000, Train Loss: 3.2091, Train MAPE: 0.0712, Train RMSE: 5.9162
Iter: 050, Train Loss: 3.0450, Train MAPE: 0.0700, Train RMSE: 5.6358
Iter: 100, Train Loss: 3.5210, Train MAPE: 0.1009, Train RMSE: 6.6837
Iter: 150, Train Loss: 3.4181, Train MAPE: 0.0885, Train RMSE: 6.1638
Iter: 200, Train Loss: 3.3111, Train MAPE: 0.0740, Train RMSE: 5.9420
Iter: 250, Train Loss: 3.6593, Train MAPE: 0.0959, Train RMSE: 6.6496
Iter: 300, Train Loss: 3.2537, Train MAPE: 0.0746, Train RMSE: 5.5518
Iter: 350, Train Loss: 3.5439, Train MAPE: 0.0849, Train RMSE: 6.4890
Epoch: 017, Inference Time: 2.0880 secs
Epoch: 017, Train Loss: 3.3933, Train MAPE: 0.0828, Train RMSE: 6.1870, Valid Loss: 2.9555, Valid MAPE: 0.0805, Valid RMSE: 5.7109, Training Time: 44.7372/epoch
Iter: 000, Train Loss: 3.5062, Train MAPE: 0.0916, Train RMSE: 6.5776
Iter: 050, Train Loss: 3.3761, Train MAPE: 0.0829, Train RMSE: 6.0625
Iter: 100, Train Loss: 3.4180, Train MAPE: 0.0795, Train RMSE: 6.2279
Iter: 150, Train Loss: 3.9693, Train MAPE: 0.1055, Train RMSE: 7.1494
Iter: 200, Train Loss: 3.7325, Train MAPE: 0.0977, Train RMSE: 6.6735
Iter: 250, Train Loss: 3.1974, Train MAPE: 0.0766, Train RMSE: 5.7755
Iter: 300, Train Loss: 3.3384, Train MAPE: 0.0732, Train RMSE: 5.8209
Iter: 350, Train Loss: 3.3330, Train MAPE: 0.0808, Train RMSE: 5.9335
Epoch: 018, Inference Time: 2.2204 secs
Epoch: 018, Train Loss: 3.3617, Train MAPE: 0.0817, Train RMSE: 6.1292, Valid Loss: 2.9109, Valid MAPE: 0.0797, Valid RMSE: 5.6816, Training Time: 45.7242/epoch
Iter: 000, Train Loss: 3.5433, Train MAPE: 0.0869, Train RMSE: 6.2460
Iter: 050, Train Loss: 3.2583, Train MAPE: 0.0776, Train RMSE: 5.8870
Iter: 100, Train Loss: 3.2382, Train MAPE: 0.0777, Train RMSE: 5.8886
Iter: 150, Train Loss: 3.2075, Train MAPE: 0.0724, Train RMSE: 5.8575
Iter: 200, Train Loss: 3.4533, Train MAPE: 0.0887, Train RMSE: 6.3851
Iter: 250, Train Loss: 3.1796, Train MAPE: 0.0710, Train RMSE: 5.5955
Iter: 300, Train Loss: 3.3635, Train MAPE: 0.0805, Train RMSE: 6.1223
Iter: 350, Train Loss: 3.0552, Train MAPE: 0.0649, Train RMSE: 5.4409
Epoch: 019, Inference Time: 2.1148 secs
Epoch: 019, Train Loss: 3.3358, Train MAPE: 0.0809, Train RMSE: 6.0849, Valid Loss: 2.9072, Valid MAPE: 0.0790, Valid RMSE: 5.6219, Training Time: 44.9042/epoch
Iter: 000, Train Loss: 3.1037, Train MAPE: 0.0735, Train RMSE: 5.7212
Iter: 050, Train Loss: 3.2788, Train MAPE: 0.0786, Train RMSE: 5.8033
Iter: 100, Train Loss: 3.2192, Train MAPE: 0.0756, Train RMSE: 5.8690
Iter: 150, Train Loss: 3.4131, Train MAPE: 0.0861, Train RMSE: 6.3237
Iter: 200, Train Loss: 3.3264, Train MAPE: 0.0817, Train RMSE: 5.8404
Iter: 250, Train Loss: 3.2607, Train MAPE: 0.0792, Train RMSE: 5.9576
Iter: 300, Train Loss: 3.5517, Train MAPE: 0.0915, Train RMSE: 6.5722
Iter: 350, Train Loss: 3.2691, Train MAPE: 0.0765, Train RMSE: 5.8100
Epoch: 020, Inference Time: 2.0848 secs
Epoch: 020, Train Loss: 3.3155, Train MAPE: 0.0801, Train RMSE: 6.0448, Valid Loss: 2.9113, Valid MAPE: 0.0789, Valid RMSE: 5.6273, Training Time: 44.5134/epoch
Iter: 000, Train Loss: 3.3340, Train MAPE: 0.0785, Train RMSE: 6.0267
Iter: 050, Train Loss: 3.2289, Train MAPE: 0.0738, Train RMSE: 5.7957
Iter: 100, Train Loss: 3.1724, Train MAPE: 0.0709, Train RMSE: 5.7169
Iter: 150, Train Loss: 3.3384, Train MAPE: 0.0789, Train RMSE: 5.8347
Iter: 200, Train Loss: 3.4637, Train MAPE: 0.0839, Train RMSE: 6.2462
Iter: 250, Train Loss: 3.1021, Train MAPE: 0.0748, Train RMSE: 5.6580
Iter: 300, Train Loss: 3.4603, Train MAPE: 0.0833, Train RMSE: 6.3173
Iter: 350, Train Loss: 3.3262, Train MAPE: 0.0805, Train RMSE: 6.1080
Epoch: 021, Inference Time: 2.0865 secs
Epoch: 021, Train Loss: 3.3032, Train MAPE: 0.0797, Train RMSE: 6.0211, Valid Loss: 2.8880, Valid MAPE: 0.0788, Valid RMSE: 5.6150, Training Time: 44.5135/epoch
Iter: 000, Train Loss: 3.4193, Train MAPE: 0.0841, Train RMSE: 6.1571
Iter: 050, Train Loss: 3.1224, Train MAPE: 0.0737, Train RMSE: 5.7392
Iter: 100, Train Loss: 3.1371, Train MAPE: 0.0696, Train RMSE: 5.6001
Iter: 150, Train Loss: 3.4994, Train MAPE: 0.0880, Train RMSE: 6.2922
Iter: 200, Train Loss: 3.3449, Train MAPE: 0.0797, Train RMSE: 6.1621
Iter: 250, Train Loss: 3.4623, Train MAPE: 0.0837, Train RMSE: 6.1652
Iter: 300, Train Loss: 3.4299, Train MAPE: 0.0762, Train RMSE: 6.1201
Iter: 350, Train Loss: 3.4626, Train MAPE: 0.0789, Train RMSE: 6.3909
Epoch: 022, Inference Time: 2.0857 secs
Epoch: 022, Train Loss: 3.4147, Train MAPE: 0.0830, Train RMSE: 6.2075, Valid Loss: 2.9664, Valid MAPE: 0.0794, Valid RMSE: 5.7168, Training Time: 44.3840/epoch
Iter: 000, Train Loss: 3.2874, Train MAPE: 0.0764, Train RMSE: 5.8521
Iter: 050, Train Loss: 3.4331, Train MAPE: 0.0892, Train RMSE: 6.1578
Iter: 100, Train Loss: 3.2274, Train MAPE: 0.0798, Train RMSE: 6.0068
Iter: 150, Train Loss: 3.2153, Train MAPE: 0.0731, Train RMSE: 6.0527
Iter: 200, Train Loss: 3.3752, Train MAPE: 0.0774, Train RMSE: 6.0553
Iter: 250, Train Loss: 3.6519, Train MAPE: 0.0888, Train RMSE: 6.6565
Iter: 300, Train Loss: 3.3985, Train MAPE: 0.0756, Train RMSE: 6.2653
Iter: 350, Train Loss: 3.1849, Train MAPE: 0.0746, Train RMSE: 5.8174
Epoch: 023, Inference Time: 2.0863 secs
Epoch: 023, Train Loss: 3.4315, Train MAPE: 0.0836, Train RMSE: 6.2389, Valid Loss: 2.9868, Valid MAPE: 0.0802, Valid RMSE: 5.8479, Training Time: 44.3792/epoch
Iter: 000, Train Loss: 3.3974, Train MAPE: 0.0801, Train RMSE: 6.2994
Iter: 050, Train Loss: 3.2506, Train MAPE: 0.0752, Train RMSE: 5.7916
Iter: 100, Train Loss: 3.3721, Train MAPE: 0.0810, Train RMSE: 6.1559
Iter: 150, Train Loss: 3.3100, Train MAPE: 0.0771, Train RMSE: 5.9492
Iter: 200, Train Loss: 3.2694, Train MAPE: 0.0706, Train RMSE: 5.7894
Iter: 250, Train Loss: 3.4145, Train MAPE: 0.0800, Train RMSE: 6.0483
Iter: 300, Train Loss: 3.6129, Train MAPE: 0.0956, Train RMSE: 6.7054
Iter: 350, Train Loss: 3.3742, Train MAPE: 0.0858, Train RMSE: 6.2506
Epoch: 024, Inference Time: 2.0857 secs
Epoch: 024, Train Loss: 3.4032, Train MAPE: 0.0827, Train RMSE: 6.1803, Valid Loss: 2.9929, Valid MAPE: 0.0800, Valid RMSE: 5.7125, Training Time: 44.3903/epoch
Iter: 000, Train Loss: 3.4704, Train MAPE: 0.0833, Train RMSE: 6.3601
Iter: 050, Train Loss: 3.3853, Train MAPE: 0.0789, Train RMSE: 6.0525
Iter: 100, Train Loss: 3.4720, Train MAPE: 0.0871, Train RMSE: 6.4607
Iter: 150, Train Loss: 3.4475, Train MAPE: 0.0808, Train RMSE: 6.0245
Iter: 200, Train Loss: 3.1721, Train MAPE: 0.0734, Train RMSE: 5.9386
Iter: 250, Train Loss: 3.3708, Train MAPE: 0.0858, Train RMSE: 6.3314
Iter: 300, Train Loss: 3.3065, Train MAPE: 0.0783, Train RMSE: 6.0214
Iter: 350, Train Loss: 3.4797, Train MAPE: 0.0856, Train RMSE: 6.3389
Epoch: 025, Inference Time: 2.0867 secs
Epoch: 025, Train Loss: 3.3816, Train MAPE: 0.0820, Train RMSE: 6.1540, Valid Loss: 2.8594, Valid MAPE: 0.0789, Valid RMSE: 5.6022, Training Time: 44.3858/epoch
Iter: 000, Train Loss: 3.4814, Train MAPE: 0.0837, Train RMSE: 6.3719
Iter: 050, Train Loss: 3.4083, Train MAPE: 0.0773, Train RMSE: 6.2479
Iter: 100, Train Loss: 3.4581, Train MAPE: 0.0782, Train RMSE: 6.3287
Iter: 150, Train Loss: 3.3900, Train MAPE: 0.0853, Train RMSE: 6.0114
Iter: 200, Train Loss: 3.3346, Train MAPE: 0.0824, Train RMSE: 5.9663
Iter: 250, Train Loss: 3.2791, Train MAPE: 0.0812, Train RMSE: 6.0888
Iter: 300, Train Loss: 3.4537, Train MAPE: 0.0835, Train RMSE: 6.1793
Iter: 350, Train Loss: 3.3800, Train MAPE: 0.0851, Train RMSE: 6.2601
Epoch: 026, Inference Time: 2.1609 secs
Epoch: 026, Train Loss: 3.3534, Train MAPE: 0.0812, Train RMSE: 6.1120, Valid Loss: 2.9825, Valid MAPE: 0.0803, Valid RMSE: 5.7068, Training Time: 45.0226/epoch
Iter: 000, Train Loss: 3.2149, Train MAPE: 0.0746, Train RMSE: 5.8023
Iter: 050, Train Loss: 3.3948, Train MAPE: 0.0872, Train RMSE: 6.2321
Iter: 100, Train Loss: 3.3495, Train MAPE: 0.0823, Train RMSE: 5.9931
Iter: 150, Train Loss: 3.3255, Train MAPE: 0.0861, Train RMSE: 6.3304
Iter: 200, Train Loss: 3.3459, Train MAPE: 0.0816, Train RMSE: 6.1256
Iter: 250, Train Loss: 3.4028, Train MAPE: 0.0775, Train RMSE: 6.1352
Iter: 300, Train Loss: 3.1991, Train MAPE: 0.0740, Train RMSE: 5.8439
Iter: 350, Train Loss: 3.4367, Train MAPE: 0.0853, Train RMSE: 6.3066
Epoch: 027, Inference Time: 2.0850 secs
Epoch: 027, Train Loss: 3.3230, Train MAPE: 0.0801, Train RMSE: 6.0556, Valid Loss: 2.8673, Valid MAPE: 0.0788, Valid RMSE: 5.6227, Training Time: 44.7500/epoch
Iter: 000, Train Loss: 3.4966, Train MAPE: 0.0863, Train RMSE: 6.4267
Iter: 050, Train Loss: 3.3505, Train MAPE: 0.0825, Train RMSE: 6.1571
Iter: 100, Train Loss: 3.0997, Train MAPE: 0.0721, Train RMSE: 5.7438
Iter: 150, Train Loss: 3.4618, Train MAPE: 0.0879, Train RMSE: 6.4304
Iter: 200, Train Loss: 3.6158, Train MAPE: 0.0977, Train RMSE: 6.7967
Iter: 250, Train Loss: 3.2283, Train MAPE: 0.0756, Train RMSE: 5.7450
Iter: 300, Train Loss: 3.4880, Train MAPE: 0.0859, Train RMSE: 6.2811
Iter: 350, Train Loss: 3.0964, Train MAPE: 0.0687, Train RMSE: 5.6605
Epoch: 028, Inference Time: 2.0845 secs
Epoch: 028, Train Loss: 3.2988, Train MAPE: 0.0793, Train RMSE: 6.0045, Valid Loss: 2.8599, Valid MAPE: 0.0794, Valid RMSE: 5.6183, Training Time: 44.3773/epoch
Iter: 000, Train Loss: 3.5500, Train MAPE: 0.0888, Train RMSE: 6.5709
Iter: 050, Train Loss: 3.0396, Train MAPE: 0.0725, Train RMSE: 5.5950
Iter: 100, Train Loss: 3.0516, Train MAPE: 0.0771, Train RMSE: 5.6550
Iter: 150, Train Loss: 3.3307, Train MAPE: 0.0759, Train RMSE: 5.8930
Iter: 200, Train Loss: 3.2034, Train MAPE: 0.0759, Train RMSE: 5.8697
Iter: 250, Train Loss: 2.9536, Train MAPE: 0.0657, Train RMSE: 5.3562
Iter: 300, Train Loss: 3.2962, Train MAPE: 0.0809, Train RMSE: 5.9836
Iter: 350, Train Loss: 3.2407, Train MAPE: 0.0742, Train RMSE: 5.8025
Epoch: 029, Inference Time: 2.0841 secs
Epoch: 029, Train Loss: 3.2766, Train MAPE: 0.0786, Train RMSE: 5.9624, Valid Loss: 2.8799, Valid MAPE: 0.0786, Valid RMSE: 5.6127, Training Time: 45.4086/epoch
Iter: 000, Train Loss: 3.2430, Train MAPE: 0.0744, Train RMSE: 5.7319
Iter: 050, Train Loss: 3.3907, Train MAPE: 0.0866, Train RMSE: 6.2321
Iter: 100, Train Loss: 3.2156, Train MAPE: 0.0756, Train RMSE: 5.6933
Iter: 150, Train Loss: 3.3773, Train MAPE: 0.0880, Train RMSE: 6.3713
Iter: 200, Train Loss: 3.3941, Train MAPE: 0.0849, Train RMSE: 6.1725
Iter: 250, Train Loss: 3.0620, Train MAPE: 0.0683, Train RMSE: 5.5244
Iter: 300, Train Loss: 3.1652, Train MAPE: 0.0680, Train RMSE: 5.6344
Iter: 350, Train Loss: 3.4711, Train MAPE: 0.0818, Train RMSE: 6.2753
Epoch: 030, Inference Time: 2.0833 secs
Epoch: 030, Train Loss: 3.2565, Train MAPE: 0.0779, Train RMSE: 5.9219, Valid Loss: 2.8412, Valid MAPE: 0.0784, Valid RMSE: 5.5742, Training Time: 44.3423/epoch
Iter: 000, Train Loss: 3.4218, Train MAPE: 0.0870, Train RMSE: 6.3585
Iter: 050, Train Loss: 3.4672, Train MAPE: 0.0892, Train RMSE: 6.4704
Iter: 100, Train Loss: 3.3023, Train MAPE: 0.0810, Train RMSE: 6.0983
Iter: 150, Train Loss: 3.0419, Train MAPE: 0.0681, Train RMSE: 5.4186
Iter: 200, Train Loss: 3.0154, Train MAPE: 0.0665, Train RMSE: 5.4564
Iter: 250, Train Loss: 3.0869, Train MAPE: 0.0744, Train RMSE: 5.6814
Iter: 300, Train Loss: 3.1748, Train MAPE: 0.0764, Train RMSE: 5.7461
Iter: 350, Train Loss: 3.4078, Train MAPE: 0.0873, Train RMSE: 6.3142
Epoch: 031, Inference Time: 2.0838 secs
Epoch: 031, Train Loss: 3.2420, Train MAPE: 0.0774, Train RMSE: 5.8909, Valid Loss: 2.8476, Valid MAPE: 0.0769, Valid RMSE: 5.5763, Training Time: 44.3437/epoch
Iter: 000, Train Loss: 3.2721, Train MAPE: 0.0749, Train RMSE: 5.7327
Iter: 050, Train Loss: 3.0284, Train MAPE: 0.0669, Train RMSE: 5.3422
Iter: 100, Train Loss: 3.2183, Train MAPE: 0.0769, Train RMSE: 5.9897
Iter: 150, Train Loss: 3.1908, Train MAPE: 0.0740, Train RMSE: 5.8184
Iter: 200, Train Loss: 3.0529, Train MAPE: 0.0678, Train RMSE: 5.4954
Iter: 250, Train Loss: 3.2184, Train MAPE: 0.0775, Train RMSE: 5.9073
Iter: 300, Train Loss: 3.1772, Train MAPE: 0.0761, Train RMSE: 5.9032
Iter: 350, Train Loss: 3.3738, Train MAPE: 0.0871, Train RMSE: 6.4111
Epoch: 032, Inference Time: 2.0852 secs
Epoch: 032, Train Loss: 3.2336, Train MAPE: 0.0771, Train RMSE: 5.8718, Valid Loss: 2.8742, Valid MAPE: 0.0783, Valid RMSE: 5.6475, Training Time: 44.3615/epoch
Iter: 000, Train Loss: 3.5297, Train MAPE: 0.0898, Train RMSE: 6.5214
Iter: 050, Train Loss: 3.5627, Train MAPE: 0.0906, Train RMSE: 6.5512
Iter: 100, Train Loss: 3.7141, Train MAPE: 0.0921, Train RMSE: 6.6842
Iter: 150, Train Loss: 3.1082, Train MAPE: 0.0674, Train RMSE: 5.4500
Iter: 200, Train Loss: 3.3524, Train MAPE: 0.0812, Train RMSE: 6.0798
Iter: 250, Train Loss: 3.3168, Train MAPE: 0.0843, Train RMSE: 6.2767
Iter: 300, Train Loss: 3.2545, Train MAPE: 0.0762, Train RMSE: 5.8365
Iter: 350, Train Loss: 3.3041, Train MAPE: 0.0756, Train RMSE: 5.9464
Epoch: 033, Inference Time: 2.0826 secs
Epoch: 033, Train Loss: 3.3848, Train MAPE: 0.0818, Train RMSE: 6.1382, Valid Loss: 2.8912, Valid MAPE: 0.0795, Valid RMSE: 5.6550, Training Time: 44.3809/epoch
Iter: 000, Train Loss: 3.6180, Train MAPE: 0.0942, Train RMSE: 6.4422
Iter: 050, Train Loss: 3.2898, Train MAPE: 0.0831, Train RMSE: 6.1008
Iter: 100, Train Loss: 3.2231, Train MAPE: 0.0805, Train RMSE: 5.9133
Iter: 150, Train Loss: 3.6198, Train MAPE: 0.0988, Train RMSE: 6.7694
Iter: 200, Train Loss: 3.2038, Train MAPE: 0.0751, Train RMSE: 5.7374
Iter: 250, Train Loss: 3.3232, Train MAPE: 0.0737, Train RMSE: 5.8136
Iter: 300, Train Loss: 3.2857, Train MAPE: 0.0741, Train RMSE: 5.8387
Iter: 350, Train Loss: 3.6602, Train MAPE: 0.0940, Train RMSE: 6.7150
Epoch: 034, Inference Time: 2.0842 secs
Epoch: 034, Train Loss: 3.3520, Train MAPE: 0.0808, Train RMSE: 6.0955, Valid Loss: 2.9218, Valid MAPE: 0.0811, Valid RMSE: 5.6650, Training Time: 44.3579/epoch
Iter: 000, Train Loss: 3.5070, Train MAPE: 0.0966, Train RMSE: 6.4703
Iter: 050, Train Loss: 3.1564, Train MAPE: 0.0697, Train RMSE: 5.6533
Iter: 100, Train Loss: 3.5283, Train MAPE: 0.0837, Train RMSE: 6.3897
Iter: 150, Train Loss: 3.4206, Train MAPE: 0.0870, Train RMSE: 6.2101
Iter: 200, Train Loss: 3.3851, Train MAPE: 0.0824, Train RMSE: 6.1751
Iter: 250, Train Loss: 3.4274, Train MAPE: 0.0832, Train RMSE: 6.1495
Iter: 300, Train Loss: 3.2225, Train MAPE: 0.0758, Train RMSE: 5.8044
Iter: 350, Train Loss: 3.2568, Train MAPE: 0.0758, Train RMSE: 6.0306
Epoch: 035, Inference Time: 2.0840 secs
Epoch: 035, Train Loss: 3.3285, Train MAPE: 0.0801, Train RMSE: 6.0585, Valid Loss: 2.9331, Valid MAPE: 0.0820, Valid RMSE: 5.7093, Training Time: 44.3709/epoch
Iter: 000, Train Loss: 3.2074, Train MAPE: 0.0745, Train RMSE: 5.9691
Iter: 050, Train Loss: 3.5216, Train MAPE: 0.0869, Train RMSE: 6.1837
Iter: 100, Train Loss: 3.3360, Train MAPE: 0.0788, Train RMSE: 6.1866
Iter: 150, Train Loss: 3.0835, Train MAPE: 0.0686, Train RMSE: 5.3172
Iter: 200, Train Loss: 3.5386, Train MAPE: 0.0929, Train RMSE: 6.7113
Iter: 250, Train Loss: 3.4198, Train MAPE: 0.0838, Train RMSE: 6.0520
Iter: 300, Train Loss: 3.3639, Train MAPE: 0.0805, Train RMSE: 6.2086
Iter: 350, Train Loss: 3.3795, Train MAPE: 0.0802, Train RMSE: 6.2236
Epoch: 036, Inference Time: 2.0844 secs
Epoch: 036, Train Loss: 3.3179, Train MAPE: 0.0797, Train RMSE: 6.0330, Valid Loss: 2.9647, Valid MAPE: 0.0805, Valid RMSE: 5.6974, Training Time: 44.3651/epoch
Iter: 000, Train Loss: 3.3250, Train MAPE: 0.0825, Train RMSE: 6.0630
Iter: 050, Train Loss: 3.3387, Train MAPE: 0.0861, Train RMSE: 6.1987
Iter: 100, Train Loss: 3.3450, Train MAPE: 0.0772, Train RMSE: 6.0390
Iter: 150, Train Loss: 3.2530, Train MAPE: 0.0743, Train RMSE: 5.6772
Iter: 200, Train Loss: 3.2089, Train MAPE: 0.0730, Train RMSE: 5.7783
Iter: 250, Train Loss: 3.1853, Train MAPE: 0.0707, Train RMSE: 5.7811
Iter: 300, Train Loss: 3.1480, Train MAPE: 0.0766, Train RMSE: 5.7591
Iter: 350, Train Loss: 3.3863, Train MAPE: 0.0878, Train RMSE: 6.2587
Epoch: 037, Inference Time: 2.1481 secs
Epoch: 037, Train Loss: 3.2929, Train MAPE: 0.0790, Train RMSE: 5.9886, Valid Loss: 2.8830, Valid MAPE: 0.0771, Valid RMSE: 5.6059, Training Time: 44.8694/epoch
Iter: 000, Train Loss: 3.4202, Train MAPE: 0.0848, Train RMSE: 6.3694
Iter: 050, Train Loss: 3.2187, Train MAPE: 0.0795, Train RMSE: 6.1030
Iter: 100, Train Loss: 3.2414, Train MAPE: 0.0721, Train RMSE: 5.8429
Iter: 150, Train Loss: 3.2627, Train MAPE: 0.0785, Train RMSE: 5.9809
Iter: 200, Train Loss: 3.2484, Train MAPE: 0.0751, Train RMSE: 5.9409
Iter: 250, Train Loss: 3.3652, Train MAPE: 0.0806, Train RMSE: 6.1720
Iter: 300, Train Loss: 3.0911, Train MAPE: 0.0743, Train RMSE: 5.8490
Iter: 350, Train Loss: 3.4490, Train MAPE: 0.0841, Train RMSE: 6.1553
Epoch: 038, Inference Time: 2.0833 secs
Epoch: 038, Train Loss: 3.2715, Train MAPE: 0.0782, Train RMSE: 5.9443, Valid Loss: 2.8339, Valid MAPE: 0.0759, Valid RMSE: 5.5865, Training Time: 44.7620/epoch
Iter: 000, Train Loss: 3.4054, Train MAPE: 0.0823, Train RMSE: 6.0675
Iter: 050, Train Loss: 3.2397, Train MAPE: 0.0807, Train RMSE: 5.7860
Iter: 100, Train Loss: 3.2666, Train MAPE: 0.0789, Train RMSE: 5.9024
Iter: 150, Train Loss: 3.1650, Train MAPE: 0.0741, Train RMSE: 5.8268
Iter: 200, Train Loss: 3.1824, Train MAPE: 0.0717, Train RMSE: 5.5488
Iter: 250, Train Loss: 3.0642, Train MAPE: 0.0687, Train RMSE: 5.5609
Iter: 300, Train Loss: 3.3441, Train MAPE: 0.0887, Train RMSE: 6.3299
Iter: 350, Train Loss: 3.2268, Train MAPE: 0.0753, Train RMSE: 5.9762
Epoch: 039, Inference Time: 2.0820 secs
Epoch: 039, Train Loss: 3.2480, Train MAPE: 0.0774, Train RMSE: 5.8967, Valid Loss: 2.8308, Valid MAPE: 0.0787, Valid RMSE: 5.5859, Training Time: 44.3624/epoch
Iter: 000, Train Loss: 3.4419, Train MAPE: 0.0877, Train RMSE: 6.4269
Iter: 050, Train Loss: 2.9601, Train MAPE: 0.0645, Train RMSE: 5.1535
Iter: 100, Train Loss: 3.2917, Train MAPE: 0.0778, Train RMSE: 5.8397
Iter: 150, Train Loss: 3.4673, Train MAPE: 0.0864, Train RMSE: 6.5187
Iter: 200, Train Loss: 3.1627, Train MAPE: 0.0709, Train RMSE: 5.4792
Iter: 250, Train Loss: 3.4819, Train MAPE: 0.0890, Train RMSE: 6.4085
Iter: 300, Train Loss: 3.1151, Train MAPE: 0.0698, Train RMSE: 5.6078
Iter: 350, Train Loss: 3.2625, Train MAPE: 0.0749, Train RMSE: 5.9098
Epoch: 040, Inference Time: 2.1917 secs
Epoch: 040, Train Loss: 3.2286, Train MAPE: 0.0768, Train RMSE: 5.8539, Valid Loss: 2.8376, Valid MAPE: 0.0767, Valid RMSE: 5.5836, Training Time: 45.4467/epoch
Iter: 000, Train Loss: 3.5716, Train MAPE: 0.0944, Train RMSE: 6.6442
Iter: 050, Train Loss: 3.0983, Train MAPE: 0.0745, Train RMSE: 5.5562
Iter: 100, Train Loss: 3.1808, Train MAPE: 0.0707, Train RMSE: 5.5898
Iter: 150, Train Loss: 2.9312, Train MAPE: 0.0646, Train RMSE: 5.2359
Iter: 200, Train Loss: 3.2322, Train MAPE: 0.0817, Train RMSE: 5.8425
Iter: 250, Train Loss: 3.5794, Train MAPE: 0.0885, Train RMSE: 6.4283
Iter: 300, Train Loss: 3.1314, Train MAPE: 0.0721, Train RMSE: 5.5700
Iter: 350, Train Loss: 3.2304, Train MAPE: 0.0719, Train RMSE: 5.8128
Epoch: 041, Inference Time: 2.0834 secs
Epoch: 041, Train Loss: 3.2110, Train MAPE: 0.0762, Train RMSE: 5.8172, Valid Loss: 2.8122, Valid MAPE: 0.0759, Valid RMSE: 5.5578, Training Time: 44.4270/epoch
Iter: 000, Train Loss: 3.0802, Train MAPE: 0.0696, Train RMSE: 5.4453
Iter: 050, Train Loss: 3.1791, Train MAPE: 0.0710, Train RMSE: 5.6468
Iter: 100, Train Loss: 3.4202, Train MAPE: 0.0809, Train RMSE: 6.1985
Iter: 150, Train Loss: 3.4854, Train MAPE: 0.0897, Train RMSE: 6.4086
Iter: 200, Train Loss: 3.1607, Train MAPE: 0.0794, Train RMSE: 5.7905
Iter: 250, Train Loss: 3.3900, Train MAPE: 0.0844, Train RMSE: 6.1095
Iter: 300, Train Loss: 3.1997, Train MAPE: 0.0729, Train RMSE: 5.7367
Iter: 350, Train Loss: 3.0437, Train MAPE: 0.0703, Train RMSE: 5.5152
Epoch: 042, Inference Time: 2.0844 secs
Epoch: 042, Train Loss: 3.2000, Train MAPE: 0.0758, Train RMSE: 5.7907, Valid Loss: 2.8243, Valid MAPE: 0.0763, Valid RMSE: 5.5796, Training Time: 44.3311/epoch
Iter: 000, Train Loss: 3.1176, Train MAPE: 0.0708, Train RMSE: 5.6252
Iter: 050, Train Loss: 3.1672, Train MAPE: 0.0735, Train RMSE: 5.6656
Iter: 100, Train Loss: 3.1723, Train MAPE: 0.0739, Train RMSE: 5.6216
Iter: 150, Train Loss: 3.1924, Train MAPE: 0.0786, Train RMSE: 5.8004
Iter: 200, Train Loss: 3.1052, Train MAPE: 0.0720, Train RMSE: 5.6022
Iter: 250, Train Loss: 3.2519, Train MAPE: 0.0719, Train RMSE: 5.6884
Iter: 300, Train Loss: 3.5492, Train MAPE: 0.0855, Train RMSE: 6.2924
Iter: 350, Train Loss: 3.1382, Train MAPE: 0.0738, Train RMSE: 5.7167
Epoch: 043, Inference Time: 2.1403 secs
Epoch: 043, Train Loss: 3.2467, Train MAPE: 0.0772, Train RMSE: 5.8719, Valid Loss: 2.8968, Valid MAPE: 0.0791, Valid RMSE: 5.6743, Training Time: 44.6970/epoch
Iter: 000, Train Loss: 3.3131, Train MAPE: 0.0755, Train RMSE: 5.9895
Iter: 050, Train Loss: 3.2334, Train MAPE: 0.0766, Train RMSE: 5.8169
Iter: 100, Train Loss: 3.5271, Train MAPE: 0.0890, Train RMSE: 6.4793
Iter: 150, Train Loss: 3.2887, Train MAPE: 0.0758, Train RMSE: 5.7107
Iter: 200, Train Loss: 3.1781, Train MAPE: 0.0731, Train RMSE: 5.7493
Iter: 250, Train Loss: 3.2883, Train MAPE: 0.0767, Train RMSE: 5.8087
Iter: 300, Train Loss: 3.1694, Train MAPE: 0.0784, Train RMSE: 5.9088
Iter: 350, Train Loss: 3.4436, Train MAPE: 0.0839, Train RMSE: 6.2788
Epoch: 044, Inference Time: 2.0831 secs
Epoch: 044, Train Loss: 3.3189, Train MAPE: 0.0796, Train RMSE: 6.0238, Valid Loss: 2.9103, Valid MAPE: 0.0798, Valid RMSE: 5.6341, Training Time: 44.4637/epoch
Iter: 000, Train Loss: 3.4667, Train MAPE: 0.0867, Train RMSE: 6.2618
Iter: 050, Train Loss: 3.3157, Train MAPE: 0.0819, Train RMSE: 5.8435
Iter: 100, Train Loss: 3.2289, Train MAPE: 0.0727, Train RMSE: 5.8016
Iter: 150, Train Loss: 3.2729, Train MAPE: 0.0783, Train RMSE: 5.9727
Iter: 200, Train Loss: 3.5161, Train MAPE: 0.0878, Train RMSE: 6.3755
Iter: 250, Train Loss: 3.2351, Train MAPE: 0.0734, Train RMSE: 5.7236
Iter: 300, Train Loss: 3.4663, Train MAPE: 0.0866, Train RMSE: 6.6709
Iter: 350, Train Loss: 3.2967, Train MAPE: 0.0718, Train RMSE: 5.6549
Epoch: 045, Inference Time: 2.0832 secs
Epoch: 045, Train Loss: 3.3087, Train MAPE: 0.0792, Train RMSE: 6.0076, Valid Loss: 2.9019, Valid MAPE: 0.0810, Valid RMSE: 5.6864, Training Time: 44.3842/epoch
Iter: 000, Train Loss: 3.3351, Train MAPE: 0.0874, Train RMSE: 6.1639
Iter: 050, Train Loss: 3.3631, Train MAPE: 0.0842, Train RMSE: 6.3862
Iter: 100, Train Loss: 3.3937, Train MAPE: 0.0861, Train RMSE: 6.1976
Iter: 150, Train Loss: 3.2732, Train MAPE: 0.0781, Train RMSE: 5.9646
Iter: 200, Train Loss: 3.6361, Train MAPE: 0.0902, Train RMSE: 6.5042
Iter: 250, Train Loss: 3.0729, Train MAPE: 0.0700, Train RMSE: 5.5261
Iter: 300, Train Loss: 3.4576, Train MAPE: 0.0924, Train RMSE: 6.3749
Iter: 350, Train Loss: 3.2988, Train MAPE: 0.0763, Train RMSE: 5.7561
Epoch: 046, Inference Time: 2.1744 secs
Epoch: 046, Train Loss: 3.2962, Train MAPE: 0.0788, Train RMSE: 5.9828, Valid Loss: 2.8522, Valid MAPE: 0.0770, Valid RMSE: 5.6011, Training Time: 45.2975/epoch
Iter: 000, Train Loss: 3.4105, Train MAPE: 0.0885, Train RMSE: 6.3147
Iter: 050, Train Loss: 3.1500, Train MAPE: 0.0738, Train RMSE: 5.4755
Iter: 100, Train Loss: 3.4116, Train MAPE: 0.0841, Train RMSE: 6.1975
Iter: 150, Train Loss: 3.5207, Train MAPE: 0.0903, Train RMSE: 6.2848
Iter: 200, Train Loss: 3.1052, Train MAPE: 0.0687, Train RMSE: 5.6948
Iter: 250, Train Loss: 3.1766, Train MAPE: 0.0758, Train RMSE: 5.7377
Iter: 300, Train Loss: 3.0983, Train MAPE: 0.0705, Train RMSE: 5.4961
Iter: 350, Train Loss: 3.2423, Train MAPE: 0.0810, Train RMSE: 5.9867
Epoch: 047, Inference Time: 2.1003 secs
Epoch: 047, Train Loss: 3.2786, Train MAPE: 0.0783, Train RMSE: 5.9535, Valid Loss: 2.9253, Valid MAPE: 0.0769, Valid RMSE: 5.6698, Training Time: 45.1869/epoch
Iter: 000, Train Loss: 3.1396, Train MAPE: 0.0709, Train RMSE: 5.6270
Iter: 050, Train Loss: 3.3135, Train MAPE: 0.0772, Train RMSE: 6.0335
Iter: 100, Train Loss: 3.4959, Train MAPE: 0.0862, Train RMSE: 6.2892
Iter: 150, Train Loss: 3.3804, Train MAPE: 0.0806, Train RMSE: 6.1744
Iter: 200, Train Loss: 3.0964, Train MAPE: 0.0682, Train RMSE: 5.5765
Iter: 250, Train Loss: 3.2854, Train MAPE: 0.0764, Train RMSE: 5.8405
Iter: 300, Train Loss: 3.1157, Train MAPE: 0.0727, Train RMSE: 5.5264
Iter: 350, Train Loss: 3.6611, Train MAPE: 0.0995, Train RMSE: 6.8783
Epoch: 048, Inference Time: 2.2390 secs
Epoch: 048, Train Loss: 3.2567, Train MAPE: 0.0775, Train RMSE: 5.9048, Valid Loss: 2.8004, Valid MAPE: 0.0765, Valid RMSE: 5.4906, Training Time: 46.0865/epoch
Iter: 000, Train Loss: 3.2122, Train MAPE: 0.0726, Train RMSE: 5.4988
Iter: 050, Train Loss: 3.4124, Train MAPE: 0.0829, Train RMSE: 6.2456
Iter: 100, Train Loss: 3.2537, Train MAPE: 0.0813, Train RMSE: 5.8869
Iter: 150, Train Loss: 2.9967, Train MAPE: 0.0669, Train RMSE: 5.4251
Iter: 200, Train Loss: 3.6608, Train MAPE: 0.0936, Train RMSE: 6.9442
Iter: 250, Train Loss: 3.0314, Train MAPE: 0.0666, Train RMSE: 5.4549
Iter: 300, Train Loss: 3.3216, Train MAPE: 0.0965, Train RMSE: 6.3439
Iter: 350, Train Loss: 3.2058, Train MAPE: 0.0790, Train RMSE: 6.0519
Epoch: 049, Inference Time: 2.0823 secs
Epoch: 049, Train Loss: 3.2336, Train MAPE: 0.0768, Train RMSE: 5.8605, Valid Loss: 2.8257, Valid MAPE: 0.0771, Valid RMSE: 5.5723, Training Time: 45.1794/epoch
Iter: 000, Train Loss: 3.4508, Train MAPE: 0.0871, Train RMSE: 6.4551
Iter: 050, Train Loss: 3.2232, Train MAPE: 0.0788, Train RMSE: 5.9744
Iter: 100, Train Loss: 3.0326, Train MAPE: 0.0694, Train RMSE: 5.2676
Iter: 150, Train Loss: 3.2220, Train MAPE: 0.0765, Train RMSE: 5.7653
Iter: 200, Train Loss: 3.3206, Train MAPE: 0.0791, Train RMSE: 6.0664
Iter: 250, Train Loss: 3.3802, Train MAPE: 0.0812, Train RMSE: 6.1707
Iter: 300, Train Loss: 3.2579, Train MAPE: 0.0774, Train RMSE: 5.9152
Iter: 350, Train Loss: 3.1691, Train MAPE: 0.0730, Train RMSE: 5.8276
Epoch: 050, Inference Time: 2.0821 secs
Epoch: 050, Train Loss: 3.2130, Train MAPE: 0.0761, Train RMSE: 5.8179, Valid Loss: 2.7875, Valid MAPE: 0.0756, Valid RMSE: 5.4961, Training Time: 44.3513/epoch
Iter: 000, Train Loss: 3.3576, Train MAPE: 0.0864, Train RMSE: 6.2223
Iter: 050, Train Loss: 3.0605, Train MAPE: 0.0662, Train RMSE: 5.3433
Iter: 100, Train Loss: 3.3083, Train MAPE: 0.0781, Train RMSE: 5.9573
Iter: 150, Train Loss: 3.2260, Train MAPE: 0.0752, Train RMSE: 5.7566
Iter: 200, Train Loss: 2.9134, Train MAPE: 0.0678, Train RMSE: 5.3495
Iter: 250, Train Loss: 3.1017, Train MAPE: 0.0694, Train RMSE: 5.6971
Iter: 300, Train Loss: 3.3010, Train MAPE: 0.0864, Train RMSE: 5.9413
Iter: 350, Train Loss: 2.9818, Train MAPE: 0.0630, Train RMSE: 5.2851
Epoch: 051, Inference Time: 2.0832 secs
Epoch: 051, Train Loss: 3.1955, Train MAPE: 0.0755, Train RMSE: 5.7757, Valid Loss: 2.8185, Valid MAPE: 0.0756, Valid RMSE: 5.5763, Training Time: 44.3407/epoch
Iter: 000, Train Loss: 3.1895, Train MAPE: 0.0761, Train RMSE: 5.7073
Iter: 050, Train Loss: 3.1360, Train MAPE: 0.0799, Train RMSE: 5.6957
Iter: 100, Train Loss: 3.3044, Train MAPE: 0.0776, Train RMSE: 5.8875
Iter: 150, Train Loss: 3.3384, Train MAPE: 0.0865, Train RMSE: 6.3748
Iter: 200, Train Loss: 3.3170, Train MAPE: 0.0767, Train RMSE: 5.7745
Iter: 250, Train Loss: 3.2185, Train MAPE: 0.0714, Train RMSE: 5.7505
Iter: 300, Train Loss: 2.8947, Train MAPE: 0.0600, Train RMSE: 4.9941
Iter: 350, Train Loss: 3.0966, Train MAPE: 0.0690, Train RMSE: 5.4888
Epoch: 052, Inference Time: 2.0834 secs
Epoch: 052, Train Loss: 3.1798, Train MAPE: 0.0749, Train RMSE: 5.7408, Valid Loss: 2.8365, Valid MAPE: 0.0754, Valid RMSE: 5.6337, Training Time: 44.3536/epoch
Iter: 000, Train Loss: 3.1951, Train MAPE: 0.0797, Train RMSE: 6.0730
Iter: 050, Train Loss: 3.2740, Train MAPE: 0.0751, Train RMSE: 5.8546
Iter: 100, Train Loss: 3.0469, Train MAPE: 0.0736, Train RMSE: 5.3999
Iter: 150, Train Loss: 3.2091, Train MAPE: 0.0759, Train RMSE: 5.6865
Iter: 200, Train Loss: 3.2070, Train MAPE: 0.0825, Train RMSE: 5.8400
Iter: 250, Train Loss: 3.1750, Train MAPE: 0.0762, Train RMSE: 5.7268
Iter: 300, Train Loss: 3.0060, Train MAPE: 0.0644, Train RMSE: 5.3200
Iter: 350, Train Loss: 3.0455, Train MAPE: 0.0698, Train RMSE: 5.6314
Epoch: 053, Inference Time: 2.0822 secs
Epoch: 053, Train Loss: 3.1710, Train MAPE: 0.0746, Train RMSE: 5.7191, Valid Loss: 2.8175, Valid MAPE: 0.0755, Valid RMSE: 5.5818, Training Time: 44.3405/epoch
Iter: 000, Train Loss: 3.3801, Train MAPE: 0.0897, Train RMSE: 6.4690
Iter: 050, Train Loss: 3.2647, Train MAPE: 0.0814, Train RMSE: 5.9500
Iter: 100, Train Loss: 3.2305, Train MAPE: 0.0791, Train RMSE: 6.0144
Iter: 150, Train Loss: 3.5008, Train MAPE: 0.0860, Train RMSE: 6.2478
Iter: 200, Train Loss: 3.4549, Train MAPE: 0.0807, Train RMSE: 6.0595
Iter: 250, Train Loss: 3.1897, Train MAPE: 0.0746, Train RMSE: 5.5864
Iter: 300, Train Loss: 3.0483, Train MAPE: 0.0676, Train RMSE: 5.4377
Iter: 350, Train Loss: 3.0373, Train MAPE: 0.0665, Train RMSE: 5.3315
Epoch: 054, Inference Time: 2.0822 secs
Epoch: 054, Train Loss: 3.2574, Train MAPE: 0.0774, Train RMSE: 5.8883, Valid Loss: 2.8709, Valid MAPE: 0.0772, Valid RMSE: 5.5932, Training Time: 44.3412/epoch
Iter: 000, Train Loss: 3.2647, Train MAPE: 0.0805, Train RMSE: 6.1715
Iter: 050, Train Loss: 3.0762, Train MAPE: 0.0699, Train RMSE: 5.1882
Iter: 100, Train Loss: 3.5356, Train MAPE: 0.0865, Train RMSE: 6.3824
Iter: 150, Train Loss: 3.4483, Train MAPE: 0.0794, Train RMSE: 6.0946
Iter: 200, Train Loss: 3.2157, Train MAPE: 0.0755, Train RMSE: 5.9084
Iter: 250, Train Loss: 3.0701, Train MAPE: 0.0655, Train RMSE: 5.4541
Iter: 300, Train Loss: 3.1352, Train MAPE: 0.0722, Train RMSE: 5.5371
Iter: 350, Train Loss: 3.3026, Train MAPE: 0.0885, Train RMSE: 6.5697
Epoch: 055, Inference Time: 2.0849 secs
Epoch: 055, Train Loss: 3.2896, Train MAPE: 0.0785, Train RMSE: 5.9657, Valid Loss: 2.9161, Valid MAPE: 0.0770, Valid RMSE: 5.6687, Training Time: 44.7263/epoch
Iter: 000, Train Loss: 3.2785, Train MAPE: 0.0777, Train RMSE: 5.9761
Iter: 050, Train Loss: 3.4425, Train MAPE: 0.0899, Train RMSE: 6.3004
Iter: 100, Train Loss: 3.1126, Train MAPE: 0.0667, Train RMSE: 5.4201
Iter: 150, Train Loss: 3.2804, Train MAPE: 0.0846, Train RMSE: 6.1351
Iter: 200, Train Loss: 3.2396, Train MAPE: 0.0734, Train RMSE: 5.7452
Iter: 250, Train Loss: 3.1964, Train MAPE: 0.0744, Train RMSE: 5.7116
Iter: 300, Train Loss: 3.3558, Train MAPE: 0.0800, Train RMSE: 6.1080
Iter: 350, Train Loss: 3.2906, Train MAPE: 0.0772, Train RMSE: 6.0472
Epoch: 056, Inference Time: 2.1913 secs
Epoch: 056, Train Loss: 3.2824, Train MAPE: 0.0782, Train RMSE: 5.9526, Valid Loss: 2.8443, Valid MAPE: 0.0770, Valid RMSE: 5.5885, Training Time: 44.5812/epoch
Iter: 000, Train Loss: 3.0011, Train MAPE: 0.0632, Train RMSE: 5.2015
Iter: 050, Train Loss: 3.4803, Train MAPE: 0.0840, Train RMSE: 6.2969
Iter: 100, Train Loss: 3.3102, Train MAPE: 0.0819, Train RMSE: 6.1986
Iter: 150, Train Loss: 3.2581, Train MAPE: 0.0814, Train RMSE: 5.9448
Iter: 200, Train Loss: 3.5456, Train MAPE: 0.0863, Train RMSE: 6.3494
Iter: 250, Train Loss: 3.4019, Train MAPE: 0.0861, Train RMSE: 6.2130
Iter: 300, Train Loss: 3.1366, Train MAPE: 0.0708, Train RMSE: 5.7014
Iter: 350, Train Loss: 3.1204, Train MAPE: 0.0681, Train RMSE: 5.7264
Epoch: 057, Inference Time: 2.0822 secs
Epoch: 057, Train Loss: 3.2641, Train MAPE: 0.0776, Train RMSE: 5.9140, Valid Loss: 2.8801, Valid MAPE: 0.0775, Valid RMSE: 5.6713, Training Time: 44.6433/epoch
Iter: 000, Train Loss: 3.5059, Train MAPE: 0.0850, Train RMSE: 6.3487
Iter: 050, Train Loss: 3.3452, Train MAPE: 0.0848, Train RMSE: 5.9942
Iter: 100, Train Loss: 3.2454, Train MAPE: 0.0722, Train RMSE: 5.6274
Iter: 150, Train Loss: 3.0026, Train MAPE: 0.0659, Train RMSE: 5.3433
Iter: 200, Train Loss: 3.1763, Train MAPE: 0.0719, Train RMSE: 5.7872
Iter: 250, Train Loss: 3.2424, Train MAPE: 0.0808, Train RMSE: 5.6986
Iter: 300, Train Loss: 3.3497, Train MAPE: 0.0804, Train RMSE: 6.1704
Iter: 350, Train Loss: 3.1419, Train MAPE: 0.0716, Train RMSE: 5.5341
Epoch: 058, Inference Time: 2.0832 secs
Epoch: 058, Train Loss: 3.2473, Train MAPE: 0.0770, Train RMSE: 5.8802, Valid Loss: 2.8547, Valid MAPE: 0.0781, Valid RMSE: 5.6441, Training Time: 44.3612/epoch
Iter: 000, Train Loss: 3.3900, Train MAPE: 0.0903, Train RMSE: 6.1869
Iter: 050, Train Loss: 3.0475, Train MAPE: 0.0640, Train RMSE: 5.2058
Iter: 100, Train Loss: 3.1574, Train MAPE: 0.0687, Train RMSE: 5.3987
Iter: 150, Train Loss: 3.2641, Train MAPE: 0.0812, Train RMSE: 6.0961
Iter: 200, Train Loss: 3.1752, Train MAPE: 0.0715, Train RMSE: 5.6215
Iter: 250, Train Loss: 3.1803, Train MAPE: 0.0779, Train RMSE: 5.8098
Iter: 300, Train Loss: 3.1514, Train MAPE: 0.0731, Train RMSE: 5.6981
Iter: 350, Train Loss: 3.2811, Train MAPE: 0.0768, Train RMSE: 5.9336
Epoch: 059, Inference Time: 2.0823 secs
Epoch: 059, Train Loss: 3.2241, Train MAPE: 0.0763, Train RMSE: 5.8351, Valid Loss: 2.8616, Valid MAPE: 0.0768, Valid RMSE: 5.6306, Training Time: 44.3526/epoch
Iter: 000, Train Loss: 3.0926, Train MAPE: 0.0689, Train RMSE: 5.5374
Iter: 050, Train Loss: 3.2615, Train MAPE: 0.0841, Train RMSE: 6.0564
Iter: 100, Train Loss: 2.8658, Train MAPE: 0.0651, Train RMSE: 5.1383
Iter: 150, Train Loss: 3.1922, Train MAPE: 0.0757, Train RMSE: 5.6512
Iter: 200, Train Loss: 3.0464, Train MAPE: 0.0764, Train RMSE: 5.8374
Iter: 250, Train Loss: 3.1755, Train MAPE: 0.0722, Train RMSE: 5.5340
Iter: 300, Train Loss: 3.5862, Train MAPE: 0.0918, Train RMSE: 6.4759
Iter: 350, Train Loss: 3.1248, Train MAPE: 0.0709, Train RMSE: 5.5901
Epoch: 060, Inference Time: 2.0832 secs
Epoch: 060, Train Loss: 3.2046, Train MAPE: 0.0756, Train RMSE: 5.7896, Valid Loss: 2.8443, Valid MAPE: 0.0747, Valid RMSE: 5.6378, Training Time: 44.3578/epoch
Iter: 000, Train Loss: 3.2968, Train MAPE: 0.0776, Train RMSE: 5.9070
Iter: 050, Train Loss: 3.1390, Train MAPE: 0.0710, Train RMSE: 5.6362
Iter: 100, Train Loss: 3.4053, Train MAPE: 0.0836, Train RMSE: 6.2568
Iter: 150, Train Loss: 3.1472, Train MAPE: 0.0782, Train RMSE: 5.9154
Iter: 200, Train Loss: 3.3361, Train MAPE: 0.0814, Train RMSE: 6.0628
Iter: 250, Train Loss: 3.2202, Train MAPE: 0.0760, Train RMSE: 5.8153
Iter: 300, Train Loss: 3.2518, Train MAPE: 0.0756, Train RMSE: 5.7252
Iter: 350, Train Loss: 3.0474, Train MAPE: 0.0673, Train RMSE: 5.4992
Epoch: 061, Inference Time: 2.0826 secs
Epoch: 061, Train Loss: 3.1842, Train MAPE: 0.0750, Train RMSE: 5.7461, Valid Loss: 2.8138, Valid MAPE: 0.0757, Valid RMSE: 5.5648, Training Time: 44.3588/epoch
Iter: 000, Train Loss: 3.2938, Train MAPE: 0.0817, Train RMSE: 5.9896
Iter: 050, Train Loss: 3.3705, Train MAPE: 0.0797, Train RMSE: 6.2563
Iter: 100, Train Loss: 3.3370, Train MAPE: 0.0847, Train RMSE: 6.0160
Iter: 150, Train Loss: 3.3571, Train MAPE: 0.0867, Train RMSE: 6.1520
Iter: 200, Train Loss: 3.0584, Train MAPE: 0.0684, Train RMSE: 5.5498
Iter: 250, Train Loss: 3.3303, Train MAPE: 0.0829, Train RMSE: 6.1157
Iter: 300, Train Loss: 3.2990, Train MAPE: 0.0789, Train RMSE: 5.8426
Iter: 350, Train Loss: 3.1091, Train MAPE: 0.0726, Train RMSE: 5.6612
Epoch: 062, Inference Time: 2.0835 secs
Epoch: 062, Train Loss: 3.1678, Train MAPE: 0.0744, Train RMSE: 5.7063, Valid Loss: 2.8230, Valid MAPE: 0.0767, Valid RMSE: 5.5871, Training Time: 45.0492/epoch
Iter: 000, Train Loss: 3.0891, Train MAPE: 0.0707, Train RMSE: 5.5925
Iter: 050, Train Loss: 3.2927, Train MAPE: 0.0766, Train RMSE: 5.9996
Iter: 100, Train Loss: 3.0981, Train MAPE: 0.0684, Train RMSE: 5.5057
Iter: 150, Train Loss: 3.1872, Train MAPE: 0.0710, Train RMSE: 5.6107
Iter: 200, Train Loss: 3.3251, Train MAPE: 0.0860, Train RMSE: 6.1006
Iter: 250, Train Loss: 3.1154, Train MAPE: 0.0720, Train RMSE: 5.6171
Iter: 300, Train Loss: 3.2743, Train MAPE: 0.0770, Train RMSE: 5.8769
Iter: 350, Train Loss: 3.2669, Train MAPE: 0.0788, Train RMSE: 5.8744
Epoch: 063, Inference Time: 2.0816 secs
Epoch: 063, Train Loss: 3.1553, Train MAPE: 0.0739, Train RMSE: 5.6754, Valid Loss: 2.8250, Valid MAPE: 0.0755, Valid RMSE: 5.6059, Training Time: 44.3430/epoch
Iter: 000, Train Loss: 3.0177, Train MAPE: 0.0699, Train RMSE: 5.5134
Iter: 050, Train Loss: 3.2305, Train MAPE: 0.0777, Train RMSE: 5.8108
Iter: 100, Train Loss: 2.6466, Train MAPE: 0.0539, Train RMSE: 4.5857
Iter: 150, Train Loss: 3.1405, Train MAPE: 0.0744, Train RMSE: 5.5948
Iter: 200, Train Loss: 2.9553, Train MAPE: 0.0692, Train RMSE: 5.5046
Iter: 250, Train Loss: 2.9453, Train MAPE: 0.0636, Train RMSE: 5.0167
Iter: 300, Train Loss: 2.9353, Train MAPE: 0.0671, Train RMSE: 5.2368
Iter: 350, Train Loss: 3.2102, Train MAPE: 0.0797, Train RMSE: 5.8555
Epoch: 064, Inference Time: 2.0838 secs
Epoch: 064, Train Loss: 3.1483, Train MAPE: 0.0737, Train RMSE: 5.6585, Valid Loss: 2.9164, Valid MAPE: 0.0792, Valid RMSE: 5.7559, Training Time: 44.3562/epoch
Iter: 000, Train Loss: 3.3304, Train MAPE: 0.0805, Train RMSE: 6.0608
Iter: 050, Train Loss: 3.4452, Train MAPE: 0.0788, Train RMSE: 6.1640
Iter: 100, Train Loss: 3.1947, Train MAPE: 0.0732, Train RMSE: 5.6486
Iter: 150, Train Loss: 3.3722, Train MAPE: 0.0836, Train RMSE: 6.2831
Iter: 200, Train Loss: 3.2226, Train MAPE: 0.0792, Train RMSE: 6.0303
Iter: 250, Train Loss: 3.2699, Train MAPE: 0.0802, Train RMSE: 5.9860
Iter: 300, Train Loss: 3.5258, Train MAPE: 0.0867, Train RMSE: 6.2165
Iter: 350, Train Loss: 3.2023, Train MAPE: 0.0795, Train RMSE: 5.9522
Epoch: 065, Inference Time: 2.0818 secs
Epoch: 065, Train Loss: 3.2730, Train MAPE: 0.0777, Train RMSE: 5.9197, Valid Loss: 2.9719, Valid MAPE: 0.0788, Valid RMSE: 5.8316, Training Time: 44.3615/epoch
Iter: 000, Train Loss: 3.4907, Train MAPE: 0.0833, Train RMSE: 6.4752
Iter: 050, Train Loss: 3.0365, Train MAPE: 0.0678, Train RMSE: 5.5350
Iter: 100, Train Loss: 3.1468, Train MAPE: 0.0723, Train RMSE: 5.6735
Iter: 150, Train Loss: 3.1141, Train MAPE: 0.0736, Train RMSE: 5.6597
Iter: 200, Train Loss: 3.1661, Train MAPE: 0.0771, Train RMSE: 5.5650
Iter: 250, Train Loss: 3.1623, Train MAPE: 0.0747, Train RMSE: 5.7183
Iter: 300, Train Loss: 3.1799, Train MAPE: 0.0697, Train RMSE: 5.5748
Iter: 350, Train Loss: 3.2452, Train MAPE: 0.0786, Train RMSE: 5.9075
Epoch: 066, Inference Time: 2.0827 secs
Epoch: 066, Train Loss: 3.2646, Train MAPE: 0.0775, Train RMSE: 5.9098, Valid Loss: 2.9054, Valid MAPE: 0.0791, Valid RMSE: 5.7392, Training Time: 44.3431/epoch
Early Termination!
Average Training Time: 44.7120 secs/epoch
Average Inference Time: 2.1010 secs
Training finished
The valid loss on best model is 2.7875
Evaluate best model on test data for horizon 1, Test MAE: 2.3621, Test MAPE: 0.0570, Test RMSE: 4.2191
Evaluate best model on test data for horizon 2, Test MAE: 2.6022, Test MAPE: 0.0647, Test RMSE: 4.9527
Evaluate best model on test data for horizon 3, Test MAE: 2.7761, Test MAPE: 0.0709, Test RMSE: 5.4542
Evaluate best model on test data for horizon 4, Test MAE: 2.9192, Test MAPE: 0.0761, Test RMSE: 5.8642
Evaluate best model on test data for horizon 5, Test MAE: 3.0426, Test MAPE: 0.0804, Test RMSE: 6.2135
Evaluate best model on test data for horizon 6, Test MAE: 3.1495, Test MAPE: 0.0841, Test RMSE: 6.5069
Evaluate best model on test data for horizon 7, Test MAE: 3.2391, Test MAPE: 0.0871, Test RMSE: 6.7475
Evaluate best model on test data for horizon 8, Test MAE: 3.3229, Test MAPE: 0.0899, Test RMSE: 6.9678
Evaluate best model on test data for horizon 9, Test MAE: 3.3964, Test MAPE: 0.0923, Test RMSE: 7.1547
Evaluate best model on test data for horizon 10, Test MAE: 3.4606, Test MAPE: 0.0943, Test RMSE: 7.3144
Evaluate best model on test data for horizon 11, Test MAE: 3.5179, Test MAPE: 0.0960, Test RMSE: 7.4526
Evaluate best model on test data for horizon 12, Test MAE: 3.5687, Test MAPE: 0.0978, Test RMSE: 7.5726
On average over 12 horizons, Test MAE: 3.1131, Test MAPE: 0.0825, Test RMSE: 6.3684
Total time spent: 3119.6807
