Start Deterministic Training with seed 42
Namespace(device='cuda:0', data='/home/p_tf_zy/p_tf_01/TESTAM-main/data/METR-LA', adjdata='/home/p_tf_zy/p_tf_01/TESTAM-main/data/METR-LA/adj_mx.pkl', adjtype='doubletransition', out_dim=1, nhid=32, in_dim=2, num_nodes=207, batch_size=64, dropout=0.3, epochs=100, print_every=50, seed=42, save='/home/p_tf_zy/p_tf_01/TESTAM-main/experiment/METR-LA_TESTAM', expid=1, load_path=None, patience=15, lr_mul=1, n_warmup_steps=4000, quantile=0.7, is_quantile=False, warmup_epoch=0)
Train the model with 221468 parameters
start training...
Iter: 000, Train Loss: 15.3722, Train MAPE: 0.3244, Train RMSE: 17.0357
Iter: 050, Train Loss: 10.3453, Train MAPE: 0.2692, Train RMSE: 13.7351
Iter: 100, Train Loss: 7.6370, Train MAPE: 0.2018, Train RMSE: 10.4874
Iter: 150, Train Loss: 6.5367, Train MAPE: 0.1678, Train RMSE: 9.9116
Iter: 200, Train Loss: 6.0644, Train MAPE: 0.1541, Train RMSE: 9.5065
Iter: 250, Train Loss: 5.6826, Train MAPE: 0.1608, Train RMSE: 9.2071
Iter: 300, Train Loss: 5.3308, Train MAPE: 0.1602, Train RMSE: 9.0185
Iter: 350, Train Loss: 5.4373, Train MAPE: 0.1735, Train RMSE: 9.6597
Epoch: 001, Inference Time: 3.6330 secs
Epoch: 001, Train Loss: 7.1811, Train MAPE: 0.1867, Train RMSE: 10.4457, Valid Loss: 4.2785, Valid MAPE: 0.1287, Valid RMSE: 7.8601, Training Time: 84.3318/epoch
Iter: 000, Train Loss: 4.7152, Train MAPE: 0.1198, Train RMSE: 8.3217
Iter: 050, Train Loss: 4.7610, Train MAPE: 0.1359, Train RMSE: 8.4175
Iter: 100, Train Loss: 4.7775, Train MAPE: 0.1267, Train RMSE: 8.5786
Iter: 150, Train Loss: 4.9354, Train MAPE: 0.1386, Train RMSE: 8.9237
Iter: 200, Train Loss: 4.8421, Train MAPE: 0.1358, Train RMSE: 8.8228
Iter: 250, Train Loss: 4.7390, Train MAPE: 0.1401, Train RMSE: 8.4652
Iter: 300, Train Loss: 4.7563, Train MAPE: 0.1304, Train RMSE: 8.7274
Iter: 350, Train Loss: 5.0456, Train MAPE: 0.1523, Train RMSE: 9.2544
Epoch: 002, Inference Time: 3.6311 secs
Epoch: 002, Train Loss: 4.7882, Train MAPE: 0.1367, Train RMSE: 8.7228, Valid Loss: 4.2737, Valid MAPE: 0.1276, Valid RMSE: 7.7964, Training Time: 80.0435/epoch
Iter: 000, Train Loss: 4.8383, Train MAPE: 0.1288, Train RMSE: 8.6812
Iter: 050, Train Loss: 4.6642, Train MAPE: 0.1351, Train RMSE: 8.6672
Iter: 100, Train Loss: 4.0776, Train MAPE: 0.1056, Train RMSE: 7.7087
Iter: 150, Train Loss: 4.3989, Train MAPE: 0.1211, Train RMSE: 8.1503
Iter: 200, Train Loss: 4.4100, Train MAPE: 0.1220, Train RMSE: 8.1615
Iter: 250, Train Loss: 4.2824, Train MAPE: 0.1174, Train RMSE: 8.0535
Iter: 300, Train Loss: 4.7592, Train MAPE: 0.1422, Train RMSE: 8.7393
Iter: 350, Train Loss: 4.6967, Train MAPE: 0.1374, Train RMSE: 8.7721
Epoch: 003, Inference Time: 3.6299 secs
Epoch: 003, Train Loss: 4.6144, Train MAPE: 0.1308, Train RMSE: 8.5135, Valid Loss: 4.2243, Valid MAPE: 0.1270, Valid RMSE: 7.7100, Training Time: 80.0206/epoch
Iter: 000, Train Loss: 4.7964, Train MAPE: 0.1348, Train RMSE: 8.6050
Iter: 050, Train Loss: 4.4225, Train MAPE: 0.1129, Train RMSE: 7.9143
Iter: 100, Train Loss: 4.6132, Train MAPE: 0.1256, Train RMSE: 8.4473
Iter: 150, Train Loss: 4.4053, Train MAPE: 0.1207, Train RMSE: 7.9521
Iter: 200, Train Loss: 4.4036, Train MAPE: 0.1220, Train RMSE: 8.0301
Iter: 250, Train Loss: 4.4109, Train MAPE: 0.1193, Train RMSE: 7.9774
Iter: 300, Train Loss: 4.1842, Train MAPE: 0.1050, Train RMSE: 7.6421
Iter: 350, Train Loss: 4.1808, Train MAPE: 0.1058, Train RMSE: 7.4872
Epoch: 004, Inference Time: 3.6296 secs
Epoch: 004, Train Loss: 4.5002, Train MAPE: 0.1242, Train RMSE: 8.2172, Valid Loss: 3.9632, Valid MAPE: 0.1185, Valid RMSE: 7.3036, Training Time: 80.0126/epoch
Iter: 000, Train Loss: 4.3137, Train MAPE: 0.1203, Train RMSE: 8.0648
Iter: 050, Train Loss: 4.1612, Train MAPE: 0.1086, Train RMSE: 7.4592
Iter: 100, Train Loss: 4.3730, Train MAPE: 0.1191, Train RMSE: 7.8601
Iter: 150, Train Loss: 3.8888, Train MAPE: 0.0917, Train RMSE: 6.8014
Iter: 200, Train Loss: 4.2322, Train MAPE: 0.1052, Train RMSE: 7.6112
Iter: 250, Train Loss: 4.5278, Train MAPE: 0.1266, Train RMSE: 8.1049
Iter: 300, Train Loss: 4.5268, Train MAPE: 0.1176, Train RMSE: 8.0442
Iter: 350, Train Loss: 4.4053, Train MAPE: 0.1187, Train RMSE: 8.1509
Epoch: 005, Inference Time: 3.6306 secs
Epoch: 005, Train Loss: 4.3157, Train MAPE: 0.1155, Train RMSE: 7.7668, Valid Loss: 3.8573, Valid MAPE: 0.1144, Valid RMSE: 7.1329, Training Time: 80.0052/epoch
Iter: 000, Train Loss: 4.2490, Train MAPE: 0.1145, Train RMSE: 7.4150
Iter: 050, Train Loss: 4.4079, Train MAPE: 0.1219, Train RMSE: 8.2095
Iter: 100, Train Loss: 3.8768, Train MAPE: 0.0951, Train RMSE: 7.2119
Iter: 150, Train Loss: 4.2550, Train MAPE: 0.1188, Train RMSE: 7.6591
Iter: 200, Train Loss: 4.1061, Train MAPE: 0.1103, Train RMSE: 7.5252
Iter: 250, Train Loss: 4.1777, Train MAPE: 0.1156, Train RMSE: 7.8237
Iter: 300, Train Loss: 3.8557, Train MAPE: 0.0928, Train RMSE: 6.8584
Iter: 350, Train Loss: 3.6044, Train MAPE: 0.0875, Train RMSE: 6.6352
Epoch: 006, Inference Time: 3.6307 secs
Epoch: 006, Train Loss: 4.1168, Train MAPE: 0.1109, Train RMSE: 7.5439, Valid Loss: 3.7785, Valid MAPE: 0.1207, Valid RMSE: 7.0873, Training Time: 80.0081/epoch
Iter: 000, Train Loss: 3.7128, Train MAPE: 0.1025, Train RMSE: 7.1629
Iter: 050, Train Loss: 4.6213, Train MAPE: 0.1298, Train RMSE: 8.3104
Iter: 100, Train Loss: 4.0099, Train MAPE: 0.0957, Train RMSE: 7.0899
Iter: 150, Train Loss: 3.8701, Train MAPE: 0.1060, Train RMSE: 7.2251
Iter: 200, Train Loss: 4.0271, Train MAPE: 0.1114, Train RMSE: 7.7507
Iter: 250, Train Loss: 3.9352, Train MAPE: 0.0967, Train RMSE: 6.8672
Iter: 300, Train Loss: 4.1960, Train MAPE: 0.1096, Train RMSE: 7.5137
Iter: 350, Train Loss: 4.0654, Train MAPE: 0.1045, Train RMSE: 7.0794
Epoch: 007, Inference Time: 3.6307 secs
Epoch: 007, Train Loss: 4.0172, Train MAPE: 0.1075, Train RMSE: 7.3629, Valid Loss: 3.6150, Valid MAPE: 0.1072, Valid RMSE: 6.8877, Training Time: 80.0035/epoch
Iter: 000, Train Loss: 4.0058, Train MAPE: 0.0970, Train RMSE: 7.3062
Iter: 050, Train Loss: 3.9706, Train MAPE: 0.1055, Train RMSE: 7.3850
Iter: 100, Train Loss: 3.8058, Train MAPE: 0.0935, Train RMSE: 6.7984
Iter: 150, Train Loss: 3.9704, Train MAPE: 0.1075, Train RMSE: 7.1234
Iter: 200, Train Loss: 3.7642, Train MAPE: 0.1036, Train RMSE: 7.0437
Iter: 250, Train Loss: 3.8790, Train MAPE: 0.1058, Train RMSE: 7.0885
Iter: 300, Train Loss: 3.7149, Train MAPE: 0.0870, Train RMSE: 6.8206
Iter: 350, Train Loss: 4.0344, Train MAPE: 0.1083, Train RMSE: 7.4516
Epoch: 008, Inference Time: 3.6289 secs
Epoch: 008, Train Loss: 3.9443, Train MAPE: 0.1037, Train RMSE: 7.1341, Valid Loss: 3.3574, Valid MAPE: 0.1011, Valid RMSE: 6.4548, Training Time: 79.9966/epoch
Iter: 000, Train Loss: 3.6630, Train MAPE: 0.0925, Train RMSE: 6.3947
Iter: 050, Train Loss: 4.0266, Train MAPE: 0.0967, Train RMSE: 6.9969
Iter: 100, Train Loss: 4.0369, Train MAPE: 0.1027, Train RMSE: 7.3179
Iter: 150, Train Loss: 3.6971, Train MAPE: 0.0968, Train RMSE: 6.5919
Iter: 200, Train Loss: 3.7335, Train MAPE: 0.0909, Train RMSE: 6.3184
Iter: 250, Train Loss: 4.1778, Train MAPE: 0.1081, Train RMSE: 7.4832
Iter: 300, Train Loss: 3.6858, Train MAPE: 0.0865, Train RMSE: 6.3846
Iter: 350, Train Loss: 3.4342, Train MAPE: 0.0785, Train RMSE: 6.0201
Epoch: 009, Inference Time: 3.6308 secs
Epoch: 009, Train Loss: 3.8544, Train MAPE: 0.0988, Train RMSE: 6.8449, Valid Loss: 3.3438, Valid MAPE: 0.0922, Valid RMSE: 6.2777, Training Time: 80.0112/epoch
Iter: 000, Train Loss: 3.6562, Train MAPE: 0.0886, Train RMSE: 6.5398
Iter: 050, Train Loss: 3.7622, Train MAPE: 0.0928, Train RMSE: 6.6123
Iter: 100, Train Loss: 3.8660, Train MAPE: 0.1027, Train RMSE: 6.8814
Iter: 150, Train Loss: 3.8271, Train MAPE: 0.0954, Train RMSE: 6.5442
Iter: 200, Train Loss: 3.8347, Train MAPE: 0.0945, Train RMSE: 6.7722
Iter: 250, Train Loss: 4.1611, Train MAPE: 0.1083, Train RMSE: 7.2295
Iter: 300, Train Loss: 3.6955, Train MAPE: 0.0942, Train RMSE: 6.8003
Iter: 350, Train Loss: 3.8054, Train MAPE: 0.0923, Train RMSE: 6.5590
Epoch: 010, Inference Time: 3.6302 secs
Epoch: 010, Train Loss: 3.7880, Train MAPE: 0.0955, Train RMSE: 6.6439, Valid Loss: 3.2057, Valid MAPE: 0.0908, Valid RMSE: 6.0615, Training Time: 80.0038/epoch
Iter: 000, Train Loss: 3.7872, Train MAPE: 0.0966, Train RMSE: 6.6590
Iter: 050, Train Loss: 3.6369, Train MAPE: 0.0909, Train RMSE: 6.5029
Iter: 100, Train Loss: 3.7251, Train MAPE: 0.0900, Train RMSE: 6.4427
Iter: 150, Train Loss: 3.6503, Train MAPE: 0.0892, Train RMSE: 6.4264
Iter: 200, Train Loss: 3.4063, Train MAPE: 0.0761, Train RMSE: 5.9793
Iter: 250, Train Loss: 3.6521, Train MAPE: 0.0916, Train RMSE: 6.2114
Iter: 300, Train Loss: 3.8858, Train MAPE: 0.1052, Train RMSE: 6.7992
Iter: 350, Train Loss: 4.1370, Train MAPE: 0.1012, Train RMSE: 7.1245
Epoch: 011, Inference Time: 3.6288 secs
Epoch: 011, Train Loss: 3.7880, Train MAPE: 0.0947, Train RMSE: 6.5890, Valid Loss: 3.2657, Valid MAPE: 0.0969, Valid RMSE: 6.1350, Training Time: 80.0009/epoch
Iter: 000, Train Loss: 4.0621, Train MAPE: 0.1053, Train RMSE: 7.0718
Iter: 050, Train Loss: 4.0322, Train MAPE: 0.1074, Train RMSE: 6.9331
Iter: 100, Train Loss: 3.9862, Train MAPE: 0.1028, Train RMSE: 6.6917
Iter: 150, Train Loss: 3.5320, Train MAPE: 0.0783, Train RMSE: 5.9347
Iter: 200, Train Loss: 3.6395, Train MAPE: 0.0856, Train RMSE: 6.3653
Iter: 250, Train Loss: 3.7925, Train MAPE: 0.0947, Train RMSE: 6.4176
Iter: 300, Train Loss: 3.8742, Train MAPE: 0.0993, Train RMSE: 7.0113
Iter: 350, Train Loss: 3.3391, Train MAPE: 0.0795, Train RMSE: 5.6779
Epoch: 012, Inference Time: 3.6285 secs
Epoch: 012, Train Loss: 3.7676, Train MAPE: 0.0942, Train RMSE: 6.5428, Valid Loss: 3.1223, Valid MAPE: 0.0903, Valid RMSE: 5.9911, Training Time: 79.9880/epoch
Iter: 000, Train Loss: 3.6854, Train MAPE: 0.0892, Train RMSE: 6.5300
Iter: 050, Train Loss: 3.8885, Train MAPE: 0.1116, Train RMSE: 7.2150
Iter: 100, Train Loss: 3.8596, Train MAPE: 0.1046, Train RMSE: 6.8131
Iter: 150, Train Loss: 3.7806, Train MAPE: 0.0936, Train RMSE: 6.5621
Iter: 200, Train Loss: 3.6277, Train MAPE: 0.0857, Train RMSE: 6.0772
Iter: 250, Train Loss: 3.6120, Train MAPE: 0.0824, Train RMSE: 6.1090
Iter: 300, Train Loss: 3.5322, Train MAPE: 0.0792, Train RMSE: 5.9264
Iter: 350, Train Loss: 3.4814, Train MAPE: 0.0830, Train RMSE: 5.9186
Epoch: 013, Inference Time: 3.6283 secs
Epoch: 013, Train Loss: 3.6956, Train MAPE: 0.0916, Train RMSE: 6.4275, Valid Loss: 2.9985, Valid MAPE: 0.0884, Valid RMSE: 5.7147, Training Time: 79.9916/epoch
Iter: 000, Train Loss: 3.3543, Train MAPE: 0.0814, Train RMSE: 5.8153
Iter: 050, Train Loss: 3.6288, Train MAPE: 0.0856, Train RMSE: 6.2205
Iter: 100, Train Loss: 3.5017, Train MAPE: 0.0864, Train RMSE: 6.2217
Iter: 150, Train Loss: 3.4791, Train MAPE: 0.0770, Train RMSE: 5.8469
Iter: 200, Train Loss: 3.9160, Train MAPE: 0.0971, Train RMSE: 6.9034
Iter: 250, Train Loss: 3.7907, Train MAPE: 0.1004, Train RMSE: 6.7134
Iter: 300, Train Loss: 3.6981, Train MAPE: 0.0908, Train RMSE: 6.4026
Iter: 350, Train Loss: 3.3603, Train MAPE: 0.0783, Train RMSE: 5.8122
Epoch: 014, Inference Time: 3.6311 secs
Epoch: 014, Train Loss: 3.6449, Train MAPE: 0.0897, Train RMSE: 6.3425, Valid Loss: 2.9363, Valid MAPE: 0.0849, Valid RMSE: 5.6390, Training Time: 80.0390/epoch
Iter: 000, Train Loss: 3.4452, Train MAPE: 0.0824, Train RMSE: 5.8172
Iter: 050, Train Loss: 3.4524, Train MAPE: 0.0828, Train RMSE: 6.0008
Iter: 100, Train Loss: 3.7088, Train MAPE: 0.0921, Train RMSE: 6.4910
Iter: 150, Train Loss: 3.7271, Train MAPE: 0.0928, Train RMSE: 6.5308
Iter: 200, Train Loss: 3.4934, Train MAPE: 0.0870, Train RMSE: 5.9514
Iter: 250, Train Loss: 3.4433, Train MAPE: 0.0784, Train RMSE: 5.8588
Iter: 300, Train Loss: 3.3304, Train MAPE: 0.0723, Train RMSE: 5.6790
Iter: 350, Train Loss: 3.8475, Train MAPE: 0.1030, Train RMSE: 7.0095
Epoch: 015, Inference Time: 3.6300 secs
Epoch: 015, Train Loss: 3.6037, Train MAPE: 0.0883, Train RMSE: 6.2673, Valid Loss: 3.0288, Valid MAPE: 0.0833, Valid RMSE: 5.7059, Training Time: 80.0046/epoch
Iter: 000, Train Loss: 3.8451, Train MAPE: 0.0986, Train RMSE: 6.7854
Iter: 050, Train Loss: 3.4455, Train MAPE: 0.0775, Train RMSE: 5.7313
Iter: 100, Train Loss: 3.4788, Train MAPE: 0.0838, Train RMSE: 6.0867
Iter: 150, Train Loss: 3.8473, Train MAPE: 0.1010, Train RMSE: 6.7550
Iter: 200, Train Loss: 3.8390, Train MAPE: 0.1031, Train RMSE: 6.8789
Iter: 250, Train Loss: 3.6604, Train MAPE: 0.0910, Train RMSE: 6.4497
Iter: 300, Train Loss: 3.3645, Train MAPE: 0.0750, Train RMSE: 5.9030
Iter: 350, Train Loss: 3.4384, Train MAPE: 0.0785, Train RMSE: 5.9279
Epoch: 016, Inference Time: 3.6287 secs
Epoch: 016, Train Loss: 3.5667, Train MAPE: 0.0867, Train RMSE: 6.1969, Valid Loss: 2.9356, Valid MAPE: 0.0843, Valid RMSE: 5.6436, Training Time: 79.9946/epoch
Iter: 000, Train Loss: 3.3149, Train MAPE: 0.0750, Train RMSE: 5.7725
Iter: 050, Train Loss: 3.2094, Train MAPE: 0.0704, Train RMSE: 5.5063
Iter: 100, Train Loss: 3.5858, Train MAPE: 0.1014, Train RMSE: 6.5149
Iter: 150, Train Loss: 3.5502, Train MAPE: 0.0950, Train RMSE: 6.1500
Iter: 200, Train Loss: 3.4122, Train MAPE: 0.0769, Train RMSE: 5.8830
Iter: 250, Train Loss: 3.8224, Train MAPE: 0.0994, Train RMSE: 6.7145
Iter: 300, Train Loss: 3.4038, Train MAPE: 0.0766, Train RMSE: 5.5368
Iter: 350, Train Loss: 3.6858, Train MAPE: 0.0870, Train RMSE: 6.3929
Epoch: 017, Inference Time: 3.6288 secs
Epoch: 017, Train Loss: 3.5375, Train MAPE: 0.0856, Train RMSE: 6.1380, Valid Loss: 2.9555, Valid MAPE: 0.0836, Valid RMSE: 5.6158, Training Time: 79.9982/epoch
Iter: 000, Train Loss: 3.6786, Train MAPE: 0.0948, Train RMSE: 6.5045
Iter: 050, Train Loss: 3.5517, Train MAPE: 0.0857, Train RMSE: 6.0443
Iter: 100, Train Loss: 3.5275, Train MAPE: 0.0816, Train RMSE: 6.0852
Iter: 150, Train Loss: 4.1513, Train MAPE: 0.1086, Train RMSE: 7.1520
Iter: 200, Train Loss: 3.8956, Train MAPE: 0.0985, Train RMSE: 6.5347
Iter: 250, Train Loss: 3.3255, Train MAPE: 0.0808, Train RMSE: 5.8471
Iter: 300, Train Loss: 3.4654, Train MAPE: 0.0750, Train RMSE: 5.6922
Iter: 350, Train Loss: 3.4672, Train MAPE: 0.0825, Train RMSE: 5.8585
Epoch: 018, Inference Time: 3.6288 secs
Epoch: 018, Train Loss: 3.5087, Train MAPE: 0.0844, Train RMSE: 6.0826, Valid Loss: 2.9704, Valid MAPE: 0.0824, Valid RMSE: 5.6376, Training Time: 79.9906/epoch
Iter: 000, Train Loss: 3.7152, Train MAPE: 0.0905, Train RMSE: 6.2274
Iter: 050, Train Loss: 3.4299, Train MAPE: 0.0806, Train RMSE: 5.8263
Iter: 100, Train Loss: 3.3765, Train MAPE: 0.0806, Train RMSE: 5.8903
Iter: 150, Train Loss: 3.3696, Train MAPE: 0.0737, Train RMSE: 5.7385
Iter: 200, Train Loss: 3.6445, Train MAPE: 0.0928, Train RMSE: 6.3799
Iter: 250, Train Loss: 3.2915, Train MAPE: 0.0734, Train RMSE: 5.5476
Iter: 300, Train Loss: 3.5378, Train MAPE: 0.0833, Train RMSE: 6.0901
Iter: 350, Train Loss: 3.1735, Train MAPE: 0.0668, Train RMSE: 5.4009
Epoch: 019, Inference Time: 3.6281 secs
Epoch: 019, Train Loss: 3.4878, Train MAPE: 0.0835, Train RMSE: 6.0418, Valid Loss: 2.9358, Valid MAPE: 0.0807, Valid RMSE: 5.5812, Training Time: 79.9860/epoch
Iter: 000, Train Loss: 3.2517, Train MAPE: 0.0756, Train RMSE: 5.6959
Iter: 050, Train Loss: 3.4445, Train MAPE: 0.0814, Train RMSE: 5.8362
Iter: 100, Train Loss: 3.3879, Train MAPE: 0.0773, Train RMSE: 5.8043
Iter: 150, Train Loss: 3.6030, Train MAPE: 0.0910, Train RMSE: 6.3036
Iter: 200, Train Loss: 3.4835, Train MAPE: 0.0855, Train RMSE: 5.8988
Iter: 250, Train Loss: 3.4216, Train MAPE: 0.0813, Train RMSE: 5.8642
Iter: 300, Train Loss: 3.7367, Train MAPE: 0.0968, Train RMSE: 6.5652
Iter: 350, Train Loss: 3.4390, Train MAPE: 0.0797, Train RMSE: 5.8393
Epoch: 020, Inference Time: 3.6280 secs
Epoch: 020, Train Loss: 3.4695, Train MAPE: 0.0828, Train RMSE: 6.0046, Valid Loss: 2.9218, Valid MAPE: 0.0808, Valid RMSE: 5.5770, Training Time: 79.9795/epoch
Iter: 000, Train Loss: 3.5577, Train MAPE: 0.0813, Train RMSE: 5.9516
Iter: 050, Train Loss: 3.4155, Train MAPE: 0.0780, Train RMSE: 5.8769
Iter: 100, Train Loss: 3.2889, Train MAPE: 0.0730, Train RMSE: 5.6632
Iter: 150, Train Loss: 3.5625, Train MAPE: 0.0846, Train RMSE: 5.8851
Iter: 200, Train Loss: 3.6277, Train MAPE: 0.0868, Train RMSE: 6.1615
Iter: 250, Train Loss: 3.2096, Train MAPE: 0.0765, Train RMSE: 5.6167
Iter: 300, Train Loss: 3.6102, Train MAPE: 0.0877, Train RMSE: 6.3458
Iter: 350, Train Loss: 3.4729, Train MAPE: 0.0837, Train RMSE: 6.0570
Epoch: 021, Inference Time: 3.6265 secs
Epoch: 021, Train Loss: 3.4587, Train MAPE: 0.0824, Train RMSE: 5.9804, Valid Loss: 2.9125, Valid MAPE: 0.0810, Valid RMSE: 5.5750, Training Time: 79.9807/epoch
Iter: 000, Train Loss: 3.5677, Train MAPE: 0.0883, Train RMSE: 6.2380
Iter: 050, Train Loss: 3.2749, Train MAPE: 0.0774, Train RMSE: 5.7660
Iter: 100, Train Loss: 3.2709, Train MAPE: 0.0718, Train RMSE: 5.5991
Iter: 150, Train Loss: 3.6406, Train MAPE: 0.0918, Train RMSE: 6.4404
Iter: 200, Train Loss: 3.5133, Train MAPE: 0.0842, Train RMSE: 6.1157
Iter: 250, Train Loss: 3.5714, Train MAPE: 0.0883, Train RMSE: 6.0267
Iter: 300, Train Loss: 3.5323, Train MAPE: 0.0795, Train RMSE: 5.9525
Iter: 350, Train Loss: 3.5837, Train MAPE: 0.0833, Train RMSE: 6.3162
Epoch: 022, Inference Time: 3.6265 secs
Epoch: 022, Train Loss: 3.5575, Train MAPE: 0.0861, Train RMSE: 6.1672, Valid Loss: 3.0238, Valid MAPE: 0.0837, Valid RMSE: 5.7687, Training Time: 79.9844/epoch
Iter: 000, Train Loss: 3.4307, Train MAPE: 0.0807, Train RMSE: 5.9161
Iter: 050, Train Loss: 3.5990, Train MAPE: 0.0941, Train RMSE: 6.2840
Iter: 100, Train Loss: 3.3503, Train MAPE: 0.0814, Train RMSE: 5.9320
Iter: 150, Train Loss: 3.3192, Train MAPE: 0.0754, Train RMSE: 5.9572
Iter: 200, Train Loss: 3.5371, Train MAPE: 0.0794, Train RMSE: 5.9717
Iter: 250, Train Loss: 3.8199, Train MAPE: 0.0939, Train RMSE: 6.5250
Iter: 300, Train Loss: 3.5367, Train MAPE: 0.0775, Train RMSE: 6.2050
Iter: 350, Train Loss: 3.3307, Train MAPE: 0.0781, Train RMSE: 5.7414
Epoch: 023, Inference Time: 3.6263 secs
Epoch: 023, Train Loss: 3.5727, Train MAPE: 0.0870, Train RMSE: 6.2156, Valid Loss: 3.2119, Valid MAPE: 0.0875, Valid RMSE: 6.0066, Training Time: 79.9728/epoch
Iter: 000, Train Loss: 3.5678, Train MAPE: 0.0852, Train RMSE: 6.3876
Iter: 050, Train Loss: 3.4247, Train MAPE: 0.0788, Train RMSE: 5.8562
Iter: 100, Train Loss: 3.4938, Train MAPE: 0.0817, Train RMSE: 6.1518
Iter: 150, Train Loss: 3.4628, Train MAPE: 0.0838, Train RMSE: 5.9872
Iter: 200, Train Loss: 3.4007, Train MAPE: 0.0721, Train RMSE: 5.7604
Iter: 250, Train Loss: 3.5917, Train MAPE: 0.0851, Train RMSE: 6.1654
Iter: 300, Train Loss: 3.7525, Train MAPE: 0.0982, Train RMSE: 6.5470
Iter: 350, Train Loss: 3.5283, Train MAPE: 0.0885, Train RMSE: 6.2046
Epoch: 024, Inference Time: 3.6271 secs
Epoch: 024, Train Loss: 3.5495, Train MAPE: 0.0858, Train RMSE: 6.1588, Valid Loss: 2.9523, Valid MAPE: 0.0820, Valid RMSE: 5.6683, Training Time: 79.9739/epoch
Iter: 000, Train Loss: 3.6003, Train MAPE: 0.0860, Train RMSE: 6.2592
Iter: 050, Train Loss: 3.5897, Train MAPE: 0.0818, Train RMSE: 6.1310
Iter: 100, Train Loss: 3.6398, Train MAPE: 0.0931, Train RMSE: 6.5499
Iter: 150, Train Loss: 3.6302, Train MAPE: 0.0810, Train RMSE: 6.0422
Iter: 200, Train Loss: 3.3247, Train MAPE: 0.0788, Train RMSE: 5.8514
Iter: 250, Train Loss: 3.6054, Train MAPE: 0.0879, Train RMSE: 6.3485
Iter: 300, Train Loss: 3.4530, Train MAPE: 0.0805, Train RMSE: 6.0210
Iter: 350, Train Loss: 3.6476, Train MAPE: 0.0901, Train RMSE: 6.3671
Epoch: 025, Inference Time: 3.6263 secs
Epoch: 025, Train Loss: 3.5268, Train MAPE: 0.0848, Train RMSE: 6.1110, Valid Loss: 2.9500, Valid MAPE: 0.0807, Valid RMSE: 5.6009, Training Time: 79.9725/epoch
Iter: 000, Train Loss: 3.6278, Train MAPE: 0.0853, Train RMSE: 6.2915
Iter: 050, Train Loss: 3.5549, Train MAPE: 0.0813, Train RMSE: 6.0080
Iter: 100, Train Loss: 3.5681, Train MAPE: 0.0802, Train RMSE: 6.2901
Iter: 150, Train Loss: 3.5122, Train MAPE: 0.0844, Train RMSE: 6.0264
Iter: 200, Train Loss: 3.4807, Train MAPE: 0.0845, Train RMSE: 5.9354
Iter: 250, Train Loss: 3.4286, Train MAPE: 0.0865, Train RMSE: 6.1632
Iter: 300, Train Loss: 3.6143, Train MAPE: 0.0873, Train RMSE: 6.2332
Iter: 350, Train Loss: 3.5361, Train MAPE: 0.0910, Train RMSE: 6.3329
Epoch: 026, Inference Time: 3.6270 secs
Epoch: 026, Train Loss: 3.5039, Train MAPE: 0.0839, Train RMSE: 6.0690, Valid Loss: 2.9574, Valid MAPE: 0.0813, Valid RMSE: 5.6438, Training Time: 79.9744/epoch
Iter: 000, Train Loss: 3.3504, Train MAPE: 0.0763, Train RMSE: 5.6995
Iter: 050, Train Loss: 3.5939, Train MAPE: 0.0905, Train RMSE: 6.2262
Iter: 100, Train Loss: 3.5459, Train MAPE: 0.0849, Train RMSE: 5.9208
Iter: 150, Train Loss: 3.4761, Train MAPE: 0.0870, Train RMSE: 6.3450
Iter: 200, Train Loss: 3.5159, Train MAPE: 0.0866, Train RMSE: 6.0909
Iter: 250, Train Loss: 3.5870, Train MAPE: 0.0804, Train RMSE: 6.1278
Iter: 300, Train Loss: 3.3274, Train MAPE: 0.0786, Train RMSE: 5.8376
Iter: 350, Train Loss: 3.5643, Train MAPE: 0.0859, Train RMSE: 6.2539
Epoch: 027, Inference Time: 3.6271 secs
Epoch: 027, Train Loss: 3.4812, Train MAPE: 0.0830, Train RMSE: 6.0272, Valid Loss: 2.9475, Valid MAPE: 0.0815, Valid RMSE: 5.6207, Training Time: 79.9701/epoch
Iter: 000, Train Loss: 3.6780, Train MAPE: 0.0892, Train RMSE: 6.4254
Iter: 050, Train Loss: 3.5654, Train MAPE: 0.0850, Train RMSE: 6.1440
Iter: 100, Train Loss: 3.2555, Train MAPE: 0.0746, Train RMSE: 5.6978
Iter: 150, Train Loss: 3.5939, Train MAPE: 0.0891, Train RMSE: 6.3119
Iter: 200, Train Loss: 3.7706, Train MAPE: 0.1012, Train RMSE: 6.7557
Iter: 250, Train Loss: 3.3979, Train MAPE: 0.0769, Train RMSE: 5.7499
Iter: 300, Train Loss: 3.6753, Train MAPE: 0.0914, Train RMSE: 6.2445
Iter: 350, Train Loss: 3.2284, Train MAPE: 0.0712, Train RMSE: 5.6778
Epoch: 028, Inference Time: 3.6272 secs
Epoch: 028, Train Loss: 3.4612, Train MAPE: 0.0821, Train RMSE: 5.9835, Valid Loss: 2.8985, Valid MAPE: 0.0803, Valid RMSE: 5.5623, Training Time: 79.9754/epoch
Iter: 000, Train Loss: 3.7052, Train MAPE: 0.0912, Train RMSE: 6.5362
Iter: 050, Train Loss: 3.1775, Train MAPE: 0.0761, Train RMSE: 5.6685
Iter: 100, Train Loss: 3.2120, Train MAPE: 0.0810, Train RMSE: 5.6949
Iter: 150, Train Loss: 3.5256, Train MAPE: 0.0786, Train RMSE: 5.8811
Iter: 200, Train Loss: 3.3936, Train MAPE: 0.0775, Train RMSE: 5.8784
Iter: 250, Train Loss: 3.0854, Train MAPE: 0.0683, Train RMSE: 5.3499
Iter: 300, Train Loss: 3.4298, Train MAPE: 0.0842, Train RMSE: 5.9617
Iter: 350, Train Loss: 3.3884, Train MAPE: 0.0780, Train RMSE: 5.7356
Epoch: 029, Inference Time: 3.6274 secs
Epoch: 029, Train Loss: 3.4414, Train MAPE: 0.0813, Train RMSE: 5.9382, Valid Loss: 2.8993, Valid MAPE: 0.0799, Valid RMSE: 5.5818, Training Time: 79.9843/epoch
Iter: 000, Train Loss: 3.3552, Train MAPE: 0.0770, Train RMSE: 5.7086
Iter: 050, Train Loss: 3.5825, Train MAPE: 0.0907, Train RMSE: 6.2440
Iter: 100, Train Loss: 3.3657, Train MAPE: 0.0795, Train RMSE: 5.6890
Iter: 150, Train Loss: 3.5200, Train MAPE: 0.0913, Train RMSE: 6.3806
Iter: 200, Train Loss: 3.5465, Train MAPE: 0.0882, Train RMSE: 6.1650
Iter: 250, Train Loss: 3.2036, Train MAPE: 0.0703, Train RMSE: 5.5102
Iter: 300, Train Loss: 3.3390, Train MAPE: 0.0700, Train RMSE: 5.5971
Iter: 350, Train Loss: 3.6609, Train MAPE: 0.0857, Train RMSE: 6.2887
Epoch: 030, Inference Time: 3.6269 secs
Epoch: 030, Train Loss: 3.4236, Train MAPE: 0.0806, Train RMSE: 5.9017, Valid Loss: 2.8893, Valid MAPE: 0.0793, Valid RMSE: 5.5496, Training Time: 79.9781/epoch
Iter: 000, Train Loss: 3.5993, Train MAPE: 0.0882, Train RMSE: 6.3402
Iter: 050, Train Loss: 3.6640, Train MAPE: 0.0912, Train RMSE: 6.3852
Iter: 100, Train Loss: 3.4704, Train MAPE: 0.0829, Train RMSE: 6.0761
Iter: 150, Train Loss: 3.2299, Train MAPE: 0.0705, Train RMSE: 5.4530
Iter: 200, Train Loss: 3.1616, Train MAPE: 0.0686, Train RMSE: 5.4463
Iter: 250, Train Loss: 3.2434, Train MAPE: 0.0776, Train RMSE: 5.7550
Iter: 300, Train Loss: 3.3291, Train MAPE: 0.0806, Train RMSE: 5.8257
Iter: 350, Train Loss: 3.6151, Train MAPE: 0.0897, Train RMSE: 6.2787
Epoch: 031, Inference Time: 3.6270 secs
Epoch: 031, Train Loss: 3.4112, Train MAPE: 0.0801, Train RMSE: 5.8717, Valid Loss: 2.8983, Valid MAPE: 0.0802, Valid RMSE: 5.5782, Training Time: 79.9832/epoch
Iter: 000, Train Loss: 3.4664, Train MAPE: 0.0776, Train RMSE: 5.6923
Iter: 050, Train Loss: 3.1516, Train MAPE: 0.0683, Train RMSE: 5.2245
Iter: 100, Train Loss: 3.4256, Train MAPE: 0.0796, Train RMSE: 5.9398
Iter: 150, Train Loss: 3.3495, Train MAPE: 0.0765, Train RMSE: 5.8447
Iter: 200, Train Loss: 3.2042, Train MAPE: 0.0695, Train RMSE: 5.4528
Iter: 250, Train Loss: 3.4506, Train MAPE: 0.0808, Train RMSE: 5.8752
Iter: 300, Train Loss: 3.3840, Train MAPE: 0.0786, Train RMSE: 5.9283
Iter: 350, Train Loss: 3.5417, Train MAPE: 0.0889, Train RMSE: 6.3603
Epoch: 032, Inference Time: 3.6270 secs
Epoch: 032, Train Loss: 3.4045, Train MAPE: 0.0798, Train RMSE: 5.8579, Valid Loss: 3.0611, Valid MAPE: 0.0852, Valid RMSE: 5.7802, Training Time: 79.9850/epoch
Iter: 000, Train Loss: 3.7184, Train MAPE: 0.0950, Train RMSE: 6.3799
Iter: 050, Train Loss: 3.7497, Train MAPE: 0.0934, Train RMSE: 6.5673
Iter: 100, Train Loss: 3.8643, Train MAPE: 0.1002, Train RMSE: 6.6843
Iter: 150, Train Loss: 3.2798, Train MAPE: 0.0676, Train RMSE: 5.4377
Iter: 200, Train Loss: 3.4733, Train MAPE: 0.0822, Train RMSE: 6.1081
Iter: 250, Train Loss: 3.4340, Train MAPE: 0.0862, Train RMSE: 6.3107
Iter: 300, Train Loss: 3.4200, Train MAPE: 0.0804, Train RMSE: 5.8089
Iter: 350, Train Loss: 3.4609, Train MAPE: 0.0804, Train RMSE: 5.9742
Epoch: 033, Inference Time: 3.6276 secs
Epoch: 033, Train Loss: 3.5360, Train MAPE: 0.0849, Train RMSE: 6.1166, Valid Loss: 2.9746, Valid MAPE: 0.0833, Valid RMSE: 5.7290, Training Time: 79.9845/epoch
Iter: 000, Train Loss: 3.7744, Train MAPE: 0.0971, Train RMSE: 6.3798
Iter: 050, Train Loss: 3.4425, Train MAPE: 0.0871, Train RMSE: 6.1508
Iter: 100, Train Loss: 3.4484, Train MAPE: 0.0856, Train RMSE: 6.1843
Iter: 150, Train Loss: 3.8155, Train MAPE: 0.0974, Train RMSE: 6.6408
Iter: 200, Train Loss: 3.3595, Train MAPE: 0.0797, Train RMSE: 5.7576
Iter: 250, Train Loss: 3.4649, Train MAPE: 0.0774, Train RMSE: 5.7554
Iter: 300, Train Loss: 3.4522, Train MAPE: 0.0772, Train RMSE: 5.7894
Iter: 350, Train Loss: 3.9198, Train MAPE: 0.1009, Train RMSE: 6.9054
Epoch: 034, Inference Time: 3.6279 secs
Epoch: 034, Train Loss: 3.5064, Train MAPE: 0.0839, Train RMSE: 6.0751, Valid Loss: 2.9447, Valid MAPE: 0.0817, Valid RMSE: 5.6535, Training Time: 79.9913/epoch
Iter: 000, Train Loss: 3.6517, Train MAPE: 0.0976, Train RMSE: 6.4468
Iter: 050, Train Loss: 3.3318, Train MAPE: 0.0721, Train RMSE: 5.5506
Iter: 100, Train Loss: 3.7059, Train MAPE: 0.0866, Train RMSE: 6.4215
Iter: 150, Train Loss: 3.5543, Train MAPE: 0.0890, Train RMSE: 6.1076
Iter: 200, Train Loss: 3.5225, Train MAPE: 0.0846, Train RMSE: 6.1002
Iter: 250, Train Loss: 3.6025, Train MAPE: 0.0901, Train RMSE: 6.3512
Iter: 300, Train Loss: 3.3924, Train MAPE: 0.0796, Train RMSE: 5.7521
Iter: 350, Train Loss: 3.4002, Train MAPE: 0.0783, Train RMSE: 5.9315
Epoch: 035, Inference Time: 3.6277 secs
Epoch: 035, Train Loss: 3.4890, Train MAPE: 0.0832, Train RMSE: 6.0412, Valid Loss: 2.9408, Valid MAPE: 0.0826, Valid RMSE: 5.6674, Training Time: 79.9820/epoch
Iter: 000, Train Loss: 3.3808, Train MAPE: 0.0772, Train RMSE: 5.9731
Iter: 050, Train Loss: 3.7162, Train MAPE: 0.0963, Train RMSE: 6.3651
Iter: 100, Train Loss: 3.4779, Train MAPE: 0.0824, Train RMSE: 6.1484
Iter: 150, Train Loss: 3.1960, Train MAPE: 0.0728, Train RMSE: 5.3975
Iter: 200, Train Loss: 3.6913, Train MAPE: 0.0935, Train RMSE: 6.6876
Iter: 250, Train Loss: 3.6558, Train MAPE: 0.0891, Train RMSE: 6.3112
Iter: 300, Train Loss: 3.5580, Train MAPE: 0.0869, Train RMSE: 6.2373
Iter: 350, Train Loss: 3.5251, Train MAPE: 0.0816, Train RMSE: 6.2194
Epoch: 036, Inference Time: 3.6269 secs
Epoch: 036, Train Loss: 3.4763, Train MAPE: 0.0827, Train RMSE: 6.0111, Valid Loss: 2.9482, Valid MAPE: 0.0817, Valid RMSE: 5.6452, Training Time: 79.9769/epoch
Iter: 000, Train Loss: 3.4906, Train MAPE: 0.0840, Train RMSE: 6.0763
Iter: 050, Train Loss: 3.4934, Train MAPE: 0.0880, Train RMSE: 6.1555
Iter: 100, Train Loss: 3.4789, Train MAPE: 0.0781, Train RMSE: 5.8659
Iter: 150, Train Loss: 3.3856, Train MAPE: 0.0780, Train RMSE: 5.6342
Iter: 200, Train Loss: 3.3262, Train MAPE: 0.0737, Train RMSE: 5.6136
Iter: 250, Train Loss: 3.3279, Train MAPE: 0.0742, Train RMSE: 5.7963
Iter: 300, Train Loss: 3.3302, Train MAPE: 0.0775, Train RMSE: 5.7409
Iter: 350, Train Loss: 3.5524, Train MAPE: 0.0903, Train RMSE: 6.3007
Epoch: 037, Inference Time: 3.6263 secs
Epoch: 037, Train Loss: 3.4575, Train MAPE: 0.0818, Train RMSE: 5.9693, Valid Loss: 2.9072, Valid MAPE: 0.0804, Valid RMSE: 5.5893, Training Time: 79.9815/epoch
Iter: 000, Train Loss: 3.5784, Train MAPE: 0.0871, Train RMSE: 6.2248
Iter: 050, Train Loss: 3.4065, Train MAPE: 0.0820, Train RMSE: 6.0086
Iter: 100, Train Loss: 3.4316, Train MAPE: 0.0775, Train RMSE: 5.8659
Iter: 150, Train Loss: 3.3885, Train MAPE: 0.0763, Train RMSE: 5.8578
Iter: 200, Train Loss: 3.4116, Train MAPE: 0.0779, Train RMSE: 5.9068
Iter: 250, Train Loss: 3.5091, Train MAPE: 0.0819, Train RMSE: 6.0549
Iter: 300, Train Loss: 3.2189, Train MAPE: 0.0776, Train RMSE: 5.7868
Iter: 350, Train Loss: 3.6000, Train MAPE: 0.0873, Train RMSE: 6.1073
Epoch: 038, Inference Time: 3.6272 secs
Epoch: 038, Train Loss: 3.4375, Train MAPE: 0.0810, Train RMSE: 5.9288, Valid Loss: 2.9437, Valid MAPE: 0.0810, Valid RMSE: 5.6964, Training Time: 79.9890/epoch
Iter: 000, Train Loss: 3.6013, Train MAPE: 0.0876, Train RMSE: 6.1455
Iter: 050, Train Loss: 3.3977, Train MAPE: 0.0824, Train RMSE: 5.7499
Iter: 100, Train Loss: 3.4385, Train MAPE: 0.0808, Train RMSE: 5.8525
Iter: 150, Train Loss: 3.3072, Train MAPE: 0.0777, Train RMSE: 5.8016
Iter: 200, Train Loss: 3.3201, Train MAPE: 0.0726, Train RMSE: 5.5296
Iter: 250, Train Loss: 3.2360, Train MAPE: 0.0718, Train RMSE: 5.5195
Iter: 300, Train Loss: 3.5368, Train MAPE: 0.0933, Train RMSE: 6.3842
Iter: 350, Train Loss: 3.3743, Train MAPE: 0.0773, Train RMSE: 5.8935
Epoch: 039, Inference Time: 3.6275 secs
Epoch: 039, Train Loss: 3.4194, Train MAPE: 0.0803, Train RMSE: 5.8893, Valid Loss: 2.8959, Valid MAPE: 0.0812, Valid RMSE: 5.5991, Training Time: 79.9853/epoch
Iter: 000, Train Loss: 3.6133, Train MAPE: 0.0887, Train RMSE: 6.3709
Iter: 050, Train Loss: 3.1185, Train MAPE: 0.0672, Train RMSE: 5.1713
Iter: 100, Train Loss: 3.4638, Train MAPE: 0.0805, Train RMSE: 5.8487
Iter: 150, Train Loss: 3.6532, Train MAPE: 0.0900, Train RMSE: 6.4202
Iter: 200, Train Loss: 3.3435, Train MAPE: 0.0726, Train RMSE: 5.5331
Iter: 250, Train Loss: 3.6300, Train MAPE: 0.0928, Train RMSE: 6.4335
Iter: 300, Train Loss: 3.2544, Train MAPE: 0.0724, Train RMSE: 5.5541
Iter: 350, Train Loss: 3.4376, Train MAPE: 0.0770, Train RMSE: 5.8627
Epoch: 040, Inference Time: 3.6281 secs
Epoch: 040, Train Loss: 3.4013, Train MAPE: 0.0796, Train RMSE: 5.8478, Valid Loss: 2.9110, Valid MAPE: 0.0804, Valid RMSE: 5.6307, Training Time: 79.9863/epoch
Iter: 000, Train Loss: 3.7723, Train MAPE: 0.1001, Train RMSE: 6.6530
Iter: 050, Train Loss: 3.2207, Train MAPE: 0.0788, Train RMSE: 5.5792
Iter: 100, Train Loss: 3.3494, Train MAPE: 0.0738, Train RMSE: 5.6020
Iter: 150, Train Loss: 3.0780, Train MAPE: 0.0680, Train RMSE: 5.2629
Iter: 200, Train Loss: 3.4366, Train MAPE: 0.0878, Train RMSE: 5.9557
Iter: 250, Train Loss: 3.7472, Train MAPE: 0.0913, Train RMSE: 6.4864
Iter: 300, Train Loss: 3.2837, Train MAPE: 0.0752, Train RMSE: 5.5474
Iter: 350, Train Loss: 3.3873, Train MAPE: 0.0755, Train RMSE: 5.9415
Epoch: 041, Inference Time: 3.6280 secs
Epoch: 041, Train Loss: 3.3878, Train MAPE: 0.0791, Train RMSE: 5.8184, Valid Loss: 2.8964, Valid MAPE: 0.0802, Valid RMSE: 5.6036, Training Time: 79.9930/epoch
Iter: 000, Train Loss: 3.2129, Train MAPE: 0.0713, Train RMSE: 5.4466
Iter: 050, Train Loss: 3.3668, Train MAPE: 0.0731, Train RMSE: 5.6427
Iter: 100, Train Loss: 3.6055, Train MAPE: 0.0849, Train RMSE: 6.2303
Iter: 150, Train Loss: 3.6693, Train MAPE: 0.0932, Train RMSE: 6.4032
Iter: 200, Train Loss: 3.3111, Train MAPE: 0.0815, Train RMSE: 5.7252
Iter: 250, Train Loss: 3.5957, Train MAPE: 0.0882, Train RMSE: 6.1043
Iter: 300, Train Loss: 3.3662, Train MAPE: 0.0749, Train RMSE: 5.7001
Iter: 350, Train Loss: 3.2326, Train MAPE: 0.0738, Train RMSE: 5.6437
Epoch: 042, Inference Time: 3.6264 secs
Epoch: 042, Train Loss: 3.3775, Train MAPE: 0.0786, Train RMSE: 5.7945, Valid Loss: 2.9056, Valid MAPE: 0.0800, Valid RMSE: 5.6250, Training Time: 80.5027/epoch
Iter: 000, Train Loss: 3.2673, Train MAPE: 0.0719, Train RMSE: 5.5493
Iter: 050, Train Loss: 3.3174, Train MAPE: 0.0760, Train RMSE: 5.6963
Iter: 100, Train Loss: 3.3752, Train MAPE: 0.0801, Train RMSE: 5.7742
Iter: 150, Train Loss: 3.3943, Train MAPE: 0.0820, Train RMSE: 5.8311
Iter: 200, Train Loss: 3.2946, Train MAPE: 0.0756, Train RMSE: 5.6730
Iter: 250, Train Loss: 3.3894, Train MAPE: 0.0746, Train RMSE: 5.7670
Iter: 300, Train Loss: 3.6510, Train MAPE: 0.0842, Train RMSE: 6.0882
Iter: 350, Train Loss: 3.3137, Train MAPE: 0.0811, Train RMSE: 5.8549
Epoch: 043, Inference Time: 3.6268 secs
Epoch: 043, Train Loss: 3.4187, Train MAPE: 0.0804, Train RMSE: 5.8833, Valid Loss: 2.9476, Valid MAPE: 0.0825, Valid RMSE: 5.6799, Training Time: 79.9835/epoch
Iter: 000, Train Loss: 3.4731, Train MAPE: 0.0789, Train RMSE: 5.9611
Iter: 050, Train Loss: 3.4031, Train MAPE: 0.0789, Train RMSE: 5.7621
Iter: 100, Train Loss: 3.6826, Train MAPE: 0.0933, Train RMSE: 6.5512
Iter: 150, Train Loss: 3.4088, Train MAPE: 0.0759, Train RMSE: 5.7228
Iter: 200, Train Loss: 3.3286, Train MAPE: 0.0770, Train RMSE: 5.8529
Iter: 250, Train Loss: 3.4452, Train MAPE: 0.0789, Train RMSE: 5.8025
Iter: 300, Train Loss: 3.3518, Train MAPE: 0.0808, Train RMSE: 5.9632
Iter: 350, Train Loss: 3.6444, Train MAPE: 0.0874, Train RMSE: 6.2165
Epoch: 044, Inference Time: 3.6272 secs
Epoch: 044, Train Loss: 3.4788, Train MAPE: 0.0825, Train RMSE: 6.0007, Valid Loss: 2.9331, Valid MAPE: 0.0829, Valid RMSE: 5.6435, Training Time: 79.9844/epoch
Iter: 000, Train Loss: 3.6787, Train MAPE: 0.0922, Train RMSE: 6.2616
Iter: 050, Train Loss: 3.4875, Train MAPE: 0.0897, Train RMSE: 5.9572
Iter: 100, Train Loss: 3.4258, Train MAPE: 0.0770, Train RMSE: 5.8875
Iter: 150, Train Loss: 3.4472, Train MAPE: 0.0807, Train RMSE: 6.0249
Iter: 200, Train Loss: 3.6991, Train MAPE: 0.0900, Train RMSE: 6.4099
Iter: 250, Train Loss: 3.3980, Train MAPE: 0.0768, Train RMSE: 5.8821
Iter: 300, Train Loss: 3.6200, Train MAPE: 0.0895, Train RMSE: 6.6280
Iter: 350, Train Loss: 3.4798, Train MAPE: 0.0756, Train RMSE: 5.6173
Epoch: 045, Inference Time: 3.6303 secs
Epoch: 045, Train Loss: 3.4707, Train MAPE: 0.0822, Train RMSE: 5.9911, Valid Loss: 2.9734, Valid MAPE: 0.0831, Valid RMSE: 5.7539, Training Time: 80.0154/epoch
Iter: 000, Train Loss: 3.5079, Train MAPE: 0.0909, Train RMSE: 6.2298
Iter: 050, Train Loss: 3.5413, Train MAPE: 0.0890, Train RMSE: 6.4471
Iter: 100, Train Loss: 3.5429, Train MAPE: 0.0902, Train RMSE: 6.1992
Iter: 150, Train Loss: 3.3709, Train MAPE: 0.0829, Train RMSE: 5.9082
Iter: 200, Train Loss: 3.8333, Train MAPE: 0.0935, Train RMSE: 6.3761
Iter: 250, Train Loss: 3.2619, Train MAPE: 0.0747, Train RMSE: 5.5724
Iter: 300, Train Loss: 3.6521, Train MAPE: 0.0975, Train RMSE: 6.4268
Iter: 350, Train Loss: 3.4399, Train MAPE: 0.0807, Train RMSE: 5.8785
Epoch: 046, Inference Time: 3.6307 secs
Epoch: 046, Train Loss: 3.4595, Train MAPE: 0.0817, Train RMSE: 5.9660, Valid Loss: 2.9634, Valid MAPE: 0.0820, Valid RMSE: 5.6970, Training Time: 80.0074/epoch
Early Termination!
Average Training Time: 80.0980 secs/epoch
Average Inference Time: 3.6284 secs
Training finished
The valid loss on best model is 2.8893
Evaluate best model on test data for horizon 1, Test MAE: 2.4222, Test MAPE: 0.0583, Test RMSE: 4.2975
Evaluate best model on test data for horizon 2, Test MAE: 2.6853, Test MAPE: 0.0667, Test RMSE: 5.0720
Evaluate best model on test data for horizon 3, Test MAE: 2.8733, Test MAPE: 0.0731, Test RMSE: 5.5742
Evaluate best model on test data for horizon 4, Test MAE: 3.0293, Test MAPE: 0.0786, Test RMSE: 5.9759
Evaluate best model on test data for horizon 5, Test MAE: 3.1631, Test MAPE: 0.0833, Test RMSE: 6.3182
Evaluate best model on test data for horizon 6, Test MAE: 3.2798, Test MAPE: 0.0875, Test RMSE: 6.6132
Evaluate best model on test data for horizon 7, Test MAE: 3.3807, Test MAPE: 0.0911, Test RMSE: 6.8615
Evaluate best model on test data for horizon 8, Test MAE: 3.4650, Test MAPE: 0.0941, Test RMSE: 7.0691
Evaluate best model on test data for horizon 9, Test MAE: 3.5361, Test MAPE: 0.0967, Test RMSE: 7.2393
Evaluate best model on test data for horizon 10, Test MAE: 3.5978, Test MAPE: 0.0990, Test RMSE: 7.3825
Evaluate best model on test data for horizon 11, Test MAE: 3.6524, Test MAPE: 0.1010, Test RMSE: 7.5029
Evaluate best model on test data for horizon 12, Test MAE: 3.7035, Test MAPE: 0.1030, Test RMSE: 7.6101
On average over 12 horizons, Test MAE: 3.2324, Test MAPE: 0.0860, Test RMSE: 6.4597
Total time spent: 3886.5472
