Start Deterministic Training with seed 42
Namespace(device='cuda:0', data='/home/p_tf_zy/p_tf_01/TESTAM-main/data/METR-LA', adjdata='/home/p_tf_zy/p_tf_01/TESTAM-main/data/METR-LA/adj_mx.pkl', adjtype='doubletransition', out_dim=1, nhid=32, in_dim=2, num_nodes=207, batch_size=64, dropout=0.3, epochs=100, print_every=50, seed=42, save='/home/p_tf_zy/p_tf_01/TESTAM-main/experiment/METR-LA_TESTAM', expid=1, load_path=None, patience=15, lr_mul=1, n_warmup_steps=4000, quantile=0.7, is_quantile=False, warmup_epoch=0)
Train the model with 22185224 parameters
start training...
Iter: 000, Train Loss: 25.9360, Train MAPE: 0.4978, Train RMSE: 30.0397
Iter: 050, Train Loss: 17.1943, Train MAPE: 0.3004, Train RMSE: 16.8491
Iter: 100, Train Loss: 8.7921, Train MAPE: 0.2039, Train RMSE: 10.8564
Iter: 150, Train Loss: 6.8498, Train MAPE: 0.1695, Train RMSE: 10.6347
Iter: 200, Train Loss: 6.2304, Train MAPE: 0.1630, Train RMSE: 10.6386
Iter: 250, Train Loss: 5.7099, Train MAPE: 0.1606, Train RMSE: 9.3889
Iter: 300, Train Loss: 5.3860, Train MAPE: 0.1648, Train RMSE: 9.3683
Iter: 350, Train Loss: 5.6073, Train MAPE: 0.1851, Train RMSE: 10.7357
Epoch: 001, Inference Time: 4.5781 secs
Epoch: 001, Train Loss: 9.0671, Train MAPE: 0.2081, Train RMSE: 12.2232, Valid Loss: 4.6270, Valid MAPE: 0.1381, Valid RMSE: 8.4880, Training Time: 113.6636/epoch
Iter: 000, Train Loss: 4.7146, Train MAPE: 0.1231, Train RMSE: 8.4411
Iter: 050, Train Loss: 4.7557, Train MAPE: 0.1376, Train RMSE: 8.5408
Iter: 100, Train Loss: 4.6649, Train MAPE: 0.1295, Train RMSE: 8.3764
Iter: 150, Train Loss: 4.9363, Train MAPE: 0.1353, Train RMSE: 8.5375
Iter: 200, Train Loss: 4.6907, Train MAPE: 0.1252, Train RMSE: 8.0824
Iter: 250, Train Loss: 4.3936, Train MAPE: 0.1253, Train RMSE: 7.6408
Iter: 300, Train Loss: 4.3817, Train MAPE: 0.1173, Train RMSE: 7.7302
Iter: 350, Train Loss: 4.5792, Train MAPE: 0.1373, Train RMSE: 8.0557
Epoch: 002, Inference Time: 4.5751 secs
Epoch: 002, Train Loss: 4.6525, Train MAPE: 0.1298, Train RMSE: 8.2878, Valid Loss: 3.5698, Valid MAPE: 0.1069, Valid RMSE: 6.8452, Training Time: 113.2555/epoch
Iter: 000, Train Loss: 4.4268, Train MAPE: 0.1139, Train RMSE: 7.3880
Iter: 050, Train Loss: 4.5135, Train MAPE: 0.1249, Train RMSE: 8.0429
Iter: 100, Train Loss: 3.7686, Train MAPE: 0.0857, Train RMSE: 6.7356
Iter: 150, Train Loss: 3.9979, Train MAPE: 0.1066, Train RMSE: 7.1367
Iter: 200, Train Loss: 3.9711, Train MAPE: 0.0988, Train RMSE: 6.9073
Iter: 250, Train Loss: 3.7686, Train MAPE: 0.0950, Train RMSE: 6.9139
Iter: 300, Train Loss: 4.1973, Train MAPE: 0.1092, Train RMSE: 7.1447
Iter: 350, Train Loss: 4.1643, Train MAPE: 0.1111, Train RMSE: 7.6701
Epoch: 003, Inference Time: 4.5735 secs
Epoch: 003, Train Loss: 4.1712, Train MAPE: 0.1091, Train RMSE: 7.3821, Valid Loss: 3.7968, Valid MAPE: 0.1072, Valid RMSE: 7.0716, Training Time: 113.2556/epoch
Iter: 000, Train Loss: 4.1351, Train MAPE: 0.1079, Train RMSE: 7.2768
Iter: 050, Train Loss: 4.0534, Train MAPE: 0.0945, Train RMSE: 6.9948
Iter: 100, Train Loss: 4.0801, Train MAPE: 0.1051, Train RMSE: 7.1746
Iter: 150, Train Loss: 3.8994, Train MAPE: 0.0972, Train RMSE: 6.6891
Iter: 200, Train Loss: 3.8184, Train MAPE: 0.1015, Train RMSE: 6.9913
Iter: 250, Train Loss: 3.9729, Train MAPE: 0.1019, Train RMSE: 6.8425
Iter: 300, Train Loss: 3.7663, Train MAPE: 0.0917, Train RMSE: 6.7541
Iter: 350, Train Loss: 3.8167, Train MAPE: 0.0923, Train RMSE: 6.7286
Epoch: 004, Inference Time: 4.5763 secs
Epoch: 004, Train Loss: 4.0027, Train MAPE: 0.1038, Train RMSE: 7.1620, Valid Loss: 3.5778, Valid MAPE: 0.0988, Valid RMSE: 6.7250, Training Time: 113.2868/epoch
Iter: 000, Train Loss: 4.0072, Train MAPE: 0.1044, Train RMSE: 7.3991
Iter: 050, Train Loss: 3.6972, Train MAPE: 0.0904, Train RMSE: 6.5605
Iter: 100, Train Loss: 3.9660, Train MAPE: 0.0998, Train RMSE: 7.0305
Iter: 150, Train Loss: 3.5701, Train MAPE: 0.0884, Train RMSE: 6.2650
Iter: 200, Train Loss: 3.8374, Train MAPE: 0.0943, Train RMSE: 6.7459
Iter: 250, Train Loss: 4.0703, Train MAPE: 0.1071, Train RMSE: 7.2142
Iter: 300, Train Loss: 4.1201, Train MAPE: 0.1044, Train RMSE: 7.2411
Iter: 350, Train Loss: 3.9051, Train MAPE: 0.0969, Train RMSE: 7.0493
Epoch: 005, Inference Time: 4.5735 secs
Epoch: 005, Train Loss: 3.9121, Train MAPE: 0.1001, Train RMSE: 6.9975, Valid Loss: 3.4443, Valid MAPE: 0.0960, Valid RMSE: 6.5299, Training Time: 113.2267/epoch
Iter: 000, Train Loss: 3.8590, Train MAPE: 0.0963, Train RMSE: 6.6132
Iter: 050, Train Loss: 4.1482, Train MAPE: 0.0992, Train RMSE: 7.2511
Iter: 100, Train Loss: 3.5533, Train MAPE: 0.0840, Train RMSE: 6.2942
Iter: 150, Train Loss: 3.8880, Train MAPE: 0.1008, Train RMSE: 6.9340
Iter: 200, Train Loss: 3.8440, Train MAPE: 0.0963, Train RMSE: 6.8773
Iter: 250, Train Loss: 3.9081, Train MAPE: 0.1066, Train RMSE: 7.1279
Iter: 300, Train Loss: 3.6150, Train MAPE: 0.0825, Train RMSE: 6.3166
Iter: 350, Train Loss: 3.4136, Train MAPE: 0.0770, Train RMSE: 6.1076
Epoch: 006, Inference Time: 4.5745 secs
Epoch: 006, Train Loss: 3.8331, Train MAPE: 0.0973, Train RMSE: 6.8512, Valid Loss: 3.2553, Valid MAPE: 0.0923, Valid RMSE: 6.2320, Training Time: 113.2465/epoch
Iter: 000, Train Loss: 3.4093, Train MAPE: 0.0802, Train RMSE: 6.0339
Iter: 050, Train Loss: 4.2997, Train MAPE: 0.1203, Train RMSE: 7.5409
Iter: 100, Train Loss: 3.7618, Train MAPE: 0.0905, Train RMSE: 6.4748
Iter: 150, Train Loss: 3.6023, Train MAPE: 0.0918, Train RMSE: 6.5233
Iter: 200, Train Loss: 3.6890, Train MAPE: 0.0951, Train RMSE: 6.6925
Iter: 250, Train Loss: 3.7230, Train MAPE: 0.0876, Train RMSE: 6.3155
Iter: 300, Train Loss: 3.8530, Train MAPE: 0.0963, Train RMSE: 6.8781
Iter: 350, Train Loss: 3.8331, Train MAPE: 0.0919, Train RMSE: 6.7643
Epoch: 007, Inference Time: 4.5717 secs
Epoch: 007, Train Loss: 3.7715, Train MAPE: 0.0951, Train RMSE: 6.7327, Valid Loss: 3.6017, Valid MAPE: 0.0979, Valid RMSE: 6.5637, Training Time: 113.2364/epoch
Iter: 000, Train Loss: 3.8385, Train MAPE: 0.0941, Train RMSE: 6.8496
Iter: 050, Train Loss: 3.7329, Train MAPE: 0.0900, Train RMSE: 6.6870
Iter: 100, Train Loss: 3.6610, Train MAPE: 0.0842, Train RMSE: 6.2916
Iter: 150, Train Loss: 3.7511, Train MAPE: 0.0979, Train RMSE: 6.6334
Iter: 200, Train Loss: 3.5832, Train MAPE: 0.0924, Train RMSE: 6.5272
Iter: 250, Train Loss: 3.7197, Train MAPE: 0.1045, Train RMSE: 6.9001
Iter: 300, Train Loss: 3.5445, Train MAPE: 0.0812, Train RMSE: 6.4208
Iter: 350, Train Loss: 3.8220, Train MAPE: 0.0974, Train RMSE: 6.9587
Epoch: 008, Inference Time: 4.5726 secs
Epoch: 008, Train Loss: 3.7163, Train MAPE: 0.0936, Train RMSE: 6.6630, Valid Loss: 3.4343, Valid MAPE: 0.0931, Valid RMSE: 6.4139, Training Time: 113.2304/epoch
Iter: 000, Train Loss: 3.4780, Train MAPE: 0.0819, Train RMSE: 6.0696
Iter: 050, Train Loss: 3.6911, Train MAPE: 0.0882, Train RMSE: 6.5040
Iter: 100, Train Loss: 3.7089, Train MAPE: 0.0960, Train RMSE: 6.6702
Iter: 150, Train Loss: 3.5641, Train MAPE: 0.0954, Train RMSE: 6.4208
Iter: 200, Train Loss: 3.6366, Train MAPE: 0.0998, Train RMSE: 6.7380
Iter: 250, Train Loss: 3.9275, Train MAPE: 0.1067, Train RMSE: 7.0625
Iter: 300, Train Loss: 3.4943, Train MAPE: 0.0833, Train RMSE: 6.1482
Iter: 350, Train Loss: 3.2602, Train MAPE: 0.0764, Train RMSE: 5.8248
Epoch: 009, Inference Time: 4.5739 secs
Epoch: 009, Train Loss: 3.6444, Train MAPE: 0.0914, Train RMSE: 6.5425, Valid Loss: 3.1788, Valid MAPE: 0.0891, Valid RMSE: 6.1391, Training Time: 113.2385/epoch
Iter: 000, Train Loss: 3.4300, Train MAPE: 0.0840, Train RMSE: 6.1706
Iter: 050, Train Loss: 3.6060, Train MAPE: 0.0865, Train RMSE: 6.3622
Iter: 100, Train Loss: 3.6207, Train MAPE: 0.0937, Train RMSE: 6.6298
Iter: 150, Train Loss: 3.5770, Train MAPE: 0.0879, Train RMSE: 6.3372
Iter: 200, Train Loss: 3.5729, Train MAPE: 0.0889, Train RMSE: 6.4920
Iter: 250, Train Loss: 3.9153, Train MAPE: 0.0982, Train RMSE: 7.0445
Iter: 300, Train Loss: 3.4497, Train MAPE: 0.0852, Train RMSE: 6.3291
Iter: 350, Train Loss: 3.5272, Train MAPE: 0.0832, Train RMSE: 6.0100
Epoch: 010, Inference Time: 4.5745 secs
Epoch: 010, Train Loss: 3.5758, Train MAPE: 0.0890, Train RMSE: 6.4028, Valid Loss: 3.2393, Valid MAPE: 0.0891, Valid RMSE: 6.1132, Training Time: 113.2359/epoch
Iter: 000, Train Loss: 3.6306, Train MAPE: 0.0917, Train RMSE: 6.6016
Iter: 050, Train Loss: 3.4470, Train MAPE: 0.0917, Train RMSE: 6.4545
Iter: 100, Train Loss: 3.4910, Train MAPE: 0.0803, Train RMSE: 6.0801
Iter: 150, Train Loss: 3.4646, Train MAPE: 0.0780, Train RMSE: 6.1760
Iter: 200, Train Loss: 3.2326, Train MAPE: 0.0699, Train RMSE: 5.8272
Iter: 250, Train Loss: 3.3694, Train MAPE: 0.0848, Train RMSE: 5.9737
Iter: 300, Train Loss: 3.5734, Train MAPE: 0.0901, Train RMSE: 6.3803
Iter: 350, Train Loss: 3.8055, Train MAPE: 0.0897, Train RMSE: 6.6969
Epoch: 011, Inference Time: 4.5735 secs
Epoch: 011, Train Loss: 3.5688, Train MAPE: 0.0889, Train RMSE: 6.3896, Valid Loss: 3.0987, Valid MAPE: 0.0857, Valid RMSE: 5.9409, Training Time: 113.2284/epoch
Iter: 000, Train Loss: 3.7753, Train MAPE: 0.0953, Train RMSE: 6.8816
Iter: 050, Train Loss: 3.7253, Train MAPE: 0.0995, Train RMSE: 7.1703
Iter: 100, Train Loss: 3.7201, Train MAPE: 0.0987, Train RMSE: 6.5964
Iter: 150, Train Loss: 3.3579, Train MAPE: 0.0737, Train RMSE: 5.9362
Iter: 200, Train Loss: 3.4742, Train MAPE: 0.0777, Train RMSE: 6.3532
Iter: 250, Train Loss: 3.4806, Train MAPE: 0.0867, Train RMSE: 6.1051
Iter: 300, Train Loss: 3.6725, Train MAPE: 0.0920, Train RMSE: 6.4402
Iter: 350, Train Loss: 3.1333, Train MAPE: 0.0714, Train RMSE: 5.3476
Epoch: 012, Inference Time: 4.5912 secs
Epoch: 012, Train Loss: 3.5560, Train MAPE: 0.0881, Train RMSE: 6.3315, Valid Loss: 2.9709, Valid MAPE: 0.0859, Valid RMSE: 5.7881, Training Time: 113.2293/epoch
Iter: 000, Train Loss: 3.4820, Train MAPE: 0.0823, Train RMSE: 6.1983
Iter: 050, Train Loss: 3.6301, Train MAPE: 0.0960, Train RMSE: 6.5285
Iter: 100, Train Loss: 3.6013, Train MAPE: 0.0924, Train RMSE: 6.2771
Iter: 150, Train Loss: 3.5310, Train MAPE: 0.0867, Train RMSE: 6.0950
Iter: 200, Train Loss: 3.4111, Train MAPE: 0.0780, Train RMSE: 5.7220
Iter: 250, Train Loss: 3.4257, Train MAPE: 0.0759, Train RMSE: 5.8664
Iter: 300, Train Loss: 3.3277, Train MAPE: 0.0691, Train RMSE: 5.6167
Iter: 350, Train Loss: 3.3381, Train MAPE: 0.0784, Train RMSE: 5.7422
Epoch: 013, Inference Time: 4.5712 secs
Epoch: 013, Train Loss: 3.4759, Train MAPE: 0.0839, Train RMSE: 6.0777, Valid Loss: 3.0135, Valid MAPE: 0.0855, Valid RMSE: 5.7833, Training Time: 113.2237/epoch
Iter: 000, Train Loss: 3.1339, Train MAPE: 0.0715, Train RMSE: 5.4196
Iter: 050, Train Loss: 3.4485, Train MAPE: 0.0800, Train RMSE: 5.7870
Iter: 100, Train Loss: 3.3520, Train MAPE: 0.0784, Train RMSE: 5.8694
Iter: 150, Train Loss: 3.2203, Train MAPE: 0.0676, Train RMSE: 5.4634
Iter: 200, Train Loss: 3.6322, Train MAPE: 0.0874, Train RMSE: 6.3441
Iter: 250, Train Loss: 3.5044, Train MAPE: 0.0828, Train RMSE: 6.0216
Iter: 300, Train Loss: 3.4415, Train MAPE: 0.0827, Train RMSE: 6.1476
Iter: 350, Train Loss: 3.2015, Train MAPE: 0.0709, Train RMSE: 5.5118
Epoch: 014, Inference Time: 4.5722 secs
Epoch: 014, Train Loss: 3.4278, Train MAPE: 0.0815, Train RMSE: 5.9417, Valid Loss: 3.0301, Valid MAPE: 0.0872, Valid RMSE: 5.7456, Training Time: 113.2320/epoch
Iter: 000, Train Loss: 3.2114, Train MAPE: 0.0787, Train RMSE: 5.5586
Iter: 050, Train Loss: 3.2552, Train MAPE: 0.0777, Train RMSE: 5.6171
Iter: 100, Train Loss: 3.4869, Train MAPE: 0.0858, Train RMSE: 6.0670
Iter: 150, Train Loss: 3.4905, Train MAPE: 0.0837, Train RMSE: 6.0519
Iter: 200, Train Loss: 3.3010, Train MAPE: 0.0749, Train RMSE: 5.4424
Iter: 250, Train Loss: 3.2374, Train MAPE: 0.0701, Train RMSE: 5.5638
Iter: 300, Train Loss: 3.1394, Train MAPE: 0.0671, Train RMSE: 5.3447
Iter: 350, Train Loss: 3.6025, Train MAPE: 0.0909, Train RMSE: 6.4835
Epoch: 015, Inference Time: 4.5708 secs
Epoch: 015, Train Loss: 3.3835, Train MAPE: 0.0796, Train RMSE: 5.8310, Valid Loss: 2.9099, Valid MAPE: 0.0832, Valid RMSE: 5.6065, Training Time: 113.2549/epoch
Iter: 000, Train Loss: 3.6230, Train MAPE: 0.0919, Train RMSE: 6.2300
Iter: 050, Train Loss: 3.2214, Train MAPE: 0.0697, Train RMSE: 5.3878
Iter: 100, Train Loss: 3.2442, Train MAPE: 0.0742, Train RMSE: 5.6048
Iter: 150, Train Loss: 3.6049, Train MAPE: 0.0869, Train RMSE: 6.1116
Iter: 200, Train Loss: 3.6223, Train MAPE: 0.0915, Train RMSE: 6.2599
Iter: 250, Train Loss: 3.4289, Train MAPE: 0.0839, Train RMSE: 5.9597
Iter: 300, Train Loss: 3.2102, Train MAPE: 0.0704, Train RMSE: 5.3956
Iter: 350, Train Loss: 3.2536, Train MAPE: 0.0698, Train RMSE: 5.4884
Epoch: 016, Inference Time: 4.5723 secs
Epoch: 016, Train Loss: 3.3453, Train MAPE: 0.0778, Train RMSE: 5.7243, Valid Loss: 2.9868, Valid MAPE: 0.0837, Valid RMSE: 5.7525, Training Time: 113.2225/epoch
Iter: 000, Train Loss: 3.1533, Train MAPE: 0.0672, Train RMSE: 5.3766
Iter: 050, Train Loss: 3.0154, Train MAPE: 0.0666, Train RMSE: 5.2985
Iter: 100, Train Loss: 3.4218, Train MAPE: 0.0915, Train RMSE: 6.1434
Iter: 150, Train Loss: 3.3372, Train MAPE: 0.0807, Train RMSE: 5.6504
Iter: 200, Train Loss: 3.2276, Train MAPE: 0.0683, Train RMSE: 5.3463
Iter: 250, Train Loss: 3.5732, Train MAPE: 0.0883, Train RMSE: 6.1512
Iter: 300, Train Loss: 3.1976, Train MAPE: 0.0695, Train RMSE: 5.2856
Iter: 350, Train Loss: 3.3856, Train MAPE: 0.0756, Train RMSE: 5.6845
Epoch: 017, Inference Time: 4.5711 secs
Epoch: 017, Train Loss: 3.3153, Train MAPE: 0.0764, Train RMSE: 5.6409, Valid Loss: 2.9110, Valid MAPE: 0.0815, Valid RMSE: 5.6918, Training Time: 113.0323/epoch
Iter: 000, Train Loss: 3.4356, Train MAPE: 0.0829, Train RMSE: 6.0138
Iter: 050, Train Loss: 3.3292, Train MAPE: 0.0779, Train RMSE: 5.5652
Iter: 100, Train Loss: 3.3681, Train MAPE: 0.0748, Train RMSE: 5.8399
Iter: 150, Train Loss: 3.8529, Train MAPE: 0.0950, Train RMSE: 6.5673
Iter: 200, Train Loss: 3.6167, Train MAPE: 0.0846, Train RMSE: 5.9584
Iter: 250, Train Loss: 3.1226, Train MAPE: 0.0714, Train RMSE: 5.3590
Iter: 300, Train Loss: 3.2740, Train MAPE: 0.0683, Train RMSE: 5.3048
Iter: 350, Train Loss: 3.2750, Train MAPE: 0.0741, Train RMSE: 5.4131
Epoch: 018, Inference Time: 4.5711 secs
Epoch: 018, Train Loss: 3.2896, Train MAPE: 0.0753, Train RMSE: 5.5750, Valid Loss: 2.9450, Valid MAPE: 0.0867, Valid RMSE: 5.7692, Training Time: 112.9002/epoch
Iter: 000, Train Loss: 3.4838, Train MAPE: 0.0823, Train RMSE: 5.7448
Iter: 050, Train Loss: 3.2092, Train MAPE: 0.0714, Train RMSE: 5.3125
Iter: 100, Train Loss: 3.1907, Train MAPE: 0.0721, Train RMSE: 5.3775
Iter: 150, Train Loss: 3.0832, Train MAPE: 0.0667, Train RMSE: 5.1825
Iter: 200, Train Loss: 3.3793, Train MAPE: 0.0827, Train RMSE: 5.8189
Iter: 250, Train Loss: 3.1187, Train MAPE: 0.0669, Train RMSE: 5.1898
Iter: 300, Train Loss: 3.3029, Train MAPE: 0.0724, Train RMSE: 5.6819
Iter: 350, Train Loss: 3.0100, Train MAPE: 0.0603, Train RMSE: 4.9726
Epoch: 019, Inference Time: 4.5710 secs
Epoch: 019, Train Loss: 3.2678, Train MAPE: 0.0744, Train RMSE: 5.5175, Valid Loss: 2.9273, Valid MAPE: 0.0830, Valid RMSE: 5.7062, Training Time: 112.8653/epoch
Iter: 000, Train Loss: 3.0528, Train MAPE: 0.0693, Train RMSE: 5.3155
Iter: 050, Train Loss: 3.2140, Train MAPE: 0.0719, Train RMSE: 5.2802
Iter: 100, Train Loss: 3.1968, Train MAPE: 0.0710, Train RMSE: 5.3109
Iter: 150, Train Loss: 3.3603, Train MAPE: 0.0797, Train RMSE: 5.8226
Iter: 200, Train Loss: 3.2693, Train MAPE: 0.0754, Train RMSE: 5.2825
Iter: 250, Train Loss: 3.2150, Train MAPE: 0.0722, Train RMSE: 5.4178
Iter: 300, Train Loss: 3.4734, Train MAPE: 0.0822, Train RMSE: 5.9495
Iter: 350, Train Loss: 3.2076, Train MAPE: 0.0694, Train RMSE: 5.2254
Epoch: 020, Inference Time: 4.5712 secs
Epoch: 020, Train Loss: 3.2518, Train MAPE: 0.0737, Train RMSE: 5.4776, Valid Loss: 2.9229, Valid MAPE: 0.0847, Valid RMSE: 5.7422, Training Time: 112.9854/epoch
Iter: 000, Train Loss: 3.2595, Train MAPE: 0.0731, Train RMSE: 5.4141
Iter: 050, Train Loss: 3.1649, Train MAPE: 0.0671, Train RMSE: 5.2602
Iter: 100, Train Loss: 3.1362, Train MAPE: 0.0671, Train RMSE: 5.3161
Iter: 150, Train Loss: 3.2850, Train MAPE: 0.0727, Train RMSE: 5.2999
Iter: 200, Train Loss: 3.4022, Train MAPE: 0.0769, Train RMSE: 5.6666
Iter: 250, Train Loss: 3.0542, Train MAPE: 0.0689, Train RMSE: 5.1486
Iter: 300, Train Loss: 3.4050, Train MAPE: 0.0781, Train RMSE: 5.7758
Iter: 350, Train Loss: 3.2809, Train MAPE: 0.0738, Train RMSE: 5.5870
Epoch: 021, Inference Time: 4.5702 secs
Epoch: 021, Train Loss: 3.2415, Train MAPE: 0.0733, Train RMSE: 5.4543, Valid Loss: 2.9217, Valid MAPE: 0.0835, Valid RMSE: 5.7374, Training Time: 112.9027/epoch
Iter: 000, Train Loss: 3.3579, Train MAPE: 0.0782, Train RMSE: 5.5468
Iter: 050, Train Loss: 3.0778, Train MAPE: 0.0680, Train RMSE: 5.1295
Iter: 100, Train Loss: 3.0966, Train MAPE: 0.0662, Train RMSE: 5.3101
Iter: 150, Train Loss: 3.3685, Train MAPE: 0.0775, Train RMSE: 5.5472
Iter: 200, Train Loss: 3.3283, Train MAPE: 0.0789, Train RMSE: 5.7979
Iter: 250, Train Loss: 3.3842, Train MAPE: 0.0776, Train RMSE: 5.6870
Iter: 300, Train Loss: 3.3123, Train MAPE: 0.0713, Train RMSE: 5.4281
Iter: 350, Train Loss: 3.3745, Train MAPE: 0.0734, Train RMSE: 5.6143
Epoch: 022, Inference Time: 4.5710 secs
Epoch: 022, Train Loss: 3.3411, Train MAPE: 0.0772, Train RMSE: 5.6842, Valid Loss: 2.9262, Valid MAPE: 0.0835, Valid RMSE: 5.7296, Training Time: 112.8764/epoch
Iter: 000, Train Loss: 3.1867, Train MAPE: 0.0706, Train RMSE: 5.3121
Iter: 050, Train Loss: 3.4165, Train MAPE: 0.0875, Train RMSE: 5.9653
Iter: 100, Train Loss: 3.1880, Train MAPE: 0.0770, Train RMSE: 5.6186
Iter: 150, Train Loss: 3.1320, Train MAPE: 0.0691, Train RMSE: 5.3764
Iter: 200, Train Loss: 3.3043, Train MAPE: 0.0723, Train RMSE: 5.4696
Iter: 250, Train Loss: 3.5523, Train MAPE: 0.0814, Train RMSE: 6.1046
Iter: 300, Train Loss: 3.3393, Train MAPE: 0.0698, Train RMSE: 5.6181
Iter: 350, Train Loss: 3.1359, Train MAPE: 0.0692, Train RMSE: 5.3071
Epoch: 023, Inference Time: 4.5710 secs
Epoch: 023, Train Loss: 3.3419, Train MAPE: 0.0769, Train RMSE: 5.6588, Valid Loss: 3.0010, Valid MAPE: 0.0869, Valid RMSE: 5.8299, Training Time: 112.9432/epoch
Iter: 000, Train Loss: 3.2479, Train MAPE: 0.0731, Train RMSE: 5.5369
Iter: 050, Train Loss: 3.2224, Train MAPE: 0.0703, Train RMSE: 5.3637
Iter: 100, Train Loss: 3.2974, Train MAPE: 0.0730, Train RMSE: 5.5351
Iter: 150, Train Loss: 3.2230, Train MAPE: 0.0727, Train RMSE: 5.2946
Iter: 200, Train Loss: 3.1878, Train MAPE: 0.0655, Train RMSE: 5.2757
Iter: 250, Train Loss: 3.3429, Train MAPE: 0.0741, Train RMSE: 5.5212
Iter: 300, Train Loss: 3.5133, Train MAPE: 0.0932, Train RMSE: 6.0731
Iter: 350, Train Loss: 3.3067, Train MAPE: 0.0779, Train RMSE: 5.5525
Epoch: 024, Inference Time: 4.5714 secs
Epoch: 024, Train Loss: 3.3204, Train MAPE: 0.0758, Train RMSE: 5.5797, Valid Loss: 2.9069, Valid MAPE: 0.0819, Valid RMSE: 5.6974, Training Time: 112.9117/epoch
Iter: 000, Train Loss: 3.4452, Train MAPE: 0.0780, Train RMSE: 5.7936
Iter: 050, Train Loss: 3.3247, Train MAPE: 0.0761, Train RMSE: 5.5277
Iter: 100, Train Loss: 3.4328, Train MAPE: 0.0857, Train RMSE: 5.9353
Iter: 150, Train Loss: 3.3372, Train MAPE: 0.0727, Train RMSE: 5.5533
Iter: 200, Train Loss: 3.1409, Train MAPE: 0.0699, Train RMSE: 5.3769
Iter: 250, Train Loss: 3.3241, Train MAPE: 0.0801, Train RMSE: 5.8269
Iter: 300, Train Loss: 3.2398, Train MAPE: 0.0730, Train RMSE: 5.4311
Iter: 350, Train Loss: 3.4223, Train MAPE: 0.0820, Train RMSE: 5.9063
Epoch: 025, Inference Time: 4.5710 secs
Epoch: 025, Train Loss: 3.2988, Train MAPE: 0.0746, Train RMSE: 5.5057, Valid Loss: 3.0321, Valid MAPE: 0.0855, Valid RMSE: 5.9156, Training Time: 113.0110/epoch
Iter: 000, Train Loss: 3.4125, Train MAPE: 0.0767, Train RMSE: 5.7963
Iter: 050, Train Loss: 3.3292, Train MAPE: 0.0732, Train RMSE: 5.6035
Iter: 100, Train Loss: 3.4005, Train MAPE: 0.0734, Train RMSE: 5.7438
Iter: 150, Train Loss: 3.2851, Train MAPE: 0.0726, Train RMSE: 5.2251
Iter: 200, Train Loss: 3.2594, Train MAPE: 0.0732, Train RMSE: 5.3270
Iter: 250, Train Loss: 3.2315, Train MAPE: 0.0764, Train RMSE: 5.5597
Iter: 300, Train Loss: 3.3972, Train MAPE: 0.0738, Train RMSE: 5.4508
Iter: 350, Train Loss: 3.2845, Train MAPE: 0.0749, Train RMSE: 5.4505
Epoch: 026, Inference Time: 4.5709 secs
Epoch: 026, Train Loss: 3.2738, Train MAPE: 0.0735, Train RMSE: 5.4296, Valid Loss: 3.0413, Valid MAPE: 0.0836, Valid RMSE: 5.8963, Training Time: 112.8628/epoch
Iter: 000, Train Loss: 3.1495, Train MAPE: 0.0674, Train RMSE: 5.1745
Iter: 050, Train Loss: 3.3312, Train MAPE: 0.0792, Train RMSE: 5.4846
Iter: 100, Train Loss: 3.2716, Train MAPE: 0.0719, Train RMSE: 5.1514
Iter: 150, Train Loss: 3.2193, Train MAPE: 0.0777, Train RMSE: 5.6324
Iter: 200, Train Loss: 3.2703, Train MAPE: 0.0726, Train RMSE: 5.4082
Iter: 250, Train Loss: 3.2836, Train MAPE: 0.0707, Train RMSE: 5.2003
Iter: 300, Train Loss: 3.1566, Train MAPE: 0.0691, Train RMSE: 5.2843
Iter: 350, Train Loss: 3.3593, Train MAPE: 0.0781, Train RMSE: 5.6369
Epoch: 027, Inference Time: 4.6110 secs
Epoch: 027, Train Loss: 3.2487, Train MAPE: 0.0724, Train RMSE: 5.3614, Valid Loss: 2.9725, Valid MAPE: 0.0826, Valid RMSE: 5.8092, Training Time: 112.8600/epoch
Iter: 000, Train Loss: 3.4140, Train MAPE: 0.0757, Train RMSE: 5.6225
Iter: 050, Train Loss: 3.2140, Train MAPE: 0.0704, Train RMSE: 5.3289
Iter: 100, Train Loss: 3.0615, Train MAPE: 0.0643, Train RMSE: 5.1074
Iter: 150, Train Loss: 3.3755, Train MAPE: 0.0799, Train RMSE: 5.7867
Iter: 200, Train Loss: 3.5675, Train MAPE: 0.0902, Train RMSE: 6.0268
Iter: 250, Train Loss: 3.1657, Train MAPE: 0.0696, Train RMSE: 5.2131
Iter: 300, Train Loss: 3.4025, Train MAPE: 0.0765, Train RMSE: 5.4615
Iter: 350, Train Loss: 3.0288, Train MAPE: 0.0646, Train RMSE: 5.1043
Epoch: 028, Inference Time: 4.5716 secs
Epoch: 028, Train Loss: 3.2274, Train MAPE: 0.0714, Train RMSE: 5.2968, Valid Loss: 2.9630, Valid MAPE: 0.0860, Valid RMSE: 5.9031, Training Time: 112.8849/epoch
Iter: 000, Train Loss: 3.3821, Train MAPE: 0.0750, Train RMSE: 5.5863
Iter: 050, Train Loss: 2.9813, Train MAPE: 0.0711, Train RMSE: 5.1630
Iter: 100, Train Loss: 2.9711, Train MAPE: 0.0690, Train RMSE: 5.0373
Iter: 150, Train Loss: 3.2712, Train MAPE: 0.0690, Train RMSE: 5.2310
Iter: 200, Train Loss: 3.1557, Train MAPE: 0.0677, Train RMSE: 5.2558
Iter: 250, Train Loss: 2.8504, Train MAPE: 0.0572, Train RMSE: 4.6009
Iter: 300, Train Loss: 3.2207, Train MAPE: 0.0722, Train RMSE: 5.2133
Iter: 350, Train Loss: 3.1589, Train MAPE: 0.0672, Train RMSE: 5.0046
Epoch: 029, Inference Time: 4.5713 secs
Epoch: 029, Train Loss: 3.2081, Train MAPE: 0.0706, Train RMSE: 5.2446, Valid Loss: 2.9707, Valid MAPE: 0.0854, Valid RMSE: 5.8907, Training Time: 112.9768/epoch
Iter: 000, Train Loss: 3.1644, Train MAPE: 0.0673, Train RMSE: 5.0053
Iter: 050, Train Loss: 3.2919, Train MAPE: 0.0758, Train RMSE: 5.4171
Iter: 100, Train Loss: 3.1787, Train MAPE: 0.0708, Train RMSE: 5.1674
Iter: 150, Train Loss: 3.3178, Train MAPE: 0.0789, Train RMSE: 5.6052
Iter: 200, Train Loss: 3.3433, Train MAPE: 0.0766, Train RMSE: 5.3678
Iter: 250, Train Loss: 3.0267, Train MAPE: 0.0635, Train RMSE: 4.9001
Iter: 300, Train Loss: 3.1196, Train MAPE: 0.0602, Train RMSE: 4.8024
Iter: 350, Train Loss: 3.3979, Train MAPE: 0.0733, Train RMSE: 5.4555
Epoch: 030, Inference Time: 4.5706 secs
Epoch: 030, Train Loss: 3.1920, Train MAPE: 0.0700, Train RMSE: 5.2019, Valid Loss: 2.9608, Valid MAPE: 0.0850, Valid RMSE: 5.8760, Training Time: 113.2804/epoch
Iter: 000, Train Loss: 3.3669, Train MAPE: 0.0781, Train RMSE: 5.6200
Iter: 050, Train Loss: 3.3112, Train MAPE: 0.0723, Train RMSE: 5.2933
Iter: 100, Train Loss: 3.2378, Train MAPE: 0.0737, Train RMSE: 5.4504
Iter: 150, Train Loss: 3.0068, Train MAPE: 0.0625, Train RMSE: 4.8609
Iter: 200, Train Loss: 2.9446, Train MAPE: 0.0596, Train RMSE: 4.7869
Iter: 250, Train Loss: 3.0304, Train MAPE: 0.0689, Train RMSE: 5.1932
Iter: 300, Train Loss: 3.1600, Train MAPE: 0.0698, Train RMSE: 5.1737
Iter: 350, Train Loss: 3.3358, Train MAPE: 0.0800, Train RMSE: 5.6159
Epoch: 031, Inference Time: 4.5717 secs
Epoch: 031, Train Loss: 3.1803, Train MAPE: 0.0695, Train RMSE: 5.1719, Valid Loss: 2.9787, Valid MAPE: 0.0854, Valid RMSE: 5.8988, Training Time: 112.8878/epoch
Iter: 000, Train Loss: 3.2103, Train MAPE: 0.0679, Train RMSE: 5.0731
Iter: 050, Train Loss: 2.9851, Train MAPE: 0.0606, Train RMSE: 4.7691
Iter: 100, Train Loss: 3.1284, Train MAPE: 0.0694, Train RMSE: 5.1689
Iter: 150, Train Loss: 3.1590, Train MAPE: 0.0682, Train RMSE: 5.3694
Iter: 200, Train Loss: 3.0084, Train MAPE: 0.0615, Train RMSE: 4.8538
Iter: 250, Train Loss: 3.1540, Train MAPE: 0.0714, Train RMSE: 5.1697
Iter: 300, Train Loss: 3.1237, Train MAPE: 0.0686, Train RMSE: 5.1869
Iter: 350, Train Loss: 3.2985, Train MAPE: 0.0799, Train RMSE: 5.7388
Epoch: 032, Inference Time: 4.5705 secs
Epoch: 032, Train Loss: 3.1736, Train MAPE: 0.0693, Train RMSE: 5.1572, Valid Loss: 3.0885, Valid MAPE: 0.0894, Valid RMSE: 6.0841, Training Time: 112.8589/epoch
Iter: 000, Train Loss: 3.5052, Train MAPE: 0.0856, Train RMSE: 5.8954
Iter: 050, Train Loss: 3.5197, Train MAPE: 0.0841, Train RMSE: 6.1475
Iter: 100, Train Loss: 3.5723, Train MAPE: 0.0822, Train RMSE: 5.6622
Iter: 150, Train Loss: 3.0248, Train MAPE: 0.0598, Train RMSE: 4.7774
Iter: 200, Train Loss: 3.2825, Train MAPE: 0.0754, Train RMSE: 5.5334
Iter: 250, Train Loss: 3.5897, Train MAPE: 0.1080, Train RMSE: 8.3409
Iter: 300, Train Loss: 3.1969, Train MAPE: 0.0697, Train RMSE: 5.2513
Iter: 350, Train Loss: 3.2066, Train MAPE: 0.0717, Train RMSE: 5.2217
Epoch: 033, Inference Time: 4.5720 secs
Epoch: 033, Train Loss: 3.2983, Train MAPE: 0.0748, Train RMSE: 5.5021, Valid Loss: 2.9738, Valid MAPE: 0.0842, Valid RMSE: 5.8648, Training Time: 112.8395/epoch
Iter: 000, Train Loss: 3.5383, Train MAPE: 0.0837, Train RMSE: 5.7166
Iter: 050, Train Loss: 3.2398, Train MAPE: 0.0734, Train RMSE: 5.4744
Iter: 100, Train Loss: 3.1341, Train MAPE: 0.0716, Train RMSE: 5.2211
Iter: 150, Train Loss: 3.5632, Train MAPE: 0.0869, Train RMSE: 5.8846
Iter: 200, Train Loss: 3.1393, Train MAPE: 0.0678, Train RMSE: 5.0785
Iter: 250, Train Loss: 3.2374, Train MAPE: 0.0675, Train RMSE: 5.1394
Iter: 300, Train Loss: 3.2029, Train MAPE: 0.0705, Train RMSE: 5.3340
Iter: 350, Train Loss: 3.5591, Train MAPE: 0.0864, Train RMSE: 5.9313
Epoch: 034, Inference Time: 4.5743 secs
Epoch: 034, Train Loss: 3.2673, Train MAPE: 0.0726, Train RMSE: 5.3538, Valid Loss: 3.0135, Valid MAPE: 0.0852, Valid RMSE: 5.9395, Training Time: 113.9271/epoch
Iter: 000, Train Loss: 3.4202, Train MAPE: 0.0825, Train RMSE: 5.6248
Iter: 050, Train Loss: 3.1299, Train MAPE: 0.0642, Train RMSE: 5.1328
Iter: 100, Train Loss: 3.4327, Train MAPE: 0.0770, Train RMSE: 5.5329
Iter: 150, Train Loss: 3.3446, Train MAPE: 0.0788, Train RMSE: 5.5721
Iter: 200, Train Loss: 3.3499, Train MAPE: 0.0765, Train RMSE: 5.3877
Iter: 250, Train Loss: 3.3593, Train MAPE: 0.0739, Train RMSE: 5.4155
Iter: 300, Train Loss: 3.1688, Train MAPE: 0.0711, Train RMSE: 5.2215
Iter: 350, Train Loss: 3.2090, Train MAPE: 0.0683, Train RMSE: 5.2640
Epoch: 035, Inference Time: 4.5730 secs
Epoch: 035, Train Loss: 3.2503, Train MAPE: 0.0717, Train RMSE: 5.2953, Valid Loss: 3.0053, Valid MAPE: 0.0870, Valid RMSE: 5.9294, Training Time: 112.9797/epoch
Iter: 000, Train Loss: 3.0106, Train MAPE: 0.0602, Train RMSE: 4.7102
Iter: 050, Train Loss: 3.3913, Train MAPE: 0.0786, Train RMSE: 5.4290
Iter: 100, Train Loss: 3.1501, Train MAPE: 0.0681, Train RMSE: 5.1215
Iter: 150, Train Loss: 3.0325, Train MAPE: 0.0632, Train RMSE: 4.8610
Iter: 200, Train Loss: 3.3268, Train MAPE: 0.0725, Train RMSE: 5.4651
Iter: 250, Train Loss: 3.2889, Train MAPE: 0.0728, Train RMSE: 5.2238
Iter: 300, Train Loss: 3.2882, Train MAPE: 0.0734, Train RMSE: 5.3965
Iter: 350, Train Loss: 3.3156, Train MAPE: 0.0737, Train RMSE: 5.5893
Epoch: 036, Inference Time: 4.5723 secs
Epoch: 036, Train Loss: 3.2329, Train MAPE: 0.0709, Train RMSE: 5.2409, Valid Loss: 3.0159, Valid MAPE: 0.0862, Valid RMSE: 5.9545, Training Time: 112.8577/epoch
Iter: 000, Train Loss: 3.2848, Train MAPE: 0.0718, Train RMSE: 5.3259
Iter: 050, Train Loss: 3.2650, Train MAPE: 0.0784, Train RMSE: 5.3901
Iter: 100, Train Loss: 3.2772, Train MAPE: 0.0676, Train RMSE: 5.1274
Iter: 150, Train Loss: 3.1930, Train MAPE: 0.0701, Train RMSE: 4.9719
Iter: 200, Train Loss: 3.0983, Train MAPE: 0.0636, Train RMSE: 4.9110
Iter: 250, Train Loss: 3.1054, Train MAPE: 0.0659, Train RMSE: 4.9369
Iter: 300, Train Loss: 3.0818, Train MAPE: 0.0685, Train RMSE: 5.1562
Iter: 350, Train Loss: 3.3156, Train MAPE: 0.0759, Train RMSE: 5.2982
Epoch: 037, Inference Time: 5.0371 secs
Epoch: 037, Train Loss: 3.2131, Train MAPE: 0.0700, Train RMSE: 5.1832, Valid Loss: 3.0296, Valid MAPE: 0.0870, Valid RMSE: 5.9905, Training Time: 113.0285/epoch
Iter: 000, Train Loss: 3.3176, Train MAPE: 0.0761, Train RMSE: 5.4055
Iter: 050, Train Loss: 3.1405, Train MAPE: 0.0726, Train RMSE: 5.2475
Iter: 100, Train Loss: 3.1368, Train MAPE: 0.0649, Train RMSE: 4.9513
Iter: 150, Train Loss: 3.1552, Train MAPE: 0.0643, Train RMSE: 5.1319
Iter: 200, Train Loss: 3.1346, Train MAPE: 0.0652, Train RMSE: 5.0397
Iter: 250, Train Loss: 3.2044, Train MAPE: 0.0663, Train RMSE: 5.0546
Iter: 300, Train Loss: 3.0254, Train MAPE: 0.0681, Train RMSE: 4.9769
Iter: 350, Train Loss: 3.3238, Train MAPE: 0.0732, Train RMSE: 5.1415
Epoch: 038, Inference Time: 4.5730 secs
Epoch: 038, Train Loss: 3.1945, Train MAPE: 0.0692, Train RMSE: 5.1299, Valid Loss: 3.0084, Valid MAPE: 0.0875, Valid RMSE: 5.9696, Training Time: 112.9229/epoch
Iter: 000, Train Loss: 3.3564, Train MAPE: 0.0750, Train RMSE: 5.2682
Iter: 050, Train Loss: 3.1435, Train MAPE: 0.0689, Train RMSE: 5.0290
Iter: 100, Train Loss: 3.1903, Train MAPE: 0.0701, Train RMSE: 5.1075
Iter: 150, Train Loss: 3.1401, Train MAPE: 0.0658, Train RMSE: 5.0149
Iter: 200, Train Loss: 3.1439, Train MAPE: 0.0640, Train RMSE: 4.9247
Iter: 250, Train Loss: 3.0120, Train MAPE: 0.0634, Train RMSE: 4.8220
Iter: 300, Train Loss: 3.2746, Train MAPE: 0.0780, Train RMSE: 5.5481
Iter: 350, Train Loss: 3.1248, Train MAPE: 0.0649, Train RMSE: 4.9822
Epoch: 039, Inference Time: 4.5716 secs
Epoch: 039, Train Loss: 3.1758, Train MAPE: 0.0684, Train RMSE: 5.0766, Valid Loss: 3.0237, Valid MAPE: 0.0878, Valid RMSE: 6.0213, Training Time: 112.8559/epoch
Iter: 000, Train Loss: 3.3655, Train MAPE: 0.0737, Train RMSE: 5.4220
Iter: 050, Train Loss: 2.9346, Train MAPE: 0.0587, Train RMSE: 4.4823
Iter: 100, Train Loss: 3.2361, Train MAPE: 0.0692, Train RMSE: 5.1179
Iter: 150, Train Loss: 3.3386, Train MAPE: 0.0745, Train RMSE: 5.3568
Iter: 200, Train Loss: 3.1479, Train MAPE: 0.0639, Train RMSE: 4.8603
Iter: 250, Train Loss: 3.3818, Train MAPE: 0.0797, Train RMSE: 5.4010
Iter: 300, Train Loss: 3.0681, Train MAPE: 0.0633, Train RMSE: 4.8572
Iter: 350, Train Loss: 3.1736, Train MAPE: 0.0673, Train RMSE: 5.0914
Epoch: 040, Inference Time: 4.5705 secs
Epoch: 040, Train Loss: 3.1594, Train MAPE: 0.0677, Train RMSE: 5.0316, Valid Loss: 3.0272, Valid MAPE: 0.0862, Valid RMSE: 6.0573, Training Time: 112.8457/epoch
Early Termination!
Average Training Time: 113.0891 secs/epoch
Average Inference Time: 4.5854 secs
Training finished
The valid loss on best model is 2.9069
Evaluate best model on test data for horizon 1, Test MAE: 2.4764, Test MAPE: 0.0628, Test RMSE: 4.4561
Evaluate best model on test data for horizon 2, Test MAE: 2.7215, Test MAPE: 0.0707, Test RMSE: 5.1927
Evaluate best model on test data for horizon 3, Test MAE: 2.9048, Test MAPE: 0.0771, Test RMSE: 5.7259
Evaluate best model on test data for horizon 4, Test MAE: 3.0567, Test MAPE: 0.0830, Test RMSE: 6.1732
Evaluate best model on test data for horizon 5, Test MAE: 3.1813, Test MAPE: 0.0879, Test RMSE: 6.5346
Evaluate best model on test data for horizon 6, Test MAE: 3.2856, Test MAPE: 0.0919, Test RMSE: 6.8236
Evaluate best model on test data for horizon 7, Test MAE: 3.3718, Test MAPE: 0.0951, Test RMSE: 7.0490
Evaluate best model on test data for horizon 8, Test MAE: 3.4453, Test MAPE: 0.0977, Test RMSE: 7.2323
Evaluate best model on test data for horizon 9, Test MAE: 3.5086, Test MAPE: 0.1000, Test RMSE: 7.3854
Evaluate best model on test data for horizon 10, Test MAE: 3.5622, Test MAPE: 0.1019, Test RMSE: 7.5079
Evaluate best model on test data for horizon 11, Test MAE: 3.6093, Test MAPE: 0.1038, Test RMSE: 7.6123
Evaluate best model on test data for horizon 12, Test MAE: 3.6571, Test MAPE: 0.1058, Test RMSE: 7.7105
On average over 12 horizons, Test MAE: 3.2317, Test MAPE: 0.0898, Test RMSE: 6.6169
Total time spent: 4742.5133
