Start Deterministic Training with seed 99
Namespace(device='cuda:0', data='/home/p_tf_zy/p_tf_01/TESTAM-main/data/METR-LA', adjdata='/home/p_tf_zy/p_tf_01/TESTAM-main/data/METR-LA/adj_mx.pkl', adjtype='doubletransition', out_dim=1, nhid=32, in_dim=2, num_nodes=207, batch_size=64, dropout=0.3, epochs=100, print_every=50, seed=99, save='/home/p_tf_zy/p_tf_01/TESTAM-main/experiment/METR-LA_TESTAM', expid=1, load_path=None, patience=15, lr_mul=1, n_warmup_steps=4000, quantile=0.7, is_quantile=False, warmup_epoch=0)
正在加载邻接矩阵文件: /home/p_tf_zy/p_tf_01/TESTAM-main/data/METR-LA/adj_mx.pkl
文件加载成功，数据内容: [['773869', '767541', '767542', '717447', '717446', '717445', '773062', '767620', '737529', '717816', '765604', '767471', '716339', '773906', '765273', '716331', '771667', '716337', '769953', '769402', '769403', '769819', '769405', '716941', '717578', '716960', '717804', '767572', '767573', '773012', '773013', '764424', '769388', '716328', '717819', '769941', '760987', '718204', '718045', '769418', '768066', '772140', '773927', '760024', '774012', '774011', '767609', '769359', '760650', '716956', '769831', '761604', '717495', '716554', '773953', '767470', '716955', '764949', '773954', '767366', '769444', '773939', '774067', '769443', '767750', '767751', '767610', '773880', '764766', '717497', '717490', '717491', '717492', '717493', '765176', '717498', '717499', '765171', '718064', '718066', '765164', '769431', '769430', '717610', '767053', '767621', '772596', '772597', '767350', '767351', '716571', '773023', '767585', '773024', '717483', '718379', '717481', '717480', '717486', '764120', '772151', '718371', '717489', '717488', '717818', '718076', '718072', '767455', '767454', '761599', '717099', '773916', '716968', '769467', '717576', '717573', '717572', '717571', '717570', '764760', '718089', '769847', '717608', '767523', '716942', '718090', '769867', '717472', '717473', '759591', '764781', '765099', '762329', '716953', '716951', '767509', '765182', '769358', '772513', '716958', '718496', '769346', '773904', '718499', '764853', '761003', '717502', '759602', '717504', '763995', '717508', '765265', '773996', '773995', '717469', '717468', '764106', '717465', '764794', '717466', '717461', '717460', '717463', '717462', '769345', '716943', '772669', '717582', '717583', '717580', '716949', '717587', '772178', '717585', '716939', '768469', '764101', '767554', '773975', '773974', '717510', '717513', '717825', '767495', '767494', '717821', '717823', '717458', '717459', '769926', '764858', '717450', '717452', '717453', '759772', '717456', '771673', '772167', '769372', '774204', '769806', '717590', '717592', '717595', '772168', '718141', '769373'], {'717099': 110, '773869': 0, '767541': 1, '767542': 2, '717447': 3, '717446': 4, '717445': 5, '773062': 6, '767053': 84, '737529': 8, '717816': 9, '765604': 10, '767471': 11, '716339': 12, '772596': 86, '765273': 14, '716331': 15, '771667': 16, '716337': 17, '769953': 18, '769402': 19, '769403': 20, '769819': 21, '769405': 22, '769345': 164, '716960': 25, '717804': 26, '767572': 27, '767573': 28, '773012': 29, '773013': 30, '764424': 31, '764101': 176, '769388': 32, '716328': 33, '717819': 34, '769941': 35, '760987': 36, '718204': 37, '718045': 38, '769418': 39, '768066': 40, '772140': 41, '773927': 42, '769867': 126, '772513': 138, '774012': 44, '774011': 45, '767609': 46, '760650': 48, '765099': 131, '769831': 50, '772669': 166, '767585': 92, '716554': 53, '773953': 54, '767470': 55, '762329': 132, '764949': 57, '773954': 58, '767366': 59, '769444': 60, '773939': 61, '774067': 62, '769443': 63, '767750': 64, '767751': 65, '767610': 66, '773880': 67, '764766': 68, '717497': 69, '717490': 70, '717491': 71, '717492': 72, '717493': 73, '765176': 74, '717498': 75, '717499': 76, '765171': 77, '718064': 78, '718066': 79, '718371': 101, '769431': 81, '769430': 82, '717489': 102, '767620': 7, '767621': 85, '773906': 13, '772597': 87, '767350': 88, '767351': 89, '716571': 90, '773023': 91, '761604': 51, '773024': 93, '717483': 94, '718379': 95, '717481': 96, '717480': 97, '717486': 98, '764120': 99, '772151': 100, '765164': 80, '717610': 83, '717488': 103, '769806': 200, '717818': 104, '718076': 105, '718072': 106, '767455': 107, '767454': 108, '769847': 121, '761599': 109, '717495': 52, '773916': 111, '716968': 112, '769467': 113, '717576': 114, '717573': 115, '717572': 116, '717571': 117, '717570': 118, '764760': 119, '718089': 120, '717578': 24, '717608': 122, '759602': 147, '760024': 43, '717472': 127, '717473': 128, '759591': 129, '764781': 130, '716956': 49, '716955': 56, '716953': 133, '716951': 134, '767509': 135, '769358': 137, '769359': 47, '716958': 139, '718496': 140, '769346': 141, '773904': 142, '718499': 143, '764853': 144, '761003': 145, '717502': 146, '718090': 125, '717504': 148, '763995': 149, '717508': 150, '771673': 196, '773996': 152, '773995': 153, '717469': 154, '717468': 155, '764106': 156, '717465': 157, '764794': 158, '717466': 159, '717461': 160, '717460': 161, '717463': 162, '717462': 163, '716941': 23, '716943': 165, '716942': 124, '717582': 167, '717583': 168, '717580': 169, '716949': 170, '717587': 171, '772178': 172, '717585': 173, '716939': 174, '768469': 175, '765182': 136, '767554': 177, '773975': 178, '773974': 179, '717510': 180, '717513': 181, '717825': 182, '767495': 183, '767494': 184, '717821': 185, '717823': 186, '717458': 187, '717459': 188, '769926': 189, '764858': 190, '717450': 191, '717452': 192, '717453': 193, '759772': 194, '717456': 195, '765265': 151, '772167': 197, '718141': 205, '774204': 199, '767523': 123, '717590': 201, '717592': 202, '717595': 203, '772168': 204, '769372': 198, '769373': 206}, array([[1.       , 0.       , 0.       , ..., 0.       , 0.       ,
        0.       ],
       [0.       , 1.       , 0.3909554, ..., 0.       , 0.       ,
        0.       ],
       [0.       , 0.7174379, 1.       , ..., 0.       , 0.       ,
        0.       ],
       ...,
       [0.       , 0.       , 0.       , ..., 1.       , 0.       ,
        0.       ],
       [0.       , 0.       , 0.       , ..., 0.       , 1.       ,
        0.       ],
       [0.       , 0.       , 0.       , ..., 0.       , 0.       ,
        1.       ]], dtype=float32)]
邻接矩阵加载成功。
初始化的邻接矩阵(前5行5列):
 tensor([[1.0000, 0.0000, 0.0000, 0.0000, 0.0000],
        [0.0000, 1.0000, 0.3910, 0.0000, 0.0000],
        [0.0000, 0.7174, 1.0000, 0.0000, 0.0000],
        [0.0000, 0.0000, 0.0000, 1.0000, 0.6337],
        [0.0000, 0.0000, 0.0000, 0.6265, 1.0000]], device='cuda:0')
Train the model with 278365 parameters
start training...
Iter: 000, Train Loss: 16.1785, Train MAPE: 0.3560, Train RMSE: 19.1162
Iter: 050, Train Loss: 11.7752, Train MAPE: 0.3138, Train RMSE: 15.3441
Iter: 100, Train Loss: 8.7234, Train MAPE: 0.2289, Train RMSE: 11.3979
Iter: 150, Train Loss: 6.7920, Train MAPE: 0.1715, Train RMSE: 9.5277
Iter: 200, Train Loss: 5.4243, Train MAPE: 0.1296, Train RMSE: 8.3727
Iter: 250, Train Loss: 5.9050, Train MAPE: 0.1739, Train RMSE: 9.7839
Iter: 300, Train Loss: 5.3170, Train MAPE: 0.1545, Train RMSE: 9.1316
Iter: 350, Train Loss: 4.4707, Train MAPE: 0.1235, Train RMSE: 8.0974
Epoch: 001, Inference Time: 5.9238 secs
Epoch: 001, Train Loss: 7.5214, Train MAPE: 0.1916, Train RMSE: 10.7920, Valid Loss: 4.1033, Valid MAPE: 0.1293, Valid RMSE: 7.8007, Training Time: 149.1876/epoch
Iter: 000, Train Loss: 4.9858, Train MAPE: 0.1436, Train RMSE: 8.8968
Iter: 050, Train Loss: 5.1405, Train MAPE: 0.1422, Train RMSE: 8.8567
Iter: 100, Train Loss: 4.8926, Train MAPE: 0.1372, Train RMSE: 8.7096
Iter: 150, Train Loss: 4.7016, Train MAPE: 0.1176, Train RMSE: 8.1291
Iter: 200, Train Loss: 4.6936, Train MAPE: 0.1355, Train RMSE: 8.3980
Iter: 250, Train Loss: 4.6313, Train MAPE: 0.1291, Train RMSE: 8.4306
Iter: 300, Train Loss: 4.8502, Train MAPE: 0.1433, Train RMSE: 8.9276
Iter: 350, Train Loss: 4.8383, Train MAPE: 0.1415, Train RMSE: 8.9531
Epoch: 002, Inference Time: 5.9303 secs
Epoch: 002, Train Loss: 4.7788, Train MAPE: 0.1356, Train RMSE: 8.7162, Valid Loss: 4.0555, Valid MAPE: 0.1256, Valid RMSE: 7.6748, Training Time: 144.8199/epoch
Iter: 000, Train Loss: 4.8545, Train MAPE: 0.1377, Train RMSE: 8.9232
Iter: 050, Train Loss: 4.8190, Train MAPE: 0.1366, Train RMSE: 8.8454
Iter: 100, Train Loss: 4.1214, Train MAPE: 0.1106, Train RMSE: 7.4684
Iter: 150, Train Loss: 4.6337, Train MAPE: 0.1208, Train RMSE: 8.7706
Iter: 200, Train Loss: 4.7984, Train MAPE: 0.1456, Train RMSE: 8.9349
Iter: 250, Train Loss: 4.4599, Train MAPE: 0.1232, Train RMSE: 8.4032
Iter: 300, Train Loss: 4.7870, Train MAPE: 0.1461, Train RMSE: 9.1063
Iter: 350, Train Loss: 4.4261, Train MAPE: 0.1348, Train RMSE: 8.4240
Epoch: 003, Inference Time: 5.9295 secs
Epoch: 003, Train Loss: 4.5877, Train MAPE: 0.1299, Train RMSE: 8.4752, Valid Loss: 3.9390, Valid MAPE: 0.1241, Valid RMSE: 7.4182, Training Time: 144.9155/epoch
Iter: 000, Train Loss: 4.5508, Train MAPE: 0.1329, Train RMSE: 8.5233
Iter: 050, Train Loss: 4.8583, Train MAPE: 0.1392, Train RMSE: 9.0560
Iter: 100, Train Loss: 4.5024, Train MAPE: 0.1273, Train RMSE: 8.3874
Iter: 150, Train Loss: 4.4218, Train MAPE: 0.1262, Train RMSE: 8.2228
Iter: 200, Train Loss: 4.1424, Train MAPE: 0.1072, Train RMSE: 7.6398
Iter: 250, Train Loss: 4.0819, Train MAPE: 0.1097, Train RMSE: 7.5489
Iter: 300, Train Loss: 4.3378, Train MAPE: 0.1135, Train RMSE: 7.9911
Iter: 350, Train Loss: 4.2073, Train MAPE: 0.1021, Train RMSE: 7.3492
Epoch: 004, Inference Time: 5.9300 secs
Epoch: 004, Train Loss: 4.4798, Train MAPE: 0.1228, Train RMSE: 8.1829, Valid Loss: 3.5558, Valid MAPE: 0.1070, Valid RMSE: 6.9140, Training Time: 144.8363/epoch
Iter: 000, Train Loss: 4.6163, Train MAPE: 0.1196, Train RMSE: 7.9555
Iter: 050, Train Loss: 4.7019, Train MAPE: 0.1279, Train RMSE: 8.0291
Iter: 100, Train Loss: 4.9290, Train MAPE: 0.1379, Train RMSE: 9.1428
Iter: 150, Train Loss: 4.1944, Train MAPE: 0.1083, Train RMSE: 7.4937
Iter: 200, Train Loss: 4.2734, Train MAPE: 0.1050, Train RMSE: 7.5044
Iter: 250, Train Loss: 4.0191, Train MAPE: 0.0924, Train RMSE: 6.7833
Iter: 300, Train Loss: 3.9897, Train MAPE: 0.0983, Train RMSE: 6.8048
Iter: 350, Train Loss: 4.0568, Train MAPE: 0.0941, Train RMSE: 7.0676
Epoch: 005, Inference Time: 5.9317 secs
Epoch: 005, Train Loss: 4.2792, Train MAPE: 0.1085, Train RMSE: 7.5076, Valid Loss: 3.3783, Valid MAPE: 0.0943, Valid RMSE: 6.5581, Training Time: 144.9132/epoch
Iter: 000, Train Loss: 4.2609, Train MAPE: 0.1046, Train RMSE: 7.6596
Iter: 050, Train Loss: 4.1019, Train MAPE: 0.0966, Train RMSE: 7.1040
Iter: 100, Train Loss: 3.9964, Train MAPE: 0.0906, Train RMSE: 6.7883
Iter: 150, Train Loss: 4.5095, Train MAPE: 0.1161, Train RMSE: 7.2523
Iter: 200, Train Loss: 4.4781, Train MAPE: 0.1184, Train RMSE: 7.7620
Iter: 250, Train Loss: 3.8780, Train MAPE: 0.0947, Train RMSE: 6.9308
Iter: 300, Train Loss: 4.1720, Train MAPE: 0.0998, Train RMSE: 6.9500
Iter: 350, Train Loss: 3.7370, Train MAPE: 0.0888, Train RMSE: 6.5514
Epoch: 006, Inference Time: 5.9307 secs
Epoch: 006, Train Loss: 4.1327, Train MAPE: 0.1022, Train RMSE: 7.1850, Valid Loss: 3.2411, Valid MAPE: 0.0964, Valid RMSE: 6.2745, Training Time: 144.9444/epoch
Iter: 000, Train Loss: 4.0742, Train MAPE: 0.0948, Train RMSE: 6.8536
Iter: 050, Train Loss: 3.7535, Train MAPE: 0.0891, Train RMSE: 6.6568
Iter: 100, Train Loss: 3.7951, Train MAPE: 0.0894, Train RMSE: 6.6748
Iter: 150, Train Loss: 4.2067, Train MAPE: 0.1034, Train RMSE: 7.2876
Iter: 200, Train Loss: 3.7281, Train MAPE: 0.0903, Train RMSE: 6.3766
Iter: 250, Train Loss: 4.0707, Train MAPE: 0.1048, Train RMSE: 7.2599
Iter: 300, Train Loss: 4.1531, Train MAPE: 0.1075, Train RMSE: 7.0080
Iter: 350, Train Loss: 3.8707, Train MAPE: 0.0928, Train RMSE: 6.8693
Epoch: 007, Inference Time: 5.9309 secs
Epoch: 007, Train Loss: 4.0458, Train MAPE: 0.1000, Train RMSE: 7.0773, Valid Loss: 3.2515, Valid MAPE: 0.0905, Valid RMSE: 6.2843, Training Time: 144.9308/epoch
Iter: 000, Train Loss: 4.1938, Train MAPE: 0.1079, Train RMSE: 7.5611
Iter: 050, Train Loss: 3.7119, Train MAPE: 0.0842, Train RMSE: 6.2006
Iter: 100, Train Loss: 4.0473, Train MAPE: 0.0972, Train RMSE: 7.2312
Iter: 150, Train Loss: 3.7932, Train MAPE: 0.0910, Train RMSE: 6.6135
Iter: 200, Train Loss: 4.2474, Train MAPE: 0.1144, Train RMSE: 7.8734
Iter: 250, Train Loss: 3.8738, Train MAPE: 0.0910, Train RMSE: 6.6961
Iter: 300, Train Loss: 3.6464, Train MAPE: 0.0928, Train RMSE: 6.5038
Iter: 350, Train Loss: 3.8180, Train MAPE: 0.0929, Train RMSE: 6.6989
Epoch: 008, Inference Time: 5.9308 secs
Epoch: 008, Train Loss: 3.9614, Train MAPE: 0.0977, Train RMSE: 6.9507, Valid Loss: 3.1441, Valid MAPE: 0.0902, Valid RMSE: 6.0310, Training Time: 144.9436/epoch
Iter: 000, Train Loss: 3.9204, Train MAPE: 0.0982, Train RMSE: 7.0729
Iter: 050, Train Loss: 3.8421, Train MAPE: 0.0905, Train RMSE: 6.7325
Iter: 100, Train Loss: 3.8939, Train MAPE: 0.0930, Train RMSE: 6.6591
Iter: 150, Train Loss: 3.9711, Train MAPE: 0.1017, Train RMSE: 6.8849
Iter: 200, Train Loss: 3.6382, Train MAPE: 0.0919, Train RMSE: 6.6301
Iter: 250, Train Loss: 4.0624, Train MAPE: 0.0965, Train RMSE: 6.9471
Iter: 300, Train Loss: 3.7036, Train MAPE: 0.0865, Train RMSE: 6.4956
Iter: 350, Train Loss: 3.9289, Train MAPE: 0.1088, Train RMSE: 7.2790
Epoch: 009, Inference Time: 5.9313 secs
Epoch: 009, Train Loss: 3.8759, Train MAPE: 0.0949, Train RMSE: 6.7942, Valid Loss: 3.1506, Valid MAPE: 0.0914, Valid RMSE: 6.0180, Training Time: 144.9285/epoch
Iter: 000, Train Loss: 3.5760, Train MAPE: 0.0838, Train RMSE: 6.5943
Iter: 050, Train Loss: 3.9114, Train MAPE: 0.0872, Train RMSE: 6.6050
Iter: 100, Train Loss: 3.8120, Train MAPE: 0.0932, Train RMSE: 6.8122
Iter: 150, Train Loss: 3.7896, Train MAPE: 0.0978, Train RMSE: 6.8052
Iter: 200, Train Loss: 3.8433, Train MAPE: 0.0926, Train RMSE: 6.9576
Iter: 250, Train Loss: 3.5345, Train MAPE: 0.0865, Train RMSE: 6.2379
Iter: 300, Train Loss: 4.0924, Train MAPE: 0.1079, Train RMSE: 7.1910
Iter: 350, Train Loss: 3.7547, Train MAPE: 0.0895, Train RMSE: 7.0194
Epoch: 010, Inference Time: 5.9516 secs
Epoch: 010, Train Loss: 3.8364, Train MAPE: 0.0940, Train RMSE: 6.7533, Valid Loss: 3.0926, Valid MAPE: 0.0894, Valid RMSE: 5.9754, Training Time: 144.9581/epoch
Iter: 000, Train Loss: 3.6818, Train MAPE: 0.0928, Train RMSE: 6.6303
Iter: 050, Train Loss: 3.7554, Train MAPE: 0.0939, Train RMSE: 6.6941
Iter: 100, Train Loss: 3.9537, Train MAPE: 0.0997, Train RMSE: 6.9059
Iter: 150, Train Loss: 3.6912, Train MAPE: 0.0835, Train RMSE: 6.4506
Iter: 200, Train Loss: 4.1816, Train MAPE: 0.1132, Train RMSE: 7.3718
Iter: 250, Train Loss: 4.0026, Train MAPE: 0.1021, Train RMSE: 7.0124
Iter: 300, Train Loss: 3.6683, Train MAPE: 0.0846, Train RMSE: 6.3584
Iter: 350, Train Loss: 3.7548, Train MAPE: 0.0877, Train RMSE: 6.6479
Epoch: 011, Inference Time: 5.9320 secs
Epoch: 011, Train Loss: 3.8663, Train MAPE: 0.0955, Train RMSE: 6.8292, Valid Loss: 3.1517, Valid MAPE: 0.0891, Valid RMSE: 6.0487, Training Time: 144.9626/epoch
Iter: 000, Train Loss: 3.9489, Train MAPE: 0.0964, Train RMSE: 6.7993
Iter: 050, Train Loss: 3.9891, Train MAPE: 0.1010, Train RMSE: 7.0136
Iter: 100, Train Loss: 3.8578, Train MAPE: 0.0929, Train RMSE: 6.7320
Iter: 150, Train Loss: 3.6577, Train MAPE: 0.0875, Train RMSE: 6.3750
Iter: 200, Train Loss: 3.7517, Train MAPE: 0.0894, Train RMSE: 6.2749
Iter: 250, Train Loss: 4.1620, Train MAPE: 0.1090, Train RMSE: 7.5788
Iter: 300, Train Loss: 3.6727, Train MAPE: 0.0973, Train RMSE: 6.3908
Iter: 350, Train Loss: 3.8353, Train MAPE: 0.0919, Train RMSE: 6.6423
Epoch: 012, Inference Time: 5.9301 secs
Epoch: 012, Train Loss: 3.8727, Train MAPE: 0.0950, Train RMSE: 6.8177, Valid Loss: 3.1015, Valid MAPE: 0.0870, Valid RMSE: 5.9356, Training Time: 144.9494/epoch
Iter: 000, Train Loss: 3.7441, Train MAPE: 0.0981, Train RMSE: 6.7942
Iter: 050, Train Loss: 3.7835, Train MAPE: 0.1050, Train RMSE: 6.8760
Iter: 100, Train Loss: 3.6077, Train MAPE: 0.0819, Train RMSE: 6.2786
Iter: 150, Train Loss: 3.7346, Train MAPE: 0.0904, Train RMSE: 6.5835
Iter: 200, Train Loss: 3.6208, Train MAPE: 0.0907, Train RMSE: 6.3775
Iter: 250, Train Loss: 3.3746, Train MAPE: 0.0767, Train RMSE: 5.9953
Iter: 300, Train Loss: 3.7760, Train MAPE: 0.0907, Train RMSE: 6.4947
Iter: 350, Train Loss: 3.7396, Train MAPE: 0.0930, Train RMSE: 6.6090
Epoch: 013, Inference Time: 5.9300 secs
Epoch: 013, Train Loss: 3.7763, Train MAPE: 0.0924, Train RMSE: 6.6832, Valid Loss: 3.0485, Valid MAPE: 0.0859, Valid RMSE: 5.8545, Training Time: 144.9218/epoch
Iter: 000, Train Loss: 3.5249, Train MAPE: 0.0757, Train RMSE: 5.8536
Iter: 050, Train Loss: 3.3545, Train MAPE: 0.0777, Train RMSE: 6.1208
Iter: 100, Train Loss: 3.5713, Train MAPE: 0.0750, Train RMSE: 6.1649
Iter: 150, Train Loss: 3.8975, Train MAPE: 0.0963, Train RMSE: 6.9256
Iter: 200, Train Loss: 3.7809, Train MAPE: 0.0930, Train RMSE: 6.9660
Iter: 250, Train Loss: 3.8969, Train MAPE: 0.0959, Train RMSE: 7.1337
Iter: 300, Train Loss: 3.8407, Train MAPE: 0.0929, Train RMSE: 6.5976
Iter: 350, Train Loss: 3.5901, Train MAPE: 0.0819, Train RMSE: 6.2176
Epoch: 014, Inference Time: 5.9278 secs
Epoch: 014, Train Loss: 3.7405, Train MAPE: 0.0917, Train RMSE: 6.6490, Valid Loss: 3.1233, Valid MAPE: 0.0881, Valid RMSE: 5.9464, Training Time: 144.9313/epoch
Iter: 000, Train Loss: 3.4309, Train MAPE: 0.0772, Train RMSE: 5.9577
Iter: 050, Train Loss: 3.9044, Train MAPE: 0.0934, Train RMSE: 6.7376
Iter: 100, Train Loss: 4.1865, Train MAPE: 0.1074, Train RMSE: 7.3428
Iter: 150, Train Loss: 3.5973, Train MAPE: 0.0897, Train RMSE: 6.3517
Iter: 200, Train Loss: 3.8122, Train MAPE: 0.0966, Train RMSE: 6.9265
Iter: 250, Train Loss: 3.6340, Train MAPE: 0.0829, Train RMSE: 6.4345
Iter: 300, Train Loss: 3.7014, Train MAPE: 0.0945, Train RMSE: 6.6307
Iter: 350, Train Loss: 3.5806, Train MAPE: 0.0870, Train RMSE: 5.9293
Epoch: 015, Inference Time: 5.9280 secs
Epoch: 015, Train Loss: 3.6962, Train MAPE: 0.0901, Train RMSE: 6.5701, Valid Loss: 3.0344, Valid MAPE: 0.0850, Valid RMSE: 5.8520, Training Time: 144.9322/epoch
Iter: 000, Train Loss: 3.9745, Train MAPE: 0.0972, Train RMSE: 6.8747
Iter: 050, Train Loss: 3.7075, Train MAPE: 0.0875, Train RMSE: 6.4738
Iter: 100, Train Loss: 3.5754, Train MAPE: 0.0819, Train RMSE: 6.3407
Iter: 150, Train Loss: 3.7341, Train MAPE: 0.0851, Train RMSE: 6.5598
Iter: 200, Train Loss: 3.9748, Train MAPE: 0.0952, Train RMSE: 6.9518
Iter: 250, Train Loss: 3.8059, Train MAPE: 0.0960, Train RMSE: 6.6629
Iter: 300, Train Loss: 3.8678, Train MAPE: 0.0938, Train RMSE: 6.7104
Iter: 350, Train Loss: 3.5391, Train MAPE: 0.0796, Train RMSE: 6.3968
Epoch: 016, Inference Time: 5.9303 secs
Epoch: 016, Train Loss: 3.6515, Train MAPE: 0.0881, Train RMSE: 6.4605, Valid Loss: 3.0085, Valid MAPE: 0.0838, Valid RMSE: 5.7420, Training Time: 144.9452/epoch
Iter: 000, Train Loss: 3.7887, Train MAPE: 0.0933, Train RMSE: 6.4989
Iter: 050, Train Loss: 3.6413, Train MAPE: 0.0884, Train RMSE: 6.3267
Iter: 100, Train Loss: 3.6076, Train MAPE: 0.0894, Train RMSE: 6.6684
Iter: 150, Train Loss: 3.6953, Train MAPE: 0.0839, Train RMSE: 6.2392
Iter: 200, Train Loss: 3.6703, Train MAPE: 0.0876, Train RMSE: 6.4033
Iter: 250, Train Loss: 4.0334, Train MAPE: 0.1050, Train RMSE: 6.9814
Iter: 300, Train Loss: 3.6367, Train MAPE: 0.0832, Train RMSE: 6.3589
Iter: 350, Train Loss: 3.7535, Train MAPE: 0.0934, Train RMSE: 6.7267
Epoch: 017, Inference Time: 5.9308 secs
Epoch: 017, Train Loss: 3.6201, Train MAPE: 0.0868, Train RMSE: 6.3927, Valid Loss: 2.9514, Valid MAPE: 0.0840, Valid RMSE: 5.6847, Training Time: 144.9182/epoch
Iter: 000, Train Loss: 3.8321, Train MAPE: 0.0967, Train RMSE: 6.6842
Iter: 050, Train Loss: 3.6692, Train MAPE: 0.0903, Train RMSE: 6.4305
Iter: 100, Train Loss: 3.3349, Train MAPE: 0.0742, Train RMSE: 6.0061
Iter: 150, Train Loss: 3.4201, Train MAPE: 0.0769, Train RMSE: 5.9814
Iter: 200, Train Loss: 3.6879, Train MAPE: 0.0907, Train RMSE: 6.7627
Iter: 250, Train Loss: 3.2254, Train MAPE: 0.0702, Train RMSE: 5.8394
Iter: 300, Train Loss: 3.4349, Train MAPE: 0.0802, Train RMSE: 6.0905
Iter: 350, Train Loss: 3.7739, Train MAPE: 0.0913, Train RMSE: 6.6170
Epoch: 018, Inference Time: 5.9298 secs
Epoch: 018, Train Loss: 3.5936, Train MAPE: 0.0860, Train RMSE: 6.3438, Valid Loss: 3.0048, Valid MAPE: 0.0831, Valid RMSE: 5.7576, Training Time: 144.9400/epoch
Iter: 000, Train Loss: 3.5080, Train MAPE: 0.0804, Train RMSE: 6.2006
Iter: 050, Train Loss: 3.9806, Train MAPE: 0.0996, Train RMSE: 6.9134
Iter: 100, Train Loss: 3.5926, Train MAPE: 0.0869, Train RMSE: 6.1466
Iter: 150, Train Loss: 3.6148, Train MAPE: 0.0892, Train RMSE: 6.5020
Iter: 200, Train Loss: 3.4582, Train MAPE: 0.0777, Train RMSE: 6.0137
Iter: 250, Train Loss: 3.7535, Train MAPE: 0.0865, Train RMSE: 6.4549
Iter: 300, Train Loss: 3.4767, Train MAPE: 0.0835, Train RMSE: 6.2029
Iter: 350, Train Loss: 3.5843, Train MAPE: 0.0878, Train RMSE: 6.5270
Epoch: 019, Inference Time: 5.9317 secs
Epoch: 019, Train Loss: 3.5693, Train MAPE: 0.0850, Train RMSE: 6.2907, Valid Loss: 2.9354, Valid MAPE: 0.0829, Valid RMSE: 5.6592, Training Time: 144.9292/epoch
Iter: 000, Train Loss: 3.6251, Train MAPE: 0.0831, Train RMSE: 6.1656
Iter: 050, Train Loss: 3.8285, Train MAPE: 0.0969, Train RMSE: 6.9608
Iter: 100, Train Loss: 3.4233, Train MAPE: 0.0761, Train RMSE: 6.0031
Iter: 150, Train Loss: 3.4056, Train MAPE: 0.0779, Train RMSE: 5.8793
Iter: 200, Train Loss: 3.8160, Train MAPE: 0.0937, Train RMSE: 6.7573
Iter: 250, Train Loss: 3.4984, Train MAPE: 0.0886, Train RMSE: 6.4119
Iter: 300, Train Loss: 3.6686, Train MAPE: 0.0885, Train RMSE: 6.5951
Iter: 350, Train Loss: 3.4241, Train MAPE: 0.0801, Train RMSE: 6.1007
Epoch: 020, Inference Time: 5.9302 secs
Epoch: 020, Train Loss: 3.5504, Train MAPE: 0.0843, Train RMSE: 6.2491, Valid Loss: 2.9499, Valid MAPE: 0.0828, Valid RMSE: 5.6777, Training Time: 144.8794/epoch
Iter: 000, Train Loss: 3.5791, Train MAPE: 0.0792, Train RMSE: 6.0908
Iter: 050, Train Loss: 3.8012, Train MAPE: 0.1012, Train RMSE: 6.8011
Iter: 100, Train Loss: 3.1700, Train MAPE: 0.0712, Train RMSE: 5.5818
Iter: 150, Train Loss: 3.7971, Train MAPE: 0.0932, Train RMSE: 6.7383
Iter: 200, Train Loss: 3.8664, Train MAPE: 0.0947, Train RMSE: 6.6216
Iter: 250, Train Loss: 3.5634, Train MAPE: 0.0877, Train RMSE: 6.2089
Iter: 300, Train Loss: 3.5263, Train MAPE: 0.0783, Train RMSE: 6.1167
Iter: 350, Train Loss: 3.5438, Train MAPE: 0.0836, Train RMSE: 6.1186
Epoch: 021, Inference Time: 5.9305 secs
Epoch: 021, Train Loss: 3.5405, Train MAPE: 0.0840, Train RMSE: 6.2298, Valid Loss: 2.9392, Valid MAPE: 0.0824, Valid RMSE: 5.6489, Training Time: 144.9278/epoch
Iter: 000, Train Loss: 3.1798, Train MAPE: 0.0703, Train RMSE: 5.4828
Iter: 050, Train Loss: 3.7393, Train MAPE: 0.0942, Train RMSE: 6.7206
Iter: 100, Train Loss: 3.5182, Train MAPE: 0.0827, Train RMSE: 6.1752
Iter: 150, Train Loss: 3.5672, Train MAPE: 0.0850, Train RMSE: 6.1506
Iter: 200, Train Loss: 3.3314, Train MAPE: 0.0769, Train RMSE: 5.9331
Iter: 250, Train Loss: 3.5827, Train MAPE: 0.0835, Train RMSE: 6.1517
Iter: 300, Train Loss: 3.4725, Train MAPE: 0.0862, Train RMSE: 6.2611
Iter: 350, Train Loss: 3.7570, Train MAPE: 0.0962, Train RMSE: 6.5415
Epoch: 022, Inference Time: 5.9311 secs
Epoch: 022, Train Loss: 3.6369, Train MAPE: 0.0878, Train RMSE: 6.4272, Valid Loss: 3.0627, Valid MAPE: 0.0898, Valid RMSE: 5.8224, Training Time: 144.9111/epoch
Iter: 000, Train Loss: 3.4939, Train MAPE: 0.0782, Train RMSE: 5.9982
Iter: 050, Train Loss: 3.6009, Train MAPE: 0.0879, Train RMSE: 6.5902
Iter: 100, Train Loss: 3.8725, Train MAPE: 0.1016, Train RMSE: 7.0002
Iter: 150, Train Loss: 3.8006, Train MAPE: 0.0985, Train RMSE: 6.8094
Iter: 200, Train Loss: 3.7331, Train MAPE: 0.0914, Train RMSE: 6.6809
Iter: 250, Train Loss: 3.6594, Train MAPE: 0.0877, Train RMSE: 6.3572
Iter: 300, Train Loss: 3.5754, Train MAPE: 0.0864, Train RMSE: 6.5848
Iter: 350, Train Loss: 3.6736, Train MAPE: 0.0947, Train RMSE: 6.6570
Epoch: 023, Inference Time: 5.9312 secs
Epoch: 023, Train Loss: 3.6520, Train MAPE: 0.0880, Train RMSE: 6.4470, Valid Loss: 3.0135, Valid MAPE: 0.0848, Valid RMSE: 5.7580, Training Time: 144.9410/epoch
Iter: 000, Train Loss: 3.4172, Train MAPE: 0.0770, Train RMSE: 6.0033
Iter: 050, Train Loss: 3.6425, Train MAPE: 0.0871, Train RMSE: 6.3763
Iter: 100, Train Loss: 3.9927, Train MAPE: 0.1094, Train RMSE: 7.3990
Iter: 150, Train Loss: 3.6372, Train MAPE: 0.0889, Train RMSE: 6.4666
Iter: 200, Train Loss: 3.9105, Train MAPE: 0.1140, Train RMSE: 7.2040
Iter: 250, Train Loss: 3.6710, Train MAPE: 0.0914, Train RMSE: 6.5367
Iter: 300, Train Loss: 3.3416, Train MAPE: 0.0754, Train RMSE: 5.7437
Iter: 350, Train Loss: 3.4614, Train MAPE: 0.0823, Train RMSE: 6.0820
Epoch: 024, Inference Time: 5.9307 secs
Epoch: 024, Train Loss: 3.6335, Train MAPE: 0.0871, Train RMSE: 6.3939, Valid Loss: 3.0328, Valid MAPE: 0.0863, Valid RMSE: 5.7785, Training Time: 144.9202/epoch
Iter: 000, Train Loss: 3.8116, Train MAPE: 0.0965, Train RMSE: 6.6196
Iter: 050, Train Loss: 3.2505, Train MAPE: 0.0734, Train RMSE: 5.7306
Iter: 100, Train Loss: 3.9021, Train MAPE: 0.0951, Train RMSE: 6.7581
Iter: 150, Train Loss: 3.7469, Train MAPE: 0.0891, Train RMSE: 6.4576
Iter: 200, Train Loss: 3.4249, Train MAPE: 0.0804, Train RMSE: 6.1207
Iter: 250, Train Loss: 3.6572, Train MAPE: 0.0883, Train RMSE: 6.3756
Iter: 300, Train Loss: 3.1155, Train MAPE: 0.0633, Train RMSE: 5.3849
Iter: 350, Train Loss: 3.4192, Train MAPE: 0.0803, Train RMSE: 5.9830
Epoch: 025, Inference Time: 5.9311 secs
Epoch: 025, Train Loss: 3.6045, Train MAPE: 0.0860, Train RMSE: 6.3272, Valid Loss: 2.9964, Valid MAPE: 0.0818, Valid RMSE: 5.7313, Training Time: 144.9163/epoch
Iter: 000, Train Loss: 3.8425, Train MAPE: 0.0981, Train RMSE: 6.7555
Iter: 050, Train Loss: 3.6360, Train MAPE: 0.0879, Train RMSE: 6.5380
Iter: 100, Train Loss: 3.4650, Train MAPE: 0.0816, Train RMSE: 6.0512
Iter: 150, Train Loss: 3.5915, Train MAPE: 0.0819, Train RMSE: 6.1556
Iter: 200, Train Loss: 3.4771, Train MAPE: 0.0823, Train RMSE: 5.9985
Iter: 250, Train Loss: 3.7310, Train MAPE: 0.0898, Train RMSE: 6.5930
Iter: 300, Train Loss: 3.6159, Train MAPE: 0.0889, Train RMSE: 6.4085
Iter: 350, Train Loss: 3.4067, Train MAPE: 0.0745, Train RMSE: 5.9690
Epoch: 026, Inference Time: 5.9317 secs
Epoch: 026, Train Loss: 3.5794, Train MAPE: 0.0850, Train RMSE: 6.2609, Valid Loss: 2.9284, Valid MAPE: 0.0831, Valid RMSE: 5.6178, Training Time: 147.6635/epoch
Iter: 000, Train Loss: 3.3571, Train MAPE: 0.0742, Train RMSE: 5.6900
Iter: 050, Train Loss: 3.1919, Train MAPE: 0.0662, Train RMSE: 5.3441
Iter: 100, Train Loss: 3.8268, Train MAPE: 0.0926, Train RMSE: 6.7107
Iter: 150, Train Loss: 3.6159, Train MAPE: 0.0874, Train RMSE: 6.2687
Iter: 200, Train Loss: 3.4773, Train MAPE: 0.0779, Train RMSE: 5.9821
Iter: 250, Train Loss: 3.4978, Train MAPE: 0.0854, Train RMSE: 6.0612
Iter: 300, Train Loss: 3.3125, Train MAPE: 0.0779, Train RMSE: 6.1007
Iter: 350, Train Loss: 3.5083, Train MAPE: 0.0811, Train RMSE: 6.1165
Epoch: 027, Inference Time: 5.9314 secs
Epoch: 027, Train Loss: 3.5528, Train MAPE: 0.0839, Train RMSE: 6.1931, Valid Loss: 2.9417, Valid MAPE: 0.0819, Valid RMSE: 5.6062, Training Time: 144.9778/epoch
Iter: 000, Train Loss: 3.7047, Train MAPE: 0.0903, Train RMSE: 6.4727
Iter: 050, Train Loss: 3.4708, Train MAPE: 0.0819, Train RMSE: 6.0358
Iter: 100, Train Loss: 3.1559, Train MAPE: 0.0648, Train RMSE: 5.2963
Iter: 150, Train Loss: 3.5494, Train MAPE: 0.0804, Train RMSE: 6.0352
Iter: 200, Train Loss: 3.5560, Train MAPE: 0.0839, Train RMSE: 6.1702
Iter: 250, Train Loss: 3.8025, Train MAPE: 0.1003, Train RMSE: 6.7194
Iter: 300, Train Loss: 3.5396, Train MAPE: 0.0815, Train RMSE: 5.9939
Iter: 350, Train Loss: 3.4381, Train MAPE: 0.0728, Train RMSE: 5.6754
Epoch: 028, Inference Time: 5.9298 secs
Epoch: 028, Train Loss: 3.5326, Train MAPE: 0.0830, Train RMSE: 6.1484, Valid Loss: 2.9270, Valid MAPE: 0.0811, Valid RMSE: 5.5814, Training Time: 144.8847/epoch
Iter: 000, Train Loss: 3.6306, Train MAPE: 0.0816, Train RMSE: 6.0750
Iter: 050, Train Loss: 3.9334, Train MAPE: 0.0995, Train RMSE: 6.9182
Iter: 100, Train Loss: 3.4370, Train MAPE: 0.0811, Train RMSE: 5.8363
Iter: 150, Train Loss: 3.4602, Train MAPE: 0.0821, Train RMSE: 6.2925
Iter: 200, Train Loss: 3.4222, Train MAPE: 0.0784, Train RMSE: 5.7913
Iter: 250, Train Loss: 3.3752, Train MAPE: 0.0730, Train RMSE: 5.7301
Iter: 300, Train Loss: 3.3893, Train MAPE: 0.0765, Train RMSE: 5.8199
Iter: 350, Train Loss: 3.4294, Train MAPE: 0.0710, Train RMSE: 5.8957
Epoch: 029, Inference Time: 5.9327 secs
Epoch: 029, Train Loss: 3.5109, Train MAPE: 0.0822, Train RMSE: 6.0945, Valid Loss: 2.9264, Valid MAPE: 0.0809, Valid RMSE: 5.5915, Training Time: 144.8943/epoch
Iter: 000, Train Loss: 3.2645, Train MAPE: 0.0734, Train RMSE: 5.8930
Iter: 050, Train Loss: 3.5474, Train MAPE: 0.0808, Train RMSE: 6.1567
Iter: 100, Train Loss: 3.4715, Train MAPE: 0.0770, Train RMSE: 5.9536
Iter: 150, Train Loss: 3.5431, Train MAPE: 0.0868, Train RMSE: 6.1545
Iter: 200, Train Loss: 3.3794, Train MAPE: 0.0758, Train RMSE: 5.8555
Iter: 250, Train Loss: 3.5125, Train MAPE: 0.0808, Train RMSE: 6.0696
Iter: 300, Train Loss: 3.4384, Train MAPE: 0.0819, Train RMSE: 6.0042
Iter: 350, Train Loss: 3.5357, Train MAPE: 0.0838, Train RMSE: 6.1361
Epoch: 030, Inference Time: 5.9318 secs
Epoch: 030, Train Loss: 3.4919, Train MAPE: 0.0815, Train RMSE: 6.0539, Valid Loss: 2.9246, Valid MAPE: 0.0803, Valid RMSE: 5.5624, Training Time: 144.9126/epoch
Iter: 000, Train Loss: 3.2166, Train MAPE: 0.0663, Train RMSE: 5.3081
Iter: 050, Train Loss: 3.5195, Train MAPE: 0.0844, Train RMSE: 6.2130
Iter: 100, Train Loss: 3.4685, Train MAPE: 0.0805, Train RMSE: 5.9914
Iter: 150, Train Loss: 3.7706, Train MAPE: 0.0851, Train RMSE: 6.1420
Iter: 200, Train Loss: 3.3258, Train MAPE: 0.0741, Train RMSE: 5.5376
Iter: 250, Train Loss: 3.6126, Train MAPE: 0.0847, Train RMSE: 6.1782
Iter: 300, Train Loss: 3.4784, Train MAPE: 0.0800, Train RMSE: 5.9413
Iter: 350, Train Loss: 3.2982, Train MAPE: 0.0738, Train RMSE: 5.7327
Epoch: 031, Inference Time: 5.9313 secs
Epoch: 031, Train Loss: 3.4783, Train MAPE: 0.0809, Train RMSE: 6.0184, Valid Loss: 2.9252, Valid MAPE: 0.0808, Valid RMSE: 5.5712, Training Time: 144.9419/epoch
Iter: 000, Train Loss: 3.7489, Train MAPE: 0.0862, Train RMSE: 6.3338
Iter: 050, Train Loss: 3.6756, Train MAPE: 0.0814, Train RMSE: 6.1004
Iter: 100, Train Loss: 3.7174, Train MAPE: 0.0901, Train RMSE: 6.2650
Iter: 150, Train Loss: 3.3042, Train MAPE: 0.0739, Train RMSE: 5.7924
Iter: 200, Train Loss: 3.3552, Train MAPE: 0.0754, Train RMSE: 5.8302
Iter: 250, Train Loss: 3.6650, Train MAPE: 0.0884, Train RMSE: 6.1797
Iter: 300, Train Loss: 3.2576, Train MAPE: 0.0696, Train RMSE: 5.5376
Iter: 350, Train Loss: 3.9156, Train MAPE: 0.1070, Train RMSE: 6.9597
Epoch: 032, Inference Time: 5.9317 secs
Epoch: 032, Train Loss: 3.4714, Train MAPE: 0.0806, Train RMSE: 5.9999, Valid Loss: 3.1630, Valid MAPE: 0.0879, Valid RMSE: 5.7756, Training Time: 144.8781/epoch
Iter: 000, Train Loss: 3.7852, Train MAPE: 0.0898, Train RMSE: 6.3864
Iter: 050, Train Loss: 3.3646, Train MAPE: 0.0746, Train RMSE: 5.8156
Iter: 100, Train Loss: 3.7521, Train MAPE: 0.0918, Train RMSE: 6.5625
Iter: 150, Train Loss: 3.5169, Train MAPE: 0.0977, Train RMSE: 6.5125
Iter: 200, Train Loss: 3.5467, Train MAPE: 0.0787, Train RMSE: 5.8394
Iter: 250, Train Loss: 3.7093, Train MAPE: 0.0893, Train RMSE: 6.3181
Iter: 300, Train Loss: 3.8425, Train MAPE: 0.0978, Train RMSE: 6.8752
Iter: 350, Train Loss: 3.5836, Train MAPE: 0.0858, Train RMSE: 6.2390
Epoch: 033, Inference Time: 5.9290 secs
Epoch: 033, Train Loss: 3.5957, Train MAPE: 0.0852, Train RMSE: 6.2611, Valid Loss: 2.9661, Valid MAPE: 0.0854, Valid RMSE: 5.6515, Training Time: 144.9482/epoch
Iter: 000, Train Loss: 3.7047, Train MAPE: 0.0887, Train RMSE: 6.3092
Iter: 050, Train Loss: 3.5629, Train MAPE: 0.0829, Train RMSE: 6.0765
Iter: 100, Train Loss: 3.5539, Train MAPE: 0.0841, Train RMSE: 6.1555
Iter: 150, Train Loss: 3.2563, Train MAPE: 0.0713, Train RMSE: 5.8509
Iter: 200, Train Loss: 3.8513, Train MAPE: 0.0900, Train RMSE: 6.6626
Iter: 250, Train Loss: 3.3237, Train MAPE: 0.0743, Train RMSE: 5.7273
Iter: 300, Train Loss: 3.5469, Train MAPE: 0.0786, Train RMSE: 6.1299
Iter: 350, Train Loss: 3.5685, Train MAPE: 0.0816, Train RMSE: 6.0012
Epoch: 034, Inference Time: 5.9295 secs
Epoch: 034, Train Loss: 3.5752, Train MAPE: 0.0842, Train RMSE: 6.2088, Valid Loss: 2.9807, Valid MAPE: 0.0824, Valid RMSE: 5.6448, Training Time: 144.9351/epoch
Iter: 000, Train Loss: 3.5759, Train MAPE: 0.0793, Train RMSE: 5.9206
Iter: 050, Train Loss: 3.5931, Train MAPE: 0.0864, Train RMSE: 6.2932
Iter: 100, Train Loss: 3.4708, Train MAPE: 0.0804, Train RMSE: 6.0185
Iter: 150, Train Loss: 3.5014, Train MAPE: 0.0793, Train RMSE: 5.9704
Iter: 200, Train Loss: 3.7065, Train MAPE: 0.0935, Train RMSE: 6.4763
Iter: 250, Train Loss: 3.7509, Train MAPE: 0.0863, Train RMSE: 6.3804
Iter: 300, Train Loss: 3.4995, Train MAPE: 0.0764, Train RMSE: 5.9528
Iter: 350, Train Loss: 3.4311, Train MAPE: 0.0779, Train RMSE: 5.9900
Epoch: 035, Inference Time: 5.9307 secs
Epoch: 035, Train Loss: 3.5617, Train MAPE: 0.0838, Train RMSE: 6.1826, Valid Loss: 2.9697, Valid MAPE: 0.0818, Valid RMSE: 5.6663, Training Time: 144.9310/epoch
Iter: 000, Train Loss: 3.5415, Train MAPE: 0.0782, Train RMSE: 6.0391
Iter: 050, Train Loss: 3.4444, Train MAPE: 0.0791, Train RMSE: 6.0799
Iter: 100, Train Loss: 3.6560, Train MAPE: 0.0915, Train RMSE: 6.5534
Iter: 150, Train Loss: 3.8712, Train MAPE: 0.0937, Train RMSE: 6.5780
Iter: 200, Train Loss: 3.6842, Train MAPE: 0.0851, Train RMSE: 6.2559
Iter: 250, Train Loss: 3.2682, Train MAPE: 0.0729, Train RMSE: 5.6992
Iter: 300, Train Loss: 3.5804, Train MAPE: 0.0820, Train RMSE: 6.3347
Iter: 350, Train Loss: 3.5917, Train MAPE: 0.0820, Train RMSE: 6.2012
Epoch: 036, Inference Time: 5.9296 secs
Epoch: 036, Train Loss: 3.5441, Train MAPE: 0.0834, Train RMSE: 6.1524, Valid Loss: 2.9980, Valid MAPE: 0.0821, Valid RMSE: 5.6561, Training Time: 144.9509/epoch
Iter: 000, Train Loss: 3.5022, Train MAPE: 0.0781, Train RMSE: 6.1013
Iter: 050, Train Loss: 3.6900, Train MAPE: 0.0870, Train RMSE: 6.5831
Iter: 100, Train Loss: 3.5237, Train MAPE: 0.0837, Train RMSE: 6.0887
Iter: 150, Train Loss: 3.6347, Train MAPE: 0.0821, Train RMSE: 6.1683
Iter: 200, Train Loss: 3.8009, Train MAPE: 0.0897, Train RMSE: 6.3993
Iter: 250, Train Loss: 3.4986, Train MAPE: 0.0786, Train RMSE: 5.8784
Iter: 300, Train Loss: 3.5028, Train MAPE: 0.0800, Train RMSE: 5.9446
Iter: 350, Train Loss: 3.4746, Train MAPE: 0.0756, Train RMSE: 6.0561
Epoch: 037, Inference Time: 5.9298 secs
Epoch: 037, Train Loss: 3.5270, Train MAPE: 0.0827, Train RMSE: 6.1139, Valid Loss: 3.0264, Valid MAPE: 0.0833, Valid RMSE: 5.6482, Training Time: 144.9382/epoch
Iter: 000, Train Loss: 3.7987, Train MAPE: 0.0922, Train RMSE: 6.7134
Iter: 050, Train Loss: 3.3746, Train MAPE: 0.0784, Train RMSE: 5.6679
Iter: 100, Train Loss: 3.3564, Train MAPE: 0.0716, Train RMSE: 5.4367
Iter: 150, Train Loss: 3.5368, Train MAPE: 0.0784, Train RMSE: 5.8163
Iter: 200, Train Loss: 3.6205, Train MAPE: 0.0838, Train RMSE: 6.0570
Iter: 250, Train Loss: 3.4997, Train MAPE: 0.0855, Train RMSE: 6.2327
Iter: 300, Train Loss: 3.3473, Train MAPE: 0.0782, Train RMSE: 5.8957
Iter: 350, Train Loss: 3.6250, Train MAPE: 0.0803, Train RMSE: 6.0651
Epoch: 038, Inference Time: 5.9263 secs
Epoch: 038, Train Loss: 3.5033, Train MAPE: 0.0816, Train RMSE: 6.0515, Valid Loss: 2.9573, Valid MAPE: 0.0810, Valid RMSE: 5.5995, Training Time: 144.9352/epoch
Iter: 000, Train Loss: 3.6802, Train MAPE: 0.0874, Train RMSE: 6.2774
Iter: 050, Train Loss: 3.3591, Train MAPE: 0.0766, Train RMSE: 5.8362
Iter: 100, Train Loss: 3.6845, Train MAPE: 0.0866, Train RMSE: 6.3794
Iter: 150, Train Loss: 3.6236, Train MAPE: 0.0891, Train RMSE: 6.2938
Iter: 200, Train Loss: 3.5044, Train MAPE: 0.0757, Train RMSE: 5.9226
Iter: 250, Train Loss: 3.5719, Train MAPE: 0.0837, Train RMSE: 6.0564
Iter: 300, Train Loss: 3.6253, Train MAPE: 0.0884, Train RMSE: 6.3267
Iter: 350, Train Loss: 3.7682, Train MAPE: 0.0914, Train RMSE: 6.3522
Epoch: 039, Inference Time: 5.9257 secs
Epoch: 039, Train Loss: 3.4840, Train MAPE: 0.0808, Train RMSE: 6.0037, Valid Loss: 2.9603, Valid MAPE: 0.0813, Valid RMSE: 5.5803, Training Time: 144.9224/epoch
Iter: 000, Train Loss: 3.3487, Train MAPE: 0.0771, Train RMSE: 5.8445
Iter: 050, Train Loss: 3.6095, Train MAPE: 0.0859, Train RMSE: 6.2636
Iter: 100, Train Loss: 3.6652, Train MAPE: 0.0852, Train RMSE: 6.1630
Iter: 150, Train Loss: 3.4986, Train MAPE: 0.0823, Train RMSE: 5.9593
Iter: 200, Train Loss: 3.7993, Train MAPE: 0.0889, Train RMSE: 6.3595
Iter: 250, Train Loss: 3.3386, Train MAPE: 0.0751, Train RMSE: 5.8113
Iter: 300, Train Loss: 3.6696, Train MAPE: 0.0886, Train RMSE: 6.5563
Iter: 350, Train Loss: 3.2142, Train MAPE: 0.0693, Train RMSE: 5.4093
Epoch: 040, Inference Time: 5.9272 secs
Epoch: 040, Train Loss: 3.4645, Train MAPE: 0.0800, Train RMSE: 5.9549, Valid Loss: 2.9488, Valid MAPE: 0.0813, Valid RMSE: 5.5729, Training Time: 144.9535/epoch
Iter: 000, Train Loss: 3.5050, Train MAPE: 0.0875, Train RMSE: 6.2143
Iter: 050, Train Loss: 3.5002, Train MAPE: 0.0796, Train RMSE: 6.0431
Iter: 100, Train Loss: 3.6843, Train MAPE: 0.0898, Train RMSE: 6.3857
Iter: 150, Train Loss: 3.4992, Train MAPE: 0.0815, Train RMSE: 6.1136
Iter: 200, Train Loss: 3.3508, Train MAPE: 0.0775, Train RMSE: 5.7074
Iter: 250, Train Loss: 3.3616, Train MAPE: 0.0701, Train RMSE: 5.6374
Iter: 300, Train Loss: 3.3493, Train MAPE: 0.0756, Train RMSE: 5.8294
Iter: 350, Train Loss: 3.2587, Train MAPE: 0.0696, Train RMSE: 5.4973
Epoch: 041, Inference Time: 5.9250 secs
Epoch: 041, Train Loss: 3.4494, Train MAPE: 0.0794, Train RMSE: 5.9149, Valid Loss: 2.9485, Valid MAPE: 0.0806, Valid RMSE: 5.5975, Training Time: 144.9211/epoch
Iter: 000, Train Loss: 3.4630, Train MAPE: 0.0789, Train RMSE: 5.9561
Iter: 050, Train Loss: 3.5739, Train MAPE: 0.0855, Train RMSE: 6.1781
Iter: 100, Train Loss: 3.3624, Train MAPE: 0.0763, Train RMSE: 5.8455
Iter: 150, Train Loss: 3.5688, Train MAPE: 0.0845, Train RMSE: 6.0359
Iter: 200, Train Loss: 3.4650, Train MAPE: 0.0769, Train RMSE: 5.8713
Iter: 250, Train Loss: 3.3989, Train MAPE: 0.0798, Train RMSE: 5.7909
Iter: 300, Train Loss: 3.5143, Train MAPE: 0.0828, Train RMSE: 6.0515
Iter: 350, Train Loss: 3.4685, Train MAPE: 0.0800, Train RMSE: 6.0308
Epoch: 042, Inference Time: 5.9238 secs
Epoch: 042, Train Loss: 3.4388, Train MAPE: 0.0789, Train RMSE: 5.8879, Valid Loss: 2.9300, Valid MAPE: 0.0813, Valid RMSE: 5.5872, Training Time: 144.9089/epoch
Iter: 000, Train Loss: 3.2812, Train MAPE: 0.0746, Train RMSE: 5.6938
Iter: 050, Train Loss: 3.4206, Train MAPE: 0.0814, Train RMSE: 6.0579
Iter: 100, Train Loss: 3.6694, Train MAPE: 0.0877, Train RMSE: 6.2969
Iter: 150, Train Loss: 3.2326, Train MAPE: 0.0674, Train RMSE: 5.2359
Iter: 200, Train Loss: 3.4573, Train MAPE: 0.0774, Train RMSE: 5.7412
Iter: 250, Train Loss: 3.5698, Train MAPE: 0.0833, Train RMSE: 6.0381
Iter: 300, Train Loss: 3.5711, Train MAPE: 0.0835, Train RMSE: 6.3310
Iter: 350, Train Loss: 3.6048, Train MAPE: 0.0816, Train RMSE: 5.8976
Epoch: 043, Inference Time: 5.9230 secs
Epoch: 043, Train Loss: 3.4779, Train MAPE: 0.0803, Train RMSE: 5.9690, Valid Loss: 2.9759, Valid MAPE: 0.0841, Valid RMSE: 5.6300, Training Time: 144.8848/epoch
Iter: 000, Train Loss: 3.3385, Train MAPE: 0.0792, Train RMSE: 5.9579
Iter: 050, Train Loss: 3.7061, Train MAPE: 0.0840, Train RMSE: 6.2974
Iter: 100, Train Loss: 3.4673, Train MAPE: 0.0756, Train RMSE: 5.8222
Iter: 150, Train Loss: 3.5402, Train MAPE: 0.0772, Train RMSE: 5.8792
Iter: 200, Train Loss: 3.3945, Train MAPE: 0.0690, Train RMSE: 5.7438
Iter: 250, Train Loss: 3.5917, Train MAPE: 0.0852, Train RMSE: 6.3250
Iter: 300, Train Loss: 3.4257, Train MAPE: 0.0730, Train RMSE: 5.8094
Iter: 350, Train Loss: 3.5913, Train MAPE: 0.0854, Train RMSE: 6.3748
Epoch: 044, Inference Time: 5.9258 secs
Epoch: 044, Train Loss: 3.5501, Train MAPE: 0.0833, Train RMSE: 6.1440, Valid Loss: 2.9861, Valid MAPE: 0.0813, Valid RMSE: 5.6429, Training Time: 144.8191/epoch
Iter: 000, Train Loss: 3.5642, Train MAPE: 0.0836, Train RMSE: 6.2355
Iter: 050, Train Loss: 3.7105, Train MAPE: 0.0845, Train RMSE: 6.1689
Iter: 100, Train Loss: 3.3075, Train MAPE: 0.0691, Train RMSE: 5.4796
Iter: 150, Train Loss: 3.7998, Train MAPE: 0.0957, Train RMSE: 6.6093
Iter: 200, Train Loss: 3.8463, Train MAPE: 0.0923, Train RMSE: 6.6142
Iter: 250, Train Loss: 3.4868, Train MAPE: 0.0796, Train RMSE: 5.9607
Iter: 300, Train Loss: 3.7050, Train MAPE: 0.0911, Train RMSE: 6.6782
Iter: 350, Train Loss: 3.4892, Train MAPE: 0.0757, Train RMSE: 5.9303
Epoch: 045, Inference Time: 5.9179 secs
Epoch: 045, Train Loss: 3.5387, Train MAPE: 0.0827, Train RMSE: 6.1082, Valid Loss: 2.9492, Valid MAPE: 0.0841, Valid RMSE: 5.5908, Training Time: 144.8665/epoch
Iter: 000, Train Loss: 3.4686, Train MAPE: 0.0790, Train RMSE: 5.7498
Iter: 050, Train Loss: 3.3100, Train MAPE: 0.0746, Train RMSE: 5.7915
Iter: 100, Train Loss: 3.6967, Train MAPE: 0.0902, Train RMSE: 6.5509
Iter: 150, Train Loss: 3.5474, Train MAPE: 0.0854, Train RMSE: 6.0243
Iter: 200, Train Loss: 3.5172, Train MAPE: 0.0920, Train RMSE: 6.1736
Iter: 250, Train Loss: 3.6209, Train MAPE: 0.0841, Train RMSE: 6.0748
Iter: 300, Train Loss: 3.4603, Train MAPE: 0.0813, Train RMSE: 5.8242
Iter: 350, Train Loss: 3.6952, Train MAPE: 0.0944, Train RMSE: 6.5319
Epoch: 046, Inference Time: 5.9251 secs
Epoch: 046, Train Loss: 3.5263, Train MAPE: 0.0823, Train RMSE: 6.0825, Valid Loss: 3.0088, Valid MAPE: 0.0817, Valid RMSE: 5.6121, Training Time: 144.8786/epoch
Early Termination!
Average Training Time: 145.0706 secs/epoch
Average Inference Time: 5.9297 secs
Training finished
The valid loss on best model is 2.9246
Evaluate best model on test data for horizon 1, Test MAE: 2.4975, Test MAPE: 0.0612, Test RMSE: 4.3652
Evaluate best model on test data for horizon 2, Test MAE: 2.7414, Test MAPE: 0.0690, Test RMSE: 5.0923
Evaluate best model on test data for horizon 3, Test MAE: 2.9139, Test MAPE: 0.0749, Test RMSE: 5.5714
Evaluate best model on test data for horizon 4, Test MAE: 3.0528, Test MAPE: 0.0800, Test RMSE: 5.9350
Evaluate best model on test data for horizon 5, Test MAE: 3.1685, Test MAPE: 0.0844, Test RMSE: 6.2272
Evaluate best model on test data for horizon 6, Test MAE: 3.2679, Test MAPE: 0.0882, Test RMSE: 6.4708
Evaluate best model on test data for horizon 7, Test MAE: 3.3538, Test MAPE: 0.0915, Test RMSE: 6.6769
Evaluate best model on test data for horizon 8, Test MAE: 3.4291, Test MAPE: 0.0943, Test RMSE: 6.8516
Evaluate best model on test data for horizon 9, Test MAE: 3.4964, Test MAPE: 0.0967, Test RMSE: 7.0028
Evaluate best model on test data for horizon 10, Test MAE: 3.5569, Test MAPE: 0.0988, Test RMSE: 7.1371
Evaluate best model on test data for horizon 11, Test MAE: 3.6124, Test MAPE: 0.1008, Test RMSE: 7.2583
Evaluate best model on test data for horizon 12, Test MAE: 3.6682, Test MAPE: 0.1026, Test RMSE: 7.3739
On average over 12 horizons, Test MAE: 3.2299, Test MAPE: 0.0869, Test RMSE: 6.3302
Total time spent: 6993.2932
