Start Deterministic Training with seed 42
Namespace(device='cuda:0', data='/home/p_tf_zy/p_tf_01/TESTAM-main/data/METR-LA', adjdata='/home/p_tf_zy/p_tf_01/TESTAM-main/data/METR-LA/adj_mx.pkl', adjtype='doubletransition', out_dim=1, nhid=32, in_dim=2, num_nodes=207, batch_size=64, dropout=0.2, epochs=100, print_every=50, seed=42, save='/home/p_tf_zy/p_tf_01/TESTAM-main/experiment/METR-LA_TESTAM', expid=1, load_path=None, patience=15, lr_mul=1, n_warmup_steps=4000, quantile=0.7, is_quantile=False, warmup_epoch=0)
Train the model with 208507 parameters
start training...
Iter: 000, Train Loss: 22.2172, Train MAPE: 0.3408, Train RMSE: 17.6926
Iter: 050, Train Loss: 11.1014, Train MAPE: 0.2540, Train RMSE: 13.1921
Iter: 100, Train Loss: 8.0745, Train MAPE: 0.1805, Train RMSE: 10.1342
Iter: 150, Train Loss: 6.7889, Train MAPE: 0.1664, Train RMSE: 10.3085
Iter: 200, Train Loss: 6.1604, Train MAPE: 0.1558, Train RMSE: 10.3711
Iter: 250, Train Loss: 5.6825, Train MAPE: 0.1593, Train RMSE: 9.1706
Iter: 300, Train Loss: 5.3377, Train MAPE: 0.1600, Train RMSE: 9.0743
Iter: 350, Train Loss: 5.4829, Train MAPE: 0.1733, Train RMSE: 9.5865
Epoch: 001, Inference Time: 4.7475 secs
Epoch: 001, Train Loss: 7.9866, Train MAPE: 0.1817, Train RMSE: 10.5282, Valid Loss: 4.2977, Valid MAPE: 0.1259, Valid RMSE: 7.9609, Training Time: 119.1472/epoch
Iter: 000, Train Loss: 4.6894, Train MAPE: 0.1194, Train RMSE: 8.4131
Iter: 050, Train Loss: 4.7753, Train MAPE: 0.1368, Train RMSE: 8.5654
Iter: 100, Train Loss: 4.7834, Train MAPE: 0.1275, Train RMSE: 8.6831
Iter: 150, Train Loss: 5.0368, Train MAPE: 0.1392, Train RMSE: 8.8120
Iter: 200, Train Loss: 4.8909, Train MAPE: 0.1402, Train RMSE: 8.9847
Iter: 250, Train Loss: 4.7290, Train MAPE: 0.1453, Train RMSE: 8.6047
Iter: 300, Train Loss: 4.7506, Train MAPE: 0.1331, Train RMSE: 8.7211
Iter: 350, Train Loss: 5.0416, Train MAPE: 0.1532, Train RMSE: 9.2365
Epoch: 002, Inference Time: 4.7250 secs
Epoch: 002, Train Loss: 4.8017, Train MAPE: 0.1368, Train RMSE: 8.7536, Valid Loss: 4.1090, Valid MAPE: 0.1255, Valid RMSE: 7.6787, Training Time: 113.2383/epoch
Iter: 000, Train Loss: 4.8462, Train MAPE: 0.1292, Train RMSE: 8.6918
Iter: 050, Train Loss: 4.6783, Train MAPE: 0.1355, Train RMSE: 8.6334
Iter: 100, Train Loss: 4.0747, Train MAPE: 0.1047, Train RMSE: 7.6571
Iter: 150, Train Loss: 4.4366, Train MAPE: 0.1206, Train RMSE: 8.1250
Iter: 200, Train Loss: 4.4030, Train MAPE: 0.1204, Train RMSE: 8.0722
Iter: 250, Train Loss: 4.2922, Train MAPE: 0.1169, Train RMSE: 7.9342
Iter: 300, Train Loss: 4.7642, Train MAPE: 0.1437, Train RMSE: 8.7055
Iter: 350, Train Loss: 4.6686, Train MAPE: 0.1330, Train RMSE: 8.5309
Epoch: 003, Inference Time: 4.7277 secs
Epoch: 003, Train Loss: 4.6073, Train MAPE: 0.1293, Train RMSE: 8.4163, Valid Loss: 3.9436, Valid MAPE: 0.1213, Valid RMSE: 7.3816, Training Time: 113.2500/epoch
Iter: 000, Train Loss: 4.8047, Train MAPE: 0.1327, Train RMSE: 8.4946
Iter: 050, Train Loss: 4.3936, Train MAPE: 0.1076, Train RMSE: 7.5373
Iter: 100, Train Loss: 4.5307, Train MAPE: 0.1167, Train RMSE: 7.8872
Iter: 150, Train Loss: 4.3046, Train MAPE: 0.1081, Train RMSE: 7.3075
Iter: 200, Train Loss: 4.3153, Train MAPE: 0.1158, Train RMSE: 7.8100
Iter: 250, Train Loss: 4.3308, Train MAPE: 0.1150, Train RMSE: 7.6271
Iter: 300, Train Loss: 4.1109, Train MAPE: 0.1014, Train RMSE: 7.3177
Iter: 350, Train Loss: 4.1044, Train MAPE: 0.1022, Train RMSE: 7.3112
Epoch: 004, Inference Time: 4.7289 secs
Epoch: 004, Train Loss: 4.4493, Train MAPE: 0.1178, Train RMSE: 7.9054, Valid Loss: 3.7864, Valid MAPE: 0.1106, Valid RMSE: 7.1490, Training Time: 113.2973/epoch
Iter: 000, Train Loss: 4.2530, Train MAPE: 0.1156, Train RMSE: 8.0002
Iter: 050, Train Loss: 4.0896, Train MAPE: 0.1045, Train RMSE: 7.1806
Iter: 100, Train Loss: 4.3471, Train MAPE: 0.1143, Train RMSE: 7.7136
Iter: 150, Train Loss: 3.8528, Train MAPE: 0.0888, Train RMSE: 6.6823
Iter: 200, Train Loss: 4.1940, Train MAPE: 0.1005, Train RMSE: 7.2266
Iter: 250, Train Loss: 4.4778, Train MAPE: 0.1142, Train RMSE: 7.6462
Iter: 300, Train Loss: 4.5070, Train MAPE: 0.1240, Train RMSE: 7.9569
Iter: 350, Train Loss: 4.3875, Train MAPE: 0.1091, Train RMSE: 7.6751
Epoch: 005, Inference Time: 4.7302 secs
Epoch: 005, Train Loss: 4.2665, Train MAPE: 0.1095, Train RMSE: 7.4896, Valid Loss: 3.6440, Valid MAPE: 0.1024, Valid RMSE: 6.7005, Training Time: 113.2422/epoch
Iter: 000, Train Loss: 4.2590, Train MAPE: 0.1089, Train RMSE: 7.2938
Iter: 050, Train Loss: 4.4352, Train MAPE: 0.1058, Train RMSE: 7.7997
Iter: 100, Train Loss: 3.8729, Train MAPE: 0.0885, Train RMSE: 6.5748
Iter: 150, Train Loss: 4.3376, Train MAPE: 0.1087, Train RMSE: 7.2206
Iter: 200, Train Loss: 4.1142, Train MAPE: 0.1043, Train RMSE: 7.0781
Iter: 250, Train Loss: 4.2382, Train MAPE: 0.1093, Train RMSE: 7.4587
Iter: 300, Train Loss: 3.8598, Train MAPE: 0.0887, Train RMSE: 6.3363
Iter: 350, Train Loss: 3.6200, Train MAPE: 0.0794, Train RMSE: 6.2633
Epoch: 006, Inference Time: 4.7265 secs
Epoch: 006, Train Loss: 4.1474, Train MAPE: 0.1024, Train RMSE: 7.1494, Valid Loss: 3.3178, Valid MAPE: 0.0960, Valid RMSE: 6.2911, Training Time: 113.2388/epoch
Iter: 000, Train Loss: 3.7207, Train MAPE: 0.0883, Train RMSE: 6.5360
Iter: 050, Train Loss: 4.6401, Train MAPE: 0.1222, Train RMSE: 7.9309
Iter: 100, Train Loss: 3.9464, Train MAPE: 0.0922, Train RMSE: 6.8415
Iter: 150, Train Loss: 3.8756, Train MAPE: 0.0914, Train RMSE: 6.5255
Iter: 200, Train Loss: 4.0199, Train MAPE: 0.0972, Train RMSE: 7.2375
Iter: 250, Train Loss: 4.0094, Train MAPE: 0.0916, Train RMSE: 6.7733
Iter: 300, Train Loss: 4.2298, Train MAPE: 0.1017, Train RMSE: 7.1124
Iter: 350, Train Loss: 4.0500, Train MAPE: 0.0961, Train RMSE: 6.9145
Epoch: 007, Inference Time: 4.7283 secs
Epoch: 007, Train Loss: 4.0440, Train MAPE: 0.0980, Train RMSE: 6.9326, Valid Loss: 3.4757, Valid MAPE: 0.0982, Valid RMSE: 6.3976, Training Time: 113.2482/epoch
Iter: 000, Train Loss: 4.0452, Train MAPE: 0.0927, Train RMSE: 6.8977
Iter: 050, Train Loss: 3.9564, Train MAPE: 0.0948, Train RMSE: 6.8829
Iter: 100, Train Loss: 3.8590, Train MAPE: 0.0865, Train RMSE: 6.4173
Iter: 150, Train Loss: 4.0541, Train MAPE: 0.1036, Train RMSE: 6.8752
Iter: 200, Train Loss: 3.7974, Train MAPE: 0.0922, Train RMSE: 6.4276
Iter: 250, Train Loss: 3.9553, Train MAPE: 0.0967, Train RMSE: 6.7849
Iter: 300, Train Loss: 3.7042, Train MAPE: 0.0827, Train RMSE: 6.4919
Iter: 350, Train Loss: 4.0499, Train MAPE: 0.1026, Train RMSE: 7.1395
Epoch: 008, Inference Time: 4.7263 secs
Epoch: 008, Train Loss: 3.9803, Train MAPE: 0.0957, Train RMSE: 6.8149, Valid Loss: 3.2260, Valid MAPE: 0.0904, Valid RMSE: 6.1044, Training Time: 113.2544/epoch
Iter: 000, Train Loss: 3.7861, Train MAPE: 0.0874, Train RMSE: 6.3152
Iter: 050, Train Loss: 4.0417, Train MAPE: 0.0901, Train RMSE: 7.0235
Iter: 100, Train Loss: 3.9526, Train MAPE: 0.0959, Train RMSE: 6.7112
Iter: 150, Train Loss: 3.7581, Train MAPE: 0.0897, Train RMSE: 6.3234
Iter: 200, Train Loss: 3.8210, Train MAPE: 0.0878, Train RMSE: 6.2156
Iter: 250, Train Loss: 4.2976, Train MAPE: 0.1078, Train RMSE: 7.3971
Iter: 300, Train Loss: 3.8311, Train MAPE: 0.0901, Train RMSE: 6.5027
Iter: 350, Train Loss: 3.5841, Train MAPE: 0.0791, Train RMSE: 5.9414
Epoch: 009, Inference Time: 4.7286 secs
Epoch: 009, Train Loss: 3.9364, Train MAPE: 0.0941, Train RMSE: 6.7430, Valid Loss: 3.3410, Valid MAPE: 0.0890, Valid RMSE: 6.1601, Training Time: 113.2527/epoch
Iter: 000, Train Loss: 3.7290, Train MAPE: 0.0826, Train RMSE: 6.4349
Iter: 050, Train Loss: 3.8607, Train MAPE: 0.0896, Train RMSE: 6.4453
Iter: 100, Train Loss: 3.9606, Train MAPE: 0.1000, Train RMSE: 6.7310
Iter: 150, Train Loss: 3.8866, Train MAPE: 0.0911, Train RMSE: 6.6135
Iter: 200, Train Loss: 3.9475, Train MAPE: 0.0907, Train RMSE: 6.6931
Iter: 250, Train Loss: 4.3014, Train MAPE: 0.1026, Train RMSE: 7.1730
Iter: 300, Train Loss: 3.7690, Train MAPE: 0.0920, Train RMSE: 6.7600
Iter: 350, Train Loss: 3.9698, Train MAPE: 0.0946, Train RMSE: 6.8414
Epoch: 010, Inference Time: 4.7262 secs
Epoch: 010, Train Loss: 3.9080, Train MAPE: 0.0929, Train RMSE: 6.6895, Valid Loss: 3.3139, Valid MAPE: 0.0912, Valid RMSE: 6.1307, Training Time: 113.2452/epoch
Iter: 000, Train Loss: 3.9683, Train MAPE: 0.0935, Train RMSE: 6.7942
Iter: 050, Train Loss: 3.7059, Train MAPE: 0.0882, Train RMSE: 6.4817
Iter: 100, Train Loss: 3.7687, Train MAPE: 0.0846, Train RMSE: 6.3354
Iter: 150, Train Loss: 3.7880, Train MAPE: 0.0884, Train RMSE: 6.5441
Iter: 200, Train Loss: 3.5611, Train MAPE: 0.0752, Train RMSE: 6.1880
Iter: 250, Train Loss: 3.8749, Train MAPE: 0.0915, Train RMSE: 6.4682
Iter: 300, Train Loss: 3.9072, Train MAPE: 0.0981, Train RMSE: 6.7084
Iter: 350, Train Loss: 4.3007, Train MAPE: 0.1028, Train RMSE: 7.3126
Epoch: 011, Inference Time: 4.7316 secs
Epoch: 011, Train Loss: 3.9083, Train MAPE: 0.0927, Train RMSE: 6.6757, Valid Loss: 3.5297, Valid MAPE: 0.0964, Valid RMSE: 6.1777, Training Time: 113.2640/epoch
Iter: 000, Train Loss: 4.2142, Train MAPE: 0.1035, Train RMSE: 7.1433
Iter: 050, Train Loss: 4.1407, Train MAPE: 0.1008, Train RMSE: 6.6858
Iter: 100, Train Loss: 4.1632, Train MAPE: 0.1009, Train RMSE: 6.9052
Iter: 150, Train Loss: 3.6089, Train MAPE: 0.0795, Train RMSE: 6.1221
Iter: 200, Train Loss: 3.7367, Train MAPE: 0.0822, Train RMSE: 6.5974
Iter: 250, Train Loss: 3.9455, Train MAPE: 0.0948, Train RMSE: 6.5559
Iter: 300, Train Loss: 4.0460, Train MAPE: 0.1022, Train RMSE: 7.0408
Iter: 350, Train Loss: 3.4320, Train MAPE: 0.0749, Train RMSE: 5.7202
Epoch: 012, Inference Time: 4.7291 secs
Epoch: 012, Train Loss: 3.9194, Train MAPE: 0.0929, Train RMSE: 6.6806, Valid Loss: 3.5139, Valid MAPE: 0.0960, Valid RMSE: 6.2078, Training Time: 113.2940/epoch
Iter: 000, Train Loss: 3.8338, Train MAPE: 0.0880, Train RMSE: 6.6046
Iter: 050, Train Loss: 4.0485, Train MAPE: 0.1053, Train RMSE: 7.1556
Iter: 100, Train Loss: 4.0506, Train MAPE: 0.1019, Train RMSE: 6.8699
Iter: 150, Train Loss: 3.9164, Train MAPE: 0.0925, Train RMSE: 6.5274
Iter: 200, Train Loss: 3.8283, Train MAPE: 0.0888, Train RMSE: 6.3238
Iter: 250, Train Loss: 3.7530, Train MAPE: 0.0819, Train RMSE: 6.2529
Iter: 300, Train Loss: 3.6468, Train MAPE: 0.0764, Train RMSE: 6.0976
Iter: 350, Train Loss: 3.6432, Train MAPE: 0.0819, Train RMSE: 6.0528
Epoch: 013, Inference Time: 4.7289 secs
Epoch: 013, Train Loss: 3.8551, Train MAPE: 0.0903, Train RMSE: 6.5466, Valid Loss: 3.2889, Valid MAPE: 0.0903, Valid RMSE: 6.0213, Training Time: 113.3345/epoch
Iter: 000, Train Loss: 3.5708, Train MAPE: 0.0769, Train RMSE: 5.9930
Iter: 050, Train Loss: 3.8265, Train MAPE: 0.0890, Train RMSE: 6.3265
Iter: 100, Train Loss: 3.6330, Train MAPE: 0.0858, Train RMSE: 6.3097
Iter: 150, Train Loss: 3.6622, Train MAPE: 0.0777, Train RMSE: 6.1133
Iter: 200, Train Loss: 4.1182, Train MAPE: 0.0975, Train RMSE: 7.1117
Iter: 250, Train Loss: 3.9780, Train MAPE: 0.0975, Train RMSE: 6.7941
Iter: 300, Train Loss: 3.8466, Train MAPE: 0.0868, Train RMSE: 6.5071
Iter: 350, Train Loss: 3.5097, Train MAPE: 0.0763, Train RMSE: 5.9088
Epoch: 014, Inference Time: 4.7263 secs
Epoch: 014, Train Loss: 3.8135, Train MAPE: 0.0888, Train RMSE: 6.4641, Valid Loss: 3.0529, Valid MAPE: 0.0865, Valid RMSE: 5.8212, Training Time: 113.2581/epoch
Iter: 000, Train Loss: 3.5758, Train MAPE: 0.0825, Train RMSE: 6.0301
Iter: 050, Train Loss: 3.5957, Train MAPE: 0.0829, Train RMSE: 6.1670
Iter: 100, Train Loss: 3.8730, Train MAPE: 0.0918, Train RMSE: 6.6559
Iter: 150, Train Loss: 3.8769, Train MAPE: 0.0893, Train RMSE: 6.6619
Iter: 200, Train Loss: 3.6535, Train MAPE: 0.0840, Train RMSE: 6.0411
Iter: 250, Train Loss: 3.6276, Train MAPE: 0.0765, Train RMSE: 6.0470
Iter: 300, Train Loss: 3.5028, Train MAPE: 0.0713, Train RMSE: 5.7985
Iter: 350, Train Loss: 4.1122, Train MAPE: 0.1001, Train RMSE: 7.2231
Epoch: 015, Inference Time: 4.7270 secs
Epoch: 015, Train Loss: 3.7725, Train MAPE: 0.0871, Train RMSE: 6.3654, Valid Loss: 3.1213, Valid MAPE: 0.0878, Valid RMSE: 5.7974, Training Time: 113.2344/epoch
Iter: 000, Train Loss: 4.0924, Train MAPE: 0.0989, Train RMSE: 6.7922
Iter: 050, Train Loss: 3.5814, Train MAPE: 0.0745, Train RMSE: 5.8842
Iter: 100, Train Loss: 3.6479, Train MAPE: 0.0832, Train RMSE: 6.1312
Iter: 150, Train Loss: 4.0617, Train MAPE: 0.0996, Train RMSE: 6.8116
Iter: 200, Train Loss: 3.9952, Train MAPE: 0.1008, Train RMSE: 6.9513
Iter: 250, Train Loss: 3.7821, Train MAPE: 0.0925, Train RMSE: 6.4837
Iter: 300, Train Loss: 3.4838, Train MAPE: 0.0751, Train RMSE: 5.8763
Iter: 350, Train Loss: 3.5991, Train MAPE: 0.0785, Train RMSE: 6.0504
Epoch: 016, Inference Time: 4.7263 secs
Epoch: 016, Train Loss: 3.7359, Train MAPE: 0.0855, Train RMSE: 6.2741, Valid Loss: 3.0111, Valid MAPE: 0.0846, Valid RMSE: 5.6792, Training Time: 113.2465/epoch
Iter: 000, Train Loss: 3.5089, Train MAPE: 0.0739, Train RMSE: 5.8383
Iter: 050, Train Loss: 3.3135, Train MAPE: 0.0709, Train RMSE: 5.6280
Iter: 100, Train Loss: 3.7795, Train MAPE: 0.0988, Train RMSE: 6.6123
Iter: 150, Train Loss: 3.7504, Train MAPE: 0.0902, Train RMSE: 6.2832
Iter: 200, Train Loss: 3.5933, Train MAPE: 0.0745, Train RMSE: 5.8939
Iter: 250, Train Loss: 4.0895, Train MAPE: 0.0995, Train RMSE: 6.8627
Iter: 300, Train Loss: 3.5813, Train MAPE: 0.0762, Train RMSE: 5.6431
Iter: 350, Train Loss: 3.8031, Train MAPE: 0.0837, Train RMSE: 6.3701
Epoch: 017, Inference Time: 4.7293 secs
Epoch: 017, Train Loss: 3.7064, Train MAPE: 0.0843, Train RMSE: 6.2027, Valid Loss: 3.0691, Valid MAPE: 0.0836, Valid RMSE: 5.7067, Training Time: 113.2501/epoch
Iter: 000, Train Loss: 3.9048, Train MAPE: 0.0930, Train RMSE: 6.6497
Iter: 050, Train Loss: 3.7627, Train MAPE: 0.0860, Train RMSE: 6.2080
Iter: 100, Train Loss: 3.6767, Train MAPE: 0.0825, Train RMSE: 6.2471
Iter: 150, Train Loss: 4.3492, Train MAPE: 0.1074, Train RMSE: 7.2001
Iter: 200, Train Loss: 4.0769, Train MAPE: 0.0966, Train RMSE: 6.5798
Iter: 250, Train Loss: 3.4952, Train MAPE: 0.0769, Train RMSE: 5.7757
Iter: 300, Train Loss: 3.6053, Train MAPE: 0.0737, Train RMSE: 5.6942
Iter: 350, Train Loss: 3.5739, Train MAPE: 0.0835, Train RMSE: 5.9869
Epoch: 018, Inference Time: 4.7241 secs
Epoch: 018, Train Loss: 3.6778, Train MAPE: 0.0830, Train RMSE: 6.1408, Valid Loss: 3.1122, Valid MAPE: 0.0845, Valid RMSE: 5.7283, Training Time: 113.2210/epoch
Iter: 000, Train Loss: 3.8629, Train MAPE: 0.0878, Train RMSE: 6.2190
Iter: 050, Train Loss: 3.6890, Train MAPE: 0.0802, Train RMSE: 5.9945
Iter: 100, Train Loss: 3.5192, Train MAPE: 0.0794, Train RMSE: 5.8906
Iter: 150, Train Loss: 3.5273, Train MAPE: 0.0744, Train RMSE: 5.8905
Iter: 200, Train Loss: 3.8335, Train MAPE: 0.0908, Train RMSE: 6.4702
Iter: 250, Train Loss: 3.4168, Train MAPE: 0.0731, Train RMSE: 5.6186
Iter: 300, Train Loss: 3.7316, Train MAPE: 0.0813, Train RMSE: 6.1473
Iter: 350, Train Loss: 3.2682, Train MAPE: 0.0659, Train RMSE: 5.3719
Epoch: 019, Inference Time: 4.7233 secs
Epoch: 019, Train Loss: 3.6544, Train MAPE: 0.0822, Train RMSE: 6.0899, Valid Loss: 3.0218, Valid MAPE: 0.0820, Valid RMSE: 5.6449, Training Time: 113.3034/epoch
Iter: 000, Train Loss: 3.4343, Train MAPE: 0.0754, Train RMSE: 5.8217
Iter: 050, Train Loss: 3.6511, Train MAPE: 0.0809, Train RMSE: 5.8681
Iter: 100, Train Loss: 3.5238, Train MAPE: 0.0774, Train RMSE: 5.8548
Iter: 150, Train Loss: 3.8267, Train MAPE: 0.0882, Train RMSE: 6.3215
Iter: 200, Train Loss: 3.6645, Train MAPE: 0.0833, Train RMSE: 5.8650
Iter: 250, Train Loss: 3.5900, Train MAPE: 0.0799, Train RMSE: 5.9079
Iter: 300, Train Loss: 3.9590, Train MAPE: 0.0938, Train RMSE: 6.5908
Iter: 350, Train Loss: 3.6372, Train MAPE: 0.0777, Train RMSE: 5.9001
Epoch: 020, Inference Time: 4.7319 secs
Epoch: 020, Train Loss: 3.6356, Train MAPE: 0.0814, Train RMSE: 6.0471, Valid Loss: 3.0256, Valid MAPE: 0.0828, Valid RMSE: 5.6437, Training Time: 113.2749/epoch
Iter: 000, Train Loss: 3.7575, Train MAPE: 0.0802, Train RMSE: 6.0536
Iter: 050, Train Loss: 3.5940, Train MAPE: 0.0747, Train RMSE: 5.8863
Iter: 100, Train Loss: 3.4124, Train MAPE: 0.0716, Train RMSE: 5.7304
Iter: 150, Train Loss: 3.7939, Train MAPE: 0.0802, Train RMSE: 5.8692
Iter: 200, Train Loss: 3.8138, Train MAPE: 0.0867, Train RMSE: 6.2980
Iter: 250, Train Loss: 3.3576, Train MAPE: 0.0753, Train RMSE: 5.5813
Iter: 300, Train Loss: 3.7437, Train MAPE: 0.0855, Train RMSE: 6.3488
Iter: 350, Train Loss: 3.6446, Train MAPE: 0.0815, Train RMSE: 6.0759
Epoch: 021, Inference Time: 4.7292 secs
Epoch: 021, Train Loss: 3.6237, Train MAPE: 0.0810, Train RMSE: 6.0181, Valid Loss: 2.9966, Valid MAPE: 0.0823, Valid RMSE: 5.6270, Training Time: 113.3086/epoch
Iter: 000, Train Loss: 3.7405, Train MAPE: 0.0859, Train RMSE: 6.1806
Iter: 050, Train Loss: 3.4367, Train MAPE: 0.0760, Train RMSE: 5.7893
Iter: 100, Train Loss: 3.3935, Train MAPE: 0.0702, Train RMSE: 5.5684
Iter: 150, Train Loss: 3.7799, Train MAPE: 0.0907, Train RMSE: 6.4566
Iter: 200, Train Loss: 3.6787, Train MAPE: 0.0801, Train RMSE: 6.1015
Iter: 250, Train Loss: 3.7324, Train MAPE: 0.0847, Train RMSE: 6.1720
Iter: 300, Train Loss: 3.6837, Train MAPE: 0.0770, Train RMSE: 6.1170
Iter: 350, Train Loss: 3.7156, Train MAPE: 0.0831, Train RMSE: 6.2868
Epoch: 022, Inference Time: 4.7263 secs
Epoch: 022, Train Loss: 3.7194, Train MAPE: 0.0844, Train RMSE: 6.2049, Valid Loss: 3.0909, Valid MAPE: 0.0830, Valid RMSE: 5.7654, Training Time: 113.2645/epoch
Iter: 000, Train Loss: 3.6192, Train MAPE: 0.0772, Train RMSE: 5.8368
Iter: 050, Train Loss: 3.8235, Train MAPE: 0.0933, Train RMSE: 6.2874
Iter: 100, Train Loss: 3.5511, Train MAPE: 0.0785, Train RMSE: 5.8713
Iter: 150, Train Loss: 3.4602, Train MAPE: 0.0742, Train RMSE: 5.9397
Iter: 200, Train Loss: 3.6900, Train MAPE: 0.0776, Train RMSE: 6.0388
Iter: 250, Train Loss: 4.0092, Train MAPE: 0.0906, Train RMSE: 6.5513
Iter: 300, Train Loss: 3.7374, Train MAPE: 0.0782, Train RMSE: 6.2043
Iter: 350, Train Loss: 3.4529, Train MAPE: 0.0766, Train RMSE: 5.7074
Epoch: 023, Inference Time: 4.7243 secs
Epoch: 023, Train Loss: 3.7369, Train MAPE: 0.0848, Train RMSE: 6.2285, Valid Loss: 3.1400, Valid MAPE: 0.0830, Valid RMSE: 5.8656, Training Time: 113.2000/epoch
Iter: 000, Train Loss: 3.6346, Train MAPE: 0.0795, Train RMSE: 6.2671
Iter: 050, Train Loss: 3.5836, Train MAPE: 0.0766, Train RMSE: 5.8605
Iter: 100, Train Loss: 3.6120, Train MAPE: 0.0856, Train RMSE: 6.1962
Iter: 150, Train Loss: 3.6197, Train MAPE: 0.0789, Train RMSE: 5.9495
Iter: 200, Train Loss: 3.5211, Train MAPE: 0.0717, Train RMSE: 5.7284
Iter: 250, Train Loss: 3.7674, Train MAPE: 0.0834, Train RMSE: 6.2098
Iter: 300, Train Loss: 3.9916, Train MAPE: 0.0984, Train RMSE: 6.7063
Iter: 350, Train Loss: 3.7052, Train MAPE: 0.0868, Train RMSE: 6.1761
Epoch: 024, Inference Time: 4.7224 secs
Epoch: 024, Train Loss: 3.7163, Train MAPE: 0.0843, Train RMSE: 6.1955, Valid Loss: 3.0528, Valid MAPE: 0.0822, Valid RMSE: 5.7035, Training Time: 113.2686/epoch
Iter: 000, Train Loss: 3.7853, Train MAPE: 0.0835, Train RMSE: 6.3588
Iter: 050, Train Loss: 3.7896, Train MAPE: 0.0810, Train RMSE: 6.0824
Iter: 100, Train Loss: 3.7759, Train MAPE: 0.0905, Train RMSE: 6.5881
Iter: 150, Train Loss: 3.7122, Train MAPE: 0.0793, Train RMSE: 6.0202
Iter: 200, Train Loss: 3.4921, Train MAPE: 0.0734, Train RMSE: 5.9437
Iter: 250, Train Loss: 3.8428, Train MAPE: 0.0851, Train RMSE: 6.5114
Iter: 300, Train Loss: 3.5711, Train MAPE: 0.0785, Train RMSE: 5.9957
Iter: 350, Train Loss: 3.8170, Train MAPE: 0.0892, Train RMSE: 6.4019
Epoch: 025, Inference Time: 4.7287 secs
Epoch: 025, Train Loss: 3.6902, Train MAPE: 0.0831, Train RMSE: 6.1323, Valid Loss: 2.9753, Valid MAPE: 0.0817, Valid RMSE: 5.6367, Training Time: 113.2990/epoch
Iter: 000, Train Loss: 3.8123, Train MAPE: 0.0847, Train RMSE: 6.3333
Iter: 050, Train Loss: 3.7107, Train MAPE: 0.0785, Train RMSE: 6.1652
Iter: 100, Train Loss: 3.7487, Train MAPE: 0.0797, Train RMSE: 6.3681
Iter: 150, Train Loss: 3.6720, Train MAPE: 0.0846, Train RMSE: 6.0668
Iter: 200, Train Loss: 3.6961, Train MAPE: 0.0815, Train RMSE: 5.8508
Iter: 250, Train Loss: 3.6538, Train MAPE: 0.0817, Train RMSE: 6.0797
Iter: 300, Train Loss: 3.7715, Train MAPE: 0.0835, Train RMSE: 6.1179
Iter: 350, Train Loss: 3.6830, Train MAPE: 0.0854, Train RMSE: 6.1939
Epoch: 026, Inference Time: 4.7238 secs
Epoch: 026, Train Loss: 3.6690, Train MAPE: 0.0823, Train RMSE: 6.0867, Valid Loss: 3.0667, Valid MAPE: 0.0837, Valid RMSE: 5.7030, Training Time: 114.2674/epoch
Iter: 000, Train Loss: 3.5432, Train MAPE: 0.0754, Train RMSE: 5.6844
Iter: 050, Train Loss: 3.7625, Train MAPE: 0.0899, Train RMSE: 6.2825
Iter: 100, Train Loss: 3.7402, Train MAPE: 0.0827, Train RMSE: 5.9797
Iter: 150, Train Loss: 3.6369, Train MAPE: 0.0839, Train RMSE: 6.2820
Iter: 200, Train Loss: 3.6651, Train MAPE: 0.0824, Train RMSE: 6.0411
Iter: 250, Train Loss: 3.7371, Train MAPE: 0.0775, Train RMSE: 5.9269
Iter: 300, Train Loss: 3.5046, Train MAPE: 0.0762, Train RMSE: 5.8090
Iter: 350, Train Loss: 3.7241, Train MAPE: 0.0860, Train RMSE: 6.3158
Epoch: 027, Inference Time: 4.7242 secs
Epoch: 027, Train Loss: 3.6442, Train MAPE: 0.0813, Train RMSE: 6.0309, Valid Loss: 3.0172, Valid MAPE: 0.0823, Valid RMSE: 5.6410, Training Time: 113.3132/epoch
Iter: 000, Train Loss: 3.8704, Train MAPE: 0.0887, Train RMSE: 6.4402
Iter: 050, Train Loss: 3.6947, Train MAPE: 0.0826, Train RMSE: 6.0775
Iter: 100, Train Loss: 3.4401, Train MAPE: 0.0719, Train RMSE: 5.7218
Iter: 150, Train Loss: 3.7390, Train MAPE: 0.0871, Train RMSE: 6.2892
Iter: 200, Train Loss: 4.0170, Train MAPE: 0.0997, Train RMSE: 6.7762
Iter: 250, Train Loss: 3.5408, Train MAPE: 0.0765, Train RMSE: 5.7392
Iter: 300, Train Loss: 3.8418, Train MAPE: 0.0896, Train RMSE: 6.3251
Iter: 350, Train Loss: 3.3220, Train MAPE: 0.0693, Train RMSE: 5.6141
Epoch: 028, Inference Time: 4.7270 secs
Epoch: 028, Train Loss: 3.6228, Train MAPE: 0.0805, Train RMSE: 5.9815, Valid Loss: 3.0174, Valid MAPE: 0.0825, Valid RMSE: 5.6119, Training Time: 113.2629/epoch
Iter: 000, Train Loss: 3.8513, Train MAPE: 0.0917, Train RMSE: 6.5438
Iter: 050, Train Loss: 3.2711, Train MAPE: 0.0733, Train RMSE: 5.6053
Iter: 100, Train Loss: 3.3480, Train MAPE: 0.0765, Train RMSE: 5.5720
Iter: 150, Train Loss: 3.7167, Train MAPE: 0.0771, Train RMSE: 5.9037
Iter: 200, Train Loss: 3.6003, Train MAPE: 0.0759, Train RMSE: 5.7961
Iter: 250, Train Loss: 3.1641, Train MAPE: 0.0663, Train RMSE: 5.3246
Iter: 300, Train Loss: 3.5629, Train MAPE: 0.0802, Train RMSE: 5.9083
Iter: 350, Train Loss: 3.5687, Train MAPE: 0.0745, Train RMSE: 5.7446
Epoch: 029, Inference Time: 4.7306 secs
Epoch: 029, Train Loss: 3.6006, Train MAPE: 0.0797, Train RMSE: 5.9330, Valid Loss: 2.9877, Valid MAPE: 0.0805, Valid RMSE: 5.5826, Training Time: 113.3161/epoch
Iter: 000, Train Loss: 3.4766, Train MAPE: 0.0740, Train RMSE: 5.6385
Iter: 050, Train Loss: 3.7462, Train MAPE: 0.0897, Train RMSE: 6.2375
Iter: 100, Train Loss: 3.4780, Train MAPE: 0.0765, Train RMSE: 5.6429
Iter: 150, Train Loss: 3.6443, Train MAPE: 0.0877, Train RMSE: 6.2246
Iter: 200, Train Loss: 3.7273, Train MAPE: 0.0862, Train RMSE: 6.2264
Iter: 250, Train Loss: 3.3151, Train MAPE: 0.0696, Train RMSE: 5.5659
Iter: 300, Train Loss: 3.4878, Train MAPE: 0.0681, Train RMSE: 5.5883
Iter: 350, Train Loss: 3.7957, Train MAPE: 0.0834, Train RMSE: 6.2637
Epoch: 030, Inference Time: 4.7275 secs
Epoch: 030, Train Loss: 3.5833, Train MAPE: 0.0790, Train RMSE: 5.8894, Valid Loss: 2.9300, Valid MAPE: 0.0799, Valid RMSE: 5.5294, Training Time: 113.2407/epoch
Iter: 000, Train Loss: 3.8227, Train MAPE: 0.0877, Train RMSE: 6.3643
Iter: 050, Train Loss: 3.8844, Train MAPE: 0.0898, Train RMSE: 6.3840
Iter: 100, Train Loss: 3.6176, Train MAPE: 0.0826, Train RMSE: 6.1438
Iter: 150, Train Loss: 3.4536, Train MAPE: 0.0690, Train RMSE: 5.4496
Iter: 200, Train Loss: 3.2829, Train MAPE: 0.0670, Train RMSE: 5.4146
Iter: 250, Train Loss: 3.3691, Train MAPE: 0.0750, Train RMSE: 5.6752
Iter: 300, Train Loss: 3.4702, Train MAPE: 0.0777, Train RMSE: 5.7476
Iter: 350, Train Loss: 3.7319, Train MAPE: 0.0888, Train RMSE: 6.3285
Epoch: 031, Inference Time: 4.7293 secs
Epoch: 031, Train Loss: 3.5692, Train MAPE: 0.0784, Train RMSE: 5.8551, Valid Loss: 2.9496, Valid MAPE: 0.0791, Valid RMSE: 5.5591, Training Time: 113.2732/epoch
Iter: 000, Train Loss: 3.6426, Train MAPE: 0.0755, Train RMSE: 5.6763
Iter: 050, Train Loss: 3.3203, Train MAPE: 0.0698, Train RMSE: 5.4135
Iter: 100, Train Loss: 3.5806, Train MAPE: 0.0776, Train RMSE: 5.8748
Iter: 150, Train Loss: 3.4725, Train MAPE: 0.0757, Train RMSE: 5.8434
Iter: 200, Train Loss: 3.3080, Train MAPE: 0.0683, Train RMSE: 5.4580
Iter: 250, Train Loss: 3.5592, Train MAPE: 0.0784, Train RMSE: 5.8363
Iter: 300, Train Loss: 3.5260, Train MAPE: 0.0777, Train RMSE: 5.9087
Iter: 350, Train Loss: 3.6908, Train MAPE: 0.0883, Train RMSE: 6.3537
Epoch: 032, Inference Time: 4.7264 secs
Epoch: 032, Train Loss: 3.5619, Train MAPE: 0.0781, Train RMSE: 5.8391, Valid Loss: 2.9939, Valid MAPE: 0.0840, Valid RMSE: 5.7079, Training Time: 113.2925/epoch
Iter: 000, Train Loss: 3.8287, Train MAPE: 0.0950, Train RMSE: 6.4954
Iter: 050, Train Loss: 3.9407, Train MAPE: 0.0898, Train RMSE: 6.5082
Iter: 100, Train Loss: 4.0271, Train MAPE: 0.0942, Train RMSE: 6.6205
Iter: 150, Train Loss: 3.3779, Train MAPE: 0.0682, Train RMSE: 5.4373
Iter: 200, Train Loss: 3.5912, Train MAPE: 0.0827, Train RMSE: 6.1768
Iter: 250, Train Loss: 3.5770, Train MAPE: 0.0864, Train RMSE: 6.2435
Iter: 300, Train Loss: 3.6180, Train MAPE: 0.0767, Train RMSE: 6.0228
Iter: 350, Train Loss: 3.6226, Train MAPE: 0.0809, Train RMSE: 5.9235
Epoch: 033, Inference Time: 4.8090 secs
Epoch: 033, Train Loss: 3.6853, Train MAPE: 0.0828, Train RMSE: 6.1087, Valid Loss: 3.0781, Valid MAPE: 0.0819, Valid RMSE: 5.7303, Training Time: 113.2388/epoch
Iter: 000, Train Loss: 3.9941, Train MAPE: 0.0911, Train RMSE: 6.3885
Iter: 050, Train Loss: 3.5034, Train MAPE: 0.0852, Train RMSE: 6.1205
Iter: 100, Train Loss: 3.5183, Train MAPE: 0.0819, Train RMSE: 5.9406
Iter: 150, Train Loss: 3.8992, Train MAPE: 0.0972, Train RMSE: 6.7524
Iter: 200, Train Loss: 3.5024, Train MAPE: 0.0749, Train RMSE: 5.7859
Iter: 250, Train Loss: 3.5692, Train MAPE: 0.0755, Train RMSE: 5.7455
Iter: 300, Train Loss: 3.6234, Train MAPE: 0.0779, Train RMSE: 5.8291
Iter: 350, Train Loss: 4.0576, Train MAPE: 0.0996, Train RMSE: 6.8566
Epoch: 034, Inference Time: 4.7258 secs
Epoch: 034, Train Loss: 3.6686, Train MAPE: 0.0822, Train RMSE: 6.0794, Valid Loss: 2.9963, Valid MAPE: 0.0836, Valid RMSE: 5.6420, Training Time: 114.4025/epoch
Iter: 000, Train Loss: 3.8641, Train MAPE: 0.0990, Train RMSE: 6.4556
Iter: 050, Train Loss: 3.4196, Train MAPE: 0.0700, Train RMSE: 5.5713
Iter: 100, Train Loss: 3.8845, Train MAPE: 0.0852, Train RMSE: 6.3851
Iter: 150, Train Loss: 3.6528, Train MAPE: 0.0875, Train RMSE: 6.1056
Iter: 200, Train Loss: 3.7668, Train MAPE: 0.0815, Train RMSE: 6.0428
Iter: 250, Train Loss: 3.7256, Train MAPE: 0.0846, Train RMSE: 6.1306
Iter: 300, Train Loss: 3.5581, Train MAPE: 0.0791, Train RMSE: 5.7726
Iter: 350, Train Loss: 3.6083, Train MAPE: 0.0779, Train RMSE: 6.0144
Epoch: 035, Inference Time: 4.7815 secs
Epoch: 035, Train Loss: 3.6510, Train MAPE: 0.0815, Train RMSE: 6.0352, Valid Loss: 3.0143, Valid MAPE: 0.0827, Valid RMSE: 5.6685, Training Time: 115.2657/epoch
Iter: 000, Train Loss: 3.4659, Train MAPE: 0.0740, Train RMSE: 5.8725
Iter: 050, Train Loss: 3.8528, Train MAPE: 0.0904, Train RMSE: 6.2494
Iter: 100, Train Loss: 3.5919, Train MAPE: 0.0793, Train RMSE: 6.1034
Iter: 150, Train Loss: 3.3011, Train MAPE: 0.0726, Train RMSE: 5.4497
Iter: 200, Train Loss: 3.8507, Train MAPE: 0.0933, Train RMSE: 6.5843
Iter: 250, Train Loss: 3.7803, Train MAPE: 0.0839, Train RMSE: 6.0310
Iter: 300, Train Loss: 3.6975, Train MAPE: 0.0843, Train RMSE: 6.3059
Iter: 350, Train Loss: 3.6978, Train MAPE: 0.0813, Train RMSE: 6.2511
Epoch: 036, Inference Time: 4.7301 secs
Epoch: 036, Train Loss: 3.6350, Train MAPE: 0.0808, Train RMSE: 5.9951, Valid Loss: 3.0126, Valid MAPE: 0.0837, Valid RMSE: 5.6448, Training Time: 113.2700/epoch
Iter: 000, Train Loss: 3.6799, Train MAPE: 0.0850, Train RMSE: 6.1021
Iter: 050, Train Loss: 3.6916, Train MAPE: 0.0861, Train RMSE: 6.2057
Iter: 100, Train Loss: 3.6387, Train MAPE: 0.0773, Train RMSE: 5.9669
Iter: 150, Train Loss: 3.5570, Train MAPE: 0.0741, Train RMSE: 5.6201
Iter: 200, Train Loss: 3.4458, Train MAPE: 0.0733, Train RMSE: 5.6676
Iter: 250, Train Loss: 3.4902, Train MAPE: 0.0729, Train RMSE: 5.7698
Iter: 300, Train Loss: 3.4796, Train MAPE: 0.0764, Train RMSE: 5.7311
Iter: 350, Train Loss: 3.7129, Train MAPE: 0.0882, Train RMSE: 6.2380
Epoch: 037, Inference Time: 4.7275 secs
Epoch: 037, Train Loss: 3.6173, Train MAPE: 0.0803, Train RMSE: 5.9624, Valid Loss: 2.9539, Valid MAPE: 0.0802, Valid RMSE: 5.5780, Training Time: 113.2828/epoch
Iter: 000, Train Loss: 3.7306, Train MAPE: 0.0859, Train RMSE: 6.2355
Iter: 050, Train Loss: 3.5927, Train MAPE: 0.0830, Train RMSE: 6.1237
Iter: 100, Train Loss: 3.5304, Train MAPE: 0.0739, Train RMSE: 5.7472
Iter: 150, Train Loss: 3.5401, Train MAPE: 0.0796, Train RMSE: 5.9827
Iter: 200, Train Loss: 3.5745, Train MAPE: 0.0767, Train RMSE: 5.9939
Iter: 250, Train Loss: 3.6449, Train MAPE: 0.0801, Train RMSE: 5.9822
Iter: 300, Train Loss: 3.3509, Train MAPE: 0.0765, Train RMSE: 5.7805
Iter: 350, Train Loss: 3.7383, Train MAPE: 0.0851, Train RMSE: 6.0869
Epoch: 038, Inference Time: 4.7240 secs
Epoch: 038, Train Loss: 3.5973, Train MAPE: 0.0795, Train RMSE: 5.9202, Valid Loss: 2.9145, Valid MAPE: 0.0783, Valid RMSE: 5.5356, Training Time: 113.2721/epoch
Iter: 000, Train Loss: 3.7619, Train MAPE: 0.0856, Train RMSE: 6.1871
Iter: 050, Train Loss: 3.5071, Train MAPE: 0.0795, Train RMSE: 5.7083
Iter: 100, Train Loss: 3.6338, Train MAPE: 0.0784, Train RMSE: 5.8210
Iter: 150, Train Loss: 3.4250, Train MAPE: 0.0777, Train RMSE: 5.9375
Iter: 200, Train Loss: 3.4606, Train MAPE: 0.0721, Train RMSE: 5.4990
Iter: 250, Train Loss: 3.4100, Train MAPE: 0.0698, Train RMSE: 5.4849
Iter: 300, Train Loss: 3.7015, Train MAPE: 0.0891, Train RMSE: 6.2606
Iter: 350, Train Loss: 3.5496, Train MAPE: 0.0739, Train RMSE: 5.8513
Epoch: 039, Inference Time: 4.7247 secs
Epoch: 039, Train Loss: 3.5766, Train MAPE: 0.0786, Train RMSE: 5.8673, Valid Loss: 2.9282, Valid MAPE: 0.0793, Valid RMSE: 5.5284, Training Time: 113.2449/epoch
Iter: 000, Train Loss: 3.7441, Train MAPE: 0.0847, Train RMSE: 6.2205
Iter: 050, Train Loss: 3.2869, Train MAPE: 0.0652, Train RMSE: 5.1174
Iter: 100, Train Loss: 3.6292, Train MAPE: 0.0801, Train RMSE: 5.8708
Iter: 150, Train Loss: 3.7933, Train MAPE: 0.0883, Train RMSE: 6.3819
Iter: 200, Train Loss: 3.4957, Train MAPE: 0.0710, Train RMSE: 5.4451
Iter: 250, Train Loss: 3.7859, Train MAPE: 0.0893, Train RMSE: 6.2930
Iter: 300, Train Loss: 3.3457, Train MAPE: 0.0696, Train RMSE: 5.5058
Iter: 350, Train Loss: 3.5873, Train MAPE: 0.0740, Train RMSE: 5.7743
Epoch: 040, Inference Time: 4.7273 secs
Epoch: 040, Train Loss: 3.5587, Train MAPE: 0.0779, Train RMSE: 5.8234, Valid Loss: 2.8980, Valid MAPE: 0.0795, Valid RMSE: 5.5113, Training Time: 113.2510/epoch
Iter: 000, Train Loss: 3.9377, Train MAPE: 0.0969, Train RMSE: 6.6704
Iter: 050, Train Loss: 3.3553, Train MAPE: 0.0763, Train RMSE: 5.5445
Iter: 100, Train Loss: 3.4996, Train MAPE: 0.0723, Train RMSE: 5.5864
Iter: 150, Train Loss: 3.2448, Train MAPE: 0.0658, Train RMSE: 5.2326
Iter: 200, Train Loss: 3.5843, Train MAPE: 0.0857, Train RMSE: 5.8973
Iter: 250, Train Loss: 3.8892, Train MAPE: 0.0906, Train RMSE: 6.4011
Iter: 300, Train Loss: 3.4169, Train MAPE: 0.0730, Train RMSE: 5.4683
Iter: 350, Train Loss: 3.5015, Train MAPE: 0.0735, Train RMSE: 5.8148
Epoch: 041, Inference Time: 4.7263 secs
Epoch: 041, Train Loss: 3.5422, Train MAPE: 0.0773, Train RMSE: 5.7847, Valid Loss: 2.8883, Valid MAPE: 0.0788, Valid RMSE: 5.5161, Training Time: 113.2891/epoch
Iter: 000, Train Loss: 3.3280, Train MAPE: 0.0693, Train RMSE: 5.4070
Iter: 050, Train Loss: 3.5596, Train MAPE: 0.0737, Train RMSE: 5.6797
Iter: 100, Train Loss: 3.7172, Train MAPE: 0.0822, Train RMSE: 6.1817
Iter: 150, Train Loss: 3.8513, Train MAPE: 0.0924, Train RMSE: 6.4323
Iter: 200, Train Loss: 3.4373, Train MAPE: 0.0804, Train RMSE: 5.7170
Iter: 250, Train Loss: 3.7479, Train MAPE: 0.0864, Train RMSE: 6.1288
Iter: 300, Train Loss: 3.5575, Train MAPE: 0.0754, Train RMSE: 5.8095
Iter: 350, Train Loss: 3.3573, Train MAPE: 0.0715, Train RMSE: 5.5134
Epoch: 042, Inference Time: 4.7237 secs
Epoch: 042, Train Loss: 3.5317, Train MAPE: 0.0769, Train RMSE: 5.7575, Valid Loss: 2.9168, Valid MAPE: 0.0789, Valid RMSE: 5.5389, Training Time: 113.2521/epoch
Iter: 000, Train Loss: 3.4712, Train MAPE: 0.0725, Train RMSE: 5.6415
Iter: 050, Train Loss: 3.4792, Train MAPE: 0.0744, Train RMSE: 5.6471
Iter: 100, Train Loss: 3.5781, Train MAPE: 0.0753, Train RMSE: 5.6089
Iter: 150, Train Loss: 3.5412, Train MAPE: 0.0792, Train RMSE: 5.7217
Iter: 200, Train Loss: 3.4367, Train MAPE: 0.0735, Train RMSE: 5.6252
Iter: 250, Train Loss: 3.5548, Train MAPE: 0.0733, Train RMSE: 5.7429
Iter: 300, Train Loss: 3.8684, Train MAPE: 0.0824, Train RMSE: 6.1519
Iter: 350, Train Loss: 3.4487, Train MAPE: 0.0783, Train RMSE: 5.7562
Epoch: 043, Inference Time: 4.7264 secs
Epoch: 043, Train Loss: 3.5700, Train MAPE: 0.0784, Train RMSE: 5.8419, Valid Loss: 3.0368, Valid MAPE: 0.0825, Valid RMSE: 5.6542, Training Time: 113.2332/epoch
Iter: 000, Train Loss: 3.6537, Train MAPE: 0.0768, Train RMSE: 5.9177
Iter: 050, Train Loss: 3.5579, Train MAPE: 0.0803, Train RMSE: 5.8797
Iter: 100, Train Loss: 3.8544, Train MAPE: 0.0887, Train RMSE: 6.4606
Iter: 150, Train Loss: 3.5739, Train MAPE: 0.0752, Train RMSE: 5.6519
Iter: 200, Train Loss: 3.5189, Train MAPE: 0.0802, Train RMSE: 5.8633
Iter: 250, Train Loss: 3.5818, Train MAPE: 0.0775, Train RMSE: 5.8108
Iter: 300, Train Loss: 3.4776, Train MAPE: 0.0787, Train RMSE: 5.9371
Iter: 350, Train Loss: 3.8430, Train MAPE: 0.0861, Train RMSE: 6.2511
Epoch: 044, Inference Time: 4.7236 secs
Epoch: 044, Train Loss: 3.6402, Train MAPE: 0.0810, Train RMSE: 5.9997, Valid Loss: 2.9506, Valid MAPE: 0.0828, Valid RMSE: 5.5664, Training Time: 113.2609/epoch
Iter: 000, Train Loss: 3.8830, Train MAPE: 0.0884, Train RMSE: 6.1369
Iter: 050, Train Loss: 3.6772, Train MAPE: 0.0878, Train RMSE: 5.9219
Iter: 100, Train Loss: 3.5848, Train MAPE: 0.0746, Train RMSE: 5.6778
Iter: 150, Train Loss: 3.6615, Train MAPE: 0.0814, Train RMSE: 5.9811
Iter: 200, Train Loss: 3.8562, Train MAPE: 0.0903, Train RMSE: 6.4440
Iter: 250, Train Loss: 3.5563, Train MAPE: 0.0742, Train RMSE: 5.6072
Iter: 300, Train Loss: 3.7165, Train MAPE: 0.0859, Train RMSE: 6.6517
Iter: 350, Train Loss: 3.6816, Train MAPE: 0.0752, Train RMSE: 5.6033
Epoch: 045, Inference Time: 4.7247 secs
Epoch: 045, Train Loss: 3.6334, Train MAPE: 0.0807, Train RMSE: 5.9887, Valid Loss: 2.9755, Valid MAPE: 0.0828, Valid RMSE: 5.5931, Training Time: 113.2392/epoch
Iter: 000, Train Loss: 3.6692, Train MAPE: 0.0901, Train RMSE: 6.1868
Iter: 050, Train Loss: 3.7436, Train MAPE: 0.0854, Train RMSE: 6.2632
Iter: 100, Train Loss: 3.7385, Train MAPE: 0.0864, Train RMSE: 6.1974
Iter: 150, Train Loss: 3.4790, Train MAPE: 0.0779, Train RMSE: 5.8331
Iter: 200, Train Loss: 4.0414, Train MAPE: 0.0912, Train RMSE: 6.4761
Iter: 250, Train Loss: 3.3964, Train MAPE: 0.0691, Train RMSE: 5.3994
Iter: 300, Train Loss: 3.9005, Train MAPE: 0.0968, Train RMSE: 6.4368
Iter: 350, Train Loss: 3.6363, Train MAPE: 0.0759, Train RMSE: 5.7292
Epoch: 046, Inference Time: 4.7234 secs
Epoch: 046, Train Loss: 3.6194, Train MAPE: 0.0801, Train RMSE: 5.9493, Valid Loss: 2.9699, Valid MAPE: 0.0800, Valid RMSE: 5.6045, Training Time: 113.2613/epoch
Iter: 000, Train Loss: 3.7516, Train MAPE: 0.0905, Train RMSE: 6.2547
Iter: 050, Train Loss: 3.4982, Train MAPE: 0.0742, Train RMSE: 5.5519
Iter: 100, Train Loss: 3.7539, Train MAPE: 0.0869, Train RMSE: 6.2029
Iter: 150, Train Loss: 3.8528, Train MAPE: 0.0924, Train RMSE: 6.3068
Iter: 200, Train Loss: 3.3185, Train MAPE: 0.0680, Train RMSE: 5.5711
Iter: 250, Train Loss: 3.5619, Train MAPE: 0.0806, Train RMSE: 5.8942
Iter: 300, Train Loss: 3.4723, Train MAPE: 0.0721, Train RMSE: 5.5217
Iter: 350, Train Loss: 3.5589, Train MAPE: 0.0828, Train RMSE: 5.9184
Epoch: 047, Inference Time: 4.7314 secs
Epoch: 047, Train Loss: 3.6022, Train MAPE: 0.0796, Train RMSE: 5.9204, Valid Loss: 2.9826, Valid MAPE: 0.0788, Valid RMSE: 5.6209, Training Time: 113.2553/epoch
Iter: 000, Train Loss: 3.4670, Train MAPE: 0.0711, Train RMSE: 5.6172
Iter: 050, Train Loss: 3.6533, Train MAPE: 0.0788, Train RMSE: 5.9454
Iter: 100, Train Loss: 3.8873, Train MAPE: 0.0923, Train RMSE: 6.4251
Iter: 150, Train Loss: 3.7004, Train MAPE: 0.0824, Train RMSE: 6.1750
Iter: 200, Train Loss: 3.3186, Train MAPE: 0.0688, Train RMSE: 5.5093
Iter: 250, Train Loss: 3.6480, Train MAPE: 0.0814, Train RMSE: 6.0145
Iter: 300, Train Loss: 3.4123, Train MAPE: 0.0744, Train RMSE: 5.5409
Iter: 350, Train Loss: 3.9828, Train MAPE: 0.1022, Train RMSE: 6.8525
Epoch: 048, Inference Time: 4.7334 secs
Epoch: 048, Train Loss: 3.5832, Train MAPE: 0.0788, Train RMSE: 5.8711, Valid Loss: 2.8694, Valid MAPE: 0.0810, Valid RMSE: 5.4864, Training Time: 113.2957/epoch
Iter: 000, Train Loss: 3.5914, Train MAPE: 0.0768, Train RMSE: 5.6005
Iter: 050, Train Loss: 3.7305, Train MAPE: 0.0824, Train RMSE: 6.2813
Iter: 100, Train Loss: 3.5703, Train MAPE: 0.0815, Train RMSE: 5.8482
Iter: 150, Train Loss: 3.2759, Train MAPE: 0.0674, Train RMSE: 5.3162
Iter: 200, Train Loss: 4.0033, Train MAPE: 0.0975, Train RMSE: 6.9642
Iter: 250, Train Loss: 3.2594, Train MAPE: 0.0696, Train RMSE: 5.5078
Iter: 300, Train Loss: 3.7145, Train MAPE: 0.0971, Train RMSE: 6.2421
Iter: 350, Train Loss: 3.5349, Train MAPE: 0.0796, Train RMSE: 5.9631
Epoch: 049, Inference Time: 4.7259 secs
Epoch: 049, Train Loss: 3.5627, Train MAPE: 0.0780, Train RMSE: 5.8267, Valid Loss: 2.9549, Valid MAPE: 0.0795, Valid RMSE: 5.5617, Training Time: 113.3636/epoch
Iter: 000, Train Loss: 3.7992, Train MAPE: 0.0856, Train RMSE: 6.3244
Iter: 050, Train Loss: 3.5535, Train MAPE: 0.0798, Train RMSE: 5.8415
Iter: 100, Train Loss: 3.4067, Train MAPE: 0.0714, Train RMSE: 5.3428
Iter: 150, Train Loss: 3.5148, Train MAPE: 0.0779, Train RMSE: 5.7435
Iter: 200, Train Loss: 3.7066, Train MAPE: 0.0811, Train RMSE: 5.9906
Iter: 250, Train Loss: 3.7108, Train MAPE: 0.0835, Train RMSE: 6.1245
Iter: 300, Train Loss: 3.6300, Train MAPE: 0.0790, Train RMSE: 5.8877
Iter: 350, Train Loss: 3.5469, Train MAPE: 0.0733, Train RMSE: 5.8005
Epoch: 050, Inference Time: 4.7241 secs
Epoch: 050, Train Loss: 3.5440, Train MAPE: 0.0773, Train RMSE: 5.7798, Valid Loss: 2.8750, Valid MAPE: 0.0788, Valid RMSE: 5.5052, Training Time: 113.2636/epoch
Iter: 000, Train Loss: 3.7262, Train MAPE: 0.0873, Train RMSE: 6.2274
Iter: 050, Train Loss: 3.3781, Train MAPE: 0.0675, Train RMSE: 5.3432
Iter: 100, Train Loss: 3.7409, Train MAPE: 0.0791, Train RMSE: 5.8643
Iter: 150, Train Loss: 3.5786, Train MAPE: 0.0761, Train RMSE: 5.6995
Iter: 200, Train Loss: 3.2318, Train MAPE: 0.0694, Train RMSE: 5.3983
Iter: 250, Train Loss: 3.4009, Train MAPE: 0.0704, Train RMSE: 5.6248
Iter: 300, Train Loss: 3.7021, Train MAPE: 0.0864, Train RMSE: 5.9192
Iter: 350, Train Loss: 3.2927, Train MAPE: 0.0641, Train RMSE: 5.2040
Epoch: 051, Inference Time: 4.7258 secs
Epoch: 051, Train Loss: 3.5280, Train MAPE: 0.0767, Train RMSE: 5.7402, Valid Loss: 2.9105, Valid MAPE: 0.0794, Valid RMSE: 5.5239, Training Time: 113.2311/epoch
Iter: 000, Train Loss: 3.5402, Train MAPE: 0.0783, Train RMSE: 5.7486
Iter: 050, Train Loss: 3.5500, Train MAPE: 0.0826, Train RMSE: 5.7791
Iter: 100, Train Loss: 3.6492, Train MAPE: 0.0775, Train RMSE: 5.8260
Iter: 150, Train Loss: 3.6424, Train MAPE: 0.0863, Train RMSE: 6.2202
Iter: 200, Train Loss: 3.7335, Train MAPE: 0.0787, Train RMSE: 5.7780
Iter: 250, Train Loss: 3.4912, Train MAPE: 0.0717, Train RMSE: 5.7535
Iter: 300, Train Loss: 3.1968, Train MAPE: 0.0617, Train RMSE: 5.0540
Iter: 350, Train Loss: 3.4179, Train MAPE: 0.0711, Train RMSE: 5.4605
Epoch: 052, Inference Time: 4.7300 secs
Epoch: 052, Train Loss: 3.5143, Train MAPE: 0.0761, Train RMSE: 5.7071, Valid Loss: 2.9053, Valid MAPE: 0.0781, Valid RMSE: 5.5261, Training Time: 113.2909/epoch
Iter: 000, Train Loss: 3.5231, Train MAPE: 0.0813, Train RMSE: 6.0677
Iter: 050, Train Loss: 3.6390, Train MAPE: 0.0753, Train RMSE: 5.7143
Iter: 100, Train Loss: 3.3980, Train MAPE: 0.0759, Train RMSE: 5.4524
Iter: 150, Train Loss: 3.5201, Train MAPE: 0.0781, Train RMSE: 5.6993
Iter: 200, Train Loss: 3.5315, Train MAPE: 0.0833, Train RMSE: 5.8075
Iter: 250, Train Loss: 3.5352, Train MAPE: 0.0779, Train RMSE: 5.7275
Iter: 300, Train Loss: 3.3045, Train MAPE: 0.0650, Train RMSE: 5.2048
Iter: 350, Train Loss: 3.3812, Train MAPE: 0.0704, Train RMSE: 5.5711
Epoch: 053, Inference Time: 4.7229 secs
Epoch: 053, Train Loss: 3.5060, Train MAPE: 0.0758, Train RMSE: 5.6852, Valid Loss: 2.8959, Valid MAPE: 0.0783, Valid RMSE: 5.5078, Training Time: 113.2773/epoch
Iter: 000, Train Loss: 3.6505, Train MAPE: 0.0903, Train RMSE: 6.4457
Iter: 050, Train Loss: 3.6453, Train MAPE: 0.0826, Train RMSE: 5.8939
Iter: 100, Train Loss: 3.5434, Train MAPE: 0.0798, Train RMSE: 5.8575
Iter: 150, Train Loss: 3.8934, Train MAPE: 0.0909, Train RMSE: 6.1468
Iter: 200, Train Loss: 3.8517, Train MAPE: 0.0841, Train RMSE: 6.2406
Iter: 250, Train Loss: 3.5046, Train MAPE: 0.0760, Train RMSE: 5.6414
Iter: 300, Train Loss: 3.3471, Train MAPE: 0.0687, Train RMSE: 5.4678
Iter: 350, Train Loss: 3.4023, Train MAPE: 0.0687, Train RMSE: 5.3772
Epoch: 054, Inference Time: 4.7228 secs
Epoch: 054, Train Loss: 3.5842, Train MAPE: 0.0788, Train RMSE: 5.8597, Valid Loss: 2.9334, Valid MAPE: 0.0797, Valid RMSE: 5.6228, Training Time: 113.2413/epoch
Iter: 000, Train Loss: 3.5777, Train MAPE: 0.0819, Train RMSE: 6.1902
Iter: 050, Train Loss: 3.3741, Train MAPE: 0.0731, Train RMSE: 5.3035
Iter: 100, Train Loss: 3.9527, Train MAPE: 0.0853, Train RMSE: 6.3518
Iter: 150, Train Loss: 3.7358, Train MAPE: 0.0809, Train RMSE: 5.9339
Iter: 200, Train Loss: 3.4682, Train MAPE: 0.0751, Train RMSE: 5.9137
Iter: 250, Train Loss: 3.4060, Train MAPE: 0.0675, Train RMSE: 5.3852
Iter: 300, Train Loss: 3.4042, Train MAPE: 0.0712, Train RMSE: 5.4882
Iter: 350, Train Loss: 3.5798, Train MAPE: 0.0877, Train RMSE: 6.4343
Epoch: 055, Inference Time: 4.7216 secs
Epoch: 055, Train Loss: 3.6130, Train MAPE: 0.0799, Train RMSE: 5.9361, Valid Loss: 3.0073, Valid MAPE: 0.0802, Valid RMSE: 5.6154, Training Time: 113.2352/epoch
Iter: 000, Train Loss: 3.6012, Train MAPE: 0.0787, Train RMSE: 5.9511
Iter: 050, Train Loss: 3.7391, Train MAPE: 0.0874, Train RMSE: 6.3042
Iter: 100, Train Loss: 3.3812, Train MAPE: 0.0670, Train RMSE: 5.3616
Iter: 150, Train Loss: 3.5611, Train MAPE: 0.0851, Train RMSE: 6.0936
Iter: 200, Train Loss: 3.5226, Train MAPE: 0.0741, Train RMSE: 5.5654
Iter: 250, Train Loss: 3.4840, Train MAPE: 0.0791, Train RMSE: 5.9069
Iter: 300, Train Loss: 3.6169, Train MAPE: 0.0810, Train RMSE: 6.0664
Iter: 350, Train Loss: 3.5510, Train MAPE: 0.0795, Train RMSE: 5.9224
Epoch: 056, Inference Time: 4.7221 secs
Epoch: 056, Train Loss: 3.6038, Train MAPE: 0.0796, Train RMSE: 5.9180, Valid Loss: 2.9552, Valid MAPE: 0.0807, Valid RMSE: 5.5710, Training Time: 113.2505/epoch
Iter: 000, Train Loss: 3.2930, Train MAPE: 0.0645, Train RMSE: 5.2924
Iter: 050, Train Loss: 3.7492, Train MAPE: 0.0863, Train RMSE: 6.1770
Iter: 100, Train Loss: 3.6889, Train MAPE: 0.0843, Train RMSE: 6.2358
Iter: 150, Train Loss: 3.6004, Train MAPE: 0.0817, Train RMSE: 5.9377
Iter: 200, Train Loss: 3.8631, Train MAPE: 0.0891, Train RMSE: 6.3180
Iter: 250, Train Loss: 3.7995, Train MAPE: 0.0874, Train RMSE: 6.2223
Iter: 300, Train Loss: 3.4622, Train MAPE: 0.0731, Train RMSE: 5.7379
Iter: 350, Train Loss: 3.2824, Train MAPE: 0.0694, Train RMSE: 5.6271
Epoch: 057, Inference Time: 4.7218 secs
Epoch: 057, Train Loss: 3.5904, Train MAPE: 0.0791, Train RMSE: 5.8861, Valid Loss: 2.9304, Valid MAPE: 0.0799, Valid RMSE: 5.6428, Training Time: 113.2291/epoch
Iter: 000, Train Loss: 3.9432, Train MAPE: 0.0884, Train RMSE: 6.3870
Iter: 050, Train Loss: 3.6831, Train MAPE: 0.0920, Train RMSE: 6.2282
Iter: 100, Train Loss: 3.5957, Train MAPE: 0.0748, Train RMSE: 5.7405
Iter: 150, Train Loss: 3.3471, Train MAPE: 0.0683, Train RMSE: 5.3717
Iter: 200, Train Loss: 3.5091, Train MAPE: 0.0727, Train RMSE: 5.6966
Iter: 250, Train Loss: 3.5191, Train MAPE: 0.0798, Train RMSE: 5.6954
Iter: 300, Train Loss: 3.7277, Train MAPE: 0.0824, Train RMSE: 6.1831
Iter: 350, Train Loss: 3.4188, Train MAPE: 0.0737, Train RMSE: 5.5056
Epoch: 058, Inference Time: 4.7227 secs
Epoch: 058, Train Loss: 3.5766, Train MAPE: 0.0785, Train RMSE: 5.8528, Valid Loss: 2.8983, Valid MAPE: 0.0786, Valid RMSE: 5.5848, Training Time: 113.2202/epoch
Iter: 000, Train Loss: 3.7128, Train MAPE: 0.0893, Train RMSE: 6.1149
Iter: 050, Train Loss: 3.3478, Train MAPE: 0.0661, Train RMSE: 5.2587
Iter: 100, Train Loss: 3.5335, Train MAPE: 0.0693, Train RMSE: 5.3575
Iter: 150, Train Loss: 3.5709, Train MAPE: 0.0818, Train RMSE: 6.0194
Iter: 200, Train Loss: 3.5087, Train MAPE: 0.0728, Train RMSE: 5.6587
Iter: 250, Train Loss: 3.5075, Train MAPE: 0.0778, Train RMSE: 5.7616
Iter: 300, Train Loss: 3.4582, Train MAPE: 0.0728, Train RMSE: 5.6175
Iter: 350, Train Loss: 3.5747, Train MAPE: 0.0798, Train RMSE: 5.9177
Epoch: 059, Inference Time: 4.7257 secs
Epoch: 059, Train Loss: 3.5570, Train MAPE: 0.0776, Train RMSE: 5.7978, Valid Loss: 2.9812, Valid MAPE: 0.0808, Valid RMSE: 5.6144, Training Time: 114.5895/epoch
Iter: 000, Train Loss: 3.4422, Train MAPE: 0.0696, Train RMSE: 5.4625
Iter: 050, Train Loss: 3.5997, Train MAPE: 0.0868, Train RMSE: 6.0435
Iter: 100, Train Loss: 3.1649, Train MAPE: 0.0646, Train RMSE: 5.0404
Iter: 150, Train Loss: 3.5355, Train MAPE: 0.0757, Train RMSE: 5.6536
Iter: 200, Train Loss: 3.4094, Train MAPE: 0.0788, Train RMSE: 5.8444
Iter: 250, Train Loss: 3.4421, Train MAPE: 0.0731, Train RMSE: 5.5084
Iter: 300, Train Loss: 4.0407, Train MAPE: 0.0952, Train RMSE: 6.5493
Iter: 350, Train Loss: 3.4421, Train MAPE: 0.0746, Train RMSE: 5.6131
Epoch: 060, Inference Time: 4.7242 secs
Epoch: 060, Train Loss: 3.5392, Train MAPE: 0.0771, Train RMSE: 5.7627, Valid Loss: 2.9059, Valid MAPE: 0.0790, Valid RMSE: 5.5229, Training Time: 113.2521/epoch
Iter: 000, Train Loss: 3.5579, Train MAPE: 0.0812, Train RMSE: 5.8122
Iter: 050, Train Loss: 3.3957, Train MAPE: 0.0715, Train RMSE: 5.5782
Iter: 100, Train Loss: 3.8679, Train MAPE: 0.0876, Train RMSE: 6.4115
Iter: 150, Train Loss: 3.4631, Train MAPE: 0.0798, Train RMSE: 5.9418
Iter: 200, Train Loss: 3.6918, Train MAPE: 0.0833, Train RMSE: 6.0599
Iter: 250, Train Loss: 3.5430, Train MAPE: 0.0770, Train RMSE: 5.7762
Iter: 300, Train Loss: 3.6040, Train MAPE: 0.0774, Train RMSE: 5.7304
Iter: 350, Train Loss: 3.3291, Train MAPE: 0.0678, Train RMSE: 5.4050
Epoch: 061, Inference Time: 4.7261 secs
Epoch: 061, Train Loss: 3.5209, Train MAPE: 0.0764, Train RMSE: 5.7191, Valid Loss: 2.8926, Valid MAPE: 0.0781, Valid RMSE: 5.5258, Training Time: 113.2545/epoch
Iter: 000, Train Loss: 3.6782, Train MAPE: 0.0850, Train RMSE: 6.0666
Iter: 050, Train Loss: 3.7481, Train MAPE: 0.0804, Train RMSE: 6.0834
Iter: 100, Train Loss: 3.7588, Train MAPE: 0.0865, Train RMSE: 6.0257
Iter: 150, Train Loss: 3.7275, Train MAPE: 0.0868, Train RMSE: 6.1222
Iter: 200, Train Loss: 3.4502, Train MAPE: 0.0711, Train RMSE: 5.6144
Iter: 250, Train Loss: 3.6941, Train MAPE: 0.0840, Train RMSE: 5.9869
Iter: 300, Train Loss: 3.6712, Train MAPE: 0.0791, Train RMSE: 5.7451
Iter: 350, Train Loss: 3.3934, Train MAPE: 0.0744, Train RMSE: 5.6422
Epoch: 062, Inference Time: 4.7205 secs
Epoch: 062, Train Loss: 3.5051, Train MAPE: 0.0757, Train RMSE: 5.6790, Valid Loss: 2.8725, Valid MAPE: 0.0783, Valid RMSE: 5.4866, Training Time: 113.2332/epoch
Iter: 000, Train Loss: 3.3968, Train MAPE: 0.0710, Train RMSE: 5.5594
Iter: 050, Train Loss: 3.5798, Train MAPE: 0.0790, Train RMSE: 5.9269
Iter: 100, Train Loss: 3.3846, Train MAPE: 0.0691, Train RMSE: 5.3814
Iter: 150, Train Loss: 3.5538, Train MAPE: 0.0719, Train RMSE: 5.5459
Iter: 200, Train Loss: 3.6753, Train MAPE: 0.0879, Train RMSE: 6.1245
Iter: 250, Train Loss: 3.3955, Train MAPE: 0.0738, Train RMSE: 5.5993
Iter: 300, Train Loss: 3.6240, Train MAPE: 0.0781, Train RMSE: 5.8831
Iter: 350, Train Loss: 3.6983, Train MAPE: 0.0826, Train RMSE: 6.0397
Epoch: 063, Inference Time: 4.7220 secs
Epoch: 063, Train Loss: 3.4939, Train MAPE: 0.0753, Train RMSE: 5.6510, Valid Loss: 2.8830, Valid MAPE: 0.0773, Valid RMSE: 5.5011, Training Time: 113.2700/epoch
Iter: 000, Train Loss: 3.3570, Train MAPE: 0.0713, Train RMSE: 5.5359
Iter: 050, Train Loss: 3.6202, Train MAPE: 0.0794, Train RMSE: 5.8421
Iter: 100, Train Loss: 2.8702, Train MAPE: 0.0539, Train RMSE: 4.5685
Iter: 150, Train Loss: 3.4937, Train MAPE: 0.0773, Train RMSE: 5.5538
Iter: 200, Train Loss: 3.2603, Train MAPE: 0.0712, Train RMSE: 5.5077
Iter: 250, Train Loss: 3.2757, Train MAPE: 0.0651, Train RMSE: 5.0268
Iter: 300, Train Loss: 3.2591, Train MAPE: 0.0678, Train RMSE: 5.2553
Iter: 350, Train Loss: 3.4969, Train MAPE: 0.0788, Train RMSE: 5.7265
Epoch: 064, Inference Time: 4.7243 secs
Epoch: 064, Train Loss: 3.4878, Train MAPE: 0.0751, Train RMSE: 5.6320, Valid Loss: 3.0594, Valid MAPE: 0.0860, Valid RMSE: 5.7824, Training Time: 113.2795/epoch
Early Termination!
Average Training Time: 113.4406 secs/epoch
Average Inference Time: 4.7287 secs
Training finished
The valid loss on best model is 2.8694
Evaluate best model on test data for horizon 1, Test MAE: 2.4327, Test MAPE: 0.0602, Test RMSE: 4.2190
Evaluate best model on test data for horizon 2, Test MAE: 2.6610, Test MAPE: 0.0679, Test RMSE: 4.8914
Evaluate best model on test data for horizon 3, Test MAE: 2.8316, Test MAPE: 0.0745, Test RMSE: 5.3771
Evaluate best model on test data for horizon 4, Test MAE: 2.9713, Test MAPE: 0.0802, Test RMSE: 5.7727
Evaluate best model on test data for horizon 5, Test MAE: 3.0860, Test MAPE: 0.0851, Test RMSE: 6.0913
Evaluate best model on test data for horizon 6, Test MAE: 3.1795, Test MAPE: 0.0888, Test RMSE: 6.3429
Evaluate best model on test data for horizon 7, Test MAE: 3.2581, Test MAPE: 0.0919, Test RMSE: 6.5500
Evaluate best model on test data for horizon 8, Test MAE: 3.3285, Test MAPE: 0.0945, Test RMSE: 6.7289
Evaluate best model on test data for horizon 9, Test MAE: 3.3931, Test MAPE: 0.0967, Test RMSE: 6.8891
Evaluate best model on test data for horizon 10, Test MAE: 3.4526, Test MAPE: 0.0987, Test RMSE: 7.0278
Evaluate best model on test data for horizon 11, Test MAE: 3.5055, Test MAPE: 0.1002, Test RMSE: 7.1387
Evaluate best model on test data for horizon 12, Test MAE: 3.5521, Test MAPE: 0.1015, Test RMSE: 7.2229
On average over 12 horizons, Test MAE: 3.1377, Test MAPE: 0.0867, Test RMSE: 6.1877
Total time spent: 7605.6200
