Start Deterministic Training with seed 42
Namespace(device='cuda:0', data='/home/p_tf_zy/p_tf_01/TESTAM-main/data/METR-LA', adjdata='/home/p_tf_zy/p_tf_01/TESTAM-main/data/METR-LA/adj_mx.pkl', adjtype='doubletransition', out_dim=1, nhid=32, in_dim=2, num_nodes=207, batch_size=64, dropout=0.3, epochs=100, print_every=50, seed=42, save='/home/p_tf_zy/p_tf_01/TESTAM-main/experiment/METR-LA_TESTAM', expid=1, load_path=None, patience=15, lr_mul=1, n_warmup_steps=4000, quantile=0.7, is_quantile=False, warmup_epoch=0)
正在加载邻接矩阵文件: /home/p_tf_zy/p_tf_01/TESTAM-main/data/METR-LA/adj_mx.pkl
文件加载成功，数据内容: [['773869', '767541', '767542', '717447', '717446', '717445', '773062', '767620', '737529', '717816', '765604', '767471', '716339', '773906', '765273', '716331', '771667', '716337', '769953', '769402', '769403', '769819', '769405', '716941', '717578', '716960', '717804', '767572', '767573', '773012', '773013', '764424', '769388', '716328', '717819', '769941', '760987', '718204', '718045', '769418', '768066', '772140', '773927', '760024', '774012', '774011', '767609', '769359', '760650', '716956', '769831', '761604', '717495', '716554', '773953', '767470', '716955', '764949', '773954', '767366', '769444', '773939', '774067', '769443', '767750', '767751', '767610', '773880', '764766', '717497', '717490', '717491', '717492', '717493', '765176', '717498', '717499', '765171', '718064', '718066', '765164', '769431', '769430', '717610', '767053', '767621', '772596', '772597', '767350', '767351', '716571', '773023', '767585', '773024', '717483', '718379', '717481', '717480', '717486', '764120', '772151', '718371', '717489', '717488', '717818', '718076', '718072', '767455', '767454', '761599', '717099', '773916', '716968', '769467', '717576', '717573', '717572', '717571', '717570', '764760', '718089', '769847', '717608', '767523', '716942', '718090', '769867', '717472', '717473', '759591', '764781', '765099', '762329', '716953', '716951', '767509', '765182', '769358', '772513', '716958', '718496', '769346', '773904', '718499', '764853', '761003', '717502', '759602', '717504', '763995', '717508', '765265', '773996', '773995', '717469', '717468', '764106', '717465', '764794', '717466', '717461', '717460', '717463', '717462', '769345', '716943', '772669', '717582', '717583', '717580', '716949', '717587', '772178', '717585', '716939', '768469', '764101', '767554', '773975', '773974', '717510', '717513', '717825', '767495', '767494', '717821', '717823', '717458', '717459', '769926', '764858', '717450', '717452', '717453', '759772', '717456', '771673', '772167', '769372', '774204', '769806', '717590', '717592', '717595', '772168', '718141', '769373'], {'717099': 110, '773869': 0, '767541': 1, '767542': 2, '717447': 3, '717446': 4, '717445': 5, '773062': 6, '767053': 84, '737529': 8, '717816': 9, '765604': 10, '767471': 11, '716339': 12, '772596': 86, '765273': 14, '716331': 15, '771667': 16, '716337': 17, '769953': 18, '769402': 19, '769403': 20, '769819': 21, '769405': 22, '769345': 164, '716960': 25, '717804': 26, '767572': 27, '767573': 28, '773012': 29, '773013': 30, '764424': 31, '764101': 176, '769388': 32, '716328': 33, '717819': 34, '769941': 35, '760987': 36, '718204': 37, '718045': 38, '769418': 39, '768066': 40, '772140': 41, '773927': 42, '769867': 126, '772513': 138, '774012': 44, '774011': 45, '767609': 46, '760650': 48, '765099': 131, '769831': 50, '772669': 166, '767585': 92, '716554': 53, '773953': 54, '767470': 55, '762329': 132, '764949': 57, '773954': 58, '767366': 59, '769444': 60, '773939': 61, '774067': 62, '769443': 63, '767750': 64, '767751': 65, '767610': 66, '773880': 67, '764766': 68, '717497': 69, '717490': 70, '717491': 71, '717492': 72, '717493': 73, '765176': 74, '717498': 75, '717499': 76, '765171': 77, '718064': 78, '718066': 79, '718371': 101, '769431': 81, '769430': 82, '717489': 102, '767620': 7, '767621': 85, '773906': 13, '772597': 87, '767350': 88, '767351': 89, '716571': 90, '773023': 91, '761604': 51, '773024': 93, '717483': 94, '718379': 95, '717481': 96, '717480': 97, '717486': 98, '764120': 99, '772151': 100, '765164': 80, '717610': 83, '717488': 103, '769806': 200, '717818': 104, '718076': 105, '718072': 106, '767455': 107, '767454': 108, '769847': 121, '761599': 109, '717495': 52, '773916': 111, '716968': 112, '769467': 113, '717576': 114, '717573': 115, '717572': 116, '717571': 117, '717570': 118, '764760': 119, '718089': 120, '717578': 24, '717608': 122, '759602': 147, '760024': 43, '717472': 127, '717473': 128, '759591': 129, '764781': 130, '716956': 49, '716955': 56, '716953': 133, '716951': 134, '767509': 135, '769358': 137, '769359': 47, '716958': 139, '718496': 140, '769346': 141, '773904': 142, '718499': 143, '764853': 144, '761003': 145, '717502': 146, '718090': 125, '717504': 148, '763995': 149, '717508': 150, '771673': 196, '773996': 152, '773995': 153, '717469': 154, '717468': 155, '764106': 156, '717465': 157, '764794': 158, '717466': 159, '717461': 160, '717460': 161, '717463': 162, '717462': 163, '716941': 23, '716943': 165, '716942': 124, '717582': 167, '717583': 168, '717580': 169, '716949': 170, '717587': 171, '772178': 172, '717585': 173, '716939': 174, '768469': 175, '765182': 136, '767554': 177, '773975': 178, '773974': 179, '717510': 180, '717513': 181, '717825': 182, '767495': 183, '767494': 184, '717821': 185, '717823': 186, '717458': 187, '717459': 188, '769926': 189, '764858': 190, '717450': 191, '717452': 192, '717453': 193, '759772': 194, '717456': 195, '765265': 151, '772167': 197, '718141': 205, '774204': 199, '767523': 123, '717590': 201, '717592': 202, '717595': 203, '772168': 204, '769372': 198, '769373': 206}, array([[1.       , 0.       , 0.       , ..., 0.       , 0.       ,
        0.       ],
       [0.       , 1.       , 0.3909554, ..., 0.       , 0.       ,
        0.       ],
       [0.       , 0.7174379, 1.       , ..., 0.       , 0.       ,
        0.       ],
       ...,
       [0.       , 0.       , 0.       , ..., 1.       , 0.       ,
        0.       ],
       [0.       , 0.       , 0.       , ..., 0.       , 1.       ,
        0.       ],
       [0.       , 0.       , 0.       , ..., 0.       , 0.       ,
        1.       ]], dtype=float32)]
邻接矩阵加载成功。
初始化的邻接矩阵(前5行5列):
 tensor([[1.0000, 0.0000, 0.0000, 0.0000, 0.0000],
        [0.0000, 1.0000, 0.3910, 0.0000, 0.0000],
        [0.0000, 0.7174, 1.0000, 0.0000, 0.0000],
        [0.0000, 0.0000, 0.0000, 1.0000, 0.6337],
        [0.0000, 0.0000, 0.0000, 0.6265, 1.0000]], device='cuda:0')
Train the model with 278365 parameters
start training...
Iter: 000, Train Loss: 19.5154, Train MAPE: 0.3603, Train RMSE: 19.4130
Iter: 050, Train Loss: 11.3775, Train MAPE: 0.3024, Train RMSE: 15.7342
Iter: 100, Train Loss: 8.3961, Train MAPE: 0.2134, Train RMSE: 11.5992
Iter: 150, Train Loss: 7.0273, Train MAPE: 0.1806, Train RMSE: 10.9720
Iter: 200, Train Loss: 6.3322, Train MAPE: 0.1663, Train RMSE: 10.7300
Iter: 250, Train Loss: 5.7681, Train MAPE: 0.1650, Train RMSE: 9.4756
Iter: 300, Train Loss: 5.4012, Train MAPE: 0.1675, Train RMSE: 9.2695
Iter: 350, Train Loss: 5.5320, Train MAPE: 0.1864, Train RMSE: 10.4706
Epoch: 001, Inference Time: 5.9216 secs
Epoch: 001, Train Loss: 7.9142, Train MAPE: 0.2009, Train RMSE: 11.4159, Valid Loss: 4.5200, Valid MAPE: 0.1345, Valid RMSE: 8.3894, Training Time: 150.7474/epoch
Iter: 000, Train Loss: 4.7192, Train MAPE: 0.1253, Train RMSE: 8.4515
Iter: 050, Train Loss: 4.7894, Train MAPE: 0.1403, Train RMSE: 8.5691
Iter: 100, Train Loss: 4.7972, Train MAPE: 0.1367, Train RMSE: 8.7151
Iter: 150, Train Loss: 5.0134, Train MAPE: 0.1461, Train RMSE: 9.4524
Iter: 200, Train Loss: 4.8631, Train MAPE: 0.1418, Train RMSE: 8.9807
Iter: 250, Train Loss: 4.6914, Train MAPE: 0.1436, Train RMSE: 8.5187
Iter: 300, Train Loss: 4.7401, Train MAPE: 0.1374, Train RMSE: 8.8587
Iter: 350, Train Loss: 5.0417, Train MAPE: 0.1606, Train RMSE: 9.4770
Epoch: 002, Inference Time: 5.9997 secs
Epoch: 002, Train Loss: 4.8007, Train MAPE: 0.1432, Train RMSE: 8.9178, Valid Loss: 4.0717, Valid MAPE: 0.1285, Valid RMSE: 7.7198, Training Time: 145.4029/epoch
Iter: 000, Train Loss: 4.8032, Train MAPE: 0.1359, Train RMSE: 8.8434
Iter: 050, Train Loss: 4.6560, Train MAPE: 0.1424, Train RMSE: 8.8033
Iter: 100, Train Loss: 4.0710, Train MAPE: 0.1091, Train RMSE: 7.7585
Iter: 150, Train Loss: 4.4313, Train MAPE: 0.1303, Train RMSE: 8.4889
Iter: 200, Train Loss: 4.3905, Train MAPE: 0.1283, Train RMSE: 8.3384
Iter: 250, Train Loss: 4.2629, Train MAPE: 0.1193, Train RMSE: 8.0243
Iter: 300, Train Loss: 4.7647, Train MAPE: 0.1450, Train RMSE: 8.8509
Iter: 350, Train Loss: 4.6560, Train MAPE: 0.1433, Train RMSE: 9.0179
Epoch: 003, Inference Time: 6.9456 secs
Epoch: 003, Train Loss: 4.5984, Train MAPE: 0.1371, Train RMSE: 8.7058, Valid Loss: 4.1974, Valid MAPE: 0.1315, Valid RMSE: 7.7702, Training Time: 153.7461/epoch
Iter: 000, Train Loss: 4.7718, Train MAPE: 0.1452, Train RMSE: 9.1154
Iter: 050, Train Loss: 4.3677, Train MAPE: 0.1142, Train RMSE: 8.0213
Iter: 100, Train Loss: 4.5431, Train MAPE: 0.1338, Train RMSE: 8.7019
Iter: 150, Train Loss: 4.3237, Train MAPE: 0.1290, Train RMSE: 8.3975
Iter: 200, Train Loss: 4.3594, Train MAPE: 0.1277, Train RMSE: 8.4865
Iter: 250, Train Loss: 4.3446, Train MAPE: 0.1270, Train RMSE: 8.2094
Iter: 300, Train Loss: 4.1502, Train MAPE: 0.1122, Train RMSE: 7.8286
Iter: 350, Train Loss: 4.1542, Train MAPE: 0.1183, Train RMSE: 7.8157
Epoch: 004, Inference Time: 6.7302 secs
Epoch: 004, Train Loss: 4.4530, Train MAPE: 0.1336, Train RMSE: 8.6196, Valid Loss: 4.1392, Valid MAPE: 0.1262, Valid RMSE: 7.6352, Training Time: 153.8846/epoch
Iter: 000, Train Loss: 4.2477, Train MAPE: 0.1258, Train RMSE: 8.3057
Iter: 050, Train Loss: 4.1044, Train MAPE: 0.1145, Train RMSE: 7.8816
Iter: 100, Train Loss: 4.3376, Train MAPE: 0.1254, Train RMSE: 8.2813
Iter: 150, Train Loss: 3.8060, Train MAPE: 0.1002, Train RMSE: 7.5202
Iter: 200, Train Loss: 4.1902, Train MAPE: 0.1113, Train RMSE: 8.1548
Iter: 250, Train Loss: 4.4615, Train MAPE: 0.1356, Train RMSE: 8.6501
Iter: 300, Train Loss: 4.4817, Train MAPE: 0.1306, Train RMSE: 8.8081
Iter: 350, Train Loss: 4.4215, Train MAPE: 0.1377, Train RMSE: 8.4712
Epoch: 005, Inference Time: 5.9832 secs
Epoch: 005, Train Loss: 4.2624, Train MAPE: 0.1254, Train RMSE: 8.3341, Valid Loss: 3.9228, Valid MAPE: 0.1171, Valid RMSE: 7.2745, Training Time: 152.5397/epoch
Iter: 000, Train Loss: 4.2585, Train MAPE: 0.1283, Train RMSE: 8.0517
Iter: 050, Train Loss: 4.3475, Train MAPE: 0.1198, Train RMSE: 8.5819
Iter: 100, Train Loss: 3.8163, Train MAPE: 0.0995, Train RMSE: 7.5676
Iter: 150, Train Loss: 4.2888, Train MAPE: 0.1274, Train RMSE: 8.4244
Iter: 200, Train Loss: 4.0906, Train MAPE: 0.1119, Train RMSE: 7.8343
Iter: 250, Train Loss: 4.1677, Train MAPE: 0.1176, Train RMSE: 8.0414
Iter: 300, Train Loss: 3.8297, Train MAPE: 0.0869, Train RMSE: 6.5068
Iter: 350, Train Loss: 3.6113, Train MAPE: 0.0813, Train RMSE: 6.2296
Epoch: 006, Inference Time: 6.7957 secs
Epoch: 006, Train Loss: 4.1150, Train MAPE: 0.1130, Train RMSE: 7.7748, Valid Loss: 3.4170, Valid MAPE: 0.0950, Valid RMSE: 6.2610, Training Time: 153.0901/epoch
Iter: 000, Train Loss: 3.7173, Train MAPE: 0.0902, Train RMSE: 6.7193
Iter: 050, Train Loss: 4.5998, Train MAPE: 0.1236, Train RMSE: 7.9923
Iter: 100, Train Loss: 3.8980, Train MAPE: 0.0876, Train RMSE: 6.4852
Iter: 150, Train Loss: 3.8011, Train MAPE: 0.0912, Train RMSE: 6.4510
Iter: 200, Train Loss: 3.9876, Train MAPE: 0.1010, Train RMSE: 7.2880
Iter: 250, Train Loss: 3.9193, Train MAPE: 0.0876, Train RMSE: 6.3286
Iter: 300, Train Loss: 4.1669, Train MAPE: 0.1039, Train RMSE: 7.1910
Iter: 350, Train Loss: 3.9969, Train MAPE: 0.0937, Train RMSE: 6.7989
Epoch: 007, Inference Time: 6.3030 secs
Epoch: 007, Train Loss: 3.9957, Train MAPE: 0.0978, Train RMSE: 6.8939, Valid Loss: 3.1305, Valid MAPE: 0.0900, Valid RMSE: 5.9834, Training Time: 151.6329/epoch
Iter: 000, Train Loss: 3.9233, Train MAPE: 0.0875, Train RMSE: 6.6517
Iter: 050, Train Loss: 3.9164, Train MAPE: 0.0948, Train RMSE: 6.8769
Iter: 100, Train Loss: 3.7810, Train MAPE: 0.0865, Train RMSE: 6.3312
Iter: 150, Train Loss: 3.9500, Train MAPE: 0.0976, Train RMSE: 6.6906
Iter: 200, Train Loss: 3.7261, Train MAPE: 0.0912, Train RMSE: 6.4880
Iter: 250, Train Loss: 3.8972, Train MAPE: 0.1028, Train RMSE: 6.9099
Iter: 300, Train Loss: 3.6688, Train MAPE: 0.0811, Train RMSE: 6.4438
Iter: 350, Train Loss: 3.9891, Train MAPE: 0.1044, Train RMSE: 7.2550
Epoch: 008, Inference Time: 5.9206 secs
Epoch: 008, Train Loss: 3.9099, Train MAPE: 0.0950, Train RMSE: 6.7490, Valid Loss: 3.0847, Valid MAPE: 0.0888, Valid RMSE: 5.8733, Training Time: 153.3202/epoch
Iter: 000, Train Loss: 3.6943, Train MAPE: 0.0852, Train RMSE: 6.1835
Iter: 050, Train Loss: 3.9755, Train MAPE: 0.0886, Train RMSE: 6.7895
Iter: 100, Train Loss: 3.9192, Train MAPE: 0.0936, Train RMSE: 6.7461
Iter: 150, Train Loss: 3.6531, Train MAPE: 0.0882, Train RMSE: 6.3105
Iter: 200, Train Loss: 3.7632, Train MAPE: 0.0870, Train RMSE: 6.2245
Iter: 250, Train Loss: 4.1941, Train MAPE: 0.1032, Train RMSE: 7.2277
Iter: 300, Train Loss: 3.7381, Train MAPE: 0.0888, Train RMSE: 6.3480
Iter: 350, Train Loss: 3.4599, Train MAPE: 0.0783, Train RMSE: 6.0369
Epoch: 009, Inference Time: 5.9204 secs
Epoch: 009, Train Loss: 3.8542, Train MAPE: 0.0928, Train RMSE: 6.6358, Valid Loss: 3.0956, Valid MAPE: 0.0871, Valid RMSE: 5.8761, Training Time: 145.0251/epoch
Iter: 000, Train Loss: 3.6537, Train MAPE: 0.0845, Train RMSE: 6.4083
Iter: 050, Train Loss: 3.8068, Train MAPE: 0.0901, Train RMSE: 6.4275
Iter: 100, Train Loss: 3.8700, Train MAPE: 0.1001, Train RMSE: 6.7919
Iter: 150, Train Loss: 3.8304, Train MAPE: 0.0911, Train RMSE: 6.5382
Iter: 200, Train Loss: 3.8335, Train MAPE: 0.0890, Train RMSE: 6.6943
Iter: 250, Train Loss: 4.1627, Train MAPE: 0.1022, Train RMSE: 7.1037
Iter: 300, Train Loss: 3.7100, Train MAPE: 0.0903, Train RMSE: 6.7462
Iter: 350, Train Loss: 3.8709, Train MAPE: 0.0916, Train RMSE: 6.5623
Epoch: 010, Inference Time: 5.9500 secs
Epoch: 010, Train Loss: 3.8185, Train MAPE: 0.0915, Train RMSE: 6.5673, Valid Loss: 3.1156, Valid MAPE: 0.0876, Valid RMSE: 5.9449, Training Time: 145.4798/epoch
Iter: 000, Train Loss: 3.8664, Train MAPE: 0.0911, Train RMSE: 6.6778
Iter: 050, Train Loss: 3.6371, Train MAPE: 0.0915, Train RMSE: 6.5135
Iter: 100, Train Loss: 3.7111, Train MAPE: 0.0846, Train RMSE: 6.3660
Iter: 150, Train Loss: 3.7047, Train MAPE: 0.0850, Train RMSE: 6.3724
Iter: 200, Train Loss: 3.4244, Train MAPE: 0.0739, Train RMSE: 5.9283
Iter: 250, Train Loss: 3.7665, Train MAPE: 0.0885, Train RMSE: 6.2074
Iter: 300, Train Loss: 3.8525, Train MAPE: 0.0983, Train RMSE: 6.6633
Iter: 350, Train Loss: 4.1424, Train MAPE: 0.0963, Train RMSE: 7.0183
Epoch: 011, Inference Time: 5.9199 secs
Epoch: 011, Train Loss: 3.8119, Train MAPE: 0.0911, Train RMSE: 6.5405, Valid Loss: 3.0735, Valid MAPE: 0.0908, Valid RMSE: 5.8794, Training Time: 144.8671/epoch
Iter: 000, Train Loss: 4.0868, Train MAPE: 0.1002, Train RMSE: 7.0345
Iter: 050, Train Loss: 4.0830, Train MAPE: 0.1033, Train RMSE: 6.8502
Iter: 100, Train Loss: 4.0287, Train MAPE: 0.0976, Train RMSE: 6.6595
Iter: 150, Train Loss: 3.5443, Train MAPE: 0.0785, Train RMSE: 6.2333
Iter: 200, Train Loss: 3.6253, Train MAPE: 0.0852, Train RMSE: 6.3476
Iter: 250, Train Loss: 3.8666, Train MAPE: 0.0953, Train RMSE: 6.4162
Iter: 300, Train Loss: 3.8913, Train MAPE: 0.0970, Train RMSE: 6.8389
Iter: 350, Train Loss: 3.3401, Train MAPE: 0.0737, Train RMSE: 5.7090
Epoch: 012, Inference Time: 5.9201 secs
Epoch: 012, Train Loss: 3.8115, Train MAPE: 0.0914, Train RMSE: 6.5525, Valid Loss: 3.0763, Valid MAPE: 0.0906, Valid RMSE: 5.8578, Training Time: 144.8431/epoch
Iter: 000, Train Loss: 3.7268, Train MAPE: 0.0875, Train RMSE: 6.5043
Iter: 050, Train Loss: 3.9331, Train MAPE: 0.1026, Train RMSE: 7.0087
Iter: 100, Train Loss: 3.9411, Train MAPE: 0.1021, Train RMSE: 6.8650
Iter: 150, Train Loss: 3.8120, Train MAPE: 0.0907, Train RMSE: 6.4938
Iter: 200, Train Loss: 3.7178, Train MAPE: 0.0832, Train RMSE: 6.1320
Iter: 250, Train Loss: 3.6682, Train MAPE: 0.0870, Train RMSE: 6.3665
Iter: 300, Train Loss: 3.5744, Train MAPE: 0.0777, Train RMSE: 6.0073
Iter: 350, Train Loss: 3.5488, Train MAPE: 0.0808, Train RMSE: 6.0818
Epoch: 013, Inference Time: 5.9204 secs
Epoch: 013, Train Loss: 3.7558, Train MAPE: 0.0894, Train RMSE: 6.4456, Valid Loss: 2.9606, Valid MAPE: 0.0886, Valid RMSE: 5.6719, Training Time: 144.8733/epoch
Iter: 000, Train Loss: 3.4483, Train MAPE: 0.0783, Train RMSE: 5.8365
Iter: 050, Train Loss: 3.7205, Train MAPE: 0.0839, Train RMSE: 6.3127
Iter: 100, Train Loss: 3.5559, Train MAPE: 0.0845, Train RMSE: 6.1841
Iter: 150, Train Loss: 3.5695, Train MAPE: 0.0776, Train RMSE: 6.1223
Iter: 200, Train Loss: 4.0111, Train MAPE: 0.0951, Train RMSE: 7.0087
Iter: 250, Train Loss: 3.8696, Train MAPE: 0.0951, Train RMSE: 6.8177
Iter: 300, Train Loss: 3.7440, Train MAPE: 0.0879, Train RMSE: 6.4400
Iter: 350, Train Loss: 3.4137, Train MAPE: 0.0775, Train RMSE: 5.9192
Epoch: 014, Inference Time: 5.9334 secs
Epoch: 014, Train Loss: 3.7131, Train MAPE: 0.0880, Train RMSE: 6.3728, Valid Loss: 2.9540, Valid MAPE: 0.0852, Valid RMSE: 5.6124, Training Time: 144.8440/epoch
Iter: 000, Train Loss: 3.5255, Train MAPE: 0.0797, Train RMSE: 5.9144
Iter: 050, Train Loss: 3.5300, Train MAPE: 0.0819, Train RMSE: 6.0257
Iter: 100, Train Loss: 3.8146, Train MAPE: 0.0947, Train RMSE: 6.8415
Iter: 150, Train Loss: 3.7946, Train MAPE: 0.0892, Train RMSE: 6.5336
Iter: 200, Train Loss: 3.5584, Train MAPE: 0.0852, Train RMSE: 5.9734
Iter: 250, Train Loss: 3.5322, Train MAPE: 0.0784, Train RMSE: 6.0205
Iter: 300, Train Loss: 3.4005, Train MAPE: 0.0698, Train RMSE: 5.6881
Iter: 350, Train Loss: 3.9506, Train MAPE: 0.0986, Train RMSE: 7.0467
Epoch: 015, Inference Time: 5.9342 secs
Epoch: 015, Train Loss: 3.6719, Train MAPE: 0.0866, Train RMSE: 6.3000, Valid Loss: 2.9681, Valid MAPE: 0.0847, Valid RMSE: 5.5811, Training Time: 144.8218/epoch
Iter: 000, Train Loss: 3.9898, Train MAPE: 0.0996, Train RMSE: 6.7728
Iter: 050, Train Loss: 3.5013, Train MAPE: 0.0755, Train RMSE: 5.8758
Iter: 100, Train Loss: 3.5257, Train MAPE: 0.0815, Train RMSE: 6.0953
Iter: 150, Train Loss: 3.9888, Train MAPE: 0.1100, Train RMSE: 6.9372
Iter: 200, Train Loss: 3.9043, Train MAPE: 0.0999, Train RMSE: 6.8944
Iter: 250, Train Loss: 3.7042, Train MAPE: 0.0894, Train RMSE: 6.4227
Iter: 300, Train Loss: 3.4259, Train MAPE: 0.0758, Train RMSE: 5.9413
Iter: 350, Train Loss: 3.4934, Train MAPE: 0.0775, Train RMSE: 5.9238
Epoch: 016, Inference Time: 5.9264 secs
Epoch: 016, Train Loss: 3.6355, Train MAPE: 0.0854, Train RMSE: 6.2372, Valid Loss: 2.9074, Valid MAPE: 0.0835, Valid RMSE: 5.5278, Training Time: 144.8661/epoch
Iter: 000, Train Loss: 3.4008, Train MAPE: 0.0737, Train RMSE: 5.8431
Iter: 050, Train Loss: 3.2295, Train MAPE: 0.0696, Train RMSE: 5.5882
Iter: 100, Train Loss: 3.6860, Train MAPE: 0.1005, Train RMSE: 6.6189
Iter: 150, Train Loss: 3.6259, Train MAPE: 0.0913, Train RMSE: 6.1348
Iter: 200, Train Loss: 3.4802, Train MAPE: 0.0747, Train RMSE: 5.8603
Iter: 250, Train Loss: 3.9593, Train MAPE: 0.0998, Train RMSE: 6.8826
Iter: 300, Train Loss: 3.4663, Train MAPE: 0.0747, Train RMSE: 5.5495
Iter: 350, Train Loss: 3.7269, Train MAPE: 0.0853, Train RMSE: 6.3783
Epoch: 017, Inference Time: 6.0189 secs
Epoch: 017, Train Loss: 3.6040, Train MAPE: 0.0842, Train RMSE: 6.1743, Valid Loss: 2.9193, Valid MAPE: 0.0839, Valid RMSE: 5.5999, Training Time: 154.2593/epoch
Iter: 000, Train Loss: 3.7731, Train MAPE: 0.0934, Train RMSE: 6.5838
Iter: 050, Train Loss: 3.6554, Train MAPE: 0.0861, Train RMSE: 6.1245
Iter: 100, Train Loss: 3.5769, Train MAPE: 0.0824, Train RMSE: 6.1911
Iter: 150, Train Loss: 4.2245, Train MAPE: 0.1068, Train RMSE: 7.1898
Iter: 200, Train Loss: 3.9956, Train MAPE: 0.1000, Train RMSE: 6.6204
Iter: 250, Train Loss: 3.4055, Train MAPE: 0.0767, Train RMSE: 5.7623
Iter: 300, Train Loss: 3.5181, Train MAPE: 0.0745, Train RMSE: 5.7028
Iter: 350, Train Loss: 3.4905, Train MAPE: 0.0826, Train RMSE: 5.9604
Epoch: 018, Inference Time: 5.9160 secs
Epoch: 018, Train Loss: 3.5772, Train MAPE: 0.0833, Train RMSE: 6.1290, Valid Loss: 2.9028, Valid MAPE: 0.0833, Valid RMSE: 5.5773, Training Time: 149.1973/epoch
Iter: 000, Train Loss: 3.7785, Train MAPE: 0.0900, Train RMSE: 6.2972
Iter: 050, Train Loss: 3.5610, Train MAPE: 0.0793, Train RMSE: 5.8899
Iter: 100, Train Loss: 3.4279, Train MAPE: 0.0806, Train RMSE: 5.9401
Iter: 150, Train Loss: 3.4185, Train MAPE: 0.0735, Train RMSE: 5.8382
Iter: 200, Train Loss: 3.7048, Train MAPE: 0.0909, Train RMSE: 6.3739
Iter: 250, Train Loss: 3.3398, Train MAPE: 0.0725, Train RMSE: 5.5600
Iter: 300, Train Loss: 3.6210, Train MAPE: 0.0816, Train RMSE: 6.1134
Iter: 350, Train Loss: 3.1968, Train MAPE: 0.0653, Train RMSE: 5.4235
Epoch: 019, Inference Time: 5.9062 secs
Epoch: 019, Train Loss: 3.5538, Train MAPE: 0.0825, Train RMSE: 6.0843, Valid Loss: 2.8691, Valid MAPE: 0.0802, Valid RMSE: 5.4809, Training Time: 149.5503/epoch
Iter: 000, Train Loss: 3.3241, Train MAPE: 0.0739, Train RMSE: 5.7351
Iter: 050, Train Loss: 3.5563, Train MAPE: 0.0824, Train RMSE: 5.9058
Iter: 100, Train Loss: 3.4246, Train MAPE: 0.0769, Train RMSE: 5.8662
Iter: 150, Train Loss: 3.7078, Train MAPE: 0.0891, Train RMSE: 6.3210
Iter: 200, Train Loss: 3.5429, Train MAPE: 0.0828, Train RMSE: 5.8589
Iter: 250, Train Loss: 3.4943, Train MAPE: 0.0802, Train RMSE: 5.9755
Iter: 300, Train Loss: 3.8310, Train MAPE: 0.0953, Train RMSE: 6.6385
Iter: 350, Train Loss: 3.5277, Train MAPE: 0.0780, Train RMSE: 5.8304
Epoch: 020, Inference Time: 9.9250 secs
Epoch: 020, Train Loss: 3.5358, Train MAPE: 0.0819, Train RMSE: 6.0507, Valid Loss: 2.8644, Valid MAPE: 0.0818, Valid RMSE: 5.4787, Training Time: 145.3289/epoch
Iter: 000, Train Loss: 3.6422, Train MAPE: 0.0816, Train RMSE: 6.0536
Iter: 050, Train Loss: 3.4727, Train MAPE: 0.0743, Train RMSE: 5.7669
Iter: 100, Train Loss: 3.3270, Train MAPE: 0.0720, Train RMSE: 5.6964
Iter: 150, Train Loss: 3.6634, Train MAPE: 0.0819, Train RMSE: 5.8708
Iter: 200, Train Loss: 3.7171, Train MAPE: 0.0850, Train RMSE: 6.2317
Iter: 250, Train Loss: 3.2780, Train MAPE: 0.0761, Train RMSE: 5.6196
Iter: 300, Train Loss: 3.6551, Train MAPE: 0.0858, Train RMSE: 6.3514
Iter: 350, Train Loss: 3.5505, Train MAPE: 0.0823, Train RMSE: 6.1006
Epoch: 021, Inference Time: 6.1321 secs
Epoch: 021, Train Loss: 3.5243, Train MAPE: 0.0815, Train RMSE: 6.0266, Valid Loss: 2.8582, Valid MAPE: 0.0812, Valid RMSE: 5.4757, Training Time: 146.7080/epoch
Iter: 000, Train Loss: 3.6363, Train MAPE: 0.0870, Train RMSE: 6.2061
Iter: 050, Train Loss: 3.3500, Train MAPE: 0.0768, Train RMSE: 5.8360
Iter: 100, Train Loss: 3.3040, Train MAPE: 0.0706, Train RMSE: 5.5840
Iter: 150, Train Loss: 3.6784, Train MAPE: 0.0846, Train RMSE: 6.2195
Iter: 200, Train Loss: 3.5838, Train MAPE: 0.0810, Train RMSE: 6.1965
Iter: 250, Train Loss: 3.6410, Train MAPE: 0.0839, Train RMSE: 6.1326
Iter: 300, Train Loss: 3.5813, Train MAPE: 0.0766, Train RMSE: 6.0495
Iter: 350, Train Loss: 3.6408, Train MAPE: 0.0823, Train RMSE: 6.2078
Epoch: 022, Inference Time: 6.1053 secs
Epoch: 022, Train Loss: 3.6183, Train MAPE: 0.0843, Train RMSE: 6.1774, Valid Loss: 2.9618, Valid MAPE: 0.0830, Valid RMSE: 5.6190, Training Time: 145.8282/epoch
Iter: 000, Train Loss: 3.4843, Train MAPE: 0.0776, Train RMSE: 5.8863
Iter: 050, Train Loss: 3.7060, Train MAPE: 0.0933, Train RMSE: 6.2909
Iter: 100, Train Loss: 3.4432, Train MAPE: 0.0781, Train RMSE: 5.9960
Iter: 150, Train Loss: 3.3448, Train MAPE: 0.0738, Train RMSE: 5.9714
Iter: 200, Train Loss: 3.5859, Train MAPE: 0.0787, Train RMSE: 5.9843
Iter: 250, Train Loss: 3.9240, Train MAPE: 0.0936, Train RMSE: 6.6474
Iter: 300, Train Loss: 3.6029, Train MAPE: 0.0768, Train RMSE: 6.1583
Iter: 350, Train Loss: 3.4074, Train MAPE: 0.0782, Train RMSE: 5.7831
Epoch: 023, Inference Time: 5.9087 secs
Epoch: 023, Train Loss: 3.6362, Train MAPE: 0.0850, Train RMSE: 6.2170, Valid Loss: 3.0250, Valid MAPE: 0.0823, Valid RMSE: 5.7610, Training Time: 145.0886/epoch
Iter: 000, Train Loss: 3.5505, Train MAPE: 0.0806, Train RMSE: 6.3588
Iter: 050, Train Loss: 3.4927, Train MAPE: 0.0777, Train RMSE: 5.9200
Iter: 100, Train Loss: 3.5325, Train MAPE: 0.0834, Train RMSE: 6.1682
Iter: 150, Train Loss: 3.5160, Train MAPE: 0.0795, Train RMSE: 5.9577
Iter: 200, Train Loss: 3.4558, Train MAPE: 0.0746, Train RMSE: 5.8281
Iter: 250, Train Loss: 3.6460, Train MAPE: 0.0840, Train RMSE: 6.1277
Iter: 300, Train Loss: 3.8288, Train MAPE: 0.0952, Train RMSE: 6.5819
Iter: 350, Train Loss: 3.6058, Train MAPE: 0.0879, Train RMSE: 6.2298
Epoch: 024, Inference Time: 5.9092 secs
Epoch: 024, Train Loss: 3.6152, Train MAPE: 0.0845, Train RMSE: 6.1849, Valid Loss: 2.9324, Valid MAPE: 0.0839, Valid RMSE: 5.5912, Training Time: 144.7432/epoch
Iter: 000, Train Loss: 3.6976, Train MAPE: 0.0871, Train RMSE: 6.3571
Iter: 050, Train Loss: 3.6560, Train MAPE: 0.0805, Train RMSE: 6.1265
Iter: 100, Train Loss: 3.6747, Train MAPE: 0.0904, Train RMSE: 6.4579
Iter: 150, Train Loss: 3.6509, Train MAPE: 0.0802, Train RMSE: 6.1103
Iter: 200, Train Loss: 3.3812, Train MAPE: 0.0734, Train RMSE: 5.7944
Iter: 250, Train Loss: 3.7091, Train MAPE: 0.0859, Train RMSE: 6.3636
Iter: 300, Train Loss: 3.4778, Train MAPE: 0.0800, Train RMSE: 5.9887
Iter: 350, Train Loss: 3.7064, Train MAPE: 0.0879, Train RMSE: 6.2816
Epoch: 025, Inference Time: 5.9233 secs
Epoch: 025, Train Loss: 3.5911, Train MAPE: 0.0837, Train RMSE: 6.1444, Valid Loss: 2.8914, Valid MAPE: 0.0814, Valid RMSE: 5.5237, Training Time: 144.8738/epoch
Iter: 000, Train Loss: 3.7053, Train MAPE: 0.0850, Train RMSE: 6.3166
Iter: 050, Train Loss: 3.6116, Train MAPE: 0.0788, Train RMSE: 6.0491
Iter: 100, Train Loss: 3.6774, Train MAPE: 0.0789, Train RMSE: 6.3217
Iter: 150, Train Loss: 3.5842, Train MAPE: 0.0846, Train RMSE: 6.0151
Iter: 200, Train Loss: 3.6013, Train MAPE: 0.0824, Train RMSE: 6.0418
Iter: 250, Train Loss: 3.5397, Train MAPE: 0.0834, Train RMSE: 6.0933
Iter: 300, Train Loss: 3.6773, Train MAPE: 0.0847, Train RMSE: 6.1808
Iter: 350, Train Loss: 3.5947, Train MAPE: 0.0866, Train RMSE: 6.3070
Epoch: 026, Inference Time: 5.9304 secs
Epoch: 026, Train Loss: 3.5691, Train MAPE: 0.0828, Train RMSE: 6.0997, Valid Loss: 2.8766, Valid MAPE: 0.0820, Valid RMSE: 5.5313, Training Time: 144.8872/epoch
Iter: 000, Train Loss: 3.4264, Train MAPE: 0.0758, Train RMSE: 5.7229
Iter: 050, Train Loss: 3.6622, Train MAPE: 0.0906, Train RMSE: 6.3111
Iter: 100, Train Loss: 3.6156, Train MAPE: 0.0851, Train RMSE: 6.0800
Iter: 150, Train Loss: 3.5340, Train MAPE: 0.0868, Train RMSE: 6.3609
Iter: 200, Train Loss: 3.5806, Train MAPE: 0.0860, Train RMSE: 6.2219
Iter: 250, Train Loss: 3.6198, Train MAPE: 0.0784, Train RMSE: 5.8924
Iter: 300, Train Loss: 3.4175, Train MAPE: 0.0784, Train RMSE: 5.9458
Iter: 350, Train Loss: 3.6064, Train MAPE: 0.0858, Train RMSE: 6.2738
Epoch: 027, Inference Time: 5.9298 secs
Epoch: 027, Train Loss: 3.5431, Train MAPE: 0.0819, Train RMSE: 6.0448, Valid Loss: 2.9060, Valid MAPE: 0.0833, Valid RMSE: 5.5414, Training Time: 144.8748/epoch
Iter: 000, Train Loss: 3.7637, Train MAPE: 0.0905, Train RMSE: 6.4539
Iter: 050, Train Loss: 3.5874, Train MAPE: 0.0832, Train RMSE: 6.1189
Iter: 100, Train Loss: 3.3286, Train MAPE: 0.0714, Train RMSE: 5.7191
Iter: 150, Train Loss: 3.6388, Train MAPE: 0.0887, Train RMSE: 6.3179
Iter: 200, Train Loss: 3.8946, Train MAPE: 0.1003, Train RMSE: 6.7672
Iter: 250, Train Loss: 3.4440, Train MAPE: 0.0775, Train RMSE: 5.8360
Iter: 300, Train Loss: 3.7518, Train MAPE: 0.0909, Train RMSE: 6.3133
Iter: 350, Train Loss: 3.2429, Train MAPE: 0.0686, Train RMSE: 5.6518
Epoch: 028, Inference Time: 5.9243 secs
Epoch: 028, Train Loss: 3.5231, Train MAPE: 0.0812, Train RMSE: 6.0046, Valid Loss: 2.8748, Valid MAPE: 0.0809, Valid RMSE: 5.4886, Training Time: 148.2309/epoch
Iter: 000, Train Loss: 3.7671, Train MAPE: 0.0899, Train RMSE: 6.5962
Iter: 050, Train Loss: 3.1722, Train MAPE: 0.0738, Train RMSE: 5.5412
Iter: 100, Train Loss: 3.2450, Train MAPE: 0.0771, Train RMSE: 5.5721
Iter: 150, Train Loss: 3.5795, Train MAPE: 0.0779, Train RMSE: 5.8581
Iter: 200, Train Loss: 3.4834, Train MAPE: 0.0781, Train RMSE: 5.9213
Iter: 250, Train Loss: 3.0895, Train MAPE: 0.0678, Train RMSE: 5.4107
Iter: 300, Train Loss: 3.4799, Train MAPE: 0.0819, Train RMSE: 5.9563
Iter: 350, Train Loss: 3.4682, Train MAPE: 0.0756, Train RMSE: 5.7419
Epoch: 029, Inference Time: 5.9264 secs
Epoch: 029, Train Loss: 3.5007, Train MAPE: 0.0803, Train RMSE: 5.9542, Valid Loss: 2.8710, Valid MAPE: 0.0825, Valid RMSE: 5.5085, Training Time: 145.4442/epoch
Iter: 000, Train Loss: 3.3921, Train MAPE: 0.0766, Train RMSE: 5.7035
Iter: 050, Train Loss: 3.6428, Train MAPE: 0.0899, Train RMSE: 6.2412
Iter: 100, Train Loss: 3.3964, Train MAPE: 0.0776, Train RMSE: 5.6981
Iter: 150, Train Loss: 3.5548, Train MAPE: 0.0897, Train RMSE: 6.3726
Iter: 200, Train Loss: 3.6339, Train MAPE: 0.0869, Train RMSE: 6.2270
Iter: 250, Train Loss: 3.2229, Train MAPE: 0.0693, Train RMSE: 5.4328
Iter: 300, Train Loss: 3.3945, Train MAPE: 0.0686, Train RMSE: 5.5903
Iter: 350, Train Loss: 3.6893, Train MAPE: 0.0861, Train RMSE: 6.2625
Epoch: 030, Inference Time: 5.9266 secs
Epoch: 030, Train Loss: 3.4832, Train MAPE: 0.0797, Train RMSE: 5.9173, Valid Loss: 2.8586, Valid MAPE: 0.0807, Valid RMSE: 5.4397, Training Time: 144.9119/epoch
Iter: 000, Train Loss: 3.6995, Train MAPE: 0.0888, Train RMSE: 6.3402
Iter: 050, Train Loss: 3.7661, Train MAPE: 0.0900, Train RMSE: 6.4453
Iter: 100, Train Loss: 3.5175, Train MAPE: 0.0831, Train RMSE: 6.0957
Iter: 150, Train Loss: 3.3299, Train MAPE: 0.0700, Train RMSE: 5.4868
Iter: 200, Train Loss: 3.1990, Train MAPE: 0.0682, Train RMSE: 5.4783
Iter: 250, Train Loss: 3.2789, Train MAPE: 0.0760, Train RMSE: 5.7252
Iter: 300, Train Loss: 3.3765, Train MAPE: 0.0790, Train RMSE: 5.7371
Iter: 350, Train Loss: 3.6316, Train MAPE: 0.0890, Train RMSE: 6.2534
Epoch: 031, Inference Time: 5.9255 secs
Epoch: 031, Train Loss: 3.4700, Train MAPE: 0.0793, Train RMSE: 5.8881, Valid Loss: 2.8614, Valid MAPE: 0.0805, Valid RMSE: 5.4641, Training Time: 144.9123/epoch
Iter: 000, Train Loss: 3.5279, Train MAPE: 0.0760, Train RMSE: 5.7030
Iter: 050, Train Loss: 3.2257, Train MAPE: 0.0683, Train RMSE: 5.2973
Iter: 100, Train Loss: 3.4943, Train MAPE: 0.0800, Train RMSE: 6.0816
Iter: 150, Train Loss: 3.3865, Train MAPE: 0.0761, Train RMSE: 5.9240
Iter: 200, Train Loss: 3.2224, Train MAPE: 0.0691, Train RMSE: 5.4692
Iter: 250, Train Loss: 3.4665, Train MAPE: 0.0811, Train RMSE: 5.9784
Iter: 300, Train Loss: 3.4316, Train MAPE: 0.0783, Train RMSE: 5.9416
Iter: 350, Train Loss: 3.5940, Train MAPE: 0.0891, Train RMSE: 6.4015
Epoch: 032, Inference Time: 5.9252 secs
Epoch: 032, Train Loss: 3.4628, Train MAPE: 0.0790, Train RMSE: 5.8694, Valid Loss: 2.9479, Valid MAPE: 0.0867, Valid RMSE: 5.7085, Training Time: 144.9054/epoch
Iter: 000, Train Loss: 3.7431, Train MAPE: 0.0972, Train RMSE: 6.5951
Iter: 050, Train Loss: 3.8409, Train MAPE: 0.0928, Train RMSE: 6.6436
Iter: 100, Train Loss: 3.9244, Train MAPE: 0.0943, Train RMSE: 6.5415
Iter: 150, Train Loss: 3.3205, Train MAPE: 0.0679, Train RMSE: 5.5356
Iter: 200, Train Loss: 3.5263, Train MAPE: 0.0825, Train RMSE: 6.1957
Iter: 250, Train Loss: 3.4860, Train MAPE: 0.0841, Train RMSE: 6.2019
Iter: 300, Train Loss: 3.5097, Train MAPE: 0.0790, Train RMSE: 5.9292
Iter: 350, Train Loss: 3.5079, Train MAPE: 0.0798, Train RMSE: 5.8906
Epoch: 033, Inference Time: 5.9247 secs
Epoch: 033, Train Loss: 3.5902, Train MAPE: 0.0832, Train RMSE: 6.1113, Valid Loss: 2.9727, Valid MAPE: 0.0828, Valid RMSE: 5.6177, Training Time: 144.8912/epoch
Iter: 000, Train Loss: 3.8876, Train MAPE: 0.0949, Train RMSE: 6.4353
Iter: 050, Train Loss: 3.4437, Train MAPE: 0.0845, Train RMSE: 6.0976
Iter: 100, Train Loss: 3.4074, Train MAPE: 0.0816, Train RMSE: 5.9335
Iter: 150, Train Loss: 3.7993, Train MAPE: 0.1009, Train RMSE: 6.7442
Iter: 200, Train Loss: 3.4062, Train MAPE: 0.0737, Train RMSE: 5.7454
Iter: 250, Train Loss: 3.4807, Train MAPE: 0.0748, Train RMSE: 5.6902
Iter: 300, Train Loss: 3.5274, Train MAPE: 0.0762, Train RMSE: 5.8929
Iter: 350, Train Loss: 3.9019, Train MAPE: 0.0967, Train RMSE: 6.6984
Epoch: 034, Inference Time: 5.9246 secs
Epoch: 034, Train Loss: 3.5640, Train MAPE: 0.0825, Train RMSE: 6.0731, Valid Loss: 2.9168, Valid MAPE: 0.0838, Valid RMSE: 5.5930, Training Time: 144.8987/epoch
Iter: 000, Train Loss: 3.7714, Train MAPE: 0.0991, Train RMSE: 6.5503
Iter: 050, Train Loss: 3.3779, Train MAPE: 0.0722, Train RMSE: 5.6993
Iter: 100, Train Loss: 3.7607, Train MAPE: 0.0856, Train RMSE: 6.4035
Iter: 150, Train Loss: 3.6142, Train MAPE: 0.0862, Train RMSE: 6.2144
Iter: 200, Train Loss: 3.6441, Train MAPE: 0.0836, Train RMSE: 6.1398
Iter: 250, Train Loss: 3.6308, Train MAPE: 0.0860, Train RMSE: 6.0877
Iter: 300, Train Loss: 3.4555, Train MAPE: 0.0800, Train RMSE: 5.8576
Iter: 350, Train Loss: 3.4906, Train MAPE: 0.0781, Train RMSE: 5.9527
Epoch: 035, Inference Time: 5.9217 secs
Epoch: 035, Train Loss: 3.5499, Train MAPE: 0.0821, Train RMSE: 6.0451, Valid Loss: 2.9168, Valid MAPE: 0.0823, Valid RMSE: 5.5629, Training Time: 144.8547/epoch
Iter: 000, Train Loss: 3.4007, Train MAPE: 0.0743, Train RMSE: 5.9506
Iter: 050, Train Loss: 3.7403, Train MAPE: 0.0913, Train RMSE: 6.2337
Iter: 100, Train Loss: 3.4964, Train MAPE: 0.0792, Train RMSE: 6.0804
Iter: 150, Train Loss: 3.2214, Train MAPE: 0.0711, Train RMSE: 5.3555
Iter: 200, Train Loss: 3.7708, Train MAPE: 0.0955, Train RMSE: 6.6975
Iter: 250, Train Loss: 3.6836, Train MAPE: 0.0857, Train RMSE: 6.1525
Iter: 300, Train Loss: 3.5883, Train MAPE: 0.0863, Train RMSE: 6.2425
Iter: 350, Train Loss: 3.5822, Train MAPE: 0.0809, Train RMSE: 6.1635
Epoch: 036, Inference Time: 5.9290 secs
Epoch: 036, Train Loss: 3.5362, Train MAPE: 0.0814, Train RMSE: 6.0138, Valid Loss: 2.9243, Valid MAPE: 0.0833, Valid RMSE: 5.5367, Training Time: 145.1246/epoch
Iter: 000, Train Loss: 3.5763, Train MAPE: 0.0833, Train RMSE: 6.0624
Iter: 050, Train Loss: 3.5679, Train MAPE: 0.0875, Train RMSE: 6.2483
Iter: 100, Train Loss: 3.5496, Train MAPE: 0.0792, Train RMSE: 6.0164
Iter: 150, Train Loss: 3.4654, Train MAPE: 0.0771, Train RMSE: 5.7239
Iter: 200, Train Loss: 3.3345, Train MAPE: 0.0724, Train RMSE: 5.5742
Iter: 250, Train Loss: 3.3999, Train MAPE: 0.0729, Train RMSE: 5.7658
Iter: 300, Train Loss: 3.3636, Train MAPE: 0.0781, Train RMSE: 5.7389
Iter: 350, Train Loss: 3.6009, Train MAPE: 0.0892, Train RMSE: 6.2104
Epoch: 037, Inference Time: 5.9289 secs
Epoch: 037, Train Loss: 3.5153, Train MAPE: 0.0807, Train RMSE: 5.9696, Valid Loss: 2.8706, Valid MAPE: 0.0821, Valid RMSE: 5.4853, Training Time: 144.9000/epoch
Early Termination!
Average Training Time: 147.0918 secs/epoch
Average Inference Time: 6.1321 secs
Training finished
The valid loss on best model is 2.8582
Evaluate best model on test data for horizon 1, Test MAE: 2.4048, Test MAPE: 0.0596, Test RMSE: 4.2289
Evaluate best model on test data for horizon 2, Test MAE: 2.6552, Test MAPE: 0.0679, Test RMSE: 4.9652
Evaluate best model on test data for horizon 3, Test MAE: 2.8302, Test MAPE: 0.0742, Test RMSE: 5.4426
Evaluate best model on test data for horizon 4, Test MAE: 2.9694, Test MAPE: 0.0796, Test RMSE: 5.8010
Evaluate best model on test data for horizon 5, Test MAE: 3.0857, Test MAPE: 0.0842, Test RMSE: 6.0926
Evaluate best model on test data for horizon 6, Test MAE: 3.1899, Test MAPE: 0.0884, Test RMSE: 6.3477
Evaluate best model on test data for horizon 7, Test MAE: 3.2798, Test MAPE: 0.0921, Test RMSE: 6.5672
Evaluate best model on test data for horizon 8, Test MAE: 3.3568, Test MAPE: 0.0954, Test RMSE: 6.7526
Evaluate best model on test data for horizon 9, Test MAE: 3.4226, Test MAPE: 0.0981, Test RMSE: 6.9087
Evaluate best model on test data for horizon 10, Test MAE: 3.4796, Test MAPE: 0.1003, Test RMSE: 7.0400
Evaluate best model on test data for horizon 11, Test MAE: 3.5315, Test MAPE: 0.1022, Test RMSE: 7.1532
Evaluate best model on test data for horizon 12, Test MAE: 3.5825, Test MAPE: 0.1041, Test RMSE: 7.2569
On average over 12 horizons, Test MAE: 3.1490, Test MAPE: 0.0872, Test RMSE: 6.2131
Total time spent: 5716.7466
