Start Deterministic Training with seed 42
Namespace(device='cuda:0', data='/home/p_tf_zy/p_tf_01/TESTAM-main/data/METR-LA', adjdata='/home/p_tf_zy/p_tf_01/TESTAM-main/data/METR-LA/adj_mx.pkl', adjtype='doubletransition', out_dim=1, nhid=32, in_dim=2, num_nodes=207, batch_size=64, dropout=0.3, epochs=100, print_every=50, seed=42, save='/home/p_tf_zy/p_tf_01/TESTAM-main/experiment/METR-LA_TESTAM', expid=1, load_path=None, patience=15, lr_mul=1, n_warmup_steps=4000, quantile=0.7, is_quantile=False, warmup_epoch=0)
Train the model with 278365 parameters
start training...
Iter: 000, Train Loss: 19.6933, Train MAPE: 0.3870, Train RMSE: 20.5699
Iter: 050, Train Loss: 11.9140, Train MAPE: 0.3008, Train RMSE: 15.6149
Iter: 100, Train Loss: 8.7736, Train MAPE: 0.2139, Train RMSE: 11.6329
Iter: 150, Train Loss: 7.2025, Train MAPE: 0.1795, Train RMSE: 10.9569
Iter: 200, Train Loss: 6.4883, Train MAPE: 0.1664, Train RMSE: 10.7311
Iter: 250, Train Loss: 5.9059, Train MAPE: 0.1655, Train RMSE: 9.4955
Iter: 300, Train Loss: 5.4896, Train MAPE: 0.1688, Train RMSE: 9.3001
Iter: 350, Train Loss: 5.5875, Train MAPE: 0.1863, Train RMSE: 10.4787
Epoch: 001, Inference Time: 6.0456 secs
Epoch: 001, Train Loss: 8.1197, Train MAPE: 0.2025, Train RMSE: 11.4863, Valid Loss: 4.4995, Valid MAPE: 0.1348, Valid RMSE: 8.4292, Training Time: 154.3179/epoch
Iter: 000, Train Loss: 4.7674, Train MAPE: 0.1254, Train RMSE: 8.4636
Iter: 050, Train Loss: 4.8043, Train MAPE: 0.1412, Train RMSE: 8.6158
Iter: 100, Train Loss: 4.8062, Train MAPE: 0.1366, Train RMSE: 8.6957
Iter: 150, Train Loss: 5.0290, Train MAPE: 0.1479, Train RMSE: 9.7101
Iter: 200, Train Loss: 4.8614, Train MAPE: 0.1410, Train RMSE: 8.9148
Iter: 250, Train Loss: 4.7621, Train MAPE: 0.1445, Train RMSE: 8.4897
Iter: 300, Train Loss: 4.7590, Train MAPE: 0.1372, Train RMSE: 8.8370
Iter: 350, Train Loss: 5.0472, Train MAPE: 0.1605, Train RMSE: 9.4429
Epoch: 002, Inference Time: 6.0500 secs
Epoch: 002, Train Loss: 4.8280, Train MAPE: 0.1434, Train RMSE: 8.9330, Valid Loss: 4.1972, Valid MAPE: 0.1317, Valid RMSE: 7.8587, Training Time: 145.4293/epoch
Iter: 000, Train Loss: 4.8343, Train MAPE: 0.1373, Train RMSE: 8.8975
Iter: 050, Train Loss: 4.6686, Train MAPE: 0.1422, Train RMSE: 8.8177
Iter: 100, Train Loss: 4.0786, Train MAPE: 0.1084, Train RMSE: 7.7330
Iter: 150, Train Loss: 4.4251, Train MAPE: 0.1273, Train RMSE: 8.3468
Iter: 200, Train Loss: 4.3957, Train MAPE: 0.1284, Train RMSE: 8.3967
Iter: 250, Train Loss: 4.2978, Train MAPE: 0.1186, Train RMSE: 8.0344
Iter: 300, Train Loss: 4.7779, Train MAPE: 0.1446, Train RMSE: 8.8293
Iter: 350, Train Loss: 4.6598, Train MAPE: 0.1428, Train RMSE: 8.9976
Epoch: 003, Inference Time: 6.0448 secs
Epoch: 003, Train Loss: 4.6055, Train MAPE: 0.1368, Train RMSE: 8.6885, Valid Loss: 4.0686, Valid MAPE: 0.1288, Valid RMSE: 7.6390, Training Time: 145.4872/epoch
Iter: 000, Train Loss: 4.7606, Train MAPE: 0.1437, Train RMSE: 8.9998
Iter: 050, Train Loss: 4.3588, Train MAPE: 0.1125, Train RMSE: 7.9437
Iter: 100, Train Loss: 4.5248, Train MAPE: 0.1334, Train RMSE: 8.5786
Iter: 150, Train Loss: 4.3126, Train MAPE: 0.1278, Train RMSE: 8.3971
Iter: 200, Train Loss: 4.3157, Train MAPE: 0.1291, Train RMSE: 8.4616
Iter: 250, Train Loss: 4.3192, Train MAPE: 0.1268, Train RMSE: 8.1899
Iter: 300, Train Loss: 4.1019, Train MAPE: 0.1119, Train RMSE: 7.8858
Iter: 350, Train Loss: 4.1282, Train MAPE: 0.1174, Train RMSE: 7.7915
Epoch: 004, Inference Time: 6.0452 secs
Epoch: 004, Train Loss: 4.4404, Train MAPE: 0.1333, Train RMSE: 8.6194, Valid Loss: 4.2624, Valid MAPE: 0.1290, Valid RMSE: 7.7314, Training Time: 145.4943/epoch
Iter: 000, Train Loss: 4.2579, Train MAPE: 0.1269, Train RMSE: 8.3442
Iter: 050, Train Loss: 4.1091, Train MAPE: 0.1170, Train RMSE: 7.9767
Iter: 100, Train Loss: 4.3374, Train MAPE: 0.1270, Train RMSE: 8.3543
Iter: 150, Train Loss: 3.8153, Train MAPE: 0.0995, Train RMSE: 7.5420
Iter: 200, Train Loss: 4.1543, Train MAPE: 0.1119, Train RMSE: 8.2051
Iter: 250, Train Loss: 4.4792, Train MAPE: 0.1343, Train RMSE: 8.6630
Iter: 300, Train Loss: 4.4948, Train MAPE: 0.1290, Train RMSE: 8.7285
Iter: 350, Train Loss: 4.3788, Train MAPE: 0.1328, Train RMSE: 8.5030
Epoch: 005, Inference Time: 6.0444 secs
Epoch: 005, Train Loss: 4.2683, Train MAPE: 0.1254, Train RMSE: 8.3445, Valid Loss: 3.9212, Valid MAPE: 0.1208, Valid RMSE: 7.3255, Training Time: 145.4854/epoch
Iter: 000, Train Loss: 4.2335, Train MAPE: 0.1303, Train RMSE: 7.9877
Iter: 050, Train Loss: 4.4031, Train MAPE: 0.1256, Train RMSE: 8.6623
Iter: 100, Train Loss: 3.8256, Train MAPE: 0.1008, Train RMSE: 7.5155
Iter: 150, Train Loss: 4.2841, Train MAPE: 0.1326, Train RMSE: 8.5983
Iter: 200, Train Loss: 4.1501, Train MAPE: 0.1178, Train RMSE: 8.0193
Iter: 250, Train Loss: 4.2111, Train MAPE: 0.1205, Train RMSE: 8.2038
Iter: 300, Train Loss: 3.8639, Train MAPE: 0.0959, Train RMSE: 7.3197
Iter: 350, Train Loss: 3.6484, Train MAPE: 0.0898, Train RMSE: 6.8360
Epoch: 006, Inference Time: 6.0451 secs
Epoch: 006, Train Loss: 4.1381, Train MAPE: 0.1180, Train RMSE: 8.0293, Valid Loss: 3.9208, Valid MAPE: 0.1147, Valid RMSE: 7.1975, Training Time: 145.5005/epoch
Iter: 000, Train Loss: 3.7392, Train MAPE: 0.1022, Train RMSE: 7.2150
Iter: 050, Train Loss: 4.6356, Train MAPE: 0.1346, Train RMSE: 8.4785
Iter: 100, Train Loss: 3.9564, Train MAPE: 0.0979, Train RMSE: 7.2197
Iter: 150, Train Loss: 3.8592, Train MAPE: 0.1027, Train RMSE: 6.8746
Iter: 200, Train Loss: 3.9891, Train MAPE: 0.1021, Train RMSE: 7.3357
Iter: 250, Train Loss: 3.9719, Train MAPE: 0.1001, Train RMSE: 6.8390
Iter: 300, Train Loss: 4.2361, Train MAPE: 0.1051, Train RMSE: 7.2785
Iter: 350, Train Loss: 4.0534, Train MAPE: 0.1047, Train RMSE: 7.0302
Epoch: 007, Inference Time: 6.0479 secs
Epoch: 007, Train Loss: 4.0373, Train MAPE: 0.1061, Train RMSE: 7.3251, Valid Loss: 3.5469, Valid MAPE: 0.1019, Valid RMSE: 6.5445, Training Time: 145.5339/epoch
Iter: 000, Train Loss: 3.9681, Train MAPE: 0.0956, Train RMSE: 6.9738
Iter: 050, Train Loss: 3.9762, Train MAPE: 0.1055, Train RMSE: 7.1547
Iter: 100, Train Loss: 3.8297, Train MAPE: 0.0922, Train RMSE: 6.8252
Iter: 150, Train Loss: 4.0119, Train MAPE: 0.1039, Train RMSE: 7.0165
Iter: 200, Train Loss: 3.7539, Train MAPE: 0.0985, Train RMSE: 6.9192
Iter: 250, Train Loss: 3.9334, Train MAPE: 0.1064, Train RMSE: 7.1466
Iter: 300, Train Loss: 3.7137, Train MAPE: 0.0906, Train RMSE: 6.6622
Iter: 350, Train Loss: 4.0359, Train MAPE: 0.1088, Train RMSE: 7.3699
Epoch: 008, Inference Time: 6.0458 secs
Epoch: 008, Train Loss: 3.9594, Train MAPE: 0.1006, Train RMSE: 7.0232, Valid Loss: 3.3945, Valid MAPE: 0.0988, Valid RMSE: 6.4505, Training Time: 145.5460/epoch
Iter: 000, Train Loss: 3.7227, Train MAPE: 0.0890, Train RMSE: 6.3774
Iter: 050, Train Loss: 4.0193, Train MAPE: 0.0922, Train RMSE: 7.0673
Iter: 100, Train Loss: 3.9596, Train MAPE: 0.0986, Train RMSE: 7.0685
Iter: 150, Train Loss: 3.7100, Train MAPE: 0.0948, Train RMSE: 6.5318
Iter: 200, Train Loss: 3.7871, Train MAPE: 0.0885, Train RMSE: 6.2978
Iter: 250, Train Loss: 4.2411, Train MAPE: 0.1115, Train RMSE: 7.5666
Iter: 300, Train Loss: 3.7380, Train MAPE: 0.0884, Train RMSE: 6.4647
Iter: 350, Train Loss: 3.5333, Train MAPE: 0.0879, Train RMSE: 6.4291
Epoch: 009, Inference Time: 6.0454 secs
Epoch: 009, Train Loss: 3.8957, Train MAPE: 0.0978, Train RMSE: 6.9101, Valid Loss: 3.3100, Valid MAPE: 0.0932, Valid RMSE: 6.2860, Training Time: 145.5601/epoch
Iter: 000, Train Loss: 3.7073, Train MAPE: 0.0878, Train RMSE: 6.6628
Iter: 050, Train Loss: 3.8518, Train MAPE: 0.0914, Train RMSE: 6.6275
Iter: 100, Train Loss: 3.9164, Train MAPE: 0.1021, Train RMSE: 6.9487
Iter: 150, Train Loss: 3.8667, Train MAPE: 0.0924, Train RMSE: 6.6273
Iter: 200, Train Loss: 3.8768, Train MAPE: 0.0930, Train RMSE: 6.7452
Iter: 250, Train Loss: 4.2175, Train MAPE: 0.1066, Train RMSE: 7.3959
Iter: 300, Train Loss: 3.7481, Train MAPE: 0.0916, Train RMSE: 6.9236
Iter: 350, Train Loss: 3.8910, Train MAPE: 0.0963, Train RMSE: 6.8184
Epoch: 010, Inference Time: 6.0399 secs
Epoch: 010, Train Loss: 3.8498, Train MAPE: 0.0949, Train RMSE: 6.7403, Valid Loss: 3.1630, Valid MAPE: 0.0908, Valid RMSE: 6.0620, Training Time: 145.5152/epoch
Iter: 000, Train Loss: 3.8770, Train MAPE: 0.0924, Train RMSE: 6.6981
Iter: 050, Train Loss: 3.6664, Train MAPE: 0.0921, Train RMSE: 6.5051
Iter: 100, Train Loss: 3.7071, Train MAPE: 0.0872, Train RMSE: 6.3565
Iter: 150, Train Loss: 3.7123, Train MAPE: 0.0862, Train RMSE: 6.2937
Iter: 200, Train Loss: 3.4799, Train MAPE: 0.0776, Train RMSE: 6.0924
Iter: 250, Train Loss: 3.7856, Train MAPE: 0.0935, Train RMSE: 6.2811
Iter: 300, Train Loss: 3.9437, Train MAPE: 0.1014, Train RMSE: 6.7834
Iter: 350, Train Loss: 4.1506, Train MAPE: 0.0993, Train RMSE: 7.0397
Epoch: 011, Inference Time: 6.0523 secs
Epoch: 011, Train Loss: 3.8363, Train MAPE: 0.0932, Train RMSE: 6.6133, Valid Loss: 3.0945, Valid MAPE: 0.0951, Valid RMSE: 5.9514, Training Time: 145.5140/epoch
Iter: 000, Train Loss: 4.1250, Train MAPE: 0.1072, Train RMSE: 7.0176
Iter: 050, Train Loss: 3.9432, Train MAPE: 0.0992, Train RMSE: 6.6412
Iter: 100, Train Loss: 4.1195, Train MAPE: 0.0995, Train RMSE: 6.9329
Iter: 150, Train Loss: 3.5585, Train MAPE: 0.0786, Train RMSE: 6.0617
Iter: 200, Train Loss: 3.6621, Train MAPE: 0.0884, Train RMSE: 6.5017
Iter: 250, Train Loss: 3.8543, Train MAPE: 0.0961, Train RMSE: 6.6003
Iter: 300, Train Loss: 3.9296, Train MAPE: 0.0970, Train RMSE: 6.8768
Iter: 350, Train Loss: 3.3694, Train MAPE: 0.0773, Train RMSE: 5.7414
Epoch: 012, Inference Time: 6.0475 secs
Epoch: 012, Train Loss: 3.8250, Train MAPE: 0.0923, Train RMSE: 6.5621, Valid Loss: 3.0661, Valid MAPE: 0.0895, Valid RMSE: 5.8825, Training Time: 145.5384/epoch
Iter: 000, Train Loss: 3.7440, Train MAPE: 0.0899, Train RMSE: 6.6032
Iter: 050, Train Loss: 3.9754, Train MAPE: 0.1012, Train RMSE: 7.0886
Iter: 100, Train Loss: 3.9893, Train MAPE: 0.1035, Train RMSE: 6.9478
Iter: 150, Train Loss: 3.8288, Train MAPE: 0.0916, Train RMSE: 6.5170
Iter: 200, Train Loss: 3.7340, Train MAPE: 0.0873, Train RMSE: 6.1694
Iter: 250, Train Loss: 3.6510, Train MAPE: 0.0816, Train RMSE: 6.1078
Iter: 300, Train Loss: 3.5872, Train MAPE: 0.0749, Train RMSE: 6.0628
Iter: 350, Train Loss: 3.5560, Train MAPE: 0.0802, Train RMSE: 6.0208
Epoch: 013, Inference Time: 6.0419 secs
Epoch: 013, Train Loss: 3.7665, Train MAPE: 0.0896, Train RMSE: 6.4247, Valid Loss: 3.0095, Valid MAPE: 0.0858, Valid RMSE: 5.7474, Training Time: 145.4593/epoch
Iter: 000, Train Loss: 3.4398, Train MAPE: 0.0765, Train RMSE: 5.7313
Iter: 050, Train Loss: 3.7275, Train MAPE: 0.0857, Train RMSE: 6.3276
Iter: 100, Train Loss: 3.5596, Train MAPE: 0.0825, Train RMSE: 6.0283
Iter: 150, Train Loss: 3.5682, Train MAPE: 0.0757, Train RMSE: 6.0071
Iter: 200, Train Loss: 3.9890, Train MAPE: 0.0935, Train RMSE: 6.8253
Iter: 250, Train Loss: 3.8836, Train MAPE: 0.0962, Train RMSE: 6.6597
Iter: 300, Train Loss: 3.7714, Train MAPE: 0.0897, Train RMSE: 6.3615
Iter: 350, Train Loss: 3.4232, Train MAPE: 0.0760, Train RMSE: 5.7883
Epoch: 014, Inference Time: 6.0437 secs
Epoch: 014, Train Loss: 3.7200, Train MAPE: 0.0875, Train RMSE: 6.3207, Valid Loss: 2.9354, Valid MAPE: 0.0862, Valid RMSE: 5.6390, Training Time: 145.5167/epoch
Iter: 000, Train Loss: 3.4948, Train MAPE: 0.0822, Train RMSE: 5.8180
Iter: 050, Train Loss: 3.5337, Train MAPE: 0.0839, Train RMSE: 6.0683
Iter: 100, Train Loss: 3.7706, Train MAPE: 0.0895, Train RMSE: 6.4222
Iter: 150, Train Loss: 3.7706, Train MAPE: 0.0904, Train RMSE: 6.4763
Iter: 200, Train Loss: 3.5743, Train MAPE: 0.0840, Train RMSE: 5.9488
Iter: 250, Train Loss: 3.5204, Train MAPE: 0.0763, Train RMSE: 5.8672
Iter: 300, Train Loss: 3.4032, Train MAPE: 0.0710, Train RMSE: 5.7183
Iter: 350, Train Loss: 3.9689, Train MAPE: 0.1012, Train RMSE: 7.0770
Epoch: 015, Inference Time: 6.0512 secs
Epoch: 015, Train Loss: 3.6729, Train MAPE: 0.0859, Train RMSE: 6.2336, Valid Loss: 2.9951, Valid MAPE: 0.0833, Valid RMSE: 5.6790, Training Time: 145.5407/epoch
Iter: 000, Train Loss: 3.9704, Train MAPE: 0.0970, Train RMSE: 6.7391
Iter: 050, Train Loss: 3.4935, Train MAPE: 0.0748, Train RMSE: 5.7331
Iter: 100, Train Loss: 3.5525, Train MAPE: 0.0823, Train RMSE: 5.9766
Iter: 150, Train Loss: 3.9472, Train MAPE: 0.1021, Train RMSE: 6.8145
Iter: 200, Train Loss: 3.9169, Train MAPE: 0.1008, Train RMSE: 6.8202
Iter: 250, Train Loss: 3.7040, Train MAPE: 0.0946, Train RMSE: 6.5004
Iter: 300, Train Loss: 3.4062, Train MAPE: 0.0745, Train RMSE: 5.8044
Iter: 350, Train Loss: 3.4848, Train MAPE: 0.0761, Train RMSE: 5.8642
Epoch: 016, Inference Time: 6.0472 secs
Epoch: 016, Train Loss: 3.6368, Train MAPE: 0.0844, Train RMSE: 6.1577, Valid Loss: 2.9218, Valid MAPE: 0.0816, Valid RMSE: 5.5866, Training Time: 145.5815/epoch
Iter: 000, Train Loss: 3.3850, Train MAPE: 0.0718, Train RMSE: 5.7875
Iter: 050, Train Loss: 3.2069, Train MAPE: 0.0694, Train RMSE: 5.5890
Iter: 100, Train Loss: 3.6777, Train MAPE: 0.1004, Train RMSE: 6.5237
Iter: 150, Train Loss: 3.6332, Train MAPE: 0.0903, Train RMSE: 6.1020
Iter: 200, Train Loss: 3.4898, Train MAPE: 0.0725, Train RMSE: 5.7891
Iter: 250, Train Loss: 3.9149, Train MAPE: 0.0917, Train RMSE: 6.4628
Iter: 300, Train Loss: 3.4917, Train MAPE: 0.0771, Train RMSE: 5.5706
Iter: 350, Train Loss: 3.7309, Train MAPE: 0.0860, Train RMSE: 6.4429
Epoch: 017, Inference Time: 6.0477 secs
Epoch: 017, Train Loss: 3.6063, Train MAPE: 0.0833, Train RMSE: 6.0961, Valid Loss: 2.9491, Valid MAPE: 0.0826, Valid RMSE: 5.6220, Training Time: 145.4595/epoch
Iter: 000, Train Loss: 3.7652, Train MAPE: 0.0906, Train RMSE: 6.4117
Iter: 050, Train Loss: 3.6638, Train MAPE: 0.0865, Train RMSE: 6.0481
Iter: 100, Train Loss: 3.5815, Train MAPE: 0.0807, Train RMSE: 6.0850
Iter: 150, Train Loss: 4.2284, Train MAPE: 0.1064, Train RMSE: 7.1002
Iter: 200, Train Loss: 3.9783, Train MAPE: 0.0973, Train RMSE: 6.5061
Iter: 250, Train Loss: 3.4034, Train MAPE: 0.0758, Train RMSE: 5.6207
Iter: 300, Train Loss: 3.5208, Train MAPE: 0.0723, Train RMSE: 5.6272
Iter: 350, Train Loss: 3.4816, Train MAPE: 0.0821, Train RMSE: 5.8505
Epoch: 018, Inference Time: 6.0515 secs
Epoch: 018, Train Loss: 3.5769, Train MAPE: 0.0821, Train RMSE: 6.0296, Valid Loss: 2.9313, Valid MAPE: 0.0828, Valid RMSE: 5.5956, Training Time: 145.4833/epoch
Iter: 000, Train Loss: 3.7664, Train MAPE: 0.0888, Train RMSE: 6.1470
Iter: 050, Train Loss: 3.5496, Train MAPE: 0.0781, Train RMSE: 5.8200
Iter: 100, Train Loss: 3.4185, Train MAPE: 0.0793, Train RMSE: 5.8150
Iter: 150, Train Loss: 3.4216, Train MAPE: 0.0732, Train RMSE: 5.7351
Iter: 200, Train Loss: 3.7065, Train MAPE: 0.0883, Train RMSE: 6.2104
Iter: 250, Train Loss: 3.3328, Train MAPE: 0.0721, Train RMSE: 5.5170
Iter: 300, Train Loss: 3.6295, Train MAPE: 0.0808, Train RMSE: 6.1005
Iter: 350, Train Loss: 3.2128, Train MAPE: 0.0659, Train RMSE: 5.3986
Epoch: 019, Inference Time: 6.0477 secs
Epoch: 019, Train Loss: 3.5543, Train MAPE: 0.0812, Train RMSE: 5.9821, Valid Loss: 2.9106, Valid MAPE: 0.0814, Valid RMSE: 5.5684, Training Time: 145.5339/epoch
Iter: 000, Train Loss: 3.3316, Train MAPE: 0.0747, Train RMSE: 5.6871
Iter: 050, Train Loss: 3.5630, Train MAPE: 0.0806, Train RMSE: 5.7506
Iter: 100, Train Loss: 3.4202, Train MAPE: 0.0762, Train RMSE: 5.7862
Iter: 150, Train Loss: 3.7135, Train MAPE: 0.0868, Train RMSE: 6.2320
Iter: 200, Train Loss: 3.5573, Train MAPE: 0.0819, Train RMSE: 5.7853
Iter: 250, Train Loss: 3.4928, Train MAPE: 0.0795, Train RMSE: 5.7984
Iter: 300, Train Loss: 3.8284, Train MAPE: 0.0931, Train RMSE: 6.4839
Iter: 350, Train Loss: 3.5312, Train MAPE: 0.0775, Train RMSE: 5.7485
Epoch: 020, Inference Time: 6.0455 secs
Epoch: 020, Train Loss: 3.5352, Train MAPE: 0.0805, Train RMSE: 5.9380, Valid Loss: 2.9006, Valid MAPE: 0.0809, Valid RMSE: 5.5386, Training Time: 145.4804/epoch
Iter: 000, Train Loss: 3.6318, Train MAPE: 0.0795, Train RMSE: 5.8763
Iter: 050, Train Loss: 3.4806, Train MAPE: 0.0738, Train RMSE: 5.7049
Iter: 100, Train Loss: 3.3279, Train MAPE: 0.0713, Train RMSE: 5.6389
Iter: 150, Train Loss: 3.6559, Train MAPE: 0.0798, Train RMSE: 5.7295
Iter: 200, Train Loss: 3.7090, Train MAPE: 0.0841, Train RMSE: 6.0827
Iter: 250, Train Loss: 3.2779, Train MAPE: 0.0748, Train RMSE: 5.5731
Iter: 300, Train Loss: 3.6535, Train MAPE: 0.0845, Train RMSE: 6.2150
Iter: 350, Train Loss: 3.5506, Train MAPE: 0.0811, Train RMSE: 6.0002
Epoch: 021, Inference Time: 6.0486 secs
Epoch: 021, Train Loss: 3.5234, Train MAPE: 0.0800, Train RMSE: 5.9096, Valid Loss: 2.8945, Valid MAPE: 0.0805, Valid RMSE: 5.5376, Training Time: 145.5190/epoch
Iter: 000, Train Loss: 3.6391, Train MAPE: 0.0860, Train RMSE: 6.0898
Iter: 050, Train Loss: 3.3426, Train MAPE: 0.0749, Train RMSE: 5.6811
Iter: 100, Train Loss: 3.3162, Train MAPE: 0.0697, Train RMSE: 5.5439
Iter: 150, Train Loss: 3.7667, Train MAPE: 0.0928, Train RMSE: 6.4200
Iter: 200, Train Loss: 3.5918, Train MAPE: 0.0791, Train RMSE: 5.9926
Iter: 250, Train Loss: 3.6304, Train MAPE: 0.0817, Train RMSE: 6.0352
Iter: 300, Train Loss: 3.5823, Train MAPE: 0.0765, Train RMSE: 5.9876
Iter: 350, Train Loss: 3.6217, Train MAPE: 0.0820, Train RMSE: 6.1407
Epoch: 022, Inference Time: 6.0486 secs
Epoch: 022, Train Loss: 3.6211, Train MAPE: 0.0836, Train RMSE: 6.1098, Valid Loss: 3.0079, Valid MAPE: 0.0844, Valid RMSE: 5.7057, Training Time: 145.5206/epoch
Iter: 000, Train Loss: 3.5180, Train MAPE: 0.0824, Train RMSE: 5.8457
Iter: 050, Train Loss: 3.7124, Train MAPE: 0.0963, Train RMSE: 6.3347
Iter: 100, Train Loss: 3.4406, Train MAPE: 0.0783, Train RMSE: 5.8808
Iter: 150, Train Loss: 3.3410, Train MAPE: 0.0745, Train RMSE: 5.9421
Iter: 200, Train Loss: 3.5958, Train MAPE: 0.0788, Train RMSE: 5.8747
Iter: 250, Train Loss: 3.9191, Train MAPE: 0.0911, Train RMSE: 6.5815
Iter: 300, Train Loss: 3.6275, Train MAPE: 0.0772, Train RMSE: 6.1859
Iter: 350, Train Loss: 3.3895, Train MAPE: 0.0750, Train RMSE: 5.7481
Epoch: 023, Inference Time: 6.0468 secs
Epoch: 023, Train Loss: 3.6385, Train MAPE: 0.0845, Train RMSE: 6.1601, Valid Loss: 3.0634, Valid MAPE: 0.0844, Valid RMSE: 5.8157, Training Time: 145.5830/epoch
Iter: 000, Train Loss: 3.5388, Train MAPE: 0.0803, Train RMSE: 6.1870
Iter: 050, Train Loss: 3.5024, Train MAPE: 0.0792, Train RMSE: 5.8600
Iter: 100, Train Loss: 3.5178, Train MAPE: 0.0805, Train RMSE: 6.0420
Iter: 150, Train Loss: 3.5273, Train MAPE: 0.0837, Train RMSE: 6.0568
Iter: 200, Train Loss: 3.4303, Train MAPE: 0.0708, Train RMSE: 5.6728
Iter: 250, Train Loss: 3.6416, Train MAPE: 0.0821, Train RMSE: 5.9631
Iter: 300, Train Loss: 3.8431, Train MAPE: 0.0968, Train RMSE: 6.5030
Iter: 350, Train Loss: 3.6062, Train MAPE: 0.0885, Train RMSE: 6.1363
Epoch: 024, Inference Time: 6.0444 secs
Epoch: 024, Train Loss: 3.6185, Train MAPE: 0.0838, Train RMSE: 6.1199, Valid Loss: 2.9587, Valid MAPE: 0.0830, Valid RMSE: 5.6276, Training Time: 145.5471/epoch
Iter: 000, Train Loss: 3.7010, Train MAPE: 0.0859, Train RMSE: 6.2277
Iter: 050, Train Loss: 3.6934, Train MAPE: 0.0805, Train RMSE: 6.0995
Iter: 100, Train Loss: 3.7032, Train MAPE: 0.0892, Train RMSE: 6.5647
Iter: 150, Train Loss: 3.6457, Train MAPE: 0.0796, Train RMSE: 6.0695
Iter: 200, Train Loss: 3.3752, Train MAPE: 0.0746, Train RMSE: 5.7603
Iter: 250, Train Loss: 3.7369, Train MAPE: 0.0858, Train RMSE: 6.4959
Iter: 300, Train Loss: 3.4912, Train MAPE: 0.0790, Train RMSE: 5.9346
Iter: 350, Train Loss: 3.7044, Train MAPE: 0.0855, Train RMSE: 6.1782
Epoch: 025, Inference Time: 6.0442 secs
Epoch: 025, Train Loss: 3.5947, Train MAPE: 0.0828, Train RMSE: 6.0725, Valid Loss: 2.9725, Valid MAPE: 0.0818, Valid RMSE: 5.6713, Training Time: 145.5705/epoch
Iter: 000, Train Loss: 3.7058, Train MAPE: 0.0837, Train RMSE: 6.2406
Iter: 050, Train Loss: 3.6181, Train MAPE: 0.0800, Train RMSE: 6.0815
Iter: 100, Train Loss: 3.6391, Train MAPE: 0.0789, Train RMSE: 6.2095
Iter: 150, Train Loss: 3.5795, Train MAPE: 0.0849, Train RMSE: 5.9643
Iter: 200, Train Loss: 3.6096, Train MAPE: 0.0803, Train RMSE: 5.8115
Iter: 250, Train Loss: 3.5278, Train MAPE: 0.0826, Train RMSE: 6.1105
Iter: 300, Train Loss: 3.6914, Train MAPE: 0.0822, Train RMSE: 6.1626
Iter: 350, Train Loss: 3.5988, Train MAPE: 0.0859, Train RMSE: 6.2312
Epoch: 026, Inference Time: 6.0480 secs
Epoch: 026, Train Loss: 3.5704, Train MAPE: 0.0819, Train RMSE: 6.0230, Valid Loss: 2.9442, Valid MAPE: 0.0815, Valid RMSE: 5.6487, Training Time: 147.3689/epoch
Iter: 000, Train Loss: 3.4317, Train MAPE: 0.0731, Train RMSE: 5.5417
Iter: 050, Train Loss: 3.6520, Train MAPE: 0.0889, Train RMSE: 6.1334
Iter: 100, Train Loss: 3.6273, Train MAPE: 0.0831, Train RMSE: 5.9032
Iter: 150, Train Loss: 3.5586, Train MAPE: 0.0868, Train RMSE: 6.3579
Iter: 200, Train Loss: 3.5964, Train MAPE: 0.0854, Train RMSE: 6.1203
Iter: 250, Train Loss: 3.6464, Train MAPE: 0.0765, Train RMSE: 5.8699
Iter: 300, Train Loss: 3.4105, Train MAPE: 0.0760, Train RMSE: 5.8401
Iter: 350, Train Loss: 3.6109, Train MAPE: 0.0853, Train RMSE: 6.1681
Epoch: 027, Inference Time: 6.0402 secs
Epoch: 027, Train Loss: 3.5461, Train MAPE: 0.0809, Train RMSE: 5.9631, Valid Loss: 2.9173, Valid MAPE: 0.0827, Valid RMSE: 5.6036, Training Time: 145.5093/epoch
Iter: 000, Train Loss: 3.7696, Train MAPE: 0.0898, Train RMSE: 6.4088
Iter: 050, Train Loss: 3.5817, Train MAPE: 0.0805, Train RMSE: 6.0043
Iter: 100, Train Loss: 3.3276, Train MAPE: 0.0735, Train RMSE: 5.6266
Iter: 150, Train Loss: 3.6515, Train MAPE: 0.0896, Train RMSE: 6.3209
Iter: 200, Train Loss: 3.8984, Train MAPE: 0.1014, Train RMSE: 6.7520
Iter: 250, Train Loss: 3.4358, Train MAPE: 0.0769, Train RMSE: 5.7163
Iter: 300, Train Loss: 3.7451, Train MAPE: 0.0875, Train RMSE: 6.2305
Iter: 350, Train Loss: 3.2434, Train MAPE: 0.0693, Train RMSE: 5.5477
Epoch: 028, Inference Time: 6.0458 secs
Epoch: 028, Train Loss: 3.5237, Train MAPE: 0.0801, Train RMSE: 5.9169, Valid Loss: 2.9492, Valid MAPE: 0.0822, Valid RMSE: 5.6266, Training Time: 145.4876/epoch
Iter: 000, Train Loss: 3.7593, Train MAPE: 0.0910, Train RMSE: 6.5316
Iter: 050, Train Loss: 3.1867, Train MAPE: 0.0748, Train RMSE: 5.5185
Iter: 100, Train Loss: 3.2553, Train MAPE: 0.0786, Train RMSE: 5.6002
Iter: 150, Train Loss: 3.5789, Train MAPE: 0.0756, Train RMSE: 5.7391
Iter: 200, Train Loss: 3.4799, Train MAPE: 0.0754, Train RMSE: 5.7709
Iter: 250, Train Loss: 3.0881, Train MAPE: 0.0658, Train RMSE: 5.2413
Iter: 300, Train Loss: 3.4736, Train MAPE: 0.0801, Train RMSE: 5.8150
Iter: 350, Train Loss: 3.4727, Train MAPE: 0.0759, Train RMSE: 5.7114
Epoch: 029, Inference Time: 6.0457 secs
Epoch: 029, Train Loss: 3.5019, Train MAPE: 0.0792, Train RMSE: 5.8644, Valid Loss: 2.9192, Valid MAPE: 0.0816, Valid RMSE: 5.6078, Training Time: 145.5029/epoch
Iter: 000, Train Loss: 3.3951, Train MAPE: 0.0746, Train RMSE: 5.5748
Iter: 050, Train Loss: 3.6330, Train MAPE: 0.0846, Train RMSE: 6.0414
Iter: 100, Train Loss: 3.3929, Train MAPE: 0.0774, Train RMSE: 5.6476
Iter: 150, Train Loss: 3.5768, Train MAPE: 0.0893, Train RMSE: 6.3474
Iter: 200, Train Loss: 3.6409, Train MAPE: 0.0868, Train RMSE: 6.1239
Iter: 250, Train Loss: 3.2361, Train MAPE: 0.0687, Train RMSE: 5.4338
Iter: 300, Train Loss: 3.3863, Train MAPE: 0.0674, Train RMSE: 5.4602
Iter: 350, Train Loss: 3.7007, Train MAPE: 0.0835, Train RMSE: 6.1472
Epoch: 030, Inference Time: 6.0446 secs
Epoch: 030, Train Loss: 3.4847, Train MAPE: 0.0785, Train RMSE: 5.8254, Valid Loss: 2.9000, Valid MAPE: 0.0808, Valid RMSE: 5.5455, Training Time: 145.5233/epoch
Iter: 000, Train Loss: 3.7048, Train MAPE: 0.0878, Train RMSE: 6.3124
Iter: 050, Train Loss: 3.7702, Train MAPE: 0.0879, Train RMSE: 6.3141
Iter: 100, Train Loss: 3.5132, Train MAPE: 0.0806, Train RMSE: 5.9771
Iter: 150, Train Loss: 3.3350, Train MAPE: 0.0688, Train RMSE: 5.3636
Iter: 200, Train Loss: 3.2085, Train MAPE: 0.0678, Train RMSE: 5.4553
Iter: 250, Train Loss: 3.2794, Train MAPE: 0.0744, Train RMSE: 5.6434
Iter: 300, Train Loss: 3.3755, Train MAPE: 0.0771, Train RMSE: 5.6481
Iter: 350, Train Loss: 3.6267, Train MAPE: 0.0870, Train RMSE: 6.1513
Epoch: 031, Inference Time: 6.0402 secs
Epoch: 031, Train Loss: 3.4708, Train MAPE: 0.0779, Train RMSE: 5.7876, Valid Loss: 2.9165, Valid MAPE: 0.0809, Valid RMSE: 5.5733, Training Time: 145.4992/epoch
Iter: 000, Train Loss: 3.5263, Train MAPE: 0.0757, Train RMSE: 5.5949
Iter: 050, Train Loss: 3.2211, Train MAPE: 0.0674, Train RMSE: 5.2126
Iter: 100, Train Loss: 3.4907, Train MAPE: 0.0761, Train RMSE: 5.8218
Iter: 150, Train Loss: 3.3976, Train MAPE: 0.0748, Train RMSE: 5.7855
Iter: 200, Train Loss: 3.2247, Train MAPE: 0.0668, Train RMSE: 5.3518
Iter: 250, Train Loss: 3.4814, Train MAPE: 0.0795, Train RMSE: 5.9191
Iter: 300, Train Loss: 3.4331, Train MAPE: 0.0759, Train RMSE: 5.7755
Iter: 350, Train Loss: 3.5980, Train MAPE: 0.0880, Train RMSE: 6.3226
Epoch: 032, Inference Time: 6.0445 secs
Epoch: 032, Train Loss: 3.4632, Train MAPE: 0.0776, Train RMSE: 5.7654, Valid Loss: 3.1355, Valid MAPE: 0.0843, Valid RMSE: 5.8052, Training Time: 145.6678/epoch
Iter: 000, Train Loss: 3.8337, Train MAPE: 0.0907, Train RMSE: 6.5342
Iter: 050, Train Loss: 3.8288, Train MAPE: 0.0926, Train RMSE: 6.5426
Iter: 100, Train Loss: 3.9337, Train MAPE: 0.0944, Train RMSE: 6.6042
Iter: 150, Train Loss: 3.3094, Train MAPE: 0.0686, Train RMSE: 5.5860
Iter: 200, Train Loss: 3.5170, Train MAPE: 0.0828, Train RMSE: 6.0938
Iter: 250, Train Loss: 3.5033, Train MAPE: 0.0812, Train RMSE: 6.2208
Iter: 300, Train Loss: 3.4992, Train MAPE: 0.0777, Train RMSE: 5.8275
Iter: 350, Train Loss: 3.4944, Train MAPE: 0.0774, Train RMSE: 5.8830
Epoch: 033, Inference Time: 6.0425 secs
Epoch: 033, Train Loss: 3.5978, Train MAPE: 0.0835, Train RMSE: 6.1033, Valid Loss: 2.9361, Valid MAPE: 0.0821, Valid RMSE: 5.6112, Training Time: 145.5071/epoch
Iter: 000, Train Loss: 3.8923, Train MAPE: 0.0958, Train RMSE: 6.3666
Iter: 050, Train Loss: 3.4271, Train MAPE: 0.0843, Train RMSE: 6.1505
Iter: 100, Train Loss: 3.4211, Train MAPE: 0.0821, Train RMSE: 5.8967
Iter: 150, Train Loss: 3.8216, Train MAPE: 0.1005, Train RMSE: 6.7201
Iter: 200, Train Loss: 3.4321, Train MAPE: 0.0742, Train RMSE: 5.6527
Iter: 250, Train Loss: 3.4650, Train MAPE: 0.0747, Train RMSE: 5.6635
Iter: 300, Train Loss: 3.5317, Train MAPE: 0.0765, Train RMSE: 5.7462
Iter: 350, Train Loss: 3.9402, Train MAPE: 0.0981, Train RMSE: 6.8020
Epoch: 034, Inference Time: 6.0459 secs
Epoch: 034, Train Loss: 3.5699, Train MAPE: 0.0818, Train RMSE: 6.0129, Valid Loss: 2.9703, Valid MAPE: 0.0816, Valid RMSE: 5.6510, Training Time: 145.4703/epoch
Iter: 000, Train Loss: 3.7560, Train MAPE: 0.0943, Train RMSE: 6.2716
Iter: 050, Train Loss: 3.3608, Train MAPE: 0.0710, Train RMSE: 5.6598
Iter: 100, Train Loss: 3.7648, Train MAPE: 0.0864, Train RMSE: 6.3482
Iter: 150, Train Loss: 3.5766, Train MAPE: 0.0859, Train RMSE: 6.0376
Iter: 200, Train Loss: 3.6420, Train MAPE: 0.0808, Train RMSE: 6.0260
Iter: 250, Train Loss: 3.6265, Train MAPE: 0.0857, Train RMSE: 6.1060
Iter: 300, Train Loss: 3.4287, Train MAPE: 0.0764, Train RMSE: 5.7125
Iter: 350, Train Loss: 3.5102, Train MAPE: 0.0790, Train RMSE: 5.9909
Epoch: 035, Inference Time: 6.0468 secs
Epoch: 035, Train Loss: 3.5530, Train MAPE: 0.0812, Train RMSE: 5.9805, Valid Loss: 3.0041, Valid MAPE: 0.0849, Valid RMSE: 5.7190, Training Time: 145.5172/epoch
Iter: 000, Train Loss: 3.4102, Train MAPE: 0.0761, Train RMSE: 5.9015
Iter: 050, Train Loss: 3.7677, Train MAPE: 0.0906, Train RMSE: 6.2797
Iter: 100, Train Loss: 3.5002, Train MAPE: 0.0793, Train RMSE: 6.0416
Iter: 150, Train Loss: 3.2106, Train MAPE: 0.0707, Train RMSE: 5.3480
Iter: 200, Train Loss: 3.7663, Train MAPE: 0.0922, Train RMSE: 6.5399
Iter: 250, Train Loss: 3.6576, Train MAPE: 0.0807, Train RMSE: 5.8745
Iter: 300, Train Loss: 3.5781, Train MAPE: 0.0847, Train RMSE: 6.1543
Iter: 350, Train Loss: 3.6117, Train MAPE: 0.0795, Train RMSE: 6.1659
Epoch: 036, Inference Time: 6.0499 secs
Epoch: 036, Train Loss: 3.5377, Train MAPE: 0.0805, Train RMSE: 5.9418, Valid Loss: 3.0115, Valid MAPE: 0.0815, Valid RMSE: 5.6901, Training Time: 145.4715/epoch
Iter: 000, Train Loss: 3.5704, Train MAPE: 0.0808, Train RMSE: 5.9525
Iter: 050, Train Loss: 3.5537, Train MAPE: 0.0860, Train RMSE: 6.0023
Iter: 100, Train Loss: 3.5532, Train MAPE: 0.0764, Train RMSE: 5.9236
Iter: 150, Train Loss: 3.4609, Train MAPE: 0.0747, Train RMSE: 5.6591
Iter: 200, Train Loss: 3.3601, Train MAPE: 0.0720, Train RMSE: 5.6174
Iter: 250, Train Loss: 3.4028, Train MAPE: 0.0727, Train RMSE: 5.7022
Iter: 300, Train Loss: 3.3696, Train MAPE: 0.0754, Train RMSE: 5.6404
Iter: 350, Train Loss: 3.5901, Train MAPE: 0.0871, Train RMSE: 6.1132
Epoch: 037, Inference Time: 6.0425 secs
Epoch: 037, Train Loss: 3.5197, Train MAPE: 0.0798, Train RMSE: 5.8998, Valid Loss: 2.9375, Valid MAPE: 0.0808, Valid RMSE: 5.6503, Training Time: 145.4748/epoch
Early Termination!
Average Training Time: 145.8032 secs/epoch
Average Inference Time: 6.0459 secs
Training finished
The valid loss on best model is 2.8945
Evaluate best model on test data for horizon 1, Test MAE: 2.4618, Test MAPE: 0.0604, Test RMSE: 4.3143
Evaluate best model on test data for horizon 2, Test MAE: 2.7051, Test MAPE: 0.0684, Test RMSE: 5.0241
Evaluate best model on test data for horizon 3, Test MAE: 2.8826, Test MAPE: 0.0745, Test RMSE: 5.5017
Evaluate best model on test data for horizon 4, Test MAE: 3.0280, Test MAPE: 0.0797, Test RMSE: 5.8778
Evaluate best model on test data for horizon 5, Test MAE: 3.1551, Test MAPE: 0.0842, Test RMSE: 6.2043
Evaluate best model on test data for horizon 6, Test MAE: 3.2669, Test MAPE: 0.0882, Test RMSE: 6.4893
Evaluate best model on test data for horizon 7, Test MAE: 3.3595, Test MAPE: 0.0915, Test RMSE: 6.7215
Evaluate best model on test data for horizon 8, Test MAE: 3.4346, Test MAPE: 0.0942, Test RMSE: 6.9035
Evaluate best model on test data for horizon 9, Test MAE: 3.4980, Test MAPE: 0.0964, Test RMSE: 7.0522
Evaluate best model on test data for horizon 10, Test MAE: 3.5550, Test MAPE: 0.0983, Test RMSE: 7.1815
Evaluate best model on test data for horizon 11, Test MAE: 3.6085, Test MAPE: 0.1001, Test RMSE: 7.2953
Evaluate best model on test data for horizon 12, Test MAE: 3.6622, Test MAPE: 0.1016, Test RMSE: 7.4007
On average over 12 horizons, Test MAE: 3.2181, Test MAPE: 0.0865, Test RMSE: 6.3305
Total time spent: 5667.1337
