Start Deterministic Training with seed 42
Namespace(device='cuda:0', data='/home/p_tf_zy/p_tf_01/TESTAM-main/data/PEMS-BAY', adjdata='/home/p_tf_zy/p_tf_01/TESTAM-main/data/PEMS-BAY/adj_mx_bay.pkl', adjtype='doubletransition', out_dim=1, nhid=32, in_dim=2, num_nodes=325, batch_size=64, dropout=0.2, epochs=100, print_every=50, seed=42, save='/home/p_tf_zy/p_tf_01/TESTAM-main/experiment/PEMS-BAY_TESTAM', expid=1, load_path=None, patience=15, lr_mul=1, n_warmup_steps=4000, quantile=0.7, is_quantile=False, warmup_epoch=0)
Train the model with 99626 parameters
start training...
Iter: 000, Train Loss: 7.1531, Train MAPE: 0.1477, Train RMSE: 9.9850
Iter: 050, Train Loss: 6.0602, Train MAPE: 0.1526, Train RMSE: 9.9430
Iter: 100, Train Loss: 4.9020, Train MAPE: 0.1344, Train RMSE: 8.9602
Iter: 150, Train Loss: 3.9974, Train MAPE: 0.1152, Train RMSE: 7.8504
Iter: 200, Train Loss: 2.8717, Train MAPE: 0.0649, Train RMSE: 5.4628
Iter: 250, Train Loss: 2.8379, Train MAPE: 0.0697, Train RMSE: 5.8273
Iter: 300, Train Loss: 3.3482, Train MAPE: 0.0881, Train RMSE: 6.6314
Iter: 350, Train Loss: 2.4183, Train MAPE: 0.0557, Train RMSE: 5.2466
Iter: 400, Train Loss: 2.9948, Train MAPE: 0.0810, Train RMSE: 6.2312
Iter: 450, Train Loss: 2.9098, Train MAPE: 0.0731, Train RMSE: 6.3006
Iter: 500, Train Loss: 2.9400, Train MAPE: 0.0754, Train RMSE: 6.4109
Iter: 550, Train Loss: 2.9940, Train MAPE: 0.0765, Train RMSE: 6.3864
Epoch: 001, Inference Time: 2.4048 secs
Epoch: 001, Train Loss: 3.5968, Train MAPE: 0.0920, Train RMSE: 6.9601, Valid Loss: 3.0606, Valid MAPE: 0.0825, Valid RMSE: 6.0486, Training Time: 53.4094/epoch
Iter: 000, Train Loss: 2.4043, Train MAPE: 0.0624, Train RMSE: 5.4887
Iter: 050, Train Loss: 2.6744, Train MAPE: 0.0731, Train RMSE: 6.2002
Iter: 100, Train Loss: 2.5614, Train MAPE: 0.0665, Train RMSE: 5.9114
Iter: 150, Train Loss: 2.6493, Train MAPE: 0.0629, Train RMSE: 5.8709
Iter: 200, Train Loss: 2.7975, Train MAPE: 0.0678, Train RMSE: 6.1178
Iter: 250, Train Loss: 2.3879, Train MAPE: 0.0582, Train RMSE: 5.4080
Iter: 300, Train Loss: 2.2238, Train MAPE: 0.0529, Train RMSE: 5.0162
Iter: 350, Train Loss: 2.7704, Train MAPE: 0.0668, Train RMSE: 6.1325
Iter: 400, Train Loss: 2.8834, Train MAPE: 0.0751, Train RMSE: 6.2761
Iter: 450, Train Loss: 2.7368, Train MAPE: 0.0633, Train RMSE: 5.9531
Iter: 500, Train Loss: 2.1843, Train MAPE: 0.0491, Train RMSE: 4.7822
Iter: 550, Train Loss: 2.7013, Train MAPE: 0.0608, Train RMSE: 5.8058
Epoch: 002, Inference Time: 4.1069 secs
Epoch: 002, Train Loss: 2.6479, Train MAPE: 0.0662, Train RMSE: 5.8992, Valid Loss: 2.6220, Valid MAPE: 0.0627, Valid RMSE: 5.1499, Training Time: 58.3092/epoch
Iter: 000, Train Loss: 2.8176, Train MAPE: 0.0676, Train RMSE: 6.0465
Iter: 050, Train Loss: 2.4520, Train MAPE: 0.0557, Train RMSE: 5.3792
Iter: 100, Train Loss: 2.5231, Train MAPE: 0.0590, Train RMSE: 5.3447
Iter: 150, Train Loss: 2.5021, Train MAPE: 0.0663, Train RMSE: 5.4657
Iter: 200, Train Loss: 2.5880, Train MAPE: 0.0650, Train RMSE: 5.3407
Iter: 250, Train Loss: 2.1577, Train MAPE: 0.0474, Train RMSE: 4.7234
Iter: 300, Train Loss: 2.1228, Train MAPE: 0.0454, Train RMSE: 4.7003
Iter: 350, Train Loss: 2.5766, Train MAPE: 0.0663, Train RMSE: 5.3575
Iter: 400, Train Loss: 2.1439, Train MAPE: 0.0521, Train RMSE: 4.8291
Iter: 450, Train Loss: 2.2527, Train MAPE: 0.0521, Train RMSE: 4.8718
Iter: 500, Train Loss: 1.9927, Train MAPE: 0.0465, Train RMSE: 4.2494
Iter: 550, Train Loss: 2.3457, Train MAPE: 0.0549, Train RMSE: 4.9154
Epoch: 003, Inference Time: 2.4258 secs
Epoch: 003, Train Loss: 2.3021, Train MAPE: 0.0546, Train RMSE: 4.9852, Valid Loss: 2.3125, Valid MAPE: 0.0550, Valid RMSE: 4.5930, Training Time: 54.0430/epoch
Iter: 000, Train Loss: 2.1118, Train MAPE: 0.0472, Train RMSE: 4.4281
Iter: 050, Train Loss: 1.9164, Train MAPE: 0.0421, Train RMSE: 4.1221
Iter: 100, Train Loss: 2.4030, Train MAPE: 0.0592, Train RMSE: 5.2095
Iter: 150, Train Loss: 1.9868, Train MAPE: 0.0454, Train RMSE: 4.3134
Iter: 200, Train Loss: 2.2524, Train MAPE: 0.0549, Train RMSE: 4.7338
Iter: 250, Train Loss: 2.1190, Train MAPE: 0.0472, Train RMSE: 4.4684
Iter: 300, Train Loss: 1.8929, Train MAPE: 0.0451, Train RMSE: 4.2226
Iter: 350, Train Loss: 2.3208, Train MAPE: 0.0537, Train RMSE: 4.8010
Iter: 400, Train Loss: 2.1132, Train MAPE: 0.0472, Train RMSE: 4.5286
Iter: 450, Train Loss: 2.0301, Train MAPE: 0.0465, Train RMSE: 4.4431
Iter: 500, Train Loss: 2.0057, Train MAPE: 0.0484, Train RMSE: 4.2390
Iter: 550, Train Loss: 1.9738, Train MAPE: 0.0458, Train RMSE: 4.2773
Epoch: 004, Inference Time: 2.4014 secs
Epoch: 004, Train Loss: 2.1102, Train MAPE: 0.0491, Train RMSE: 4.5450, Valid Loss: 2.1255, Valid MAPE: 0.0512, Valid RMSE: 4.2707, Training Time: 53.4760/epoch
Iter: 000, Train Loss: 2.1372, Train MAPE: 0.0491, Train RMSE: 4.5819
Iter: 050, Train Loss: 1.9689, Train MAPE: 0.0410, Train RMSE: 4.2060
Iter: 100, Train Loss: 2.0354, Train MAPE: 0.0479, Train RMSE: 4.3450
Iter: 150, Train Loss: 2.1939, Train MAPE: 0.0514, Train RMSE: 4.5383
Iter: 200, Train Loss: 1.9653, Train MAPE: 0.0426, Train RMSE: 4.0716
Iter: 250, Train Loss: 2.0373, Train MAPE: 0.0479, Train RMSE: 4.4256
Iter: 300, Train Loss: 1.7722, Train MAPE: 0.0383, Train RMSE: 3.8164
Iter: 350, Train Loss: 1.9802, Train MAPE: 0.0447, Train RMSE: 4.2285
Iter: 400, Train Loss: 1.9573, Train MAPE: 0.0471, Train RMSE: 4.4063
Iter: 450, Train Loss: 2.1469, Train MAPE: 0.0531, Train RMSE: 4.5469
Iter: 500, Train Loss: 1.9468, Train MAPE: 0.0455, Train RMSE: 4.1624
Iter: 550, Train Loss: 1.6913, Train MAPE: 0.0393, Train RMSE: 3.6874
Epoch: 005, Inference Time: 2.4242 secs
Epoch: 005, Train Loss: 1.9562, Train MAPE: 0.0449, Train RMSE: 4.1920, Valid Loss: 2.0414, Valid MAPE: 0.0482, Valid RMSE: 4.0798, Training Time: 53.5214/epoch
Iter: 000, Train Loss: 1.9038, Train MAPE: 0.0424, Train RMSE: 4.1065
Iter: 050, Train Loss: 1.6118, Train MAPE: 0.0339, Train RMSE: 3.4785
Iter: 100, Train Loss: 1.9042, Train MAPE: 0.0421, Train RMSE: 4.0679
Iter: 150, Train Loss: 1.7058, Train MAPE: 0.0386, Train RMSE: 3.8113
Iter: 200, Train Loss: 1.9758, Train MAPE: 0.0462, Train RMSE: 4.1623
Iter: 250, Train Loss: 1.9516, Train MAPE: 0.0482, Train RMSE: 4.2423
Iter: 300, Train Loss: 1.7946, Train MAPE: 0.0363, Train RMSE: 3.8404
Iter: 350, Train Loss: 1.9320, Train MAPE: 0.0441, Train RMSE: 4.2184
Iter: 400, Train Loss: 1.6146, Train MAPE: 0.0348, Train RMSE: 3.5383
Iter: 450, Train Loss: 1.7693, Train MAPE: 0.0391, Train RMSE: 3.7886
Iter: 500, Train Loss: 1.9271, Train MAPE: 0.0426, Train RMSE: 4.0411
Iter: 550, Train Loss: 1.9070, Train MAPE: 0.0430, Train RMSE: 3.9926
Epoch: 006, Inference Time: 2.4242 secs
Epoch: 006, Train Loss: 1.8500, Train MAPE: 0.0418, Train RMSE: 3.9450, Valid Loss: 1.8984, Valid MAPE: 0.0444, Valid RMSE: 3.8382, Training Time: 52.8390/epoch
Iter: 000, Train Loss: 1.9087, Train MAPE: 0.0457, Train RMSE: 4.1035
Iter: 050, Train Loss: 1.6769, Train MAPE: 0.0348, Train RMSE: 3.5168
Iter: 100, Train Loss: 1.8137, Train MAPE: 0.0388, Train RMSE: 3.8403
Iter: 150, Train Loss: 1.7539, Train MAPE: 0.0399, Train RMSE: 3.6421
Iter: 200, Train Loss: 2.1762, Train MAPE: 0.0513, Train RMSE: 4.5420
Iter: 250, Train Loss: 1.9188, Train MAPE: 0.0409, Train RMSE: 4.0894
Iter: 300, Train Loss: 1.9094, Train MAPE: 0.0446, Train RMSE: 4.2121
Iter: 350, Train Loss: 1.7315, Train MAPE: 0.0376, Train RMSE: 3.7104
Iter: 400, Train Loss: 1.6043, Train MAPE: 0.0313, Train RMSE: 3.3418
Iter: 450, Train Loss: 1.8674, Train MAPE: 0.0464, Train RMSE: 3.9618
Iter: 500, Train Loss: 1.5627, Train MAPE: 0.0315, Train RMSE: 3.2788
Iter: 550, Train Loss: 1.8036, Train MAPE: 0.0386, Train RMSE: 3.7896
Epoch: 007, Inference Time: 2.4255 secs
Epoch: 007, Train Loss: 1.7953, Train MAPE: 0.0402, Train RMSE: 3.8195, Valid Loss: 1.8393, Valid MAPE: 0.0423, Valid RMSE: 3.7191, Training Time: 52.8447/epoch
Iter: 000, Train Loss: 1.8366, Train MAPE: 0.0409, Train RMSE: 3.7940
Iter: 050, Train Loss: 1.8768, Train MAPE: 0.0432, Train RMSE: 3.9063
Iter: 100, Train Loss: 1.9097, Train MAPE: 0.0423, Train RMSE: 4.1491
Iter: 150, Train Loss: 1.7370, Train MAPE: 0.0394, Train RMSE: 3.7794
Iter: 200, Train Loss: 1.6105, Train MAPE: 0.0333, Train RMSE: 3.4013
Iter: 250, Train Loss: 1.7767, Train MAPE: 0.0409, Train RMSE: 3.8294
Iter: 300, Train Loss: 1.8806, Train MAPE: 0.0434, Train RMSE: 3.9555
Iter: 350, Train Loss: 1.7498, Train MAPE: 0.0368, Train RMSE: 3.6514
Iter: 400, Train Loss: 1.9573, Train MAPE: 0.0473, Train RMSE: 4.1427
Iter: 450, Train Loss: 1.6120, Train MAPE: 0.0348, Train RMSE: 3.5029
Iter: 500, Train Loss: 1.6546, Train MAPE: 0.0377, Train RMSE: 3.5600
Iter: 550, Train Loss: 1.6896, Train MAPE: 0.0385, Train RMSE: 3.4944
Epoch: 008, Inference Time: 2.4029 secs
Epoch: 008, Train Loss: 1.8136, Train MAPE: 0.0407, Train RMSE: 3.8373, Valid Loss: 1.8746, Valid MAPE: 0.0424, Valid RMSE: 3.7226, Training Time: 52.6993/epoch
Iter: 000, Train Loss: 1.6271, Train MAPE: 0.0353, Train RMSE: 3.3840
Iter: 050, Train Loss: 1.8256, Train MAPE: 0.0418, Train RMSE: 4.0560
Iter: 100, Train Loss: 1.7771, Train MAPE: 0.0388, Train RMSE: 3.6334
Iter: 150, Train Loss: 1.7885, Train MAPE: 0.0392, Train RMSE: 3.7812
Iter: 200, Train Loss: 1.9731, Train MAPE: 0.0425, Train RMSE: 4.0945
Iter: 250, Train Loss: 1.7766, Train MAPE: 0.0380, Train RMSE: 3.8984
Iter: 300, Train Loss: 1.5195, Train MAPE: 0.0313, Train RMSE: 3.2364
Iter: 350, Train Loss: 1.8909, Train MAPE: 0.0452, Train RMSE: 4.0490
Iter: 400, Train Loss: 1.7957, Train MAPE: 0.0420, Train RMSE: 3.8487
Iter: 450, Train Loss: 1.7012, Train MAPE: 0.0371, Train RMSE: 3.6359
Iter: 500, Train Loss: 1.7730, Train MAPE: 0.0379, Train RMSE: 3.6609
Iter: 550, Train Loss: 1.8375, Train MAPE: 0.0448, Train RMSE: 4.0234
Epoch: 009, Inference Time: 2.4024 secs
Epoch: 009, Train Loss: 1.7317, Train MAPE: 0.0386, Train RMSE: 3.6887, Valid Loss: 1.8736, Valid MAPE: 0.0432, Valid RMSE: 3.7519, Training Time: 55.7183/epoch
Iter: 000, Train Loss: 1.6720, Train MAPE: 0.0365, Train RMSE: 3.5651
Iter: 050, Train Loss: 1.4877, Train MAPE: 0.0304, Train RMSE: 3.1927
Iter: 100, Train Loss: 1.5354, Train MAPE: 0.0329, Train RMSE: 3.2869
Iter: 150, Train Loss: 1.6680, Train MAPE: 0.0354, Train RMSE: 3.4322
Iter: 200, Train Loss: 1.6710, Train MAPE: 0.0354, Train RMSE: 3.5255
Iter: 250, Train Loss: 1.6766, Train MAPE: 0.0360, Train RMSE: 3.5320
Iter: 300, Train Loss: 1.8142, Train MAPE: 0.0403, Train RMSE: 3.8289
Iter: 350, Train Loss: 1.6425, Train MAPE: 0.0342, Train RMSE: 3.4866
Iter: 400, Train Loss: 1.7610, Train MAPE: 0.0387, Train RMSE: 3.6892
Iter: 450, Train Loss: 1.6172, Train MAPE: 0.0355, Train RMSE: 3.4470
Iter: 500, Train Loss: 1.6612, Train MAPE: 0.0359, Train RMSE: 3.6610
Iter: 550, Train Loss: 1.7535, Train MAPE: 0.0403, Train RMSE: 3.7207
Epoch: 010, Inference Time: 2.4031 secs
Epoch: 010, Train Loss: 1.6829, Train MAPE: 0.0372, Train RMSE: 3.5952, Valid Loss: 1.7705, Valid MAPE: 0.0406, Valid RMSE: 3.6009, Training Time: 52.9734/epoch
Iter: 000, Train Loss: 1.5233, Train MAPE: 0.0342, Train RMSE: 3.3909
Iter: 050, Train Loss: 1.6414, Train MAPE: 0.0373, Train RMSE: 3.6498
Iter: 100, Train Loss: 1.7648, Train MAPE: 0.0417, Train RMSE: 3.8240
Iter: 150, Train Loss: 1.8044, Train MAPE: 0.0410, Train RMSE: 3.8044
Iter: 200, Train Loss: 1.5650, Train MAPE: 0.0348, Train RMSE: 3.3631
Iter: 250, Train Loss: 1.4385, Train MAPE: 0.0293, Train RMSE: 3.0170
Iter: 300, Train Loss: 1.5902, Train MAPE: 0.0327, Train RMSE: 3.3852
Iter: 350, Train Loss: 1.6451, Train MAPE: 0.0363, Train RMSE: 3.6038
Iter: 400, Train Loss: 1.6153, Train MAPE: 0.0367, Train RMSE: 3.4285
Iter: 450, Train Loss: 1.4979, Train MAPE: 0.0328, Train RMSE: 3.3365
Iter: 500, Train Loss: 1.6928, Train MAPE: 0.0367, Train RMSE: 3.5968
Iter: 550, Train Loss: 1.3390, Train MAPE: 0.0269, Train RMSE: 2.8252
Epoch: 011, Inference Time: 4.1049 secs
Epoch: 011, Train Loss: 1.6420, Train MAPE: 0.0361, Train RMSE: 3.5214, Valid Loss: 1.7393, Valid MAPE: 0.0410, Valid RMSE: 3.5835, Training Time: 53.4137/epoch
Iter: 000, Train Loss: 1.6563, Train MAPE: 0.0383, Train RMSE: 3.5758
Iter: 050, Train Loss: 1.7847, Train MAPE: 0.0415, Train RMSE: 3.8451
Iter: 100, Train Loss: 1.6404, Train MAPE: 0.0358, Train RMSE: 3.4912
Iter: 150, Train Loss: 1.6352, Train MAPE: 0.0359, Train RMSE: 3.4566
Iter: 200, Train Loss: 1.6958, Train MAPE: 0.0385, Train RMSE: 3.6270
Iter: 250, Train Loss: 1.6441, Train MAPE: 0.0357, Train RMSE: 3.4723
Iter: 300, Train Loss: 1.6195, Train MAPE: 0.0363, Train RMSE: 3.5010
Iter: 350, Train Loss: 1.5765, Train MAPE: 0.0344, Train RMSE: 3.4267
Iter: 400, Train Loss: 1.4981, Train MAPE: 0.0319, Train RMSE: 3.1904
Iter: 450, Train Loss: 1.4679, Train MAPE: 0.0296, Train RMSE: 3.1050
Iter: 500, Train Loss: 1.6502, Train MAPE: 0.0389, Train RMSE: 3.7923
Iter: 550, Train Loss: 1.6033, Train MAPE: 0.0352, Train RMSE: 3.4328
Epoch: 012, Inference Time: 2.4252 secs
Epoch: 012, Train Loss: 1.6105, Train MAPE: 0.0353, Train RMSE: 3.4607, Valid Loss: 1.7308, Valid MAPE: 0.0396, Valid RMSE: 3.5363, Training Time: 52.7765/epoch
Iter: 000, Train Loss: 1.5097, Train MAPE: 0.0318, Train RMSE: 3.2206
Iter: 050, Train Loss: 1.9108, Train MAPE: 0.0456, Train RMSE: 4.0505
Iter: 100, Train Loss: 1.5633, Train MAPE: 0.0341, Train RMSE: 3.2868
Iter: 150, Train Loss: 1.5401, Train MAPE: 0.0324, Train RMSE: 3.2579
Iter: 200, Train Loss: 1.5629, Train MAPE: 0.0340, Train RMSE: 3.3694
Iter: 250, Train Loss: 1.3807, Train MAPE: 0.0281, Train RMSE: 3.0319
Iter: 300, Train Loss: 1.6746, Train MAPE: 0.0373, Train RMSE: 3.6727
Iter: 350, Train Loss: 1.4248, Train MAPE: 0.0303, Train RMSE: 3.0455
Iter: 400, Train Loss: 1.6503, Train MAPE: 0.0368, Train RMSE: 3.3493
Iter: 450, Train Loss: 1.6498, Train MAPE: 0.0359, Train RMSE: 3.4712
Iter: 500, Train Loss: 1.6701, Train MAPE: 0.0367, Train RMSE: 3.6406
Iter: 550, Train Loss: 1.3874, Train MAPE: 0.0297, Train RMSE: 3.1006
Epoch: 013, Inference Time: 2.4023 secs
Epoch: 013, Train Loss: 1.5872, Train MAPE: 0.0347, Train RMSE: 3.4188, Valid Loss: 1.7008, Valid MAPE: 0.0389, Valid RMSE: 3.5043, Training Time: 52.7628/epoch
Iter: 000, Train Loss: 1.6912, Train MAPE: 0.0371, Train RMSE: 3.5711
Iter: 050, Train Loss: 1.7446, Train MAPE: 0.0374, Train RMSE: 3.4652
Iter: 100, Train Loss: 1.6284, Train MAPE: 0.0356, Train RMSE: 3.4626
Iter: 150, Train Loss: 1.6515, Train MAPE: 0.0359, Train RMSE: 3.4163
Iter: 200, Train Loss: 1.5227, Train MAPE: 0.0346, Train RMSE: 3.3335
Iter: 250, Train Loss: 1.5571, Train MAPE: 0.0350, Train RMSE: 3.3403
Iter: 300, Train Loss: 1.7729, Train MAPE: 0.0408, Train RMSE: 3.7179
Iter: 350, Train Loss: 1.4292, Train MAPE: 0.0307, Train RMSE: 3.0493
Iter: 400, Train Loss: 1.6337, Train MAPE: 0.0358, Train RMSE: 3.5167
Iter: 450, Train Loss: 1.3891, Train MAPE: 0.0279, Train RMSE: 2.8952
Iter: 500, Train Loss: 1.5064, Train MAPE: 0.0318, Train RMSE: 3.2673
Iter: 550, Train Loss: 1.7196, Train MAPE: 0.0407, Train RMSE: 3.7090
Epoch: 014, Inference Time: 2.4028 secs
Epoch: 014, Train Loss: 1.5739, Train MAPE: 0.0343, Train RMSE: 3.3929, Valid Loss: 1.7006, Valid MAPE: 0.0386, Valid RMSE: 3.5000, Training Time: 54.3131/epoch
Iter: 000, Train Loss: 1.5906, Train MAPE: 0.0339, Train RMSE: 3.3353
Iter: 050, Train Loss: 1.5053, Train MAPE: 0.0309, Train RMSE: 3.1153
Iter: 100, Train Loss: 1.6744, Train MAPE: 0.0371, Train RMSE: 3.5473
Iter: 150, Train Loss: 1.7714, Train MAPE: 0.0395, Train RMSE: 3.6595
Iter: 200, Train Loss: 1.3992, Train MAPE: 0.0282, Train RMSE: 2.9563
Iter: 250, Train Loss: 1.6507, Train MAPE: 0.0360, Train RMSE: 3.5846
Iter: 300, Train Loss: 1.5626, Train MAPE: 0.0319, Train RMSE: 3.2875
Iter: 350, Train Loss: 1.7299, Train MAPE: 0.0404, Train RMSE: 3.8530
Iter: 400, Train Loss: 1.6459, Train MAPE: 0.0384, Train RMSE: 3.5595
Iter: 450, Train Loss: 1.4713, Train MAPE: 0.0314, Train RMSE: 3.3203
Iter: 500, Train Loss: 1.5680, Train MAPE: 0.0351, Train RMSE: 3.4853
Iter: 550, Train Loss: 1.7541, Train MAPE: 0.0397, Train RMSE: 3.6745
Epoch: 015, Inference Time: 2.4212 secs
Epoch: 015, Train Loss: 1.6595, Train MAPE: 0.0366, Train RMSE: 3.5509, Valid Loss: 1.7486, Valid MAPE: 0.0399, Valid RMSE: 3.6008, Training Time: 52.8218/epoch
Iter: 000, Train Loss: 1.7264, Train MAPE: 0.0386, Train RMSE: 3.6716
Iter: 050, Train Loss: 1.3828, Train MAPE: 0.0284, Train RMSE: 2.9196
Iter: 100, Train Loss: 1.4065, Train MAPE: 0.0295, Train RMSE: 2.8840
Iter: 150, Train Loss: 1.6250, Train MAPE: 0.0374, Train RMSE: 3.6336
Iter: 200, Train Loss: 1.5431, Train MAPE: 0.0355, Train RMSE: 3.4115
Iter: 250, Train Loss: 1.5699, Train MAPE: 0.0351, Train RMSE: 3.5190
Iter: 300, Train Loss: 1.7570, Train MAPE: 0.0372, Train RMSE: 3.7384
Iter: 350, Train Loss: 1.6672, Train MAPE: 0.0365, Train RMSE: 3.6419
Iter: 400, Train Loss: 1.7112, Train MAPE: 0.0390, Train RMSE: 3.6751
Iter: 450, Train Loss: 1.4909, Train MAPE: 0.0334, Train RMSE: 3.3388
Iter: 500, Train Loss: 1.5544, Train MAPE: 0.0313, Train RMSE: 3.2683
Iter: 550, Train Loss: 1.3822, Train MAPE: 0.0282, Train RMSE: 3.0093
Epoch: 016, Inference Time: 2.4210 secs
Epoch: 016, Train Loss: 1.6376, Train MAPE: 0.0360, Train RMSE: 3.5107, Valid Loss: 1.7644, Valid MAPE: 0.0399, Valid RMSE: 3.5541, Training Time: 52.7326/epoch
Iter: 000, Train Loss: 1.5774, Train MAPE: 0.0367, Train RMSE: 3.5115
Iter: 050, Train Loss: 1.4909, Train MAPE: 0.0304, Train RMSE: 3.1780
Iter: 100, Train Loss: 1.7238, Train MAPE: 0.0388, Train RMSE: 3.7255
Iter: 150, Train Loss: 1.6418, Train MAPE: 0.0378, Train RMSE: 3.6582
Iter: 200, Train Loss: 1.5159, Train MAPE: 0.0318, Train RMSE: 3.2478
Iter: 250, Train Loss: 1.7524, Train MAPE: 0.0391, Train RMSE: 3.6622
Iter: 300, Train Loss: 1.5457, Train MAPE: 0.0341, Train RMSE: 3.4415
Iter: 350, Train Loss: 1.5409, Train MAPE: 0.0333, Train RMSE: 3.2284
Iter: 400, Train Loss: 1.7100, Train MAPE: 0.0374, Train RMSE: 3.6337
Iter: 450, Train Loss: 1.7840, Train MAPE: 0.0395, Train RMSE: 3.7830
Iter: 500, Train Loss: 1.5149, Train MAPE: 0.0344, Train RMSE: 3.2742
Iter: 550, Train Loss: 1.5694, Train MAPE: 0.0343, Train RMSE: 3.3224
Epoch: 017, Inference Time: 2.4223 secs
Epoch: 017, Train Loss: 1.6106, Train MAPE: 0.0353, Train RMSE: 3.4614, Valid Loss: 1.7785, Valid MAPE: 0.0397, Valid RMSE: 3.6220, Training Time: 52.7644/epoch
Iter: 000, Train Loss: 1.4302, Train MAPE: 0.0300, Train RMSE: 3.2093
Iter: 050, Train Loss: 1.6017, Train MAPE: 0.0352, Train RMSE: 3.4875
Iter: 100, Train Loss: 1.5353, Train MAPE: 0.0332, Train RMSE: 3.2942
Iter: 150, Train Loss: 1.6258, Train MAPE: 0.0354, Train RMSE: 3.3665
Iter: 200, Train Loss: 1.5580, Train MAPE: 0.0348, Train RMSE: 3.4092
Iter: 250, Train Loss: 1.3606, Train MAPE: 0.0263, Train RMSE: 2.8591
Iter: 300, Train Loss: 1.5236, Train MAPE: 0.0308, Train RMSE: 3.1995
Iter: 350, Train Loss: 1.6883, Train MAPE: 0.0370, Train RMSE: 3.5323
Iter: 400, Train Loss: 1.2552, Train MAPE: 0.0255, Train RMSE: 2.8170
Iter: 450, Train Loss: 1.4842, Train MAPE: 0.0319, Train RMSE: 3.2329
Iter: 500, Train Loss: 1.5915, Train MAPE: 0.0324, Train RMSE: 3.3094
Iter: 550, Train Loss: 1.3207, Train MAPE: 0.0260, Train RMSE: 2.8661
Epoch: 018, Inference Time: 2.4224 secs
Epoch: 018, Train Loss: 1.5867, Train MAPE: 0.0346, Train RMSE: 3.4130, Valid Loss: 1.7278, Valid MAPE: 0.0393, Valid RMSE: 3.5315, Training Time: 52.7763/epoch
Iter: 000, Train Loss: 1.3428, Train MAPE: 0.0270, Train RMSE: 3.0177
Iter: 050, Train Loss: 1.5900, Train MAPE: 0.0340, Train RMSE: 3.3021
Iter: 100, Train Loss: 1.4160, Train MAPE: 0.0308, Train RMSE: 3.1071
Iter: 150, Train Loss: 1.3452, Train MAPE: 0.0275, Train RMSE: 2.9075
Iter: 200, Train Loss: 1.5771, Train MAPE: 0.0337, Train RMSE: 3.3559
Iter: 250, Train Loss: 1.4087, Train MAPE: 0.0293, Train RMSE: 3.0888
Iter: 300, Train Loss: 1.5394, Train MAPE: 0.0347, Train RMSE: 3.2783
Iter: 350, Train Loss: 1.5743, Train MAPE: 0.0325, Train RMSE: 3.2505
Iter: 400, Train Loss: 1.6915, Train MAPE: 0.0378, Train RMSE: 3.6890
Iter: 450, Train Loss: 1.5767, Train MAPE: 0.0343, Train RMSE: 3.3926
Iter: 500, Train Loss: 1.6087, Train MAPE: 0.0352, Train RMSE: 3.4102
Iter: 550, Train Loss: 1.5571, Train MAPE: 0.0350, Train RMSE: 3.3840
Epoch: 019, Inference Time: 2.4033 secs
Epoch: 019, Train Loss: 1.5661, Train MAPE: 0.0341, Train RMSE: 3.3752, Valid Loss: 1.7085, Valid MAPE: 0.0384, Valid RMSE: 3.5084, Training Time: 52.7510/epoch
Iter: 000, Train Loss: 1.7477, Train MAPE: 0.0385, Train RMSE: 3.7673
Iter: 050, Train Loss: 1.6086, Train MAPE: 0.0362, Train RMSE: 3.5667
Iter: 100, Train Loss: 1.5720, Train MAPE: 0.0348, Train RMSE: 3.4754
Iter: 150, Train Loss: 1.4797, Train MAPE: 0.0312, Train RMSE: 3.1584
Iter: 200, Train Loss: 1.3991, Train MAPE: 0.0301, Train RMSE: 3.0352
Iter: 250, Train Loss: 1.4140, Train MAPE: 0.0303, Train RMSE: 3.3071
Iter: 300, Train Loss: 1.5340, Train MAPE: 0.0331, Train RMSE: 3.2495
Iter: 350, Train Loss: 1.3101, Train MAPE: 0.0263, Train RMSE: 2.8855
Iter: 400, Train Loss: 1.5315, Train MAPE: 0.0315, Train RMSE: 3.2609
Iter: 450, Train Loss: 1.6041, Train MAPE: 0.0373, Train RMSE: 3.5029
Iter: 500, Train Loss: 1.5823, Train MAPE: 0.0351, Train RMSE: 3.4834
Iter: 550, Train Loss: 1.6147, Train MAPE: 0.0340, Train RMSE: 3.3881
Epoch: 020, Inference Time: 2.4008 secs
Epoch: 020, Train Loss: 1.5461, Train MAPE: 0.0336, Train RMSE: 3.3359, Valid Loss: 1.6839, Valid MAPE: 0.0379, Valid RMSE: 3.4644, Training Time: 53.1813/epoch
Iter: 000, Train Loss: 1.5232, Train MAPE: 0.0320, Train RMSE: 3.2370
Iter: 050, Train Loss: 1.4092, Train MAPE: 0.0303, Train RMSE: 3.0862
Iter: 100, Train Loss: 1.4403, Train MAPE: 0.0291, Train RMSE: 3.1139
Iter: 150, Train Loss: 1.7289, Train MAPE: 0.0399, Train RMSE: 3.8126
Iter: 200, Train Loss: 1.5777, Train MAPE: 0.0363, Train RMSE: 3.4095
Iter: 250, Train Loss: 1.5443, Train MAPE: 0.0335, Train RMSE: 3.4186
Iter: 300, Train Loss: 1.4011, Train MAPE: 0.0289, Train RMSE: 3.0047
Iter: 350, Train Loss: 1.5283, Train MAPE: 0.0327, Train RMSE: 3.2256
Iter: 400, Train Loss: 1.7567, Train MAPE: 0.0397, Train RMSE: 3.6604
Iter: 450, Train Loss: 1.5398, Train MAPE: 0.0335, Train RMSE: 3.3126
Iter: 500, Train Loss: 1.4320, Train MAPE: 0.0295, Train RMSE: 3.1281
Iter: 550, Train Loss: 1.5471, Train MAPE: 0.0330, Train RMSE: 3.3272
Epoch: 021, Inference Time: 2.4010 secs
Epoch: 021, Train Loss: 1.5355, Train MAPE: 0.0333, Train RMSE: 3.3150, Valid Loss: 1.6814, Valid MAPE: 0.0380, Valid RMSE: 3.4661, Training Time: 53.3620/epoch
Iter: 000, Train Loss: 1.6614, Train MAPE: 0.0376, Train RMSE: 3.5960
Iter: 050, Train Loss: 1.5559, Train MAPE: 0.0308, Train RMSE: 3.2206
Iter: 100, Train Loss: 1.6611, Train MAPE: 0.0376, Train RMSE: 3.6074
Iter: 150, Train Loss: 1.5388, Train MAPE: 0.0318, Train RMSE: 3.1929
Iter: 200, Train Loss: 1.4909, Train MAPE: 0.0321, Train RMSE: 3.1955
Iter: 250, Train Loss: 1.8183, Train MAPE: 0.0444, Train RMSE: 3.8873
Iter: 300, Train Loss: 1.7125, Train MAPE: 0.0389, Train RMSE: 3.5974
Iter: 350, Train Loss: 1.7502, Train MAPE: 0.0422, Train RMSE: 3.7485
Iter: 400, Train Loss: 1.8593, Train MAPE: 0.0426, Train RMSE: 3.9447
Iter: 450, Train Loss: 1.7185, Train MAPE: 0.0386, Train RMSE: 3.6724
Iter: 500, Train Loss: 1.5814, Train MAPE: 0.0359, Train RMSE: 3.4372
Iter: 550, Train Loss: 1.6622, Train MAPE: 0.0381, Train RMSE: 3.7216
Epoch: 022, Inference Time: 2.4010 secs
Epoch: 022, Train Loss: 1.6158, Train MAPE: 0.0354, Train RMSE: 3.4651, Valid Loss: 1.7534, Valid MAPE: 0.0396, Valid RMSE: 3.5625, Training Time: 52.8981/epoch
Iter: 000, Train Loss: 1.5851, Train MAPE: 0.0336, Train RMSE: 3.4260
Iter: 050, Train Loss: 1.5769, Train MAPE: 0.0350, Train RMSE: 3.4782
Iter: 100, Train Loss: 1.4681, Train MAPE: 0.0306, Train RMSE: 3.0332
Iter: 150, Train Loss: 1.4902, Train MAPE: 0.0322, Train RMSE: 3.1458
Iter: 200, Train Loss: 1.6374, Train MAPE: 0.0357, Train RMSE: 3.5844
Iter: 250, Train Loss: 1.6420, Train MAPE: 0.0357, Train RMSE: 3.4376
Iter: 300, Train Loss: 1.8144, Train MAPE: 0.0405, Train RMSE: 3.8587
Iter: 350, Train Loss: 1.7454, Train MAPE: 0.0387, Train RMSE: 3.7431
Iter: 400, Train Loss: 1.5130, Train MAPE: 0.0321, Train RMSE: 3.2921
Iter: 450, Train Loss: 1.6554, Train MAPE: 0.0382, Train RMSE: 3.5657
Iter: 500, Train Loss: 1.3133, Train MAPE: 0.0256, Train RMSE: 2.8550
Iter: 550, Train Loss: 1.7988, Train MAPE: 0.0414, Train RMSE: 3.9426
Epoch: 023, Inference Time: 2.4010 secs
Epoch: 023, Train Loss: 1.5992, Train MAPE: 0.0350, Train RMSE: 3.4364, Valid Loss: 1.7262, Valid MAPE: 0.0391, Valid RMSE: 3.5258, Training Time: 53.8770/epoch
Iter: 000, Train Loss: 1.6508, Train MAPE: 0.0362, Train RMSE: 3.5655
Iter: 050, Train Loss: 1.6400, Train MAPE: 0.0349, Train RMSE: 3.5580
Iter: 100, Train Loss: 1.5974, Train MAPE: 0.0342, Train RMSE: 3.4162
Iter: 150, Train Loss: 1.5275, Train MAPE: 0.0322, Train RMSE: 3.3701
Iter: 200, Train Loss: 1.3480, Train MAPE: 0.0288, Train RMSE: 2.9963
Iter: 250, Train Loss: 1.5444, Train MAPE: 0.0334, Train RMSE: 3.3359
Iter: 300, Train Loss: 1.5222, Train MAPE: 0.0331, Train RMSE: 3.2876
Iter: 350, Train Loss: 1.6159, Train MAPE: 0.0339, Train RMSE: 3.4542
Iter: 400, Train Loss: 1.4397, Train MAPE: 0.0303, Train RMSE: 3.1598
Iter: 450, Train Loss: 1.6191, Train MAPE: 0.0369, Train RMSE: 3.6158
Iter: 500, Train Loss: 1.4740, Train MAPE: 0.0305, Train RMSE: 3.2755
Iter: 550, Train Loss: 1.5394, Train MAPE: 0.0351, Train RMSE: 3.4774
Epoch: 024, Inference Time: 2.4007 secs
Epoch: 024, Train Loss: 1.5815, Train MAPE: 0.0345, Train RMSE: 3.4034, Valid Loss: 1.6939, Valid MAPE: 0.0389, Valid RMSE: 3.5095, Training Time: 53.0050/epoch
Iter: 000, Train Loss: 1.5324, Train MAPE: 0.0347, Train RMSE: 3.4359
Iter: 050, Train Loss: 1.4407, Train MAPE: 0.0289, Train RMSE: 3.0779
Iter: 100, Train Loss: 1.4203, Train MAPE: 0.0303, Train RMSE: 3.1349
Iter: 150, Train Loss: 1.4769, Train MAPE: 0.0315, Train RMSE: 3.1523
Iter: 200, Train Loss: 1.6262, Train MAPE: 0.0321, Train RMSE: 3.3406
Iter: 250, Train Loss: 1.5714, Train MAPE: 0.0341, Train RMSE: 3.3361
Iter: 300, Train Loss: 1.5697, Train MAPE: 0.0347, Train RMSE: 3.4630
Iter: 350, Train Loss: 1.4859, Train MAPE: 0.0298, Train RMSE: 3.0933
Iter: 400, Train Loss: 1.6390, Train MAPE: 0.0372, Train RMSE: 3.5166
Iter: 450, Train Loss: 1.6185, Train MAPE: 0.0359, Train RMSE: 3.6421
Iter: 500, Train Loss: 1.6107, Train MAPE: 0.0340, Train RMSE: 3.4878
Iter: 550, Train Loss: 1.4283, Train MAPE: 0.0298, Train RMSE: 3.1684
Epoch: 025, Inference Time: 2.5570 secs
Epoch: 025, Train Loss: 1.5607, Train MAPE: 0.0340, Train RMSE: 3.3653, Valid Loss: 1.6853, Valid MAPE: 0.0388, Valid RMSE: 3.4727, Training Time: 56.8520/epoch
Iter: 000, Train Loss: 1.7328, Train MAPE: 0.0389, Train RMSE: 3.6393
Iter: 050, Train Loss: 1.5469, Train MAPE: 0.0345, Train RMSE: 3.3003
Iter: 100, Train Loss: 1.7085, Train MAPE: 0.0381, Train RMSE: 3.6164
Iter: 150, Train Loss: 1.6318, Train MAPE: 0.0350, Train RMSE: 3.5590
Iter: 200, Train Loss: 1.4650, Train MAPE: 0.0316, Train RMSE: 3.1469
Iter: 250, Train Loss: 1.6632, Train MAPE: 0.0358, Train RMSE: 3.4562
Iter: 300, Train Loss: 1.5887, Train MAPE: 0.0351, Train RMSE: 3.4897
Iter: 350, Train Loss: 1.4049, Train MAPE: 0.0293, Train RMSE: 2.9666
Iter: 400, Train Loss: 1.3896, Train MAPE: 0.0286, Train RMSE: 2.9173
Iter: 450, Train Loss: 1.3936, Train MAPE: 0.0285, Train RMSE: 2.9754
Iter: 500, Train Loss: 1.5009, Train MAPE: 0.0325, Train RMSE: 3.1799
Iter: 550, Train Loss: 1.5067, Train MAPE: 0.0315, Train RMSE: 3.1655
Epoch: 026, Inference Time: 2.4021 secs
Epoch: 026, Train Loss: 1.5414, Train MAPE: 0.0335, Train RMSE: 3.3263, Valid Loss: 1.6944, Valid MAPE: 0.0381, Valid RMSE: 3.4835, Training Time: 54.6584/epoch
Iter: 000, Train Loss: 1.5799, Train MAPE: 0.0326, Train RMSE: 3.3273
Iter: 050, Train Loss: 1.6092, Train MAPE: 0.0355, Train RMSE: 3.3976
Iter: 100, Train Loss: 1.7589, Train MAPE: 0.0420, Train RMSE: 3.7674
Iter: 150, Train Loss: 1.3725, Train MAPE: 0.0291, Train RMSE: 3.1182
Iter: 200, Train Loss: 1.4094, Train MAPE: 0.0293, Train RMSE: 2.9593
Iter: 250, Train Loss: 1.5110, Train MAPE: 0.0343, Train RMSE: 3.3561
Iter: 300, Train Loss: 1.5816, Train MAPE: 0.0353, Train RMSE: 3.4220
Iter: 350, Train Loss: 1.6492, Train MAPE: 0.0357, Train RMSE: 3.4539
Iter: 400, Train Loss: 1.7739, Train MAPE: 0.0406, Train RMSE: 3.6835
Iter: 450, Train Loss: 1.5442, Train MAPE: 0.0335, Train RMSE: 3.3940
Iter: 500, Train Loss: 1.6605, Train MAPE: 0.0388, Train RMSE: 3.5969
Iter: 550, Train Loss: 1.6433, Train MAPE: 0.0376, Train RMSE: 3.6096
Epoch: 027, Inference Time: 2.4030 secs
Epoch: 027, Train Loss: 1.5237, Train MAPE: 0.0330, Train RMSE: 3.2910, Valid Loss: 1.6854, Valid MAPE: 0.0379, Valid RMSE: 3.4669, Training Time: 52.4419/epoch
Iter: 000, Train Loss: 1.5746, Train MAPE: 0.0340, Train RMSE: 3.3180
Iter: 050, Train Loss: 1.4768, Train MAPE: 0.0307, Train RMSE: 3.1926
Iter: 100, Train Loss: 1.5618, Train MAPE: 0.0337, Train RMSE: 3.4222
Iter: 150, Train Loss: 1.3793, Train MAPE: 0.0281, Train RMSE: 2.9423
Iter: 200, Train Loss: 1.5541, Train MAPE: 0.0318, Train RMSE: 3.2582
Iter: 250, Train Loss: 1.5271, Train MAPE: 0.0316, Train RMSE: 3.2218
Iter: 300, Train Loss: 1.5822, Train MAPE: 0.0352, Train RMSE: 3.3907
Iter: 350, Train Loss: 1.4719, Train MAPE: 0.0323, Train RMSE: 3.2651
Iter: 400, Train Loss: 1.6914, Train MAPE: 0.0388, Train RMSE: 3.6879
Iter: 450, Train Loss: 1.5547, Train MAPE: 0.0356, Train RMSE: 3.3570
Iter: 500, Train Loss: 1.5873, Train MAPE: 0.0335, Train RMSE: 3.4352
Iter: 550, Train Loss: 1.8771, Train MAPE: 0.0439, Train RMSE: 3.8732
Epoch: 028, Inference Time: 2.4014 secs
Epoch: 028, Train Loss: 1.5137, Train MAPE: 0.0327, Train RMSE: 3.2709, Valid Loss: 1.6803, Valid MAPE: 0.0379, Valid RMSE: 3.4646, Training Time: 53.9306/epoch
Iter: 000, Train Loss: 1.4111, Train MAPE: 0.0288, Train RMSE: 3.0254
Iter: 050, Train Loss: 1.6068, Train MAPE: 0.0347, Train RMSE: 3.3602
Iter: 100, Train Loss: 1.5623, Train MAPE: 0.0309, Train RMSE: 3.2777
Iter: 150, Train Loss: 1.8358, Train MAPE: 0.0430, Train RMSE: 3.9956
Iter: 200, Train Loss: 1.6331, Train MAPE: 0.0356, Train RMSE: 3.6077
Iter: 250, Train Loss: 1.4923, Train MAPE: 0.0321, Train RMSE: 3.2158
Iter: 300, Train Loss: 1.6427, Train MAPE: 0.0355, Train RMSE: 3.5597
Iter: 350, Train Loss: 1.6694, Train MAPE: 0.0382, Train RMSE: 3.5806
Iter: 400, Train Loss: 1.6211, Train MAPE: 0.0350, Train RMSE: 3.5406
Iter: 450, Train Loss: 1.2925, Train MAPE: 0.0247, Train RMSE: 2.6546
Iter: 500, Train Loss: 1.5710, Train MAPE: 0.0329, Train RMSE: 3.3787
Iter: 550, Train Loss: 1.6095, Train MAPE: 0.0339, Train RMSE: 3.4012
Epoch: 029, Inference Time: 2.4005 secs
Epoch: 029, Train Loss: 1.5803, Train MAPE: 0.0345, Train RMSE: 3.3967, Valid Loss: 1.7614, Valid MAPE: 0.0398, Valid RMSE: 3.5875, Training Time: 53.2469/epoch
Iter: 000, Train Loss: 1.6847, Train MAPE: 0.0377, Train RMSE: 3.6826
Iter: 050, Train Loss: 1.5694, Train MAPE: 0.0337, Train RMSE: 3.3820
Iter: 100, Train Loss: 1.5037, Train MAPE: 0.0324, Train RMSE: 3.2650
Iter: 150, Train Loss: 1.7004, Train MAPE: 0.0383, Train RMSE: 3.7232
Iter: 200, Train Loss: 1.5511, Train MAPE: 0.0344, Train RMSE: 3.4596
Iter: 250, Train Loss: 1.6193, Train MAPE: 0.0355, Train RMSE: 3.4917
Iter: 300, Train Loss: 1.8805, Train MAPE: 0.0419, Train RMSE: 4.0003
Iter: 350, Train Loss: 1.6584, Train MAPE: 0.0377, Train RMSE: 3.4786
Iter: 400, Train Loss: 1.6445, Train MAPE: 0.0364, Train RMSE: 3.5610
Iter: 450, Train Loss: 1.4394, Train MAPE: 0.0301, Train RMSE: 3.2596
Iter: 500, Train Loss: 1.5465, Train MAPE: 0.0319, Train RMSE: 3.1544
Iter: 550, Train Loss: 1.4734, Train MAPE: 0.0295, Train RMSE: 3.1828
Epoch: 030, Inference Time: 2.4221 secs
Epoch: 030, Train Loss: 1.5759, Train MAPE: 0.0344, Train RMSE: 3.3937, Valid Loss: 1.7306, Valid MAPE: 0.0395, Valid RMSE: 3.5216, Training Time: 54.8092/epoch
Iter: 000, Train Loss: 1.4696, Train MAPE: 0.0307, Train RMSE: 3.0705
Iter: 050, Train Loss: 1.3658, Train MAPE: 0.0290, Train RMSE: 2.9927
Iter: 100, Train Loss: 1.6972, Train MAPE: 0.0388, Train RMSE: 3.5196
Iter: 150, Train Loss: 1.6703, Train MAPE: 0.0390, Train RMSE: 3.5629
Iter: 200, Train Loss: 1.5104, Train MAPE: 0.0322, Train RMSE: 3.1814
Iter: 250, Train Loss: 1.4622, Train MAPE: 0.0319, Train RMSE: 3.2137
Iter: 300, Train Loss: 1.5992, Train MAPE: 0.0348, Train RMSE: 3.3981
Iter: 350, Train Loss: 1.5607, Train MAPE: 0.0336, Train RMSE: 3.3966
Iter: 400, Train Loss: 1.4897, Train MAPE: 0.0325, Train RMSE: 3.2057
Iter: 450, Train Loss: 1.4912, Train MAPE: 0.0326, Train RMSE: 3.1970
Iter: 500, Train Loss: 1.3426, Train MAPE: 0.0278, Train RMSE: 2.9757
Iter: 550, Train Loss: 1.4565, Train MAPE: 0.0302, Train RMSE: 3.1379
Epoch: 031, Inference Time: 2.4223 secs
Epoch: 031, Train Loss: 1.5618, Train MAPE: 0.0340, Train RMSE: 3.3677, Valid Loss: 1.6911, Valid MAPE: 0.0389, Valid RMSE: 3.5085, Training Time: 52.7269/epoch
Iter: 000, Train Loss: 1.6293, Train MAPE: 0.0376, Train RMSE: 3.5489
Iter: 050, Train Loss: 1.5417, Train MAPE: 0.0351, Train RMSE: 3.5324
Iter: 100, Train Loss: 1.5000, Train MAPE: 0.0320, Train RMSE: 3.2913
Iter: 150, Train Loss: 1.7178, Train MAPE: 0.0401, Train RMSE: 3.6519
Iter: 200, Train Loss: 1.5356, Train MAPE: 0.0327, Train RMSE: 3.3292
Iter: 250, Train Loss: 1.6819, Train MAPE: 0.0387, Train RMSE: 3.6514
Iter: 300, Train Loss: 1.6460, Train MAPE: 0.0359, Train RMSE: 3.4697
Iter: 350, Train Loss: 1.2771, Train MAPE: 0.0252, Train RMSE: 2.7784
Iter: 400, Train Loss: 1.6643, Train MAPE: 0.0368, Train RMSE: 3.6727
Iter: 450, Train Loss: 1.7127, Train MAPE: 0.0391, Train RMSE: 3.6048
Iter: 500, Train Loss: 1.4988, Train MAPE: 0.0327, Train RMSE: 3.3273
Iter: 550, Train Loss: 1.5473, Train MAPE: 0.0317, Train RMSE: 3.2513
Epoch: 032, Inference Time: 2.4223 secs
Epoch: 032, Train Loss: 1.5437, Train MAPE: 0.0335, Train RMSE: 3.3332, Valid Loss: 1.6974, Valid MAPE: 0.0388, Valid RMSE: 3.4750, Training Time: 52.7447/epoch
Iter: 000, Train Loss: 1.4743, Train MAPE: 0.0308, Train RMSE: 3.0857
Iter: 050, Train Loss: 1.5978, Train MAPE: 0.0331, Train RMSE: 3.3018
Iter: 100, Train Loss: 1.3669, Train MAPE: 0.0280, Train RMSE: 2.9380
Iter: 150, Train Loss: 1.5676, Train MAPE: 0.0363, Train RMSE: 3.3788
Iter: 200, Train Loss: 1.4439, Train MAPE: 0.0302, Train RMSE: 3.1346
Iter: 250, Train Loss: 1.5030, Train MAPE: 0.0327, Train RMSE: 3.3151
Iter: 300, Train Loss: 1.5481, Train MAPE: 0.0332, Train RMSE: 3.3027
Iter: 350, Train Loss: 1.5049, Train MAPE: 0.0333, Train RMSE: 3.2836
Iter: 400, Train Loss: 1.2694, Train MAPE: 0.0253, Train RMSE: 2.8149
Iter: 450, Train Loss: 1.6136, Train MAPE: 0.0356, Train RMSE: 3.6133
Iter: 500, Train Loss: 1.5295, Train MAPE: 0.0331, Train RMSE: 3.2866
Iter: 550, Train Loss: 1.4588, Train MAPE: 0.0312, Train RMSE: 3.2370
Epoch: 033, Inference Time: 2.4218 secs
Epoch: 033, Train Loss: 1.5256, Train MAPE: 0.0331, Train RMSE: 3.2961, Valid Loss: 1.6870, Valid MAPE: 0.0385, Valid RMSE: 3.4797, Training Time: 52.7608/epoch
Iter: 000, Train Loss: 1.5357, Train MAPE: 0.0342, Train RMSE: 3.4881
Iter: 050, Train Loss: 1.5272, Train MAPE: 0.0330, Train RMSE: 3.2758
Iter: 100, Train Loss: 1.5618, Train MAPE: 0.0336, Train RMSE: 3.3147
Iter: 150, Train Loss: 1.6086, Train MAPE: 0.0356, Train RMSE: 3.4992
Iter: 200, Train Loss: 1.4825, Train MAPE: 0.0319, Train RMSE: 3.2010
Iter: 250, Train Loss: 1.3688, Train MAPE: 0.0270, Train RMSE: 2.8368
Iter: 300, Train Loss: 1.2996, Train MAPE: 0.0254, Train RMSE: 2.6859
Iter: 350, Train Loss: 1.6010, Train MAPE: 0.0360, Train RMSE: 3.5038
Iter: 400, Train Loss: 1.4926, Train MAPE: 0.0328, Train RMSE: 3.2640
Iter: 450, Train Loss: 1.5228, Train MAPE: 0.0347, Train RMSE: 3.4374
Iter: 500, Train Loss: 1.4700, Train MAPE: 0.0299, Train RMSE: 3.0233
Iter: 550, Train Loss: 1.6657, Train MAPE: 0.0372, Train RMSE: 3.6014
Epoch: 034, Inference Time: 2.4597 secs
Epoch: 034, Train Loss: 1.5082, Train MAPE: 0.0326, Train RMSE: 3.2633, Valid Loss: 1.6803, Valid MAPE: 0.0379, Valid RMSE: 3.4601, Training Time: 57.8396/epoch
Iter: 000, Train Loss: 1.5376, Train MAPE: 0.0331, Train RMSE: 3.3697
Iter: 050, Train Loss: 1.4415, Train MAPE: 0.0291, Train RMSE: 3.0629
Iter: 100, Train Loss: 1.3780, Train MAPE: 0.0273, Train RMSE: 2.9002
Iter: 150, Train Loss: 1.4863, Train MAPE: 0.0326, Train RMSE: 3.1869
Iter: 200, Train Loss: 1.6253, Train MAPE: 0.0355, Train RMSE: 3.5014
Iter: 250, Train Loss: 1.4236, Train MAPE: 0.0299, Train RMSE: 3.0785
Iter: 300, Train Loss: 1.4294, Train MAPE: 0.0301, Train RMSE: 3.2063
Iter: 350, Train Loss: 1.4705, Train MAPE: 0.0313, Train RMSE: 3.2005
Iter: 400, Train Loss: 1.4264, Train MAPE: 0.0316, Train RMSE: 3.1457
Iter: 450, Train Loss: 1.6742, Train MAPE: 0.0376, Train RMSE: 3.6646
Iter: 500, Train Loss: 1.3745, Train MAPE: 0.0271, Train RMSE: 2.8312
Iter: 550, Train Loss: 1.4038, Train MAPE: 0.0312, Train RMSE: 3.0877
Epoch: 035, Inference Time: 2.4218 secs
Epoch: 035, Train Loss: 1.4983, Train MAPE: 0.0324, Train RMSE: 3.2414, Valid Loss: 1.6932, Valid MAPE: 0.0381, Valid RMSE: 3.4825, Training Time: 52.6456/epoch
Iter: 000, Train Loss: 1.4638, Train MAPE: 0.0322, Train RMSE: 3.3383
Iter: 050, Train Loss: 1.9158, Train MAPE: 0.0463, Train RMSE: 4.2705
Iter: 100, Train Loss: 1.6448, Train MAPE: 0.0349, Train RMSE: 3.3815
Iter: 150, Train Loss: 1.6804, Train MAPE: 0.0382, Train RMSE: 3.5749
Iter: 200, Train Loss: 1.5150, Train MAPE: 0.0310, Train RMSE: 3.1605
Iter: 250, Train Loss: 1.6596, Train MAPE: 0.0346, Train RMSE: 3.5223
Iter: 300, Train Loss: 1.6620, Train MAPE: 0.0387, Train RMSE: 3.5107
Iter: 350, Train Loss: 1.5934, Train MAPE: 0.0340, Train RMSE: 3.4147
Iter: 400, Train Loss: 1.4926, Train MAPE: 0.0309, Train RMSE: 3.1503
Iter: 450, Train Loss: 1.5600, Train MAPE: 0.0333, Train RMSE: 3.2972
Iter: 500, Train Loss: 1.5264, Train MAPE: 0.0343, Train RMSE: 3.4319
Iter: 550, Train Loss: 1.5882, Train MAPE: 0.0354, Train RMSE: 3.4453
Epoch: 036, Inference Time: 2.4243 secs
Epoch: 036, Train Loss: 1.5656, Train MAPE: 0.0341, Train RMSE: 3.3742, Valid Loss: 1.7227, Valid MAPE: 0.0398, Valid RMSE: 3.5180, Training Time: 52.7257/epoch
Iter: 000, Train Loss: 1.5012, Train MAPE: 0.0321, Train RMSE: 3.1293
Iter: 050, Train Loss: 1.7392, Train MAPE: 0.0401, Train RMSE: 3.8302
Iter: 100, Train Loss: 1.7321, Train MAPE: 0.0414, Train RMSE: 3.7908
Iter: 150, Train Loss: 1.5484, Train MAPE: 0.0325, Train RMSE: 3.3683
Iter: 200, Train Loss: 1.9069, Train MAPE: 0.0441, Train RMSE: 4.0129
Iter: 250, Train Loss: 1.6760, Train MAPE: 0.0365, Train RMSE: 3.5486
Iter: 300, Train Loss: 1.4162, Train MAPE: 0.0291, Train RMSE: 3.0455
Iter: 350, Train Loss: 1.6597, Train MAPE: 0.0372, Train RMSE: 3.5541
Iter: 400, Train Loss: 1.5854, Train MAPE: 0.0341, Train RMSE: 3.3733
Iter: 450, Train Loss: 1.5365, Train MAPE: 0.0326, Train RMSE: 3.2949
Iter: 500, Train Loss: 1.5884, Train MAPE: 0.0353, Train RMSE: 3.4273
Iter: 550, Train Loss: 1.6685, Train MAPE: 0.0378, Train RMSE: 3.6442
Epoch: 037, Inference Time: 2.4232 secs
Epoch: 037, Train Loss: 1.5604, Train MAPE: 0.0340, Train RMSE: 3.3655, Valid Loss: 1.7025, Valid MAPE: 0.0390, Valid RMSE: 3.4697, Training Time: 52.7585/epoch
Iter: 000, Train Loss: 1.6285, Train MAPE: 0.0379, Train RMSE: 3.5265
Iter: 050, Train Loss: 1.4503, Train MAPE: 0.0307, Train RMSE: 3.0849
Iter: 100, Train Loss: 1.4211, Train MAPE: 0.0301, Train RMSE: 3.1224
Iter: 150, Train Loss: 1.6540, Train MAPE: 0.0381, Train RMSE: 3.6943
Iter: 200, Train Loss: 1.5927, Train MAPE: 0.0345, Train RMSE: 3.4030
Iter: 250, Train Loss: 1.4216, Train MAPE: 0.0293, Train RMSE: 2.9957
Iter: 300, Train Loss: 1.5137, Train MAPE: 0.0325, Train RMSE: 3.2349
Iter: 350, Train Loss: 1.4727, Train MAPE: 0.0319, Train RMSE: 3.1996
Iter: 400, Train Loss: 1.5199, Train MAPE: 0.0334, Train RMSE: 3.2284
Iter: 450, Train Loss: 1.6959, Train MAPE: 0.0393, Train RMSE: 3.6922
Iter: 500, Train Loss: 1.7331, Train MAPE: 0.0388, Train RMSE: 3.7149
Iter: 550, Train Loss: 1.5085, Train MAPE: 0.0318, Train RMSE: 3.1910
Epoch: 038, Inference Time: 2.4226 secs
Epoch: 038, Train Loss: 1.5483, Train MAPE: 0.0337, Train RMSE: 3.3398, Valid Loss: 1.7213, Valid MAPE: 0.0394, Valid RMSE: 3.5284, Training Time: 52.7579/epoch
Iter: 000, Train Loss: 1.7724, Train MAPE: 0.0420, Train RMSE: 3.7983
Iter: 050, Train Loss: 1.5440, Train MAPE: 0.0340, Train RMSE: 3.3519
Iter: 100, Train Loss: 1.5864, Train MAPE: 0.0345, Train RMSE: 3.3853
Iter: 150, Train Loss: 1.4897, Train MAPE: 0.0318, Train RMSE: 3.2292
Iter: 200, Train Loss: 1.5635, Train MAPE: 0.0340, Train RMSE: 3.3019
Iter: 250, Train Loss: 1.4807, Train MAPE: 0.0307, Train RMSE: 3.1680
Iter: 300, Train Loss: 1.3329, Train MAPE: 0.0270, Train RMSE: 2.8574
Iter: 350, Train Loss: 1.5630, Train MAPE: 0.0339, Train RMSE: 3.4254
Iter: 400, Train Loss: 1.6009, Train MAPE: 0.0378, Train RMSE: 3.4992
Iter: 450, Train Loss: 1.7851, Train MAPE: 0.0416, Train RMSE: 3.7714
Iter: 500, Train Loss: 1.3525, Train MAPE: 0.0299, Train RMSE: 3.0884
Iter: 550, Train Loss: 1.6326, Train MAPE: 0.0356, Train RMSE: 3.4896
Epoch: 039, Inference Time: 2.4230 secs
Epoch: 039, Train Loss: 1.5309, Train MAPE: 0.0332, Train RMSE: 3.3059, Valid Loss: 1.6962, Valid MAPE: 0.0383, Valid RMSE: 3.4937, Training Time: 52.7784/epoch
Iter: 000, Train Loss: 1.6710, Train MAPE: 0.0372, Train RMSE: 3.5197
Iter: 050, Train Loss: 1.3355, Train MAPE: 0.0268, Train RMSE: 2.8238
Iter: 100, Train Loss: 1.6318, Train MAPE: 0.0361, Train RMSE: 3.6080
Iter: 150, Train Loss: 1.5138, Train MAPE: 0.0320, Train RMSE: 3.2768
Iter: 200, Train Loss: 1.7747, Train MAPE: 0.0414, Train RMSE: 3.7399
Iter: 250, Train Loss: 1.4874, Train MAPE: 0.0346, Train RMSE: 3.3314
Iter: 300, Train Loss: 1.5579, Train MAPE: 0.0344, Train RMSE: 3.3344
Iter: 350, Train Loss: 1.4021, Train MAPE: 0.0289, Train RMSE: 3.0619
Iter: 400, Train Loss: 1.3923, Train MAPE: 0.0283, Train RMSE: 2.9136
Iter: 450, Train Loss: 1.3698, Train MAPE: 0.0293, Train RMSE: 2.9741
Iter: 500, Train Loss: 1.5647, Train MAPE: 0.0338, Train RMSE: 3.3795
Iter: 550, Train Loss: 1.3656, Train MAPE: 0.0283, Train RMSE: 2.9685
Epoch: 040, Inference Time: 2.4019 secs
Epoch: 040, Train Loss: 1.5112, Train MAPE: 0.0327, Train RMSE: 3.2691, Valid Loss: 1.6967, Valid MAPE: 0.0380, Valid RMSE: 3.4913, Training Time: 59.5708/epoch
Iter: 000, Train Loss: 1.4092, Train MAPE: 0.0294, Train RMSE: 3.1792
Iter: 050, Train Loss: 1.4117, Train MAPE: 0.0305, Train RMSE: 3.0288
Iter: 100, Train Loss: 1.6112, Train MAPE: 0.0351, Train RMSE: 3.4413
Iter: 150, Train Loss: 1.5319, Train MAPE: 0.0335, Train RMSE: 3.1954
Iter: 200, Train Loss: 1.6452, Train MAPE: 0.0365, Train RMSE: 3.4532
Iter: 250, Train Loss: 1.5266, Train MAPE: 0.0325, Train RMSE: 3.2307
Iter: 300, Train Loss: 1.3629, Train MAPE: 0.0279, Train RMSE: 3.0132
Iter: 350, Train Loss: 1.4428, Train MAPE: 0.0304, Train RMSE: 3.0760
Iter: 400, Train Loss: 1.4797, Train MAPE: 0.0313, Train RMSE: 3.0805
Iter: 450, Train Loss: 1.5893, Train MAPE: 0.0349, Train RMSE: 3.4306
Iter: 500, Train Loss: 1.4436, Train MAPE: 0.0304, Train RMSE: 3.1616
Iter: 550, Train Loss: 1.3703, Train MAPE: 0.0288, Train RMSE: 2.9532
Epoch: 041, Inference Time: 2.4033 secs
Epoch: 041, Train Loss: 1.4968, Train MAPE: 0.0323, Train RMSE: 3.2396, Valid Loss: 1.7020, Valid MAPE: 0.0383, Valid RMSE: 3.5017, Training Time: 52.7587/epoch
Iter: 000, Train Loss: 1.5113, Train MAPE: 0.0329, Train RMSE: 3.2829
Iter: 050, Train Loss: 1.5695, Train MAPE: 0.0358, Train RMSE: 3.4429
Iter: 100, Train Loss: 1.2960, Train MAPE: 0.0266, Train RMSE: 2.9129
Iter: 150, Train Loss: 1.4470, Train MAPE: 0.0307, Train RMSE: 3.1836
Iter: 200, Train Loss: 1.5946, Train MAPE: 0.0380, Train RMSE: 3.5951
Iter: 250, Train Loss: 1.6395, Train MAPE: 0.0359, Train RMSE: 3.5127
Iter: 300, Train Loss: 1.5691, Train MAPE: 0.0343, Train RMSE: 3.4859
Iter: 350, Train Loss: 1.4698, Train MAPE: 0.0320, Train RMSE: 3.2129
Iter: 400, Train Loss: 1.5692, Train MAPE: 0.0351, Train RMSE: 3.4466
Iter: 450, Train Loss: 1.5264, Train MAPE: 0.0332, Train RMSE: 3.2564
Iter: 500, Train Loss: 1.4459, Train MAPE: 0.0303, Train RMSE: 3.2767
Iter: 550, Train Loss: 1.3302, Train MAPE: 0.0265, Train RMSE: 2.8037
Epoch: 042, Inference Time: 2.4027 secs
Epoch: 042, Train Loss: 1.4873, Train MAPE: 0.0321, Train RMSE: 3.2193, Valid Loss: 1.7004, Valid MAPE: 0.0382, Valid RMSE: 3.5006, Training Time: 53.6461/epoch
Iter: 000, Train Loss: 1.4894, Train MAPE: 0.0314, Train RMSE: 3.1616
Iter: 050, Train Loss: 1.4287, Train MAPE: 0.0297, Train RMSE: 3.0264
Iter: 100, Train Loss: 1.6533, Train MAPE: 0.0355, Train RMSE: 3.5349
Iter: 150, Train Loss: 1.4616, Train MAPE: 0.0299, Train RMSE: 3.2236
Iter: 200, Train Loss: 1.7220, Train MAPE: 0.0371, Train RMSE: 3.5700
Iter: 250, Train Loss: 1.6792, Train MAPE: 0.0386, Train RMSE: 3.5912
Iter: 300, Train Loss: 1.5234, Train MAPE: 0.0325, Train RMSE: 3.3001
Iter: 350, Train Loss: 1.5541, Train MAPE: 0.0326, Train RMSE: 3.3495
Iter: 400, Train Loss: 1.5183, Train MAPE: 0.0334, Train RMSE: 3.3452
Iter: 450, Train Loss: 1.6270, Train MAPE: 0.0353, Train RMSE: 3.6047
Iter: 500, Train Loss: 1.4253, Train MAPE: 0.0299, Train RMSE: 3.0967
Iter: 550, Train Loss: 1.5438, Train MAPE: 0.0316, Train RMSE: 3.2133
Epoch: 043, Inference Time: 2.4231 secs
Epoch: 043, Train Loss: 1.5519, Train MAPE: 0.0337, Train RMSE: 3.3433, Valid Loss: 1.7723, Valid MAPE: 0.0415, Valid RMSE: 3.6553, Training Time: 53.7527/epoch
Iter: 000, Train Loss: 1.5868, Train MAPE: 0.0347, Train RMSE: 3.3716
Iter: 050, Train Loss: 1.3578, Train MAPE: 0.0288, Train RMSE: 2.9792
Iter: 100, Train Loss: 1.6627, Train MAPE: 0.0363, Train RMSE: 3.5774
Iter: 150, Train Loss: 1.6465, Train MAPE: 0.0354, Train RMSE: 3.4628
Iter: 200, Train Loss: 1.4392, Train MAPE: 0.0300, Train RMSE: 3.0728
Iter: 250, Train Loss: 1.4686, Train MAPE: 0.0310, Train RMSE: 3.1944
Iter: 300, Train Loss: 1.7014, Train MAPE: 0.0359, Train RMSE: 3.6300
Iter: 350, Train Loss: 1.4763, Train MAPE: 0.0309, Train RMSE: 3.0404
Iter: 400, Train Loss: 1.5874, Train MAPE: 0.0334, Train RMSE: 3.3282
Iter: 450, Train Loss: 1.5793, Train MAPE: 0.0362, Train RMSE: 3.4754
Iter: 500, Train Loss: 1.5867, Train MAPE: 0.0347, Train RMSE: 3.5020
Iter: 550, Train Loss: 1.4937, Train MAPE: 0.0329, Train RMSE: 3.2682
Epoch: 044, Inference Time: 2.4403 secs
Epoch: 044, Train Loss: 1.5513, Train MAPE: 0.0337, Train RMSE: 3.3451, Valid Loss: 1.7347, Valid MAPE: 0.0392, Valid RMSE: 3.5334, Training Time: 52.8239/epoch
Early Termination!
Average Training Time: 53.6704 secs/epoch
Average Inference Time: 2.4943 secs
Training finished
The valid loss on best model is 1.6803
Evaluate best model on test data for horizon 1, Test MAE: 0.9056, Test MAPE: 0.0177, Test RMSE: 1.6442
Evaluate best model on test data for horizon 2, Test MAE: 1.1752, Test MAPE: 0.0238, Test RMSE: 2.3430
Evaluate best model on test data for horizon 3, Test MAE: 1.3694, Test MAPE: 0.0288, Test RMSE: 2.8906
Evaluate best model on test data for horizon 4, Test MAE: 1.5118, Test MAPE: 0.0328, Test RMSE: 3.3019
Evaluate best model on test data for horizon 5, Test MAE: 1.6179, Test MAPE: 0.0359, Test RMSE: 3.6030
Evaluate best model on test data for horizon 6, Test MAE: 1.7005, Test MAPE: 0.0383, Test RMSE: 3.8274
Evaluate best model on test data for horizon 7, Test MAE: 1.7674, Test MAPE: 0.0402, Test RMSE: 4.0007
Evaluate best model on test data for horizon 8, Test MAE: 1.8238, Test MAPE: 0.0418, Test RMSE: 4.1401
Evaluate best model on test data for horizon 9, Test MAE: 1.8729, Test MAPE: 0.0432, Test RMSE: 4.2542
Evaluate best model on test data for horizon 10, Test MAE: 1.9158, Test MAPE: 0.0443, Test RMSE: 4.3459
Evaluate best model on test data for horizon 11, Test MAE: 1.9530, Test MAPE: 0.0453, Test RMSE: 4.4218
Evaluate best model on test data for horizon 12, Test MAE: 1.9860, Test MAPE: 0.0462, Test RMSE: 4.4897
On average over 12 horizons, Test MAE: 1.6333, Test MAPE: 0.0365, Test RMSE: 3.6052
Total time spent: 2534.8716
