Start Deterministic Training with seed 42
Namespace(device='cuda:0', data='/home/p_tf_zy/p_tf_01/TESTAM-main/data/METR-LA', adjdata='/home/p_tf_zy/p_tf_01/TESTAM-main/data/METR-LA/adj_mx.pkl', adjtype='doubletransition', out_dim=1, nhid=32, in_dim=2, num_nodes=207, batch_size=64, dropout=0.3, epochs=100, print_every=50, seed=42, save='/home/p_tf_zy/p_tf_01/TESTAM-main/experiment/METR-LA_TESTAM', expid=1, load_path=None, patience=15, lr_mul=1, n_warmup_steps=4000, quantile=0.7, is_quantile=False, warmup_epoch=0)
Train the model with 75161 parameters
start training...
Iter: 000, Train Loss: 14.6048, Train MAPE: 0.3972, Train RMSE: 19.6710
Iter: 050, Train Loss: 11.8067, Train MAPE: 0.3102, Train RMSE: 16.0126
Iter: 100, Train Loss: 8.8160, Train MAPE: 0.2589, Train RMSE: 12.9566
Iter: 150, Train Loss: 7.0793, Train MAPE: 0.1965, Train RMSE: 10.6701
Iter: 200, Train Loss: 5.8969, Train MAPE: 0.1559, Train RMSE: 9.4485
Iter: 250, Train Loss: 5.5571, Train MAPE: 0.1656, Train RMSE: 9.2940
Iter: 300, Train Loss: 5.1820, Train MAPE: 0.1581, Train RMSE: 9.0174
Iter: 350, Train Loss: 5.2635, Train MAPE: 0.1770, Train RMSE: 9.6487
Epoch: 001, Inference Time: 1.6235 secs
Epoch: 001, Train Loss: 7.5020, Train MAPE: 0.2102, Train RMSE: 11.4449, Valid Loss: 4.1954, Valid MAPE: 0.1236, Valid RMSE: 7.7260, Training Time: 37.7485/epoch
Iter: 000, Train Loss: 4.5738, Train MAPE: 0.1242, Train RMSE: 8.5048
Iter: 050, Train Loss: 4.5908, Train MAPE: 0.1407, Train RMSE: 8.5776
Iter: 100, Train Loss: 4.5579, Train MAPE: 0.1288, Train RMSE: 8.6998
Iter: 150, Train Loss: 4.6897, Train MAPE: 0.1413, Train RMSE: 8.8801
Iter: 200, Train Loss: 4.5993, Train MAPE: 0.1408, Train RMSE: 8.9259
Iter: 250, Train Loss: 4.5287, Train MAPE: 0.1431, Train RMSE: 8.7835
Iter: 300, Train Loss: 4.5131, Train MAPE: 0.1344, Train RMSE: 8.9685
Iter: 350, Train Loss: 4.7874, Train MAPE: 0.1571, Train RMSE: 9.4032
Epoch: 002, Inference Time: 1.6238 secs
Epoch: 002, Train Loss: 4.5762, Train MAPE: 0.1395, Train RMSE: 8.8401, Valid Loss: 4.1980, Valid MAPE: 0.1269, Valid RMSE: 7.9095, Training Time: 37.4363/epoch
Iter: 000, Train Loss: 4.6437, Train MAPE: 0.1348, Train RMSE: 9.0948
Iter: 050, Train Loss: 4.4458, Train MAPE: 0.1411, Train RMSE: 8.9117
Iter: 100, Train Loss: 3.8656, Train MAPE: 0.1091, Train RMSE: 7.8408
Iter: 150, Train Loss: 4.1873, Train MAPE: 0.1285, Train RMSE: 8.4381
Iter: 200, Train Loss: 4.2394, Train MAPE: 0.1325, Train RMSE: 8.4825
Iter: 250, Train Loss: 4.1026, Train MAPE: 0.1179, Train RMSE: 8.0964
Iter: 300, Train Loss: 4.5560, Train MAPE: 0.1475, Train RMSE: 8.9902
Iter: 350, Train Loss: 4.4680, Train MAPE: 0.1432, Train RMSE: 8.8759
Epoch: 003, Inference Time: 1.6421 secs
Epoch: 003, Train Loss: 4.3996, Train MAPE: 0.1356, Train RMSE: 8.7870, Valid Loss: 4.0742, Valid MAPE: 0.1248, Valid RMSE: 7.8140, Training Time: 37.4208/epoch
Iter: 000, Train Loss: 4.5723, Train MAPE: 0.1415, Train RMSE: 9.0418
Iter: 050, Train Loss: 4.2067, Train MAPE: 0.1156, Train RMSE: 8.1394
Iter: 100, Train Loss: 4.3850, Train MAPE: 0.1324, Train RMSE: 8.7823
Iter: 150, Train Loss: 4.1783, Train MAPE: 0.1273, Train RMSE: 8.3745
Iter: 200, Train Loss: 4.1741, Train MAPE: 0.1258, Train RMSE: 8.4979
Iter: 250, Train Loss: 4.1800, Train MAPE: 0.1274, Train RMSE: 8.2452
Iter: 300, Train Loss: 3.9330, Train MAPE: 0.1142, Train RMSE: 7.9875
Iter: 350, Train Loss: 3.9665, Train MAPE: 0.1177, Train RMSE: 7.9786
Epoch: 004, Inference Time: 1.6234 secs
Epoch: 004, Train Loss: 4.3120, Train MAPE: 0.1323, Train RMSE: 8.6708, Valid Loss: 4.0475, Valid MAPE: 0.1218, Valid RMSE: 7.6384, Training Time: 37.4239/epoch
Iter: 000, Train Loss: 4.1012, Train MAPE: 0.1260, Train RMSE: 8.4394
Iter: 050, Train Loss: 3.9226, Train MAPE: 0.1103, Train RMSE: 7.6822
Iter: 100, Train Loss: 4.3065, Train MAPE: 0.1298, Train RMSE: 8.4469
Iter: 150, Train Loss: 3.7755, Train MAPE: 0.1036, Train RMSE: 7.6308
Iter: 200, Train Loss: 4.0935, Train MAPE: 0.1136, Train RMSE: 8.2068
Iter: 250, Train Loss: 4.5204, Train MAPE: 0.1434, Train RMSE: 8.7700
Iter: 300, Train Loss: 4.5780, Train MAPE: 0.1451, Train RMSE: 9.1749
Iter: 350, Train Loss: 4.3218, Train MAPE: 0.1306, Train RMSE: 8.7353
Epoch: 005, Inference Time: 1.6231 secs
Epoch: 005, Train Loss: 4.2377, Train MAPE: 0.1282, Train RMSE: 8.4785, Valid Loss: 4.0129, Valid MAPE: 0.1230, Valid RMSE: 7.4445, Training Time: 37.4236/epoch
Iter: 000, Train Loss: 4.2786, Train MAPE: 0.1355, Train RMSE: 8.3875
Iter: 050, Train Loss: 4.4387, Train MAPE: 0.1262, Train RMSE: 8.8073
Iter: 100, Train Loss: 3.7634, Train MAPE: 0.1036, Train RMSE: 7.7648
Iter: 150, Train Loss: 4.1177, Train MAPE: 0.1277, Train RMSE: 8.0044
Iter: 200, Train Loss: 3.9778, Train MAPE: 0.1154, Train RMSE: 7.8773
Iter: 250, Train Loss: 4.0917, Train MAPE: 0.1202, Train RMSE: 8.1608
Iter: 300, Train Loss: 3.7618, Train MAPE: 0.0926, Train RMSE: 7.0510
Iter: 350, Train Loss: 3.4009, Train MAPE: 0.0922, Train RMSE: 6.6966
Epoch: 006, Inference Time: 1.6233 secs
Epoch: 006, Train Loss: 4.0260, Train MAPE: 0.1180, Train RMSE: 8.0103, Valid Loss: 3.8919, Valid MAPE: 0.1045, Valid RMSE: 7.0374, Training Time: 37.4283/epoch
Iter: 000, Train Loss: 3.4300, Train MAPE: 0.0952, Train RMSE: 7.2083
Iter: 050, Train Loss: 4.4059, Train MAPE: 0.1338, Train RMSE: 8.5899
Iter: 100, Train Loss: 3.7064, Train MAPE: 0.1011, Train RMSE: 7.1213
Iter: 150, Train Loss: 3.6706, Train MAPE: 0.1094, Train RMSE: 7.3338
Iter: 200, Train Loss: 3.8887, Train MAPE: 0.1137, Train RMSE: 8.1134
Iter: 250, Train Loss: 3.7514, Train MAPE: 0.0982, Train RMSE: 7.2293
Iter: 300, Train Loss: 3.8885, Train MAPE: 0.1142, Train RMSE: 7.7445
Iter: 350, Train Loss: 3.8651, Train MAPE: 0.1025, Train RMSE: 7.7736
Epoch: 007, Inference Time: 1.6227 secs
Epoch: 007, Train Loss: 3.7944, Train MAPE: 0.1082, Train RMSE: 7.5296, Valid Loss: 3.5732, Valid MAPE: 0.1026, Valid RMSE: 6.6674, Training Time: 37.4326/epoch
Iter: 000, Train Loss: 3.7088, Train MAPE: 0.0973, Train RMSE: 7.2605
Iter: 050, Train Loss: 3.6583, Train MAPE: 0.0998, Train RMSE: 7.2956
Iter: 100, Train Loss: 3.6080, Train MAPE: 0.0937, Train RMSE: 6.8702
Iter: 150, Train Loss: 3.7675, Train MAPE: 0.1064, Train RMSE: 7.3506
Iter: 200, Train Loss: 3.4504, Train MAPE: 0.0937, Train RMSE: 6.9492
Iter: 250, Train Loss: 3.7097, Train MAPE: 0.1105, Train RMSE: 7.3106
Iter: 300, Train Loss: 3.4361, Train MAPE: 0.0899, Train RMSE: 6.9687
Iter: 350, Train Loss: 3.7872, Train MAPE: 0.1135, Train RMSE: 7.6743
Epoch: 008, Inference Time: 1.6231 secs
Epoch: 008, Train Loss: 3.6844, Train MAPE: 0.1047, Train RMSE: 7.3379, Valid Loss: 3.6390, Valid MAPE: 0.1112, Valid RMSE: 6.7164, Training Time: 37.4201/epoch
Iter: 000, Train Loss: 3.5880, Train MAPE: 0.1111, Train RMSE: 7.1106
Iter: 050, Train Loss: 3.6856, Train MAPE: 0.1014, Train RMSE: 7.3789
Iter: 100, Train Loss: 3.7472, Train MAPE: 0.1041, Train RMSE: 7.3320
Iter: 150, Train Loss: 3.4013, Train MAPE: 0.0979, Train RMSE: 6.7662
Iter: 200, Train Loss: 3.6484, Train MAPE: 0.0924, Train RMSE: 6.8230
Iter: 250, Train Loss: 3.9703, Train MAPE: 0.1180, Train RMSE: 7.9565
Iter: 300, Train Loss: 3.5707, Train MAPE: 0.0989, Train RMSE: 7.2010
Iter: 350, Train Loss: 3.2500, Train MAPE: 0.0847, Train RMSE: 6.5639
Epoch: 009, Inference Time: 1.6235 secs
Epoch: 009, Train Loss: 3.6465, Train MAPE: 0.1031, Train RMSE: 7.2790, Valid Loss: 3.6194, Valid MAPE: 0.0982, Valid RMSE: 6.6735, Training Time: 37.4142/epoch
Iter: 000, Train Loss: 3.4972, Train MAPE: 0.0946, Train RMSE: 7.0181
Iter: 050, Train Loss: 3.5842, Train MAPE: 0.1014, Train RMSE: 7.1846
Iter: 100, Train Loss: 3.7250, Train MAPE: 0.1117, Train RMSE: 7.5417
Iter: 150, Train Loss: 3.5999, Train MAPE: 0.0997, Train RMSE: 7.1312
Iter: 200, Train Loss: 3.6658, Train MAPE: 0.1041, Train RMSE: 7.4496
Iter: 250, Train Loss: 3.9451, Train MAPE: 0.1096, Train RMSE: 7.8040
Iter: 300, Train Loss: 3.5520, Train MAPE: 0.1033, Train RMSE: 7.3820
Iter: 350, Train Loss: 3.6898, Train MAPE: 0.0987, Train RMSE: 7.0822
Epoch: 010, Inference Time: 1.6299 secs
Epoch: 010, Train Loss: 3.6214, Train MAPE: 0.1020, Train RMSE: 7.2411, Valid Loss: 3.5849, Valid MAPE: 0.0972, Valid RMSE: 6.7309, Training Time: 37.4356/epoch
Iter: 000, Train Loss: 3.6443, Train MAPE: 0.1025, Train RMSE: 7.4181
Iter: 050, Train Loss: 3.5138, Train MAPE: 0.1057, Train RMSE: 7.2617
Iter: 100, Train Loss: 3.4862, Train MAPE: 0.0981, Train RMSE: 6.8401
Iter: 150, Train Loss: 3.5186, Train MAPE: 0.0983, Train RMSE: 7.1013
Iter: 200, Train Loss: 3.2819, Train MAPE: 0.0830, Train RMSE: 6.7332
Iter: 250, Train Loss: 3.6290, Train MAPE: 0.1100, Train RMSE: 7.2330
Iter: 300, Train Loss: 3.7247, Train MAPE: 0.1188, Train RMSE: 7.5870
Iter: 350, Train Loss: 4.0092, Train MAPE: 0.1143, Train RMSE: 7.8307
Epoch: 011, Inference Time: 1.6235 secs
Epoch: 011, Train Loss: 3.6571, Train MAPE: 0.1033, Train RMSE: 7.2768, Valid Loss: 3.8655, Valid MAPE: 0.1068, Valid RMSE: 6.8019, Training Time: 37.4250/epoch
Iter: 000, Train Loss: 3.9759, Train MAPE: 0.1190, Train RMSE: 7.8804
Iter: 050, Train Loss: 3.7285, Train MAPE: 0.1155, Train RMSE: 7.4011
Iter: 100, Train Loss: 3.7870, Train MAPE: 0.1132, Train RMSE: 7.5076
Iter: 150, Train Loss: 3.2637, Train MAPE: 0.0840, Train RMSE: 6.4685
Iter: 200, Train Loss: 3.4540, Train MAPE: 0.0905, Train RMSE: 7.1052
Iter: 250, Train Loss: 3.6079, Train MAPE: 0.1041, Train RMSE: 7.2071
Iter: 300, Train Loss: 3.7961, Train MAPE: 0.1094, Train RMSE: 7.4882
Iter: 350, Train Loss: 3.1569, Train MAPE: 0.0825, Train RMSE: 6.2840
Epoch: 012, Inference Time: 1.6251 secs
Epoch: 012, Train Loss: 3.6464, Train MAPE: 0.1027, Train RMSE: 7.2696, Valid Loss: 3.7317, Valid MAPE: 0.0997, Valid RMSE: 6.9083, Training Time: 37.4115/epoch
Iter: 000, Train Loss: 3.6197, Train MAPE: 0.0949, Train RMSE: 7.3578
Iter: 050, Train Loss: 3.8585, Train MAPE: 0.1084, Train RMSE: 7.7932
Iter: 100, Train Loss: 3.7192, Train MAPE: 0.1055, Train RMSE: 7.3912
Iter: 150, Train Loss: 3.6858, Train MAPE: 0.1068, Train RMSE: 7.4853
Iter: 200, Train Loss: 3.4903, Train MAPE: 0.0951, Train RMSE: 6.8120
Iter: 250, Train Loss: 3.6147, Train MAPE: 0.0978, Train RMSE: 7.1332
Iter: 300, Train Loss: 3.4216, Train MAPE: 0.0884, Train RMSE: 6.8527
Iter: 350, Train Loss: 3.3062, Train MAPE: 0.0879, Train RMSE: 6.5990
Epoch: 013, Inference Time: 1.6253 secs
Epoch: 013, Train Loss: 3.6070, Train MAPE: 0.1018, Train RMSE: 7.2311, Valid Loss: 3.5057, Valid MAPE: 0.0990, Valid RMSE: 6.4913, Training Time: 37.4671/epoch
Iter: 000, Train Loss: 3.2265, Train MAPE: 0.0894, Train RMSE: 6.5430
Iter: 050, Train Loss: 3.4815, Train MAPE: 0.0963, Train RMSE: 6.9895
Iter: 100, Train Loss: 3.3580, Train MAPE: 0.0928, Train RMSE: 6.8448
Iter: 150, Train Loss: 3.3027, Train MAPE: 0.0848, Train RMSE: 6.6171
Iter: 200, Train Loss: 3.8425, Train MAPE: 0.1140, Train RMSE: 7.8897
Iter: 250, Train Loss: 3.7509, Train MAPE: 0.1124, Train RMSE: 7.8253
Iter: 300, Train Loss: 3.5877, Train MAPE: 0.0942, Train RMSE: 7.1707
Iter: 350, Train Loss: 3.2621, Train MAPE: 0.0891, Train RMSE: 6.7375
Epoch: 014, Inference Time: 1.6264 secs
Epoch: 014, Train Loss: 3.5568, Train MAPE: 0.1002, Train RMSE: 7.1695, Valid Loss: 3.5536, Valid MAPE: 0.0976, Valid RMSE: 6.5398, Training Time: 37.4662/epoch
Iter: 000, Train Loss: 3.3284, Train MAPE: 0.0898, Train RMSE: 6.7519
Iter: 050, Train Loss: 3.2684, Train MAPE: 0.0896, Train RMSE: 6.5329
Iter: 100, Train Loss: 3.5665, Train MAPE: 0.1049, Train RMSE: 7.2726
Iter: 150, Train Loss: 3.6906, Train MAPE: 0.1056, Train RMSE: 7.5718
Iter: 200, Train Loss: 3.3896, Train MAPE: 0.0931, Train RMSE: 6.7783
Iter: 250, Train Loss: 3.3512, Train MAPE: 0.0864, Train RMSE: 6.6371
Iter: 300, Train Loss: 3.2489, Train MAPE: 0.0822, Train RMSE: 6.5514
Iter: 350, Train Loss: 3.8579, Train MAPE: 0.1202, Train RMSE: 8.0008
Epoch: 015, Inference Time: 1.6266 secs
Epoch: 015, Train Loss: 3.5225, Train MAPE: 0.0991, Train RMSE: 7.1205, Valid Loss: 3.6550, Valid MAPE: 0.0989, Valid RMSE: 6.6306, Training Time: 37.4477/epoch
Iter: 000, Train Loss: 3.7706, Train MAPE: 0.1102, Train RMSE: 7.6721
Iter: 050, Train Loss: 3.3975, Train MAPE: 0.0932, Train RMSE: 6.9273
Iter: 100, Train Loss: 3.3475, Train MAPE: 0.0912, Train RMSE: 6.7479
Iter: 150, Train Loss: 3.7784, Train MAPE: 0.1157, Train RMSE: 7.6352
Iter: 200, Train Loss: 3.7367, Train MAPE: 0.1102, Train RMSE: 7.6305
Iter: 250, Train Loss: 3.5436, Train MAPE: 0.1012, Train RMSE: 7.1241
Iter: 300, Train Loss: 3.2222, Train MAPE: 0.0833, Train RMSE: 6.6295
Iter: 350, Train Loss: 3.3318, Train MAPE: 0.0884, Train RMSE: 6.8235
Epoch: 016, Inference Time: 1.6259 secs
Epoch: 016, Train Loss: 3.4964, Train MAPE: 0.0982, Train RMSE: 7.0877, Valid Loss: 3.4964, Valid MAPE: 0.0946, Valid RMSE: 6.4415, Training Time: 37.4505/epoch
Iter: 000, Train Loss: 3.2219, Train MAPE: 0.0850, Train RMSE: 6.5725
Iter: 050, Train Loss: 3.1238, Train MAPE: 0.0838, Train RMSE: 6.4544
Iter: 100, Train Loss: 3.4667, Train MAPE: 0.1073, Train RMSE: 7.1701
Iter: 150, Train Loss: 3.5449, Train MAPE: 0.1112, Train RMSE: 7.1859
Iter: 200, Train Loss: 3.3001, Train MAPE: 0.0869, Train RMSE: 6.5553
Iter: 250, Train Loss: 3.7938, Train MAPE: 0.1142, Train RMSE: 7.6786
Iter: 300, Train Loss: 3.3878, Train MAPE: 0.0896, Train RMSE: 6.6258
Iter: 350, Train Loss: 3.6855, Train MAPE: 0.1044, Train RMSE: 7.4529
Epoch: 017, Inference Time: 1.6265 secs
Epoch: 017, Train Loss: 3.4767, Train MAPE: 0.0975, Train RMSE: 7.0560, Valid Loss: 3.4652, Valid MAPE: 0.0952, Valid RMSE: 6.4146, Training Time: 37.4494/epoch
Iter: 000, Train Loss: 3.6704, Train MAPE: 0.1101, Train RMSE: 7.5202
Iter: 050, Train Loss: 3.5129, Train MAPE: 0.1003, Train RMSE: 7.0866
Iter: 100, Train Loss: 3.4337, Train MAPE: 0.0905, Train RMSE: 6.8688
Iter: 150, Train Loss: 4.1816, Train MAPE: 0.1233, Train RMSE: 8.2439
Iter: 200, Train Loss: 3.8140, Train MAPE: 0.1107, Train RMSE: 7.5901
Iter: 250, Train Loss: 3.2410, Train MAPE: 0.0875, Train RMSE: 6.5536
Iter: 300, Train Loss: 3.3917, Train MAPE: 0.0860, Train RMSE: 6.5435
Iter: 350, Train Loss: 3.3649, Train MAPE: 0.0905, Train RMSE: 6.7042
Epoch: 018, Inference Time: 1.6269 secs
Epoch: 018, Train Loss: 3.4552, Train MAPE: 0.0967, Train RMSE: 7.0232, Valid Loss: 3.5079, Valid MAPE: 0.0957, Valid RMSE: 6.4212, Training Time: 37.4590/epoch
Iter: 000, Train Loss: 3.6551, Train MAPE: 0.1036, Train RMSE: 7.2108
Iter: 050, Train Loss: 3.4201, Train MAPE: 0.0947, Train RMSE: 6.9182
Iter: 100, Train Loss: 3.3059, Train MAPE: 0.0908, Train RMSE: 6.7351
Iter: 150, Train Loss: 3.3327, Train MAPE: 0.0867, Train RMSE: 6.8365
Iter: 200, Train Loss: 3.6838, Train MAPE: 0.1090, Train RMSE: 7.6000
Iter: 250, Train Loss: 3.1789, Train MAPE: 0.0818, Train RMSE: 6.2702
Iter: 300, Train Loss: 3.5568, Train MAPE: 0.1006, Train RMSE: 7.2450
Iter: 350, Train Loss: 3.0733, Train MAPE: 0.0754, Train RMSE: 6.2409
Epoch: 019, Inference Time: 1.6263 secs
Epoch: 019, Train Loss: 3.4393, Train MAPE: 0.0962, Train RMSE: 6.9973, Valid Loss: 3.4383, Valid MAPE: 0.0951, Valid RMSE: 6.3853, Training Time: 37.4561/epoch
Iter: 000, Train Loss: 3.1906, Train MAPE: 0.0880, Train RMSE: 6.6173
Iter: 050, Train Loss: 3.3930, Train MAPE: 0.0931, Train RMSE: 6.7309
Iter: 100, Train Loss: 3.3589, Train MAPE: 0.0920, Train RMSE: 6.8792
Iter: 150, Train Loss: 3.6374, Train MAPE: 0.1123, Train RMSE: 7.6474
Iter: 200, Train Loss: 3.4103, Train MAPE: 0.0973, Train RMSE: 6.7627
Iter: 250, Train Loss: 3.3813, Train MAPE: 0.0955, Train RMSE: 6.9767
Iter: 300, Train Loss: 3.7628, Train MAPE: 0.1123, Train RMSE: 7.7323
Iter: 350, Train Loss: 3.3933, Train MAPE: 0.0921, Train RMSE: 6.8596
Epoch: 020, Inference Time: 1.6268 secs
Epoch: 020, Train Loss: 3.4273, Train MAPE: 0.0958, Train RMSE: 6.9785, Valid Loss: 3.4620, Valid MAPE: 0.0952, Valid RMSE: 6.4037, Training Time: 37.4606/epoch
Iter: 000, Train Loss: 3.5769, Train MAPE: 0.0977, Train RMSE: 7.1171
Iter: 050, Train Loss: 3.4213, Train MAPE: 0.0913, Train RMSE: 6.8818
Iter: 100, Train Loss: 3.1867, Train MAPE: 0.0809, Train RMSE: 6.3890
Iter: 150, Train Loss: 3.6379, Train MAPE: 0.1038, Train RMSE: 7.2722
Iter: 200, Train Loss: 3.6081, Train MAPE: 0.0998, Train RMSE: 7.1546
Iter: 250, Train Loss: 3.1129, Train MAPE: 0.0860, Train RMSE: 6.2766
Iter: 300, Train Loss: 3.5495, Train MAPE: 0.0984, Train RMSE: 7.1934
Iter: 350, Train Loss: 3.4440, Train MAPE: 0.0948, Train RMSE: 7.0791
Epoch: 021, Inference Time: 1.6255 secs
Epoch: 021, Train Loss: 3.4197, Train MAPE: 0.0955, Train RMSE: 6.9650, Valid Loss: 3.4350, Valid MAPE: 0.0944, Valid RMSE: 6.3788, Training Time: 37.4713/epoch
Iter: 000, Train Loss: 3.4917, Train MAPE: 0.0979, Train RMSE: 7.0459
Iter: 050, Train Loss: 3.2062, Train MAPE: 0.0926, Train RMSE: 6.7749
Iter: 100, Train Loss: 3.1780, Train MAPE: 0.0822, Train RMSE: 6.4316
Iter: 150, Train Loss: 3.4745, Train MAPE: 0.0999, Train RMSE: 7.0822
Iter: 200, Train Loss: 3.4208, Train MAPE: 0.0943, Train RMSE: 6.9741
Iter: 250, Train Loss: 3.4984, Train MAPE: 0.1001, Train RMSE: 7.0985
Iter: 300, Train Loss: 3.3950, Train MAPE: 0.0923, Train RMSE: 6.6968
Iter: 350, Train Loss: 3.5273, Train MAPE: 0.0932, Train RMSE: 7.2012
Epoch: 022, Inference Time: 1.6253 secs
Epoch: 022, Train Loss: 3.5018, Train MAPE: 0.0983, Train RMSE: 7.0774, Valid Loss: 3.5329, Valid MAPE: 0.0941, Valid RMSE: 6.5928, Training Time: 37.4427/epoch
Iter: 000, Train Loss: 3.3530, Train MAPE: 0.0913, Train RMSE: 6.7778
Iter: 050, Train Loss: 3.4946, Train MAPE: 0.1059, Train RMSE: 7.1683
Iter: 100, Train Loss: 3.3079, Train MAPE: 0.0949, Train RMSE: 6.8500
Iter: 150, Train Loss: 3.1679, Train MAPE: 0.0853, Train RMSE: 6.6288
Iter: 200, Train Loss: 3.4430, Train MAPE: 0.0929, Train RMSE: 6.9454
Iter: 250, Train Loss: 3.8820, Train MAPE: 0.1098, Train RMSE: 7.8720
Iter: 300, Train Loss: 3.4782, Train MAPE: 0.0872, Train RMSE: 7.0459
Iter: 350, Train Loss: 3.1835, Train MAPE: 0.0872, Train RMSE: 6.4844
Epoch: 023, Inference Time: 1.6250 secs
Epoch: 023, Train Loss: 3.5018, Train MAPE: 0.0984, Train RMSE: 7.0882, Valid Loss: 3.7026, Valid MAPE: 0.1005, Valid RMSE: 6.7515, Training Time: 37.4355/epoch
Iter: 000, Train Loss: 3.4817, Train MAPE: 0.0973, Train RMSE: 7.1684
Iter: 050, Train Loss: 3.3400, Train MAPE: 0.0899, Train RMSE: 6.7549
Iter: 100, Train Loss: 3.3461, Train MAPE: 0.0922, Train RMSE: 6.9314
Iter: 150, Train Loss: 3.2956, Train MAPE: 0.0872, Train RMSE: 6.6614
Iter: 200, Train Loss: 3.3066, Train MAPE: 0.0830, Train RMSE: 6.6479
Iter: 250, Train Loss: 3.5952, Train MAPE: 0.0968, Train RMSE: 7.1596
Iter: 300, Train Loss: 3.6760, Train MAPE: 0.1111, Train RMSE: 7.3990
Iter: 350, Train Loss: 3.4601, Train MAPE: 0.0987, Train RMSE: 7.1394
Epoch: 024, Inference Time: 1.6253 secs
Epoch: 024, Train Loss: 3.4871, Train MAPE: 0.0979, Train RMSE: 7.0690, Valid Loss: 3.5581, Valid MAPE: 0.0965, Valid RMSE: 6.4595, Training Time: 37.4394/epoch
Iter: 000, Train Loss: 3.5697, Train MAPE: 0.0977, Train RMSE: 7.2719
Iter: 050, Train Loss: 3.6226, Train MAPE: 0.1023, Train RMSE: 7.3567
Iter: 100, Train Loss: 3.5798, Train MAPE: 0.1014, Train RMSE: 7.3719
Iter: 150, Train Loss: 3.6157, Train MAPE: 0.0987, Train RMSE: 7.2201
Iter: 200, Train Loss: 3.2860, Train MAPE: 0.0891, Train RMSE: 6.7850
Iter: 250, Train Loss: 3.6209, Train MAPE: 0.1027, Train RMSE: 7.5059
Iter: 300, Train Loss: 3.3589, Train MAPE: 0.0882, Train RMSE: 6.7305
Iter: 350, Train Loss: 3.5777, Train MAPE: 0.1013, Train RMSE: 7.2191
Epoch: 025, Inference Time: 1.6263 secs
Epoch: 025, Train Loss: 3.4741, Train MAPE: 0.0973, Train RMSE: 7.0504, Valid Loss: 3.3924, Valid MAPE: 0.0917, Valid RMSE: 6.3760, Training Time: 37.4379/epoch
Iter: 000, Train Loss: 3.5596, Train MAPE: 0.0957, Train RMSE: 7.1446
Iter: 050, Train Loss: 3.6953, Train MAPE: 0.0946, Train RMSE: 7.4762
Iter: 100, Train Loss: 3.4609, Train MAPE: 0.0872, Train RMSE: 7.1020
Iter: 150, Train Loss: 3.4140, Train MAPE: 0.0984, Train RMSE: 6.8834
Iter: 200, Train Loss: 3.5263, Train MAPE: 0.1028, Train RMSE: 7.0953
Iter: 250, Train Loss: 3.3700, Train MAPE: 0.0959, Train RMSE: 6.9305
Iter: 300, Train Loss: 3.5798, Train MAPE: 0.0997, Train RMSE: 7.1904
Iter: 350, Train Loss: 3.4918, Train MAPE: 0.1024, Train RMSE: 7.2600
Epoch: 026, Inference Time: 1.6270 secs
Epoch: 026, Train Loss: 3.4586, Train MAPE: 0.0969, Train RMSE: 7.0278, Valid Loss: 3.3519, Valid MAPE: 0.0936, Valid RMSE: 6.3316, Training Time: 37.4546/epoch
Iter: 000, Train Loss: 3.3028, Train MAPE: 0.0903, Train RMSE: 6.6297
Iter: 050, Train Loss: 3.6157, Train MAPE: 0.1087, Train RMSE: 7.3125
Iter: 100, Train Loss: 3.5854, Train MAPE: 0.0982, Train RMSE: 7.1225
Iter: 150, Train Loss: 3.4023, Train MAPE: 0.1014, Train RMSE: 7.0763
Iter: 200, Train Loss: 3.4991, Train MAPE: 0.0964, Train RMSE: 7.1480
Iter: 250, Train Loss: 3.5679, Train MAPE: 0.0946, Train RMSE: 7.1928
Iter: 300, Train Loss: 3.2554, Train MAPE: 0.0864, Train RMSE: 6.6423
Iter: 350, Train Loss: 3.4515, Train MAPE: 0.0986, Train RMSE: 7.1184
Epoch: 027, Inference Time: 1.6263 secs
Epoch: 027, Train Loss: 3.4386, Train MAPE: 0.0961, Train RMSE: 6.9941, Valid Loss: 3.3825, Valid MAPE: 0.0945, Valid RMSE: 6.3307, Training Time: 37.4573/epoch
Iter: 000, Train Loss: 3.6544, Train MAPE: 0.1037, Train RMSE: 7.3486
Iter: 050, Train Loss: 3.5927, Train MAPE: 0.1031, Train RMSE: 7.3311
Iter: 100, Train Loss: 3.1767, Train MAPE: 0.0878, Train RMSE: 6.7488
Iter: 150, Train Loss: 3.5176, Train MAPE: 0.0994, Train RMSE: 7.1425
Iter: 200, Train Loss: 3.7489, Train MAPE: 0.1178, Train RMSE: 7.7570
Iter: 250, Train Loss: 3.3667, Train MAPE: 0.0932, Train RMSE: 6.7707
Iter: 300, Train Loss: 3.6612, Train MAPE: 0.1090, Train RMSE: 7.4014
Iter: 350, Train Loss: 3.1565, Train MAPE: 0.0809, Train RMSE: 6.4862
Epoch: 028, Inference Time: 1.6266 secs
Epoch: 028, Train Loss: 3.4235, Train MAPE: 0.0956, Train RMSE: 6.9724, Valid Loss: 3.3989, Valid MAPE: 0.0950, Valid RMSE: 6.3259, Training Time: 37.4546/epoch
Iter: 000, Train Loss: 3.6853, Train MAPE: 0.1049, Train RMSE: 7.4688
Iter: 050, Train Loss: 3.0751, Train MAPE: 0.0872, Train RMSE: 6.5054
Iter: 100, Train Loss: 3.1839, Train MAPE: 0.0909, Train RMSE: 6.6193
Iter: 150, Train Loss: 3.5535, Train MAPE: 0.0939, Train RMSE: 7.0551
Iter: 200, Train Loss: 3.3907, Train MAPE: 0.0933, Train RMSE: 6.8597
Iter: 250, Train Loss: 3.0231, Train MAPE: 0.0778, Train RMSE: 6.2188
Iter: 300, Train Loss: 3.3328, Train MAPE: 0.0940, Train RMSE: 6.7200
Iter: 350, Train Loss: 3.3375, Train MAPE: 0.0900, Train RMSE: 6.6719
Epoch: 029, Inference Time: 1.6266 secs
Epoch: 029, Train Loss: 3.4109, Train MAPE: 0.0951, Train RMSE: 6.9502, Valid Loss: 3.3879, Valid MAPE: 0.0957, Valid RMSE: 6.3133, Training Time: 37.4556/epoch
Iter: 000, Train Loss: 3.2790, Train MAPE: 0.0880, Train RMSE: 6.4836
Iter: 050, Train Loss: 3.5409, Train MAPE: 0.1030, Train RMSE: 7.2639
Iter: 100, Train Loss: 3.3138, Train MAPE: 0.0923, Train RMSE: 6.7575
Iter: 150, Train Loss: 3.4273, Train MAPE: 0.1016, Train RMSE: 7.1375
Iter: 200, Train Loss: 3.5002, Train MAPE: 0.1026, Train RMSE: 7.2338
Iter: 250, Train Loss: 3.1362, Train MAPE: 0.0813, Train RMSE: 6.4870
Iter: 300, Train Loss: 3.3461, Train MAPE: 0.0857, Train RMSE: 6.7556
Iter: 350, Train Loss: 3.6410, Train MAPE: 0.1002, Train RMSE: 7.2329
Epoch: 030, Inference Time: 1.6261 secs
Epoch: 030, Train Loss: 3.3997, Train MAPE: 0.0947, Train RMSE: 6.9309, Valid Loss: 3.3597, Valid MAPE: 0.0946, Valid RMSE: 6.2926, Training Time: 37.4572/epoch
Iter: 000, Train Loss: 3.6158, Train MAPE: 0.1055, Train RMSE: 7.4878
Iter: 050, Train Loss: 3.7651, Train MAPE: 0.1109, Train RMSE: 7.6902
Iter: 100, Train Loss: 3.4695, Train MAPE: 0.0972, Train RMSE: 7.1374
Iter: 150, Train Loss: 3.2381, Train MAPE: 0.0865, Train RMSE: 6.6067
Iter: 200, Train Loss: 3.0972, Train MAPE: 0.0813, Train RMSE: 6.4258
Iter: 250, Train Loss: 3.1957, Train MAPE: 0.0899, Train RMSE: 6.7170
Iter: 300, Train Loss: 3.2563, Train MAPE: 0.0915, Train RMSE: 6.6714
Iter: 350, Train Loss: 3.6463, Train MAPE: 0.1061, Train RMSE: 7.4419
Epoch: 031, Inference Time: 1.6261 secs
Epoch: 031, Train Loss: 3.3922, Train MAPE: 0.0945, Train RMSE: 6.9187, Valid Loss: 3.3612, Valid MAPE: 0.0940, Valid RMSE: 6.2910, Training Time: 37.4469/epoch
Iter: 000, Train Loss: 3.4951, Train MAPE: 0.0944, Train RMSE: 6.9497
Iter: 050, Train Loss: 3.0515, Train MAPE: 0.0777, Train RMSE: 5.9680
Iter: 100, Train Loss: 3.4820, Train MAPE: 0.0975, Train RMSE: 7.2190
Iter: 150, Train Loss: 3.3080, Train MAPE: 0.0883, Train RMSE: 6.7474
Iter: 200, Train Loss: 3.1577, Train MAPE: 0.0801, Train RMSE: 6.3183
Iter: 250, Train Loss: 3.5148, Train MAPE: 0.1009, Train RMSE: 7.3111
Iter: 300, Train Loss: 3.4157, Train MAPE: 0.0973, Train RMSE: 7.1768
Iter: 350, Train Loss: 3.5541, Train MAPE: 0.1039, Train RMSE: 7.3472
Epoch: 032, Inference Time: 1.6260 secs
Epoch: 032, Train Loss: 3.3880, Train MAPE: 0.0943, Train RMSE: 6.9109, Valid Loss: 3.3451, Valid MAPE: 0.0947, Valid RMSE: 6.3131, Training Time: 37.4588/epoch
Iter: 000, Train Loss: 3.7288, Train MAPE: 0.1101, Train RMSE: 7.6159
Iter: 050, Train Loss: 3.7165, Train MAPE: 0.1084, Train RMSE: 7.6290
Iter: 100, Train Loss: 3.7924, Train MAPE: 0.1101, Train RMSE: 7.5419
Iter: 150, Train Loss: 3.3063, Train MAPE: 0.0846, Train RMSE: 6.5936
Iter: 200, Train Loss: 3.3828, Train MAPE: 0.0934, Train RMSE: 6.8893
Iter: 250, Train Loss: 3.5306, Train MAPE: 0.1040, Train RMSE: 7.3058
Iter: 300, Train Loss: 3.3624, Train MAPE: 0.0924, Train RMSE: 6.9196
Iter: 350, Train Loss: 3.3987, Train MAPE: 0.0921, Train RMSE: 6.6800
Epoch: 033, Inference Time: 1.6269 secs
Epoch: 033, Train Loss: 3.4754, Train MAPE: 0.0975, Train RMSE: 7.0514, Valid Loss: 3.4282, Valid MAPE: 0.0981, Valid RMSE: 6.3638, Training Time: 37.4557/epoch
Iter: 000, Train Loss: 3.7859, Train MAPE: 0.1176, Train RMSE: 7.5449
Iter: 050, Train Loss: 3.2833, Train MAPE: 0.0938, Train RMSE: 6.7934
Iter: 100, Train Loss: 3.3849, Train MAPE: 0.0957, Train RMSE: 6.9486
Iter: 150, Train Loss: 3.7800, Train MAPE: 0.1122, Train RMSE: 7.6692
Iter: 200, Train Loss: 3.2949, Train MAPE: 0.0899, Train RMSE: 6.6665
Iter: 250, Train Loss: 3.4011, Train MAPE: 0.0866, Train RMSE: 6.7565
Iter: 300, Train Loss: 3.5147, Train MAPE: 0.0945, Train RMSE: 7.1475
Iter: 350, Train Loss: 3.9079, Train MAPE: 0.1172, Train RMSE: 7.9756
Epoch: 034, Inference Time: 1.6279 secs
Epoch: 034, Train Loss: 3.4550, Train MAPE: 0.0967, Train RMSE: 7.0176, Valid Loss: 3.3916, Valid MAPE: 0.0952, Valid RMSE: 6.2883, Training Time: 37.4847/epoch
Iter: 000, Train Loss: 3.6071, Train MAPE: 0.1125, Train RMSE: 7.2677
Iter: 050, Train Loss: 3.2621, Train MAPE: 0.0839, Train RMSE: 6.6558
Iter: 100, Train Loss: 3.7259, Train MAPE: 0.1062, Train RMSE: 7.4945
Iter: 150, Train Loss: 3.4193, Train MAPE: 0.0988, Train RMSE: 6.9057
Iter: 200, Train Loss: 3.5002, Train MAPE: 0.0983, Train RMSE: 7.2563
Iter: 250, Train Loss: 3.5012, Train MAPE: 0.0982, Train RMSE: 6.9828
Iter: 300, Train Loss: 3.3314, Train MAPE: 0.0924, Train RMSE: 6.7959
Iter: 350, Train Loss: 3.3543, Train MAPE: 0.0928, Train RMSE: 6.8809
Epoch: 035, Inference Time: 1.6280 secs
Epoch: 035, Train Loss: 3.4475, Train MAPE: 0.0964, Train RMSE: 7.0068, Valid Loss: 3.3908, Valid MAPE: 0.0988, Valid RMSE: 6.3651, Training Time: 37.4661/epoch
Iter: 000, Train Loss: 3.3024, Train MAPE: 0.0892, Train RMSE: 6.6856
Iter: 050, Train Loss: 3.7130, Train MAPE: 0.1034, Train RMSE: 7.3888
Iter: 100, Train Loss: 3.4152, Train MAPE: 0.0918, Train RMSE: 6.9800
Iter: 150, Train Loss: 3.0544, Train MAPE: 0.0799, Train RMSE: 5.9694
Iter: 200, Train Loss: 3.7389, Train MAPE: 0.1128, Train RMSE: 7.8540
Iter: 250, Train Loss: 3.6510, Train MAPE: 0.1023, Train RMSE: 7.2032
Iter: 300, Train Loss: 3.5770, Train MAPE: 0.1022, Train RMSE: 7.2844
Iter: 350, Train Loss: 3.5073, Train MAPE: 0.0954, Train RMSE: 7.2089
Epoch: 036, Inference Time: 1.6280 secs
Epoch: 036, Train Loss: 3.4321, Train MAPE: 0.0959, Train RMSE: 6.9848, Valid Loss: 3.3962, Valid MAPE: 0.0960, Valid RMSE: 6.3798, Training Time: 37.4648/epoch
Iter: 000, Train Loss: 3.4351, Train MAPE: 0.0985, Train RMSE: 7.0365
Iter: 050, Train Loss: 3.4782, Train MAPE: 0.1052, Train RMSE: 7.1779
Iter: 100, Train Loss: 3.3876, Train MAPE: 0.0903, Train RMSE: 6.8489
Iter: 150, Train Loss: 3.3178, Train MAPE: 0.0917, Train RMSE: 6.5062
Iter: 200, Train Loss: 3.2946, Train MAPE: 0.0865, Train RMSE: 6.6517
Iter: 250, Train Loss: 3.2043, Train MAPE: 0.0864, Train RMSE: 6.6601
Iter: 300, Train Loss: 3.2981, Train MAPE: 0.0926, Train RMSE: 6.7124
Iter: 350, Train Loss: 3.4800, Train MAPE: 0.1000, Train RMSE: 7.1160
Epoch: 037, Inference Time: 1.6187 secs
Epoch: 037, Train Loss: 3.4210, Train MAPE: 0.0955, Train RMSE: 6.9621, Valid Loss: 3.3279, Valid MAPE: 0.0951, Valid RMSE: 6.2960, Training Time: 37.4173/epoch
Iter: 000, Train Loss: 3.5409, Train MAPE: 0.1016, Train RMSE: 7.1990
Iter: 050, Train Loss: 3.4200, Train MAPE: 0.0961, Train RMSE: 7.1570
Iter: 100, Train Loss: 3.4227, Train MAPE: 0.0913, Train RMSE: 7.0000
Iter: 150, Train Loss: 3.3536, Train MAPE: 0.0931, Train RMSE: 6.9183
Iter: 200, Train Loss: 3.3681, Train MAPE: 0.0889, Train RMSE: 6.8111
Iter: 250, Train Loss: 3.4908, Train MAPE: 0.0948, Train RMSE: 7.0785
Iter: 300, Train Loss: 3.1717, Train MAPE: 0.0915, Train RMSE: 6.7138
Iter: 350, Train Loss: 3.5611, Train MAPE: 0.1021, Train RMSE: 7.1347
Epoch: 038, Inference Time: 1.6169 secs
Epoch: 038, Train Loss: 3.4102, Train MAPE: 0.0951, Train RMSE: 6.9480, Valid Loss: 3.3386, Valid MAPE: 0.0932, Valid RMSE: 6.2711, Training Time: 37.3450/epoch
Iter: 000, Train Loss: 3.6241, Train MAPE: 0.1053, Train RMSE: 7.3212
Iter: 050, Train Loss: 3.3853, Train MAPE: 0.0936, Train RMSE: 6.9279
Iter: 100, Train Loss: 3.4293, Train MAPE: 0.0926, Train RMSE: 6.8092
Iter: 150, Train Loss: 3.2147, Train MAPE: 0.0903, Train RMSE: 6.6373
Iter: 200, Train Loss: 3.2222, Train MAPE: 0.0847, Train RMSE: 6.3981
Iter: 250, Train Loss: 3.2002, Train MAPE: 0.0848, Train RMSE: 6.5789
Iter: 300, Train Loss: 3.5154, Train MAPE: 0.1085, Train RMSE: 7.4408
Iter: 350, Train Loss: 3.3354, Train MAPE: 0.0913, Train RMSE: 7.0420
Epoch: 039, Inference Time: 1.6166 secs
Epoch: 039, Train Loss: 3.3981, Train MAPE: 0.0947, Train RMSE: 6.9275, Valid Loss: 3.3546, Valid MAPE: 0.0934, Valid RMSE: 6.2885, Training Time: 37.3284/epoch
Iter: 000, Train Loss: 3.5592, Train MAPE: 0.1012, Train RMSE: 7.3524
Iter: 050, Train Loss: 3.0332, Train MAPE: 0.0820, Train RMSE: 6.2603
Iter: 100, Train Loss: 3.4964, Train MAPE: 0.0972, Train RMSE: 6.9482
Iter: 150, Train Loss: 3.6846, Train MAPE: 0.1080, Train RMSE: 7.6556
Iter: 200, Train Loss: 3.3331, Train MAPE: 0.0887, Train RMSE: 6.5627
Iter: 250, Train Loss: 3.5711, Train MAPE: 0.1061, Train RMSE: 7.3066
Iter: 300, Train Loss: 3.1796, Train MAPE: 0.0807, Train RMSE: 6.4637
Iter: 350, Train Loss: 3.4200, Train MAPE: 0.0946, Train RMSE: 7.0318
Epoch: 040, Inference Time: 1.6184 secs
Epoch: 040, Train Loss: 3.3878, Train MAPE: 0.0943, Train RMSE: 6.9112, Valid Loss: 3.3566, Valid MAPE: 0.0943, Valid RMSE: 6.2719, Training Time: 37.3397/epoch
Iter: 000, Train Loss: 3.7692, Train MAPE: 0.1135, Train RMSE: 7.6922
Iter: 050, Train Loss: 3.1531, Train MAPE: 0.0886, Train RMSE: 6.3563
Iter: 100, Train Loss: 3.3014, Train MAPE: 0.0859, Train RMSE: 6.5259
Iter: 150, Train Loss: 3.0037, Train MAPE: 0.0779, Train RMSE: 6.2085
Iter: 200, Train Loss: 3.4392, Train MAPE: 0.1022, Train RMSE: 7.1366
Iter: 250, Train Loss: 3.7047, Train MAPE: 0.1069, Train RMSE: 7.3791
Iter: 300, Train Loss: 3.2801, Train MAPE: 0.0891, Train RMSE: 6.5982
Iter: 350, Train Loss: 3.3004, Train MAPE: 0.0857, Train RMSE: 6.6629
Epoch: 041, Inference Time: 1.6208 secs
Epoch: 041, Train Loss: 3.3785, Train MAPE: 0.0940, Train RMSE: 6.8950, Valid Loss: 3.2874, Valid MAPE: 0.0944, Valid RMSE: 6.2301, Training Time: 37.3327/epoch
Iter: 000, Train Loss: 3.1363, Train MAPE: 0.0829, Train RMSE: 6.3377
Iter: 050, Train Loss: 3.4026, Train MAPE: 0.0916, Train RMSE: 6.8256
Iter: 100, Train Loss: 3.5863, Train MAPE: 0.1002, Train RMSE: 7.2371
Iter: 150, Train Loss: 3.6929, Train MAPE: 0.1104, Train RMSE: 7.6045
Iter: 200, Train Loss: 3.2811, Train MAPE: 0.0968, Train RMSE: 6.7994
Iter: 250, Train Loss: 3.6756, Train MAPE: 0.1091, Train RMSE: 7.4707
Iter: 300, Train Loss: 3.3367, Train MAPE: 0.0900, Train RMSE: 6.7334
Iter: 350, Train Loss: 3.2226, Train MAPE: 0.0880, Train RMSE: 6.6854
Epoch: 042, Inference Time: 1.6156 secs
Epoch: 042, Train Loss: 3.3727, Train MAPE: 0.0938, Train RMSE: 6.8873, Valid Loss: 3.3205, Valid MAPE: 0.0951, Valid RMSE: 6.2628, Training Time: 37.3267/epoch
Iter: 000, Train Loss: 3.2228, Train MAPE: 0.0834, Train RMSE: 6.4307
Iter: 050, Train Loss: 3.2296, Train MAPE: 0.0859, Train RMSE: 6.4733
Iter: 100, Train Loss: 3.4002, Train MAPE: 0.0967, Train RMSE: 6.8938
Iter: 150, Train Loss: 3.4425, Train MAPE: 0.0999, Train RMSE: 7.0891
Iter: 200, Train Loss: 3.2828, Train MAPE: 0.0889, Train RMSE: 6.7687
Iter: 250, Train Loss: 3.3098, Train MAPE: 0.0899, Train RMSE: 6.7269
Iter: 300, Train Loss: 3.6315, Train MAPE: 0.1000, Train RMSE: 7.1814
Iter: 350, Train Loss: 3.2423, Train MAPE: 0.0909, Train RMSE: 6.6860
Epoch: 043, Inference Time: 1.6163 secs
Epoch: 043, Train Loss: 3.4029, Train MAPE: 0.0948, Train RMSE: 6.9330, Valid Loss: 3.3424, Valid MAPE: 0.0943, Valid RMSE: 6.3043, Training Time: 37.3319/epoch
Iter: 000, Train Loss: 3.4672, Train MAPE: 0.0947, Train RMSE: 7.0608
Iter: 050, Train Loss: 3.3968, Train MAPE: 0.0919, Train RMSE: 6.8768
Iter: 100, Train Loss: 3.6448, Train MAPE: 0.1062, Train RMSE: 7.3518
Iter: 150, Train Loss: 3.3533, Train MAPE: 0.0905, Train RMSE: 6.5767
Iter: 200, Train Loss: 3.3365, Train MAPE: 0.0952, Train RMSE: 6.8876
Iter: 250, Train Loss: 3.3594, Train MAPE: 0.0886, Train RMSE: 6.6284
Iter: 300, Train Loss: 3.3477, Train MAPE: 0.0952, Train RMSE: 7.0130
Iter: 350, Train Loss: 3.6675, Train MAPE: 0.1054, Train RMSE: 7.5130
Epoch: 044, Inference Time: 1.6170 secs
Epoch: 044, Train Loss: 3.4391, Train MAPE: 0.0962, Train RMSE: 6.9947, Valid Loss: 3.3028, Valid MAPE: 0.0936, Valid RMSE: 6.2484, Training Time: 37.3300/epoch
Iter: 000, Train Loss: 3.6666, Train MAPE: 0.1081, Train RMSE: 7.3850
Iter: 050, Train Loss: 3.5181, Train MAPE: 0.0985, Train RMSE: 7.0837
Iter: 100, Train Loss: 3.4046, Train MAPE: 0.0893, Train RMSE: 6.9151
Iter: 150, Train Loss: 3.4092, Train MAPE: 0.0975, Train RMSE: 7.0885
Iter: 200, Train Loss: 3.6723, Train MAPE: 0.1038, Train RMSE: 7.4100
Iter: 250, Train Loss: 3.3027, Train MAPE: 0.0877, Train RMSE: 6.6259
Iter: 300, Train Loss: 3.5143, Train MAPE: 0.1004, Train RMSE: 7.3931
Iter: 350, Train Loss: 3.5241, Train MAPE: 0.0924, Train RMSE: 6.8921
Epoch: 045, Inference Time: 1.6193 secs
Epoch: 045, Train Loss: 3.4334, Train MAPE: 0.0959, Train RMSE: 6.9845, Valid Loss: 3.4396, Valid MAPE: 0.1000, Valid RMSE: 6.4188, Training Time: 37.3351/epoch
Iter: 000, Train Loss: 3.4941, Train MAPE: 0.1048, Train RMSE: 7.2081
Iter: 050, Train Loss: 3.5307, Train MAPE: 0.1001, Train RMSE: 7.2831
Iter: 100, Train Loss: 3.4820, Train MAPE: 0.1036, Train RMSE: 7.1112
Iter: 150, Train Loss: 3.2175, Train MAPE: 0.0872, Train RMSE: 6.4784
Iter: 200, Train Loss: 3.9270, Train MAPE: 0.1140, Train RMSE: 7.7378
Iter: 250, Train Loss: 3.2496, Train MAPE: 0.0907, Train RMSE: 6.7697
Iter: 300, Train Loss: 3.7079, Train MAPE: 0.1142, Train RMSE: 7.6005
Iter: 350, Train Loss: 3.4358, Train MAPE: 0.0962, Train RMSE: 6.8473
Epoch: 046, Inference Time: 1.6212 secs
Epoch: 046, Train Loss: 3.4252, Train MAPE: 0.0956, Train RMSE: 6.9739, Valid Loss: 3.3518, Valid MAPE: 0.0948, Valid RMSE: 6.2944, Training Time: 37.3322/epoch
Iter: 000, Train Loss: 3.6402, Train MAPE: 0.1125, Train RMSE: 7.5512
Iter: 050, Train Loss: 3.2472, Train MAPE: 0.0892, Train RMSE: 6.5033
Iter: 100, Train Loss: 3.5432, Train MAPE: 0.1022, Train RMSE: 7.3889
Iter: 150, Train Loss: 3.7045, Train MAPE: 0.1118, Train RMSE: 7.3031
Iter: 200, Train Loss: 3.1392, Train MAPE: 0.0816, Train RMSE: 6.4952
Iter: 250, Train Loss: 3.4486, Train MAPE: 0.0960, Train RMSE: 7.0661
Iter: 300, Train Loss: 3.2844, Train MAPE: 0.0901, Train RMSE: 6.6242
Iter: 350, Train Loss: 3.3843, Train MAPE: 0.0977, Train RMSE: 6.9091
Epoch: 047, Inference Time: 1.6163 secs
Epoch: 047, Train Loss: 3.4140, Train MAPE: 0.0952, Train RMSE: 6.9552, Valid Loss: 3.3765, Valid MAPE: 0.0932, Valid RMSE: 6.3460, Training Time: 37.3345/epoch
Iter: 000, Train Loss: 3.2180, Train MAPE: 0.0834, Train RMSE: 6.4535
Iter: 050, Train Loss: 3.4665, Train MAPE: 0.0976, Train RMSE: 7.1172
Iter: 100, Train Loss: 3.7505, Train MAPE: 0.1085, Train RMSE: 7.4828
Iter: 150, Train Loss: 3.5204, Train MAPE: 0.0986, Train RMSE: 7.2260
Iter: 200, Train Loss: 3.1027, Train MAPE: 0.0799, Train RMSE: 6.2807
Iter: 250, Train Loss: 3.5792, Train MAPE: 0.1034, Train RMSE: 7.3119
Iter: 300, Train Loss: 3.1726, Train MAPE: 0.0847, Train RMSE: 6.2851
Iter: 350, Train Loss: 3.8250, Train MAPE: 0.1174, Train RMSE: 7.8676
Epoch: 048, Inference Time: 1.6174 secs
Epoch: 048, Train Loss: 3.4036, Train MAPE: 0.0949, Train RMSE: 6.9376, Valid Loss: 3.2599, Valid MAPE: 0.0930, Valid RMSE: 6.2107, Training Time: 37.3357/epoch
Iter: 000, Train Loss: 3.4291, Train MAPE: 0.0946, Train RMSE: 6.8753
Iter: 050, Train Loss: 3.6161, Train MAPE: 0.0980, Train RMSE: 7.4029
Iter: 100, Train Loss: 3.3586, Train MAPE: 0.0989, Train RMSE: 6.9112
Iter: 150, Train Loss: 3.0586, Train MAPE: 0.0779, Train RMSE: 6.1104
Iter: 200, Train Loss: 3.8201, Train MAPE: 0.1138, Train RMSE: 7.8711
Iter: 250, Train Loss: 3.0745, Train MAPE: 0.0804, Train RMSE: 6.3269
Iter: 300, Train Loss: 3.5783, Train MAPE: 0.1188, Train RMSE: 7.4844
Iter: 350, Train Loss: 3.4185, Train MAPE: 0.0953, Train RMSE: 7.1449
Epoch: 049, Inference Time: 1.6174 secs
Epoch: 049, Train Loss: 3.3938, Train MAPE: 0.0946, Train RMSE: 6.9226, Valid Loss: 3.3245, Valid MAPE: 0.0942, Valid RMSE: 6.3001, Training Time: 37.3431/epoch
Iter: 000, Train Loss: 3.7112, Train MAPE: 0.1079, Train RMSE: 7.6472
Iter: 050, Train Loss: 3.4312, Train MAPE: 0.0991, Train RMSE: 7.1569
Iter: 100, Train Loss: 3.1610, Train MAPE: 0.0852, Train RMSE: 6.3099
Iter: 150, Train Loss: 3.3607, Train MAPE: 0.0930, Train RMSE: 6.8013
Iter: 200, Train Loss: 3.6090, Train MAPE: 0.1020, Train RMSE: 7.3824
Iter: 250, Train Loss: 3.5720, Train MAPE: 0.1015, Train RMSE: 7.3203
Iter: 300, Train Loss: 3.4367, Train MAPE: 0.0947, Train RMSE: 7.0281
Iter: 350, Train Loss: 3.3646, Train MAPE: 0.0941, Train RMSE: 6.9342
Epoch: 050, Inference Time: 1.6223 secs
Epoch: 050, Train Loss: 3.3817, Train MAPE: 0.0941, Train RMSE: 6.9040, Valid Loss: 3.2843, Valid MAPE: 0.0930, Valid RMSE: 6.2287, Training Time: 37.3385/epoch
Iter: 000, Train Loss: 3.6270, Train MAPE: 0.1084, Train RMSE: 7.5357
Iter: 050, Train Loss: 3.1732, Train MAPE: 0.0834, Train RMSE: 6.3353
Iter: 100, Train Loss: 3.5935, Train MAPE: 0.1007, Train RMSE: 7.3025
Iter: 150, Train Loss: 3.4123, Train MAPE: 0.0946, Train RMSE: 6.8793
Iter: 200, Train Loss: 3.0244, Train MAPE: 0.0846, Train RMSE: 6.4716
Iter: 250, Train Loss: 3.2626, Train MAPE: 0.0848, Train RMSE: 6.7494
Iter: 300, Train Loss: 3.5316, Train MAPE: 0.1068, Train RMSE: 7.2165
Iter: 350, Train Loss: 3.1140, Train MAPE: 0.0775, Train RMSE: 6.3108
Epoch: 051, Inference Time: 1.6217 secs
Epoch: 051, Train Loss: 3.3719, Train MAPE: 0.0938, Train RMSE: 6.8865, Valid Loss: 3.3066, Valid MAPE: 0.0928, Valid RMSE: 6.2510, Training Time: 37.3393/epoch
Iter: 000, Train Loss: 3.4376, Train MAPE: 0.0955, Train RMSE: 6.9612
Iter: 050, Train Loss: 3.3510, Train MAPE: 0.1020, Train RMSE: 6.9156
Iter: 100, Train Loss: 3.4584, Train MAPE: 0.0922, Train RMSE: 6.9117
Iter: 150, Train Loss: 3.5949, Train MAPE: 0.1070, Train RMSE: 7.5588
Iter: 200, Train Loss: 3.5925, Train MAPE: 0.0999, Train RMSE: 7.1493
Iter: 250, Train Loss: 3.4133, Train MAPE: 0.0888, Train RMSE: 6.8740
Iter: 300, Train Loss: 3.0208, Train MAPE: 0.0768, Train RMSE: 6.2043
Iter: 350, Train Loss: 3.2779, Train MAPE: 0.0890, Train RMSE: 6.6765
Epoch: 052, Inference Time: 1.6174 secs
Epoch: 052, Train Loss: 3.3652, Train MAPE: 0.0936, Train RMSE: 6.8750, Valid Loss: 3.2919, Valid MAPE: 0.0936, Valid RMSE: 6.2506, Training Time: 37.3265/epoch
Iter: 000, Train Loss: 3.3547, Train MAPE: 0.0970, Train RMSE: 7.1197
Iter: 050, Train Loss: 3.5002, Train MAPE: 0.0935, Train RMSE: 7.0506
Iter: 100, Train Loss: 3.1938, Train MAPE: 0.0918, Train RMSE: 6.5175
Iter: 150, Train Loss: 3.3109, Train MAPE: 0.0921, Train RMSE: 6.6585
Iter: 200, Train Loss: 3.3619, Train MAPE: 0.1029, Train RMSE: 6.9695
Iter: 250, Train Loss: 3.3708, Train MAPE: 0.0958, Train RMSE: 6.8636
Iter: 300, Train Loss: 3.0825, Train MAPE: 0.0780, Train RMSE: 6.2931
Iter: 350, Train Loss: 3.1706, Train MAPE: 0.0827, Train RMSE: 6.4835
Epoch: 053, Inference Time: 1.6178 secs
Epoch: 053, Train Loss: 3.3605, Train MAPE: 0.0934, Train RMSE: 6.8656, Valid Loss: 3.2905, Valid MAPE: 0.0940, Valid RMSE: 6.2392, Training Time: 37.3395/epoch
Iter: 000, Train Loss: 3.5033, Train MAPE: 0.1055, Train RMSE: 7.3764
Iter: 050, Train Loss: 3.4748, Train MAPE: 0.1020, Train RMSE: 7.0593
Iter: 100, Train Loss: 3.4140, Train MAPE: 0.0978, Train RMSE: 7.1269
Iter: 150, Train Loss: 3.7393, Train MAPE: 0.1113, Train RMSE: 7.5059
Iter: 200, Train Loss: 3.5505, Train MAPE: 0.0988, Train RMSE: 7.1864
Iter: 250, Train Loss: 3.2703, Train MAPE: 0.0906, Train RMSE: 6.5878
Iter: 300, Train Loss: 3.1748, Train MAPE: 0.0821, Train RMSE: 6.4068
Iter: 350, Train Loss: 3.1543, Train MAPE: 0.0841, Train RMSE: 6.4134
Epoch: 054, Inference Time: 1.6176 secs
Epoch: 054, Train Loss: 3.4090, Train MAPE: 0.0949, Train RMSE: 6.9391, Valid Loss: 3.2947, Valid MAPE: 0.0936, Valid RMSE: 6.2621, Training Time: 37.3439/epoch
Iter: 000, Train Loss: 3.4228, Train MAPE: 0.0973, Train RMSE: 7.1951
Iter: 050, Train Loss: 3.1647, Train MAPE: 0.0869, Train RMSE: 6.2514
Iter: 100, Train Loss: 3.7322, Train MAPE: 0.1044, Train RMSE: 7.5074
Iter: 150, Train Loss: 3.6480, Train MAPE: 0.1013, Train RMSE: 7.1427
Iter: 200, Train Loss: 3.2948, Train MAPE: 0.0944, Train RMSE: 6.9156
Iter: 250, Train Loss: 3.1551, Train MAPE: 0.0813, Train RMSE: 6.4001
Iter: 300, Train Loss: 3.1654, Train MAPE: 0.0854, Train RMSE: 6.4307
Iter: 350, Train Loss: 3.3465, Train MAPE: 0.0980, Train RMSE: 7.2197
Epoch: 055, Inference Time: 1.6222 secs
Epoch: 055, Train Loss: 3.4253, Train MAPE: 0.0956, Train RMSE: 6.9756, Valid Loss: 3.3834, Valid MAPE: 0.0928, Valid RMSE: 6.2935, Training Time: 37.3380/epoch
Iter: 000, Train Loss: 3.3727, Train MAPE: 0.0927, Train RMSE: 6.8161
Iter: 050, Train Loss: 3.4937, Train MAPE: 0.0993, Train RMSE: 7.1063
Iter: 100, Train Loss: 3.1678, Train MAPE: 0.0800, Train RMSE: 6.3513
Iter: 150, Train Loss: 3.4544, Train MAPE: 0.1037, Train RMSE: 7.1041
Iter: 200, Train Loss: 3.3356, Train MAPE: 0.0870, Train RMSE: 6.6587
Iter: 250, Train Loss: 3.2803, Train MAPE: 0.0902, Train RMSE: 6.6667
Iter: 300, Train Loss: 3.5080, Train MAPE: 0.0937, Train RMSE: 7.0483
Iter: 350, Train Loss: 3.3471, Train MAPE: 0.0947, Train RMSE: 6.9056
Epoch: 056, Inference Time: 1.6203 secs
Epoch: 056, Train Loss: 3.4189, Train MAPE: 0.0953, Train RMSE: 6.9614, Valid Loss: 3.3402, Valid MAPE: 0.0936, Valid RMSE: 6.3105, Training Time: 37.3366/epoch
Iter: 000, Train Loss: 3.0963, Train MAPE: 0.0756, Train RMSE: 6.2690
Iter: 050, Train Loss: 3.5964, Train MAPE: 0.0983, Train RMSE: 7.3064
Iter: 100, Train Loss: 3.5815, Train MAPE: 0.1069, Train RMSE: 7.3320
Iter: 150, Train Loss: 3.3922, Train MAPE: 0.0980, Train RMSE: 6.9005
Iter: 200, Train Loss: 3.6461, Train MAPE: 0.1029, Train RMSE: 7.1929
Iter: 250, Train Loss: 3.6275, Train MAPE: 0.1063, Train RMSE: 7.4334
Iter: 300, Train Loss: 3.2795, Train MAPE: 0.0854, Train RMSE: 6.5478
Iter: 350, Train Loss: 3.0943, Train MAPE: 0.0786, Train RMSE: 6.2278
Epoch: 057, Inference Time: 1.6182 secs
Epoch: 057, Train Loss: 3.4098, Train MAPE: 0.0950, Train RMSE: 6.9468, Valid Loss: 3.3400, Valid MAPE: 0.0981, Valid RMSE: 6.3562, Training Time: 37.3450/epoch
Iter: 000, Train Loss: 3.8189, Train MAPE: 0.1133, Train RMSE: 7.7101
Iter: 050, Train Loss: 3.6368, Train MAPE: 0.1104, Train RMSE: 7.4012
Iter: 100, Train Loss: 3.3955, Train MAPE: 0.0908, Train RMSE: 6.8245
Iter: 150, Train Loss: 3.0857, Train MAPE: 0.0809, Train RMSE: 6.3557
Iter: 200, Train Loss: 3.3604, Train MAPE: 0.0896, Train RMSE: 6.8644
Iter: 250, Train Loss: 3.3960, Train MAPE: 0.0958, Train RMSE: 6.8572
Iter: 300, Train Loss: 3.5153, Train MAPE: 0.1006, Train RMSE: 7.2918
Iter: 350, Train Loss: 3.2793, Train MAPE: 0.0903, Train RMSE: 6.5734
Epoch: 058, Inference Time: 1.6185 secs
Epoch: 058, Train Loss: 3.3987, Train MAPE: 0.0947, Train RMSE: 6.9305, Valid Loss: 3.3081, Valid MAPE: 0.0961, Valid RMSE: 6.2855, Training Time: 37.3408/epoch
Iter: 000, Train Loss: 3.6147, Train MAPE: 0.1096, Train RMSE: 7.3465
Iter: 050, Train Loss: 3.1362, Train MAPE: 0.0812, Train RMSE: 6.1976
Iter: 100, Train Loss: 3.3589, Train MAPE: 0.0859, Train RMSE: 6.6326
Iter: 150, Train Loss: 3.4347, Train MAPE: 0.0990, Train RMSE: 7.1045
Iter: 200, Train Loss: 3.3227, Train MAPE: 0.0887, Train RMSE: 6.7374
Iter: 250, Train Loss: 3.3748, Train MAPE: 0.0959, Train RMSE: 6.9416
Iter: 300, Train Loss: 3.2761, Train MAPE: 0.0905, Train RMSE: 6.6345
Iter: 350, Train Loss: 3.3775, Train MAPE: 0.0930, Train RMSE: 6.9232
Epoch: 059, Inference Time: 1.6184 secs
Epoch: 059, Train Loss: 3.3897, Train MAPE: 0.0944, Train RMSE: 6.9143, Valid Loss: 3.3075, Valid MAPE: 0.0942, Valid RMSE: 6.2397, Training Time: 37.3383/epoch
Iter: 000, Train Loss: 3.2606, Train MAPE: 0.0881, Train RMSE: 6.6703
Iter: 050, Train Loss: 3.4481, Train MAPE: 0.1041, Train RMSE: 7.1076
Iter: 100, Train Loss: 2.9318, Train MAPE: 0.0803, Train RMSE: 6.1376
Iter: 150, Train Loss: 3.3794, Train MAPE: 0.0952, Train RMSE: 6.9217
Iter: 200, Train Loss: 3.2688, Train MAPE: 0.0977, Train RMSE: 7.1046
Iter: 250, Train Loss: 3.2505, Train MAPE: 0.0870, Train RMSE: 6.4510
Iter: 300, Train Loss: 4.0618, Train MAPE: 0.1185, Train RMSE: 8.1146
Iter: 350, Train Loss: 3.2563, Train MAPE: 0.0877, Train RMSE: 6.5309
Epoch: 060, Inference Time: 1.6231 secs
Epoch: 060, Train Loss: 3.3793, Train MAPE: 0.0941, Train RMSE: 6.8970, Valid Loss: 3.2699, Valid MAPE: 0.0942, Valid RMSE: 6.2085, Training Time: 37.3378/epoch
Iter: 000, Train Loss: 3.4515, Train MAPE: 0.0981, Train RMSE: 6.9778
Iter: 050, Train Loss: 3.1947, Train MAPE: 0.0841, Train RMSE: 6.4585
Iter: 100, Train Loss: 3.7179, Train MAPE: 0.1083, Train RMSE: 7.6437
Iter: 150, Train Loss: 3.2757, Train MAPE: 0.0925, Train RMSE: 6.7793
Iter: 200, Train Loss: 3.5734, Train MAPE: 0.1005, Train RMSE: 7.2350
Iter: 250, Train Loss: 3.3922, Train MAPE: 0.0961, Train RMSE: 6.9797
Iter: 300, Train Loss: 3.4861, Train MAPE: 0.0958, Train RMSE: 6.9381
Iter: 350, Train Loss: 3.1570, Train MAPE: 0.0836, Train RMSE: 6.4980
Epoch: 061, Inference Time: 1.6191 secs
Epoch: 061, Train Loss: 3.3693, Train MAPE: 0.0937, Train RMSE: 6.8818, Valid Loss: 3.2595, Valid MAPE: 0.0931, Valid RMSE: 6.2261, Training Time: 37.3363/epoch
Iter: 000, Train Loss: 3.4960, Train MAPE: 0.1032, Train RMSE: 7.2211
Iter: 050, Train Loss: 3.5729, Train MAPE: 0.0991, Train RMSE: 7.3451
Iter: 100, Train Loss: 3.6202, Train MAPE: 0.1060, Train RMSE: 7.3215
Iter: 150, Train Loss: 3.6704, Train MAPE: 0.1091, Train RMSE: 7.5410
Iter: 200, Train Loss: 3.3600, Train MAPE: 0.0897, Train RMSE: 6.9817
Iter: 250, Train Loss: 3.6696, Train MAPE: 0.1065, Train RMSE: 7.4502
Iter: 300, Train Loss: 3.5253, Train MAPE: 0.1000, Train RMSE: 7.1111
Iter: 350, Train Loss: 3.1713, Train MAPE: 0.0847, Train RMSE: 6.5047
Epoch: 062, Inference Time: 1.6182 secs
Epoch: 062, Train Loss: 3.3609, Train MAPE: 0.0934, Train RMSE: 6.8681, Valid Loss: 3.2609, Valid MAPE: 0.0934, Valid RMSE: 6.2013, Training Time: 37.3426/epoch
Iter: 000, Train Loss: 3.3352, Train MAPE: 0.0913, Train RMSE: 6.9030
Iter: 050, Train Loss: 3.4367, Train MAPE: 0.0946, Train RMSE: 7.0775
Iter: 100, Train Loss: 3.2814, Train MAPE: 0.0867, Train RMSE: 6.6299
Iter: 150, Train Loss: 3.4676, Train MAPE: 0.0910, Train RMSE: 6.9840
Iter: 200, Train Loss: 3.5917, Train MAPE: 0.1084, Train RMSE: 7.4039
Iter: 250, Train Loss: 3.2478, Train MAPE: 0.0875, Train RMSE: 6.6960
Iter: 300, Train Loss: 3.4945, Train MAPE: 0.0951, Train RMSE: 7.0955
Iter: 350, Train Loss: 3.6214, Train MAPE: 0.1047, Train RMSE: 7.4382
Epoch: 063, Inference Time: 1.6176 secs
Epoch: 063, Train Loss: 3.3540, Train MAPE: 0.0932, Train RMSE: 6.8554, Valid Loss: 3.2760, Valid MAPE: 0.0935, Valid RMSE: 6.2283, Training Time: 37.3407/epoch
Iter: 000, Train Loss: 3.1769, Train MAPE: 0.0864, Train RMSE: 6.6504
Iter: 050, Train Loss: 3.5544, Train MAPE: 0.0999, Train RMSE: 7.2512
Iter: 100, Train Loss: 2.6937, Train MAPE: 0.0659, Train RMSE: 5.4906
Iter: 150, Train Loss: 3.3611, Train MAPE: 0.0962, Train RMSE: 6.8255
Iter: 200, Train Loss: 3.1892, Train MAPE: 0.0884, Train RMSE: 6.7498
Iter: 250, Train Loss: 3.1726, Train MAPE: 0.0827, Train RMSE: 6.4030
Iter: 300, Train Loss: 3.0989, Train MAPE: 0.0834, Train RMSE: 6.3909
Iter: 350, Train Loss: 3.3679, Train MAPE: 0.0957, Train RMSE: 6.9320
Epoch: 064, Inference Time: 1.6204 secs
Epoch: 064, Train Loss: 3.3511, Train MAPE: 0.0930, Train RMSE: 6.8487, Valid Loss: 3.4253, Valid MAPE: 0.0929, Valid RMSE: 6.4067, Training Time: 37.3382/epoch
Iter: 000, Train Loss: 3.5050, Train MAPE: 0.0972, Train RMSE: 7.1877
Iter: 050, Train Loss: 3.5621, Train MAPE: 0.0974, Train RMSE: 7.1471
Iter: 100, Train Loss: 3.2825, Train MAPE: 0.0867, Train RMSE: 6.5403
Iter: 150, Train Loss: 3.5731, Train MAPE: 0.1027, Train RMSE: 7.3853
Iter: 200, Train Loss: 3.3930, Train MAPE: 0.0957, Train RMSE: 7.0875
Iter: 250, Train Loss: 3.4472, Train MAPE: 0.0989, Train RMSE: 7.0970
Iter: 300, Train Loss: 3.7539, Train MAPE: 0.1095, Train RMSE: 7.4208
Iter: 350, Train Loss: 3.3643, Train MAPE: 0.0959, Train RMSE: 6.9506
Epoch: 065, Inference Time: 1.6232 secs
Epoch: 065, Train Loss: 3.4171, Train MAPE: 0.0953, Train RMSE: 6.9584, Valid Loss: 3.3995, Valid MAPE: 0.0940, Valid RMSE: 6.3269, Training Time: 37.3358/epoch
Iter: 000, Train Loss: 3.6396, Train MAPE: 0.1033, Train RMSE: 7.4474
Iter: 050, Train Loss: 3.1617, Train MAPE: 0.0850, Train RMSE: 6.6897
Iter: 100, Train Loss: 3.4259, Train MAPE: 0.0910, Train RMSE: 7.0752
Iter: 150, Train Loss: 3.1980, Train MAPE: 0.0895, Train RMSE: 6.5592
Iter: 200, Train Loss: 3.2819, Train MAPE: 0.0956, Train RMSE: 6.6363
Iter: 250, Train Loss: 3.2640, Train MAPE: 0.0887, Train RMSE: 6.6481
Iter: 300, Train Loss: 3.3322, Train MAPE: 0.0846, Train RMSE: 6.6780
Iter: 350, Train Loss: 3.3814, Train MAPE: 0.0958, Train RMSE: 6.7880
Epoch: 066, Inference Time: 1.6175 secs
Epoch: 066, Train Loss: 3.4127, Train MAPE: 0.0952, Train RMSE: 6.9573, Valid Loss: 3.3169, Valid MAPE: 0.0962, Valid RMSE: 6.2694, Training Time: 37.3389/epoch
Iter: 000, Train Loss: 3.3249, Train MAPE: 0.0947, Train RMSE: 6.7490
Iter: 050, Train Loss: 3.3491, Train MAPE: 0.0853, Train RMSE: 6.7242
Iter: 100, Train Loss: 3.2297, Train MAPE: 0.0884, Train RMSE: 6.5992
Iter: 150, Train Loss: 3.2946, Train MAPE: 0.0935, Train RMSE: 6.9428
Iter: 200, Train Loss: 3.6603, Train MAPE: 0.1051, Train RMSE: 7.4633
Iter: 250, Train Loss: 3.4006, Train MAPE: 0.0887, Train RMSE: 6.9571
Iter: 300, Train Loss: 3.2152, Train MAPE: 0.0823, Train RMSE: 6.5718
Iter: 350, Train Loss: 3.0257, Train MAPE: 0.0796, Train RMSE: 5.9460
Epoch: 067, Inference Time: 1.6190 secs
Epoch: 067, Train Loss: 3.4064, Train MAPE: 0.0950, Train RMSE: 6.9452, Valid Loss: 3.3188, Valid MAPE: 0.0961, Valid RMSE: 6.2725, Training Time: 37.3444/epoch
Iter: 000, Train Loss: 3.3010, Train MAPE: 0.0914, Train RMSE: 6.6041
Iter: 050, Train Loss: 3.3645, Train MAPE: 0.0888, Train RMSE: 6.6796
Iter: 100, Train Loss: 3.5085, Train MAPE: 0.0992, Train RMSE: 7.0430
Iter: 150, Train Loss: 3.3853, Train MAPE: 0.0960, Train RMSE: 6.9863
Iter: 200, Train Loss: 3.1413, Train MAPE: 0.0857, Train RMSE: 6.5342
Iter: 250, Train Loss: 3.3654, Train MAPE: 0.0900, Train RMSE: 6.8142
Iter: 300, Train Loss: 3.4393, Train MAPE: 0.0991, Train RMSE: 6.9071
Iter: 350, Train Loss: 3.6234, Train MAPE: 0.1036, Train RMSE: 7.3405
Epoch: 068, Inference Time: 1.6186 secs
Epoch: 068, Train Loss: 3.3953, Train MAPE: 0.0946, Train RMSE: 6.9256, Valid Loss: 3.3260, Valid MAPE: 0.0947, Valid RMSE: 6.3400, Training Time: 37.3409/epoch
Iter: 000, Train Loss: 3.0695, Train MAPE: 0.0783, Train RMSE: 6.1947
Iter: 050, Train Loss: 3.3201, Train MAPE: 0.0979, Train RMSE: 7.0200
Iter: 100, Train Loss: 3.5906, Train MAPE: 0.1090, Train RMSE: 7.4057
Iter: 150, Train Loss: 3.4875, Train MAPE: 0.1004, Train RMSE: 6.9578
Iter: 200, Train Loss: 3.3359, Train MAPE: 0.0848, Train RMSE: 6.6511
Iter: 250, Train Loss: 3.0944, Train MAPE: 0.0819, Train RMSE: 6.2089
Iter: 300, Train Loss: 3.1381, Train MAPE: 0.0850, Train RMSE: 6.3736
Iter: 350, Train Loss: 3.5054, Train MAPE: 0.0967, Train RMSE: 7.0988
Epoch: 069, Inference Time: 1.6216 secs
Epoch: 069, Train Loss: 3.3882, Train MAPE: 0.0943, Train RMSE: 6.9157, Valid Loss: 3.2691, Valid MAPE: 0.0936, Valid RMSE: 6.2429, Training Time: 37.3395/epoch
Iter: 000, Train Loss: 3.3290, Train MAPE: 0.0937, Train RMSE: 6.8566
Iter: 050, Train Loss: 3.2487, Train MAPE: 0.0899, Train RMSE: 6.6088
Iter: 100, Train Loss: 3.5491, Train MAPE: 0.1037, Train RMSE: 7.3083
Iter: 150, Train Loss: 3.4016, Train MAPE: 0.0908, Train RMSE: 6.8980
Iter: 200, Train Loss: 3.4391, Train MAPE: 0.0932, Train RMSE: 6.8022
Iter: 250, Train Loss: 3.3140, Train MAPE: 0.0961, Train RMSE: 6.9375
Iter: 300, Train Loss: 3.3638, Train MAPE: 0.0932, Train RMSE: 6.8959
Iter: 350, Train Loss: 3.5323, Train MAPE: 0.1016, Train RMSE: 7.4303
Epoch: 070, Inference Time: 1.6230 secs
Epoch: 070, Train Loss: 3.3796, Train MAPE: 0.0941, Train RMSE: 6.8993, Valid Loss: 3.2934, Valid MAPE: 0.0949, Valid RMSE: 6.2904, Training Time: 37.3394/epoch
Iter: 000, Train Loss: 3.4607, Train MAPE: 0.0935, Train RMSE: 7.0379
Iter: 050, Train Loss: 3.2144, Train MAPE: 0.0862, Train RMSE: 6.4423
Iter: 100, Train Loss: 3.2631, Train MAPE: 0.0927, Train RMSE: 6.7600
Iter: 150, Train Loss: 3.0752, Train MAPE: 0.0807, Train RMSE: 6.4178
Iter: 200, Train Loss: 3.1086, Train MAPE: 0.0803, Train RMSE: 6.3397
Iter: 250, Train Loss: 3.3934, Train MAPE: 0.1006, Train RMSE: 7.1245
Iter: 300, Train Loss: 3.3685, Train MAPE: 0.0953, Train RMSE: 6.8886
Iter: 350, Train Loss: 3.1669, Train MAPE: 0.0848, Train RMSE: 6.5183
Epoch: 071, Inference Time: 1.6184 secs
Epoch: 071, Train Loss: 3.3687, Train MAPE: 0.0937, Train RMSE: 6.8818, Valid Loss: 3.2593, Valid MAPE: 0.0940, Valid RMSE: 6.1933, Training Time: 37.3370/epoch
Iter: 000, Train Loss: 3.8121, Train MAPE: 0.1092, Train RMSE: 7.5740
Iter: 050, Train Loss: 3.2969, Train MAPE: 0.0860, Train RMSE: 6.6048
Iter: 100, Train Loss: 3.4074, Train MAPE: 0.0942, Train RMSE: 7.0003
Iter: 150, Train Loss: 3.3411, Train MAPE: 0.0951, Train RMSE: 6.9662
Iter: 200, Train Loss: 3.2099, Train MAPE: 0.0877, Train RMSE: 6.5919
Iter: 250, Train Loss: 3.3175, Train MAPE: 0.0905, Train RMSE: 6.7806
Iter: 300, Train Loss: 3.3579, Train MAPE: 0.0979, Train RMSE: 6.9777
Iter: 350, Train Loss: 3.6607, Train MAPE: 0.1057, Train RMSE: 7.6525
Epoch: 072, Inference Time: 1.6188 secs
Epoch: 072, Train Loss: 3.3589, Train MAPE: 0.0934, Train RMSE: 6.8648, Valid Loss: 3.2673, Valid MAPE: 0.0925, Valid RMSE: 6.2162, Training Time: 37.3436/epoch
Iter: 000, Train Loss: 3.3287, Train MAPE: 0.0891, Train RMSE: 6.7781
Iter: 050, Train Loss: 3.6567, Train MAPE: 0.1003, Train RMSE: 7.3118
Iter: 100, Train Loss: 3.0074, Train MAPE: 0.0771, Train RMSE: 6.1496
Iter: 150, Train Loss: 3.4658, Train MAPE: 0.0980, Train RMSE: 7.0192
Iter: 200, Train Loss: 2.9137, Train MAPE: 0.0777, Train RMSE: 6.1314
Iter: 250, Train Loss: 3.3975, Train MAPE: 0.0930, Train RMSE: 6.8196
Iter: 300, Train Loss: 3.3139, Train MAPE: 0.0898, Train RMSE: 6.7624
Iter: 350, Train Loss: 3.2365, Train MAPE: 0.0855, Train RMSE: 6.4373
Epoch: 073, Inference Time: 1.6187 secs
Epoch: 073, Train Loss: 3.3512, Train MAPE: 0.0931, Train RMSE: 6.8525, Valid Loss: 3.2605, Valid MAPE: 0.0941, Valid RMSE: 6.2172, Training Time: 37.3451/epoch
Iter: 000, Train Loss: 3.0664, Train MAPE: 0.0863, Train RMSE: 6.5565
Iter: 050, Train Loss: 3.4729, Train MAPE: 0.0982, Train RMSE: 6.9302
Iter: 100, Train Loss: 2.8570, Train MAPE: 0.0686, Train RMSE: 5.7938
Iter: 150, Train Loss: 3.4979, Train MAPE: 0.1008, Train RMSE: 7.0781
Iter: 200, Train Loss: 3.1716, Train MAPE: 0.0780, Train RMSE: 6.2775
Iter: 250, Train Loss: 3.3174, Train MAPE: 0.0907, Train RMSE: 6.6492
Iter: 300, Train Loss: 3.5408, Train MAPE: 0.1009, Train RMSE: 7.1732
Iter: 350, Train Loss: 3.0792, Train MAPE: 0.0748, Train RMSE: 6.0578
Epoch: 074, Inference Time: 1.6235 secs
Epoch: 074, Train Loss: 3.3464, Train MAPE: 0.0929, Train RMSE: 6.8428, Valid Loss: 3.2590, Valid MAPE: 0.0943, Valid RMSE: 6.2197, Training Time: 37.3391/epoch
Iter: 000, Train Loss: 3.3215, Train MAPE: 0.0915, Train RMSE: 6.7889
Iter: 050, Train Loss: 3.5739, Train MAPE: 0.0994, Train RMSE: 7.1609
Iter: 100, Train Loss: 3.1778, Train MAPE: 0.0873, Train RMSE: 6.5311
Iter: 150, Train Loss: 3.7177, Train MAPE: 0.1088, Train RMSE: 7.4990
Iter: 200, Train Loss: 3.5094, Train MAPE: 0.1009, Train RMSE: 7.0836
Iter: 250, Train Loss: 3.4512, Train MAPE: 0.0868, Train RMSE: 6.8443
Iter: 300, Train Loss: 3.5010, Train MAPE: 0.0961, Train RMSE: 7.0101
Iter: 350, Train Loss: 3.2272, Train MAPE: 0.0907, Train RMSE: 6.6896
Epoch: 075, Inference Time: 1.6232 secs
Epoch: 075, Train Loss: 3.3696, Train MAPE: 0.0937, Train RMSE: 6.8792, Valid Loss: 3.3076, Valid MAPE: 0.0989, Valid RMSE: 6.2700, Training Time: 37.3452/epoch
Iter: 000, Train Loss: 3.4830, Train MAPE: 0.1010, Train RMSE: 7.1582
Iter: 050, Train Loss: 3.4163, Train MAPE: 0.0937, Train RMSE: 6.9208
Iter: 100, Train Loss: 3.3214, Train MAPE: 0.0996, Train RMSE: 7.1185
Iter: 150, Train Loss: 3.3010, Train MAPE: 0.0896, Train RMSE: 6.7625
Iter: 200, Train Loss: 3.7869, Train MAPE: 0.1027, Train RMSE: 7.5285
Iter: 250, Train Loss: 3.4696, Train MAPE: 0.1033, Train RMSE: 7.2352
Iter: 300, Train Loss: 3.3903, Train MAPE: 0.0950, Train RMSE: 6.9577
Iter: 350, Train Loss: 3.4485, Train MAPE: 0.0941, Train RMSE: 7.0172
Epoch: 076, Inference Time: 1.6178 secs
Epoch: 076, Train Loss: 3.4067, Train MAPE: 0.0949, Train RMSE: 6.9408, Valid Loss: 3.2539, Valid MAPE: 0.0932, Valid RMSE: 6.2465, Training Time: 37.3434/epoch
Iter: 000, Train Loss: 3.6067, Train MAPE: 0.1079, Train RMSE: 7.4410
Iter: 050, Train Loss: 3.4036, Train MAPE: 0.0843, Train RMSE: 6.5413
Iter: 100, Train Loss: 3.2750, Train MAPE: 0.0876, Train RMSE: 6.8191
Iter: 150, Train Loss: 3.4530, Train MAPE: 0.0910, Train RMSE: 7.0341
Iter: 200, Train Loss: 3.6252, Train MAPE: 0.1056, Train RMSE: 7.2616
Iter: 250, Train Loss: 3.0549, Train MAPE: 0.0783, Train RMSE: 6.2011
Iter: 300, Train Loss: 3.6841, Train MAPE: 0.1089, Train RMSE: 7.6287
Iter: 350, Train Loss: 3.6880, Train MAPE: 0.1071, Train RMSE: 7.7441
Epoch: 077, Inference Time: 1.6185 secs
Epoch: 077, Train Loss: 3.4024, Train MAPE: 0.0949, Train RMSE: 6.9360, Valid Loss: 3.3382, Valid MAPE: 0.0988, Valid RMSE: 6.3917, Training Time: 38.3174/epoch
Iter: 000, Train Loss: 3.2502, Train MAPE: 0.0921, Train RMSE: 6.6549
Iter: 050, Train Loss: 3.2684, Train MAPE: 0.0862, Train RMSE: 6.6452
Iter: 100, Train Loss: 3.4976, Train MAPE: 0.0956, Train RMSE: 6.9202
Iter: 150, Train Loss: 3.4060, Train MAPE: 0.1046, Train RMSE: 7.2177
Iter: 200, Train Loss: 3.2825, Train MAPE: 0.0836, Train RMSE: 6.7034
Iter: 250, Train Loss: 3.7269, Train MAPE: 0.1062, Train RMSE: 7.3648
Iter: 300, Train Loss: 3.1073, Train MAPE: 0.0867, Train RMSE: 6.6012
Iter: 350, Train Loss: 3.3000, Train MAPE: 0.0972, Train RMSE: 6.9285
Epoch: 078, Inference Time: 1.6197 secs
Epoch: 078, Train Loss: 3.3980, Train MAPE: 0.0947, Train RMSE: 6.9335, Valid Loss: 3.3196, Valid MAPE: 0.0955, Valid RMSE: 6.2605, Training Time: 37.3488/epoch
Iter: 000, Train Loss: 3.2255, Train MAPE: 0.0911, Train RMSE: 6.6829
Iter: 050, Train Loss: 3.4702, Train MAPE: 0.0966, Train RMSE: 6.9911
Iter: 100, Train Loss: 3.5575, Train MAPE: 0.1055, Train RMSE: 7.5780
Iter: 150, Train Loss: 3.4823, Train MAPE: 0.1013, Train RMSE: 7.0229
Iter: 200, Train Loss: 3.6166, Train MAPE: 0.0996, Train RMSE: 7.1777
Iter: 250, Train Loss: 3.3236, Train MAPE: 0.0908, Train RMSE: 6.8534
Iter: 300, Train Loss: 3.0240, Train MAPE: 0.0779, Train RMSE: 6.2459
Iter: 350, Train Loss: 3.5037, Train MAPE: 0.1076, Train RMSE: 7.3801
Epoch: 079, Inference Time: 1.6195 secs
Epoch: 079, Train Loss: 3.3873, Train MAPE: 0.0944, Train RMSE: 6.9126, Valid Loss: 3.3223, Valid MAPE: 0.0935, Valid RMSE: 6.3057, Training Time: 37.3505/epoch
Iter: 000, Train Loss: 3.4379, Train MAPE: 0.1028, Train RMSE: 7.1321
Iter: 050, Train Loss: 2.9756, Train MAPE: 0.0707, Train RMSE: 5.8221
Iter: 100, Train Loss: 3.4227, Train MAPE: 0.0940, Train RMSE: 6.8496
Iter: 150, Train Loss: 3.1575, Train MAPE: 0.0914, Train RMSE: 6.6481
Iter: 200, Train Loss: 2.9522, Train MAPE: 0.0796, Train RMSE: 5.9865
Iter: 250, Train Loss: 3.5786, Train MAPE: 0.1029, Train RMSE: 7.2884
Iter: 300, Train Loss: 3.2231, Train MAPE: 0.0961, Train RMSE: 6.7511
Iter: 350, Train Loss: 3.6079, Train MAPE: 0.1068, Train RMSE: 7.4223
Epoch: 080, Inference Time: 1.6238 secs
Epoch: 080, Train Loss: 3.3784, Train MAPE: 0.0940, Train RMSE: 6.8978, Valid Loss: 3.2492, Valid MAPE: 0.0936, Valid RMSE: 6.2275, Training Time: 37.3476/epoch
Iter: 000, Train Loss: 3.2651, Train MAPE: 0.0882, Train RMSE: 6.7446
Iter: 050, Train Loss: 3.4876, Train MAPE: 0.0951, Train RMSE: 6.8971
Iter: 100, Train Loss: 3.3385, Train MAPE: 0.0915, Train RMSE: 6.6352
Iter: 150, Train Loss: 3.2842, Train MAPE: 0.0907, Train RMSE: 6.7636
Iter: 200, Train Loss: 3.4117, Train MAPE: 0.0946, Train RMSE: 6.9924
Iter: 250, Train Loss: 3.3744, Train MAPE: 0.0976, Train RMSE: 6.9905
Iter: 300, Train Loss: 3.4670, Train MAPE: 0.0956, Train RMSE: 6.8940
Iter: 350, Train Loss: 3.4096, Train MAPE: 0.0937, Train RMSE: 6.9505
Epoch: 081, Inference Time: 1.6222 secs
Epoch: 081, Train Loss: 3.3693, Train MAPE: 0.0937, Train RMSE: 6.8829, Valid Loss: 3.2471, Valid MAPE: 0.0931, Valid RMSE: 6.2281, Training Time: 37.3443/epoch
Iter: 000, Train Loss: 3.0430, Train MAPE: 0.0863, Train RMSE: 6.3298
Iter: 050, Train Loss: 3.3797, Train MAPE: 0.0903, Train RMSE: 6.7831
Iter: 100, Train Loss: 3.4464, Train MAPE: 0.0969, Train RMSE: 7.0626
Iter: 150, Train Loss: 3.2651, Train MAPE: 0.0893, Train RMSE: 6.6567
Iter: 200, Train Loss: 3.3076, Train MAPE: 0.0860, Train RMSE: 6.6047
Iter: 250, Train Loss: 3.2541, Train MAPE: 0.0930, Train RMSE: 6.7019
Iter: 300, Train Loss: 3.2148, Train MAPE: 0.0828, Train RMSE: 6.6941
Iter: 350, Train Loss: 3.5285, Train MAPE: 0.0937, Train RMSE: 6.9126
Epoch: 082, Inference Time: 1.6194 secs
Epoch: 082, Train Loss: 3.3598, Train MAPE: 0.0934, Train RMSE: 6.8671, Valid Loss: 3.2522, Valid MAPE: 0.0933, Valid RMSE: 6.2404, Training Time: 37.3600/epoch
Iter: 000, Train Loss: 3.5248, Train MAPE: 0.1056, Train RMSE: 7.2616
Iter: 050, Train Loss: 3.4059, Train MAPE: 0.0906, Train RMSE: 6.8271
Iter: 100, Train Loss: 3.1104, Train MAPE: 0.0788, Train RMSE: 6.2389
Iter: 150, Train Loss: 3.4006, Train MAPE: 0.1000, Train RMSE: 6.9930
Iter: 200, Train Loss: 3.4131, Train MAPE: 0.0972, Train RMSE: 6.9222
Iter: 250, Train Loss: 3.0572, Train MAPE: 0.0850, Train RMSE: 6.4923
Iter: 300, Train Loss: 3.8006, Train MAPE: 0.1160, Train RMSE: 7.6642
Iter: 350, Train Loss: 3.4187, Train MAPE: 0.0997, Train RMSE: 7.1493
Epoch: 083, Inference Time: 1.6199 secs
Epoch: 083, Train Loss: 3.3513, Train MAPE: 0.0931, Train RMSE: 6.8517, Valid Loss: 3.2833, Valid MAPE: 0.0953, Valid RMSE: 6.2713, Training Time: 37.3477/epoch
Iter: 000, Train Loss: 3.1352, Train MAPE: 0.0870, Train RMSE: 6.4071
Iter: 050, Train Loss: 3.4254, Train MAPE: 0.0947, Train RMSE: 7.0752
Iter: 100, Train Loss: 3.0557, Train MAPE: 0.0847, Train RMSE: 6.4842
Iter: 150, Train Loss: 3.7402, Train MAPE: 0.1065, Train RMSE: 7.6524
Iter: 200, Train Loss: 3.1949, Train MAPE: 0.0884, Train RMSE: 6.6065
Iter: 250, Train Loss: 3.2161, Train MAPE: 0.0851, Train RMSE: 6.2691
Iter: 300, Train Loss: 3.2804, Train MAPE: 0.0903, Train RMSE: 6.6591
Iter: 350, Train Loss: 3.2829, Train MAPE: 0.0887, Train RMSE: 6.7258
Epoch: 084, Inference Time: 1.6202 secs
Epoch: 084, Train Loss: 3.3437, Train MAPE: 0.0928, Train RMSE: 6.8415, Valid Loss: 3.2458, Valid MAPE: 0.0933, Valid RMSE: 6.1923, Training Time: 37.3574/epoch
Iter: 000, Train Loss: 3.4233, Train MAPE: 0.0960, Train RMSE: 6.9101
Iter: 050, Train Loss: 3.4718, Train MAPE: 0.0992, Train RMSE: 7.3246
Iter: 100, Train Loss: 3.9424, Train MAPE: 0.1163, Train RMSE: 7.9034
Iter: 150, Train Loss: 3.2430, Train MAPE: 0.0863, Train RMSE: 6.4243
Iter: 200, Train Loss: 3.1883, Train MAPE: 0.0886, Train RMSE: 6.6468
Iter: 250, Train Loss: 3.5748, Train MAPE: 0.0998, Train RMSE: 7.2333
Iter: 300, Train Loss: 3.7018, Train MAPE: 0.0996, Train RMSE: 7.2616
Iter: 350, Train Loss: 3.3788, Train MAPE: 0.0910, Train RMSE: 6.9050
Epoch: 085, Inference Time: 1.6242 secs
Epoch: 085, Train Loss: 3.3402, Train MAPE: 0.0927, Train RMSE: 6.8328, Valid Loss: 3.2526, Valid MAPE: 0.0936, Valid RMSE: 6.2097, Training Time: 37.3549/epoch
Iter: 000, Train Loss: 3.2107, Train MAPE: 0.0869, Train RMSE: 6.5005
Iter: 050, Train Loss: 3.2505, Train MAPE: 0.0945, Train RMSE: 6.8216
Iter: 100, Train Loss: 3.3519, Train MAPE: 0.0861, Train RMSE: 6.5710
Iter: 150, Train Loss: 3.4338, Train MAPE: 0.0986, Train RMSE: 7.0052
Iter: 200, Train Loss: 3.2750, Train MAPE: 0.0883, Train RMSE: 6.5423
Iter: 250, Train Loss: 3.4819, Train MAPE: 0.0942, Train RMSE: 6.9822
Iter: 300, Train Loss: 3.5789, Train MAPE: 0.0970, Train RMSE: 7.1734
Iter: 350, Train Loss: 3.3237, Train MAPE: 0.0926, Train RMSE: 6.8107
Epoch: 086, Inference Time: 1.6248 secs
Epoch: 086, Train Loss: 3.3822, Train MAPE: 0.0942, Train RMSE: 6.9032, Valid Loss: 3.3247, Valid MAPE: 0.0964, Valid RMSE: 6.2810, Training Time: 37.8390/epoch
Iter: 000, Train Loss: 3.4086, Train MAPE: 0.0914, Train RMSE: 6.8488
Iter: 050, Train Loss: 3.3412, Train MAPE: 0.0859, Train RMSE: 6.4968
Iter: 100, Train Loss: 3.4040, Train MAPE: 0.0876, Train RMSE: 6.5899
Iter: 150, Train Loss: 3.5308, Train MAPE: 0.1036, Train RMSE: 7.3354
Iter: 200, Train Loss: 3.4110, Train MAPE: 0.0946, Train RMSE: 7.0508
Iter: 250, Train Loss: 3.1374, Train MAPE: 0.0893, Train RMSE: 6.5260
Iter: 300, Train Loss: 3.5243, Train MAPE: 0.1015, Train RMSE: 7.2527
Iter: 350, Train Loss: 3.5848, Train MAPE: 0.0979, Train RMSE: 7.1449
Epoch: 087, Inference Time: 1.6201 secs
Epoch: 087, Train Loss: 3.3961, Train MAPE: 0.0946, Train RMSE: 6.9268, Valid Loss: 3.2862, Valid MAPE: 0.0926, Valid RMSE: 6.2162, Training Time: 37.3602/epoch
Iter: 000, Train Loss: 3.5370, Train MAPE: 0.1097, Train RMSE: 7.5187
Iter: 050, Train Loss: 3.3281, Train MAPE: 0.0902, Train RMSE: 7.0069
Iter: 100, Train Loss: 3.5632, Train MAPE: 0.1028, Train RMSE: 7.1424
Iter: 150, Train Loss: 3.3854, Train MAPE: 0.0894, Train RMSE: 6.9202
Iter: 200, Train Loss: 3.5487, Train MAPE: 0.1065, Train RMSE: 7.1246
Iter: 250, Train Loss: 3.3761, Train MAPE: 0.0898, Train RMSE: 6.9872
Iter: 300, Train Loss: 3.3696, Train MAPE: 0.0944, Train RMSE: 6.9271
Iter: 350, Train Loss: 3.2437, Train MAPE: 0.0900, Train RMSE: 6.8429
Epoch: 088, Inference Time: 1.6205 secs
Epoch: 088, Train Loss: 3.3965, Train MAPE: 0.0946, Train RMSE: 6.9258, Valid Loss: 3.3567, Valid MAPE: 0.1012, Valid RMSE: 6.4096, Training Time: 37.3633/epoch
Iter: 000, Train Loss: 3.4404, Train MAPE: 0.1012, Train RMSE: 6.9765
Iter: 050, Train Loss: 4.0157, Train MAPE: 0.1174, Train RMSE: 7.8573
Iter: 100, Train Loss: 3.8444, Train MAPE: 0.1136, Train RMSE: 7.6427
Iter: 150, Train Loss: 3.3294, Train MAPE: 0.0946, Train RMSE: 6.9125
Iter: 200, Train Loss: 3.5966, Train MAPE: 0.1110, Train RMSE: 7.4066
Iter: 250, Train Loss: 3.1498, Train MAPE: 0.0867, Train RMSE: 6.4469
Iter: 300, Train Loss: 3.5069, Train MAPE: 0.0986, Train RMSE: 7.1137
Iter: 350, Train Loss: 3.4104, Train MAPE: 0.0930, Train RMSE: 6.8017
Epoch: 089, Inference Time: 1.6200 secs
Epoch: 089, Train Loss: 3.3892, Train MAPE: 0.0945, Train RMSE: 6.9164, Valid Loss: 3.2739, Valid MAPE: 0.0929, Valid RMSE: 6.2247, Training Time: 37.4026/epoch
Iter: 000, Train Loss: 3.1974, Train MAPE: 0.0808, Train RMSE: 6.3795
Iter: 050, Train Loss: 3.1146, Train MAPE: 0.0812, Train RMSE: 6.4221
Iter: 100, Train Loss: 3.3469, Train MAPE: 0.0864, Train RMSE: 6.6273
Iter: 150, Train Loss: 3.2718, Train MAPE: 0.0868, Train RMSE: 6.7217
Iter: 200, Train Loss: 3.7438, Train MAPE: 0.1086, Train RMSE: 7.5472
Iter: 250, Train Loss: 3.4665, Train MAPE: 0.0984, Train RMSE: 7.2671
Iter: 300, Train Loss: 3.4252, Train MAPE: 0.1010, Train RMSE: 7.2706
Iter: 350, Train Loss: 3.4743, Train MAPE: 0.0936, Train RMSE: 6.9905
Epoch: 090, Inference Time: 1.6232 secs
Epoch: 090, Train Loss: 3.3793, Train MAPE: 0.0940, Train RMSE: 6.8984, Valid Loss: 3.2861, Valid MAPE: 0.0937, Valid RMSE: 6.2479, Training Time: 37.3710/epoch
Iter: 000, Train Loss: 3.3384, Train MAPE: 0.0872, Train RMSE: 6.7093
Iter: 050, Train Loss: 3.5876, Train MAPE: 0.0996, Train RMSE: 7.2255
Iter: 100, Train Loss: 3.6236, Train MAPE: 0.1088, Train RMSE: 7.6350
Iter: 150, Train Loss: 3.6426, Train MAPE: 0.1067, Train RMSE: 7.5622
Iter: 200, Train Loss: 3.3122, Train MAPE: 0.0913, Train RMSE: 6.8148
Iter: 250, Train Loss: 3.5143, Train MAPE: 0.1013, Train RMSE: 6.9702
Iter: 300, Train Loss: 3.0570, Train MAPE: 0.0820, Train RMSE: 6.1099
Iter: 350, Train Loss: 3.4074, Train MAPE: 0.0941, Train RMSE: 6.9367
Epoch: 091, Inference Time: 1.6249 secs
Epoch: 091, Train Loss: 3.3704, Train MAPE: 0.0938, Train RMSE: 6.8840, Valid Loss: 3.2437, Valid MAPE: 0.0912, Valid RMSE: 6.2502, Training Time: 37.3610/epoch
Iter: 000, Train Loss: 3.2952, Train MAPE: 0.0934, Train RMSE: 6.9237
Iter: 050, Train Loss: 3.3629, Train MAPE: 0.0994, Train RMSE: 7.0147
Iter: 100, Train Loss: 3.5086, Train MAPE: 0.0968, Train RMSE: 7.1394
Iter: 150, Train Loss: 3.9152, Train MAPE: 0.1266, Train RMSE: 8.2084
Iter: 200, Train Loss: 3.4817, Train MAPE: 0.1008, Train RMSE: 6.9859
Iter: 250, Train Loss: 3.5491, Train MAPE: 0.1011, Train RMSE: 7.1302
Iter: 300, Train Loss: 3.3015, Train MAPE: 0.0900, Train RMSE: 6.7662
Iter: 350, Train Loss: 3.6726, Train MAPE: 0.1081, Train RMSE: 7.5075
Epoch: 092, Inference Time: 1.6236 secs
Epoch: 092, Train Loss: 3.3609, Train MAPE: 0.0934, Train RMSE: 6.8697, Valid Loss: 3.2594, Valid MAPE: 0.0927, Valid RMSE: 6.2413, Training Time: 37.3714/epoch
Iter: 000, Train Loss: 3.4263, Train MAPE: 0.1011, Train RMSE: 7.1858
Iter: 050, Train Loss: 3.2940, Train MAPE: 0.0997, Train RMSE: 6.8003
Iter: 100, Train Loss: 3.2177, Train MAPE: 0.0856, Train RMSE: 6.4858
Iter: 150, Train Loss: 3.1552, Train MAPE: 0.0948, Train RMSE: 6.6981
Iter: 200, Train Loss: 3.3894, Train MAPE: 0.0974, Train RMSE: 7.0322
Iter: 250, Train Loss: 3.5704, Train MAPE: 0.0990, Train RMSE: 7.2681
Iter: 300, Train Loss: 3.1781, Train MAPE: 0.0819, Train RMSE: 6.3549
Iter: 350, Train Loss: 3.5166, Train MAPE: 0.0980, Train RMSE: 7.1907
Epoch: 093, Inference Time: 1.6291 secs
Epoch: 093, Train Loss: 3.3526, Train MAPE: 0.0931, Train RMSE: 6.8548, Valid Loss: 3.2428, Valid MAPE: 0.0937, Valid RMSE: 6.2310, Training Time: 37.4615/epoch
Iter: 000, Train Loss: 3.3473, Train MAPE: 0.0963, Train RMSE: 6.9599
Iter: 050, Train Loss: 3.5718, Train MAPE: 0.1000, Train RMSE: 7.1913
Iter: 100, Train Loss: 3.3371, Train MAPE: 0.0917, Train RMSE: 6.8450
Iter: 150, Train Loss: 3.4264, Train MAPE: 0.1047, Train RMSE: 7.2763
Iter: 200, Train Loss: 3.2546, Train MAPE: 0.0918, Train RMSE: 6.6726
Iter: 250, Train Loss: 3.2798, Train MAPE: 0.0948, Train RMSE: 6.6765
Iter: 300, Train Loss: 3.1474, Train MAPE: 0.0823, Train RMSE: 6.4176
Iter: 350, Train Loss: 3.0487, Train MAPE: 0.0815, Train RMSE: 6.2415
Epoch: 094, Inference Time: 1.6290 secs
Epoch: 094, Train Loss: 3.3452, Train MAPE: 0.0929, Train RMSE: 6.8438, Valid Loss: 3.2402, Valid MAPE: 0.0932, Valid RMSE: 6.2214, Training Time: 37.4625/epoch
Iter: 000, Train Loss: 3.5982, Train MAPE: 0.1023, Train RMSE: 7.3733
Iter: 050, Train Loss: 3.1493, Train MAPE: 0.0840, Train RMSE: 6.2652
Iter: 100, Train Loss: 3.5765, Train MAPE: 0.0969, Train RMSE: 7.1373
Iter: 150, Train Loss: 3.3495, Train MAPE: 0.0903, Train RMSE: 6.7967
Iter: 200, Train Loss: 3.7346, Train MAPE: 0.1076, Train RMSE: 7.5418
Iter: 250, Train Loss: 3.4275, Train MAPE: 0.0933, Train RMSE: 6.9430
Iter: 300, Train Loss: 3.6883, Train MAPE: 0.1083, Train RMSE: 7.5267
Iter: 350, Train Loss: 3.4363, Train MAPE: 0.1005, Train RMSE: 7.2667
Epoch: 095, Inference Time: 1.6292 secs
Epoch: 095, Train Loss: 3.3383, Train MAPE: 0.0927, Train RMSE: 6.8298, Valid Loss: 3.2507, Valid MAPE: 0.0934, Valid RMSE: 6.2292, Training Time: 37.4777/epoch
Iter: 000, Train Loss: 3.0815, Train MAPE: 0.0815, Train RMSE: 6.3755
Iter: 050, Train Loss: 3.6100, Train MAPE: 0.1033, Train RMSE: 7.4210
Iter: 100, Train Loss: 3.1423, Train MAPE: 0.0785, Train RMSE: 6.3571
Iter: 150, Train Loss: 3.3449, Train MAPE: 0.0950, Train RMSE: 6.9675
Iter: 200, Train Loss: 3.4452, Train MAPE: 0.1001, Train RMSE: 7.1033
Iter: 250, Train Loss: 3.3418, Train MAPE: 0.0956, Train RMSE: 6.8365
Iter: 300, Train Loss: 3.2730, Train MAPE: 0.0855, Train RMSE: 6.7650
Iter: 350, Train Loss: 3.2730, Train MAPE: 0.0899, Train RMSE: 6.7310
Epoch: 096, Inference Time: 1.6298 secs
Epoch: 096, Train Loss: 3.3358, Train MAPE: 0.0925, Train RMSE: 6.8274, Valid Loss: 3.5022, Valid MAPE: 0.1078, Valid RMSE: 6.6079, Training Time: 37.4656/epoch
Iter: 000, Train Loss: 3.6646, Train MAPE: 0.1102, Train RMSE: 7.3053
Iter: 050, Train Loss: 3.2377, Train MAPE: 0.0845, Train RMSE: 6.4857
Iter: 100, Train Loss: 3.4936, Train MAPE: 0.1073, Train RMSE: 7.3932
Iter: 150, Train Loss: 3.1569, Train MAPE: 0.0784, Train RMSE: 6.0847
Iter: 200, Train Loss: 3.1536, Train MAPE: 0.0798, Train RMSE: 6.3525
Iter: 250, Train Loss: 3.2345, Train MAPE: 0.0931, Train RMSE: 6.7386
Iter: 300, Train Loss: 3.5068, Train MAPE: 0.0960, Train RMSE: 6.9689
Iter: 350, Train Loss: 3.2256, Train MAPE: 0.0853, Train RMSE: 6.4779
Epoch: 097, Inference Time: 1.6305 secs
Epoch: 097, Train Loss: 3.3972, Train MAPE: 0.0947, Train RMSE: 6.9261, Valid Loss: 3.2417, Valid MAPE: 0.0935, Valid RMSE: 6.2294, Training Time: 37.4685/epoch
Iter: 000, Train Loss: 3.5585, Train MAPE: 0.1063, Train RMSE: 7.2295
Iter: 050, Train Loss: 3.3986, Train MAPE: 0.0953, Train RMSE: 6.9374
Iter: 100, Train Loss: 3.3240, Train MAPE: 0.0922, Train RMSE: 6.7699
Iter: 150, Train Loss: 3.6149, Train MAPE: 0.1012, Train RMSE: 7.4039
Iter: 200, Train Loss: 3.2879, Train MAPE: 0.0918, Train RMSE: 6.6732
Iter: 250, Train Loss: 3.5107, Train MAPE: 0.0939, Train RMSE: 6.9872
Iter: 300, Train Loss: 3.2933, Train MAPE: 0.0920, Train RMSE: 6.7884
Iter: 350, Train Loss: 2.9274, Train MAPE: 0.0693, Train RMSE: 5.8184
Epoch: 098, Inference Time: 1.6287 secs
Epoch: 098, Train Loss: 3.3929, Train MAPE: 0.0945, Train RMSE: 6.9205, Valid Loss: 3.2203, Valid MAPE: 0.0919, Valid RMSE: 6.1784, Training Time: 37.4649/epoch
Iter: 000, Train Loss: 3.4226, Train MAPE: 0.0911, Train RMSE: 6.8510
Iter: 050, Train Loss: 3.3601, Train MAPE: 0.0909, Train RMSE: 6.9755
Iter: 100, Train Loss: 3.5473, Train MAPE: 0.1017, Train RMSE: 7.2180
Iter: 150, Train Loss: 3.5324, Train MAPE: 0.1100, Train RMSE: 7.4594
Iter: 200, Train Loss: 3.3636, Train MAPE: 0.1002, Train RMSE: 7.0042
Iter: 250, Train Loss: 3.7479, Train MAPE: 0.1133, Train RMSE: 7.6390
Iter: 300, Train Loss: 3.0523, Train MAPE: 0.0776, Train RMSE: 6.1572
Iter: 350, Train Loss: 3.4710, Train MAPE: 0.0979, Train RMSE: 7.2635
Epoch: 099, Inference Time: 1.6292 secs
Epoch: 099, Train Loss: 3.3894, Train MAPE: 0.0944, Train RMSE: 6.9168, Valid Loss: 3.2575, Valid MAPE: 0.0921, Valid RMSE: 6.2912, Training Time: 37.4589/epoch
Iter: 000, Train Loss: 3.2000, Train MAPE: 0.0888, Train RMSE: 6.7332
Iter: 050, Train Loss: 3.2590, Train MAPE: 0.0974, Train RMSE: 6.8604
Iter: 100, Train Loss: 3.3465, Train MAPE: 0.0934, Train RMSE: 6.9370
Iter: 150, Train Loss: 3.4605, Train MAPE: 0.0913, Train RMSE: 7.0387
Iter: 200, Train Loss: 3.2353, Train MAPE: 0.0832, Train RMSE: 6.3692
Iter: 250, Train Loss: 3.6710, Train MAPE: 0.1096, Train RMSE: 7.6678
Iter: 300, Train Loss: 3.4521, Train MAPE: 0.0993, Train RMSE: 7.0585
Iter: 350, Train Loss: 3.4289, Train MAPE: 0.0961, Train RMSE: 6.9076
Epoch: 100, Inference Time: 1.6296 secs
Epoch: 100, Train Loss: 3.3817, Train MAPE: 0.0941, Train RMSE: 6.9039, Valid Loss: 3.2960, Valid MAPE: 0.0948, Valid RMSE: 6.2248, Training Time: 37.4597/epoch
Average Training Time: 37.4088 secs/epoch
Average Inference Time: 1.6229 secs
Training finished
The valid loss on best model is 3.2203
Evaluate best model on test data for horizon 1, Test MAE: 2.4538, Test MAPE: 0.0605, Test RMSE: 4.3017
Evaluate best model on test data for horizon 2, Test MAE: 2.7888, Test MAPE: 0.0711, Test RMSE: 5.2794
Evaluate best model on test data for horizon 3, Test MAE: 3.0372, Test MAPE: 0.0797, Test RMSE: 5.9420
Evaluate best model on test data for horizon 4, Test MAE: 3.2506, Test MAPE: 0.0878, Test RMSE: 6.4678
Evaluate best model on test data for horizon 5, Test MAE: 3.4393, Test MAPE: 0.0953, Test RMSE: 6.9058
Evaluate best model on test data for horizon 6, Test MAE: 3.6158, Test MAPE: 0.1023, Test RMSE: 7.2916
Evaluate best model on test data for horizon 7, Test MAE: 3.7748, Test MAPE: 0.1087, Test RMSE: 7.6267
Evaluate best model on test data for horizon 8, Test MAE: 3.9214, Test MAPE: 0.1146, Test RMSE: 7.9256
Evaluate best model on test data for horizon 9, Test MAE: 4.0567, Test MAPE: 0.1200, Test RMSE: 8.1913
Evaluate best model on test data for horizon 10, Test MAE: 4.1847, Test MAPE: 0.1251, Test RMSE: 8.4411
Evaluate best model on test data for horizon 11, Test MAE: 4.3070, Test MAPE: 0.1301, Test RMSE: 8.6773
Evaluate best model on test data for horizon 12, Test MAE: 4.4297, Test MAPE: 0.1352, Test RMSE: 8.9093
On average over 12 horizons, Test MAE: 3.6050, Test MAPE: 0.1025, Test RMSE: 7.1633
Total time spent: 3932.7637
